reading lattice from... ./Lattices/sqKgridX4000.npy
reading lattice from... ./Lattices/sqKgridY4000.npy
starting sampling in reciprocal space....
 finished sampling in reciprocal space.... 0.05610036849975586
started calculating filling for chemical potential and dispersion parameters TB_single_band..
reading lattice from... ./Lattices/KgridX400.npy
reading lattice from... ./Lattices/KgridY400.npy
reading lattice from... ./Lattices/KgridX400.npy
reading lattice from... ./Lattices/KgridY400.npy
finished calculating filling for chemical potential
Filling: 0.5021914101708863 .... chemical potential: 29.41164495334965
The fermi energy in mev is: 3064.1164088176356, and in units of J: 296.3362097502549, the bandwidth is:494.39071566731144
reading lattice from... ./Lattices/KgridX4000.npy
reading lattice from... ./Lattices/KgridY4000.npy
reading lattice from... ./Lattices/sqKgridX4000.npy
reading lattice from... ./Lattices/sqKgridY4000.npy
energy at the point.. 2.616965833149795 -0.012168622338113444  is  4.813565695371835e-06
the angle is  -0.0046498637787463866
618 the fermi surface points 14 numtheads
starting with calculation of Sigma
46.492178440093994  seconds  2.616965833149795 -0.012168622338113444 0.0
50.149195194244385  seconds  2.616965833149795 -0.012168622338113444 1.4285714285714286
51.60971736907959  seconds  2.616965833149795 -0.012168622338113444 2.857142857142857
48.92351746559143  seconds  2.616965833149795 -0.012168622338113444 4.285714285714286
54.79633140563965  seconds  2.616965833149795 -0.012168622338113444 0.10204081632653061
53.989935636520386  seconds  2.616965833149795 -0.012168622338113444 1.5306122448979593
54.53571152687073  seconds  2.616965833149795 -0.012168622338113444 4.387755102040816
57.13017988204956  seconds  2.616965833149795 -0.012168622338113444 2.9591836734693877
48.234870195388794  seconds  2.616965833149795 -0.012168622338113444 0.20408163265306123
58.63777732849121  seconds  2.616965833149795 -0.012168622338113444 1.6326530612244898
53.63609051704407  seconds  2.616965833149795 -0.012168622338113444 4.4897959183673475
57.58503341674805  seconds  2.616965833149795 -0.012168622338113444 3.0612244897959187
56.064491271972656  seconds  2.616965833149795 -0.012168622338113444 0.30612244897959184
48.18278241157532  seconds  2.616965833149795 -0.012168622338113444 1.7346938775510203
51.57821321487427  seconds  2.616965833149795 -0.012168622338113444 4.591836734693878
52.863359451293945  seconds  2.616965833149795 -0.012168622338113444 3.163265306122449
41.67562437057495  seconds  2.616965833149795 -0.012168622338113444 0.40816326530612246
54.10039949417114  seconds  2.616965833149795 -0.012168622338113444 1.836734693877551
51.54115557670593  seconds  2.616965833149795 -0.012168622338113444 4.6938775510204085
49.28364109992981  seconds  2.616965833149795 -0.012168622338113444 3.2653061224489797
54.86956834793091  seconds  2.616965833149795 -0.012168622338113444 0.5102040816326531
44.697574853897095  seconds  2.616965833149795 -0.012168622338113444 4.795918367346939
48.45961785316467  seconds  2.616965833149795 -0.012168622338113444 1.9387755102040818
55.391663551330566  seconds  2.616965833149795 -0.012168622338113444 3.36734693877551
49.07389044761658  seconds  2.616965833149795 -0.012168622338113444 0.6122448979591837
47.34872245788574  seconds  2.616965833149795 -0.012168622338113444 2.0408163265306123
50.20764923095703  seconds  2.616965833149795 -0.012168622338113444 4.8979591836734695
58.16020202636719  seconds  2.616965833149795 -0.012168622338113444 3.4693877551020407
49.558802366256714  seconds  2.616965833149795 -0.012168622338113444 0.7142857142857143
53.536888122558594  seconds  2.616965833149795 -0.012168622338113444 5.0
54.83079242706299  seconds  2.616965833149795 -0.012168622338113444 2.142857142857143
48.765533447265625  seconds  2.616965833149795 -0.012168622338113444 3.5714285714285716
40.02440118789673  seconds  2.616965833149795 -0.012168622338113444 0.8163265306122449
43.04748845100403  seconds  2.616965833149795 -0.012168622338113444 2.2448979591836737
36.01517581939697  seconds  2.616965833149795 -0.012168622338113444 0.9183673469387755
50.8638379573822  seconds  2.616965833149795 -0.012168622338113444 3.673469387755102
39.94185924530029  seconds  2.616965833149795 -0.012168622338113444 2.3469387755102042
36.12265682220459  seconds  2.616965833149795 -0.012168622338113444 1.0204081632653061
47.370258808135986  seconds  2.616965833149795 -0.012168622338113444 3.7755102040816326
48.14352226257324  seconds  2.616965833149795 -0.012168622338113444 2.4489795918367347
94.35055899620056  seconds  2.616965833149795 -0.012168622338113444 1.1224489795918369
109.56469655036926  seconds  2.616965833149795 -0.012168622338113444 3.8775510204081636
142.8721923828125  seconds  2.616965833149795 -0.012168622338113444 2.5510204081632653
60.64480543136597  seconds  2.616965833149795 -0.012168622338113444 3.979591836734694
119.3037371635437  seconds  2.616965833149795 -0.012168622338113444 1.2244897959183674
70.56855154037476  seconds  2.616965833149795 -0.012168622338113444 4.081632653061225
105.54632234573364  seconds  2.616965833149795 -0.012168622338113444 2.6530612244897958
77.8971836566925  seconds  2.616965833149795 -0.012168622338113444 1.3265306122448979
60.23002243041992  seconds  2.616965833149795 -0.012168622338113444 4.183673469387755
98.343594789505  seconds  2.616965833149795 -0.012168622338113444 2.7551020408163267
time for calc.... 902.5983920097351
 plotting data from the run ...
saving data from the run ...
energy at the point.. 2.61642751975197 0.2659713168187743  is  6.169288720769828e-06
the angle is  0.10130638257107663
618 the fermi surface points 14 numtheads
starting with calculation of Sigma
41.29531955718994  seconds  2.61642751975197 0.2659713168187743 0.0
41.41356658935547  seconds  2.61642751975197 0.2659713168187743 1.4285714285714286
64.67520809173584  seconds  2.61642751975197 0.2659713168187743 2.857142857142857
67.79132556915283  seconds  2.61642751975197 0.2659713168187743 4.285714285714286
45.504053831100464  seconds  2.61642751975197 0.2659713168187743 0.10204081632653061
45.950989961624146  seconds  2.61642751975197 0.2659713168187743 1.5306122448979593
42.616934299468994  seconds  2.61642751975197 0.2659713168187743 0.20408163265306123
41.963380098342896  seconds  2.61642751975197 0.2659713168187743 1.6326530612244898
66.17301869392395  seconds  2.61642751975197 0.2659713168187743 2.9591836734693877
68.82656502723694  seconds  2.61642751975197 0.2659713168187743 4.387755102040816
41.273845911026  seconds  2.61642751975197 0.2659713168187743 0.30612244897959184
41.88697862625122  seconds  2.61642751975197 0.2659713168187743 1.7346938775510203
44.51917886734009  seconds  2.61642751975197 0.2659713168187743 0.40816326530612246
44.71377158164978  seconds  2.61642751975197 0.2659713168187743 1.836734693877551
86.39021968841553  seconds  2.61642751975197 0.2659713168187743 3.0612244897959187
92.38374543190002  seconds  2.61642751975197 0.2659713168187743 4.4897959183673475
51.67470836639404  seconds  2.61642751975197 0.2659713168187743 0.5102040816326531
52.8926682472229  seconds  2.61642751975197 0.2659713168187743 1.9387755102040818
75.61117219924927  seconds  2.61642751975197 0.2659713168187743 3.163265306122449
46.70529055595398  seconds  2.61642751975197 0.2659713168187743 0.6122448979591837
75.0289785861969  seconds  2.61642751975197 0.2659713168187743 4.591836734693878
46.2666871547699  seconds  2.61642751975197 0.2659713168187743 2.0408163265306123
44.016098976135254  seconds  2.61642751975197 0.2659713168187743 0.7142857142857143
56.89971375465393  seconds  2.61642751975197 0.2659713168187743 3.2653061224489797
44.71613693237305  seconds  2.61642751975197 0.2659713168187743 2.142857142857143
60.79842972755432  seconds  2.61642751975197 0.2659713168187743 4.6938775510204085
44.992631673812866  seconds  2.61642751975197 0.2659713168187743 0.8163265306122449
45.684823513031006  seconds  2.61642751975197 0.2659713168187743 2.2448979591836737
60.40558886528015  seconds  2.61642751975197 0.2659713168187743 3.36734693877551
57.8046178817749  seconds  2.61642751975197 0.2659713168187743 4.795918367346939
46.03409481048584  seconds  2.61642751975197 0.2659713168187743 0.9183673469387755
45.18871235847473  seconds  2.61642751975197 0.2659713168187743 2.3469387755102042
63.52434492111206  seconds  2.61642751975197 0.2659713168187743 3.4693877551020407
43.91725420951843  seconds  2.61642751975197 0.2659713168187743 1.0204081632653061
43.83449459075928  seconds  2.61642751975197 0.2659713168187743 2.4489795918367347
70.47920489311218  seconds  2.61642751975197 0.2659713168187743 4.8979591836734695
47.23010754585266  seconds  2.61642751975197 0.2659713168187743 1.1224489795918369
46.577590227127075  seconds  2.61642751975197 0.2659713168187743 2.5510204081632653
82.7845995426178  seconds  2.61642751975197 0.2659713168187743 3.5714285714285716
74.79414820671082  seconds  2.61642751975197 0.2659713168187743 5.0
43.037508726119995  seconds  2.61642751975197 0.2659713168187743 1.2244897959183674
42.54079484939575  seconds  2.61642751975197 0.2659713168187743 2.6530612244897958
57.43392014503479  seconds  2.61642751975197 0.2659713168187743 3.673469387755102
41.66624450683594  seconds  2.61642751975197 0.2659713168187743 1.3265306122448979
41.40755748748779  seconds  2.61642751975197 0.2659713168187743 2.7551020408163267
60.089728355407715  seconds  2.61642751975197 0.2659713168187743 3.7755102040816326
65.998126745224  seconds  2.61642751975197 0.2659713168187743 3.8775510204081636
60.30780863761902  seconds  2.61642751975197 0.2659713168187743 3.979591836734694
58.802247047424316  seconds  2.61642751975197 0.2659713168187743 4.081632653061225
78.33627772331238  seconds  2.61642751975197 0.2659713168187743 4.183673469387755
time for calc.... 977.1098155975342
 plotting data from the run ...
saving data from the run ...
energy at the point.. 2.612699153466239 0.5406345067362022  is  7.400112771449585e-06
the angle is  0.20404589651971108
618 the fermi surface points 14 numtheads
starting with calculation of Sigma
62.383145570755005  seconds  2.612699153466239 0.5406345067362022 0.0
62.4043173789978  seconds  2.612699153466239 0.5406345067362022 1.4285714285714286
61.23332738876343  seconds  2.612699153466239 0.5406345067362022 2.857142857142857
63.91251730918884  seconds  2.612699153466239 0.5406345067362022 4.285714285714286
67.0268669128418  seconds  2.612699153466239 0.5406345067362022 0.10204081632653061
67.55365037918091  seconds  2.612699153466239 0.5406345067362022 1.5306122448979593
69.84707999229431  seconds  2.612699153466239 0.5406345067362022 2.9591836734693877
67.85672926902771  seconds  2.612699153466239 0.5406345067362022 4.387755102040816
81.24015307426453  seconds  2.612699153466239 0.5406345067362022 0.20408163265306123
81.73668670654297  seconds  2.612699153466239 0.5406345067362022 1.6326530612244898
82.11596727371216  seconds  2.612699153466239 0.5406345067362022 3.0612244897959187
87.18529319763184  seconds  2.612699153466239 0.5406345067362022 4.4897959183673475
76.03655004501343  seconds  2.612699153466239 0.5406345067362022 0.30612244897959184
76.39561033248901  seconds  2.612699153466239 0.5406345067362022 1.7346938775510203
72.64609360694885  seconds  2.612699153466239 0.5406345067362022 3.163265306122449
69.29041719436646  seconds  2.612699153466239 0.5406345067362022 4.591836734693878
67.79996800422668  seconds  2.612699153466239 0.5406345067362022 0.40816326530612246
64.64957284927368  seconds  2.612699153466239 0.5406345067362022 3.2653061224489797
67.82240676879883  seconds  2.612699153466239 0.5406345067362022 1.836734693877551
66.26140022277832  seconds  2.612699153466239 0.5406345067362022 4.6938775510204085
40.34800386428833  seconds  2.612699153466239 0.5406345067362022 1.9387755102040818
51.1947968006134  seconds  2.612699153466239 0.5406345067362022 0.5102040816326531
38.25897455215454  seconds  2.612699153466239 0.5406345067362022 4.795918367346939
50.506110429763794  seconds  2.612699153466239 0.5406345067362022 3.36734693877551
41.39362692832947  seconds  2.612699153466239 0.5406345067362022 2.0408163265306123
46.71037435531616  seconds  2.612699153466239 0.5406345067362022 4.8979591836734695
49.53796577453613  seconds  2.612699153466239 0.5406345067362022 0.6122448979591837
52.8416211605072  seconds  2.612699153466239 0.5406345067362022 3.4693877551020407
42.3454794883728  seconds  2.612699153466239 0.5406345067362022 2.142857142857143
42.19069743156433  seconds  2.612699153466239 0.5406345067362022 0.7142857142857143
50.256529569625854  seconds  2.612699153466239 0.5406345067362022 5.0
46.50725197792053  seconds  2.612699153466239 0.5406345067362022 3.5714285714285716
36.94727897644043  seconds  2.612699153466239 0.5406345067362022 2.2448979591836737
36.9212167263031  seconds  2.612699153466239 0.5406345067362022 0.8163265306122449
35.569029092788696  seconds  2.612699153466239 0.5406345067362022 2.3469387755102042
47.876060247421265  seconds  2.612699153466239 0.5406345067362022 3.673469387755102
40.69757270812988  seconds  2.612699153466239 0.5406345067362022 0.9183673469387755
32.95953607559204  seconds  2.612699153466239 0.5406345067362022 2.4489795918367347
32.80533003807068  seconds  2.612699153466239 0.5406345067362022 3.7755102040816326
45.397284269332886  seconds  2.612699153466239 0.5406345067362022 1.0204081632653061
42.44086456298828  seconds  2.612699153466239 0.5406345067362022 3.8775510204081636
44.2856764793396  seconds  2.612699153466239 0.5406345067362022 2.5510204081632653
47.41441869735718  seconds  2.612699153466239 0.5406345067362022 1.1224489795918369
41.13522481918335  seconds  2.612699153466239 0.5406345067362022 2.6530612244897958
43.96381688117981  seconds  2.612699153466239 0.5406345067362022 3.979591836734694
45.251544713974  seconds  2.612699153466239 0.5406345067362022 1.2244897959183674
43.4798846244812  seconds  2.612699153466239 0.5406345067362022 4.081632653061225
46.55463433265686  seconds  2.612699153466239 0.5406345067362022 2.7551020408163267
46.7494797706604  seconds  2.612699153466239 0.5406345067362022 1.3265306122448979
41.7504403591156  seconds  2.612699153466239 0.5406345067362022 4.183673469387755
time for calc.... 784.3841826915741
 plotting data from the run ...
saving data from the run ...
energy at the point.. 2.5966539165555025 0.8378965667101266  is  1.0400959698841916e-05
the angle is  0.3121349978541341
618 the fermi surface points 14 numtheads
starting with calculation of Sigma
39.95058226585388  seconds  2.5966539165555025 0.8378965667101266 0.0
42.38629674911499  seconds  2.5966539165555025 0.8378965667101266 1.4285714285714286
45.84768509864807  seconds  2.5966539165555025 0.8378965667101266 2.857142857142857
47.046213150024414  seconds  2.5966539165555025 0.8378965667101266 4.285714285714286
39.686758041381836  seconds  2.5966539165555025 0.8378965667101266 0.10204081632653061
40.94402718544006  seconds  2.5966539165555025 0.8378965667101266 1.5306122448979593
48.711012840270996  seconds  2.5966539165555025 0.8378965667101266 2.9591836734693877
47.420334339141846  seconds  2.5966539165555025 0.8378965667101266 4.387755102040816
39.70024561882019  seconds  2.5966539165555025 0.8378965667101266 0.20408163265306123
43.19461226463318  seconds  2.5966539165555025 0.8378965667101266 1.6326530612244898
45.08769202232361  seconds  2.5966539165555025 0.8378965667101266 4.4897959183673475
52.562514543533325  seconds  2.5966539165555025 0.8378965667101266 3.0612244897959187
39.760987758636475  seconds  2.5966539165555025 0.8378965667101266 0.30612244897959184
47.77116084098816  seconds  2.5966539165555025 0.8378965667101266 1.7346938775510203
34.752225399017334  seconds  2.5966539165555025 0.8378965667101266 0.40816326530612246
44.21838617324829  seconds  2.5966539165555025 0.8378965667101266 3.163265306122449
52.88658571243286  seconds  2.5966539165555025 0.8378965667101266 4.591836734693878
44.36581826210022  seconds  2.5966539165555025 0.8378965667101266 1.836734693877551
27.867249965667725  seconds  2.5966539165555025 0.8378965667101266 0.5102040816326531
46.23791193962097  seconds  2.5966539165555025 0.8378965667101266 3.2653061224489797
46.990936517715454  seconds  2.5966539165555025 0.8378965667101266 4.6938775510204085
29.421985149383545  seconds  2.5966539165555025 0.8378965667101266 0.6122448979591837
44.883748054504395  seconds  2.5966539165555025 0.8378965667101266 1.9387755102040818
29.35050368309021  seconds  2.5966539165555025 0.8378965667101266 0.7142857142857143
43.631070375442505  seconds  2.5966539165555025 0.8378965667101266 3.36734693877551
44.01589584350586  seconds  2.5966539165555025 0.8378965667101266 4.795918367346939
26.693666458129883  seconds  2.5966539165555025 0.8378965667101266 0.8163265306122449
46.792930603027344  seconds  2.5966539165555025 0.8378965667101266 2.0408163265306123
43.050856590270996  seconds  2.5966539165555025 0.8378965667101266 3.4693877551020407
43.95782494544983  seconds  2.5966539165555025 0.8378965667101266 4.8979591836734695
37.17298698425293  seconds  2.5966539165555025 0.8378965667101266 0.9183673469387755
43.67692470550537  seconds  2.5966539165555025 0.8378965667101266 2.142857142857143
40.65224361419678  seconds  2.5966539165555025 0.8378965667101266 3.5714285714285716
44.09546971321106  seconds  2.5966539165555025 0.8378965667101266 5.0
38.1746826171875  seconds  2.5966539165555025 0.8378965667101266 1.0204081632653061
43.005202293395996  seconds  2.5966539165555025 0.8378965667101266 2.2448979591836737
38.569748878479004  seconds  2.5966539165555025 0.8378965667101266 3.673469387755102
38.21778059005737  seconds  2.5966539165555025 0.8378965667101266 1.1224489795918369
37.965431928634644  seconds  2.5966539165555025 0.8378965667101266 2.3469387755102042
46.75151586532593  seconds  2.5966539165555025 0.8378965667101266 3.7755102040816326
38.180914640426636  seconds  2.5966539165555025 0.8378965667101266 1.2244897959183674
35.59216117858887  seconds  2.5966539165555025 0.8378965667101266 2.4489795918367347
38.16889929771423  seconds  2.5966539165555025 0.8378965667101266 1.3265306122448979
47.2088189125061  seconds  2.5966539165555025 0.8378965667101266 3.8775510204081636
41.22341203689575  seconds  2.5966539165555025 0.8378965667101266 2.5510204081632653
42.99589920043945  seconds  2.5966539165555025 0.8378965667101266 3.979591836734694
40.63860368728638  seconds  2.5966539165555025 0.8378965667101266 2.6530612244897958
43.23111414909363  seconds  2.5966539165555025 0.8378965667101266 4.081632653061225
40.71733999252319  seconds  2.5966539165555025 0.8378965667101266 2.7551020408163267
42.58978247642517  seconds  2.5966539165555025 0.8378965667101266 4.183673469387755
time for calc.... 646.142030954361
 plotting data from the run ...
saving data from the run ...
energy at the point.. 2.5477213028327195 1.1368970013037814  is  9.295332997538708e-06
the angle is  0.4197233160056505
618 the fermi surface points 14 numtheads
starting with calculation of Sigma
44.92974400520325  seconds  2.5477213028327195 1.1368970013037814 0.0
48.52746915817261  seconds  2.5477213028327195 1.1368970013037814 1.4285714285714286
45.487611532211304  seconds  2.5477213028327195 1.1368970013037814 2.857142857142857
49.905712366104126  seconds  2.5477213028327195 1.1368970013037814 4.285714285714286
42.68596386909485  seconds  2.5477213028327195 1.1368970013037814 0.10204081632653061
46.4228401184082  seconds  2.5477213028327195 1.1368970013037814 1.5306122448979593
49.4644775390625  seconds  2.5477213028327195 1.1368970013037814 2.9591836734693877
47.19774794578552  seconds  2.5477213028327195 1.1368970013037814 4.387755102040816
44.527066707611084  seconds  2.5477213028327195 1.1368970013037814 0.20408163265306123
39.397310733795166  seconds  2.5477213028327195 1.1368970013037814 1.6326530612244898
43.56180453300476  seconds  2.5477213028327195 1.1368970013037814 4.4897959183673475
49.26099920272827  seconds  2.5477213028327195 1.1368970013037814 3.0612244897959187
40.06831741333008  seconds  2.5477213028327195 1.1368970013037814 0.30612244897959184
47.921359062194824  seconds  2.5477213028327195 1.1368970013037814 1.7346938775510203
48.24223017692566  seconds  2.5477213028327195 1.1368970013037814 3.163265306122449
50.85270166397095  seconds  2.5477213028327195 1.1368970013037814 4.591836734693878
41.37179255485535  seconds  2.5477213028327195 1.1368970013037814 0.40816326530612246
40.34631896018982  seconds  2.5477213028327195 1.1368970013037814 1.836734693877551
42.20449137687683  seconds  2.5477213028327195 1.1368970013037814 3.2653061224489797
44.85963749885559  seconds  2.5477213028327195 1.1368970013037814 4.6938775510204085
44.71056270599365  seconds  2.5477213028327195 1.1368970013037814 0.5102040816326531
43.47706985473633  seconds  2.5477213028327195 1.1368970013037814 1.9387755102040818
38.34782314300537  seconds  2.5477213028327195 1.1368970013037814 3.36734693877551
42.926573038101196  seconds  2.5477213028327195 1.1368970013037814 4.795918367346939
39.93144989013672  seconds  2.5477213028327195 1.1368970013037814 0.6122448979591837
43.473400354385376  seconds  2.5477213028327195 1.1368970013037814 2.0408163265306123
44.86407470703125  seconds  2.5477213028327195 1.1368970013037814 3.4693877551020407
47.619489669799805  seconds  2.5477213028327195 1.1368970013037814 4.8979591836734695
43.253741979599  seconds  2.5477213028327195 1.1368970013037814 0.7142857142857143
40.0550172328949  seconds  2.5477213028327195 1.1368970013037814 2.142857142857143
47.07438778877258  seconds  2.5477213028327195 1.1368970013037814 3.5714285714285716
38.51278018951416  seconds  2.5477213028327195 1.1368970013037814 5.0
39.59889101982117  seconds  2.5477213028327195 1.1368970013037814 0.8163265306122449
46.60268306732178  seconds  2.5477213028327195 1.1368970013037814 2.2448979591836737
40.98478651046753  seconds  2.5477213028327195 1.1368970013037814 3.673469387755102
34.63613533973694  seconds  2.5477213028327195 1.1368970013037814 0.9183673469387755
34.550610303878784  seconds  2.5477213028327195 1.1368970013037814 2.3469387755102042
41.53136944770813  seconds  2.5477213028327195 1.1368970013037814 3.7755102040816326
41.54611039161682  seconds  2.5477213028327195 1.1368970013037814 1.0204081632653061
46.775447845458984  seconds  2.5477213028327195 1.1368970013037814 2.4489795918367347
42.16874957084656  seconds  2.5477213028327195 1.1368970013037814 1.1224489795918369
47.39372110366821  seconds  2.5477213028327195 1.1368970013037814 3.8775510204081636
43.154402017593384  seconds  2.5477213028327195 1.1368970013037814 2.5510204081632653
45.62676286697388  seconds  2.5477213028327195 1.1368970013037814 3.979591836734694
52.21583652496338  seconds  2.5477213028327195 1.1368970013037814 1.2244897959183674
51.277907848358154  seconds  2.5477213028327195 1.1368970013037814 2.6530612244897958
46.705432176589966  seconds  2.5477213028327195 1.1368970013037814 4.081632653061225
50.254637241363525  seconds  2.5477213028327195 1.1368970013037814 1.3265306122448979
46.208500146865845  seconds  2.5477213028327195 1.1368970013037814 2.7551020408163267
47.55153799057007  seconds  2.5477213028327195 1.1368970013037814 4.183673469387755
time for calc.... 647.3853092193604
 plotting data from the run ...
saving data from the run ...
energy at the point.. 2.4372546507317705 1.4115601912212083  is  1.07841213363713e-05
the angle is  0.5249549448529208
618 the fermi surface points 14 numtheads
starting with calculation of Sigma
30.286224365234375  seconds  2.4372546507317705 1.4115601912212083 2.857142857142857
46.47900414466858  seconds  2.4372546507317705 1.4115601912212083 0.0
46.82277274131775  seconds  2.4372546507317705 1.4115601912212083 1.4285714285714286
49.86733961105347  seconds  2.4372546507317705 1.4115601912212083 4.285714285714286
41.72569441795349  seconds  2.4372546507317705 1.4115601912212083 2.9591836734693877
46.51795196533203  seconds  2.4372546507317705 1.4115601912212083 0.10204081632653061
52.31894516944885  seconds  2.4372546507317705 1.4115601912212083 1.5306122448979593
52.04267644882202  seconds  2.4372546507317705 1.4115601912212083 4.387755102040816
35.59961295127869  seconds  2.4372546507317705 1.4115601912212083 3.0612244897959187
47.72324824333191  seconds  2.4372546507317705 1.4115601912212083 0.20408163265306123
26.53075909614563  seconds  2.4372546507317705 1.4115601912212083 3.163265306122449
51.28006935119629  seconds  2.4372546507317705 1.4115601912212083 1.6326530612244898
50.73666048049927  seconds  2.4372546507317705 1.4115601912212083 4.4897959183673475
29.593767881393433  seconds  2.4372546507317705 1.4115601912212083 3.2653061224489797
51.33033561706543  seconds  2.4372546507317705 1.4115601912212083 0.30612244897959184
52.32317519187927  seconds  2.4372546507317705 1.4115601912212083 1.7346938775510203
38.56049132347107  seconds  2.4372546507317705 1.4115601912212083 3.36734693877551
48.42452263832092  seconds  2.4372546507317705 1.4115601912212083 4.591836734693878
46.74337387084961  seconds  2.4372546507317705 1.4115601912212083 0.40816326530612246
40.57814431190491  seconds  2.4372546507317705 1.4115601912212083 3.4693877551020407
43.684279918670654  seconds  2.4372546507317705 1.4115601912212083 1.836734693877551
49.649720191955566  seconds  2.4372546507317705 1.4115601912212083 4.6938775510204085
40.60698676109314  seconds  2.4372546507317705 1.4115601912212083 0.5102040816326531
41.06474733352661  seconds  2.4372546507317705 1.4115601912212083 3.5714285714285716
44.46825361251831  seconds  2.4372546507317705 1.4115601912212083 1.9387755102040818
49.229578733444214  seconds  2.4372546507317705 1.4115601912212083 4.795918367346939
46.94942665100098  seconds  2.4372546507317705 1.4115601912212083 0.6122448979591837
41.247262716293335  seconds  2.4372546507317705 1.4115601912212083 3.673469387755102
43.04102182388306  seconds  2.4372546507317705 1.4115601912212083 2.0408163265306123
51.12111306190491  seconds  2.4372546507317705 1.4115601912212083 4.8979591836734695
40.27621603012085  seconds  2.4372546507317705 1.4115601912212083 3.7755102040816326
47.441808223724365  seconds  2.4372546507317705 1.4115601912212083 0.7142857142857143
42.05868434906006  seconds  2.4372546507317705 1.4115601912212083 2.142857142857143
38.9338161945343  seconds  2.4372546507317705 1.4115601912212083 5.0
38.585407972335815  seconds  2.4372546507317705 1.4115601912212083 3.8775510204081636
37.407925605773926  seconds  2.4372546507317705 1.4115601912212083 2.2448979591836737
46.18732762336731  seconds  2.4372546507317705 1.4115601912212083 0.8163265306122449
26.371869325637817  seconds  2.4372546507317705 1.4115601912212083 3.979591836734694
42.125794410705566  seconds  2.4372546507317705 1.4115601912212083 0.9183673469387755
45.15523624420166  seconds  2.4372546507317705 1.4115601912212083 2.3469387755102042
29.300390243530273  seconds  2.4372546507317705 1.4115601912212083 4.081632653061225
25.891886472702026  seconds  2.4372546507317705 1.4115601912212083 4.183673469387755
31.78189969062805  seconds  2.4372546507317705 1.4115601912212083 1.0204081632653061
43.3221218585968  seconds  2.4372546507317705 1.4115601912212083 2.4489795918367347
31.93142557144165  seconds  2.4372546507317705 1.4115601912212083 1.1224489795918369
35.0779824256897  seconds  2.4372546507317705 1.4115601912212083 2.5510204081632653
35.48078227043152  seconds  2.4372546507317705 1.4115601912212083 1.2244897959183674
30.896623611450195  seconds  2.4372546507317705 1.4115601912212083 2.6530612244897958
28.535503149032593  seconds  2.4372546507317705 1.4115601912212083 1.3265306122448979
27.202758312225342  seconds  2.4372546507317705 1.4115601912212083 2.7551020408163267
time for calc.... 604.4554560184479
 plotting data from the run ...
saving data from the run ...
10499.78user 4031.26system 1:16:18elapsed 317%CPU (0avgtext+0avgdata 10334104maxresident)k
8569224inputs+128072outputs (255065major+60107975minor)pagefaults 0swaps
