reading lattice from... ./Lattices/sqKgridX100.npy
reading lattice from... ./Lattices/sqKgridY100.npy
started calculating filling for chemical potential and dispersion parameters TB_single_band..
reading lattice from... ./Lattices/KgridX400.npy
reading lattice from... ./Lattices/KgridY400.npy
reading lattice from... ./Lattices/KgridX400.npy
reading lattice from... ./Lattices/KgridY400.npy
finished calculating filling for chemical potential
Filling: 0.5021914101708863 .... chemical potential: 29.41164495334965
dispersion params: 54.93230174081238 	 -10.444874274661508
The fermi energy in mev is: 3064.1164088176356, and in units of J: 296.3362097502549, the bandwidth is:494.39071566731144
reading lattice from... ./Lattices/KgridX2000.npy
reading lattice from... ./Lattices/KgridY2000.npy
reading lattice from... ./Lattices/sqKgridX2000.npy
reading lattice from... ./Lattices/sqKgridY2000.npy
412 the fermi surface points 9 numtheads
starting with calculation of Sigma
8.893584966659546  seconds  2.4732452258771103 1.343763581051717 0.001
9.013532161712646  seconds  2.4732452258771103 1.343763581051717 2.0579469998154107
9.843123197555542  seconds  2.4732452258771103 1.343763581051717 4.114893999630822
9.82595419883728  seconds  2.4732452258771103 1.343763581051717 6.171840999446234
9.919488906860352  seconds  2.4732452258771103 1.343763581051717 8.228787999261643
9.947940349578857  seconds  2.4732452258771103 1.343763581051717 10.285734999077054
9.869866371154785  seconds  2.4732452258771103 1.343763581051717 12.342681998892466
10.023853540420532  seconds  2.4732452258771103 1.343763581051717 14.399628998707877
9.982876062393188  seconds  2.4732452258771103 1.343763581051717 16.456575998523288
10.032120943069458  seconds  2.4732452258771103 1.343763581051717 18.5135229983387
9.228564739227295  seconds  2.4732452258771103 1.343763581051717 22.627416997969522
10.124696016311646  seconds  2.4732452258771103 1.343763581051717 20.57046999815411
8.922902584075928  seconds  2.4732452258771103 1.343763581051717 0.22954966664615678
9.093323469161987  seconds  2.4732452258771103 1.343763581051717 2.286496666461568
10.071792125701904  seconds  2.4732452258771103 1.343763581051717 4.343443666276979
10.069153308868408  seconds  2.4732452258771103 1.343763581051717 6.40039066609239
10.001302480697632  seconds  2.4732452258771103 1.343763581051717 8.4573376659078
9.896600723266602  seconds  2.4732452258771103 1.343763581051717 10.514284665723212
9.924326181411743  seconds  2.4732452258771103 1.343763581051717 12.571231665538622
10.164278507232666  seconds  2.4732452258771103 1.343763581051717 14.628178665354033
10.234812259674072  seconds  2.4732452258771103 1.343763581051717 16.685125665169448
9.956029653549194  seconds  2.4732452258771103 1.343763581051717 18.742072664984857
9.519052505493164  seconds  2.4732452258771103 1.343763581051717 20.79901966480027
8.96299433708191  seconds  2.4732452258771103 1.343763581051717 0.45809933329231356
8.918370962142944  seconds  2.4732452258771103 1.343763581051717 2.5150463331077244
9.879396200180054  seconds  2.4732452258771103 1.343763581051717 4.571993332923136
9.896580696105957  seconds  2.4732452258771103 1.343763581051717 6.628940332738547
9.849282264709473  seconds  2.4732452258771103 1.343763581051717 8.685887332553957
9.904547691345215  seconds  2.4732452258771103 1.343763581051717 10.742834332369368
9.754452466964722  seconds  2.4732452258771103 1.343763581051717 12.799781332184779
9.877020120620728  seconds  2.4732452258771103 1.343763581051717 14.85672833200019
9.909767627716064  seconds  2.4732452258771103 1.343763581051717 16.913675331815604
9.064501523971558  seconds  2.4732452258771103 1.343763581051717 21.027569331446426
9.844594717025757  seconds  2.4732452258771103 1.343763581051717 18.970622331631013
8.865223169326782  seconds  2.4732452258771103 1.343763581051717 0.6866489999384703
8.912395715713501  seconds  2.4732452258771103 1.343763581051717 2.743595999753881
9.663521528244019  seconds  2.4732452258771103 1.343763581051717 4.800542999569292
9.799852848052979  seconds  2.4732452258771103 1.343763581051717 6.857489999384704
9.850740909576416  seconds  2.4732452258771103 1.343763581051717 8.914436999200113
9.862740516662598  seconds  2.4732452258771103 1.343763581051717 10.971383999015524
9.792246103286743  seconds  2.4732452258771103 1.343763581051717 13.028330998830937
8.972047328948975  seconds  2.4732452258771103 1.343763581051717 21.25611899809258
9.872163772583008  seconds  2.4732452258771103 1.343763581051717 15.085277998646347
8.970347881317139  seconds  2.4732452258771103 1.343763581051717 0.9151986665846271
9.839638948440552  seconds  2.4732452258771103 1.343763581051717 17.14222499846176
10.002590894699097  seconds  2.4732452258771103 1.343763581051717 19.19917199827717
8.97310495376587  seconds  2.4732452258771103 1.343763581051717 2.972145666400038
9.898890018463135  seconds  2.4732452258771103 1.343763581051717 5.029092666215449
9.872254610061646  seconds  2.4732452258771103 1.343763581051717 7.08603966603086
9.863699913024902  seconds  2.4732452258771103 1.343763581051717 9.142986665846271
9.894609451293945  seconds  2.4732452258771103 1.343763581051717 11.199933665661682
9.801631212234497  seconds  2.4732452258771103 1.343763581051717 13.256880665477093
8.913698673248291  seconds  2.4732452258771103 1.343763581051717 21.484668664738738
9.420781373977661  seconds  2.4732452258771103 1.343763581051717 1.1437483332307838
9.828584909439087  seconds  2.4732452258771103 1.343763581051717 15.313827665292504
8.944121837615967  seconds  2.4732452258771103 1.343763581051717 3.2006953330461947
9.893050193786621  seconds  2.4732452258771103 1.343763581051717 17.370774665107916
9.913445949554443  seconds  2.4732452258771103 1.343763581051717 19.42772166492333
9.807880401611328  seconds  2.4732452258771103 1.343763581051717 5.257642332861606
9.827204704284668  seconds  2.4732452258771103 1.343763581051717 7.314589332677017
9.815584659576416  seconds  2.4732452258771103 1.343763581051717 9.371536332492427
8.90939974784851  seconds  2.4732452258771103 1.343763581051717 21.713218331384894
9.96192455291748  seconds  2.4732452258771103 1.343763581051717 11.428483332307838
9.797666072845459  seconds  2.4732452258771103 1.343763581051717 13.485430332123249
9.198843002319336  seconds  2.4732452258771103 1.343763581051717 1.3722979998769405
8.977300643920898  seconds  2.4732452258771103 1.343763581051717 3.4292449996923517
9.8442223072052  seconds  2.4732452258771103 1.343763581051717 15.54237733193866
9.882299184799194  seconds  2.4732452258771103 1.343763581051717 17.599324331754072
9.894873857498169  seconds  2.4732452258771103 1.343763581051717 19.656271331569485
9.844637870788574  seconds  2.4732452258771103 1.343763581051717 5.486191999507763
9.05035400390625  seconds  2.4732452258771103 1.343763581051717 21.94176799803105
9.889800310134888  seconds  2.4732452258771103 1.343763581051717 7.543138999323174
9.85611867904663  seconds  2.4732452258771103 1.343763581051717 9.600085999138583
9.136790752410889  seconds  2.4732452258771103 1.343763581051717 1.6008476665230973
8.97787094116211  seconds  2.4732452258771103 1.343763581051717 3.6577946663385084
9.790390253067017  seconds  2.4732452258771103 1.343763581051717 13.713979998769407
9.928407669067383  seconds  2.4732452258771103 1.343763581051717 11.657032998953996
9.795335054397583  seconds  2.4732452258771103 1.343763581051717 15.770926998584818
9.852831363677979  seconds  2.4732452258771103 1.343763581051717 17.82787399840023
9.921331882476807  seconds  2.4732452258771103 1.343763581051717 19.88482099821564
8.982429027557373  seconds  2.4732452258771103 1.343763581051717 22.17031766467721
9.784326791763306  seconds  2.4732452258771103 1.343763581051717 5.71474166615392
9.858083724975586  seconds  2.4732452258771103 1.343763581051717 7.7716886659693305
9.041382074356079  seconds  2.4732452258771103 1.343763581051717 3.886344332984665
9.87405800819397  seconds  2.4732452258771103 1.343763581051717 9.828635665784741
9.213818311691284  seconds  2.4732452258771103 1.343763581051717 1.8293973331692541
9.84180474281311  seconds  2.4732452258771103 1.343763581051717 13.942529665415563
9.957262992858887  seconds  2.4732452258771103 1.343763581051717 11.885582665600152
9.860933303833008  seconds  2.4732452258771103 1.343763581051717 15.999476665230974
9.858337879180908  seconds  2.4732452258771103 1.343763581051717 18.05642366504639
10.004349708557129  seconds  2.4732452258771103 1.343763581051717 20.113370664861797
8.878203630447388  seconds  2.4732452258771103 1.343763581051717 22.398867331323366
9.9253089427948  seconds  2.4732452258771103 1.343763581051717 5.943291332800077
9.8435218334198  seconds  2.4732452258771103 1.343763581051717 8.000238332615487
9.786059617996216  seconds  2.4732452258771103 1.343763581051717 10.057185332430898
9.751320838928223  seconds  2.4732452258771103 1.343763581051717 14.17107933206172
9.647892713546753  seconds  2.4732452258771103 1.343763581051717 12.114132332246308
9.576780319213867  seconds  2.4732452258771103 1.343763581051717 16.228026331877132
9.530623197555542  seconds  2.4732452258771103 1.343763581051717 18.284973331692544
9.405226945877075  seconds  2.4732452258771103 1.343763581051717 20.341920331507954
time for calc.... 95.66625046730042
Successfully created the directory dir_T_8.0_fit_SF_func_2021-11-09-21:14:59 
 plotting data from the run ...
saving data from the run ...
779.21user 203.31system 1:44.67elapsed 938%CPU (0avgtext+0avgdata 2981080maxresident)k
0inputs+552outputs (65major+10515541minor)pagefaults 0swaps
