reading lattice from... ./Lattices/sqKgridX100.npy
reading lattice from... ./Lattices/sqKgridY100.npy
started calculating filling for chemical potential and dispersion parameters TB_single_band..
reading lattice from... ./Lattices/KgridX400.npy
reading lattice from... ./Lattices/KgridY400.npy
reading lattice from... ./Lattices/KgridX400.npy
reading lattice from... ./Lattices/KgridY400.npy
finished calculating filling for chemical potential
Filling: 0.5021914101708863 .... chemical potential: 29.41164495334965
dispersion params: 54.93230174081238 	 -10.444874274661508
The fermi energy in mev is: 3064.1164088176356, and in units of J: 296.3362097502549, the bandwidth is:494.39071566731144
reading lattice from... ./Lattices/KgridX2000.npy
reading lattice from... ./Lattices/KgridY2000.npy
reading lattice from... ./Lattices/sqKgridX2000.npy
reading lattice from... ./Lattices/sqKgridY2000.npy
412 the fermi surface points 9 numtheads
starting with calculation of Sigma
9.753814697265625  seconds  2.4732452258771103 1.343763581051717 0.001
9.531954050064087  seconds  2.4732452258771103 1.343763581051717 0.18272727272727274
9.456087350845337  seconds  2.4732452258771103 1.343763581051717 0.5461818181818182
10.078960180282593  seconds  2.4732452258771103 1.343763581051717 0.3644545454545455
9.923910856246948  seconds  2.4732452258771103 1.343763581051717 0.727909090909091
9.829035758972168  seconds  2.4732452258771103 1.343763581051717 0.9096363636363636
9.28390908241272  seconds  2.4732452258771103 1.343763581051717 1.0913636363636363
9.182922840118408  seconds  2.4732452258771103 1.343763581051717 1.4548181818181818
10.029870748519897  seconds  2.4732452258771103 1.343763581051717 1.273090909090909
9.17160701751709  seconds  2.4732452258771103 1.343763581051717 1.6365454545454543
9.323063850402832  seconds  2.4732452258771103 1.343763581051717 1.818272727272727
10.014985799789429  seconds  2.4732452258771103 1.343763581051717 2.0
9.915887594223022  seconds  2.4732452258771103 1.343763581051717 0.021191919191919192
9.917515277862549  seconds  2.4732452258771103 1.343763581051717 0.20291919191919192
9.53104567527771  seconds  2.4732452258771103 1.343763581051717 0.5663737373737373
9.963561773300171  seconds  2.4732452258771103 1.343763581051717 0.3846464646464646
9.959153175354004  seconds  2.4732452258771103 1.343763581051717 0.74810101010101
9.412933111190796  seconds  2.4732452258771103 1.343763581051717 1.1115555555555554
9.8185715675354  seconds  2.4732452258771103 1.343763581051717 0.9298282828282828
9.224689722061157  seconds  2.4732452258771103 1.343763581051717 1.4750101010101009
9.100676774978638  seconds  2.4732452258771103 1.343763581051717 1.6567373737373736
9.72347903251648  seconds  2.4732452258771103 1.343763581051717 1.2932828282828281
9.611359119415283  seconds  2.4732452258771103 1.343763581051717 1.8384646464646464
9.808531522750854  seconds  2.4732452258771103 1.343763581051717 0.041383838383838384
9.83478045463562  seconds  2.4732452258771103 1.343763581051717 0.2231111111111111
9.322360277175903  seconds  2.4732452258771103 1.343763581051717 0.5865656565656565
9.858996868133545  seconds  2.4732452258771103 1.343763581051717 0.40483838383838383
9.258111238479614  seconds  2.4732452258771103 1.343763581051717 1.1317474747474745
9.764766931533813  seconds  2.4732452258771103 1.343763581051717 0.7682929292929292
9.673657894134521  seconds  2.4732452258771103 1.343763581051717 0.950020202020202
9.115928649902344  seconds  2.4732452258771103 1.343763581051717 1.49520202020202
9.108404636383057  seconds  2.4732452258771103 1.343763581051717 1.6769292929292927
9.740091323852539  seconds  2.4732452258771103 1.343763581051717 1.3134747474747472
9.030874252319336  seconds  2.4732452258771103 1.343763581051717 1.8586565656565655
9.966474771499634  seconds  2.4732452258771103 1.343763581051717 0.061575757575757575
9.407736778259277  seconds  2.4732452258771103 1.343763581051717 0.6067575757575757
9.905680894851685  seconds  2.4732452258771103 1.343763581051717 0.2433030303030303
9.382625818252563  seconds  2.4732452258771103 1.343763581051717 1.1519393939393938
10.056183576583862  seconds  2.4732452258771103 1.343763581051717 0.42503030303030304
9.144529819488525  seconds  2.4732452258771103 1.343763581051717 1.5153939393939393
9.776686191558838  seconds  2.4732452258771103 1.343763581051717 0.7884848484848485
9.78759217262268  seconds  2.4732452258771103 1.343763581051717 0.9702121212121212
9.250951290130615  seconds  2.4732452258771103 1.343763581051717 1.697121212121212
9.75674057006836  seconds  2.4732452258771103 1.343763581051717 1.3336666666666666
9.21249532699585  seconds  2.4732452258771103 1.343763581051717 1.8788484848484848
9.302802085876465  seconds  2.4732452258771103 1.343763581051717 0.6269494949494949
9.703139305114746  seconds  2.4732452258771103 1.343763581051717 0.08176767676767677
9.854695558547974  seconds  2.4732452258771103 1.343763581051717 0.2634949494949495
9.267072677612305  seconds  2.4732452258771103 1.343763581051717 1.172131313131313
9.073628902435303  seconds  2.4732452258771103 1.343763581051717 1.5355858585858584
9.454089164733887  seconds  2.4732452258771103 1.343763581051717 0.4452222222222222
9.43061089515686  seconds  2.4732452258771103 1.343763581051717 0.8086767676767677
9.042539834976196  seconds  2.4732452258771103 1.343763581051717 1.7173131313131311
9.393345832824707  seconds  2.4732452258771103 1.343763581051717 0.9904040404040404
9.229533672332764  seconds  2.4732452258771103 1.343763581051717 1.8990404040404039
9.55094051361084  seconds  2.4732452258771103 1.343763581051717 1.3538585858585857
9.389469861984253  seconds  2.4732452258771103 1.343763581051717 0.6471414141414141
9.884644746780396  seconds  2.4732452258771103 1.343763581051717 0.10195959595959596
9.889419317245483  seconds  2.4732452258771103 1.343763581051717 0.28368686868686865
9.64358115196228  seconds  2.4732452258771103 1.343763581051717 1.1923232323232322
9.38520097732544  seconds  2.4732452258771103 1.343763581051717 1.5557777777777777
9.738711833953857  seconds  2.4732452258771103 1.343763581051717 0.4654141414141414
9.231895208358765  seconds  2.4732452258771103 1.343763581051717 1.7375050505050504
9.769451379776001  seconds  2.4732452258771103 1.343763581051717 0.8288686868686869
9.751128673553467  seconds  2.4732452258771103 1.343763581051717 1.0105959595959595
9.17210078239441  seconds  2.4732452258771103 1.343763581051717 1.9192323232323232
9.755707502365112  seconds  2.4732452258771103 1.343763581051717 1.374050505050505
9.214728116989136  seconds  2.4732452258771103 1.343763581051717 0.6673333333333333
9.763343811035156  seconds  2.4732452258771103 1.343763581051717 0.12215151515151515
9.286072731018066  seconds  2.4732452258771103 1.343763581051717 1.2125151515151513
9.234429121017456  seconds  2.4732452258771103 1.343763581051717 1.5759696969696968
9.742048740386963  seconds  2.4732452258771103 1.343763581051717 0.30387878787878786
9.124351501464844  seconds  2.4732452258771103 1.343763581051717 1.7576969696969695
9.501853704452515  seconds  2.4732452258771103 1.343763581051717 0.4856060606060606
9.617725849151611  seconds  2.4732452258771103 1.343763581051717 0.8490606060606061
9.60916519165039  seconds  2.4732452258771103 1.343763581051717 1.0307878787878786
8.97684931755066  seconds  2.4732452258771103 1.343763581051717 1.9394242424242423
10.271590948104858  seconds  2.4732452258771103 1.343763581051717 1.394242424242424
9.24576449394226  seconds  2.4732452258771103 1.343763581051717 0.6875252525252525
9.401637554168701  seconds  2.4732452258771103 1.343763581051717 1.2327070707070706
9.387309551239014  seconds  2.4732452258771103 1.343763581051717 1.5961616161616161
9.777624368667603  seconds  2.4732452258771103 1.343763581051717 0.14234343434343433
9.348911046981812  seconds  2.4732452258771103 1.343763581051717 1.7778888888888886
9.698084354400635  seconds  2.4732452258771103 1.343763581051717 0.32407070707070706
9.863263368606567  seconds  2.4732452258771103 1.343763581051717 0.5057979797979798
9.18201470375061  seconds  2.4732452258771103 1.343763581051717 1.9596161616161614
9.644734382629395  seconds  2.4732452258771103 1.343763581051717 0.8692525252525253
9.559316635131836  seconds  2.4732452258771103 1.343763581051717 1.050979797979798
10.229136943817139  seconds  2.4732452258771103 1.343763581051717 1.4144343434343434
9.213320970535278  seconds  2.4732452258771103 1.343763581051717 0.7077171717171717
9.359391927719116  seconds  2.4732452258771103 1.343763581051717 1.2528989898989897
9.346294164657593  seconds  2.4732452258771103 1.343763581051717 1.6163535353535352
9.165007591247559  seconds  2.4732452258771103 1.343763581051717 1.798080808080808
9.736262083053589  seconds  2.4732452258771103 1.343763581051717 0.16253535353535353
9.584319353103638  seconds  2.4732452258771103 1.343763581051717 0.34426262626262627
9.022790670394897  seconds  2.4732452258771103 1.343763581051717 1.9798080808080807
9.707968473434448  seconds  2.4732452258771103 1.343763581051717 0.525989898989899
9.548357963562012  seconds  2.4732452258771103 1.343763581051717 0.8894444444444444
9.643865585327148  seconds  2.4732452258771103 1.343763581051717 1.071171717171717
9.267441987991333  seconds  2.4732452258771103 1.343763581051717 1.4346262626262625
time for calc.... 93.38367938995361
Successfully created the directory dir_T_1.0_fit_SF_func_2021-11-09-21:49:56 
 plotting data from the run ...
saving data from the run ...
751.47user 219.80system 1:41.84elapsed 953%CPU (0avgtext+0avgdata 2981248maxresident)k
0inputs+624outputs (65major+9423420minor)pagefaults 0swaps
