Machine arg is, CH1
Machine arg is, CH1
started calculating filling for chemical potential and dispersion parameters TB_single_band..
Machine arg is, CH1
reading lattice from... ./Lattices/KgridX400.npy
reading lattice from... ./Lattices/KgridY400.npy
Machine arg is, CH1
reading lattice from... ./Lattices/KgridX400.npy
reading lattice from... ./Lattices/KgridY400.npy
norm of Dos, 42.951937478998964 45.58575006211245
sum of the hist, normed? 42.951937478998964
finished calculating filling for chemical potential
Filling: 0.06082955629399185 .... chemical potential: -232.8575952498763
Machine arg is, CH1
reading lattice from... ./Lattices/KgridX400.npy
reading lattice from... ./Lattices/KgridY400.npy
sum of the hist, normed? 1.0000000000000024
starting high res contour.....
attempting countour of size 10280
number of sheets..... 1
contour size before interpolation..... 12941
finished high res contour..... 27.102575063705444
range of angles from marching squares -3.141283298674963 3.1412832986749635
The fermi energy in mev is: 352.2524651162793, and in units of J: 34.06696954702895, the bandwidth is:494.39071566731144
starting contour.....
finished contour..... 4.539308071136475
Machine arg is, CH1
ED starting sampling in reciprocal space....
starting high res contour.....
attempting countour of size 10280
number of sheets..... 1
contour size before interpolation..... 12941
finished high res contour..... 31.5186288356781
range of angles from marching squares -3.141283298674963 3.1412832986749635
comparing volume elements 

0.024543692606170175
0.0002631855283040071 0.0002634425454215364
shapes, are they adequate? (2049, 257) 2049 257
finished sampling in reciprocal space....t= 31.578388690948486  s


differentials, dr= 0.0002634425454215364   dth= 0.024543692606170175


PLOTTING
for error, maximum difference 18.078113043942885
number of active points (2, 177233)
for error, maximum difference 18.078113043942885
number of active points (2, 335578)
300 the points 30 chunk numtheads
starting with calculation of Sigma
0.5224874019622803  seconds  -0.9434379777055013 -0.0002918571845511586 0.001 0.11210733385664544
0.597386360168457  seconds  -0.763034566653997 -0.5571198664682401 0.001 0.1141694830738936
0.6535005569458008  seconds  -0.28776003971113134 -0.8990385143398248 0.001 0.11306053637319394
0.648068904876709  seconds  0.2974520131000658 -0.8958304212518913 0.001 0.11285370549278649
0.7669408321380615  seconds  0.7690379387739263 -0.5488511729312181 0.001 0.11409946394225741
0.5778279304504395  seconds  0.9433873700043253 0.009911558637657879 0.001 0.1121304212313784
0.5716283321380615  seconds  -0.943229599072879 -0.020113913542233828 0.001 0.1122472274982068
0.5726494789123535  seconds  0.2785910683493352 0.9019679061699022 0.001 0.11325903937738253
0.6420214176177979  seconds  0.7572913670381535 0.5648540554476547 0.001 0.1139657087617353
0.5724539756774902  seconds  -0.3065571454627817 0.8927110681750604 0.001 0.11289544104581076
0.5743637084960938  seconds  -0.7746137952785223 0.5409948236214573 0.001 0.1138593513347092
0.6298398971557617  seconds  -0.7511121711090414 -0.5729914137060568 0.001 0.11323434766053081
0.5899770259857178  seconds  0.31617945178918216 -0.8893025364908824 0.001 0.11319572521864776
0.6387488842010498  seconds  -0.2688333796638485 -0.9049735418670574 0.001 0.11350589752665335
0.6125278472900391  seconds  0.7804381270825962 -0.5325984252152091 0.001 0.11372057827459012
0.5850856304168701  seconds  0.9429826155453143 0.02973067014940978 0.001 0.11238438516057833
0.607330322265625  seconds  -0.9426164244403896 -0.03992783515668648 0.001 0.1125807554052921
0.6048381328582764  seconds  0.2596042885888063 0.9077109468543193 0.001 0.11372434986050567
0.6570794582366943  seconds  0.7452047690129343 0.5806001223047629 0.001 0.11287815078615109
0.6154561042785645  seconds  -0.3252170643830525 0.8859951790201623 0.001 0.11352626247360094
0.5732483863830566  seconds  -0.7388530928226684 -0.5886026609940719 0.001 0.11295120177853164
0.6300151348114014  seconds  -0.7858437440468616 0.5246234569731213 0.001 0.11366817142007693
0.5973117351531982  seconds  0.33476586053482454 -0.8823883646606353 0.001 0.1138057948057791
0.5963976383209229  seconds  -0.24978485250459576 -0.9105119444452157 0.001 0.11366353771680376
0.630307674407959  seconds  0.7914859064319877 -0.5161030896499184 0.001 0.11368359853274998
0.5669324398040771  seconds  -0.9415983914953722 -0.05972558867053886 0.001 0.11305174920459675
0.5900249481201172  seconds  0.24049949296902529 0.9130555622983731 0.001 0.11360050903403378
0.7086479663848877  seconds  0.9421729406442385 0.049537748998549035 0.001 0.11278506753017348
0.6397833824157715  seconds  0.7327846787573504 0.5960826611130332 0.001 0.11346898681277806
0.6052577495574951  seconds  -0.34373237274216883 0.8788950738036656 0.001 0.11356425595120993
0.5981743335723877  seconds  -0.7967184261105604 0.5080131037784328 0.001 0.11370640640981386
0.6483120918273926  seconds  -0.7262639712020257 -0.6039470390556586 0.001 0.11352924470151976
0.6345705986022949  seconds  0.3532038390285872 -0.8750920380301109 0.001 0.11330200230265194
0.6557168960571289  seconds  -0.23062241870752603 -0.9156499851172678 0.001 0.11352845995202354
0.5935027599334717  seconds  -0.9401754647722674 -0.07949911081108643 0.001 0.11381898910382407
0.6202223300933838  seconds  0.8021755725373771 -0.4993727267073923 0.001 0.11361876178288971
0.6664869785308838  seconds  0.22128466923812945 0.9179978966142573 0.001 0.11341822577613887
0.6564373970031738  seconds  0.9409584372639208 0.06932475328559548 0.001 0.11336661475024595
0.5399672985076904  seconds  -0.7133516666651273 -0.6190182858677526 0.001 0.11295350348598132
0.604090690612793  seconds  0.7200378695986063 0.6112952705052387 0.001 0.11333478597747976
0.6044092178344727  seconds  -0.3620957248716448 0.8714148763783881 0.001 0.1130424437521029
0.6018502712249756  seconds  -0.8072322617700772 0.4911714352382729 0.001 0.11339078352924782
0.5704019069671631  seconds  -0.21135412169686554 -0.9203837632778017 0.001 0.11322850551797985
0.595433235168457  seconds  0.3714861666152486 -0.8674178552271534 0.001 0.11294762641379272
0.5206513404846191  seconds  0.8125015390148571 -0.48241502670535896 0.001 0.11309963334682456
0.5297915935516357  seconds  -0.9383475568744639 -0.09924028920984884 0.001 0.11389307373799924
0.562718391418457  seconds  -0.7001231498186498 -0.6338103734786289 0.001 0.1127687799363771
0.5852231979370117  seconds  -0.38029992949680946 0.8635588308972044 0.001 0.1129484110058583
0.6049313545227051  seconds  0.706971200625717 0.6262317526835913 0.001 0.11277169596203498
0.6888294219970703  seconds  0.9393390091789432 0.08908359749825386 0.001 0.11407748233845011
0.6069729328155518  seconds  -0.8173798970219958 0.4741063077185167 0.001 0.11293642047229116
0.7260010242462158  seconds  0.20196797214087941 0.9225342244357682 0.001 0.11293300306704465
0.4987449645996094  seconds  -0.19198821890791312 -0.9247096898322313 0.001 0.1127481000978484
0.586909294128418  seconds  0.3896056452131323 -0.8593699202166402 0.001 0.11300805394352781
0.5834228992462158  seconds  0.822458715809165 -0.46523802535530295 0.001 0.11293600873976874
0.6000096797943115  seconds  -0.9361145544053814 -0.11894094632179598 0.001 0.11287574381439602
0.6012721061706543  seconds  -0.6865855548434948 -0.6483175731697672 0.001 0.11308135855365568
0.585756778717041  seconds  0.6935918032730092 0.6408862949677883 0.001 0.11287791303029604
0.6256921291351318  seconds  -0.3983378061764395 0.8553309862827254 0.001 0.11295743338830627
0.5996744632720947  seconds  -0.8271564023001374 0.4568258580965253 0.001 0.11307477620717578
0.6427056789398193  seconds  -0.17253313360242775 -0.9286243450350304 0.001 0.11271418296091926
0.6699783802032471  seconds  0.9373145278423576 0.10880613713484993 0.001 0.11293568161606896
0.6637651920318604  seconds  0.18255772920689034 0.9266609915132186 0.001 0.11266647515595488
0.6516411304473877  seconds  0.40755516809175335 -0.8509523538057302 0.001 0.11289000918412292
0.5145900249481201  seconds  0.832042406646974 -0.44784999558049443 0.001 0.11332254736713386
0.5251381397247314  seconds  -0.9334764687419778 -0.13859284456165744 0.001 0.11479267035409266
0.5256130695343018  seconds  -0.6727461145372828 -0.6625344150039069 0.001 0.11313461985814509
0.5570583343505859  seconds  0.6799068458634332 0.6552532819713546 0.001 0.113084155452556
0.511101484298706  seconds  -0.836557154624082 0.43933840129344814 0.001 0.11360346861839263
0.6018772125244141  seconds  -0.4162023367191302 0.8467355755499423 0.001 0.11280110461655987
0.5281662940979004  seconds  -0.15299743978304897 -0.9321244260256427 0.001 0.11293892589657435
0.5294070243835449  seconds  0.425327757736415 -0.8421693873003078 0.001 0.1126870147233437
0.5225832462310791  seconds  0.8412480391577007 -0.4302592757705624 0.001 0.11378303882840865
0.5335597991943359  seconds  -0.9304331912313213 -0.15818764388037548 0.001 0.11552807399618725
0.8064303398132324  seconds  0.16306243636619783 0.9303748188695063 0.001 0.11282240483940553
0.81980299949646  seconds  0.9348849503334082 0.12848416714958208 0.001 0.11362519294324712
0.46418142318725586  seconds  -0.65861208971951 -0.6764556258719246 0.001 0.11333590380935965
0.505535364151001  seconds  0.6659235266675658 0.6693272914883485 0.001 0.1132254116337845
0.4885735511779785  seconds  -0.8455779309466978 0.4216524550621963 0.001 0.11379353215539532
0.5001158714294434  seconds  -0.4338865313023794 0.8377767342841912 0.001 0.11255945576771068
0.51766037940979  seconds  -0.1333899161468455 -0.9352070954944544 0.001 0.11302215367178661
0.5411512851715088  seconds  0.850071690364326 -0.412474527140315 0.001 0.11371493663003837
0.562391996383667  seconds  0.4429164030976784 -0.8330250539479884 0.001 0.11240617043527382
0.5265820026397705  seconds  -0.9269848960196722 -0.17771694828774193 0.001 0.11321882114629055
0.5486512184143066  seconds  -0.6441908555274317 -0.6900762302820977 0.001 0.11330686067899319
0.607933759689331  seconds  0.9320502363955807 0.14810940266740674 0.001 0.11495304390089413
0.6915178298950195  seconds  0.1434907850867251 0.9336727126719239 0.001 0.11302115032096574
0.5891540050506592  seconds  -0.8542147973333548 0.4037766550882539 0.001 0.11364908482129658
0.566190242767334  seconds  -0.4513834257737448 0.8284585409852391 0.001 0.11227586105871566
0.6499118804931641  seconds  0.6516492195413977 0.6831032506517372 0.001 0.11341552125594964
0.5919854640960693  seconds  -0.11371945177955366 -0.937869530649282 0.001 0.11303819913358724
0.5740892887115479  seconds  0.8585095544655115 -0.3945044260956823 0.001 0.11360481024704412
0.5608699321746826  seconds  -0.9231316045567173 -0.19717223102915485 0.001 0.11446891586052926
0.6235716342926025  seconds  0.46031419426557146 -0.8235234954082444 0.001 0.11216614603225467
0.615870475769043  seconds  -0.6294897260740926 -0.7033913705796655 0.001 0.11267327481364574
0.7415561676025391  seconds  0.9288104020718316 0.16767347519630577 0.001 0.1146578355389225
0.6159567832946777  seconds  -0.4686860735194023 0.8187850374906653 0.001 0.11211477088450542
0.6078388690948486  seconds  0.6370912489218106 0.6965762204158971 0.001 0.11297420056294523
0.5877232551574707  seconds  -0.09399511880152553 -0.940109473166645 0.001 0.11331159001567154
0.6896593570709229  seconds  -0.8624642864535328 0.38571981767393093 0.001 0.11350422507618578
0.7660262584686279  seconds  0.12385159357388802 0.9365517607314615 0.001 0.11301173538910901
0.5703761577606201  seconds  0.8665584335163593 -0.3763578819768108 0.001 0.11340160674340806
0.6169106960296631  seconds  -0.9188734984738345 -0.21654487168535533 0.001 0.11458328940664522
0.6909701824188232  seconds  0.4775141511816993 -0.8136686689860411 0.001 0.11211986138485108
0.5355839729309082  seconds  -0.614516074761989 -0.7163964338377633 0.001 0.1124436517465683
0.48931407928466797  seconds  -0.4857875719124747 0.8087603040325939 0.001 0.11218684184265501
0.47678041458129883  seconds  0.6222569206156164 0.7097414183532472 0.001 0.11248819634549857
0.5172202587127686  seconds  0.9251655233469809 0.1871679223059414 0.001 0.11262281823632893
0.4854271411895752  seconds  -0.07422609213454269 -0.9419248106422902 0.001 0.11372398622702264
0.5409646034240723  seconds  -0.8703232405222989 0.3674908361307701 0.001 0.11340263951379978
0.502281904220581  seconds  0.8742152906454614 -0.3580438013572139 0.001 0.11362108981110759
0.595625638961792  seconds  0.10415384964682256 0.9390094542570327 0.001 0.11313355083464577
0.5634534358978271  seconds  -0.9142110583130484 -0.23582619246425043 0.001 0.11405406174753609
0.518296480178833  seconds  -0.5992772274714274 -0.7290869368843532 0.001 0.11263463558020875
0.6046433448791504  seconds  0.49450940035393015 -0.8034646981171966 0.001 0.11230739024588743
0.5259544849395752  seconds  0.607153666419155 0.7225943880558825 0.001 0.11248887669485438
0.4952540397644043  seconds  -0.05442166964030132 -0.9433138931479278 0.001 0.11375579521247135
0.5400738716125488  seconds  -0.5026809161182558 0.7983882409589942 0.001 0.11245512729549206
0.5129961967468262  seconds  -0.877788898476401 0.349098698046325 0.001 0.11414527084292878
0.5836467742919922  seconds  0.9211157425693983 0.20658418028057948 0.001 0.11485024565310831
0.5486366748809814  seconds  0.8814775393529232 -0.3395711994464338 0.001 0.11513983993764483
0.6058056354522705  seconds  0.08440667060486189 0.9410435537717776 0.001 0.11353065082410871
0.6602935791015625  seconds  -0.9091448037181624 -0.25500740118957294 0.001 0.11530551638848184
0.577134370803833  seconds  -0.5837804954202146 -0.7414585510133813 0.001 0.11300205863649394
0.6311910152435303  seconds  0.5112929140539022 -0.7929154542628966 0.001 0.112613577507124
0.598052978515625  seconds  -0.5193592020742498 0.7876729409830006 0.001 0.11274970528734435
0.6208868026733398  seconds  0.591788786548119 0.7351307037330524 0.001 0.11285750108484995
0.633596658706665  seconds  -0.8848588783635647 0.3305524514996351 0.001 0.11672957983355114
0.7700660228729248  seconds  -0.034591237219559444 -0.944275460597457 0.001 0.11351190434514434
0.6305084228515625  seconds  0.8883429946565832 -0.3209491506675366 0.001 0.12044842303609876
0.7701570987701416  seconds  0.916661423353419 0.22591361071360389 0.001 0.1140713214486538
0.722111701965332  seconds  0.06461930001435752 0.9426522236821661 0.001 0.11380767542098379
0.6609101295471191  seconds  -0.903675358853461 -0.2740795970153682 0.001 0.12082860935113303
0.6563665866851807  seconds  -0.5680331400471955 -0.7535070543028209 0.001 0.11306587668343425
0.6948590278625488  seconds  0.5278577437641478 -0.7820249824995018 0.001 0.11285546202390673
0.6479732990264893  seconds  -0.5358153735845239 0.7766183046470742 0.001 0.11292312339882772
0.6682589054107666  seconds  0.576169523231007 0.747346034278035 0.001 0.11310457621239224
0.6727054119110107  seconds  -0.8915310841311554 0.3118611507057102 0.001 0.12363254421259644
0.6565384864807129  seconds  0.8948097342630926 -0.3021867155307541 0.001 0.12142948672808088
0.7617087364196777  seconds  -0.014744243454191192 -0.9448085576720004 0.001 0.11314719917266317
0.6986215114593506  seconds  0.9118028915230341 0.24514743936897732 0.001 0.11441727713154073
0.6313362121582031  seconds  0.044801078639162516 0.9438339744141735 0.001 0.11364858362973944
0.6052155494689941  seconds  -0.552042376996427 -0.7652283218970642 0.001 0.11298724744138507
0.6428840160369873  seconds  -0.8978036896573023 -0.293033837569438 0.001 0.11360747110315057
0.6225850582122803  seconds  0.5441968689556721 -0.7707972762490257 0.001 0.11295562904325399
0.621096134185791  seconds  -0.5520423769964281 0.7652283218970641 0.001 0.11298724744138657
0.605443000793457  seconds  0.560303149288846 0.7592362477554623 0.001 0.1130257562358552
0.621476411819458  seconds  -0.8978036896573024 0.2930338375694372 0.001 0.1136074711031556
0.5665180683135986  seconds  0.900876157469538 -0.283292950470448 0.001 0.13061230013258415
0.5821788311004639  seconds  0.005109815716469673 -0.9449126490731634 0.001 0.11300983806834142
0.6478991508483887  seconds  0.9065408684995758 0.26427685767939435 0.001 0.1173117456698993
0.5169165134429932  seconds  -0.5358153735845239 -0.7766183046470746 0.001 0.11292312339881935
0.516204833984375  seconds  -0.8915310841311549 -0.3118611507057103 0.001 0.12363254421259277
0.6319904327392578  seconds  0.024961425635287967 0.9445876972870113 0.001 0.11334868721386385
0.5695662498474121  seconds  0.5603031492888466 -0.7592362477554617 0.001 0.1130257562358647
0.5830764770507812  seconds  -0.5680331400471956 0.7535070543028205 0.001 0.1130658766834324
0.5728206634521484  seconds  0.544196868955671 0.7707972762490257 0.001 0.11295562904324695
0.5486164093017578  seconds  0.9065408684995759 -0.26427685767939396 0.001 0.11731174566989878
0.6610782146453857  seconds  -0.9036753588534606 0.2740795970153674 0.001 0.12082860935113618
0.6196277141571045  seconds  0.024961425635288383 -0.944587697287011 0.001 0.1133486872138631
0.5475277900695801  seconds  -0.5193592020742493 -0.7876729409830012 0.001 0.11274970528733377
0.5642070770263672  seconds  -0.8848588783635646 -0.33055245149963625 0.001 0.1167295798335497
0.6923346519470215  seconds  0.9008761574695373 0.2832929504704483 0.001 0.13061230013258515
0.6603801250457764  seconds  0.005109815716469044 0.944912649073164 0.001 0.11300983806834158
0.5899770259857178  seconds  0.5761695232310085 -0.7473460342780348 0.001 0.11310457621240678
0.46198558807373047  seconds  0.9118028915230342 -0.2451474393689765 0.001 0.1144172771315413
0.6296617984771729  seconds  -0.5837804954202153 0.7414585510133809 0.001 0.1130020586364953
0.6906721591949463  seconds  0.5278577437641476 0.7820249824995023 0.001 0.11285546202390177
0.5882349014282227  seconds  -0.9091448037181625 0.25500740118957205 0.001 0.1153055163884819
0.5694165229797363  seconds  -0.5026809161182552 -0.7983882409589942 0.001 0.11245512729548357
0.5960440635681152  seconds  -0.8777888984764008 -0.3490986980463255 0.001 0.11414527084292814
0.6756231784820557  seconds  0.044801078639163355 -0.9438339744141732 0.001 0.11364858362973798
0.6193361282348633  seconds  0.8948097342630923 0.30218671553075444 0.001 0.12142948672808265
0.5556423664093018  seconds  0.9166614233534189 -0.22591361071360302 0.001 0.11407132144867102
0.5828027725219727  seconds  0.5917887865481195 -0.7351307037330518 0.001 0.11285750108486366
0.6978397369384766  seconds  -0.014744243454192242 0.9448085576720004 0.001 0.11314719917266265
0.59627366065979  seconds  -0.5992772274714284 0.7290869368843521 0.001 0.11263463558021371
0.6705489158630371  seconds  0.5112929140539014 0.792915454262897 0.001 0.11261357750712207
0.6114921569824219  seconds  -0.9142110583130486 0.23582619246424996 0.001 0.11405406174753059
0.5962979793548584  seconds  -0.4857875719124746 -0.8087603040325948 0.001 0.11218684184265142
0.6395368576049805  seconds  -0.8703232405222985 -0.36749083613077094 0.001 0.11340263951379899
0.5951287746429443  seconds  0.9211157425693988 -0.2065841802805787 0.001 0.11485024565335536
0.598895788192749  seconds  -0.034591237219560075 0.9442754605974574 0.001 0.11351190434514254
0.5674457550048828  seconds  -0.6145160747619892 0.7163964338377631 0.001 0.11244365174657418
0.8579607009887695  seconds  0.06461930001435795 -0.9426522236821663 0.001 0.11380767542098146
0.715583086013794  seconds  0.6071536664191552 -0.722594388055882 0.001 0.1124888766948587
0.908097505569458  seconds  0.8883429946565828 0.320949150667537 0.001 0.12044842303610115
0.6433398723602295  seconds  0.4945094003539297 0.8034646981171967 0.001 0.11230739024588748
0.6491644382476807  seconds  -0.918873498473835 0.2165448716853547 0.001 0.11458328940657664
0.5832865238189697  seconds  -0.8624642864535326 -0.38571981767393126 0.001 0.11350422507618463
0.7933876514434814  seconds  -0.4686860735194017 -0.8187850374906651 0.001 0.11211477088450643
0.5634012222290039  seconds  -0.6294897260740938 0.7033913705796653 0.001 0.11267327481365039
0.6389024257659912  seconds  0.9251655233469809 -0.18716792230594054 0.001 0.11262281823634547
0.6038568019866943  seconds  -0.054421669640302366 0.9433138931479276 0.001 0.11375579521246694
0.5773181915283203  seconds  0.622256920615617 -0.7097414183532466 0.001 0.11248819634549989
0.6201913356781006  seconds  0.08440667060486272 -0.9410435537717776 0.001 0.1135306508241056
0.5012598037719727  seconds  0.4775141511816986 0.8136686689860414 0.001 0.11211986138485057
0.5975461006164551  seconds  0.8814775393529233 0.3395711994464343 0.001 0.11513983993764718
0.6078457832336426  seconds  -0.9231316045567172 0.19717223102915338 0.001 0.11446891586007515
0.5153522491455078  seconds  -0.8542147973333545 -0.40377665508825467 0.001 0.11364908482129582
0.5803651809692383  seconds  -0.451383425773744 -0.8284585409852394 0.001 0.11227586105871705
0.4978024959564209  seconds  0.9288104020718315 -0.1676734751963049 0.001 0.11465783553924686
0.5448269844055176  seconds  -0.07422609213454331 0.9419248106422905 0.001 0.11372398622701627
0.5869619846343994  seconds  -0.6441908555274315 0.6900762302820971 0.001 0.11330686067899721
0.534740686416626  seconds  0.10415384964682298 -0.9390094542570323 0.001 0.11313355083464209
0.5648553371429443  seconds  0.6370912489218109 -0.6965762204158962 0.001 0.11297420056295683
0.49898791313171387  seconds  0.46031419426557113 0.8235234954082445 0.001 0.11216614603225167
0.5747346878051758  seconds  0.8742152906454618 0.35804380135721453 0.001 0.1136210898111091
0.49681878089904785  seconds  -0.8455779309466971 -0.42165245506219673 0.001 0.11379353215539513
0.5115242004394531  seconds  -0.926984896019672 0.1777169482877411 0.001 0.11321882114612833
0.5462985038757324  seconds  -0.43388653130237914 -0.8377767342841913 0.001 0.11255945576770851
0.5616090297698975  seconds  0.9320502363955807 -0.1481094026674059 0.001 0.11495304390093858
0.5243077278137207  seconds  -0.6586120897195107 0.6764556258719235 0.001 0.11333590380936627
0.5556204319000244  seconds  -0.09399511880152657 0.9401094731666445 0.001 0.11331159001567005
0.5086376667022705  seconds  0.6516492195413982 -0.6831032506517364 0.001 0.11341552125597142
0.5035789012908936  seconds  0.4429164030976775 0.8330250539479886 0.001 0.11240617043526921
0.5627703666687012  seconds  0.12385159357388893 -0.9365517607314615 0.001 0.113011735389104
0.5131092071533203  seconds  -0.836557154624081 -0.439338401293449 0.001 0.11360346861839267
0.5130448341369629  seconds  -0.9304331912313214 0.1581876438803742 0.001 0.11552807399601331
0.6149096488952637  seconds  0.8665584335163588 0.3763578819768115 0.001 0.11340160674340875
0.5395572185516357  seconds  -0.4162023367191288 -0.8467355755499427 0.001 0.1128011046165563
0.5516736507415771  seconds  -0.6727461145372831 0.6625344150039063 0.001 0.11313461985815564
0.6210184097290039  seconds  0.9348849503334085 -0.12848416714958127 0.001 0.11362519294325019
0.5342175960540771  seconds  0.4253277577364147 0.8421693873003083 0.001 0.11268701472334045
0.5529487133026123  seconds  0.6659235266675665 -0.6693272914883479 0.001 0.11322541163378423
0.5581991672515869  seconds  0.14349078508672555 -0.9336727126719234 0.001 0.1130211503209583
0.6355857849121094  seconds  -0.11371945177955428 0.9378695306492821 0.001 0.11303819913359137
0.5727312564849854  seconds  -0.9334764687419778 0.138592844561657 0.001 0.11479267035408512
0.5868268013000488  seconds  -0.8271564023001373 -0.45682585809652576 0.001 0.11307477620717574
0.5767731666564941  seconds  0.858509554465511 0.39450442609568304 0.001 0.11360481024704497
0.5767571926116943  seconds  -0.3983378061764391 -0.8553309862827251 0.001 0.11295743338831135
0.5884921550750732  seconds  -0.6865855548434957 0.6483175731697667 0.001 0.11308135855365983
0.5804815292358398  seconds  0.4075551680917526 0.8509523538057304 0.001 0.11289000918412238
0.5688149929046631  seconds  0.6799068458634342 -0.6552532819713544 0.001 0.11308415545256298
0.5905663967132568  seconds  0.9373145278423575 -0.10880613713484906 0.001 0.11293568161606796
0.6362106800079346  seconds  -0.1333899161468463 0.9352070954944541 0.001 0.11302215367179438
0.6777393817901611  seconds  0.16306243636619866 -0.9303748188695059 0.001 0.11282240483939797
0.5779151916503906  seconds  -0.9361145544053812 0.11894094632179512 0.001 0.11287574381439773
0.5988998413085938  seconds  0.8500716903643258 0.41247452714031596 0.001 0.11371493663004041
0.6684331893920898  seconds  -0.8173798970219949 -0.47410630771851786 0.001 0.11293642047229116
0.5170011520385742  seconds  -0.38029992949680813 -0.8635588308972043 0.001 0.11294841100586996
0.4899601936340332  seconds  0.6935918032730097 -0.6408862949677876 0.001 0.11287791303030824
0.5052924156188965  seconds  0.9393390091789433 -0.08908359749825302 0.001 0.11407748233844847
0.5573816299438477  seconds  -0.70012314981865 0.6338103734786285 0.001 0.11276877993637713
0.5715939998626709  seconds  0.38960564521313173 0.8593699202166403 0.001 0.1130080539435295
0.5733163356781006  seconds  0.18255772920689076 -0.9266609915132185 0.001 0.11266647515594885
0.6116666793823242  seconds  -0.15299743978304958 0.932124426025643 0.001 0.11293892589657796
0.5684080123901367  seconds  -0.9383475568744637 0.09924028920984852 0.001 0.11389307373800268
0.6146695613861084  seconds  -0.807232261770077 -0.4911714352382733 0.001 0.11339078352924811
0.6452381610870361  seconds  0.8412480391577002 0.430259275770563 0.001 0.11378303882841305
0.5941872596740723  seconds  -0.36209572487164426 -0.8714148763783883 0.001 0.11304244375210193
0.5872137546539307  seconds  0.9409584372639209 -0.06932475328559463 0.001 0.11336661475024473
0.6125895977020264  seconds  0.7069712006257172 -0.6262317526835905 0.001 0.11277169596203823
0.5776083469390869  seconds  -0.7133516666651284 0.6190182858677522 0.001 0.11295350348598641
0.6405813694000244  seconds  0.3714861666152478 0.867417855227154 0.001 0.11294762641379548
0.5554955005645752  seconds  -0.9401754647722675 0.07949911081108557 0.001 0.1138189891038279
0.6191327571868896  seconds  0.2019679721408805 -0.9225342244357679 0.001 0.1129330030670308
0.6475622653961182  seconds  -0.17253313360242858 0.9286243450350302 0.001 0.1127141829609174
0.5084185600280762  seconds  -0.3437323727421678 -0.8788950738036659 0.001 0.11356425595122015
0.6136264801025391  seconds  -0.7967184261105601 -0.508013103778433 0.001 0.1137064064098148
0.5947229862213135  seconds  0.8320424066469738 0.4478499955804954 0.001 0.11332254736714337
0.504934549331665  seconds  0.9421729406442386 -0.049537748998548195 0.001 0.11278506753017278
0.5156979560852051  seconds  -0.7262639712020265 0.6039470390556587 0.001 0.11352924470153021
0.5469074249267578  seconds  0.7200378695986062 -0.6112952705052381 0.001 0.11333478597747232
0.6246676445007324  seconds  0.3532038390285868 0.8750920380301112 0.001 0.11330200230265426
0.5564126968383789  seconds  -0.9415983914953722 0.05972558867053839 0.001 0.11305174920459617
0.5688109397888184  seconds  -0.19198821890791362 0.9247096898322317 0.001 0.11274810009785284
0.6446175575256348  seconds  0.22128466923812998 -0.917997896614257 0.001 0.11341822577610715
0.4993724822998047  seconds  -0.3252170643830521 -0.8859951790201629 0.001 0.11352626247360927
0.5853474140167236  seconds  -0.7858437440468619 -0.5246234569731221 0.001 0.11366817142007804
0.6194894313812256  seconds  0.8224587158091647 0.46523802535530384 0.001 0.11293600873978203
0.5303268432617188  seconds  0.7327846787573509 -0.596082661113033 0.001 0.11346898681277066
0.5652163028717041  seconds  -0.7388530928226695 0.5886026609940718 0.001 0.11295120177853772
0.6683142185211182  seconds  0.9429826155453144 -0.029730670149409364 0.001 0.11238438516057797
0.5306832790374756  seconds  0.33476586053482377 0.8823883646606354 0.001 0.11380579480578122
0.6025521755218506  seconds  -0.9426164244403897 0.03992783515668561 0.001 0.11258075540528582
0.5478887557983398  seconds  -0.21135412169686635 0.9203837632778015 0.001 0.11322850551800977
0.5263893604278564  seconds  -0.30655714546278046 -0.8927110681750603 0.001 0.11289544104580441
0.5491485595703125  seconds  0.24049949296902642 -0.9130555622983731 0.001 0.11360050903401903
0.5984547138214111  seconds  -0.7746137952785217 -0.5409948236214572 0.001 0.11385935133470958
0.5902321338653564  seconds  0.7452047690129349 -0.5806001223047629 0.001 0.11287815078614757
0.6021332740783691  seconds  -0.7511121711090417 0.5729914137060564 0.001 0.11323434766053306
0.6610569953918457  seconds  0.8125015390148563 0.48241502670535946 0.001 0.11309963334683144
0.5937938690185547  seconds  0.9433873700043253 -0.00991155863765746 0.001 0.11213042123137829
0.5465304851531982  seconds  0.31617945178918205 0.8893025364908824 0.001 0.11319572521865323
0.5430622100830078  seconds  -0.943229599072879 0.02011391354223338 0.001 0.11224722749820064
0.5906360149383545  seconds  -0.23062241870752664 0.9156499851172681 0.001 0.11352845995205578
0.5812323093414307  seconds  0.25960428858880685 -0.9077109468543192 0.001 0.11372434986049135
0.5257728099822998  seconds  0.757291367038154 -0.5648540554476547 0.001 0.11396570876172736
0.5455131530761719  seconds  -0.7630345666539975 0.5571198664682392 0.001 0.11416948307389424
0.5159957408905029  seconds  0.8021755725373765 0.49937272670739286 0.001 0.11361876178289065
0.49894261360168457  seconds  0.2974520131000652 0.8958304212518915 0.001 0.11285370549280666
0.5450549125671387  seconds  -0.9434379777055013 0.0002918571845507145 0.001 0.11210733385664533
0.5331766605377197  seconds  -0.24978485250459664 0.9105119444452157 0.001 0.11366353771680561
0.5392332077026367  seconds  0.2785910683493362 -0.9019679061699021 0.001 0.11325903937734691
0.5652706623077393  seconds  0.7914859064319875 0.5161030896499192 0.001 0.11368359853275249
0.5893149375915527  seconds  -0.2688333796638489 0.9049735418670573 0.001 0.11350589752666991
0.5794053077697754  seconds  0.7804381270825955 0.5325984252152096 0.001 0.11372057827460033
0.5701463222503662  seconds  -0.2877600397111321 0.8990385143398243 0.001 0.11306053637322122
0.6352264881134033  seconds  0.769037938773926 0.5488511729312189 0.001 0.11409946394227037
time for calc.... 20.689151525497437
212.36user 52.67system 1:53.01elapsed 234%CPU (0avgtext+0avgdata 9608172maxresident)k
0inputs+2760outputs (65major+5327580minor)pagefaults 0swaps
