reading lattice from... ./Lattices/sqKgridX100.npy
reading lattice from... ./Lattices/sqKgridY100.npy
started calculating filling for chemical potential and dispersion parameters TB_single_band..
reading lattice from... ./Lattices/KgridX400.npy
reading lattice from... ./Lattices/KgridY400.npy
reading lattice from... ./Lattices/KgridX400.npy
reading lattice from... ./Lattices/KgridY400.npy
finished calculating filling for chemical potential
Filling: 0.5021914101708863 .... chemical potential: 29.41164495334965
dispersion params: 54.93230174081238 	 -10.444874274661508
The fermi energy in mev is: 3064.1164088176356, and in units of J: 296.3362097502549, the bandwidth is:494.39071566731144
reading lattice from... ./Lattices/KgridX8000.npy
reading lattice from... ./Lattices/KgridY8000.npy
reading lattice from... ./Lattices/sqKgridX8000.npy
reading lattice from... ./Lattices/sqKgridY8000.npy
412 the fermi surface points 27 numtheads
starting with calculation of Sigma
110.93982410430908  seconds  -0.024945675793133226 -2.8161907488399467
113.20278835296631  seconds  -1.0533271232042545 -2.412863972186006
114.62415075302124  seconds  -1.9511082138200782 -1.8798825636768153
115.12234210968018  seconds  -2.5634418730682036 -1.0691003911342891
113.02091908454895  seconds  -2.616310719758362 0.28683181225554133
112.18757677078247  seconds  -2.3947848761408084 1.4780965160644426
113.42746043205261  seconds  -1.5911777488048675 2.1020684553475952
119.87169003486633  seconds  -0.6759307312509342 2.6179921773142114
121.34544277191162  seconds  0.45971316818774444 2.716481365529149
120.27162981033325  seconds  1.3918500431269798 2.218166014776185
121.78817844390869  seconds  2.249913173659042 1.6462407648848332
120.01406788825989  seconds  2.6112097416211437 0.5910473707083881
121.55981802940369  seconds  2.600227465420261 -0.7961755758365925
120.432541847229  seconds  -0.07483702737940057 -2.813627412233292
122.14160490036011  seconds  2.1328552803129073 -1.7483138952894508
121.28517866134644  seconds  -1.0869187309865276 -2.3937176448839756
121.35904240608215  seconds  1.253407763987053 -2.2981312472837896
120.44151592254639  seconds  -1.9829928682635394 -1.8583224684919597
121.0966899394989  seconds  0.29686186641160317 -2.7727075184702303
121.39721202850342  seconds  -2.571839841119024 -1.0256410256410255
121.38759088516235  seconds  -2.615935430759177 0.3389830508474576
122.63870644569397  seconds  -2.3724528967401755 1.5089091699261195
123.12269043922424  seconds  -1.5573229030856148 2.121928364918335
120.78912091255188  seconds  -0.6408032125689099 2.635375923511517
120.052237033844  seconds  0.4971316818774447 2.70108924838009
122.61703848838806  seconds  1.4254671881790524 2.198691566472952
122.07964658737183  seconds  2.276216442443122 1.6201651455888744
119.97412133216858  seconds  2.612699153466239 0.5406345067362022
120.81377744674683  seconds  2.5961321164710993 -0.8434719759331818
120.66373610496521  seconds  -0.12294654498044322 -2.808758970989933
121.8154730796814  seconds  2.103329881295255 -1.7714037375054321
121.24236392974854  seconds  -1.1207735767057803 -2.374360284522165
122.32530736923218  seconds  1.2202121853055925 -2.3172533681008254
120.63902306556702  seconds  -2.0134724033029117 -1.8372133207246202
121.62046432495117  seconds  0.2548022598870059 -2.7839244210051826
120.60260796546936  seconds  -2.57937151948085 -0.9804432855280313
120.90571689605713  seconds  -2.6154332206125934 0.38939591481964353
122.89692878723145  seconds  -2.3493347407020018 1.5384615384615383
122.91495108604431  seconds  -1.5235307117886803 2.1416775315080407
121.34642434120178  seconds  -0.6046963123773514 2.6527596697088223
120.95635485649109  seconds  0.534550195567145 2.68492187954485
121.8091471195221  seconds  1.4593220338983048 2.179048274280187
122.43651938438416  seconds  2.30212950890917 1.5929366806171321
120.87494707107544  seconds  2.6138970036439146 0.488483268144285
120.29419136047363  seconds  2.5911317659390893 -0.8917861799217728
119.37651896476746  seconds  -0.1692742285962625 -2.8019026548229897
121.80782222747803  seconds  2.0733989969031574 -1.7940026075619298
120.46230030059814  seconds  -1.1546284224250325 -2.3549535657109004
122.18940114974976  seconds  1.186701434159061 -2.3365316483324894
119.82207584381104  seconds  -2.0448975749946965 -1.8148631029986961
121.93833422660828  seconds  0.21203824424163376 -2.793750824795146
120.84692811965942  seconds  -2.58582331532629 -0.9352455454150368
120.3518328666687  seconds  -2.6147296261412762 0.4415471534115607
122.43504571914673  seconds  -2.3252933507170797 1.567080940518623
122.61952018737793  seconds  -1.490713442035887 2.1607996523250765
121.42401432991028  seconds  -0.5684050412863972 2.669682917952238
120.8409035205841  seconds  0.5711892046497222 2.6684050412863973
122.3222336769104  seconds  1.4931768796175575 2.1593658903371877
122.03250527381897  seconds  2.327075184702303 1.565025827653555
120.5918562412262  seconds  2.614783268324194 0.4380704041720991
119.57481741905212  seconds  2.5854411125597565 -0.9381294374250014
119.85337448120117  seconds  -0.213820078226858 -2.793374275998933
121.878897190094  seconds  2.0424857391641624 -1.8166014776184265
119.03556394577026  seconds  -1.1884832681442852 -2.335507348276031
122.97924971580505  seconds  1.1528465884398083 -2.355976031659366
120.27305746078491  seconds  -2.075736642154162 -1.7922642329421985
122.43882083892822  seconds  0.16716325830739512 -2.8022598870056497
120.32579255104065  seconds  -2.591521843547162 -0.888309430682312
121.51598834991455  seconds  -2.6138266862077795 0.4919600173837466
122.57592868804932  seconds  -2.300347674923946 1.594863150117784
122.85826349258423  seconds  -1.457540199913081 2.1800830381614746
121.83945846557617  seconds  -0.5325851218248622 2.685788787483703
121.09703969955444  seconds  0.6076053889613213 2.65137890041781
122.85213303565979  seconds  1.5265096940890843 2.1399391568883095
121.79782271385193  seconds  2.3507419698385865 1.536723163841808
120.06076955795288  seconds  2.615472996928975 0.3859191655801828
120.81221175193787  seconds  2.578832269697698 -0.9839200347674923
119.9200758934021  seconds  -0.2579454954835316 -2.783137766188614
119.78304862976074  seconds  -1.2223381138635374 -2.316029487193454
122.49810886383057  seconds  2.011690569317688 -1.838461932983836
120.07106924057007  seconds  -2.1055903679479546 -1.7696653628857018
123.13628268241882  seconds  1.1189917427205565 -2.375380452795897
122.11200261116028  seconds  0.11938287700999518 -2.809198886782588
120.4865403175354  seconds  -2.596329852950322 -0.8413733159495869
120.77399277687073  seconds  -2.612607628403482 0.5441112559756629
122.75897240638733  seconds  -2.2745083761183387 1.6219035202086056
123.00573205947876  seconds  -1.4236853541938288 2.19972449710465
121.18050050735474  seconds  -0.4953498478922209 2.7018403525036057
120.3181381225586  seconds  0.6432420686657974 2.6341838154562494
123.00605654716492  seconds  1.5592210460585754 2.1208170360712737
120.26045560836792  seconds  2.615964614315671 0.3355063016079969
122.54836940765381  seconds  2.373760156528154 1.507170795306389
120.28469228744507  seconds  2.571211534344072 -1.0291177748804867
120.6185998916626  seconds  -0.29934810951760094 -2.7719988381125398
119.54615664482117  seconds  -1.25619295958279 -2.296525866009189
121.2312171459198  seconds  1.9804497361613937 -1.8600608431116905
120.66962051391602  seconds  -2.134637114298131 -1.7468926790575336
122.4609043598175  seconds  1.0851368970013038 -2.3947349420939377
121.53290033340454  seconds  0.07127335940895296 -2.81389496652667
120.86441373825073  seconds  -2.600500309541728 -0.7926988265971313
121.06707811355591  seconds  -2.61109334122765 0.5945241199478488
122.87077140808105  seconds  -2.2481074875998694 1.6479791395045638
122.62781310081482  seconds  -1.3898305084745761 2.219335076703846
120.81679964065552  seconds  -0.45793133420252063 2.7171936353910504
120.22771835327148  seconds  0.6788787483702734 2.6165139521409415
122.99040341377258  seconds  1.5929595827900913 2.101020820113847
120.32888984680176  seconds  2.6163313827187125 0.2833550630160806
122.6925094127655  seconds  2.396324120405987 1.4758800521512387
120.17356991767883  seconds  2.5627166944160176 -1.0725771403737503
120.38326287269592  seconds  -0.3403302911777488 -2.7595943555974722
120.00660347938538  seconds  -1.2895793546667589 -2.277270751847023
121.2826931476593  seconds  1.9493263798348544 -1.8810732117644968
119.74941444396973  seconds  -2.1642854009200945 -1.722729248152977
123.31282949447632  seconds  1.051282051282051 -2.414027481054595
120.88506579399109  seconds  -2.6039540275690793 -0.7440243372446762
123.0798077583313  seconds  0.021382007822685623 -2.816276020663743
121.44607973098755  seconds  -2.609180775785209 0.6449369839200347
121.27056694030762  seconds  -2.2202369718020423 1.674054758800522
120.88244199752808  seconds  -1.3559756627553237 2.2389204663273605
121.53765916824341  seconds  -0.41873098652759655 2.732366920879353
120.08961272239685  seconds  0.7136358724360895 2.5988700564971756
120.18654274940491  seconds  1.626814428509343 2.0810645547125586
120.02783441543579  seconds  2.6165872908947345 0.23120382442416343
119.74152064323425  seconds  2.417118290389323 1.4445893089960888
120.27978301048279  seconds  2.5533458289163766 -1.1142981312472837
120.20125031471252  seconds  -0.3795306388526729 -2.746527393628802
119.3697681427002  seconds  -1.3227021334100946 -2.2581486310299868
118.16392254829407  seconds  1.917253368100825 -1.902267859102301
119.58986687660217  seconds  -2.192897530475549 -1.6983920034767492
118.10902142524719  seconds  1.0174272055627984 -2.4332439547411098
120.29787683486938  seconds  -2.606823120382442 -0.6947729757663237
117.2500331401825  seconds  -2.606823120382442 0.6947729757663237
118.23745679855347  seconds  -2.192897530475549 1.6983920034767497
118.36803078651428  seconds  -1.3227021334100928 2.2581486310299876
120.85769510269165  seconds  -0.3795306388526729 2.746527393628802
120.92754817008972  seconds  0.7483702737940021 2.580877559574979
117.77234864234924  seconds  1.6594656187073331 2.061712299000435
120.08040022850037  seconds  2.6167598160074443 0.17905258583224715
118.05160808563232  seconds  2.4372546507317705 1.4115601912212083
120.12412571907043  seconds  2.54263722566132 -1.1560191221208167
120.88899660110474  seconds  -0.41873098652759655 -2.7323669208793535
119.71272444725037  seconds  -1.3559756627553239 -2.238920466327361
117.05793118476868  seconds  1.8851803563667966 -1.9230573664892843
119.76108479499817  seconds  -2.220236971802043 -1.6740547588005215
118.24191570281982  seconds  0.9835723598435457 -2.4523680985102443
119.7922716140747  seconds  -2.609180775785209 -0.6449369839200347
116.92201638221741  seconds  -2.6039540275690793 0.7440243372446762
117.57145237922668  seconds  -2.164285400920094 1.7227292481529775
118.02362608909607  seconds  -1.2895793546667582 2.2772707518470234
121.18823480606079  seconds  -0.3403302911777488 2.7595943555974722
120.67395401000977  seconds  0.7834812293952 2.5623641894828335
118.96555995941162  seconds  1.692742285962625 2.0418611745219777
119.70375919342041  seconds  2.6168704595993737 0.12690134724033086
118.27854347229004  seconds  2.455644595838744 1.3785310734463279
120.2549421787262  seconds  2.5304309991910423 -1.1977401129943503
120.30833554267883  seconds  -0.45793133420252063 -2.7171936353910504
117.20002818107605  seconds  1.8530952515127799 -1.943502824858757
119.55994081497192  seconds  -1.3898305084745761 -2.2193350767038464
118.96927738189697  seconds  -2.24810748759987 -1.647979139504563
118.12544751167297  seconds  0.9497175141242941 -2.4713814396262257
117.19813203811646  seconds  -2.600500309541728 0.7926988265971318
120.47818660736084  seconds  -2.61109334122765 -0.5945241199478484
117.5088791847229  seconds  -2.134637114298131 1.7468926790575336
118.62970471382141  seconds  -1.25619295958279 2.296525866009189
120.98581600189209  seconds  -0.29934810951760094 2.7719988381125393
120.580082654953  seconds  0.8178617992177308 2.543957161072959
118.21684527397156  seconds  1.726229532676785 2.0217296827466322
118.17168378829956  seconds  2.4732452258771103 1.343763581051717
119.85486173629761  seconds  2.616935028047596 0.0747501086484137
120.45398688316345  seconds  2.517731421121251 -1.2361136371417576
120.29170560836792  seconds  -0.4953498478922209 -2.7018403525036057
116.81526684761047  seconds  1.8198545268172737 -1.9643633202955235
119.84188675880432  seconds  -1.4236853541938288 -2.1997244971046497
120.16315388679504  seconds  -2.27450837611834 -1.6219035202086047
118.16779446601868  seconds  0.9158626684050413 -2.490263234181863
117.11985850334167  seconds  -2.5963298529503214 0.8413733159495873
119.989816904068  seconds  -2.612607628403482 -0.5441112559756625
117.65295004844666  seconds  -2.1055903679479546 1.7696653628857018
117.90417146682739  seconds  -1.2223381138635374 2.316029487193454
121.00050973892212  seconds  -0.2579454954835316 2.783137766188614
120.64643430709839  seconds  0.8517166449369835 2.525594483382143
118.01124691963196  seconds  1.7586701434159062 2.002052068481795
118.60754036903381  seconds  2.4899321347965517 1.3072577140373758
119.05067253112793  seconds  2.616963834335947 0.02259887005649741
120.93784475326538  seconds  2.5034767492394607 -1.2744669659955628
119.91881227493286  seconds  -0.5325851218248622 -2.685788787483703
117.2972674369812  seconds  1.787179487179487 -1.984593499419352
119.86954689025879  seconds  -1.457540199913081 -2.1800830381614746
120.14335179328918  seconds  -2.300347674923946 -1.5948631501177841
118.58145928382874  seconds  0.8820078226857886 -2.5089903995994574
117.30605053901672  seconds  -2.591521843547162 0.8883094306823125
120.83942556381226  seconds  -2.61382668620778 -0.4919600173837462
118.80222797393799  seconds  -2.075736642154161 1.792264232942199
118.0935652256012  seconds  -1.1884832681442852 2.335507348276031
121.08768439292908  seconds  -0.213820078226858 2.793374275998933
121.45535278320312  seconds  0.886098890815671 2.5067362016514565
118.34841275215149  seconds  1.791801524450599 1.9817470664928296
118.15268325805664  seconds  2.505258583224685 1.2699063378473687
119.3061032295227  seconds  2.616961827690609 -0.029552368535419316
116.7168641090393  seconds  1.7549047259108759 -2.0043459365493264
120.973881483078  seconds  2.48765507544198 -1.3124728378965664
120.8148889541626  seconds  -0.5684050412863972 -2.669682917952238
119.94391584396362  seconds  -1.4907134420358887 -2.1607996523250756
117.9854187965393  seconds  0.8480442111636404 -2.5275966970882227
119.62042593955994  seconds  -2.3252933507170797 -1.5670809405186228
117.43398571014404  seconds  -2.58582331532629 0.9352455454150368
120.08265995979309  seconds  -2.6147296261412762 -0.4415471534115598
118.22405743598938  seconds  -2.044897574994696 1.8148631029986966
118.39393734931946  seconds  -1.1546284224250325 2.3549535657109004
120.69306135177612  seconds  -0.1692742285962625 2.8019026548229897
120.83982300758362  seconds  0.9206279468917262 2.48761408083442
118.66982126235962  seconds  1.8245980008691873 1.961404588872099
117.79163789749146  seconds  2.5195132551064754 1.230992424130982
118.84496331214905  seconds  2.616928655227779 -0.0817036071273356
116.81064009666443  seconds  1.721251629726206 -2.0247330467216536
121.11930346488953  seconds  2.4714037375054323 -1.3475661800830823
121.38805317878723  seconds  -0.6046963123773514 -2.6527596697088223
120.87535381317139  seconds  -1.5235307117886814 -2.14167753150804
117.55608701705933  seconds  0.8127334651237637 -2.5467188179052584
119.00983810424805  seconds  -2.3493347407020018 -1.5384615384615383
118.32974004745483  seconds  -2.57937151948085 0.9804432855280316
120.61687755584717  seconds  -2.6154332206125934 -0.38939591481964353
118.45249891281128  seconds  -2.0134724033029117 1.83721332072462
118.22126007080078  seconds  -1.1207735767057803 2.3743602845221647
120.87722826004028  seconds  -0.12294654498044322 2.808758970989933
120.75471496582031  seconds  0.9548763980892554 2.468491960017384
118.13800978660583  seconds  1.8566710126032155 1.9412400859784613
117.75230431556702  seconds  2.5320444860043696 1.1925249891351593
118.82337784767151  seconds  2.616858657570276 -0.13385484571925232
117.15789246559143  seconds  1.6886194778271921 -2.0443285528031288
120.62456440925598  seconds  2.4535853976531943 -1.3823837722251935
121.3921685218811  seconds  -0.6408032125689099 -2.635375923511517
121.06910943984985  seconds  -1.5573229030856148 -2.121928364918335
118.06170201301575  seconds  0.7786614515428072 -2.564923729029865
120.5333137512207  seconds  -2.3724528967401763 -1.508909169926119
118.04936599731445  seconds  -2.571839841119024 1.0256410256410255
120.02368092536926  seconds  -2.615935430759177 -0.3389830508474576
117.17295169830322  seconds  -1.982992868263539 1.85832246849196
118.58670115470886  seconds  -1.0869187309865274 2.393717644883975
121.5136513710022  seconds  -0.07483702737940057 2.813627412233292
118.88526916503906  seconds  1.8887440243372442 1.9207657634632207
121.66331434249878  seconds  0.9888920369402762 2.4493698392003482
118.38981413841248  seconds  2.544054354180627 1.150803998261626
119.53373956680298  seconds  2.6167407982942823 -0.18600608431116905
116.2857391834259  seconds  1.6553237722729248 -2.0641734695521965
120.5769624710083  seconds  2.4341943324687643 -1.4167753150803999
120.71212816238403  seconds  -0.6759307312509342 -2.6179921773142114
118.0137231349945  seconds  0.7438750256653808 -2.5832246849196
121.0108494758606  seconds  -1.5911777488048675 -2.1020684553475952
120.10525250434875  seconds  -2.3947848761408084 -1.4780965160644421
117.60434675216675  seconds  -2.5634418730682036 1.06910039113429
119.37176823616028  seconds  -2.616310719758362 -0.2868318122555409
117.53225564956665  seconds  -1.9511082138200782 1.8798825636768155
118.05344367027283  seconds  -1.0533271232042545 2.412863972186006
120.91983485221863  seconds  -0.024945675793133226 2.8161907488399467
118.20790648460388  seconds  1.9208170360712726 1.899934026116816
121.71557450294495  seconds  1.0227156584643262 2.4302477183833116
119.10821437835693  seconds  2.5545873173321407 1.1090830073880928
119.92300748825073  seconds  2.6165585249649808 -0.23815732290308533
116.89012885093689  seconds  1.6214689265536721 -2.084222449435807
120.88040018081665  seconds  2.4143850499782697 -1.448853074820513
120.8684754371643  seconds  -0.7109517601043023 -2.600246296615354
117.56001496315002  seconds  0.7091699261190785 -2.6011585383980167
120.13951182365417  seconds  -1.624262096350796 -2.0825727944372012
117.6865668296814  seconds  -2.5537620060638666 1.1125597566275536
120.1727397441864  seconds  -2.4160077473026047 -1.4463276836158192
120.04801797866821  seconds  -2.6165730957716424 -0.23468057366362416
118.29180431365967  seconds  -1.9190352020860493 1.9011015141962955
118.38432836532593  seconds  -1.0196476741251101 2.431986093003043
117.75529217720032  seconds  1.952890047805302 1.878690579666721
121.4121241569519  seconds  0.026727509778357472 2.8161432304042293
120.90435099601746  seconds  1.0563820215377087 2.4111255975662758
118.13051271438599  seconds  2.564059104737071 1.06610859066661
119.68079042434692  seconds  2.616289557307085 -0.29030856149500206
116.92296385765076  seconds  1.588855893627719 -2.103433289873968
119.75649118423462  seconds  2.393003042155584 -1.4806469099148343
118.11855411529541  seconds  0.6735332464146024 -2.619192767766919
120.95164108276367  seconds  -0.7465884398087788 -2.5818086446484307
120.76227760314941  seconds  -1.6571056062581486 -2.0631148742123973
118.2960901260376  seconds  -2.5431122373828217 1.1542807475010868
120.11892032623291  seconds  -2.4357670578009563 -1.4141039740059265
120.18628573417664  seconds  -2.6167504464000886 -0.18252933507170788
117.54499125480652  seconds  -1.8869621903520208 1.9219120537711043
118.53642129898071  seconds  -0.9858080958669262 2.4511082138200786
117.77022433280945  seconds  1.9849630595393304 1.8569733050797659
120.95184278488159  seconds  0.07840069534984817 2.813346877158299
118.07923817634583  seconds  2.572460792298455 1.0221642764015648
121.35818767547607  seconds  1.0899206057186426 2.39200347674924
117.40372514724731  seconds  1.555541069100391 -2.1229714393820576
119.73873710632324  seconds  2.6159055956215513 -0.34245980008691834
120.08727383613586  seconds  2.371139770453474 -1.5106475445458494
118.13008236885071  seconds  0.6378965667101255 -2.636794539679542
121.14521312713623  seconds  -0.7804432855280315 -2.5639781195844935
117.96750521659851  seconds  -2.53150960695626 1.1942633637548896
121.67607736587524  seconds  -1.6909604519774009 -2.0429277988187002
120.69941973686218  seconds  -2.4547183969394295 -1.3802694480660582
119.6905665397644  seconds  -2.616864661918793 -0.13037809647979115
116.78316259384155  seconds  -1.854889178617992 1.9423680495979365
117.71309089660645  seconds  -0.9517731692006293 2.4702303346371144
118.02145004272461  seconds  2.0155948632207186 1.8357235984354627
118.93148803710938  seconds  2.5799043206188847 0.9769665362885709
121.4030430316925  seconds  0.12651021295089038 2.8083063032844664
120.86496543884277  seconds  1.1233562051076138 2.372881355932204
117.15571618080139  seconds  1.5216862233811383 -2.142753631934304
120.22150325775146  seconds  2.615392617041668 -0.3928726640591047
120.74343991279602  seconds  2.3479214409206124 -1.5401999130812687
118.62074542045593  seconds  0.6022598870056495 -2.653914084033794
121.25328588485718  seconds  -0.8159625725438916 -2.5449804432855285
118.065181016922  seconds  -2.518384635157757 1.2342459800086925
120.99618220329285  seconds  -1.7233491914233037 -2.0234680573663626
120.84866309165955  seconds  -2.4724060750670374 -1.345501955671447
116.79995894432068  seconds  -1.822642716680295 1.9626249456757936
119.80062937736511  seconds  -2.6169319212754067 -0.07822685788787442
118.15646815299988  seconds  -0.917644502390265 2.4892730001645194
118.44531226158142  seconds  2.0473036425714373 1.8131247283789662
119.08876347541809  seconds  2.5862787966474796 0.9317687961755761
121.05795788764954  seconds  0.17283789656671011 2.801289287291052
117.73143601417542  seconds  1.4878313776618857 -2.162476626916772
121.98218107223511  seconds  1.1567093912761641 2.3537592351151675
120.7179627418518  seconds  2.614674942440348 -0.445023902651021
118.3584098815918  seconds  0.5666232073011734 -2.670498571408824
119.22946572303772  seconds  2.3235115167318554 -1.5691262013942602
118.22802090644836  seconds  -2.5042523172274223 1.272490221642764
120.338937997818  seconds  -0.8499348109517602 -2.5265663561939267
120.53191781044006  seconds  -1.7568883094306824 -2.0031378338879127
120.5894021987915  seconds  -2.4891768630845545 -1.3089960886571053
117.01674818992615  seconds  -1.7889796969934897 1.9834854411125598
120.87248039245605  seconds  -2.6169628988761198 -0.026075619295958138
117.94998073577881  seconds  -0.8837896566710124 2.5080090068641914
118.13605237007141  seconds  2.077618426770969 1.7908616340335164
118.98987317085266  seconds  2.5919070111386997 0.8848326814428508
121.30245518684387  seconds  0.2173837461973056 2.7926126380201866
117.61365556716919  seconds  1.4548241582134942 -2.1816601477618427
121.27149868011475  seconds  1.1902651021295085 2.334482892804237
120.14804792404175  seconds  2.6137550862469476 -0.4954367666232069
118.58989787101746  seconds  0.5292046936114732 -2.6872762692036765
119.82850313186646  seconds  2.298565840938722 -1.5967812493522389
117.81847357749939  seconds  -2.4891768630845545 1.3089960886571061
120.69310975074768  seconds  -0.8837896566710124 -2.5080090068641914
120.71522998809814  seconds  -1.7889796969934897 -1.9834854411125598
119.91136050224304  seconds  -2.5042523172274223 -1.272490221642764
116.42819094657898  seconds  -1.7568883094306824 2.0031378338879127
119.35231137275696  seconds  -2.6169628988761198 0.026075619295958138
117.53235149383545  seconds  -0.8499348109517602 2.5265663561939267
117.52921962738037  seconds  2.1078446732874583 1.7679269882659714
118.39097714424133  seconds  2.5966539165555025 0.8378965667101266
118.05341696739197  seconds  1.4218605340029535 -2.2007822685788785
121.24303722381592  seconds  0.26014776184267685 2.782582412430582
121.11658835411072  seconds  1.2241199478487612 2.315003580838024
120.91357779502869  seconds  2.612514531937033 -0.5475880052151236
118.60767579078674  seconds  0.49217821073829116 -2.703172533681008
119.01109433174133  seconds  2.272793830771133 -1.6236418948283355
118.28957056999207  seconds  -2.4724060750670365 1.3455019556714474
121.21821999549866  seconds  -0.9176445023902651 -2.489273000164519
121.21408438682556  seconds  -1.8226427166802956 -1.9626249456757932
120.37837171554565  seconds  -2.5183846351577577 -1.2342459800086916
116.78371381759644  seconds  -1.7233491914233037 2.0234680573663626
120.1760573387146  seconds  -2.6169319212754067 0.07822685788787531
118.70650720596313  seconds  -0.8159625725438916 2.5449804432855285
117.71921730041504  seconds  2.1365938712585852 1.7453281182094749
118.11979055404663  seconds  2.6007694898126212 0.789222077357671
117.73854279518127  seconds  1.3880486744893519 -2.220366473869814
120.99590134620667  seconds  0.302911777488049 2.7709731011515175
120.99966716766357  seconds  1.257974793568014 2.2954987548271064
120.34356665611267  seconds  2.610975048551483 -0.5980008691873095
117.99317502975464  seconds  0.45436766623207253 -2.7186127580847277
119.22515201568604  seconds  2.2462952667556446 -1.6497175141242937
118.27903771400452  seconds  -2.4547183969394295 1.3802694480660582
120.78910231590271  seconds  -0.9517731692006293 -2.4702303346371144
116.6182005405426  seconds  -1.6909604519774009 2.0429277988187007
122.16719245910645  seconds  -1.854889178617992 -1.9423680495979365
120.6557867527008  seconds  -2.5315096069562606 -1.1942633637548892
119.27443861961365  seconds  -2.6168646619187936 0.1303780964797916
118.05615520477295  seconds  -0.7804432855280314 2.5639781195844935
117.55682563781738  seconds  2.1663709174474137 1.720990873533247
118.50427031517029  seconds  2.6041760682637185 0.7405475880052155
117.50127983093262  seconds  1.3541938287701 -2.239950666190155
121.08279013633728  seconds  0.3428119169240239 2.758800521512386
121.26059246063232  seconds  1.2918296392872666 2.2759722489510814
121.6137261390686  seconds  2.6090322890745474 -0.6484137331594959
118.42326736450195  seconds  0.4169491525423723 -2.7330331498293035
118.59152555465698  seconds  2.2183833116036507 -1.6757415490676613
118.46018099784851  seconds  -2.4357670578009563 1.4141039740059265
120.09103035926819  seconds  -0.9858080958669272 -2.451108213820078
116.48743295669556  seconds  -1.6571056062581486 2.0631148742123973
121.51749730110168  seconds  -1.8869621903520208 -1.9219120537711045
120.26945161819458  seconds  -2.5431122373828217 -1.1542807475010863
120.36088347434998  seconds  -2.6167504464000886 0.18252933507170788
117.77464628219604  seconds  -0.7465884398087788 2.5818086446484303
117.95808434486389  seconds  2.194892671530383 1.6966536288570193
118.8646547794342  seconds  2.606974560385344 0.6918730986527599
118.05322360992432  seconds  1.3203389830508474 -2.2595135246141993
121.29816246032715  seconds  0.3830943068231205 2.745284176547158
120.74176120758057  seconds  1.3256844850065184 2.256425967912648
121.35396075248718  seconds  2.6067010167100326 -0.697088222511951
119.02335214614868  seconds  0.37774880486744866 -2.7471458381057703
119.01191997528076  seconds  2.190895869182339 -1.7001303780964796
118.98441886901855  seconds  -2.4160077473026047 1.4463276836158192
116.40210294723511  seconds  -1.624262096350796 2.0825727944372012
120.43353724479675  seconds  -1.019647674125112 -2.431986093003042
121.94811606407166  seconds  -1.9190352020860493 -1.9011015141962955
122.72827911376953  seconds  -2.5537620060638666 -1.1125597566275531
118.20632481575012  seconds  -2.616573095771642 0.23468057366362505
115.60924863815308  seconds  -0.7109517601043023 2.600246296615354
111.65377283096313  seconds  2.2221408569347374 1.6723163841807915
111.50451850891113  seconds  2.609327002864381 0.641460234680574
111.14173340797424  seconds  1.2865665902985146 -2.279009126466754
112.02627515792847  seconds  0.42229465449804415 2.731028016588803
110.61686158180237  seconds  1.3587987796281984 2.2372881355932206
110.06786894798279  seconds  2.603728846674646 -0.7475010864841369
106.45721888542175  seconds  0.3373540900463135 -2.7605388961321164
106.87487006187439  seconds  2.162193435920175 -1.7244676227727074
time for calc.... 3348.043684720993
 plotting data from the run ...
saving data from the run ...
35014.84user 14319.09system 55:56.38elapsed 1469%CPU (0avgtext+0avgdata 35796076maxresident)k
0inputs+2424outputs (65major+139545899minor)pagefaults 0swaps
