Machine arg is, CH1
Machine arg is, CH1
started calculating filling for chemical potential and dispersion parameters TB_single_band..
Machine arg is, CH1
reading lattice from... ./Lattices/KgridX400.npy
reading lattice from... ./Lattices/KgridY400.npy
Machine arg is, CH1
reading lattice from... ./Lattices/KgridX400.npy
reading lattice from... ./Lattices/KgridY400.npy
norm of Dos, 42.951937478998964 45.58575006211245
sum of the hist, normed? 42.951937478998964
finished calculating filling for chemical potential
Filling: 0.20776314066795926 .... chemical potential: -139.57908529356712
Machine arg is, CH1
reading lattice from... ./Lattices/KgridX400.npy
reading lattice from... ./Lattices/KgridY400.npy
sum of the hist, normed? 1.0000000000000024
starting high res contour.....
attempting countour of size 10280
number of sheets..... 1
contour size before interpolation..... 23901
finished high res contour..... 29.03888249397278
range of angles from marching squares -3.1414241523145483 3.1414241523145483
The fermi energy in mev is: 1316.7522580645164, and in units of J: 127.34547950333814, the bandwidth is:494.39071566731144
starting contour.....
finished contour..... 6.122753620147705
Machine arg is, CH1
ED starting sampling in reciprocal space....
starting high res contour.....
attempting countour of size 10280
number of sheets..... 1
contour size before interpolation..... 23901
finished high res contour..... 32.96639800071716
range of angles from marching squares -3.1414241523145483 3.1414241523145483
comparing volume elements 

0.024543692606170175
0.00017011793429832456 0.00017028406509357648
shapes, are they adequate? (2049, 257) 2049 257
finished sampling in reciprocal space....t= 33.126898527145386  s


differentials, dr= 0.00017028406509357648   dth= 0.024543692606170175


PLOTTING
for error, maximum difference 26.731091703835393
number of active points (2, 156575)
for error, maximum difference 26.731091703835393
number of active points (2, 281257)
300 the points 30 chunk numtheads
starting with calculation of Sigma
0.5248191356658936  seconds  -1.732076990898478 -0.00029185718455115866 0.001 0.19444832923663696
0.6199014186859131  seconds  -1.416156231269238 -1.0337438177428973 0.001 0.1943351396698949
0.5897836685180664  seconds  -0.530628060515042 -1.6573411152449156 0.001 0.1951002613193049
0.6290347576141357  seconds  0.5480671188140123 -1.6509124983520378 0.001 0.1939232674965233
0.5790963172912598  seconds  1.4274850800412109 -1.0188351896673686 0.001 0.19390639332766038
0.5617749691009521  seconds  1.4050063066072245 1.0480392773157639 0.001 0.19733515293467008
0.6360569000244141  seconds  1.7320034639610653 0.018197852020419337 0.001 0.1944594525660204
0.6197047233581543  seconds  0.5136728473921192 1.6634061699175886 0.001 0.194172019327427
0.6503157615661621  seconds  -0.5648884172906641 1.644529274179738 0.001 0.19559037149744848
0.5931005477905273  seconds  -1.438273783534884 1.0042559406957323 0.001 0.19378943385068556
0.749567985534668  seconds  -1.7317780821126354 -0.03668692245321217 0.001 0.19461355471699338
0.6277172565460205  seconds  -0.4960966757895967 -1.6694997862128989 0.001 0.1946537035080116
0.6827707290649414  seconds  -1.3933122327601657 -1.0626523633121767 0.001 0.19383955267310163
0.6704525947570801  seconds  0.5821881833883826 -1.6377783184798331 0.001 0.19461855356396185
0.6157636642456055  seconds  1.4492221011036164 -0.9890571673291031 0.001 0.19444292560858628
0.6467094421386719  seconds  1.3818162587675382 1.076659510402991 0.001 0.1934921806946213
0.6243815422058105  seconds  1.7314148504585862 0.05459107363708521 0.001 0.19482566598956724
0.6179237365722656  seconds  0.47900998881501367 1.675233982202007 0.001 0.19405094685997704
0.5442943572998047  seconds  -1.459635346373436 0.9742001964336062 0.001 0.19579314282913046
0.641059160232544  seconds  -0.5988737415291898 1.6310886919726604 0.001 0.19522611793528732
0.5901596546173096  seconds  -1.7308896569176748 -0.0730769509960075 0.001 0.1952215048041211
0.5279443264007568  seconds  -0.4612995936130286 -1.6809790883815021 0.001 0.19411596315713403
0.5563170909881592  seconds  -1.369772973421637 -1.0909731529303803 0.001 0.19376431983914394
0.5373077392578125  seconds  0.6160326163719277 -1.6240270681714477 0.001 0.19541028608554117
0.5149073600769043  seconds  1.4701890948330036 -0.9587184021067031 0.001 0.20137973106199006
0.6018803119659424  seconds  1.7302351739263857 0.09097672276769798 0.001 0.19620833088293094
0.6269984245300293  seconds  1.3579468499181684 1.104689042059808 0.001 0.19814794768299746
0.6287252902984619  seconds  -1.4802139003924337 0.9435913586369031 0.001 0.19328972742522238
0.6564388275146484  seconds  0.4440846036929435 1.6863689442921221 0.001 0.1937870140016163
0.5960125923156738  seconds  -0.6325811272517096 1.617041840190005 0.001 0.1955247585709967
0.5975589752197266  seconds  -1.729408068180421 -0.10945669503147289 0.001 0.19539680603062104
0.6636850833892822  seconds  -0.42624369786398936 -1.691751321847954 0.001 0.19346276831688633
0.6284070014953613  seconds  -1.345570999041836 -1.1187009545286082 0.001 0.19465141349287524
0.5999679565429688  seconds  0.649597955181002 -1.609680115345799 0.001 0.2034739521440568
0.6076929569244385  seconds  1.49036039504631 -0.9278352235922369 0.001 0.20038432890422772
0.5817146301269531  seconds  1.3334309260581712 1.132124017478499 0.001 0.19405637760846406
0.599663496017456  seconds  1.7284596973680972 0.12734933882102578 0.001 0.1947732902677548
0.4996984004974365  seconds  -1.499985268102859 0.9124472771554617 0.001 0.1971546198724305
0.5264625549316406  seconds  0.40890444869724796 1.6967828265082345 0.001 0.19351927117919537
0.6321206092834473  seconds  -0.6660084714478374 1.6024089706232663 0.001 0.19439680688202912
0.6789312362670898  seconds  -1.7273273079773754 -0.14582040983808484 0.001 0.19542668621649648
0.6603364944458008  seconds  -1.3207393260748352 -1.1458332836110554 0.001 0.19368497354954545
0.670180082321167  seconds  -0.39093766422162624 -1.7017877245424702 0.001 0.19380175733017566
0.6477875709533691  seconds  0.6828824236036418 -1.5947565770943894 0.001 0.20051412623771153
0.6311681270599365  seconds  1.5097135604961012 -0.896427062112313 0.001 0.19559013155215327
0.5878698825836182  seconds  1.7260813024124104 0.16370284483072883 0.001 0.19613415230755135
0.5443272590637207  seconds  0.37347911639233294 1.7064463999066566 0.001 0.1934054594769159
0.5960986614227295  seconds  -1.5189287898852484 0.8807888568973828 0.001 0.19404591469521995
0.6778349876403809  seconds  1.3083016531571312 1.1589633263074117 0.001 0.1935138233281921
0.5474536418914795  seconds  -1.7246391594776167 -0.18216161569446476 0.001 0.19519424931080348
0.6385364532470703  seconds  -0.6991542524409665 1.5872080817575311 0.001 0.19531666955762383
0.5092670917510986  seconds  -1.2953111240820543 -1.1723703691828562 0.001 0.1937396073303694
0.5621812343597412  seconds  1.5282297827125324 -0.8645162245270481 0.001 0.19361605816704203
0.7298922538757324  seconds  -0.3553921100709649 -1.7110587957371277 0.001 0.19314128642178532
0.7085011005401611  seconds  0.715884692762907 -1.5792732707983146 0.001 0.19521875814532882
0.5635251998901367  seconds  0.33782026648255237 1.7153300715687951 0.001 0.19317422224175887
0.612523078918457  seconds  1.7230905847671887 0.20003030720953296 0.001 0.19478582179746357
0.6038553714752197  seconds  -1.5370275804357778 0.8486397174874187 0.001 0.19388488179549906
0.642812967300415  seconds  1.2825919632917615 1.1852083141779313 0.001 0.19384622421323341
0.6091663837432861  seconds  -1.2693189736248665 -1.1983146456072011 0.001 0.19455506795894142
0.7076623439788818  seconds  -1.7213330940127596 -0.21847285228621233 0.001 0.19498510658072216
0.6660363674163818  seconds  1.5458942982060397 -0.8321276404627264 0.001 0.19400674340648336
0.8620405197143555  seconds  -0.7320172265171748 1.5714547611416358 0.001 0.19496809436227536
0.640296220779419  seconds  -0.3196197794826022 -1.7195349233921806 0.001 0.1930433155867894
0.6232070922851562  seconds  0.7486035421030868 -1.5632445044928704 0.001 0.1950207865793629
0.5776228904724121  seconds  -1.5542688542195335 0.8160258918960097 0.001 0.19393651705584383
0.635791540145874  seconds  0.30194170317918984 1.723404288520786 0.001 0.19327378305551574
0.6600196361541748  seconds  1.719476048773595 0.2363237093101131 0.001 0.19495873059792274
0.6542477607727051  seconds  1.256334073357822 1.210862472436442 0.001 0.19456431585258008
0.5707025527954102  seconds  -1.2427945732134715 -1.2236705732462787 0.001 0.1949337973554753
0.6120975017547607  seconds  -1.717396587857761 -0.25474547036017353 0.001 0.19623450660767952
0.5915393829345703  seconds  1.5626963869283224 -0.7992883702811034 0.001 0.19320588563565771
0.5831351280212402  seconds  -0.28363558982930714 -1.7271867444889413 0.001 0.1932138348977482
0.539625883102417  seconds  0.2658594561081928 1.730640106610584 0.001 0.19368147435781283
0.6001114845275879  seconds  0.7810377121037666 -1.5466822975201562 0.001 0.1961726248386532
0.6677422523498535  seconds  -0.7645962017628117 1.5551622196462302 0.001 0.19544664602829978
0.6841259002685547  seconds  -1.5706441153797104 0.782975435915139 0.001 0.19297877010269843
0.5764999389648438  seconds  1.229559043067161 1.2359310755995567 0.001 0.19768916526831112
0.5532679557800293  seconds  -1.2157682395813085 -1.248444180098359 0.001 0.19481513339439666
0.7333908081054688  seconds  1.715224161236767 0.2725737287334307 0.001 0.19503581571919845
0.6023082733154297  seconds  1.578629821917356 -0.7660273600821331 0.001 0.19296470436233673
0.7146322727203369  seconds  -1.7128151190662058 -0.2909694032610171 0.001 0.19632938103340414
0.5713968276977539  seconds  0.22959180527935294 1.7370098353935999 0.001 0.1935146103377129
0.6144571304321289  seconds  -0.24745673354175624 -1.733985948361601 0.001 0.19324721565556205
0.6125054359436035  seconds  0.8131855887145101 -1.5295962531470144 0.001 0.19479644765394893
0.6368305683135986  seconds  -0.7968897609718655 1.5383412533348837 0.001 0.19947510310148284
0.47702908515930176  seconds  1.2022963979113783 1.2604207932317957 0.001 0.1942241241435969
0.5232024192810059  seconds  -1.1882686409334486 -1.2726427457675253 0.001 0.19516904896172224
0.6379139423370361  seconds  -1.5861491374185581 0.7495179422410163 0.001 0.1935058384962507
0.70208740234375  seconds  1.7103194851301609 0.3087695279096024 0.001 0.19444054804981079
0.5557806491851807  seconds  1.5936925028946816 -0.7323747879396212 0.001 0.19324858426261599
0.5224609375  seconds  0.19315922372338665 1.7424876395437867 0.001 0.19434926861172605
0.5985291004180908  seconds  -1.7075724261728633 -0.3271329792852672 0.001 0.19699273389147906
0.6069848537445068  seconds  -0.21110260618135257 -1.7399056675159879 0.001 0.1927805533099238
0.5290806293487549  seconds  1.1745738866553568 1.2843393822484652 0.001 0.19884280964224668
0.5982210636138916  seconds  0.8450449367333127 -1.5119935916183564 0.001 0.19682651893467448
0.6121556758880615  seconds  -0.8288960025708093 1.5210002663511217 0.001 0.20093729028778912
0.5186131000518799  seconds  -1.160322488217385 -1.2962743787211166 0.001 0.19573425663224608
0.6031334400177002  seconds  -1.6007839873237077 0.7156841003719941 0.001 0.1931127289318956
0.6139523983001709  seconds  1.6078866033707118 -0.6983617040077214 0.001 0.19287111921720118
0.7717578411102295  seconds  1.704745084087854 0.3448985955539664 0.001 0.19458190914813386
0.6533045768737793  seconds  0.1565842590541523 1.7470501700019112 0.001 0.19391351028973486
0.6776700019836426  seconds  -1.7016507485040007 -0.36322275341355537 0.001 0.19451902832002815
0.6288561820983887  seconds  1.1464172153247647 1.307695244180352 0.001 0.1954821187481308
0.551145076751709  seconds  -1.1319544136644046 -1.3193477108562293 0.001 0.19558478505393553
0.690441370010376  seconds  0.8766127148906367 -1.4938793117426088 0.001 0.19533942279061833
0.7643804550170898  seconds  -0.17459474933813135 -1.744921232688805 0.001 0.19356760228261816
0.734358549118042  seconds  -0.8606123490561328 1.5031454186627338 0.001 0.19604778449324387
0.6805417537689209  seconds  -1.6145527054833526 0.681505137759011 0.001 0.19284157515428244
0.5457899570465088  seconds  0.11989133827650822 1.750677109295742 0.001 0.19346646934364875
0.6540038585662842  seconds  1.6212180640637417 -0.6640194152925886 0.001 0.19287024285588353
0.501239538192749  seconds  -1.1031868023042848 -1.34187150720459 0.001 0.19458708045233497
0.6153955459594727  seconds  1.6984824687948703 0.3809465500423778 0.001 0.19410578825536756
0.5457587242126465  seconds  1.11784992320678 1.3304971284402252 0.001 0.1947087998758854
0.6029691696166992  seconds  -1.6950311146497241 -0.39922337048182727 0.001 0.1942590533741875
0.5482938289642334  seconds  0.9078848257679555 -1.4752562540391772 0.001 0.19535103229051798
0.5649268627166748  seconds  -0.13795669913640812 -1.749010792497696 0.001 0.19301867761482436
0.5676634311676025  seconds  -1.6274630584143368 0.647012350223426 0.001 0.19319236360101877
0.6586158275604248  seconds  -0.8920352516717472 1.4847806061173978 0.001 0.19509395853601647
0.6019549369812012  seconds  0.08310651736691162 1.7533517203943294 0.001 0.1948873842464305
0.6030948162078857  seconds  1.6915121801651594 0.41689705253009324 0.001 0.19394059379177694
0.6490969657897949  seconds  1.6336963922621968 -0.6293790675211565 0.001 0.19334211453905195
0.6431043148040771  seconds  -1.0740397836936915 -1.3638544041541165 0.001 0.1950835189574715
0.5799667835235596  seconds  0.9388558811554809 -1.4561251887822089 0.001 0.19577622990285648
0.6707959175109863  seconds  1.0888932929583086 1.3527537761982584 0.001 0.19463129816954997
0.6565389633178711  seconds  -1.6876936295073965 -0.43511745510543715 0.001 0.19410124509278706
0.616966724395752  seconds  -0.10121374382951846 -1.752155768911327 0.001 0.19358841254202777
0.5134334564208984  seconds  -1.6395261411098043 0.6122366274571671 0.001 0.1940714477398819
0.6813609600067139  seconds  -0.9231600106973705 1.4659076456148583 0.001 0.19568329641850685
0.4371800422668457  seconds  -1.044531146044645 -1.3853044841160258 0.001 0.19643279501660413
0.4130134582519531  seconds  1.0595662582248007 1.3744735318380803 0.001 0.1953686864689375
0.6269710063934326  seconds  0.04625716782343711 1.7550613575337013 0.001 0.1931657823702542
0.5686743259429932  seconds  1.645334275192197 -0.5944711999716124 0.001 0.1936928365068454
0.6110043525695801  seconds  1.6838140116757288 0.4527317092686181 0.001 0.1939408872204045
0.5334072113037109  seconds  0.9695190012075261 -1.4364849706578708 0.001 0.19614697673400727
0.4917938709259033  seconds  -1.6507559491721664 0.5772080302141832 0.001 0.19440208726188865
0.6717543601989746  seconds  -1.679617769477931 -0.4708855355183742 0.001 0.19432411692003027
0.6385178565979004  seconds  -0.06439265270430468 -1.754341475760867 0.001 0.19381238988844612
0.6168038845062256  seconds  -0.9539805197713006 1.446526331009022 0.001 0.19667737639064597
0.5450801849365234  seconds  1.029885566793782 1.3956642476425767 0.001 0.1962185134631991
0.6076388359069824  seconds  -1.0146764637500645 -1.4062291276976864 0.001 0.19741059619873483
0.5158400535583496  seconds  0.9998656988032079 -1.4163328133414204 0.001 0.1944811002142335
0.5944879055023193  seconds  1.656146877226347 -0.5593252699747608 0.001 0.19325252404217072
0.7044427394866943  seconds  0.009371603894503868 1.7557977805106422 0.001 0.19235825691114364
0.5987894535064697  seconds  -1.6611688341348956 0.5419554032822015 0.001 0.193444343797911
0.7901344299316406  seconds  1.67536730010416 0.4884300106993602 0.001 0.1939771557467903
0.6464037895202637  seconds  -1.6707829264832468 -0.5065060516305113 0.001 0.1947266825893243
0.6767911911010742  seconds  -0.0275213231685746 -1.7555574408654522 0.001 0.19258409938338067
0.6067392826080322  seconds  -0.9844891477295842 -1.4266347147403762 0.001 0.19662678544295206
0.6871902942657471  seconds  0.9998656988032077 1.4163328133414204 0.001 0.19448110021423493
0.7344563007354736  seconds  -0.9844891477295848 1.4266347147403755 0.001 0.19662678544282494
0.6069800853729248  seconds  1.6661516021072542 -0.5239693976263678 0.001 0.1933906688673389
0.6671373844146729  seconds  1.0298855667937827 -1.3956642476425765 0.001 0.19621851346319874
0.5967793464660645  seconds  -0.027521323168574988 1.755557440865452 0.001 0.19258409938338103
0.6315619945526123  seconds  -1.6707829264832468 0.5065060516305102 0.001 0.19472668258930087
0.6259310245513916  seconds  1.666151602107254 0.5239693976263678 0.001 0.19339066886733897
0.640103816986084  seconds  -1.6611688341348954 -0.5419554032822024 0.001 0.19344434379791176
0.7576613426208496  seconds  0.009371603894504258 -1.7557977805106424 0.001 0.19235825691114333
0.5846102237701416  seconds  -0.9539805197712996 -1.4465263310090226 0.001 0.19667737639065966
0.5292572975158691  seconds  0.9695190012075261 1.436484970657871 0.001 0.19614697673400738
0.5734500885009766  seconds  1.059566258224801 -1.3744735318380796 0.001 0.19536868646893735
0.5985395908355713  seconds  1.6753673001041598 -0.48843001069936015 0.001 0.1939771557467902
0.5818560123443604  seconds  -0.064392652704305 1.754341475760867 0.001 0.19381238988844682
0.5442562103271484  seconds  -1.679617769477931 0.4708855355183737 0.001 0.1943241169200286
0.7039070129394531  seconds  -1.0146764637500651 1.4062291276976862 0.001 0.19741059619858056
0.5594096183776855  seconds  1.656146877226347 0.5593252699747608 0.001 0.1932525240421708
0.5803022384643555  seconds  -1.6507559491721662 -0.5772080302141837 0.001 0.19440208726191557
0.5128943920135498  seconds  0.938855881155481 1.4561251887822089 0.001 0.19577622990285692
0.5435194969177246  seconds  -0.92316001069737 -1.465907645614859 0.001 0.19568329641852295
0.6192505359649658  seconds  0.04625716782343789 -1.7550613575337013 0.001 0.19316578237025725
0.5518190860748291  seconds  1.0888932929583093 -1.3527537761982582 0.001 0.19463129816954927
0.6443307399749756  seconds  1.683814011675729 -0.4527317092686174 0.001 0.19394088722040453
0.6268548965454102  seconds  -1.6876936295073968 0.43511745510543626 0.001 0.1941012450927879
0.6390690803527832  seconds  -0.10121374382951885 1.752155768911327 0.001 0.19358841254202894
0.6846878528594971  seconds  -1.0445311460446451 1.3853044841160254 0.001 0.1964327950166002
0.7016346454620361  seconds  -1.639526141109804 -0.6122366274571678 0.001 0.19407144773988996
0.5838840007781982  seconds  0.9078848257679553 1.4752562540391772 0.001 0.195351032290518
0.6824376583099365  seconds  -0.8920352516717464 -1.4847806061173983 0.001 0.1950939585360162
0.9087412357330322  seconds  1.6453342751921969 0.5944711999716122 0.001 0.19369283650684552
0.5765101909637451  seconds  1.1178499232067807 -1.3304971284402245 0.001 0.1947087998758844
0.6662898063659668  seconds  0.0831065173669124 -1.7533517203943294 0.001 0.19488738424884397
0.6087315082550049  seconds  -1.6950311146497243 0.3992233704818268 0.001 0.19425905337419105
0.6193702220916748  seconds  -0.1379566991364085 1.749010792497696 0.001 0.193018677614825
0.6692285537719727  seconds  1.6915121801651596 -0.4168970525300925 0.001 0.193940593791777
0.7019507884979248  seconds  -1.0740397836936924 1.363854404154116 0.001 0.19508351895748266
0.6412560939788818  seconds  0.876612714890637 1.4938793117426088 0.001 0.1953394227906168
0.5476665496826172  seconds  -0.8606123490561322 -1.5031454186627342 0.001 0.1960477844932686
0.568925142288208  seconds  1.1464172153247654 -1.3076952441803518 0.001 0.1954821187481315
0.7298486232757568  seconds  -1.6274630584143361 -0.6470123502234272 0.001 0.1931923636010229
0.6783444881439209  seconds  1.6336963922621968 0.6293790675211565 0.001 0.193342114539052
0.7073016166687012  seconds  0.119891338276509 -1.750677109295742 0.001 0.19346646934366268
0.5921552181243896  seconds  -1.7016507485040009 0.36322275341355476 0.001 0.19451902832003018
0.6207761764526367  seconds  -0.1745947493381317 1.7449212326888048 0.001 0.19356760228261868
0.6914291381835938  seconds  1.69848246879487 -0.380946550042377 0.001 0.19410578825536756
0.6556541919708252  seconds  -1.103186802304285 1.3418715072045897 0.001 0.1945870804523351
0.5061361789703369  seconds  -0.8288960025708088 -1.5210002663511222 0.001 0.20093729028956467
0.5422103404998779  seconds  0.8450449367333127 1.5119935916183562 0.001 0.19682651893462572
0.509331464767456  seconds  1.1745738866553572 -1.2843393822484646 0.001 0.19884280964232473
0.7537987232208252  seconds  -1.6145527054833522 -0.6815051377590121 0.001 0.19284157515428332
0.6908261775970459  seconds  1.6212180640637417 0.6640194152925886 0.001 0.1928702428558836
0.5986502170562744  seconds  -1.7075724261728633 0.3271329792852663 0.001 0.19699273389142952
0.585843563079834  seconds  -0.21110260618135263 1.7399056675159876 0.001 0.19278055330992516
0.729132890701294  seconds  0.15658425905415307 -1.747050170001911 0.001 0.19391351028978254
0.4552445411682129  seconds  0.8131855887145102 1.5295962531470144 0.001 0.19479644765393522
0.6592004299163818  seconds  1.704745084087854 -0.3448985955539656 0.001 0.19458190914813392
0.5614233016967773  seconds  -0.7968897609718649 -1.5383412533348841 0.001 0.19947510310190375
0.5618963241577148  seconds  1.202296397911379 -1.260420793231795 0.001 0.19422412414360332
0.6362850666046143  seconds  -1.1319544136644046 1.3193477108562293 0.001 0.19558478505394067
0.48280858993530273  seconds  -0.24745673354175624 1.733985948361601 0.001 0.19324721565556338
0.6086349487304688  seconds  -1.600783987323707 -0.7156841003719951 0.001 0.19311272893189696
0.5693955421447754  seconds  -1.7128151190662058 0.290969403261017 0.001 0.1963293810331491
0.645214319229126  seconds  1.6078866033707115 0.6983617040077221 0.001 0.19287111921720138
0.5148458480834961  seconds  0.7810377121037665 1.5466822975201564 0.001 0.19617262483863476
0.5594093799591064  seconds  0.19315922372338742 -1.7424876395437867 0.001 0.19434926861180166
0.5062336921691895  seconds  1.7103194851301609 -0.3087695279096016 0.001 0.19444054804981079
0.5294668674468994  seconds  -0.7645962017628104 -1.5551622196462311 0.001 0.19544664602829967
0.5010194778442383  seconds  1.2295590430671615 -1.2359310755995565 0.001 0.1976891652683617
0.6077637672424316  seconds  -1.1603224882173853 1.2962743787211168 0.001 0.1957342566322332
0.5344724655151367  seconds  -0.28363558982930714 1.7271867444889413 0.001 0.19321383489774877
0.5431520938873291  seconds  -1.7173965878577613 0.2547454703601741 0.001 0.19623450660767566
0.5775871276855469  seconds  -1.5861491374185577 -0.7495179422410172 0.001 0.19350583849626546
0.4989495277404785  seconds  0.7486035421030868 1.5632445044928704 0.001 0.19502078657936162
0.509594202041626  seconds  1.715224161236767 -0.27257372873343 0.001 0.19503581571919848
0.5932366847991943  seconds  1.5936925028946816 0.732374787939622 0.001 0.1932485842626165
0.4745469093322754  seconds  1.2563340733578228 -1.2108624724364416 0.001 0.1945643158525812
0.5378799438476562  seconds  -0.7320172265171734 -1.5714547611416365 0.001 0.19496809436227225
0.6731336116790771  seconds  0.22959180527935372 -1.7370098353936 0.001 0.1935146103377627
0.49484682083129883  seconds  -1.1882686409334486 1.2726427457675256 0.001 0.19516904896170115
0.5839641094207764  seconds  -0.3196197794826022 1.7195349233921806 0.001 0.19304331558678983
0.5592951774597168  seconds  0.715884692762907 1.5792732707983141 0.001 0.19521875814532869
0.6364309787750244  seconds  -1.7213330940127596 0.2184728522862123 0.001 0.19498510658072668
0.5603752136230469  seconds  1.7194760487735952 -0.23632370931011237 0.001 0.19495873059792282
0.6195669174194336  seconds  -1.57064411537971 -0.7829754359151395 0.001 0.19297877010270192
0.5551259517669678  seconds  1.2825919632917622 -1.1852083141779308 0.001 0.19384622421323366
0.6506867408752441  seconds  1.5786298219173556 0.7660273600821338 0.001 0.19296470436233845
0.5823044776916504  seconds  -0.6991542524409652 -1.5872080817575314 0.001 0.19531666955758512
0.5905158519744873  seconds  0.26585945610819356 -1.7306401066105839 0.001 0.19368147435781824
0.6448609828948975  seconds  -1.2157682395813085 1.248444180098359 0.001 0.19481513339438292
0.5032839775085449  seconds  0.6828824236036418 1.5947565770943897 0.001 0.20051412623771156
0.49715232849121094  seconds  1.7230905847671887 -0.2000303072095322 0.001 0.1947858217974636
0.6473960876464844  seconds  -0.3553921100709649 1.7110587957371275 0.001 0.1931412864217858
0.543046236038208  seconds  -1.7246391594776167 0.18216161569446465 0.001 0.19519424931080412
0.5645942687988281  seconds  -1.5542688542195329 -0.8160258918960113 0.001 0.19393651705585602
0.55179762840271  seconds  1.3083016531571316 -1.1589633263074113 0.001 0.1935138233281918
0.5144548416137695  seconds  -0.6660084714478365 -1.6024089706232667 0.001 0.19439680688202732
0.512150764465332  seconds  0.30194170317919067 -1.723404288520786 0.001 0.1932737830555152
0.5873496532440186  seconds  1.562696386928322 0.7992883702811041 0.001 0.19320588563566624
0.560805082321167  seconds  -1.2427945732134718 1.2236705732462785 0.001 0.194933797355463
0.4594557285308838  seconds  0.6495979551810019 1.6096801153457991 0.001 0.2034739521440568
0.5601613521575928  seconds  1.7260813024124106 -0.16370284483072806 0.001 0.1961341523075514
0.5649166107177734  seconds  -1.7273273079773754 0.1458204098380844 0.001 0.19542668621649864
0.5093960762023926  seconds  1.3334309260581712 -1.132124017478499 0.001 0.19405637760846367
0.6121549606323242  seconds  -0.3909376642216261 1.7017877245424704 0.001 0.19380175733017632
0.6074917316436768  seconds  -1.5370275804357767 -0.8486397174874198 0.001 0.19388488179550367
0.6050190925598145  seconds  -0.6325811272517086 -1.6170418401900055 0.001 0.19552475857094767
0.5703902244567871  seconds  0.3378202664825531 -1.715330071568795 0.001 0.1931742222417585
0.6882553100585938  seconds  1.5458942982060393 0.832127640462727 0.001 0.19400674340650476
0.6412253379821777  seconds  -1.269318973624867 1.198314645607201 0.001 0.19455506795894031
0.562192440032959  seconds  0.6160326163719277 1.6240270681714475 0.001 0.19541028608554076
0.5800909996032715  seconds  1.7284596973680972 -0.127349338821025 0.001 0.19477329026775475
0.5494372844696045  seconds  -1.7294080681804211 0.10945669503147244 0.001 0.19539680603062565
0.588909387588501  seconds  1.3579468499181684 -1.104689042059808 0.001 0.1981479476829974
0.6363956928253174  seconds  -0.42624369786398936 1.691751321847954 0.001 0.1934627683168868
0.6067132949829102  seconds  -1.5189287898852475 -0.880788856897384 0.001 0.19404591469521643
0.581082820892334  seconds  -0.5988737415291888 -1.6310886919726608 0.001 0.19522611793528305
0.6106560230255127  seconds  0.3734791163923341 -1.706446399906656 0.001 0.19340545947691773
0.5639054775238037  seconds  1.528229782712532 0.8645162245270488 0.001 0.19361605816703972
0.49271297454833984  seconds  -1.2953111240820538 1.1723703691828564 0.001 0.1937396073303697
0.5399684906005859  seconds  0.5821881833883831 1.6377783184798331 0.001 0.19461855356396132
0.49219083786010740.5076546669006348  seconds    seconds  -1.73088965691767481.7302351739263857  0.07307695099600729-0.09097672276769722  0.0010.001  0.195221504804122230.19620833088293094

0.5135855674743652  seconds  1.3818162587675382 -1.076659510402991 0.001 0.1934921806946216
0.532381534576416  seconds  -0.564888417290663 -1.6445292741797384 0.001 0.19559037149744743
0.5676047801971436  seconds  -1.499985268102858 -0.9124472771554628 0.001 0.19715461987231903
0.5838441848754883  seconds  -0.4612995936130286 1.6809790883815021 0.001 0.19411596315713425
0.6368622779846191  seconds  0.40890444869724946 -1.6967828265082345 0.001 0.19351927117919968
0.5387358665466309  seconds  -1.3207393260748348 1.1458332836110554 0.001 0.19368497354954592
0.5079283714294434  seconds  0.5480671188140112 1.6509124983520382 0.001 0.19392326749652394
0.6095244884490967  seconds  1.5097135604961007 0.8964270621123138 0.001 0.1955901315521833
0.5209503173828125  seconds  -1.7317780821126354 0.036686922453212 0.001 0.19461355471699338
0.5221302509307861  seconds  1.7314148504585862 -0.05459107363708521 0.001 0.19482566598956727
0.5143616199493408  seconds  1.4050063066072243 -1.0480392773157639 0.001 0.19733515293467058
0.5171041488647461  seconds  -0.4960966757895966 1.6694997862128989 0.001 0.19465370350801192
0.6090176105499268  seconds  -1.480213900392434 -0.9435913586369027 0.001 0.19328972742520079
0.5226321220397949  seconds  0.4440846036929446 -1.6863689442921217 0.001 0.1937870140016227
0.5657029151916504  seconds  -1.345570999041836 1.1187009545286084 0.001 0.19465141349287576
0.4713559150695801  seconds  -1.732076990898478 0.0002918571845507145 0.001 0.19444832923663696
0.5338237285614014  seconds  1.7320034639610653 -0.018197852020419337 0.001 0.1944594525660204
0.6276700496673584  seconds  1.4903603950463098 0.9278352235922377 0.001 0.20038432890513583
0.491668701171875  seconds  -0.530628060515042 1.6573411152449153 0.001 0.19510026131930552
0.6533718109130859  seconds  -1.459635346373436 -0.974200196433606 0.001 0.19579314282908789
0.5654082298278809  seconds  -1.3697729734216373 1.0909731529303803 0.001 0.19376431983914547
0.6199460029602051  seconds  0.4790099888150148 -1.6752339822020066 0.001 0.19405094685997795
0.5538256168365479  seconds  1.4701890948330032 0.9587184021067038 0.001 0.20137973106240153
0.5406816005706787  seconds  -1.4382737835348838 -1.0042559406957325 0.001 0.19378943385068406
0.5380966663360596  seconds  -1.3933122327601657 1.062652363312177 0.001 0.19383955267310382
0.5994462966918945  seconds  0.5136728473921203 -1.6634061699175882 0.001 0.19417201932742606
0.5494229793548584  seconds  1.449222101103616 0.9890571673291038 0.001 0.1944429256085892
0.4158492088317871  seconds  1.4274850800412104 1.018835189667369 0.001 0.1939063933276603
0.6036701202392578  seconds  -1.416156231269238 1.0337438177428973 0.001 0.19433513966989574
time for calc.... 20.45765447616577
216.72user 53.97system 1:55.78elapsed 233%CPU (0avgtext+0avgdata 9608756maxresident)k
0inputs+2816outputs (67major+5237762minor)pagefaults 0swaps
