reading lattice from... ./Lattices/sqKgridX100.npy
reading lattice from... ./Lattices/sqKgridY100.npy
started calculating filling for chemical potential and dispersion parameters TB_single_band..
reading lattice from... ./Lattices/KgridX400.npy
reading lattice from... ./Lattices/KgridY400.npy
reading lattice from... ./Lattices/KgridX400.npy
reading lattice from... ./Lattices/KgridY400.npy
finished calculating filling for chemical potential
Filling: 0.5021914101708863 .... chemical potential: 29.41164495334965
dispersion params: 54.93230174081238 	 -10.444874274661508
The fermi energy in mev is: 3064.1164088176356, and in units of J: 296.3362097502549, the bandwidth is:494.39071566731144
reading lattice from... ./Lattices/KgridX2000.npy
reading lattice from... ./Lattices/KgridY2000.npy
reading lattice from... ./Lattices/sqKgridX2000.npy
reading lattice from... ./Lattices/sqKgridY2000.npy
412 the fermi surface points 9 numtheads
starting with calculation of Sigma
11.050132274627686  seconds  2.4732452258771103 1.343763581051717 0.001
12.145251035690308  seconds  2.4732452258771103 1.343763581051717 0.3645454545454545
11.863841533660889  seconds  2.4732452258771103 1.343763581051717 0.728090909090909
11.873969793319702  seconds  2.4732452258771103 1.343763581051717 1.0916363636363635
11.84327244758606  seconds  2.4732452258771103 1.343763581051717 1.455181818181818
11.779703617095947  seconds  2.4732452258771103 1.343763581051717 1.8187272727272725
11.92581844329834  seconds  2.4732452258771103 1.343763581051717 2.182272727272727
11.831148862838745  seconds  2.4732452258771103 1.343763581051717 2.5458181818181815
11.344172716140747  seconds  2.4732452258771103 1.343763581051717 2.909363636363636
11.29973578453064  seconds  2.4732452258771103 1.343763581051717 3.2729090909090908
11.231467962265015  seconds  2.4732452258771103 1.343763581051717 3.636454545454545
10.958443403244019  seconds  2.4732452258771103 1.343763581051717 4.0
9.338284969329834  seconds  2.4732452258771103 1.343763581051717 0.04139393939393939
7.922292947769165  seconds  2.4732452258771103 1.343763581051717 0.40493939393939393
8.532867908477783  seconds  2.4732452258771103 1.343763581051717 0.7684848484848484
8.656280994415283  seconds  2.4732452258771103 1.343763581051717 1.132030303030303
8.634002447128296  seconds  2.4732452258771103 1.343763581051717 1.4955757575757573
8.804681539535522  seconds  2.4732452258771103 1.343763581051717 1.859121212121212
9.489448070526123  seconds  2.4732452258771103 1.343763581051717 2.2226666666666666
9.84541916847229  seconds  2.4732452258771103 1.343763581051717 2.586212121212121
10.096900939941406  seconds  2.4732452258771103 1.343763581051717 2.9497575757575754
10.58229398727417  seconds  2.4732452258771103 1.343763581051717 3.31330303030303
10.964177370071411  seconds  2.4732452258771103 1.343763581051717 3.6768484848484846
11.215111017227173  seconds  2.4732452258771103 1.343763581051717 0.08178787878787878
11.18341875076294  seconds  2.4732452258771103 1.343763581051717 0.4453333333333333
10.890962600708008  seconds  2.4732452258771103 1.343763581051717 0.8088787878787879
10.799680709838867  seconds  2.4732452258771103 1.343763581051717 1.1724242424242421
10.635764122009277  seconds  2.4732452258771103 1.343763581051717 1.5359696969696968
10.452749729156494  seconds  2.4732452258771103 1.343763581051717 1.8995151515151514
10.016391515731812  seconds  2.4732452258771103 1.343763581051717 2.263060606060606
9.736069917678833  seconds  2.4732452258771103 1.343763581051717 2.6266060606060604
9.751030445098877  seconds  2.4732452258771103 1.343763581051717 2.990151515151515
9.365935564041138  seconds  2.4732452258771103 1.343763581051717 3.3536969696969696
8.916080474853516  seconds  2.4732452258771103 1.343763581051717 3.717242424242424
9.291551113128662  seconds  2.4732452258771103 1.343763581051717 0.12218181818181817
9.420212984085083  seconds  2.4732452258771103 1.343763581051717 0.4857272727272727
10.306769132614136  seconds  2.4732452258771103 1.343763581051717 0.8492727272727272
10.679817199707031  seconds  2.4732452258771103 1.343763581051717 1.2128181818181816
10.959477663040161  seconds  2.4732452258771103 1.343763581051717 1.5763636363636362
11.295332431793213  seconds  2.4732452258771103 1.343763581051717 1.9399090909090906
11.651962280273438  seconds  2.4732452258771103 1.343763581051717 2.3034545454545454
11.445011377334595  seconds  2.4732452258771103 1.343763581051717 2.667
11.437449216842651  seconds  2.4732452258771103 1.343763581051717 3.030545454545454
11.30457878112793  seconds  2.4732452258771103 1.343763581051717 3.3940909090909086
11.173051834106445  seconds  2.4732452258771103 1.343763581051717 3.7576363636363634
9.934087991714478  seconds  2.4732452258771103 1.343763581051717 0.5261212121212121
10.277916669845581  seconds  2.4732452258771103 1.343763581051717 0.16257575757575757
9.792902946472168  seconds  2.4732452258771103 1.343763581051717 0.8896666666666666
9.150538682937622  seconds  2.4732452258771103 1.343763581051717 1.253212121212121
8.67064380645752  seconds  2.4732452258771103 1.343763581051717 1.6167575757575756
8.768043518066406  seconds  2.4732452258771103 1.343763581051717 1.98030303030303
8.582404136657715  seconds  2.4732452258771103 1.343763581051717 2.3438484848484844
8.669708728790283  seconds  2.4732452258771103 1.343763581051717 2.7073939393939392
8.539960861206055  seconds  2.4732452258771103 1.343763581051717 3.0709393939393936
9.185894966125488  seconds  2.4732452258771103 1.343763581051717 3.434484848484848
10.512787342071533  seconds  2.4732452258771103 1.343763581051717 3.798030303030303
12.176038265228271  seconds  2.4732452258771103 1.343763581051717 0.5665151515151515
12.66974687576294  seconds  2.4732452258771103 1.343763581051717 0.20296969696969697
11.812736749649048  seconds  2.4732452258771103 1.343763581051717 1.2936060606060604
12.28114104270935  seconds  2.4732452258771103 1.343763581051717 0.930060606060606
11.783923387527466  seconds  2.4732452258771103 1.343763581051717 1.657151515151515
11.82911205291748  seconds  2.4732452258771103 1.343763581051717 2.0206969696969694
11.025965929031372  seconds  2.4732452258771103 1.343763581051717 3.111333333333333
11.75338339805603  seconds  2.4732452258771103 1.343763581051717 2.384242424242424
11.501307964324951  seconds  2.4732452258771103 1.343763581051717 2.7477878787878787
10.526215076446533  seconds  2.4732452258771103 1.343763581051717 3.4748787878787875
10.625461101531982  seconds  2.4732452258771103 1.343763581051717 3.8384242424242423
8.0904221534729  seconds  2.4732452258771103 1.343763581051717 0.6069090909090908
8.582642555236816  seconds  2.4732452258771103 1.343763581051717 0.24336363636363634
8.562132358551025  seconds  2.4732452258771103 1.343763581051717 1.3339999999999999
9.008538484573364  seconds  2.4732452258771103 1.343763581051717 1.6975454545454542
9.656922578811646  seconds  2.4732452258771103 1.343763581051717 0.9704545454545453
10.716890811920166  seconds  2.4732452258771103 1.343763581051717 2.061090909090909
10.897778749465942  seconds  2.4732452258771103 1.343763581051717 3.1517272727272725
12.132359981536865  seconds  2.4732452258771103 1.343763581051717 2.4246363636363633
11.65446400642395  seconds  2.4732452258771103 1.343763581051717 3.515272727272727
12.543368339538574  seconds  2.4732452258771103 1.343763581051717 2.788181818181818
12.205905437469482  seconds  2.4732452258771103 1.343763581051717 3.8788181818181813
11.097047090530396  seconds  2.4732452258771103 1.343763581051717 0.6473030303030303
11.306127548217773  seconds  2.4732452258771103 1.343763581051717 0.28375757575757576
10.728343725204468  seconds  2.4732452258771103 1.343763581051717 1.3743939393939393
10.684903144836426  seconds  2.4732452258771103 1.343763581051717 1.7379393939393937
10.86301875114441  seconds  2.4732452258771103 1.343763581051717 1.0108484848484847
9.953213930130005  seconds  2.4732452258771103 1.343763581051717 2.1014848484848483
9.171442031860352  seconds  2.4732452258771103 1.343763581051717 3.192121212121212
8.49102258682251  seconds  2.4732452258771103 1.343763581051717 3.5556666666666663
8.88839840888977  seconds  2.4732452258771103 1.343763581051717 2.4650303030303027
8.597156763076782  seconds  2.4732452258771103 1.343763581051717 2.8285757575757575
9.14492917060852  seconds  2.4732452258771103 1.343763581051717 3.9192121212121207
10.081185102462769  seconds  2.4732452258771103 1.343763581051717 0.6876969696969697
10.955168008804321  seconds  2.4732452258771103 1.343763581051717 0.32415151515151513
11.151914596557617  seconds  2.4732452258771103 1.343763581051717 1.4147878787878787
11.646350860595703  seconds  2.4732452258771103 1.343763581051717 1.778333333333333
11.336594820022583  seconds  2.4732452258771103 1.343763581051717 1.051242424242424
10.801971673965454  seconds  2.4732452258771103 1.343763581051717 2.1418787878787877
10.801440238952637  seconds  2.4732452258771103 1.343763581051717 3.2325151515151513
10.489302158355713  seconds  2.4732452258771103 1.343763581051717 3.5960606060606057
10.434203624725342  seconds  2.4732452258771103 1.343763581051717 2.505424242424242
10.316892862319946  seconds  2.4732452258771103 1.343763581051717 2.8689696969696965
9.734097957611084  seconds  2.4732452258771103 1.343763581051717 3.95960606060606
time for calc.... 101.40594148635864
Successfully created the directory dir_T_2.0_fit_SF_func_2021-11-09-22:41:07 
 plotting data from the run ...
saving data from the run ...
803.01user 259.68system 1:52.31elapsed 946%CPU (0avgtext+0avgdata 2981088maxresident)k
0inputs+528outputs (65major+10581227minor)pagefaults 0swaps
