7.255197456936871 [0.         7.25519746]
testing solution to large N equation... 3.018732903302169 0.9940692002543966
starting plots of SF
[-3.4        -3.39738663 -3.39477325 ...  3.39477325  3.39738663
  3.4       ]
dense shape (1113,)
0.30679615757712825
starting with calculation of Sigma theta w=0..... 1113  points
0 -1.5857946754865495 127.08632603693341
1 -1.5917976780512393 122.86186313896033
2 -1.5988058746265106 119.35125008720765
3 -1.6048181078591173 124.93347825728826
4 -1.6118398732836874 121.05549744292888
5 -1.617866119052383 119.80890853038993
6 -1.624746638442755 122.6898022445821
7 -1.630951899530869 122.65759131396464
8 -1.6370069612029352 117.88972231193928
9 -1.6430731063850486 124.11290607788767
10 -1.6491512493846636 124.31628172210799
11 -1.655242282741728 121.69626547299121
12 -1.6613470761824405 122.12941043830126
13 -1.6673316244098904 123.40188000800993
14 -1.6725776997097683 122.31632827887856
15 -1.6787259376065113 121.66043272963785
16 -1.6848910242642998 118.43569674004509
17 -1.6900419700938143 121.90195647532309
18 -1.6962397671133578 120.39192372926362
19 -1.701418958246209 120.24094520896031
20 -1.7076517277264815 119.98585807716094
21 -1.7128609330105282 120.0119781557253
22 -1.719130741385779 119.28785036986083
23 -1.7243715584640982 118.61310728198119
24 -1.729627267026463 118.69789572962728
25 -1.735779498578205 117.47842126631085
26 -1.7412434413852982 118.88192839386723
27 -1.746548465027928 116.56433532483518
28 -1.7518694059284217 118.65786329123598
29 -1.7572259057285615 117.25824888761247
30 -1.7630724299170693 117.5258029858353
31 -1.7688164695073882 116.59296453541484
32 -1.7743952492314392 115.70483279998867
33 -1.7798017260535315 116.75558227087784
34 -1.7852250675739858 116.22254579480322
35 -1.7906653622074988 114.8406690049039
36 -1.796122680980062 114.42771700870658
37 -1.801554833668078 115.5951589675725
38 -1.8067800489817618 114.95484096201886
39 -1.8119520748962905 113.48489153912061
40 -1.8170747656276314 114.23653018276268
41 -1.8225558760409921 114.29440506964828
42 -1.828112401614671 113.93035616055073
43 -1.8336859753044714 112.82948991237578
44 -1.839276537162234 112.74180048120314
45 -1.844494920494598 112.94586279068007
46 -1.8493820541274804 112.93797897666005
47 -1.8550196464620081 112.89188911668212
48 -1.8606738503689184 112.1603469242717
49 -1.8661778198709422 111.36869843979902
50 -1.8709230678766706 110.5950517785502
51 -1.8765926543549636 110.4934215574993
52 -1.882308534261955 111.58669525707586
53 -1.8873539429674036 112.87048937379625
54 -1.892636778529239 112.94290392584922
55 -1.8983963705693925 111.25849309874131
56 -1.9035463682379534 108.9127527010621
57 -1.9088017720489832 107.03058227501708
58 -1.9146033152597726 106.34861099592345
59 -1.919539389533818 107.39571455162645
60 -1.9250824472745125 109.59253777436511
61 -1.9308583240764405 112.70244679976788
62 -1.9356069960297728 115.15533688316116
63 -1.9414729559782558 116.75325204749167
64 -1.946577522542844 115.4152196202659
65 -1.95206473097975 110.8513804564222
66 -1.9577251414639836 105.19819234542709
67 -1.9626974320364319 101.05559948985177
68 -1.9686214789379588 98.36270279037599
69 -1.9733691639941602 97.4758207047434
70 -1.979314043818084 97.59423460843054
71 -1.9842437376810569 98.60732184851477
72 -1.9900425834709652 100.28310631010476
73 -1.9952060738871396 102.31554632791607
74 -2.000805073007248 104.97970712262152
75 -2.006122251485296 107.95831411599318
76 -2.0115994576180976 111.52862576359236
77 -2.0169947183939323 115.506886048547
78 -2.022423664554523 120.04120494945178
79 -2.027825351296631 125.07347236899933
80 -2.033275615398042 130.6208016467972
81 -2.038615507589272 136.39811951901814
82 -2.0441532386076404 142.43797321831352
83 -2.0493660716564643 147.7460678250072
84 -2.0550544823302723 152.74704831886726
85 -2.060077496386027 155.96568323570202
86 -2.0659773274652133 157.9924366388633
87 -2.070838338160547 158.34422293366143
88 -2.0769198009763743 157.47336085199333
89 -2.0817889247546666 156.36170873000634
90 -2.087743252744978 155.17141943347383
91 -2.09275640524077 154.63931823775744
92 -2.098311636284342 154.81533471387954
93 -2.1037389783313336 155.66734593415032
94 -2.108838426756874 156.7931549424055
95 -2.114734936689511 157.99599970862047
96 -2.119625907300659 158.30105914818117
97 -2.1255912400472976 157.27794606904882
98 -2.1306384457728322 154.9107941855109
99 -2.136002938852422 150.9658167024585
100 -2.141660696822173 145.56927674761755
101 -2.146562252667199 140.2660895153333
102 -2.152562167994918 133.75544902060076
103 -2.1575963970968988 128.4161991964302
104 -2.1628462349671778 123.29591787754273
105 -2.1686374620232156 118.11551216469447
106 -2.1735466206556673 114.22758886632676
107 -2.1791894849979716 110.20592275310088
108 -2.184596347474705 106.84412941842949
109 -2.1895090411601696 104.12783547474095
110 -2.195387182068371 101.48078768916199
111 -2.2005663626586704 99.56109475995797
112 -2.2054822836527697 98.35505533597242
113 -2.2114290510465726 97.48197639124815
114 -2.2165468577258665 97.77855000146214
115 -2.2214660496899707 98.83534075944908
116 -2.227304538438237 101.97030378168061
117 -2.232538351119253 106.32061309726878
118 -2.237461253747329 111.44648452602154
119 -2.2430030013264615 115.83347646298326
120 -2.2485426751494453 116.79787262689857
121 -2.253470173720954 115.0261568567667
122 -2.2585138900607284 112.33194277556592
123 -2.2642800420542484 109.29077812386689
124 -2.269496619045694 107.37421128123619
125 -2.2744321906656015 106.37878957293887
126 -2.2795164859114476 106.95891349688479
127 -2.2851762724724667 108.9053529780415
128 -2.290490358687497 111.2777368517936
129 -2.295437685516901 112.71073676739165
130 -2.3003883895733717 112.99462679174454
131 -2.3056673702548784 112.03254708250385
132 -2.3111826338407564 110.85426745855196
133 -2.316505991585099 110.58684083226062
134 -2.3214751714777795 110.93091998028085
135 -2.3264496464064233 111.92899565772406
136 -2.3314298669148257 112.83328955467694
137 -2.3364895449971654 112.76537391158038
138 -2.341818025850753 112.97475276985084
139 -2.3471124871569407 113.00529359017955
140 -2.3523726879477342 112.67849608917118
141 -2.357598410517392 112.92507368567931
142 -2.3627197669218405 114.46161417220512
143 -2.3677582930069963 114.44460252916275
144 -2.3728075657541954 114.13023400771715
145 -2.377868379909012 113.60452888731415
146 -2.3829415781316587 115.39883807726335
147 -2.3880280535635965 115.56646338305934
148 -2.3931287525711773 114.25276028909674
149 -2.398144603078753 114.85100797351346
150 -2.4030540993663245 116.36952410377599
151 -2.407928228392364 116.6396658535413
152 -2.412767027238086 115.29508577679285
153 -2.4175846078396086 116.45667141640938
154 -2.4227890203184184 116.82594914725192
155 -2.428015788541894 116.3442058643691
156 -2.4332663980022433 118.08475352316299
157 -2.437981650385424 118.16781578979176
158 -2.442599393821188 116.97556607459535
159 -2.447843431287918 118.99633814541234
160 -2.453199463629868 117.30200898514867
161 -2.457745881229319 118.26364677193759
162 -2.462653187367205 117.9397830342616
163 -2.4681049792452545 119.54470935840233
164 -2.472521077718463 121.15691053436913
165 -2.4777424212809467 118.54889528311617
166 -2.482648888514645 121.75082808767462
167 -2.487515499261936 120.20978662374144
168 -2.4926047897153047 120.42197687723473
169 -2.4974414866508656 121.91798725754812
170 -2.5023936332738153 117.51437536943814
171 -2.5075399050058795 118.48079868004496
172 -2.5120205348842126 119.9043535399006
173 -2.5174510428283017 123.54832783650549
174 -2.522310795739574 123.70611114862919
175 -2.5268345442470506 121.80430370015951
176 -2.5321299709430405 122.97577301691845
177 -2.5373782348853915 124.61921504015741
178 -2.5422400225033357 122.41761577735178
179 -2.5469760873559713 125.19338290072757
180 -2.5517699029278833 117.87612422212625
181 -2.5566586950771053 123.7757837150109
182 -2.561698416791739 122.00878418976407
183 -2.56669743602204 125.07660271209072
184 -2.5716568720192075 119.75873284770444
185 -2.5767419894937245 120.90736078306408
186 -2.5819684634343947 127.85926748877725
187 -2.587284355821803 117.5900287689498
188 -2.5923187835884383 119.22553824096747
189 -2.597088579845208 122.9262835304947
190 -2.601948059626742 125.97154262220658
191 -2.6076510518028084 128.63013070878392
192 -2.6123696940500447 127.88514247637838
193 -2.617438090537602 127.19889473698714
194 -2.622765045665945 127.95127346185224
195 -2.6276186246999083 128.97510340715976
196 -2.6330230130846592 127.05896747997788
197 -2.6382496746253175 123.20668659615365
198 -2.6431544724494316 118.51065933404462
199 -2.648732261698406 117.59205623191791
200 -2.6540231581051503 127.85822867100757
201 -2.65874907954413 121.29668839873816
202 -2.664173994108923 119.79521599459959
203 -2.6696309898726236 124.94444808575692
204 -2.6750600051353617 121.18154232027207
205 -2.680462542069222 122.91967561100752
206 -2.685840053726336 117.66374666490614
207 -2.691193945051353 123.14145616192377
208 -2.6965255738935365 124.52274349833114
209 -2.7018362520160175 121.78398470829728
210 -2.7072948532754038 123.1359560303202
211 -2.7134522098948444 123.79232510900886
212 -2.7187041949032467 123.46693249027767
213 -2.723940261222055 119.87460228779507
214 -2.730204087141619 117.96193967014122
215 -2.7354089696176196 119.43161795171723
216 -2.741290708779519 119.9312753882475
217 -2.7468168755106186 119.62644277361622
218 -2.753017365049 121.92711448080269
219 -2.758174032156129 118.5266256516981
220 -2.7643507807107657 120.42782691221558
221 -2.7702074726064576 119.48873719476957
222 -2.775647313808935 117.97826490946377
223 -2.7817964030064584 116.52700121506078
224 -2.7879381035320776 119.09640455214111
225 -2.794073554970767 116.27302100603407
226 -2.800203834846374 118.68275310520362
227 -2.806019037522719 116.29729058679143
228 -2.811945378880525 117.2210139529978
229 -2.818132354646221 116.45623100990892
230 -2.8246064537500994 116.1340925197506
231 -2.830811305802854 116.22885232086934
232 -2.836929980367036 115.42296568951548
233 -2.8430494649958113 114.32179454981062
234 -2.8491704135072227 115.65249477439271
235 -2.855293434495811 114.58313235398377
236 -2.8624403305296364 114.16368931564708
237 -2.8685697252318483 114.36247883761125
238 -2.87470283670965 114.15830725490952
239 -2.8815018188429637 112.7657652602161
240 -2.8880060170432555 112.75906868942091
241 -2.8941535893753763 112.96702576232926
242 -2.90133245458525 113.00322534394515
243 -2.90749182934812 112.28726384403515
244 -2.9146851827421236 110.90855308921222
245 -2.92085751015531 110.39523564294339
246 -2.9280665034087097 111.35748107532324
247 -2.934252614231774 112.87642399640623
248 -2.941478038859698 112.38481337764524
249 -2.947678466962012 110.17147116173598
250 -2.954920780419648 107.6539136793658
251 -2.9621722704939892 106.37843910976403
252 -2.968395134548046 107.82740329370725
253 -2.9756636212007463 111.32224144923241
254 -2.9829411618874335 115.21858153928541
255 -2.989186168149213 116.7287355717818
256 -2.9964801659460334 113.46294443640983
257 -3.0037827686606478 105.99489625772226
258 -3.0110937499256427 100.55541610161987
259 -3.0176599433338853 97.88389802644684
260 -3.024692605379542 97.52610220568928
261 -3.0320259892507897 98.6556898028478
262 -3.039366586558179 101.06579926081828
263 -3.046714027851609 104.2386607136159
264 -3.054067919413717 108.45219635559677
265 -3.060558640065296 112.76507125068433
266 -3.067740823390704 118.49430199986551
267 -3.0751107804041204 125.15607077672296
268 -3.0824854741950425 132.82020728890654
269 -3.0898644181376977 140.72099482109198
270 -3.0972471116029885 148.47341849451493
271 -3.104633041707805 154.4175204437645
272 -3.11202168506442 157.81921245117763
273 -3.1194125095302057 158.18034468701654
274 -3.12680497595781 156.88826353108985
275 -3.134198539945809 155.2597831323366
276 3.141592653589793 154.64861091414306
277 3.1341985399458085 155.25978313358894
278 3.12680497595781 156.8882635294017
279 3.1194125095302057 158.18034468654216
280 3.1120216850644193 157.8192124517509
281 3.1046330417078045 154.41752044376017
282 3.0972471116029885 148.47341849564475
283 3.0898644181376977 140.72099482169864
284 3.082485474195042 132.8202072902278
285 3.07511078040412 125.15607077609586
286 3.067740823390704 118.4943019984274
287 3.0605586400652958 112.76507125068407
288 3.054067919413717 108.45219636146943
289 3.046714027851609 104.23866071446915
290 3.0393665865581787 101.06579926098424
291 3.0320259892507893 98.65568980374012
292 3.0246926053795415 97.52610220568887
293 3.017659943333885 97.88389802583256
294 3.0110937499256427 100.55541609696986
295 3.0037827686606478 105.99489625592777
296 2.9964801659460334 113.46294443616377
297 2.9891861681492125 116.72873555605338
298 2.982941161887433 115.21858154185409
299 2.975663621200746 111.32224144530265
300 2.968395134548046 107.82740329492809
301 2.9621722704939892 106.37843910232857
302 2.9549207804196476 107.65391368431175
303 2.947678466962012 110.17147118098242
304 2.9414780388596977 112.38481337764624
305 2.9342526142317737 112.87642399761356
306 2.928066503408709 111.35748107611238
307 2.9208575101553094 110.3952356376736
308 2.914685182742123 110.90855306672394
309 2.90749182934812 112.2872638376035
310 2.9013324545852495 113.00322531857036
311 2.894153589375376 112.96702580412025
312 2.8880060170432555 112.75906864959424
313 2.8815018188429637 112.76576526047994
314 2.8747028367096497 114.15830724907792
315 2.8685697252318483 114.36247883635303
316 2.862440330529636 114.16368934512288
317 2.855293434495811 114.58313235398386
318 2.849170413507222 115.65249476964894
319 2.8430494649958113 114.32179454981022
320 2.8369299803670356 115.42296568896691
321 2.8308113058028535 116.22885231868187
322 2.824606453750099 116.13409252056039
323 2.818132354646221 116.45623100969154
324 2.811945378880525 117.22101395299688
325 2.806019037522719 116.29729058679047
326 2.8002038348463736 118.6827531004322
327 2.7940735549707667 116.273021006619
328 2.7879381035320776 119.09640455229135
329 2.7817964030064584 116.52700121318416
330 2.7756473138089346 117.97826491137216
331 2.770207472606458 119.48873719499312
332 2.7643507807107657 120.42782691129368
333 2.7581740321561288 118.5266256516046
334 2.753017365049 121.92711450145315
335 2.746816875510618 119.62644277456597
336 2.741290708779519 119.9312753882461
337 2.7354089696176196 119.43161795171774
338 2.7302040871416184 117.96193966868408
339 2.723940261222055 119.8746022877951
340 2.718704194903246 123.46693249006324
341 2.7134522098948444 123.79232511007262
342 2.7072948532754038 123.13595603028226
343 2.7018362520160175 121.78398470784309
344 2.696525573893536 124.52274349900927
345 2.691193945051353 123.14145616205738
346 2.6858400537263356 117.66374666425767
347 2.680462542069222 122.9196756118272
348 2.6750600051353617 121.18154232027551
349 2.669630989872623 124.94444808650799
350 2.664173994108923 119.79521599454614
351 2.65874907954413 121.29668839952997
352 2.6540231581051503 127.85822867103929
353 2.648732261698406 117.59205623191785
354 2.6431544724494316 118.51065933503817
355 2.638249674625318 123.20668659595943
356 2.633023013084659 127.0589674801282
357 2.6276186246999083 128.97510340740945
358 2.622765045665945 127.95127346185225
359 2.617438090537602 127.1988947369871
360 2.6123696940500443 127.88514247651382
361 2.6076510518028084 128.63013070878424
362 2.601948059626742 125.97154262220656
363 2.5970885798452077 122.92628353087305
364 2.592318783588438 119.22553824116318
365 2.587284355821803 117.59002876897766
366 2.581968463434395 127.85926748859487
367 2.5767419894937245 120.90736078302548
368 2.5716568720192075 119.75873284532196
369 2.56669743602204 125.07660271208894
370 2.5616984167917387 122.00878419030751
371 2.5566586950771053 123.77578371238964
372 2.5517699029278833 117.87612422212608
373 2.5469760873559713 125.19338290072781
374 2.5422400225033357 122.41761577728492
375 2.537378234885391 124.61921504174916
376 2.5321299709430405 122.97577301668099
377 2.52683454424705 121.80430369417601
378 2.522310795739574 123.70611114862949
379 2.5174510428283012 123.54832783604853
380 2.512020534884212 119.90435354145816
381 2.5075399050058795 118.48079868004503
382 2.502393633273815 117.51437536958382
383 2.4974414866508656 121.91798725754848
384 2.4926047897153047 120.42197687723633
385 2.487515499261936 120.20978662374154
386 2.4826488885146447 121.75082808778734
387 2.4777424212809467 118.5488952831111
388 2.472521077718463 121.1569105343691
389 2.4681049792452545 119.54470935840226
390 2.462653187367205 117.93978303426185
391 2.457745881229319 118.26364677246075
392 2.453199463629868 117.30200898708512
393 2.4478434312879176 118.99633814564599
394 2.4425993938211876 116.97556607534871
395 2.437981650385424 118.1678157898148
396 2.4332663980022433 118.08475352316319
397 2.428015788541894 116.34420586436903
398 2.4227890203184184 116.82594914725165
399 2.4175846078396086 116.45667141640907
400 2.4127670272380857 115.29508577679472
401 2.407928228392364 116.63966585360197
402 2.4030540993663245 116.36952410377413
403 2.3981446030787525 114.85100797190952
404 2.3931287525711773 114.25276028871325
405 2.3880280535635965 115.56646338306004
406 2.3829415781316587 115.39883807726295
407 2.3778683799090117 113.60452888743183
408 2.372807565754195 114.13023400729006
409 2.3677582930069963 114.44460252847713
410 2.3627197669218405 114.46161417220524
411 2.3575984105173915 112.92507368518262
412 2.3523726879477342 112.6784960896389
413 2.34711248715694 113.00529359090395
414 2.3418180258507526 112.9747527699324
415 2.336489544997165 112.7653739135463
416 2.3314298669148257 112.8332895546771
417 2.326449646406423 111.92899565749087
418 2.3214751714777795 110.93091998028045
419 2.316505991585099 110.5868408319405
420 2.311182633840756 110.85426745854996
421 2.3056673702548784 112.03254708212522
422 2.3003883895733717 112.9946267915292
423 2.295437685516901 112.71073676774645
424 2.290490358687497 111.27773685179281
425 2.2851762724724662 108.90535297770157
426 2.279516485911447 106.95891349665003
427 2.2744321906656015 106.37878957293877
428 2.269496619045694 107.37421128123592
429 2.264280042054248 109.29077812402535
430 2.2585138900607284 112.33194277556665
431 2.253470173720954 115.02615685676692
432 2.2485426751494453 116.79787262715384
433 2.243003001326461 115.83347646185666
434 2.237461253747329 111.44648452564188
435 2.232538351119253 106.3206130972688
436 2.2273045384382364 101.97030378238783
437 2.2214660496899707 98.83534076047076
438 2.2165468577258665 97.77855000161985
439 2.2114290510465726 97.48197639032374
440 2.2054822836527697 98.35505533597222
441 2.200566362658671 99.56109475977583
442 2.195387182068371 101.48078768429194
443 2.1895090411601696 104.12783547320532
444 2.184596347474705 106.84412941842952
445 2.179189484997971 110.20592274437885
446 2.1735466206556677 114.22758886687936
447 2.1686374620232156 118.11551216469447
448 2.1628462349671773 123.29591787319356
449 2.1575963970968988 128.41619919643023
450 2.1525621679949176 133.75544902628044
451 2.146562252667199 140.26608951533325
452 2.141660696822173 145.56927674760522
453 2.136002938852421 150.96581670442035
454 2.1306384457728322 154.91079418551087
455 2.125591240047297 157.27794606940802
456 2.119625907300659 158.30105914637423
457 2.114734936689511 157.99599970862067
458 2.1088384267568734 156.79315494248402
459 2.1037389783313336 155.6673459341504
460 2.098311636284342 154.81533471308757
461 2.09275640524077 154.63931823775718
462 2.087743252744977 155.17141943579676
463 2.0817889247546666 156.36170873000626
464 2.0769198009763743 157.47336085199322
465 2.070838338160547 158.34422293365049
466 2.0659773274652133 157.99243663886327
467 2.060077496386026 155.96568323802512
468 2.0550544823302723 152.74704831886731
469 2.049366071656464 147.7460678253371
470 2.0441532386076404 142.4379732183135
471 2.038615507589271 136.39811951892344
472 2.033275615398042 130.62080164679713
473 2.0278253512966304 125.07347236946285
474 2.022423664554523 120.04120494945171
475 2.016994718393932 115.50688604803125
476 2.0115994576180976 111.52862576359216
477 2.0061222514852957 107.95831411651542
478 2.000805073007248 104.97970712262168
479 1.995206073887139 102.31554632757387
480 1.9900425834709652 100.28310631010457
481 1.9842437376810562 98.60732184937731
482 1.979314043818084 97.59423460780992
483 1.9733691639941602 97.47582070339004
484 1.9686214789379588 98.36270279037593
485 1.9626974320364319 101.05559949096671
486 1.9577251414639827 105.19819234615059
487 1.95206473097975 110.85138045642188
488 1.9465775225428437 115.41521962051026
489 1.9414729559782558 116.75325204749169
490 1.9356069960297728 115.15533688376274
491 1.93085832407644 112.70244679892708
492 1.9250824472745125 109.5925377743624
493 1.9195393895338175 107.39571455211961
494 1.9146033152597726 106.34861099592345
495 1.9088017720489834 107.03058227546292
496 1.903546368237953 108.91275270063407
497 1.8983963705693925 111.25849309874133
498 1.892636778529239 112.942903925849
499 1.887353942967403 112.87048937379565
500 1.882308534261955 111.58669525707582
501 1.8765926543549636 110.4934215574985
502 1.8709230678766702 110.59505178025795
503 1.8661778198709422 111.36869843980676
504 1.8606738503689182 112.16034692406745
505 1.8550196464620081 112.8918891166819
506 1.8493820541274804 112.9379789677009
507 1.8444949204945973 112.94586279068513
508 1.839276537162234 112.74180048120304
509 1.8336859753044714 112.82948991218892
510 1.828112401614671 113.93035616055079
511 1.8225558760409921 114.29440506986036
512 1.817074765627631 114.23653018338808
513 1.81195207489629 113.48489153912472
514 1.8067800489817614 114.95484096170154
515 1.8015548336680776 115.59515896671796
516 1.796122680980062 114.42771700912282
517 1.7906653622074988 114.84066900490402
518 1.7852250675739858 116.22254579480322
519 1.7798017260535315 116.75558227046845
520 1.7743952492314392 115.70483279752563
521 1.7688164695073874 116.59296453516662
522 1.7630724299170681 117.5258029858191
523 1.7572259057285604 117.25824888625947
524 1.7518694059284217 118.65786329108367
525 1.746548465027928 116.56433532483588
526 1.7412434413852982 118.88192839386714
527 1.7357794985782042 117.47842126664787
528 1.729627267026463 118.69789572931634
529 1.7243715584640982 118.61310728214158
530 1.719130741385779 119.28785037134301
531 1.7128609330105282 120.01197815543514
532 1.7076517277264815 119.98585807716867
533 1.701418958246209 120.24094520896
534 1.6962397671133578 120.39192372907922
535 1.6900419700938143 121.90195647532322
536 1.6848910242642998 118.43569674004499
537 1.6787259376065113 121.66043272963749
538 1.6725776997097683 122.31632827887901
539 1.6673316244098895 123.40188000780404
540 1.6613470761824405 122.1294104383008
541 1.655242282741728 121.696265472991
542 1.6491512493846636 124.3162817221086
543 1.6430731063850486 124.11290607788771
544 1.6370069612029352 117.88972231193931
545 1.630951899530869 122.65759131396452
546 1.624746638442755 122.6898022445819
547 1.617866119052383 119.80890853041336
548 1.6118398732836874 121.05549744293118
549 1.6048181078591173 124.93347825729305
550 1.5988058746265106 119.35125008720766
551 1.5917976780512393 122.86186313912616
552 1.5857946754865495 127.08632603689874
553 1.5787944036907304 128.31424484329472
554 1.5717960353993654 127.1291812557445
555 1.564797905134614 127.81227411956823
556 1.5577983470053816 127.76847652816026
557 1.5517963311150385 123.67594260796996
558 1.5447897248128648 119.61684466833402
559 1.5377769653573778 121.76092784437476
560 1.5317599109761524 123.5225238154325
561 1.525736123839935 120.4195199021112
562 1.5186985570261218 124.52811864913463
563 1.51265681046273 120.71873988613751
564 1.5066052323538932 119.98760676156836
565 1.5005428815492137 123.98610894157687
566 1.4944688372225001 122.30019867490866
567 1.4883821999391995 123.06069166311435
568 1.4822820927085527 123.77557260655699
569 1.476167662018586 123.97089447565057
570 1.4700380788520098 123.43636955590797
571 1.4649179499750369 119.8037525979062
572 1.4587585800610294 117.90871446119556
573 1.4525818668598267 120.80379968640736
574 1.447420873975898 119.94601477928528
575 1.4412106037954444 120.01313869738806
576 1.4360207021693483 121.99187536264672
577 1.429774682969044 118.95541559628904
578 1.4245541652598344 120.53273538541738
579 1.4189415848942424 119.63910701440996
580 1.4130177351484197 118.05697140068824
581 1.407749955020783 116.41949736275095
582 1.4024668063949557 119.62900979572778
583 1.396414962643862 118.11330721972334
584 1.3907887141693243 118.16492435275902
585 1.3854549189632341 117.86687552720174
586 1.3801048608594166 116.91731278976822
587 1.374738374315171 116.63679602620121
588 1.3693553113770345 116.19519192118757
589 1.3639555416515605 116.27942184123236
590 1.3585389522635305 116.10344154398071
591 1.3531054478010216 115.89397918772536
592 1.3476549502467876 114.37124182341417
593 1.3421873988954518 115.8918410399605
594 1.3367027502560327 115.59883933816847
595 1.3312009779393745 113.61044512131471
596 1.3256820725300775 114.13394775327467
597 1.3201460414425705 114.34256461126982
598 1.3145929087610004 114.4009372848694
599 1.3094172805079622 112.94072637909426
600 1.3044628145137653 112.4870932070595
601 1.298953676157939 112.73183492237891
602 1.2933361411186923 113.09636874903578
603 1.2877018511710825 113.03523503954507
604 1.2825797239664753 112.44844289558446
605 1.2775183647451944 111.48054236033298
606 1.271837920841021 110.62565620527535
607 1.266141246611273 110.46094761964844
608 1.2612487164148591 111.257917529463
609 1.2558470058134388 112.57052115781866
610 1.2501059473522413 112.95500559211816
611 1.2449594025609798 111.74504572881766
612 1.2397332195116173 109.83850525166493
613 1.2339494231872292 107.69418498673825
614 1.2288851588603895 106.59491720946929
615 1.2235014427441968 106.87751180386346
616 1.2176768148056318 108.90244095590553
617 1.2129916544816586 111.37970846235153
618 1.207157250389615 114.66100205573221
619 1.2017350068047783 116.70400908102995
620 1.1965937659143187 116.03819595716705
621 1.190706831394923 111.76580472765879
622 1.1859881338667762 107.1355360831346
623 1.1800785962712066 101.9401525632562
624 1.1749929940240067 99.25407359675266
625 1.1694111125395295 97.78134644103928
626 1.1639498722044401 97.57304398396181
627 1.1587063289976098 98.17702561840058
628 1.1529582471906767 99.70916126866886
629 1.147966243623135 101.55251758985086
630 1.142014614448221 104.26930209966507
631 1.1371928921179204 106.9485168272804
632 1.1311940784535917 110.69394924749668
633 1.1263883361318863 114.20021023547203
634 1.1203730843014277 119.07641261399131
635 1.1155546511841075 123.39803024357741
636 1.109524115122076 129.40404010232078
637 1.1046939142971066 134.43846510470692
638 1.098672129406827 140.9934996788857
639 1.0938081913587268 146.1792495584536
640 1.0879373103801664 151.64702471259173
641 1.0828995242233912 155.29186115608977
642 1.0772415665194044 157.68841460498152
643 1.0719699175612418 158.3153798670543
644 1.0665849809706478 157.80223528163594
645 1.0610213254595586 156.62399365619927
646 1.0559679846328258 155.55337555430575
647 1.050055637775918 154.74915833277132
648 1.0451769890367026 154.67124200479458
649 1.0390746662367432 155.40966340627466
650 1.034189762308083 156.42837511400595
651 1.0285554809068191 157.68800096485472
652 1.0231896916948027 158.36950495626843
653 1.0180892836964626 157.89165058635245
654 1.0121783358718206 155.64145125912214
655 1.007281146194284 152.2743023852788
656 1.0014381985241458 146.98401817412017
657 0.9962559270618964 141.6070759644842
658 0.9910934649246635 136.06449010641273
659 0.985222644356326 129.79825659613437
660 0.9803166326132133 124.79590856812817
661 0.9746475067143174 119.56825211564993
662 0.9692734239955275 115.090018644835
663 0.9643634301721193 111.4976499414017
664 0.9583397060733134 107.5676719856334
665 0.9533118618370238 104.79469015199516
666 0.9482218775847586 102.41558048123872
667 0.9422551615431356 100.11150962460235
668 0.9373394141681393 98.6306996642817
669 0.9321599530594027 97.59296337794987
670 0.9262754780202416 97.4454441798974
671 0.9213564715652224 98.3638260441702
672 0.9162630927728114 100.79857488365185
673 0.9103465030779656 105.33368925927657
674 0.9053622236047193 110.28185572726278
675 0.9004383891327101 114.51798213377013
676 0.8946939398466707 116.72773949994001
677 0.8893545097460283 115.6319520919737
678 0.8844258062692867 113.09956961853821
679 0.87923153635142 110.10761895043858
680 0.8734842378842748 107.56414507655815
681 0.8683945684799489 106.58724189623311
682 0.8634572434511266 106.9452415140505
683 0.8582996543287594 108.16984859949567
684 0.8526599237301561 110.43656699971393
685 0.8473921338391688 112.32242018121778
686 0.8424422503601018 113.23308051428211
687 0.8374887575153116 112.2544075297173
688 0.8322448917310029 110.80981492655641
689 0.8267510132848097 110.49281528576648
690 0.8213603147898733 111.01590715893965
691 0.8163871613543948 111.66228028621386
692 0.8114083788167824 112.47696790719228
693 0.8064234940927516 113.03563661653645
694 0.8014320023250643 112.98206275722065
695 0.7962412141481295 112.59812826716828
696 0.7909695410969114 112.58872548365996
697 0.7857322803789311 112.94891386940208
698 0.780529634301581 114.05982874123411
699 0.7753617816574301 114.29529354381219
700 0.7702288776563243 114.26875149897589
701 0.765131053911013 113.43159032455117
702 0.76006841847551 114.81741304213901
703 0.7550410559352309 115.64714900469484
704 0.7500490275477861 114.8306404338469
705 0.7450923714331656 114.65786203927824
706 0.7401711028118938 116.44534466433133
707 0.7352852142896037 116.04271624289582
708 0.7304346761863444 116.27656204716439
709 0.7253057057949993 116.13295688765399
710 0.720106730975397 116.67631317863979
711 0.7148857730871228 117.27759379817898
712 0.7098217301127047 117.37282358449963
713 0.7051579152167956 118.74385692467244
714 0.7004015734750354 115.99737236804661
715 0.6950833857892068 118.91213342427694
716 0.6898602614443398 118.71988617280287
717 0.685344548042371 117.17956817043368
718 0.6802965743061755 117.62504988138467
719 0.6749378186141337 119.65890480530624
720 0.6705327084179018 119.91655736589477
721 0.66523493684939 119.57147966117101
722 0.6603799606194163 120.08282339003456
723 0.6554822443248355 120.91421100366615
724 0.6503997912126467 119.36329645220114
725 0.6455792405274716 120.87577109367427
726 0.6405873898472677 118.68219291758061
727 0.6355067442908479 117.88255592365432
728 0.630937675593075 121.61967415896108
729 0.6254945063248019 122.17051833934697
730 0.6207789693125177 123.16708118314217
731 0.6160894267635438 122.29331228705789
732 0.6107820731103234 124.32800829309755
733 0.6055830278682313 123.45352734671035
734 0.6009189621147419 122.92917361947363
735 0.5962015949443128 123.69659126749893
736 0.5912925238125332 117.53837402670912
737 0.5862003528316472 122.73537176042424
738 0.5811502867398717 120.83242733177065
739 0.5761411989883425 123.98901120377569
740 0.571171968989215 120.16594539342668
741 0.5662414834632575 121.17844552915182
742 0.5613486376979343 125.74892748420145
743 0.5560905566434586 120.23137385063983
744 0.5507114301310465 119.94923867219971
745 0.5456934156007193 121.34785815356705
746 0.5409482818516516 124.65804125063283
747 0.5358558032637158 127.80325840228093
748 0.5303869796597148 127.78650216437568
749 0.5257418949727212 127.06730702317812
750 0.5201326566315493 127.49534141083416
751 0.5153935690031298 128.44374011612163
752 0.5097793772133914 127.69175700156956
753 0.5051789650289074 123.9490594123416
754 0.49955797885878633 117.79798860886103
755 0.49446826649525366 118.45036403016002
756 0.4895302004196222 125.06669893310053
757 0.484006149427559 122.65255367604611
758 0.47851355143841123 120.39824660377394
759 0.47305587884743944 124.72957923774308
760 0.4679781332148743 122.55009247894186
761 0.46276644112652193 123.5562985627016
762 0.45741046680924724 117.9025495800243
763 0.4518989404494775 124.8545848780325
764 0.4462195621026242 123.00099183204429
765 0.440816925891718 122.69404906974273
766 0.43552207749828104 124.10886762967635
767 0.43024592912719944 123.18121369115791
768 0.4247967750593688 122.73774950532558
769 0.4186983873123235 119.5717976690989
770 0.41347424446899134 118.90455199283404
771 0.4076787414544582 117.50349373956846
772 0.40202886740713517 121.30017613974644
773 0.39648304042136684 119.19799395964348
774 0.39064053214383876 121.3778551918154
775 0.3844492474401301 118.47669116711083
776 0.37929950554674163 121.36317886264938
777 0.3731302106810306 119.57316544214531
778 0.36697099179224896 117.61713127796838
779 0.36184507298222546 117.17375583162506
780 0.3557010350720217 119.60932811542948
781 0.3495636205718533 118.35165938159825
782 0.34343173122382226 118.25573813724301
783 0.3373043293487856 117.33265209802344
784 0.3311804356553612 117.52558165365068
785 0.3250591271593196 116.3902759365259
786 0.31893953520572177 115.25077432419118
787 0.3128208435866647 116.35274485038606
788 0.30670228674791855 116.27021775895152
789 0.30058314807817516 114.41731459820882
790 0.29446275827499424 115.81993806175619
791 0.2874986704825 114.91647080853589
792 0.2811947084974789 113.48789213844213
793 0.2750664500301348 113.92755106816324
794 0.26893462831672615 114.2457155221181
795 0.26177573608242394 112.97226791294463
796 0.2556347071766109 112.74289952603489
797 0.24948680428214157 112.97499261382912
798 0.24231206427925253 112.7668200689263
799 0.23615458812316506 112.54885355636709
800 0.228963548541506 111.46338549092481
801 0.22279327504330523 110.76105251702374
802 0.2155867488160808 110.67103308994635
803 0.2094027995831036 112.30865542983679
804 0.2021799414169904 112.96939198751195
805 0.19494805583828562 110.71057056590013
806 0.1887420409777216 108.07019643768362
807 0.1814931744600718 106.64363107251351
808 0.17527255398901068 107.34211195112567
809 0.16800667110555478 110.08593209116509
810 0.16073170652282304 114.2412355881583
811 0.15344777128740977 116.80964909938834
812 0.1471973741137569 114.8786323110467
813 0.13989720833392308 108.30308819264992
814 0.13258859588763644 101.64293939344262
815 0.12527178684826262 98.36192580524839
816 0.11899392709020443 97.56583894446169
817 0.11166266845985082 98.12632564188976
818 0.10432409554058074 100.28835089210136
819 0.09697857052468913 103.23634630580702
820 0.08962648037598052 107.12373589667511
821 0.08226823506707451 111.93482956604045
822 0.07595659586542526 116.73340090591802
823 0.06858807943649395 123.14952939938381
824 0.06121469001099033 130.52971763429554
825 0.05383690989240298 138.46341302910068
826 0.0464552358873868 146.32049346296998
827 0.039070177556405225 152.98513029797846
828 0.031682255464391476 157.12886258215033
829 0.024291999431140472 158.35589816407693
830 0.0168999467812723 157.3271106185348
831 0.009506640593713344 155.69202241450586
832 0.0021126279507227698 154.68180241744432
833 -0.005281541813436258 154.97603887966528
834 -0.012675318864042304 156.37339912107984
835 -0.020068154617510884 157.93936093399424
836 -0.027459503492866064 158.1649860549147
837 -0.034848824662933084 155.71835121890678
838 -0.042235583805124405 150.34338917272052
839 -0.049619254851751546 143.0472857661234
840 -0.05699932173986565 134.98824231101932
841 -0.06437528016072314 127.31195033763379
842 -0.07174663930909066 120.24165549965379
843 -0.07911292363273134 114.25751346347552
844 -0.08542249527143045 109.76509246659495
845 -0.09277815425853256 105.38731135575209
846 -0.10012747967830804 101.80440736589338
847 -0.10747007120358476 99.32408124098167
848 -0.11480555227072183 97.60028020264474
849 -0.12213357184501704 97.77748682277513
850 -0.12840854844999927 99.4057377965452
851 -0.13572187735536806 104.17893928421985
852 -0.14302689851436837 111.41818333995326
853 -0.15032337596565754 116.44262414136071
854 -0.15657054752258076 116.1434667447139
855 -0.16385065431731824 112.50801635762055
856 -0.1711217380154793 108.58314255852606
857 -0.1773468425819273 106.70086672685744
858 -0.1846009559656522 107.0150587157281
859 -0.1918458889817398 109.3428883609799
860 -0.1980485481257864 111.90200567223164
861 -0.20527655003994708 113.16438054598652
862 -0.21146483496080928 111.93187950295412
863 -0.21867631400377915 110.39458896393852
864 -0.22513438534001196 110.84985996373638
865 -0.2320464094019261 111.92933451499674
866 -0.23820770986609724 113.0178486317764
867 -0.24538871426680206 112.91940388145008
868 -0.25153801387458 112.65655173795749
869 -0.2587058060152725 112.83645216730038
870 -0.2648445439761236 113.62710035196999
871 -0.2709789934880057 114.49383660626489
872 -0.278130995617475 114.129266206744
873 -0.284257651811231 113.63209193204527
874 -0.29038149210270175 115.33765075822133
875 -0.2965030670424206 115.11094257879192
876 -0.3030439121717543 114.61257758140759
877 -0.3097615961349219 116.21864206756706
878 -0.315880126800897 116.66666867327298
879 -0.32199916904677456 116.15577776585897
880 -0.3281195137241774 116.7404156951571
881 -0.33424200326286563 115.96123177944136
882 -0.340367533512107 118.26659571211124
883 -0.34649705567462386 116.04055074784151
884 -0.3520055169759372 118.93337391689462
885 -0.35774825694862683 118.31077780896322
886 -0.36389474847952674 118.62227430748132
887 -0.3700494221560037 118.62335457648294
888 -0.3758620839287997 119.35957978026359
889 -0.3813584034004874 120.16908676836755
890 -0.3875432240956595 121.02289302748852
891 -0.3927073540737147 120.32683039312933
892 -0.39891772667265196 120.55363968793904
893 -0.4041053127047821 122.00566672032816
894 -0.4103465333511668 118.38498890584845
895 -0.4155621677247926 121.60127667941676
896 -0.42150960591596737 121.92632773038767
897 -0.4270887138457847 123.41016739482018
898 -0.4323542220697582 121.78162470425767
899 -0.43763771192529904 123.10572896540782
900 -0.44331212222394656 124.86209041006113
901 -0.4490810706243818 122.77090332413206
902 -0.45467527716412587 119.65966038986507
903 -0.46005266763500857 121.0997292742478
904 -0.46538994941510864 120.73068197056672
905 -0.4705330436332727 123.35190557407616
906 -0.475546846370853 120.80617779219928
907 -0.4807069299394046 121.33752440557423
908 -0.48621190276858445 126.36454759881298
909 -0.491748984641603 118.74725495069264
910 -0.4967202318319692 120.0036468930118
911 -0.5018019311704255 121.91653867641011
912 -0.507437884640664 125.84529031681491
913 -0.5119743988329292 127.90173785066753
914 -0.5176812592661144 127.82937542984993
915 -0.5222769278073677 127.08226859821256
916 -0.52806081095216 127.89198732501646
917 -0.5327205553266968 128.92344719818038
918 -0.5377567249826988 127.60591935772626
919 -0.5433168086139971 123.37900661405025
920 -0.5480782852940637 117.81362506767601
921 -0.5528733399297824 118.33234276580737
922 -0.5578625896126362 125.5976468655364
923 -0.563118010417569 122.75334097306782
924 -0.5682878287429164 120.7599962220493
925 -0.5733773145510995 123.71795586203456
926 -0.5783913747892644 122.66158155678296
927 -0.5833345818729889 121.99305437666983
928 -0.5882111995854955 119.3846925162225
929 -0.5930252066569021 121.23622205751441
930 -0.5977803182580665 122.80783657011442
931 -0.6029095626115389 125.08641945655937
932 -0.6081462421955622 121.72865016260369
933 -0.6132450410566052 122.86196225308883
934 -0.6177800172387913 123.85389360919007
935 -0.6227918463980652 122.96624601769187
936 -0.6281964008944328 119.72808259330364
937 -0.6325947877065584 120.54314600806356
938 -0.6378139560831833 118.39846256523184
939 -0.6427195786412764 121.82570948180778
940 -0.6475793463150086 120.22330911936659
941 -0.6526689474648658 119.78471926073618
942 -0.6575110784098576 121.81566665195349
943 -0.6624627629497732 118.49429753540682
944 -0.6676140449342817 121.27141127615914
945 -0.6721186012147583 119.3196620406433
946 -0.6775800642052404 118.44760733771702
947 -0.6823527155851261 118.6707181287896
948 -0.687049048632171 116.41544173898328
949 -0.6924131578538203 119.54365235264466
950 -0.6974616037703123 118.45188432156833
951 -0.7020679330113441 116.88611833882511
952 -0.7070095697707535 118.21188321802984
953 -0.7122664901296233 115.9429696742546
954 -0.7174991678800756 117.2354978083106
955 -0.7224286878210536 116.31429127635275
956 -0.7272205159587851 115.69196924123783
957 -0.7320475855358686 116.75366526180738
958 -0.736929877128989 116.26259244917041
959 -0.7420663752341089 115.63932615946464
960 -0.7471863004285128 114.22110157101518
961 -0.7522907307873615 115.89481116879622
962 -0.7573806842047949 115.51548351000287
963 -0.7624571215951496 113.73997843903909
964 -0.7675209498821526 114.10512840257232
965 -0.7725730247923978 114.09598868441144
966 -0.7776141534680115 114.15821226065967
967 -0.782645096912171 113.4933865097861
968 -0.7876665722799945 112.77927073980918
969 -0.7927229860610459 112.65651218434427
970 -0.7980060245742746 112.908117091303
971 -0.8033231617385455 113.20492089197076
972 -0.808674141437719 112.97219085721763
973 -0.8138985604828708 112.02876774707806
974 -0.8188743842682044 111.40416728368182
975 -0.8238448023507162 110.6311417006761
976 -0.8288102434674852 110.37215768778988
977 -0.8340833154863851 111.35568102397161
978 -0.8396197901112625 112.87206309427242
979 -0.8449176556784594 112.9653182955501
980 -0.8498657460535236 111.52213673174595
981 -0.8548106785211514 109.74318766306928
982 -0.8601862384981355 107.78705541351052
983 -0.8658658715865092 106.67182597149832
984 -0.8708623452222686 106.8629640326013
985 -0.8757962775073294 108.49990329667888
986 -0.8811535825020936 111.27191553825384
987 -0.8868904105550113 114.48775929642616
988 -0.8918182296092333 116.41823164730015
989 -0.8967445964202893 116.50680269613517
990 -0.902497094014415 113.02599452484517
991 -0.9078236927177935 107.84401333681691
992 -0.912745709573871 103.09422469408102
993 -0.9182408000506287 99.50062231845624
994 -0.9238161036806652 97.71193069935882
995 -0.9287345475565911 97.47325156653957
996 -0.9341588806866334 98.03573068569048
997 -0.9397974089141857 99.33724645731256
998 -0.9447126232817458 100.92420990381692
999 -0.9502406925436928 103.24935952195155
1000 -0.9557682280163542 106.08963317701874
1001 -0.9606801711383238 109.00607075340855
1002 -0.9664757279009735 112.97341072657673
1003 -0.9717280006584462 117.09144467764828
1004 -0.9766958898695397 121.46030813883196
1005 -0.9827698206388613 127.26540757692138
1006 -0.9876751200994589 132.32825021797115
1007 -0.9931584586076176 138.21857475247225
1008 -0.9987067156444213 144.18040246673027
1009 -1.0036070560055101 149.12254303113957
1010 -1.0097299890331422 154.09841683561675
1011 -1.0146261998154975 156.84838526404022
1012 -1.0201789712397877 158.25743686983213
1013 -1.0256351808377107 158.14477008399768
1014 -1.0306539755389814 157.23597128335538
1015 -1.0366325391989442 155.87590005012626
1016 -1.0415161086375435 155.03883293245175
1017 -1.0475034222202273 154.64619534445924
1018 -1.0524938386065155 154.97868334980632
1019 -1.0580882018437372 155.96192383229314
1020 -1.063455888499234 157.1681385797361
1021 -1.0687131418109517 158.1438279153595
1022 -1.074400428229494 158.2223852171738
1023 -1.0793775565804777 156.9794055011499
1024 -1.0853255526799295 153.6967099301265
1025 -1.0901744203049744 149.65615608476014
1026 -1.0962292955478325 143.624581697213
1027 -1.1010680150119847 138.42338868214057
1028 -1.1071096429380747 131.8642232383187
1029 -1.111937308948285 126.97740631329187
1030 -1.1179645467081032 121.21985384172477
1031 -1.1227802417269677 117.01025631774661
1032 -1.1287919375643993 112.40509857752376
1033 -1.1335947375884676 109.0800189973669
1034 -1.1395897379050248 105.55501734704187
1035 -1.144378718122202 103.1246476327238
1036 -1.1503558743989601 100.59690959980912
1037 -1.1551525456262803 99.17309650666908
1038 -1.1610882902898156 97.87132536419836
1039 -1.1661542179688391 97.56183162143465
1040 -1.171784957409103 98.1967036520585
1041 -1.1772082038537917 100.16497383223557
1042 -1.182443887882612 103.64690743171141
1043 -1.1883189174351994 109.35533766724394
1044 -1.1930631455124592 113.99551900909994
1045 -1.1989449103092173 116.77565296024362
1046 -1.203980484609889 116.09010123296352
1047 -1.2094987891608846 113.31776829679379
1048 -1.2152521926594775 110.0612851546604
1049 -1.2200083669666983 108.05928635605494
1050 -1.2258272876453675 106.65723005067242
1051 -1.2311696954894022 107.02082255497812
1052 -1.2362647327484941 108.29030291698247
1053 -1.2420425345986803 110.63874437823631
1054 -1.2472723797586927 112.37505788220423
1055 -1.252404237282087 113.18003732998478
1056 -1.2581390495504947 112.16429157206284
1057 -1.263595700895925 110.81070414603883
1058 -1.2684218414387627 110.32900281552237
1059 -1.2741120569886015 110.90908992194441
1060 -1.2797859770590068 111.90251509515612
1061 -1.2849812440812536 113.04096724014518
1062 -1.2899575587024579 112.86288671405043
1063 -1.2955851710533448 112.72182518411944
1064 -1.3011959855138624 112.66519772155148
1065 -1.3067899073594866 112.77342193674197
1066 -1.3119084981117881 113.57060936592258
1067 -1.3169203648216752 114.17578021522989
1068 -1.3223624987439322 113.90940441181858
1069 -1.3278916876401679 113.67421374703011
1070 -1.333403744826756 114.5416037190469
1071 -1.3388986695651066 115.5396748391688
1072 -1.344376478011199 114.81950645722279
1073 -1.3498372033533736 114.60147345809777
1074 -1.3552808959344131 116.58925012841499
1075 -1.3607076233582895 116.63318459447362
1076 -1.3661174705819867 115.24759425703968
1077 -1.3715105399928558 116.299683988242
1078 -1.3768869514719853 117.23541472628175
1079 -1.382246842444106 115.98546047115947
1080 -1.3875903679145905 118.27572240498225
1081 -1.3933550256902683 116.17822615321016
1082 -1.3992894577935762 118.91672981922693
1083 -1.4045819327902764 118.67246526388038
1084 -1.4098588927174973 117.71778068569598
1085 -1.4155873906474896 117.99560481976275
1086 -1.421414933221077 119.50808731711382
1087 -1.426644088056476 121.3218504463971
1088 -1.4329001911377819 118.82394318390364
1089 -1.4380982959996116 121.27912149464848
1090 -1.4441759012708044 119.4744381990134
1091 -1.4494868058295014 121.51132876174444
1092 -1.4556724303202593 117.78540836836724
1093 -1.4608135854186812 119.10622537530313
1094 -1.466967370829781 120.24491924200413
1095 -1.4731048146914785 122.9147099943744
1096 -1.4792256298605846 121.7680186628463
1097 -1.4844405888029788 123.62477464730709
1098 -1.490412527441204 124.79548827866118
1099 -1.4964948705499763 122.79637022041663
1100 -1.5025649136461823 118.15147565306917
1101 -1.5090902718389516 123.66745526313406
1102 -1.5156788494649656 122.67803058483436
1103 -1.5217160485111745 122.57834539045265
1104 -1.5277448635450654 121.4237177432392
1105 -1.5347692154120407 127.8568006064199
1106 -1.5407832924514264 117.79509658833628
1107 -1.5477932136400914 119.2808338117123
1108 -1.5547976869097213 126.02572158239023
1109 -1.5607984392547412 128.8423080435597
1110 -1.5677971815481642 127.28417824943777
1111 -1.5747952097954845 127.72931149879432
1112 -1.5817941900649142 128.18177002800144
finished  calculation of Sigma theta w=0.....
time for calc.... 286.8349199295044
