reading lattice from... ./Lattices/sqKgridX100.npy
reading lattice from... ./Lattices/sqKgridY100.npy
started calculating filling for chemical potential and dispersion parameters TB_single_band..
reading lattice from... ./Lattices/KgridX400.npy
reading lattice from... ./Lattices/KgridY400.npy
reading lattice from... ./Lattices/KgridX400.npy
reading lattice from... ./Lattices/KgridY400.npy
finished calculating filling for chemical potential
Filling: 0.5021914101708863 .... chemical potential: 29.41164495334965
dispersion params: 54.93230174081238 	 -10.444874274661508
The fermi energy in mev is: 3064.1164088176356, and in units of J: 296.3362097502549, the bandwidth is:494.39071566731144
reading lattice from... ./Lattices/KgridX1000.npy
reading lattice from... ./Lattices/KgridY1000.npy
reading lattice from... ./Lattices/sqKgridX1000.npy
reading lattice from... ./Lattices/sqKgridY1000.npy
101 the fermi surface points 6 numtheads
starting with calculation of Sigma
0.44879722595214844  seconds  -0.024945675793133226 -2.8161907488399467
0.4601771831512451  seconds  -0.9728813559322034 -2.4583851965736856
0.46858739852905273  seconds  -1.796088657105606 -1.9791022367058257
0.47703099250793457  seconds  -2.4690068785779684 -1.3524554541503693
0.4765803813934326  seconds  -0.2191655801825294 -2.792227306218569
0.5528163909912109  seconds  -2.616652882337493 -0.21382007822685756
0.49221062660217285  seconds  -1.1112083417911718 -2.3798348544111256
0.5634403228759766  seconds  -2.571839841119024 1.0256410256410255
0.5073552131652832  seconds  -1.9285861713018952 -1.8948283355063014
0.50724196434021  seconds  -2.530204259017818 -1.1984655239329292
0.6396987438201904  seconds  -2.0568727012565935 1.8061712299000439
0.526381254196167  seconds  -0.3884398087787919 -2.743402291241713
0.5830013751983643  seconds  -1.2490656236418949 2.3006338277527103
0.5430080890655518  seconds  -1.2490656236418949 -2.3006338277527103
0.5892772674560547  seconds  -2.616966647080588 0.0
0.5988874435424805  seconds  -0.3884398087787919 2.7434022912417135
0.5523946285247803  seconds  -2.0568727012565944 -1.8061712299000434
0.565657377243042  seconds  -2.530204259017818 1.1984655239329292
0.6061646938323975  seconds  0.6574967405475878 2.6271700108337774
0.580803394317627  seconds  -2.571839841119024 -1.0256410256410255
0.6290762424468994  seconds  1.4931768796175575 2.1593658903371877
0.5809414386749268  seconds  -0.543459365493264 -2.680965670701486
0.6203584671020508  seconds  -1.928586171301894 1.8948283355063023
0.6189045906066895  seconds  -1.1112083417911718 2.3798348544111256
0.6007850170135498  seconds  -1.3862668405041283 -2.2213978014208307
0.683220386505127  seconds  2.265870765405998 1.6305953933072583
0.619326114654541  seconds  -2.616652882337493 0.213820078226858
0.6487085819244385  seconds  -0.2191655801825294 2.792227306218569
0.6136367321014404  seconds  2.6075039372111597 0.6814428509343768
0.606511116027832  seconds  -2.178749557444965 -1.7105606258148633
0.5994613170623779  seconds  -2.469006878577968 1.3524554541503697
0.6380128860473633  seconds  0.8000434593654928 2.553529293298396
0.6129782199859619  seconds  2.6113242733416926 -0.5875706214689265
0.6869821548461914  seconds  -2.5968143651433158 -0.8361581920903953
0.6489036083221436  seconds  1.6301443532370459 2.0790960451977405
0.661837100982666  seconds  -1.796088657105606 1.9791022367058257
0.66373610496521  seconds  2.313730042429954 -1.5801825293350715
0.6133739948272705  seconds  -0.9728813559322034 2.458385196573686
0.6214640140533447  seconds  -1.5235307117886814 -2.14167753150804
0.831413984298706  seconds  -0.6897459576583111 -2.611038678835289
0.6153354644775391  seconds  -2.61496303446288 0.42590178183398564
0.6210269927978516  seconds  2.6141658421216176 0.4745762711864412
0.6227552890777588  seconds  -2.3877646932055163 1.4880486744893524
0.6309480667114258  seconds  -2.2896566710126027 -1.6062493997558465
0.6753745079040527  seconds  -0.024945675793133226 2.8161907488399467
0.7676925659179688  seconds  1.555541069100391 -2.1229714393820576
0.6169090270996094  seconds  0.9408083441981745 2.4763639948190708
0.6187348365783691  seconds  2.6006353551490045 -0.790960451977401
0.6294445991516113  seconds  -2.6096127859447087 -0.6345067362016512
1.0511682033538818  seconds  2.3671658213176814 1.5158626684050418
0.6290960311889648  seconds  1.7657974793568014 1.997702905203677
0.6775906085968018  seconds  -1.6606692742285962 2.060996522217499
0.6308743953704834  seconds  -0.8321164710995221 2.5362522348656857
0.6773393154144287  seconds  2.2047710812218613 -1.6879617557583657
0.6341185569763184  seconds  -1.6606692742285962 -2.060996522217499
0.6216518878936768  seconds  -2.6096127859447087 0.6345067362016517
0.6580829620361328  seconds  -0.8321164710995221 -2.5362522348656857
1.1122300624847412  seconds  0.7234245980008689 -2.5938343297545767
0.6171894073486328  seconds  2.616445372786151 0.26249456757931355
0.6229608058929443  seconds  -2.2896566710126027 1.6062493997558462
0.6242434978485107  seconds  -2.3877646932055163 -1.4880486744893524
0.6254961490631104  seconds  1.418339852238157 -2.2028227894898706
0.6597042083740234  seconds  0.17719829845572493 2.8005215123859193
0.6110355854034424  seconds  1.079791395045632 2.397785581402676
0.610931396484375  seconds  2.578832269697698 -0.9839200347674923
0.6059315204620361  seconds  -2.61496303446288 -0.4259017818339852
0.5915746688842773  seconds  1.8993017333531739 1.913950456323338
0.5928554534912109  seconds  -1.5235307117886803 2.1416775315080407
0.595578670501709  seconds  -0.6897459576583111 2.611038678835289
0.7281129360198975  seconds  2.451912257537374 1.3854845719252502
0.6414978504180908  seconds  2.085029339388275 -1.7853107344632768
0.5776886940002441  seconds  -2.5968143651433158 0.8361581920903953
0.572993278503418  seconds  0.5773142112125162 -2.6655826733629424
0.5715768337249756  seconds  2.616953467469413 0.04867448935245555
0.5685245990753174  seconds  -2.178749557444965 1.7105606258148633
0.5743920803070068  seconds  1.2805402398711225 -2.2824858757062145
0.5723490715026855  seconds  0.3510212950890912 2.7561437732610026
0.5671060085296631  seconds  1.2171923796090136 2.3189917427205566
0.5693621635437012  seconds  2.5411968469730537 -1.1612342459800087
0.5554769039154053  seconds  2.027899128990798 1.82703172533681
0.5494832992553711  seconds  -1.3862668405041283 2.2213978014208307
0.5496721267700195  seconds  -0.543459365493264 2.680965670701486
0.5494468212127686  seconds  2.5177768129260976 1.2359843546284228
0.5534543991088867  seconds  1.958235549760973 -1.8751057426265663
0.533076286315918  seconds  0.4240764884832684 -2.7303557269623626
0.5311975479125977  seconds  2.616794619082061 -0.165145588874402
0.5336833000183105  seconds  1.1421555845284654 -2.3621084771342495
0.5360321998596191  seconds  0.5085857062096537 2.6962190352020867
0.5251185894012451  seconds  1.3557922584807076 2.239026510212951
0.5232799053192139  seconds  2.4845648438034282 -1.3194263363754888
0.5143513679504395  seconds  2.1516378577883994 1.7331594958713605
0.4955155849456787  seconds  2.564059104737071 1.06610859066661
0.48301196098327637  seconds  1.8263798348544107 -1.9602917291791533
0.4802815914154053  seconds  0.2583659278574535 -2.783032302613339
0.4810597896575928  seconds  2.6155689039782146 -0.3772272924815296
0.4763798713684082  seconds  1.0042878588444897 -2.4406779661016946
0.469646692276001  seconds  2.4080888676421632 -1.458496305953933
0.46134495735168457  seconds  2.5924756695136337 0.8796175575836597
0.45165300369262695  seconds  1.6915247478231827 -2.0425901781833984
0.4426882266998291  seconds  0.07127335940895296 -2.81389496652667
0.4433400630950928  seconds  0.8641894828335506 -2.5187761430448345
time for calc.... 6.037646293640137
 plotting data from the run ...
saving data from the run ...
