reading lattice from... ./Lattices/sqKgridX100.npy
reading lattice from... ./Lattices/sqKgridY100.npy
started calculating filling for chemical potential and dispersion parameters TB_single_band..
reading lattice from... ./Lattices/KgridX400.npy
reading lattice from... ./Lattices/KgridY400.npy
reading lattice from... ./Lattices/KgridX400.npy
reading lattice from... ./Lattices/KgridY400.npy
finished calculating filling for chemical potential
Filling: 0.5021914101708863 .... chemical potential: 29.41164495334965
dispersion params: 54.93230174081238 	 -10.444874274661508
The fermi energy in mev is: 3064.1164088176356, and in units of J: 296.3362097502549, the bandwidth is:494.39071566731144
reading lattice from... ./Lattices/KgridX2000.npy
reading lattice from... ./Lattices/KgridY2000.npy
reading lattice from... ./Lattices/sqKgridX2000.npy
reading lattice from... ./Lattices/sqKgridY2000.npy
412 the fermi surface points 9 numtheads
starting with calculation of Sigma
8.824182748794556  seconds  2.4732452258771103 1.343763581051717 0.001
8.49250316619873  seconds  2.4732452258771103 1.343763581051717 0.3644545454545455
9.54952883720398  seconds  2.4732452258771103 1.343763581051717 0.18272727272727274
10.913049936294556  seconds  2.4732452258771103 1.343763581051717 0.5461818181818182
11.487894058227539  seconds  2.4732452258771103 1.343763581051717 0.727909090909091
12.301401615142822  seconds  2.4732452258771103 1.343763581051717 1.0913636363636363
13.387604475021362  seconds  2.4732452258771103 1.343763581051717 0.9096363636363636
13.285297632217407  seconds  2.4732452258771103 1.343763581051717 1.273090909090909
13.353574752807617  seconds  2.4732452258771103 1.343763581051717 1.4548181818181818
13.044722557067871  seconds  2.4732452258771103 1.343763581051717 1.6365454545454543
12.796061515808105  seconds  2.4732452258771103 1.343763581051717 2.0
13.686556100845337  seconds  2.4732452258771103 1.343763581051717 1.818272727272727
10.589104890823364  seconds  2.4732452258771103 1.343763581051717 0.3846464646464646
12.097009181976318  seconds  2.4732452258771103 1.343763581051717 0.021191919191919192
11.7973952293396  seconds  2.4732452258771103 1.343763581051717 0.20291919191919192
10.679291009902954  seconds  2.4732452258771103 1.343763581051717 0.5663737373737373
10.458416223526001  seconds  2.4732452258771103 1.343763581051717 0.74810101010101
9.085811138153076  seconds  2.4732452258771103 1.343763581051717 1.1115555555555554
9.344009399414062  seconds  2.4732452258771103 1.343763581051717 0.9298282828282828
8.299134969711304  seconds  2.4732452258771103 1.343763581051717 1.2932828282828281
8.747299671173096  seconds  2.4732452258771103 1.343763581051717 1.4750101010101009
8.825426816940308  seconds  2.4732452258771103 1.343763581051717 1.6567373737373736
10.054145812988281  seconds  2.4732452258771103 1.343763581051717 1.8384646464646464
9.778882026672363  seconds  2.4732452258771103 1.343763581051717 0.40483838383838383
11.260761737823486  seconds  2.4732452258771103 1.343763581051717 0.041383838383838384
11.879126787185669  seconds  2.4732452258771103 1.343763581051717 0.2231111111111111
11.804078102111816  seconds  2.4732452258771103 1.343763581051717 0.5865656565656565
11.675393104553223  seconds  2.4732452258771103 1.343763581051717 0.7682929292929292
11.170905113220215  seconds  2.4732452258771103 1.343763581051717 1.1317474747474745
11.276012897491455  seconds  2.4732452258771103 1.343763581051717 0.950020202020202
11.200679063796997  seconds  2.4732452258771103 1.343763581051717 1.3134747474747472
11.131129264831543  seconds  2.4732452258771103 1.343763581051717 1.49520202020202
11.026310682296753  seconds  2.4732452258771103 1.343763581051717 1.6769292929292927
9.777270555496216  seconds  2.4732452258771103 1.343763581051717 0.42503030303030304
10.279032945632935  seconds  2.4732452258771103 1.343763581051717 1.8586565656565655
9.2639799118042  seconds  2.4732452258771103 1.343763581051717 0.061575757575757575
8.91745901107788  seconds  2.4732452258771103 1.343763581051717 0.2433030303030303
8.758489847183228  seconds  2.4732452258771103 1.343763581051717 0.6067575757575757
8.326593399047852  seconds  2.4732452258771103 1.343763581051717 1.1519393939393938
9.4942147731781  seconds  2.4732452258771103 1.343763581051717 0.7884848484848485
9.567430257797241  seconds  2.4732452258771103 1.343763581051717 1.3336666666666666
10.329103231430054  seconds  2.4732452258771103 1.343763581051717 0.9702121212121212
11.289838790893555  seconds  2.4732452258771103 1.343763581051717 1.5153939393939393
11.31008529663086  seconds  2.4732452258771103 1.343763581051717 1.697121212121212
11.427350282669067  seconds  2.4732452258771103 1.343763581051717 0.4452222222222222
11.479448318481445  seconds  2.4732452258771103 1.343763581051717 1.8788484848484848
11.082307577133179  seconds  2.4732452258771103 1.343763581051717 0.08176767676767677
10.60628867149353  seconds  2.4732452258771103 1.343763581051717 0.2634949494949495
10.232484817504883  seconds  2.4732452258771103 1.343763581051717 1.172131313131313
10.625027418136597  seconds  2.4732452258771103 1.343763581051717 0.6269494949494949
10.390870094299316  seconds  2.4732452258771103 1.343763581051717 0.8086767676767677
9.666669130325317  seconds  2.4732452258771103 1.343763581051717 1.3538585858585857
9.843832731246948  seconds  2.4732452258771103 1.343763581051717 0.9904040404040404
9.036005020141602  seconds  2.4732452258771103 1.343763581051717 1.5355858585858584
8.952285766601562  seconds  2.4732452258771103 1.343763581051717 1.7173131313131311
8.080729961395264  seconds  2.4732452258771103 1.343763581051717 0.4654141414141414
9.086346864700317  seconds  2.4732452258771103 1.343763581051717 1.8990404040404039
10.426583290100098  seconds  2.4732452258771103 1.343763581051717 0.10195959595959596
11.27207636833191  seconds  2.4732452258771103 1.343763581051717 0.28368686868686865
11.582155704498291  seconds  2.4732452258771103 1.343763581051717 0.6471414141414141
11.954984664916992  seconds  2.4732452258771103 1.343763581051717 1.1923232323232322
11.998700380325317  seconds  2.4732452258771103 1.343763581051717 0.8288686868686869
11.742396593093872  seconds  2.4732452258771103 1.343763581051717 1.374050505050505
11.577161073684692  seconds  2.4732452258771103 1.343763581051717 1.0105959595959595
11.205864429473877  seconds  2.4732452258771103 1.343763581051717 1.5557777777777777
11.29108715057373  seconds  2.4732452258771103 1.343763581051717 1.7375050505050504
10.997778177261353  seconds  2.4732452258771103 1.343763581051717 0.4856060606060606
10.698452472686768  seconds  2.4732452258771103 1.343763581051717 1.9192323232323232
9.834157705307007  seconds  2.4732452258771103 1.343763581051717 0.12215151515151515
8.77210807800293  seconds  2.4732452258771103 1.343763581051717 0.30387878787878786
8.18346881866455  seconds  2.4732452258771103 1.343763581051717 1.2125151515151513
8.772694110870361  seconds  2.4732452258771103 1.343763581051717 0.6673333333333333
8.177561283111572  seconds  2.4732452258771103 1.343763581051717 1.394242424242424
8.882413625717163  seconds  2.4732452258771103 1.343763581051717 0.8490606060606061
9.989665508270264  seconds  2.4732452258771103 1.343763581051717 1.0307878787878786
10.625591278076172  seconds  2.4732452258771103 1.343763581051717 1.5759696969696968
10.9106125831604  seconds  2.4732452258771103 1.343763581051717 1.7576969696969695
11.50259804725647  seconds  2.4732452258771103 1.343763581051717 0.5057979797979798
12.20651888847351  seconds  2.4732452258771103 1.343763581051717 1.9394242424242423
11.884439945220947  seconds  2.4732452258771103 1.343763581051717 0.14234343434343433
11.644872665405273  seconds  2.4732452258771103 1.343763581051717 0.32407070707070706
11.329704284667969  seconds  2.4732452258771103 1.343763581051717 1.2327070707070706
11.240601778030396  seconds  2.4732452258771103 1.343763581051717 0.6875252525252525
10.928345441818237  seconds  2.4732452258771103 1.343763581051717 1.4144343434343434
10.945070505142212  seconds  2.4732452258771103 1.343763581051717 0.8692525252525253
10.560274839401245  seconds  2.4732452258771103 1.343763581051717 1.050979797979798
9.813642263412476  seconds  2.4732452258771103 1.343763581051717 1.5961616161616161
9.533149719238281  seconds  2.4732452258771103 1.343763581051717 1.7778888888888886
8.45820689201355  seconds  2.4732452258771103 1.343763581051717 0.525989898989899
8.645424127578735  seconds  2.4732452258771103 1.343763581051717 1.9596161616161614
10.010331153869629  seconds  2.4732452258771103 1.343763581051717 0.16253535353535353
9.961266040802002  seconds  2.4732452258771103 1.343763581051717 0.34426262626262627
10.854780197143555  seconds  2.4732452258771103 1.343763581051717 1.2528989898989897
11.122307777404785  seconds  2.4732452258771103 1.343763581051717 0.7077171717171717
12.026487112045288  seconds  2.4732452258771103 1.343763581051717 1.4346262626262625
11.946999311447144  seconds  2.4732452258771103 1.343763581051717 0.8894444444444444
11.46037220954895  seconds  2.4732452258771103 1.343763581051717 1.071171717171717
11.151947736740112  seconds  2.4732452258771103 1.343763581051717 1.6163535353535352
11.109159708023071  seconds  2.4732452258771103 1.343763581051717 1.798080808080808
10.482882976531982  seconds  2.4732452258771103 1.343763581051717 1.9798080808080807
time for calc.... 103.52045178413391
Successfully created the directory dir_T_1.0_fit_SF_func_2021-11-09-22:39:14 
 plotting data from the run ...
saving data from the run ...
811.97user 264.58system 1:54.54elapsed 939%CPU (0avgtext+0avgdata 2981340maxresident)k
0inputs+520outputs (65major+10370993minor)pagefaults 0swaps
