reading lattice from... ./Lattices/sqKgridX6000.npy
reading lattice from... ./Lattices/sqKgridY6000.npy
starting sampling in reciprocal space....
 finished sampling in reciprocal space.... 0.07118701934814453
started calculating filling for chemical potential and dispersion parameters TB_single_band..
reading lattice from... ./Lattices/KgridX1200.npy
reading lattice from... ./Lattices/KgridY1200.npy
reading lattice from... ./Lattices/KgridX1200.npy
reading lattice from... ./Lattices/KgridY1200.npy
sum of the hist, normed? 1.0
finished calculating filling for chemical potential
Filling: 0.5005457254054085 .... chemical potential: 27.426155987022412
reading lattice from... ./Lattices/KgridX1200.npy
reading lattice from... ./Lattices/KgridY1200.npy
sum of the hist, normed? 0.9999999999999923
The fermi energy in mev is: 3043.586452905812, and in units of J: 294.35072078392767, the bandwidth is:494.39071566731144
reading lattice from... ./Lattices/KgridX6000.npy
reading lattice from... ./Lattices/KgridY6000.npy
reading lattice from... ./Lattices/sqKgridX6000.npy
reading lattice from... ./Lattices/sqKgridY6000.npy
energy at the point.. 2.607302062202848 -0.0069534984789219045  is  3.923355237134274e-06
200 the points 10 chunk numtheads
starting with calculation of Sigma
112.44197297096252  seconds  2.607302062202848 -0.0069534984789219045 0.0
116.12150692939758  seconds  2.607302062202848 -0.0069534984789219045 1.0
116.87026572227478  seconds  2.607302062202848 -0.0069534984789219045 2.0
122.57562446594238  seconds  2.607302062202848 -0.0069534984789219045 3.0
120.89730453491211  seconds  2.607302062202848 -0.0069534984789219045 4.0
123.38911986351013  seconds  2.607302062202848 -0.0069534984789219045 5.0
125.29231595993042  seconds  2.607302062202848 -0.0069534984789219045 6.0
123.56300139427185  seconds  2.607302062202848 -0.0069534984789219045 7.0
133.8135838508606  seconds  2.607302062202848 -0.0069534984789219045 8.0
129.78867721557617  seconds  2.607302062202848 -0.0069534984789219045 9.0
133.97565865516663  seconds  2.607302062202848 -0.0069534984789219045 10.0
135.67278027534485  seconds  2.607302062202848 -0.0069534984789219045 11.0
146.322190284729  seconds  2.607302062202848 -0.0069534984789219045 12.0
145.3974621295929  seconds  2.607302062202848 -0.0069534984789219045 13.0
145.364324092865  seconds  2.607302062202848 -0.0069534984789219045 0.1
143.0457808971405  seconds  2.607302062202848 -0.0069534984789219045 14.0
145.43715381622314  seconds  2.607302062202848 -0.0069534984789219045 1.1
152.02787041664124  seconds  2.607302062202848 -0.0069534984789219045 15.0
151.861980676651  seconds  2.607302062202848 -0.0069534984789219045 2.1
157.50476932525635  seconds  2.607302062202848 -0.0069534984789219045 16.0
149.24144864082336  seconds  2.607302062202848 -0.0069534984789219045 17.0
154.83591079711914  seconds  2.607302062202848 -0.0069534984789219045 3.1
149.41176772117615  seconds  2.607302062202848 -0.0069534984789219045 4.1000000000000005
152.02160549163818  seconds  2.607302062202848 -0.0069534984789219045 5.1000000000000005
152.46130442619324  seconds  2.607302062202848 -0.0069534984789219045 18.0
152.34455919265747  seconds  2.607302062202848 -0.0069534984789219045 6.1000000000000005
155.7549765110016  seconds  2.607302062202848 -0.0069534984789219045 19.0
156.19876623153687  seconds  2.607302062202848 -0.0069534984789219045 7.1000000000000005
153.26156544685364  seconds  2.607302062202848 -0.0069534984789219045 8.1
158.49418234825134  seconds  2.607302062202848 -0.0069534984789219045 9.1
151.4793951511383  seconds  2.607302062202848 -0.0069534984789219045 10.100000000000001
148.58931159973145  seconds  2.607302062202848 -0.0069534984789219045 11.100000000000001
155.81246876716614  seconds  2.607302062202848 -0.0069534984789219045 12.100000000000001
149.54850053787231  seconds  2.607302062202848 -0.0069534984789219045 13.100000000000001
152.592050075531  seconds  2.607302062202848 -0.0069534984789219045 0.2
151.76515889167786  seconds  2.607302062202848 -0.0069534984789219045 14.100000000000001
150.93935251235962  seconds  2.607302062202848 -0.0069534984789219045 1.2000000000000002
148.0526351928711  seconds  2.607302062202848 -0.0069534984789219045 15.100000000000001
154.36329770088196  seconds  2.607302062202848 -0.0069534984789219045 2.2
153.20058965682983  seconds  2.607302062202848 -0.0069534984789219045 16.1
154.25452065467834  seconds  2.607302062202848 -0.0069534984789219045 17.1
151.81895875930786  seconds  2.607302062202848 -0.0069534984789219045 3.2
150.69369173049927  seconds  2.607302062202848 -0.0069534984789219045 4.2
153.8746886253357  seconds  2.607302062202848 -0.0069534984789219045 5.2
152.23684811592102  seconds  2.607302062202848 -0.0069534984789219045 18.1
154.15571904182434  seconds  2.607302062202848 -0.0069534984789219045 6.2
149.9405164718628  seconds  2.607302062202848 -0.0069534984789219045 19.1
150.44243836402893  seconds  2.607302062202848 -0.0069534984789219045 7.2
149.28800749778748  seconds  2.607302062202848 -0.0069534984789219045 8.200000000000001
151.01783394813538  seconds  2.607302062202848 -0.0069534984789219045 10.200000000000001
157.50662231445312  seconds  2.607302062202848 -0.0069534984789219045 9.200000000000001
146.61412239074707  seconds  2.607302062202848 -0.0069534984789219045 11.200000000000001
147.46007919311523  seconds  2.607302062202848 -0.0069534984789219045 13.200000000000001
151.33329701423645  seconds  2.607302062202848 -0.0069534984789219045 12.200000000000001
152.37667775154114  seconds  2.607302062202848 -0.0069534984789219045 0.30000000000000004
149.88895654678345  seconds  2.607302062202848 -0.0069534984789219045 14.200000000000001
152.02551460266113  seconds  2.607302062202848 -0.0069534984789219045 1.3
150.73400473594666  seconds  2.607302062202848 -0.0069534984789219045 15.200000000000001
149.78697752952576  seconds  2.607302062202848 -0.0069534984789219045 16.2
157.82936143875122  seconds  2.607302062202848 -0.0069534984789219045 2.3000000000000003
150.16830468177795  seconds  2.607302062202848 -0.0069534984789219045 17.2
150.77512097358704  seconds  2.607302062202848 -0.0069534984789219045 4.3
154.68517637252808  seconds  2.607302062202848 -0.0069534984789219045 3.3000000000000003
154.04163551330566  seconds  2.607302062202848 -0.0069534984789219045 5.300000000000001
150.0065474510193  seconds  2.607302062202848 -0.0069534984789219045 18.2
155.23647594451904  seconds  2.607302062202848 -0.0069534984789219045 6.300000000000001
150.591304063797  seconds  2.607302062202848 -0.0069534984789219045 7.300000000000001
156.36914110183716  seconds  2.607302062202848 -0.0069534984789219045 19.200000000000003
151.26086711883545  seconds  2.607302062202848 -0.0069534984789219045 8.3
154.68002200126648  seconds  2.607302062202848 -0.0069534984789219045 10.3
155.48625230789185  seconds  2.607302062202848 -0.0069534984789219045 9.3
155.17028403282166  seconds  2.607302062202848 -0.0069534984789219045 11.3
152.88524341583252  seconds  2.607302062202848 -0.0069534984789219045 13.3
153.37072825431824  seconds  2.607302062202848 -0.0069534984789219045 12.3
150.55657768249512  seconds  2.607302062202848 -0.0069534984789219045 14.3
152.57542943954468  seconds  2.607302062202848 -0.0069534984789219045 0.4
150.41450548171997  seconds  2.607302062202848 -0.0069534984789219045 1.4000000000000001
153.88645005226135  seconds  2.607302062202848 -0.0069534984789219045 15.3
154.23916339874268  seconds  2.607302062202848 -0.0069534984789219045 16.3
154.22672295570374  seconds  2.607302062202848 -0.0069534984789219045 2.4000000000000004
153.39192724227905  seconds  2.607302062202848 -0.0069534984789219045 17.3
146.403254032135  seconds  2.607302062202848 -0.0069534984789219045 3.4000000000000004
152.16077518463135  seconds  2.607302062202848 -0.0069534984789219045 4.4
152.47746634483337  seconds  2.607302062202848 -0.0069534984789219045 5.4
155.2641637325287  seconds  2.607302062202848 -0.0069534984789219045 18.3
156.1166479587555  seconds  2.607302062202848 -0.0069534984789219045 7.4
158.02779126167297  seconds  2.607302062202848 -0.0069534984789219045 6.4
152.02101278305054  seconds  2.607302062202848 -0.0069534984789219045 19.3
153.2283055782318  seconds  2.607302062202848 -0.0069534984789219045 8.4
152.05271244049072  seconds  2.607302062202848 -0.0069534984789219045 11.4
157.1211700439453  seconds  2.607302062202848 -0.0069534984789219045 10.4
162.63677883148193  seconds  2.607302062202848 -0.0069534984789219045 9.4
153.13205742835999  seconds  2.607302062202848 -0.0069534984789219045 12.4
156.9715633392334  seconds  2.607302062202848 -0.0069534984789219045 13.4
151.09879660606384  seconds  2.607302062202848 -0.0069534984789219045 14.4
146.52612161636353  seconds  2.607302062202848 -0.0069534984789219045 1.5
155.06294083595276  seconds  2.607302062202848 -0.0069534984789219045 0.5
147.95066499710083  seconds  2.607302062202848 -0.0069534984789219045 15.4
153.98822140693665  seconds  2.607302062202848 -0.0069534984789219045 17.400000000000002
152.24726700782776  seconds  2.607302062202848 -0.0069534984789219045 3.5
156.14237666130066  seconds  2.607302062202848 -0.0069534984789219045 16.400000000000002
150.96976232528687  seconds  2.607302062202848 -0.0069534984789219045 4.5
160.05096650123596  seconds  2.607302062202848 -0.0069534984789219045 2.5
154.11353993415833  seconds  2.607302062202848 -0.0069534984789219045 5.5
151.70638298988342  seconds  2.607302062202848 -0.0069534984789219045 18.400000000000002
154.76643109321594  seconds  2.607302062202848 -0.0069534984789219045 6.5
155.0947871208191  seconds  2.607302062202848 -0.0069534984789219045 7.5
156.0061297416687  seconds  2.607302062202848 -0.0069534984789219045 19.400000000000002
152.75629901885986  seconds  2.607302062202848 -0.0069534984789219045 8.5
154.62534022331238  seconds  2.607302062202848 -0.0069534984789219045 11.5
155.3022813796997  seconds  2.607302062202848 -0.0069534984789219045 10.5
155.16100573539734  seconds  2.607302062202848 -0.0069534984789219045 9.5
149.69921398162842  seconds  2.607302062202848 -0.0069534984789219045 12.5
151.68960046768188  seconds  2.607302062202848 -0.0069534984789219045 14.5
157.59915208816528  seconds  2.607302062202848 -0.0069534984789219045 13.5
150.8935251235962  seconds  2.607302062202848 -0.0069534984789219045 1.6
159.1371030807495  seconds  2.607302062202848 -0.0069534984789219045 0.6000000000000001
153.1433846950531  seconds  2.607302062202848 -0.0069534984789219045 15.5
154.03552651405334  seconds  2.607302062202848 -0.0069534984789219045 3.6
155.7434651851654  seconds  2.607302062202848 -0.0069534984789219045 17.5
155.55019879341125  seconds  2.607302062202848 -0.0069534984789219045 16.5
151.88090777397156  seconds  2.607302062202848 -0.0069534984789219045 2.6
157.3921365737915  seconds  2.607302062202848 -0.0069534984789219045 4.6000000000000005
150.20994329452515  seconds  2.607302062202848 -0.0069534984789219045 5.6000000000000005
150.13332271575928  seconds  2.607302062202848 -0.0069534984789219045 18.5
155.91493105888367  seconds  2.607302062202848 -0.0069534984789219045 6.6000000000000005
157.1822521686554  seconds  2.607302062202848 -0.0069534984789219045 19.5
158.6631453037262  seconds  2.607302062202848 -0.0069534984789219045 7.6000000000000005
154.71621751785278  seconds  2.607302062202848 -0.0069534984789219045 8.6
149.55212712287903  seconds  2.607302062202848 -0.0069534984789219045 11.600000000000001
157.63571166992188  seconds  2.607302062202848 -0.0069534984789219045 10.600000000000001
152.188307762146  seconds  2.607302062202848 -0.0069534984789219045 9.600000000000001
154.28334283828735  seconds  2.607302062202848 -0.0069534984789219045 12.600000000000001
151.42841148376465  seconds  2.607302062202848 -0.0069534984789219045 14.600000000000001
156.49442315101624  seconds  2.607302062202848 -0.0069534984789219045 13.600000000000001
155.40309262275696  seconds  2.607302062202848 -0.0069534984789219045 1.7000000000000002
153.14001202583313  seconds  2.607302062202848 -0.0069534984789219045 15.600000000000001
156.0385558605194  seconds  2.607302062202848 -0.0069534984789219045 0.7000000000000001
150.40708994865417  seconds  2.607302062202848 -0.0069534984789219045 16.6
151.85060787200928  seconds  2.607302062202848 -0.0069534984789219045 17.6
149.9890284538269  seconds  2.607302062202848 -0.0069534984789219045 4.7
152.59946656227112  seconds  2.607302062202848 -0.0069534984789219045 2.7
158.85996985435486  seconds  2.607302062202848 -0.0069534984789219045 3.7
149.5161497592926  seconds  2.607302062202848 -0.0069534984789219045 5.7
150.26622819900513  seconds  2.607302062202848 -0.0069534984789219045 18.6
152.8786346912384  seconds  2.607302062202848 -0.0069534984789219045 6.7
150.37277030944824  seconds  2.607302062202848 -0.0069534984789219045 7.7
152.92757606506348  seconds  2.607302062202848 -0.0069534984789219045 19.6
151.15489292144775  seconds  2.607302062202848 -0.0069534984789219045 8.700000000000001
148.6663601398468  seconds  2.607302062202848 -0.0069534984789219045 10.700000000000001
163.11479210853577  seconds  2.607302062202848 -0.0069534984789219045 11.700000000000001
157.547509431839  seconds  2.607302062202848 -0.0069534984789219045 9.700000000000001
147.78949165344238  seconds  2.607302062202848 -0.0069534984789219045 12.700000000000001
146.11500144004822  seconds  2.607302062202848 -0.0069534984789219045 14.700000000000001
156.30045628547668  seconds  2.607302062202848 -0.0069534984789219045 13.700000000000001
158.9674870967865  seconds  2.607302062202848 -0.0069534984789219045 1.8
152.785160779953  seconds  2.607302062202848 -0.0069534984789219045 15.700000000000001
154.99910807609558  seconds  2.607302062202848 -0.0069534984789219045 0.8
152.0972592830658  seconds  2.607302062202848 -0.0069534984789219045 16.7
152.98371577262878  seconds  2.607302062202848 -0.0069534984789219045 17.7
150.5166096687317  seconds  2.607302062202848 -0.0069534984789219045 3.8000000000000003
155.42592859268188  seconds  2.607302062202848 -0.0069534984789219045 4.800000000000001
155.5465383529663  seconds  2.607302062202848 -0.0069534984789219045 2.8000000000000003
149.62712955474854  seconds  2.607302062202848 -0.0069534984789219045 5.800000000000001
148.46594190597534  seconds  2.607302062202848 -0.0069534984789219045 18.7
153.21056842803955  seconds  2.607302062202848 -0.0069534984789219045 6.800000000000001
156.49340748786926  seconds  2.607302062202848 -0.0069534984789219045 7.800000000000001
158.7040491104126  seconds  2.607302062202848 -0.0069534984789219045 19.700000000000003
154.41137027740479  seconds  2.607302062202848 -0.0069534984789219045 8.8
157.58343243598938  seconds  2.607302062202848 -0.0069534984789219045 10.8
156.8487946987152  seconds  2.607302062202848 -0.0069534984789219045 11.8
151.29483032226562  seconds  2.607302062202848 -0.0069534984789219045 9.8
148.37054133415222  seconds  2.607302062202848 -0.0069534984789219045 14.8
152.68521523475647  seconds  2.607302062202848 -0.0069534984789219045 12.8
149.8925654888153  seconds  2.607302062202848 -0.0069534984789219045 13.8
149.93987274169922  seconds  2.607302062202848 -0.0069534984789219045 1.9000000000000001
153.2606382369995  seconds  2.607302062202848 -0.0069534984789219045 15.8
154.1921374797821  seconds  2.607302062202848 -0.0069534984789219045 0.9
152.28519105911255  seconds  2.607302062202848 -0.0069534984789219045 16.8
153.68407273292542  seconds  2.607302062202848 -0.0069534984789219045 17.8
150.34157729148865  seconds  2.607302062202848 -0.0069534984789219045 3.9000000000000004
152.0082802772522  seconds  2.607302062202848 -0.0069534984789219045 4.9
153.8630723953247  seconds  2.607302062202848 -0.0069534984789219045 2.9000000000000004
148.27738404273987  seconds  2.607302062202848 -0.0069534984789219045 5.9
150.34089922904968  seconds  2.607302062202848 -0.0069534984789219045 18.8
143.60059213638306  seconds  2.607302062202848 -0.0069534984789219045 7.9
149.74766755104065  seconds  2.607302062202848 -0.0069534984789219045 6.9
143.16999006271362  seconds  2.607302062202848 -0.0069534984789219045 8.9
144.2302098274231  seconds  2.607302062202848 -0.0069534984789219045 19.8
134.0407910346985  seconds  2.607302062202848 -0.0069534984789219045 10.9
132.32778573036194  seconds  2.607302062202848 -0.0069534984789219045 9.9
133.9759292602539  seconds  2.607302062202848 -0.0069534984789219045 11.9
129.38745999336243  seconds  2.607302062202848 -0.0069534984789219045 12.9
133.66797375679016  seconds  2.607302062202848 -0.0069534984789219045 14.9
120.09547567367554  seconds  2.607302062202848 -0.0069534984789219045 13.9
120.12995290756226  seconds  2.607302062202848 -0.0069534984789219045 15.9
111.92111110687256  seconds  2.607302062202848 -0.0069534984789219045 16.900000000000002
111.73365879058838  seconds  2.607302062202848 -0.0069534984789219045 17.900000000000002
107.81116795539856  seconds  2.607302062202848 -0.0069534984789219045 18.900000000000002
100.4842779636383  seconds  2.607302062202848 -0.0069534984789219045 19.900000000000002
time for calc.... 1674.405790567398
energy at the point.. 2.6065504737387184 0.2694480660582359  is  2.9915582295814147e-06
200 the points 10 chunk numtheads
starting with calculation of Sigma
104.57624292373657  seconds  2.6065504737387184 0.2694480660582359 0.0
110.66870927810669  seconds  2.6065504737387184 0.2694480660582359 1.0
100.76063108444214  seconds  2.6065504737387184 0.2694480660582359 3.0
109.86533832550049  seconds  2.6065504737387184 0.2694480660582359 2.0
116.45256686210632  seconds  2.6065504737387184 0.2694480660582359 4.0
119.94154191017151  seconds  2.6065504737387184 0.2694480660582359 5.0
128.99482798576355  seconds  2.6065504737387184 0.2694480660582359 6.0
126.09450149536133  seconds  2.6065504737387184 0.2694480660582359 7.0
131.91148829460144  seconds  2.6065504737387184 0.2694480660582359 8.0
125.45845985412598  seconds  2.6065504737387184 0.2694480660582359 9.0
135.8125  seconds  2.6065504737387184 0.2694480660582359 10.0
106.45871996879578  seconds  2.6065504737387184 0.2694480660582359 15.0
140.9149305820465  seconds  2.6065504737387184 0.2694480660582359 11.0
106.30272054672241  seconds  2.6065504737387184 0.2694480660582359 3.1
137.54499578475952  seconds  2.6065504737387184 0.2694480660582359 12.0
104.2348563671112  seconds  2.6065504737387184 0.2694480660582359 16.0
141.93082785606384  seconds  2.6065504737387184 0.2694480660582359 0.1
142.36473536491394  seconds  2.6065504737387184 0.2694480660582359 13.0
104.8150098323822  seconds  2.6065504737387184 0.2694480660582359 18.0
144.70953464508057  seconds  2.6065504737387184 0.2694480660582359 14.0
147.25667071342468  seconds  2.6065504737387184 0.2694480660582359 1.1
142.90780758857727  seconds  2.6065504737387184 0.2694480660582359 2.1
107.23026752471924  seconds  2.6065504737387184 0.2694480660582359 19.0
145.78126978874207  seconds  2.6065504737387184 0.2694480660582359 17.0
141.35203433036804  seconds  2.6065504737387184 0.2694480660582359 4.1000000000000005
145.9082624912262  seconds  2.6065504737387184 0.2694480660582359 5.1000000000000005
142.0765619277954  seconds  2.6065504737387184 0.2694480660582359 6.1000000000000005
143.79257202148438  seconds  2.6065504737387184 0.2694480660582359 7.1000000000000005
106.4785258769989  seconds  2.6065504737387184 0.2694480660582359 15.100000000000001
137.6137568950653  seconds  2.6065504737387184 0.2694480660582359 9.1
106.38557887077332  seconds  2.6065504737387184 0.2694480660582359 3.2
142.6758382320404  seconds  2.6065504737387184 0.2694480660582359 8.1
106.69833469390869  seconds  2.6065504737387184 0.2694480660582359 16.1
122.28478622436523  seconds  2.6065504737387184 0.2694480660582359 11.100000000000001
143.20153379440308  seconds  2.6065504737387184 0.2694480660582359 10.100000000000001
106.48989653587341  seconds  2.6065504737387184 0.2694480660582359 18.1
136.6954951286316  seconds  2.6065504737387184 0.2694480660582359 12.100000000000001
107.99948525428772  seconds  2.6065504737387184 0.2694480660582359 19.1
139.85874104499817  seconds  2.6065504737387184 0.2694480660582359 0.2
142.50776529312134  seconds  2.6065504737387184 0.2694480660582359 13.100000000000001
137.57955622673035  seconds  2.6065504737387184 0.2694480660582359 14.100000000000001
141.592622756958  seconds  2.6065504737387184 0.2694480660582359 1.2000000000000002
140.3302013874054  seconds  2.6065504737387184 0.2694480660582359 2.2
121.76111125946045  seconds  2.6065504737387184 0.2694480660582359 17.1
137.54027581214905  seconds  2.6065504737387184 0.2694480660582359 4.2
133.8869595527649  seconds  2.6065504737387184 0.2694480660582359 5.2
109.70836806297302  seconds  2.6065504737387184 0.2694480660582359 15.200000000000001
109.9067862033844  seconds  2.6065504737387184 0.2694480660582359 3.3000000000000003
110.15521359443665  seconds  2.6065504737387184 0.2694480660582359 16.2
138.97285437583923  seconds  2.6065504737387184 0.2694480660582359 6.2
109.49461460113525  seconds  2.6065504737387184 0.2694480660582359 11.200000000000001
135.9193081855774  seconds  2.6065504737387184 0.2694480660582359 7.2
107.93629956245422  seconds  2.6065504737387184 0.2694480660582359 18.2
135.78362226486206  seconds  2.6065504737387184 0.2694480660582359 9.200000000000001
137.65157747268677  seconds  2.6065504737387184 0.2694480660582359 8.200000000000001
110.48013520240784  seconds  2.6065504737387184 0.2694480660582359 19.200000000000003
134.49960780143738  seconds  2.6065504737387184 0.2694480660582359 10.200000000000001
131.7362997531891  seconds  2.6065504737387184 0.2694480660582359 12.200000000000001
110.2017183303833  seconds  2.6065504737387184 0.2694480660582359 17.2
134.93545532226562  seconds  2.6065504737387184 0.2694480660582359 0.30000000000000004
134.575927734375  seconds  2.6065504737387184 0.2694480660582359 13.200000000000001
133.7568325996399  seconds  2.6065504737387184 0.2694480660582359 14.200000000000001
134.985937833786  seconds  2.6065504737387184 0.2694480660582359 1.3
137.05685830116272  seconds  2.6065504737387184 0.2694480660582359 2.3000000000000003
110.44513845443726  seconds  2.6065504737387184 0.2694480660582359 15.3
128.43390250205994  seconds  2.6065504737387184 0.2694480660582359 4.3
111.19203162193298  seconds  2.6065504737387184 0.2694480660582359 3.4000000000000004
111.24966287612915  seconds  2.6065504737387184 0.2694480660582359 16.3
110.64449977874756  seconds  2.6065504737387184 0.2694480660582359 11.3
132.4798300266266  seconds  2.6065504737387184 0.2694480660582359 5.300000000000001
109.90961241722107  seconds  2.6065504737387184 0.2694480660582359 18.3
130.25300192832947  seconds  2.6065504737387184 0.2694480660582359 6.300000000000001
134.2852385044098  seconds  2.6065504737387184 0.2694480660582359 7.300000000000001
111.12264657020569  seconds  2.6065504737387184 0.2694480660582359 19.3
129.59763526916504  seconds  2.6065504737387184 0.2694480660582359 9.3
140.4390799999237  seconds  2.6065504737387184 0.2694480660582359 8.3
134.0407853126526  seconds  2.6065504737387184 0.2694480660582359 10.3
111.81662082672119  seconds  2.6065504737387184 0.2694480660582359 17.3
114.78698587417603  seconds  2.6065504737387184 0.2694480660582359 0.4
133.62178754806519  seconds  2.6065504737387184 0.2694480660582359 12.3
128.14599132537842  seconds  2.6065504737387184 0.2694480660582359 14.3
138.3511085510254  seconds  2.6065504737387184 0.2694480660582359 13.3
111.59262347221375  seconds  2.6065504737387184 0.2694480660582359 15.4
110.54580616950989  seconds  2.6065504737387184 0.2694480660582359 3.5
130.9004499912262  seconds  2.6065504737387184 0.2694480660582359 2.4000000000000004
111.52337980270386  seconds  2.6065504737387184 0.2694480660582359 16.400000000000002
135.3139579296112  seconds  2.6065504737387184 0.2694480660582359 1.4000000000000001
110.5933427810669  seconds  2.6065504737387184 0.2694480660582359 11.4
131.44727444648743  seconds  2.6065504737387184 0.2694480660582359 4.4
110.56937575340271  seconds  2.6065504737387184 0.2694480660582359 18.400000000000002
133.33160257339478  seconds  2.6065504737387184 0.2694480660582359 5.4
112.53218626976013  seconds  2.6065504737387184 0.2694480660582359 19.400000000000002
126.48723721504211  seconds  2.6065504737387184 0.2694480660582359 6.4
127.246018409729  seconds  2.6065504737387184 0.2694480660582359 7.4
128.57910633087158  seconds  2.6065504737387184 0.2694480660582359 9.4
114.54232907295227  seconds  2.6065504737387184 0.2694480660582359 17.400000000000002
130.20271730422974  seconds  2.6065504737387184 0.2694480660582359 8.4
114.14501595497131  seconds  2.6065504737387184 0.2694480660582359 0.5
126.35658288002014  seconds  2.6065504737387184 0.2694480660582359 10.4
128.389803647995  seconds  2.6065504737387184 0.2694480660582359 12.4
125.50343608856201  seconds  2.6065504737387184 0.2694480660582359 14.4
116.70963621139526  seconds  2.6065504737387184 0.2694480660582359 15.5
114.89222478866577  seconds  2.6065504737387184 0.2694480660582359 3.6
125.90729212760925  seconds  2.6065504737387184 0.2694480660582359 13.4
115.95525670051575  seconds  2.6065504737387184 0.2694480660582359 2.5
116.39715528488159  seconds  2.6065504737387184 0.2694480660582359 16.5
113.18631100654602  seconds  2.6065504737387184 0.2694480660582359 11.5
113.42635035514832  seconds  2.6065504737387184 0.2694480660582359 18.5
129.19266390800476  seconds  2.6065504737387184 0.2694480660582359 1.5
125.38920497894287  seconds  2.6065504737387184 0.2694480660582359 4.5
114.895516872406  seconds  2.6065504737387184 0.2694480660582359 19.5
123.59537076950073  seconds  2.6065504737387184 0.2694480660582359 5.5
125.27096390724182  seconds  2.6065504737387184 0.2694480660582359 6.5
131.6238191127777  seconds  2.6065504737387184 0.2694480660582359 7.5
127.75878095626831  seconds  2.6065504737387184 0.2694480660582359 9.5
113.24027109146118  seconds  2.6065504737387184 0.2694480660582359 17.5
123.47793316841125  seconds  2.6065504737387184 0.2694480660582359 8.5
120.92802143096924  seconds  2.6065504737387184 0.2694480660582359 0.6000000000000001
124.53876614570618  seconds  2.6065504737387184 0.2694480660582359 10.5
126.9655487537384  seconds  2.6065504737387184 0.2694480660582359 12.5
114.8246374130249  seconds  2.6065504737387184 0.2694480660582359 15.600000000000001
115.46934342384338  seconds  2.6065504737387184 0.2694480660582359 3.7
113.52886080741882  seconds  2.6065504737387184 0.2694480660582359 13.5
123.66685819625854  seconds  2.6065504737387184 0.2694480660582359 14.5
115.48419690132141  seconds  2.6065504737387184 0.2694480660582359 2.6
114.49795317649841  seconds  2.6065504737387184 0.2694480660582359 11.600000000000001
122.33399438858032  seconds  2.6065504737387184 0.2694480660582359 16.6
113.96277093887329  seconds  2.6065504737387184 0.2694480660582359 18.6
125.308767080307  seconds  2.6065504737387184 0.2694480660582359 1.6
122.4292802810669  seconds  2.6065504737387184 0.2694480660582359 4.6000000000000005
113.90230798721313  seconds  2.6065504737387184 0.2694480660582359 19.6
124.32763338088989  seconds  2.6065504737387184 0.2694480660582359 5.6000000000000005
127.88056087493896  seconds  2.6065504737387184 0.2694480660582359 6.6000000000000005
114.14877820014954  seconds  2.6065504737387184 0.2694480660582359 17.6
125.82281517982483  seconds  2.6065504737387184 0.2694480660582359 9.600000000000001
128.70301365852356  seconds  2.6065504737387184 0.2694480660582359 7.6000000000000005
121.70166897773743  seconds  2.6065504737387184 0.2694480660582359 0.7000000000000001
126.7520079612732  seconds  2.6065504737387184 0.2694480660582359 8.6
123.30891609191895  seconds  2.6065504737387184 0.2694480660582359 10.600000000000001
114.41169333457947  seconds  2.6065504737387184 0.2694480660582359 15.700000000000001
115.20239782333374  seconds  2.6065504737387184 0.2694480660582359 3.8000000000000003
114.365309715271  seconds  2.6065504737387184 0.2694480660582359 13.600000000000001
126.84320712089539  seconds  2.6065504737387184 0.2694480660582359 12.600000000000001
115.23324656486511  seconds  2.6065504737387184 0.2694480660582359 2.7
114.47947883605957  seconds  2.6065504737387184 0.2694480660582359 11.700000000000001
113.38745903968811  seconds  2.6065504737387184 0.2694480660582359 18.7
124.0969078540802  seconds  2.6065504737387184 0.2694480660582359 14.600000000000001
122.41671347618103  seconds  2.6065504737387184 0.2694480660582359 16.7
114.50332856178284  seconds  2.6065504737387184 0.2694480660582359 19.700000000000003
125.13931703567505  seconds  2.6065504737387184 0.2694480660582359 1.7000000000000002
127.7021074295044  seconds  2.6065504737387184 0.2694480660582359 4.7
127.74781560897827  seconds  2.6065504737387184 0.2694480660582359 5.7
112.94645261764526  seconds  2.6065504737387184 0.2694480660582359 17.7
122.95197057723999  seconds  2.6065504737387184 0.2694480660582359 6.7
123.5703296661377  seconds  2.6065504737387184 0.2694480660582359 7.7
126.44426846504211  seconds  2.6065504737387184 0.2694480660582359 9.700000000000001
120.1135151386261  seconds  2.6065504737387184 0.2694480660582359 0.8
125.03876852989197  seconds  2.6065504737387184 0.2694480660582359 8.700000000000001
112.94286942481995  seconds  2.6065504737387184 0.2694480660582359 15.8
125.43262481689453  seconds  2.6065504737387184 0.2694480660582359 10.700000000000001
114.05666327476501  seconds  2.6065504737387184 0.2694480660582359 3.9000000000000004
114.5028281211853  seconds  2.6065504737387184 0.2694480660582359 13.700000000000001
117.6500039100647  seconds  2.6065504737387184 0.2694480660582359 2.8000000000000003
117.22340059280396  seconds  2.6065504737387184 0.2694480660582359 11.8
124.71709156036377  seconds  2.6065504737387184 0.2694480660582359 12.700000000000001
112.37412118911743  seconds  2.6065504737387184 0.2694480660582359 18.8
125.3500394821167  seconds  2.6065504737387184 0.2694480660582359 14.700000000000001
119.19045829772949  seconds  2.6065504737387184 0.2694480660582359 16.8
113.69053673744202  seconds  2.6065504737387184 0.2694480660582359 19.8
124.9834303855896  seconds  2.6065504737387184 0.2694480660582359 1.8
123.53378224372864  seconds  2.6065504737387184 0.2694480660582359 4.800000000000001
114.08021140098572  seconds  2.6065504737387184 0.2694480660582359 17.8
126.04973793029785  seconds  2.6065504737387184 0.2694480660582359 5.800000000000001
122.99271297454834  seconds  2.6065504737387184 0.2694480660582359 6.800000000000001
115.06997442245483  seconds  2.6065504737387184 0.2694480660582359 0.9
126.23327016830444  seconds  2.6065504737387184 0.2694480660582359 7.800000000000001
124.93455600738525  seconds  2.6065504737387184 0.2694480660582359 9.8
111.79026770591736  seconds  2.6065504737387184 0.2694480660582359 15.9
112.07300066947937  seconds  2.6065504737387184 0.2694480660582359 13.8
124.9781243801117  seconds  2.6065504737387184 0.2694480660582359 8.8
121.24808359146118  seconds  2.6065504737387184 0.2694480660582359 10.8
112.83667492866516  seconds  2.6065504737387184 0.2694480660582359 2.9000000000000004
112.14171552658081  seconds  2.6065504737387184 0.2694480660582359 11.9
111.79150485992432  seconds  2.6065504737387184 0.2694480660582359 18.900000000000002
123.51392269134521  seconds  2.6065504737387184 0.2694480660582359 12.8
110.33057117462158  seconds  2.6065504737387184 0.2694480660582359 16.900000000000002
118.07573413848877  seconds  2.6065504737387184 0.2694480660582359 14.8
108.71964764595032  seconds  2.6065504737387184 0.2694480660582359 19.900000000000002
115.20306777954102  seconds  2.6065504737387184 0.2694480660582359 1.9000000000000001
105.5149199962616  seconds  2.6065504737387184 0.2694480660582359 17.900000000000002
121.94148564338684  seconds  2.6065504737387184 0.2694480660582359 4.9
112.74117016792297  seconds  2.6065504737387184 0.2694480660582359 6.9
118.41958713531494  seconds  2.6065504737387184 0.2694480660582359 5.9
109.98693633079529  seconds  2.6065504737387184 0.2694480660582359 7.9
100.2630889415741  seconds  2.6065504737387184 0.2694480660582359 13.9
110.77552843093872  seconds  2.6065504737387184 0.2694480660582359 9.9
108.99232840538025  seconds  2.6065504737387184 0.2694480660582359 8.9
108.34045791625977  seconds  2.6065504737387184 0.2694480660582359 10.9
104.05234241485596  seconds  2.6065504737387184 0.2694480660582359 12.9
102.95587706565857  seconds  2.6065504737387184 0.2694480660582359 14.9
time for calc.... 1389.9778702259064
energy at the point.. 2.602114031264387 0.5441112559756629  is  7.517785363120311e-06
200 the points 10 chunk numtheads
starting with calculation of Sigma
109.96684169769287  seconds  2.602114031264387 0.5441112559756629 0.0
111.35373997688293  seconds  2.602114031264387 0.5441112559756629 1.0
111.78162026405334  seconds  2.602114031264387 0.5441112559756629 2.0
114.79000449180603  seconds  2.602114031264387 0.5441112559756629 3.0
117.44796991348267  seconds  2.602114031264387 0.5441112559756629 4.0
120.63966679573059  seconds  2.602114031264387 0.5441112559756629 5.0
122.76154899597168  seconds  2.602114031264387 0.5441112559756629 6.0
104.08638906478882  seconds  2.602114031264387 0.5441112559756629 10.0
130.52906274795532  seconds  2.602114031264387 0.5441112559756629 7.0
123.49662613868713  seconds  2.602114031264387 0.5441112559756629 8.0
133.98206734657288  seconds  2.602114031264387 0.5441112559756629 9.0
133.60732460021973  seconds  2.602114031264387 0.5441112559756629 11.0
139.54086589813232  seconds  2.602114031264387 0.5441112559756629 12.0
141.74887466430664  seconds  2.602114031264387 0.5441112559756629 13.0
143.77186107635498  seconds  2.602114031264387 0.5441112559756629 0.1
148.31663346290588  seconds  2.602114031264387 0.5441112559756629 14.0
147.01956486701965  seconds  2.602114031264387 0.5441112559756629 1.1
129.8039026260376  seconds  2.602114031264387 0.5441112559756629 3.1
149.64136791229248  seconds  2.602114031264387 0.5441112559756629 15.0
149.31274724006653  seconds  2.602114031264387 0.5441112559756629 2.1
148.44563698768616  seconds  2.602114031264387 0.5441112559756629 16.0
102.93767237663269  seconds  2.602114031264387 0.5441112559756629 10.100000000000001
150.70990467071533  seconds  2.602114031264387 0.5441112559756629 17.0
139.83052515983582  seconds  2.602114031264387 0.5441112559756629 19.0
150.7035105228424  seconds  2.602114031264387 0.5441112559756629 4.1000000000000005
151.5156111717224  seconds  2.602114031264387 0.5441112559756629 18.0
151.54025793075562  seconds  2.602114031264387 0.5441112559756629 5.1000000000000005
149.79333519935608  seconds  2.602114031264387 0.5441112559756629 6.1000000000000005
152.42770791053772  seconds  2.602114031264387 0.5441112559756629 8.1
156.1242392063141  seconds  2.602114031264387 0.5441112559756629 7.1000000000000005
138.24448704719543  seconds  2.602114031264387 0.5441112559756629 9.1
138.48010396957397  seconds  2.602114031264387 0.5441112559756629 11.100000000000001
107.38040566444397  seconds  2.602114031264387 0.5441112559756629 3.2
145.8183832168579  seconds  2.602114031264387 0.5441112559756629 12.100000000000001
137.20206785202026  seconds  2.602114031264387 0.5441112559756629 13.100000000000001
134.74857020378113  seconds  2.602114031264387 0.5441112559756629 0.2
106.20963978767395  seconds  2.602114031264387 0.5441112559756629 10.200000000000001
137.4654746055603  seconds  2.602114031264387 0.5441112559756629 14.100000000000001
140.74368691444397  seconds  2.602114031264387 0.5441112559756629 1.2000000000000002
109.82891011238098  seconds  2.602114031264387 0.5441112559756629 19.1
137.41656470298767  seconds  2.602114031264387 0.5441112559756629 2.2
142.61610770225525  seconds  2.602114031264387 0.5441112559756629 15.100000000000001
136.68975019454956  seconds  2.602114031264387 0.5441112559756629 16.1
135.41580820083618  seconds  2.602114031264387 0.5441112559756629 17.1
130.94650602340698  seconds  2.602114031264387 0.5441112559756629 4.2
133.5430588722229  seconds  2.602114031264387 0.5441112559756629 18.1
137.2149748802185  seconds  2.602114031264387 0.5441112559756629 5.2
110.45379137992859  seconds  2.602114031264387 0.5441112559756629 9.200000000000001
114.09552955627441  seconds  2.602114031264387 0.5441112559756629 7.2
135.4828188419342  seconds  2.602114031264387 0.5441112559756629 6.2
108.66166162490845  seconds  2.602114031264387 0.5441112559756629 11.200000000000001
138.23422479629517  seconds  2.602114031264387 0.5441112559756629 8.200000000000001
108.51894164085388  seconds  2.602114031264387 0.5441112559756629 3.3000000000000003
109.57371163368225  seconds  2.602114031264387 0.5441112559756629 13.200000000000001
109.16738200187683  seconds  2.602114031264387 0.5441112559756629 10.3
130.30287194252014  seconds  2.602114031264387 0.5441112559756629 12.200000000000001
109.75268888473511  seconds  2.602114031264387 0.5441112559756629 19.200000000000003
134.5746603012085  seconds  2.602114031264387 0.5441112559756629 0.30000000000000004
129.2862446308136  seconds  2.602114031264387 0.5441112559756629 1.3
140.38459873199463  seconds  2.602114031264387 0.5441112559756629 14.200000000000001
135.6673481464386  seconds  2.602114031264387 0.5441112559756629 2.3000000000000003
135.12024927139282  seconds  2.602114031264387 0.5441112559756629 16.2
126.34264254570007  seconds  2.602114031264387 0.5441112559756629 17.2
137.9707555770874  seconds  2.602114031264387 0.5441112559756629 15.200000000000001
110.27036595344543  seconds  2.602114031264387 0.5441112559756629 9.3
133.7523033618927  seconds  2.602114031264387 0.5441112559756629 4.3
110.76344060897827  seconds  2.602114031264387 0.5441112559756629 7.300000000000001
131.5125708580017  seconds  2.602114031264387 0.5441112559756629 18.2
110.39657926559448  seconds  2.602114031264387 0.5441112559756629 11.3
133.40685486793518  seconds  2.602114031264387 0.5441112559756629 5.300000000000001
133.84441471099854  seconds  2.602114031264387 0.5441112559756629 6.300000000000001
109.56268739700317  seconds  2.602114031264387 0.5441112559756629 3.4000000000000004
110.42810678482056  seconds  2.602114031264387 0.5441112559756629 13.3
132.36669254302979  seconds  2.602114031264387 0.5441112559756629 8.3
111.45367765426636  seconds  2.602114031264387 0.5441112559756629 10.4
111.19758033752441  seconds  2.602114031264387 0.5441112559756629 19.3
130.7093026638031  seconds  2.602114031264387 0.5441112559756629 12.3
128.8190290927887  seconds  2.602114031264387 0.5441112559756629 0.4
111.21390914916992  seconds  2.602114031264387 0.5441112559756629 17.3
130.40063309669495  seconds  2.602114031264387 0.5441112559756629 1.4000000000000001
112.14383482933044  seconds  2.602114031264387 0.5441112559756629 9.4
111.63590931892395  seconds  2.602114031264387 0.5441112559756629 7.4
140.0237386226654  seconds  2.602114031264387 0.5441112559756629 14.3
130.67122292518616  seconds  2.602114031264387 0.5441112559756629 16.3
130.47690868377686  seconds  2.602114031264387 0.5441112559756629 15.3
134.40193891525269  seconds  2.602114031264387 0.5441112559756629 2.4000000000000004
111.03168988227844  seconds  2.602114031264387 0.5441112559756629 11.4
130.57468938827515  seconds  2.602114031264387 0.5441112559756629 4.4
131.09799790382385  seconds  2.602114031264387 0.5441112559756629 18.3
111.3835072517395  seconds  2.602114031264387 0.5441112559756629 3.5
126.76272010803223  seconds  2.602114031264387 0.5441112559756629 5.4
111.11707377433777  seconds  2.602114031264387 0.5441112559756629 13.4
134.60948133468628  seconds  2.602114031264387 0.5441112559756629 6.4
115.47799158096313  seconds  2.602114031264387 0.5441112559756629 10.5
129.1651372909546  seconds  2.602114031264387 0.5441112559756629 8.4
112.61884808540344  seconds  2.602114031264387 0.5441112559756629 19.400000000000002
127.9901213645935  seconds  2.602114031264387 0.5441112559756629 12.4
112.28116273880005  seconds  2.602114031264387 0.5441112559756629 17.400000000000002
124.62016296386719  seconds  2.602114031264387 0.5441112559756629 0.5
112.27019548416138  seconds  2.602114031264387 0.5441112559756629 7.5
116.08133149147034  seconds  2.602114031264387 0.5441112559756629 9.5
116.1797227859497  seconds  2.602114031264387 0.5441112559756629 14.4
131.36143445968628  seconds  2.602114031264387 0.5441112559756629 1.5
113.57196426391602  seconds  2.602114031264387 0.5441112559756629 11.5
132.01209712028503  seconds  2.602114031264387 0.5441112559756629 16.400000000000002
133.85569977760315  seconds  2.602114031264387 0.5441112559756629 15.4
133.94611716270447  seconds  2.602114031264387 0.5441112559756629 2.5
114.3059151172638  seconds  2.602114031264387 0.5441112559756629 3.6
126.89739775657654  seconds  2.602114031264387 0.5441112559756629 4.5
128.3935627937317  seconds  2.602114031264387 0.5441112559756629 18.400000000000002
113.37325644493103  seconds  2.602114031264387 0.5441112559756629 13.5
129.64014053344727  seconds  2.602114031264387 0.5441112559756629 5.5
114.07599806785583  seconds  2.602114031264387 0.5441112559756629 10.600000000000001
113.69347214698792  seconds  2.602114031264387 0.5441112559756629 19.5
134.8357048034668  seconds  2.602114031264387 0.5441112559756629 6.5
131.21305990219116  seconds  2.602114031264387 0.5441112559756629 8.5
111.86805462837219  seconds  2.602114031264387 0.5441112559756629 17.5
131.39243412017822  seconds  2.602114031264387 0.5441112559756629 12.5
113.18231225013733  seconds  2.602114031264387 0.5441112559756629 7.6000000000000005
112.41972208023071  seconds  2.602114031264387 0.5441112559756629 9.600000000000001
129.28852891921997  seconds  2.602114031264387 0.5441112559756629 0.6000000000000001
112.1912693977356  seconds  2.602114031264387 0.5441112559756629 14.5
116.17701840400696  seconds  2.602114031264387 0.5441112559756629 11.600000000000001
126.50354623794556  seconds  2.602114031264387 0.5441112559756629 1.6
116.65359568595886  seconds  2.602114031264387 0.5441112559756629 3.7
112.680340051651  seconds  2.602114031264387 0.5441112559756629 13.600000000000001
128.707941532135  seconds  2.602114031264387 0.5441112559756629 16.5
125.87022948265076  seconds  2.602114031264387 0.5441112559756629 15.5
126.45055603981018  seconds  2.602114031264387 0.5441112559756629 2.6
129.1349060535431  seconds  2.602114031264387 0.5441112559756629 4.6000000000000005
129.20824146270752  seconds  2.602114031264387 0.5441112559756629 18.5
115.62303853034973  seconds  2.602114031264387 0.5441112559756629 10.700000000000001
127.25576496124268  seconds  2.602114031264387 0.5441112559756629 5.6000000000000005
113.63514351844788  seconds  2.602114031264387 0.5441112559756629 19.6
127.27372598648071  seconds  2.602114031264387 0.5441112559756629 6.6000000000000005
128.6354591846466  seconds  2.602114031264387 0.5441112559756629 8.6
113.03240418434143  seconds  2.602114031264387 0.5441112559756629 17.6
115.02704334259033  seconds  2.602114031264387 0.5441112559756629 9.700000000000001
118.75611734390259  seconds  2.602114031264387 0.5441112559756629 7.7
115.65111804008484  seconds  2.602114031264387 0.5441112559756629 14.600000000000001
123.94682288169861  seconds  2.602114031264387 0.5441112559756629 12.600000000000001
123.37267971038818  seconds  2.602114031264387 0.5441112559756629 0.7000000000000001
114.70017719268799  seconds  2.602114031264387 0.5441112559756629 11.700000000000001
115.11940908432007  seconds  2.602114031264387 0.5441112559756629 3.8000000000000003
126.52035355567932  seconds  2.602114031264387 0.5441112559756629 1.7000000000000002
115.09813189506531  seconds  2.602114031264387 0.5441112559756629 13.700000000000001
124.03818941116333  seconds  2.602114031264387 0.5441112559756629 16.6
122.55690431594849  seconds  2.602114031264387 0.5441112559756629 2.7
130.3946635723114  seconds  2.602114031264387 0.5441112559756629 15.600000000000001
118.27000141143799  seconds  2.602114031264387 0.5441112559756629 10.8
126.70630288124084  seconds  2.602114031264387 0.5441112559756629 4.7
123.99081802368164  seconds  2.602114031264387 0.5441112559756629 18.6
117.90638732910156  seconds  2.602114031264387 0.5441112559756629 19.700000000000003
124.64833164215088  seconds  2.602114031264387 0.5441112559756629 5.7
125.03383541107178  seconds  2.602114031264387 0.5441112559756629 6.7
114.09880352020264  seconds  2.602114031264387 0.5441112559756629 8.700000000000001
114.30752062797546  seconds  2.602114031264387 0.5441112559756629 17.7
115.90501022338867  seconds  2.602114031264387 0.5441112559756629 9.8
114.7851414680481  seconds  2.602114031264387 0.5441112559756629 7.800000000000001
117.13211441040039  seconds  2.602114031264387 0.5441112559756629 14.700000000000001
112.85056591033936  seconds  2.602114031264387 0.5441112559756629 11.8
125.62139892578125  seconds  2.602114031264387 0.5441112559756629 12.700000000000001
127.08384656906128  seconds  2.602114031264387 0.5441112559756629 0.8
116.20710468292236  seconds  2.602114031264387 0.5441112559756629 3.9000000000000004
114.39471125602722  seconds  2.602114031264387 0.5441112559756629 13.8
122.72857308387756  seconds  2.602114031264387 0.5441112559756629 1.8
115.45756316184998  seconds  2.602114031264387 0.5441112559756629 10.9
124.50066328048706  seconds  2.602114031264387 0.5441112559756629 2.8000000000000003
131.52569913864136  seconds  2.602114031264387 0.5441112559756629 16.7
127.20973658561707  seconds  2.602114031264387 0.5441112559756629 15.700000000000001
124.58398103713989  seconds  2.602114031264387 0.5441112559756629 4.800000000000001
114.92375993728638  seconds  2.602114031264387 0.5441112559756629 19.8
123.13891816139221  seconds  2.602114031264387 0.5441112559756629 18.7
124.13121485710144  seconds  2.602114031264387 0.5441112559756629 5.800000000000001
112.62577629089355  seconds  2.602114031264387 0.5441112559756629 8.8
112.99602675437927  seconds  2.602114031264387 0.5441112559756629 17.8
119.97590637207031  seconds  2.602114031264387 0.5441112559756629 6.800000000000001
111.95952773094177  seconds  2.602114031264387 0.5441112559756629 9.9
113.00237488746643  seconds  2.602114031264387 0.5441112559756629 7.9
111.22150731086731  seconds  2.602114031264387 0.5441112559756629 14.8
111.2661144733429  seconds  2.602114031264387 0.5441112559756629 11.9
119.48020243644714  seconds  2.602114031264387 0.5441112559756629 12.8
119.84101128578186  seconds  2.602114031264387 0.5441112559756629 0.9
109.75936722755432  seconds  2.602114031264387 0.5441112559756629 13.9
119.06821775436401  seconds  2.602114031264387 0.5441112559756629 1.9000000000000001
115.74587225914001  seconds  2.602114031264387 0.5441112559756629 2.9000000000000004
107.92620325088501  seconds  2.602114031264387 0.5441112559756629 19.900000000000002
116.53772854804993  seconds  2.602114031264387 0.5441112559756629 16.8
115.12138319015503  seconds  2.602114031264387 0.5441112559756629 15.8
114.53467202186584  seconds  2.602114031264387 0.5441112559756629 18.8
119.07042145729065  seconds  2.602114031264387 0.5441112559756629 4.9
111.58121943473816  seconds  2.602114031264387 0.5441112559756629 5.9
104.1695203781128  seconds  2.602114031264387 0.5441112559756629 8.9
104.15396690368652  seconds  2.602114031264387 0.5441112559756629 17.900000000000002
110.68903017044067  seconds  2.602114031264387 0.5441112559756629 6.9
101.74151611328125  seconds  2.602114031264387 0.5441112559756629 14.9
104.24789881706238  seconds  2.602114031264387 0.5441112559756629 12.9
100.74197435379028  seconds  2.602114031264387 0.5441112559756629 16.900000000000002
100.25051546096802  seconds  2.602114031264387 0.5441112559756629 15.9
99.76538586616516  seconds  2.602114031264387 0.5441112559756629 18.900000000000002
time for calc.... 1428.4670414924622
energy at the point.. 2.5846892989406154 0.8396349413298569  is  1.1574406936887272e-05
200 the points 10 chunk numtheads
starting with calculation of Sigma
106.38224530220032  seconds  2.5846892989406154 0.8396349413298569 0.0
107.98586130142212  seconds  2.5846892989406154 0.8396349413298569 1.0
119.0830647945404  seconds  2.5846892989406154 0.8396349413298569 2.0
113.20890951156616  seconds  2.5846892989406154 0.8396349413298569 3.0
114.9594521522522  seconds  2.5846892989406154 0.8396349413298569 4.0
116.57658767700195  seconds  2.5846892989406154 0.8396349413298569 5.0
105.76792573928833  seconds  2.5846892989406154 0.8396349413298569 8.0
125.735924243927  seconds  2.5846892989406154 0.8396349413298569 6.0
124.52824401855469  seconds  2.5846892989406154 0.8396349413298569 7.0
103.23860216140747  seconds  2.5846892989406154 0.8396349413298569 10.0
121.55766487121582  seconds  2.5846892989406154 0.8396349413298569 9.0
105.92414808273315  seconds  2.5846892989406154 0.8396349413298569 11.0
135.63679838180542  seconds  2.5846892989406154 0.8396349413298569 12.0
110.61432313919067  seconds  2.5846892989406154 0.8396349413298569 15.0
133.69209146499634  seconds  2.5846892989406154 0.8396349413298569 13.0
133.68258428573608  seconds  2.5846892989406154 0.8396349413298569 0.1
128.21336960792542  seconds  2.5846892989406154 0.8396349413298569 14.0
130.89983892440796  seconds  2.5846892989406154 0.8396349413298569 1.1
107.4937150478363  seconds  2.5846892989406154 0.8396349413298569 17.0
108.38234829902649  seconds  2.5846892989406154 0.8396349413298569 18.0
134.4285786151886  seconds  2.5846892989406154 0.8396349413298569 16.0
134.3218457698822  seconds  2.5846892989406154 0.8396349413298569 2.1
138.45545983314514  seconds  2.5846892989406154 0.8396349413298569 3.1
108.81888842582703  seconds  2.5846892989406154 0.8396349413298569 8.1
137.11753177642822  seconds  2.5846892989406154 0.8396349413298569 4.1000000000000005
132.32248854637146  seconds  2.5846892989406154 0.8396349413298569 5.1000000000000005
109.22356104850769  seconds  2.5846892989406154 0.8396349413298569 10.100000000000001
134.4710178375244  seconds  2.5846892989406154 0.8396349413298569 19.0
112.4622917175293  seconds  2.5846892989406154 0.8396349413298569 11.100000000000001
132.55189061164856  seconds  2.5846892989406154 0.8396349413298569 6.1000000000000005
131.22971296310425  seconds  2.5846892989406154 0.8396349413298569 7.1000000000000005
128.5694272518158  seconds  2.5846892989406154 0.8396349413298569 9.1
114.93365216255188  seconds  2.5846892989406154 0.8396349413298569 15.100000000000001
112.69076442718506  seconds  2.5846892989406154 0.8396349413298569 14.100000000000001
111.24418759346008  seconds  2.5846892989406154 0.8396349413298569 17.1
133.21729850769043  seconds  2.5846892989406154 0.8396349413298569 12.100000000000001
130.42006969451904  seconds  2.5846892989406154 0.8396349413298569 13.100000000000001
111.39985918998718  seconds  2.5846892989406154 0.8396349413298569 18.1
133.32455110549927  seconds  2.5846892989406154 0.8396349413298569 0.2
130.5091872215271  seconds  2.5846892989406154 0.8396349413298569 1.2000000000000002
112.5022976398468  seconds  2.5846892989406154 0.8396349413298569 8.200000000000001
125.79513740539551  seconds  2.5846892989406154 0.8396349413298569 16.1
114.76233911514282  seconds  2.5846892989406154 0.8396349413298569 4.2
129.8906512260437  seconds  2.5846892989406154 0.8396349413298569 2.2
112.69922280311584  seconds  2.5846892989406154 0.8396349413298569 10.200000000000001
130.35685849189758  seconds  2.5846892989406154 0.8396349413298569 3.2
125.30277562141418  seconds  2.5846892989406154 0.8396349413298569 5.2
129.1605269908905  seconds  2.5846892989406154 0.8396349413298569 19.1
119.22645664215088  seconds  2.5846892989406154 0.8396349413298569 11.200000000000001
129.11902976036072  seconds  2.5846892989406154 0.8396349413298569 6.2
117.86397624015808  seconds  2.5846892989406154 0.8396349413298569 9.200000000000001
129.19967341423035  seconds  2.5846892989406154 0.8396349413298569 7.2
120.42464780807495  seconds  2.5846892989406154 0.8396349413298569 15.200000000000001
113.51119995117188  seconds  2.5846892989406154 0.8396349413298569 17.2
121.16745662689209  seconds  2.5846892989406154 0.8396349413298569 14.200000000000001
113.4173538684845  seconds  2.5846892989406154 0.8396349413298569 18.2
120.06042408943176  seconds  2.5846892989406154 0.8396349413298569 12.200000000000001
123.64745926856995  seconds  2.5846892989406154 0.8396349413298569 13.200000000000001
112.26938152313232  seconds  2.5846892989406154 0.8396349413298569 8.3
130.82520651817322  seconds  2.5846892989406154 0.8396349413298569 0.30000000000000004
130.83846306800842  seconds  2.5846892989406154 0.8396349413298569 1.3
119.43364906311035  seconds  2.5846892989406154 0.8396349413298569 16.2
117.09766483306885  seconds  2.5846892989406154 0.8396349413298569 4.3
113.97953391075134  seconds  2.5846892989406154 0.8396349413298569 10.3
124.60864043235779  seconds  2.5846892989406154 0.8396349413298569 2.3000000000000003
126.00021958351135  seconds  2.5846892989406154 0.8396349413298569 3.3000000000000003
115.18168902397156  seconds  2.5846892989406154 0.8396349413298569 11.3
127.89892840385437  seconds  2.5846892989406154 0.8396349413298569 5.300000000000001
121.89788794517517  seconds  2.5846892989406154 0.8396349413298569 19.200000000000003
115.84015369415283  seconds  2.5846892989406154 0.8396349413298569 9.3
123.95028591156006  seconds  2.5846892989406154 0.8396349413298569 6.300000000000001
128.2720742225647  seconds  2.5846892989406154 0.8396349413298569 7.300000000000001
115.33464670181274  seconds  2.5846892989406154 0.8396349413298569 15.3
116.10469245910645  seconds  2.5846892989406154 0.8396349413298569 17.3
117.24331569671631  seconds  2.5846892989406154 0.8396349413298569 14.3
114.56036949157715  seconds  2.5846892989406154 0.8396349413298569 18.3
115.44598913192749  seconds  2.5846892989406154 0.8396349413298569 12.3
113.80602359771729  seconds  2.5846892989406154 0.8396349413298569 8.4
124.3415687084198  seconds  2.5846892989406154 0.8396349413298569 13.3
114.89303517341614  seconds  2.5846892989406154 0.8396349413298569 4.4
127.45186805725098  seconds  2.5846892989406154 0.8396349413298569 0.4
114.75709581375122  seconds  2.5846892989406154 0.8396349413298569 10.4
123.39640522003174  seconds  2.5846892989406154 0.8396349413298569 16.3
131.29850697517395  seconds  2.5846892989406154 0.8396349413298569 1.4000000000000001
125.27380204200745  seconds  2.5846892989406154 0.8396349413298569 2.4000000000000004
125.65663886070251  seconds  2.5846892989406154 0.8396349413298569 3.4000000000000004
117.96516942977905  seconds  2.5846892989406154 0.8396349413298569 11.4
122.59884762763977  seconds  2.5846892989406154 0.8396349413298569 5.4
123.28687953948975  seconds  2.5846892989406154 0.8396349413298569 19.3
113.37405228614807  seconds  2.5846892989406154 0.8396349413298569 9.4
126.39559316635132  seconds  2.5846892989406154 0.8396349413298569 6.4
128.96201634407043  seconds  2.5846892989406154 0.8396349413298569 7.4
119.31581139564514  seconds  2.5846892989406154 0.8396349413298569 15.4
114.3280770778656  seconds  2.5846892989406154 0.8396349413298569 17.400000000000002
114.85649609565735  seconds  2.5846892989406154 0.8396349413298569 14.4
113.97459745407104  seconds  2.5846892989406154 0.8396349413298569 18.400000000000002
114.77310872077942  seconds  2.5846892989406154 0.8396349413298569 12.4
112.91018271446228  seconds  2.5846892989406154 0.8396349413298569 8.5
124.15892791748047  seconds  2.5846892989406154 0.8396349413298569 13.4
114.01604151725769  seconds  2.5846892989406154 0.8396349413298569 4.5
115.16407179832458  seconds  2.5846892989406154 0.8396349413298569 10.5
123.61888337135315  seconds  2.5846892989406154 0.8396349413298569 0.5
123.15618205070496  seconds  2.5846892989406154 0.8396349413298569 16.400000000000002
125.3767569065094  seconds  2.5846892989406154 0.8396349413298569 1.5
125.94528150558472  seconds  2.5846892989406154 0.8396349413298569 2.5
118.39748024940491  seconds  2.5846892989406154 0.8396349413298569 11.5
123.54159379005432  seconds  2.5846892989406154 0.8396349413298569 3.5
115.73889565467834  seconds  2.5846892989406154 0.8396349413298569 9.5
124.73682594299316  seconds  2.5846892989406154 0.8396349413298569 5.5
123.74892449378967  seconds  2.5846892989406154 0.8396349413298569 19.400000000000002
124.10198163986206  seconds  2.5846892989406154 0.8396349413298569 6.5
114.90102624893188  seconds  2.5846892989406154 0.8396349413298569 17.5
116.23465895652771  seconds  2.5846892989406154 0.8396349413298569 15.5
115.10010957717896  seconds  2.5846892989406154 0.8396349413298569 14.5
128.44376587867737  seconds  2.5846892989406154 0.8396349413298569 7.5
114.56038403511047  seconds  2.5846892989406154 0.8396349413298569 18.5
114.42051672935486  seconds  2.5846892989406154 0.8396349413298569 12.5
112.99649715423584  seconds  2.5846892989406154 0.8396349413298569 8.6
114.16913604736328  seconds  2.5846892989406154 0.8396349413298569 4.6000000000000005
126.01418781280518  seconds  2.5846892989406154 0.8396349413298569 13.5
120.19456672668457  seconds  2.5846892989406154 0.8396349413298569 10.600000000000001
126.11519694328308  seconds  2.5846892989406154 0.8396349413298569 0.6000000000000001
130.0395712852478  seconds  2.5846892989406154 0.8396349413298569 16.5
125.4917562007904  seconds  2.5846892989406154 0.8396349413298569 1.6
118.37345671653748  seconds  2.5846892989406154 0.8396349413298569 11.600000000000001
114.28548121452332  seconds  2.5846892989406154 0.8396349413298569 9.600000000000001
128.23725485801697  seconds  2.5846892989406154 0.8396349413298569 2.6
126.37677931785583  seconds  2.5846892989406154 0.8396349413298569 3.6
127.74644804000854  seconds  2.5846892989406154 0.8396349413298569 5.6000000000000005
127.94133353233337  seconds  2.5846892989406154 0.8396349413298569 19.5
114.91842103004456  seconds  2.5846892989406154 0.8396349413298569 17.6
114.9046630859375  seconds  2.5846892989406154 0.8396349413298569 15.600000000000001
124.5987389087677  seconds  2.5846892989406154 0.8396349413298569 6.6000000000000005
117.7197117805481  seconds  2.5846892989406154 0.8396349413298569 14.600000000000001
113.54313468933105  seconds  2.5846892989406154 0.8396349413298569 12.600000000000001
118.68401908874512  seconds  2.5846892989406154 0.8396349413298569 18.6
113.49692749977112  seconds  2.5846892989406154 0.8396349413298569 8.700000000000001
129.30785870552063  seconds  2.5846892989406154 0.8396349413298569 7.6000000000000005
119.11329984664917  seconds  2.5846892989406154 0.8396349413298569 4.7
119.90339303016663  seconds  2.5846892989406154 0.8396349413298569 10.700000000000001
122.32702970504761  seconds  2.5846892989406154 0.8396349413298569 13.600000000000001
124.23521518707275  seconds  2.5846892989406154 0.8396349413298569 0.7000000000000001
115.01704692840576  seconds  2.5846892989406154 0.8396349413298569 11.700000000000001
113.87271738052368  seconds  2.5846892989406154 0.8396349413298569 9.700000000000001
127.18561315536499  seconds  2.5846892989406154 0.8396349413298569 16.6
126.7654230594635  seconds  2.5846892989406154 0.8396349413298569 1.7000000000000002
120.79146218299866  seconds  2.5846892989406154 0.8396349413298569 3.7
125.08279657363892  seconds  2.5846892989406154 0.8396349413298569 2.7
123.81384825706482  seconds  2.5846892989406154 0.8396349413298569 5.7
114.06678700447083  seconds  2.5846892989406154 0.8396349413298569 17.7
129.90407347679138  seconds  2.5846892989406154 0.8396349413298569 19.6
116.65802764892578  seconds  2.5846892989406154 0.8396349413298569 15.700000000000001
117.66270995140076  seconds  2.5846892989406154 0.8396349413298569 14.700000000000001
115.20000958442688  seconds  2.5846892989406154 0.8396349413298569 12.700000000000001
124.1995644569397  seconds  2.5846892989406154 0.8396349413298569 6.7
114.40164232254028  seconds  2.5846892989406154 0.8396349413298569 18.7
115.65629863739014  seconds  2.5846892989406154 0.8396349413298569 8.8
124.7659637928009  seconds  2.5846892989406154 0.8396349413298569 7.7
114.64872574806213  seconds  2.5846892989406154 0.8396349413298569 4.800000000000001
115.55877709388733  seconds  2.5846892989406154 0.8396349413298569 10.8
121.29910516738892  seconds  2.5846892989406154 0.8396349413298569 13.700000000000001
116.56554985046387  seconds  2.5846892989406154 0.8396349413298569 11.8
117.40011429786682  seconds  2.5846892989406154 0.8396349413298569 9.8
123.20975923538208  seconds  2.5846892989406154 0.8396349413298569 0.8
126.01935839653015  seconds  2.5846892989406154 0.8396349413298569 16.7
128.32449674606323  seconds  2.5846892989406154 0.8396349413298569 1.8
124.73261499404907  seconds  2.5846892989406154 0.8396349413298569 3.8000000000000003
123.50795841217041  seconds  2.5846892989406154 0.8396349413298569 2.8000000000000003
118.22366333007812  seconds  2.5846892989406154 0.8396349413298569 17.8
115.40694499015808  seconds  2.5846892989406154 0.8396349413298569 15.8
127.0967390537262  seconds  2.5846892989406154 0.8396349413298569 5.800000000000001
115.95202016830444  seconds  2.5846892989406154 0.8396349413298569 12.8
117.47591257095337  seconds  2.5846892989406154 0.8396349413298569 14.8
114.68593263626099  seconds  2.5846892989406154 0.8396349413298569 18.8
130.04931449890137  seconds  2.5846892989406154 0.8396349413298569 19.700000000000003
113.17479372024536  seconds  2.5846892989406154 0.8396349413298569 8.9
126.00003242492676  seconds  2.5846892989406154 0.8396349413298569 6.800000000000001
114.74666500091553  seconds  2.5846892989406154 0.8396349413298569 4.9
127.04920721054077  seconds  2.5846892989406154 0.8396349413298569 7.800000000000001
116.37156534194946  seconds  2.5846892989406154 0.8396349413298569 10.9
124.94094586372375  seconds  2.5846892989406154 0.8396349413298569 13.8
113.59266972541809  seconds  2.5846892989406154 0.8396349413298569 11.9
113.33084559440613  seconds  2.5846892989406154 0.8396349413298569 9.9
117.51777696609497  seconds  2.5846892989406154 0.8396349413298569 0.9
117.77706694602966  seconds  2.5846892989406154 0.8396349413298569 1.9000000000000001
125.64892172813416  seconds  2.5846892989406154 0.8396349413298569 16.8
116.99165678024292  seconds  2.5846892989406154 0.8396349413298569 2.9000000000000004
119.95729112625122  seconds  2.5846892989406154 0.8396349413298569 3.9000000000000004
110.28793525695801  seconds  2.5846892989406154 0.8396349413298569 15.9
111.22952032089233  seconds  2.5846892989406154 0.8396349413298569 17.900000000000002
115.24344849586487  seconds  2.5846892989406154 0.8396349413298569 5.9
108.8456072807312  seconds  2.5846892989406154 0.8396349413298569 12.9
109.71306490898132  seconds  2.5846892989406154 0.8396349413298569 14.9
109.7843804359436  seconds  2.5846892989406154 0.8396349413298569 18.900000000000002
112.94264507293701  seconds  2.5846892989406154 0.8396349413298569 6.9
118.91946840286255  seconds  2.5846892989406154 0.8396349413298569 19.8
107.20425176620483  seconds  2.5846892989406154 0.8396349413298569 7.9
108.35050797462463  seconds  2.5846892989406154 0.8396349413298569 13.9
99.42718887329102  seconds  2.5846892989406154 0.8396349413298569 16.900000000000002
98.04879784584045  seconds  2.5846892989406154 0.8396349413298569 19.900000000000002
time for calc.... 1408.258446931839
energy at the point.. 2.5337077240684835 1.1368970013037814  is  2.067935501059992e-06
200 the points 10 chunk numtheads
starting with calculation of Sigma
106.26220440864563  seconds  2.5337077240684835 1.1368970013037814 0.0
109.94523644447327  seconds  2.5337077240684835 1.1368970013037814 1.0
112.86194634437561  seconds  2.5337077240684835 1.1368970013037814 2.0
113.79728674888611  seconds  2.5337077240684835 1.1368970013037814 3.0
117.72081899642944  seconds  2.5337077240684835 1.1368970013037814 4.0
124.3326210975647  seconds  2.5337077240684835 1.1368970013037814 5.0
128.00370955467224  seconds  2.5337077240684835 1.1368970013037814 6.0
122.28363227844238  seconds  2.5337077240684835 1.1368970013037814 7.0
122.86553359031677  seconds  2.5337077240684835 1.1368970013037814 8.0
123.42392325401306  seconds  2.5337077240684835 1.1368970013037814 9.0
101.05828356742859  seconds  2.5337077240684835 1.1368970013037814 0.1
131.5618326663971  seconds  2.5337077240684835 1.1368970013037814 10.0
133.05423951148987  seconds  2.5337077240684835 1.1368970013037814 11.0
138.55726313591003  seconds  2.5337077240684835 1.1368970013037814 12.0
140.73834872245789  seconds  2.5337077240684835 1.1368970013037814 13.0
145.36806273460388  seconds  2.5337077240684835 1.1368970013037814 14.0
143.23191285133362  seconds  2.5337077240684835 1.1368970013037814 1.1
141.18847513198853  seconds  2.5337077240684835 1.1368970013037814 15.0
143.00308418273926  seconds  2.5337077240684835 1.1368970013037814 2.1
138.20182251930237  seconds  2.5337077240684835 1.1368970013037814 3.1
144.2578558921814  seconds  2.5337077240684835 1.1368970013037814 16.0
146.9424912929535  seconds  2.5337077240684835 1.1368970013037814 17.0
144.23619866371155  seconds  2.5337077240684835 1.1368970013037814 4.1000000000000005
149.09394454956055  seconds  2.5337077240684835 1.1368970013037814 18.0
144.48361778259277  seconds  2.5337077240684835 1.1368970013037814 19.0
148.31671166419983  seconds  2.5337077240684835 1.1368970013037814 5.1000000000000005
104.9999749660492  seconds  2.5337077240684835 1.1368970013037814 0.2
146.05061531066895  seconds  2.5337077240684835 1.1368970013037814 7.1000000000000005
150.446040391922  seconds  2.5337077240684835 1.1368970013037814 6.1000000000000005
141.90374517440796  seconds  2.5337077240684835 1.1368970013037814 8.1
147.35261392593384  seconds  2.5337077240684835 1.1368970013037814 9.1
141.03143286705017  seconds  2.5337077240684835 1.1368970013037814 10.100000000000001
153.9581527709961  seconds  2.5337077240684835 1.1368970013037814 11.100000000000001
141.72282600402832  seconds  2.5337077240684835 1.1368970013037814 12.100000000000001
140.90099143981934  seconds  2.5337077240684835 1.1368970013037814 13.100000000000001
145.38492918014526  seconds  2.5337077240684835 1.1368970013037814 14.100000000000001
147.58066534996033  seconds  2.5337077240684835 1.1368970013037814 1.2000000000000002
149.05525255203247  seconds  2.5337077240684835 1.1368970013037814 15.100000000000001
104.15847444534302  seconds  2.5337077240684835 1.1368970013037814 0.30000000000000004
142.6911735534668  seconds  2.5337077240684835 1.1368970013037814 3.2
144.1841106414795  seconds  2.5337077240684835 1.1368970013037814 16.1
149.81728148460388  seconds  2.5337077240684835 1.1368970013037814 2.2
145.28533840179443  seconds  2.5337077240684835 1.1368970013037814 17.1
145.715496301651  seconds  2.5337077240684835 1.1368970013037814 4.2
143.66166806221008  seconds  2.5337077240684835 1.1368970013037814 18.1
146.73354363441467  seconds  2.5337077240684835 1.1368970013037814 19.1
147.43834161758423  seconds  2.5337077240684835 1.1368970013037814 5.2
145.57342290878296  seconds  2.5337077240684835 1.1368970013037814 7.2
146.25376534461975  seconds  2.5337077240684835 1.1368970013037814 6.2
145.88699626922607  seconds  2.5337077240684835 1.1368970013037814 8.200000000000001
142.45593190193176  seconds  2.5337077240684835 1.1368970013037814 9.200000000000001
143.68727087974548  seconds  2.5337077240684835 1.1368970013037814 10.200000000000001
101.61525249481201  seconds  2.5337077240684835 1.1368970013037814 0.4
146.2868688106537  seconds  2.5337077240684835 1.1368970013037814 11.200000000000001
145.64369130134583  seconds  2.5337077240684835 1.1368970013037814 12.200000000000001
146.17683601379395  seconds  2.5337077240684835 1.1368970013037814 13.200000000000001
149.37295722961426  seconds  2.5337077240684835 1.1368970013037814 14.200000000000001
152.1429762840271  seconds  2.5337077240684835 1.1368970013037814 1.3
150.45635080337524  seconds  2.5337077240684835 1.1368970013037814 15.200000000000001
147.5975296497345  seconds  2.5337077240684835 1.1368970013037814 3.3000000000000003
144.74840354919434  seconds  2.5337077240684835 1.1368970013037814 2.3000000000000003
148.70776414871216  seconds  2.5337077240684835 1.1368970013037814 16.2
143.9113256931305  seconds  2.5337077240684835 1.1368970013037814 17.2
144.8513731956482  seconds  2.5337077240684835 1.1368970013037814 4.3
149.42284178733826  seconds  2.5337077240684835 1.1368970013037814 18.2
145.22562551498413  seconds  2.5337077240684835 1.1368970013037814 19.200000000000003
147.8156702518463  seconds  2.5337077240684835 1.1368970013037814 5.300000000000001
142.7175314426422  seconds  2.5337077240684835 1.1368970013037814 7.300000000000001
148.6892421245575  seconds  2.5337077240684835 1.1368970013037814 6.300000000000001
102.58507061004639  seconds  2.5337077240684835 1.1368970013037814 0.5
150.00957679748535  seconds  2.5337077240684835 1.1368970013037814 8.3
150.7869369983673  seconds  2.5337077240684835 1.1368970013037814 9.3
144.16275000572205  seconds  2.5337077240684835 1.1368970013037814 10.3
141.79434847831726  seconds  2.5337077240684835 1.1368970013037814 11.3
145.77297735214233  seconds  2.5337077240684835 1.1368970013037814 12.3
148.48154020309448  seconds  2.5337077240684835 1.1368970013037814 13.3
142.6645917892456  seconds  2.5337077240684835 1.1368970013037814 14.3
142.6656413078308  seconds  2.5337077240684835 1.1368970013037814 3.4000000000000004
145.61409497261047  seconds  2.5337077240684835 1.1368970013037814 15.3
149.81950545310974  seconds  2.5337077240684835 1.1368970013037814 1.4000000000000001
147.16995930671692  seconds  2.5337077240684835 1.1368970013037814 2.4000000000000004
147.0549018383026  seconds  2.5337077240684835 1.1368970013037814 16.3
103.90024757385254  seconds  2.5337077240684835 1.1368970013037814 0.6000000000000001
147.44190955162048  seconds  2.5337077240684835 1.1368970013037814 17.3
146.10513949394226  seconds  2.5337077240684835 1.1368970013037814 4.4
146.35815739631653  seconds  2.5337077240684835 1.1368970013037814 18.3
146.8570499420166  seconds  2.5337077240684835 1.1368970013037814 19.3
145.75577545166016  seconds  2.5337077240684835 1.1368970013037814 5.4
144.94939732551575  seconds  2.5337077240684835 1.1368970013037814 7.4
144.06858587265015  seconds  2.5337077240684835 1.1368970013037814 6.4
149.74448370933533  seconds  2.5337077240684835 1.1368970013037814 8.4
144.52958035469055  seconds  2.5337077240684835 1.1368970013037814 9.4
144.1214165687561  seconds  2.5337077240684835 1.1368970013037814 10.4
149.94050765037537  seconds  2.5337077240684835 1.1368970013037814 11.4
146.8332748413086  seconds  2.5337077240684835 1.1368970013037814 12.4
144.53673839569092  seconds  2.5337077240684835 1.1368970013037814 13.4
101.12425065040588  seconds  2.5337077240684835 1.1368970013037814 0.7000000000000001
150.7969753742218  seconds  2.5337077240684835 1.1368970013037814 14.4
146.22574830055237  seconds  2.5337077240684835 1.1368970013037814 3.5
146.03195881843567  seconds  2.5337077240684835 1.1368970013037814 15.4
145.1018681526184  seconds  2.5337077240684835 1.1368970013037814 1.5
144.19504046440125  seconds  2.5337077240684835 1.1368970013037814 2.5
147.1279261112213  seconds  2.5337077240684835 1.1368970013037814 16.400000000000002
152.99358367919922  seconds  2.5337077240684835 1.1368970013037814 17.400000000000002
151.44391703605652  seconds  2.5337077240684835 1.1368970013037814 4.5
148.69015097618103  seconds  2.5337077240684835 1.1368970013037814 18.400000000000002
151.52436876296997  seconds  2.5337077240684835 1.1368970013037814 19.400000000000002
143.6819474697113  seconds  2.5337077240684835 1.1368970013037814 5.5
143.26856327056885  seconds  2.5337077240684835 1.1368970013037814 7.5
145.04057812690735  seconds  2.5337077240684835 1.1368970013037814 6.5
153.46041107177734  seconds  2.5337077240684835 1.1368970013037814 8.5
148.34089136123657  seconds  2.5337077240684835 1.1368970013037814 9.5
144.5424246788025  seconds  2.5337077240684835 1.1368970013037814 10.5
103.11931943893433  seconds  2.5337077240684835 1.1368970013037814 0.8
150.7687633037567  seconds  2.5337077240684835 1.1368970013037814 11.5
149.83587265014648  seconds  2.5337077240684835 1.1368970013037814 12.5
147.69238877296448  seconds  2.5337077240684835 1.1368970013037814 13.5
150.4920334815979  seconds  2.5337077240684835 1.1368970013037814 14.5
144.4349024295807  seconds  2.5337077240684835 1.1368970013037814 3.6
146.51405334472656  seconds  2.5337077240684835 1.1368970013037814 2.6
149.66709661483765  seconds  2.5337077240684835 1.1368970013037814 15.5
149.24025869369507  seconds  2.5337077240684835 1.1368970013037814 1.6
143.84569931030273  seconds  2.5337077240684835 1.1368970013037814 16.5
150.49846005439758  seconds  2.5337077240684835 1.1368970013037814 17.5
148.70688676834106  seconds  2.5337077240684835 1.1368970013037814 4.6000000000000005
104.81543397903442  seconds  2.5337077240684835 1.1368970013037814 0.9
148.78021121025085  seconds  2.5337077240684835 1.1368970013037814 18.5
144.90465545654297  seconds  2.5337077240684835 1.1368970013037814 19.5
148.85283970832825  seconds  2.5337077240684835 1.1368970013037814 5.6000000000000005
146.79808115959167  seconds  2.5337077240684835 1.1368970013037814 7.6000000000000005
141.63387656211853  seconds  2.5337077240684835 1.1368970013037814 6.6000000000000005
144.82947301864624  seconds  2.5337077240684835 1.1368970013037814 9.600000000000001
146.2253966331482  seconds  2.5337077240684835 1.1368970013037814 10.600000000000001
150.8712236881256  seconds  2.5337077240684835 1.1368970013037814 8.6
152.0257170200348  seconds  2.5337077240684835 1.1368970013037814 12.600000000000001
152.92992448806763  seconds  2.5337077240684835 1.1368970013037814 11.600000000000001
147.05925488471985  seconds  2.5337077240684835 1.1368970013037814 13.600000000000001
150.22058749198914  seconds  2.5337077240684835 1.1368970013037814 14.600000000000001
150.7317817211151  seconds  2.5337077240684835 1.1368970013037814 3.7
146.85818934440613  seconds  2.5337077240684835 1.1368970013037814 15.600000000000001
148.80956602096558  seconds  2.5337077240684835 1.1368970013037814 2.7
146.13215327262878  seconds  2.5337077240684835 1.1368970013037814 16.6
151.08381414413452  seconds  2.5337077240684835 1.1368970013037814 1.7000000000000002
147.77196335792542  seconds  2.5337077240684835 1.1368970013037814 17.6
147.46145629882812  seconds  2.5337077240684835 1.1368970013037814 4.7
144.95995163917542  seconds  2.5337077240684835 1.1368970013037814 19.6
150.02883458137512  seconds  2.5337077240684835 1.1368970013037814 18.6
145.5286955833435  seconds  2.5337077240684835 1.1368970013037814 5.7
142.33514618873596  seconds  2.5337077240684835 1.1368970013037814 6.7
149.57060146331787  seconds  2.5337077240684835 1.1368970013037814 7.7
148.92034602165222  seconds  2.5337077240684835 1.1368970013037814 9.700000000000001
150.39412832260132  seconds  2.5337077240684835 1.1368970013037814 10.700000000000001
153.65882420539856  seconds  2.5337077240684835 1.1368970013037814 8.700000000000001
145.56272506713867  seconds  2.5337077240684835 1.1368970013037814 11.700000000000001
146.0245976448059  seconds  2.5337077240684835 1.1368970013037814 12.700000000000001
145.29171586036682  seconds  2.5337077240684835 1.1368970013037814 13.700000000000001
144.25567030906677  seconds  2.5337077240684835 1.1368970013037814 14.700000000000001
149.45478343963623  seconds  2.5337077240684835 1.1368970013037814 3.8000000000000003
145.76711440086365  seconds  2.5337077240684835 1.1368970013037814 16.7
144.04117226600647  seconds  2.5337077240684835 1.1368970013037814 1.8
149.93095445632935  seconds  2.5337077240684835 1.1368970013037814 15.700000000000001
148.52991461753845  seconds  2.5337077240684835 1.1368970013037814 2.8000000000000003
145.92772960662842  seconds  2.5337077240684835 1.1368970013037814 4.800000000000001
151.83826351165771  seconds  2.5337077240684835 1.1368970013037814 17.7
148.0903820991516  seconds  2.5337077240684835 1.1368970013037814 19.700000000000003
146.9614770412445  seconds  2.5337077240684835 1.1368970013037814 18.7
145.00098657608032  seconds  2.5337077240684835 1.1368970013037814 6.800000000000001
148.38518524169922  seconds  2.5337077240684835 1.1368970013037814 5.800000000000001
143.8031508922577  seconds  2.5337077240684835 1.1368970013037814 7.800000000000001
153.85307955741882  seconds  2.5337077240684835 1.1368970013037814 9.8
151.09328079223633  seconds  2.5337077240684835 1.1368970013037814 10.8
150.70182371139526  seconds  2.5337077240684835 1.1368970013037814 8.8
145.87967681884766  seconds  2.5337077240684835 1.1368970013037814 11.8
147.04303336143494  seconds  2.5337077240684835 1.1368970013037814 12.8
148.72366166114807  seconds  2.5337077240684835 1.1368970013037814 13.8
147.84624648094177  seconds  2.5337077240684835 1.1368970013037814 14.8
146.5609896183014  seconds  2.5337077240684835 1.1368970013037814 16.8
144.26078248023987  seconds  2.5337077240684835 1.1368970013037814 2.9000000000000004
147.32316708564758  seconds  2.5337077240684835 1.1368970013037814 1.9000000000000001
148.71912598609924  seconds  2.5337077240684835 1.1368970013037814 3.9000000000000004
147.89183497428894  seconds  2.5337077240684835 1.1368970013037814 15.8
141.2189483642578  seconds  2.5337077240684835 1.1368970013037814 4.9
146.87118434906006  seconds  2.5337077240684835 1.1368970013037814 17.8
144.67782425880432  seconds  2.5337077240684835 1.1368970013037814 18.8
147.84414529800415  seconds  2.5337077240684835 1.1368970013037814 19.8
143.17580723762512  seconds  2.5337077240684835 1.1368970013037814 6.9
144.75669264793396  seconds  2.5337077240684835 1.1368970013037814 5.9
146.04222559928894  seconds  2.5337077240684835 1.1368970013037814 7.9
138.68595051765442  seconds  2.5337077240684835 1.1368970013037814 9.9
140.8681764602661  seconds  2.5337077240684835 1.1368970013037814 10.9
138.61887049674988  seconds  2.5337077240684835 1.1368970013037814 8.9
131.77385711669922  seconds  2.5337077240684835 1.1368970013037814 11.9
131.08749127388  seconds  2.5337077240684835 1.1368970013037814 12.9
129.25397086143494  seconds  2.5337077240684835 1.1368970013037814 13.9
119.2775228023529  seconds  2.5337077240684835 1.1368970013037814 14.9
119.0621566772461  seconds  2.5337077240684835 1.1368970013037814 16.900000000000002
116.9677665233612  seconds  2.5337077240684835 1.1368970013037814 15.9
112.00537395477295  seconds  2.5337077240684835 1.1368970013037814 17.900000000000002
111.37461853027344  seconds  2.5337077240684835 1.1368970013037814 18.900000000000002
112.37951683998108  seconds  2.5337077240684835 1.1368970013037814 19.900000000000002
time for calc.... 1603.9426283836365
energy at the point.. 2.421355054487129 1.409821816601478  is  6.066433012819061e-06
200 the points 10 chunk numtheads
starting with calculation of Sigma
100.32955312728882  seconds  2.421355054487129 1.409821816601478 0.0
106.60591435432434  seconds  2.421355054487129 1.409821816601478 1.0
109.34687232971191  seconds  2.421355054487129 1.409821816601478 2.0
109.41638159751892  seconds  2.421355054487129 1.409821816601478 3.0
115.25260901451111  seconds  2.421355054487129 1.409821816601478 4.0
114.65551328659058  seconds  2.421355054487129 1.409821816601478 5.0
115.38608694076538  seconds  2.421355054487129 1.409821816601478 6.0
106.60513257980347  seconds  2.421355054487129 1.409821816601478 8.0
116.76548099517822  seconds  2.421355054487129 1.409821816601478 7.0
109.33122420310974  seconds  2.421355054487129 1.409821816601478 9.0
122.41206765174866  seconds  2.421355054487129 1.409821816601478 10.0
127.1626524925232  seconds  2.421355054487129 1.409821816601478 11.0
123.99528217315674  seconds  2.421355054487129 1.409821816601478 12.0
110.81259775161743  seconds  2.421355054487129 1.409821816601478 1.1
131.48915266990662  seconds  2.421355054487129 1.409821816601478 0.1
129.43313646316528  seconds  2.421355054487129 1.409821816601478 13.0
111.78102946281433  seconds  2.421355054487129 1.409821816601478 2.1
114.97332501411438  seconds  2.421355054487129 1.409821816601478 15.0
111.07255411148071  seconds  2.421355054487129 1.409821816601478 3.1
135.2208068370819  seconds  2.421355054487129 1.409821816601478 14.0
112.75166010856628  seconds  2.421355054487129 1.409821816601478 17.0
129.80116295814514  seconds  2.421355054487129 1.409821816601478 16.0
112.88337779045105  seconds  2.421355054487129 1.409821816601478 18.0
130.38231086730957  seconds  2.421355054487129 1.409821816601478 4.1000000000000005
112.0756447315216  seconds  2.421355054487129 1.409821816601478 8.1
133.01139211654663  seconds  2.421355054487129 1.409821816601478 5.1000000000000005
131.0451214313507  seconds  2.421355054487129 1.409821816601478 19.0
111.7666985988617  seconds  2.421355054487129 1.409821816601478 9.1
132.42651295661926  seconds  2.421355054487129 1.409821816601478 6.1000000000000005
131.85402655601501  seconds  2.421355054487129 1.409821816601478 7.1000000000000005
127.85084414482117  seconds  2.421355054487129 1.409821816601478 10.100000000000001
114.03897666931152  seconds  2.421355054487129 1.409821816601478 1.2000000000000002
125.31391644477844  seconds  2.421355054487129 1.409821816601478 11.100000000000001
128.41820096969604  seconds  2.421355054487129 1.409821816601478 12.100000000000001
116.15225577354431  seconds  2.421355054487129 1.409821816601478 2.2
114.7766432762146  seconds  2.421355054487129 1.409821816601478 15.100000000000001
128.42010831832886  seconds  2.421355054487129 1.409821816601478 0.2
115.81007480621338  seconds  2.421355054487129 1.409821816601478 3.2
124.10215663909912  seconds  2.421355054487129 1.409821816601478 13.100000000000001
116.15652370452881  seconds  2.421355054487129 1.409821816601478 17.1
123.77432703971863  seconds  2.421355054487129 1.409821816601478 14.100000000000001
113.09014916419983  seconds  2.421355054487129 1.409821816601478 18.1
125.0378303527832  seconds  2.421355054487129 1.409821816601478 16.1
115.94492244720459  seconds  2.421355054487129 1.409821816601478 8.200000000000001
123.15070176124573  seconds  2.421355054487129 1.409821816601478 4.2
116.90435266494751  seconds  2.421355054487129 1.409821816601478 9.200000000000001
120.54082345962524  seconds  2.421355054487129 1.409821816601478 6.2
127.90786075592041  seconds  2.421355054487129 1.409821816601478 5.2
129.92212343215942  seconds  2.421355054487129 1.409821816601478 19.1
116.09995937347412  seconds  2.421355054487129 1.409821816601478 7.2
123.05123710632324  seconds  2.421355054487129 1.409821816601478 10.200000000000001
117.90629148483276  seconds  2.421355054487129 1.409821816601478 1.3
116.63584589958191  seconds  2.421355054487129 1.409821816601478 2.3000000000000003
129.62044143676758  seconds  2.421355054487129 1.409821816601478 11.200000000000001
117.80743646621704  seconds  2.421355054487129 1.409821816601478 15.200000000000001
123.88570547103882  seconds  2.421355054487129 1.409821816601478 12.200000000000001
117.1765763759613  seconds  2.421355054487129 1.409821816601478 3.3000000000000003
121.61370754241943  seconds  2.421355054487129 1.409821816601478 13.200000000000001
123.38460612297058  seconds  2.421355054487129 1.409821816601478 0.30000000000000004
116.105060338974  seconds  2.421355054487129 1.409821816601478 18.2
122.69896459579468  seconds  2.421355054487129 1.409821816601478 17.2
123.17580246925354  seconds  2.421355054487129 1.409821816601478 14.200000000000001
118.12056922912598  seconds  2.421355054487129 1.409821816601478 16.2
119.39389634132385  seconds  2.421355054487129 1.409821816601478 8.3
119.45579552650452  seconds  2.421355054487129 1.409821816601478 4.3
117.68612098693848  seconds  2.421355054487129 1.409821816601478 9.3
121.28505420684814  seconds  2.421355054487129 1.409821816601478 6.300000000000001
122.03358101844788  seconds  2.421355054487129 1.409821816601478 5.300000000000001
118.97397589683533  seconds  2.421355054487129 1.409821816601478 7.300000000000001
125.30781865119934  seconds  2.421355054487129 1.409821816601478 19.200000000000003
122.16659140586853  seconds  2.421355054487129 1.409821816601478 10.3
122.44762563705444  seconds  2.421355054487129 1.409821816601478 1.4000000000000001
119.29427742958069  seconds  2.421355054487129 1.409821816601478 15.3
121.82478928565979  seconds  2.421355054487129 1.409821816601478 2.4000000000000004
121.45806574821472  seconds  2.421355054487129 1.409821816601478 11.3
117.94722414016724  seconds  2.421355054487129 1.409821816601478 12.3
116.60278606414795  seconds  2.421355054487129 1.409821816601478 3.4000000000000004
117.10503363609314  seconds  2.421355054487129 1.409821816601478 18.3
125.40325498580933  seconds  2.421355054487129 1.409821816601478 0.4
128.78805685043335  seconds  2.421355054487129 1.409821816601478 13.3
121.54831433296204  seconds  2.421355054487129 1.409821816601478 17.3
121.18430948257446  seconds  2.421355054487129 1.409821816601478 14.3
121.05746746063232  seconds  2.421355054487129 1.409821816601478 16.3
117.22783398628235  seconds  2.421355054487129 1.409821816601478 4.4
126.1298599243164  seconds  2.421355054487129 1.409821816601478 8.4
118.52856516838074  seconds  2.421355054487129 1.409821816601478 9.4
117.23765444755554  seconds  2.421355054487129 1.409821816601478 6.4
120.78965520858765  seconds  2.421355054487129 1.409821816601478 5.4
120.04305720329285  seconds  2.421355054487129 1.409821816601478 7.4
118.58127284049988  seconds  2.421355054487129 1.409821816601478 19.3
117.82752847671509  seconds  2.421355054487129 1.409821816601478 10.4
119.64714646339417  seconds  2.421355054487129 1.409821816601478 1.5
118.55987191200256  seconds  2.421355054487129 1.409821816601478 12.4
119.63945078849792  seconds  2.421355054487129 1.409821816601478 15.4
119.44876766204834  seconds  2.421355054487129 1.409821816601478 2.5
120.37000036239624  seconds  2.421355054487129 1.409821816601478 3.5
123.46689701080322  seconds  2.421355054487129 1.409821816601478 11.4
114.9407434463501  seconds  2.421355054487129 1.409821816601478 0.5
117.56220507621765  seconds  2.421355054487129 1.409821816601478 13.4
124.14666700363159  seconds  2.421355054487129 1.409821816601478 18.400000000000002
125.24074196815491  seconds  2.421355054487129 1.409821816601478 17.400000000000002
123.41705870628357  seconds  2.421355054487129 1.409821816601478 14.4
120.46576690673828  seconds  2.421355054487129 1.409821816601478 16.400000000000002
118.8886456489563  seconds  2.421355054487129 1.409821816601478 4.5
119.05684304237366  seconds  2.421355054487129 1.409821816601478 8.5
118.93502283096313  seconds  2.421355054487129 1.409821816601478 9.5
115.45339035987854  seconds  2.421355054487129 1.409821816601478 6.5
116.5256495475769  seconds  2.421355054487129 1.409821816601478 5.5
115.74540281295776  seconds  2.421355054487129 1.409821816601478 19.400000000000002
123.22609615325928  seconds  2.421355054487129 1.409821816601478 7.5
119.9389979839325  seconds  2.421355054487129 1.409821816601478 10.5
121.2409279346466  seconds  2.421355054487129 1.409821816601478 1.6
115.99580693244934  seconds  2.421355054487129 1.409821816601478 12.5
124.73181414604187  seconds  2.421355054487129 1.409821816601478 2.6
120.78616094589233  seconds  2.421355054487129 1.409821816601478 11.5
126.07231283187866  seconds  2.421355054487129 1.409821816601478 15.5
124.00643396377563  seconds  2.421355054487129 1.409821816601478 3.6
118.27737164497375  seconds  2.421355054487129 1.409821816601478 0.6000000000000001
117.5846540927887  seconds  2.421355054487129 1.409821816601478 13.5
124.8300404548645  seconds  2.421355054487129 1.409821816601478 18.5
122.75830626487732  seconds  2.421355054487129 1.409821816601478 17.5
121.91770386695862  seconds  2.421355054487129 1.409821816601478 14.5
119.40721344947815  seconds  2.421355054487129 1.409821816601478 16.5
119.13216161727905  seconds  2.421355054487129 1.409821816601478 4.6000000000000005
118.89988470077515  seconds  2.421355054487129 1.409821816601478 9.600000000000001
121.88234424591064  seconds  2.421355054487129 1.409821816601478 8.6
117.53347849845886  seconds  2.421355054487129 1.409821816601478 6.6000000000000005
120.4447250366211  seconds  2.421355054487129 1.409821816601478 5.6000000000000005
118.05591320991516  seconds  2.421355054487129 1.409821816601478 19.5
118.77024054527283  seconds  2.421355054487129 1.409821816601478 7.6000000000000005
118.27020192146301  seconds  2.421355054487129 1.409821816601478 10.600000000000001
112.48123669624329  seconds  2.421355054487129 1.409821816601478 12.600000000000001
119.863445520401  seconds  2.421355054487129 1.409821816601478 1.7000000000000002
121.40983605384827  seconds  2.421355054487129 1.409821816601478 2.7
116.35450267791748  seconds  2.421355054487129 1.409821816601478 0.7000000000000001
120.42422366142273  seconds  2.421355054487129 1.409821816601478 3.7
121.82672953605652  seconds  2.421355054487129 1.409821816601478 15.600000000000001
115.28662991523743  seconds  2.421355054487129 1.409821816601478 13.600000000000001
127.1121597290039  seconds  2.421355054487129 1.409821816601478 11.600000000000001
120.4661078453064  seconds  2.421355054487129 1.409821816601478 18.6
125.07867550849915  seconds  2.421355054487129 1.409821816601478 17.6
121.96988320350647  seconds  2.421355054487129 1.409821816601478 16.6
126.3978066444397  seconds  2.421355054487129 1.409821816601478 14.600000000000001
115.37976431846619  seconds  2.421355054487129 1.409821816601478 4.7
115.48141956329346  seconds  2.421355054487129 1.409821816601478 6.7
119.69409656524658  seconds  2.421355054487129 1.409821816601478 9.700000000000001
121.37335348129272  seconds  2.421355054487129 1.409821816601478 8.700000000000001
116.38664817810059  seconds  2.421355054487129 1.409821816601478 19.6
117.84020376205444  seconds  2.421355054487129 1.409821816601478 5.7
120.23917722702026  seconds  2.421355054487129 1.409821816601478 7.7
118.86665344238281  seconds  2.421355054487129 1.409821816601478 10.700000000000001
117.72048544883728  seconds  2.421355054487129 1.409821816601478 12.700000000000001
119.77578496932983  seconds  2.421355054487129 1.409821816601478 1.8
115.85367751121521  seconds  2.421355054487129 1.409821816601478 0.8
118.87718057632446  seconds  2.421355054487129 1.409821816601478 2.8000000000000003
115.65691375732422  seconds  2.421355054487129 1.409821816601478 13.700000000000001
121.20396137237549  seconds  2.421355054487129 1.409821816601478 15.700000000000001
124.29947876930237  seconds  2.421355054487129 1.409821816601478 3.8000000000000003
120.49245834350586  seconds  2.421355054487129 1.409821816601478 11.700000000000001
119.47486805915833  seconds  2.421355054487129 1.409821816601478 18.7
120.94477081298828  seconds  2.421355054487129 1.409821816601478 17.7
121.08310770988464  seconds  2.421355054487129 1.409821816601478 16.7
119.58568620681763  seconds  2.421355054487129 1.409821816601478 14.700000000000001
117.36886215209961  seconds  2.421355054487129 1.409821816601478 4.800000000000001
115.81987166404724  seconds  2.421355054487129 1.409821816601478 6.800000000000001
118.54200530052185  seconds  2.421355054487129 1.409821816601478 8.8
124.25951218605042  seconds  2.421355054487129 1.409821816601478 9.8
119.18279266357422  seconds  2.421355054487129 1.409821816601478 19.700000000000003
119.84712100028992  seconds  2.421355054487129 1.409821816601478 5.800000000000001
124.19964790344238  seconds  2.421355054487129 1.409821816601478 7.800000000000001
119.09699940681458  seconds  2.421355054487129 1.409821816601478 10.8
113.93498110771179  seconds  2.421355054487129 1.409821816601478 12.8
118.35435581207275  seconds  2.421355054487129 1.409821816601478 1.9000000000000001
116.4589684009552  seconds  2.421355054487129 1.409821816601478 0.9
115.30766582489014  seconds  2.421355054487129 1.409821816601478 13.8
118.1988000869751  seconds  2.421355054487129 1.409821816601478 2.9000000000000004
119.54916262626648  seconds  2.421355054487129 1.409821816601478 15.8
119.20920300483704  seconds  2.421355054487129 1.409821816601478 3.9000000000000004
122.25094485282898  seconds  2.421355054487129 1.409821816601478 11.8
120.61985111236572  seconds  2.421355054487129 1.409821816601478 18.8
112.01253747940063  seconds  2.421355054487129 1.409821816601478 4.9
118.99641442298889  seconds  2.421355054487129 1.409821816601478 17.8
119.42299675941467  seconds  2.421355054487129 1.409821816601478 14.8
121.40474486351013  seconds  2.421355054487129 1.409821816601478 16.8
113.29225969314575  seconds  2.421355054487129 1.409821816601478 6.9
110.95037937164307  seconds  2.421355054487129 1.409821816601478 19.8
110.51024532318115  seconds  2.421355054487129 1.409821816601478 5.9
121.09247756004333  seconds  2.421355054487129 1.409821816601478 8.9
119.65844178199768  seconds  2.421355054487129 1.409821816601478 9.9
115.04431366920471  seconds  2.421355054487129 1.409821816601478 7.9
104.69764614105225  seconds  2.421355054487129 1.409821816601478 12.9
113.52944445610046  seconds  2.421355054487129 1.409821816601478 10.9
101.75185775756836  seconds  2.421355054487129 1.409821816601478 13.9
109.87934184074402  seconds  2.421355054487129 1.409821816601478 15.9
108.58829259872437  seconds  2.421355054487129 1.409821816601478 11.9
106.58180594444275  seconds  2.421355054487129 1.409821816601478 18.900000000000002
106.19243741035461  seconds  2.421355054487129 1.409821816601478 17.900000000000002
106.41361498832703  seconds  2.421355054487129 1.409821816601478 14.9
104.84034132957458  seconds  2.421355054487129 1.409821816601478 16.900000000000002
100.74448657035828  seconds  2.421355054487129 1.409821816601478 19.900000000000002
time for calc.... 1357.8547012805939
109641.32user 38780.95system 2:28:04elapsed 1670%CPU (0avgtext+0avgdata 21605912maxresident)k
20240inputs+129656outputs (529major+559100328minor)pagefaults 0swaps
