reading lattice from... ./Lattices/sqKgridX1000.npy
reading lattice from... ./Lattices/sqKgridY1000.npy
starting sampling in reciprocal space....
 finished sampling in reciprocal space.... 0.07630014419555664
started calculating filling for chemical potential and dispersion parameters TB_single_band..
reading lattice from... ./Lattices/KgridX400.npy
reading lattice from... ./Lattices/KgridY400.npy
reading lattice from... ./Lattices/KgridX400.npy
reading lattice from... ./Lattices/KgridY400.npy
finished calculating filling for chemical potential
Filling: 0.5021914101708863 .... chemical potential: 29.41164495334965
The fermi energy in mev is: 3064.1164088176356, and in units of J: 296.3362097502549, the bandwidth is:494.39071566731144
reading lattice from... ./Lattices/KgridX1000.npy
reading lattice from... ./Lattices/KgridY1000.npy
reading lattice from... ./Lattices/sqKgridX1000.npy
reading lattice from... ./Lattices/sqKgridY1000.npy
the fermi surface points 515 numtheads 11
starting with calculation samplinggg
the acceptance ratio for the MC walk was ... 0.3903631
time for sampling.... 629.6806545257568
starting with calculation of Sigma
time for calc.... 2022.7161502838135
 plotting data from the run ...
saving data from the run ...
6016.79user 2829.28system 44:37.30elapsed 330%CPU (0avgtext+0avgdata 3191980maxresident)k
4245248inputs+126104outputs (365896major+61900084minor)pagefaults 0swaps
