reading lattice from... ./Lattices/sqKgridX6000.npy
reading lattice from... ./Lattices/sqKgridY6000.npy
starting sampling in reciprocal space....
 finished sampling in reciprocal space.... 0.10627007484436035
started calculating filling for chemical potential and dispersion parameters TB_single_band..
reading lattice from... ./Lattices/KgridX1200.npy
reading lattice from... ./Lattices/KgridY1200.npy
reading lattice from... ./Lattices/KgridX1200.npy
reading lattice from... ./Lattices/KgridY1200.npy
sum of the hist, normed? 1.0
finished calculating filling for chemical potential
Filling: 0.5005457254054085 .... chemical potential: 27.426155987022412
reading lattice from... ./Lattices/KgridX1200.npy
reading lattice from... ./Lattices/KgridY1200.npy
sum of the hist, normed? 0.9999999999999923
The fermi energy in mev is: 3043.586452905812, and in units of J: 294.35072078392767, the bandwidth is:494.39071566731144
reading lattice from... ./Lattices/KgridX1000.npy
reading lattice from... ./Lattices/KgridY1000.npy
the values for the fit of the diffusion peak are [3.95102771 0.87738962]
the effective diffusion constant is ... 0.8773896179252842 the scale C is ....  3.951027706470582
reading lattice from... ./Lattices/KgridX6000.npy
reading lattice from... ./Lattices/KgridY6000.npy
reading lattice from... ./Lattices/sqKgridX6000.npy
reading lattice from... ./Lattices/sqKgridY6000.npy
energy at the point.. 2.607302062202848 -0.0069534984789219045  is  3.923355237134274e-06
200 the points 10 chunk numtheads
starting with calculation of Sigma
115.33914160728455  seconds  2.607302062202848 -0.0069534984789219045 0.0
116.58959126472473  seconds  2.607302062202848 -0.0069534984789219045 1.0
119.55766749382019  seconds  2.607302062202848 -0.0069534984789219045 2.0
121.91097497940063  seconds  2.607302062202848 -0.0069534984789219045 3.0
124.98089599609375  seconds  2.607302062202848 -0.0069534984789219045 4.0
124.2571165561676  seconds  2.607302062202848 -0.0069534984789219045 5.0
128.59059953689575  seconds  2.607302062202848 -0.0069534984789219045 6.0
133.30286574363708  seconds  2.607302062202848 -0.0069534984789219045 7.0
132.11371493339539  seconds  2.607302062202848 -0.0069534984789219045 8.0
137.8891315460205  seconds  2.607302062202848 -0.0069534984789219045 9.0
143.24675703048706  seconds  2.607302062202848 -0.0069534984789219045 10.0
141.39734411239624  seconds  2.607302062202848 -0.0069534984789219045 11.0
153.99407839775085  seconds  2.607302062202848 -0.0069534984789219045 12.0
159.9611783027649  seconds  2.607302062202848 -0.0069534984789219045 13.0
155.6888782978058  seconds  2.607302062202848 -0.0069534984789219045 14.0
156.24684500694275  seconds  2.607302062202848 -0.0069534984789219045 0.1
159.13893723487854  seconds  2.607302062202848 -0.0069534984789219045 15.0
160.75345993041992  seconds  2.607302062202848 -0.0069534984789219045 1.1
158.47492289543152  seconds  2.607302062202848 -0.0069534984789219045 16.0
161.2429976463318  seconds  2.607302062202848 -0.0069534984789219045 2.1
161.69494938850403  seconds  2.607302062202848 -0.0069534984789219045 17.0
163.05418586730957  seconds  2.607302062202848 -0.0069534984789219045 3.1
164.09930539131165  seconds  2.607302062202848 -0.0069534984789219045 18.0
165.5110740661621  seconds  2.607302062202848 -0.0069534984789219045 4.1000000000000005
164.42272758483887  seconds  2.607302062202848 -0.0069534984789219045 19.0
163.47300601005554  seconds  2.607302062202848 -0.0069534984789219045 5.1000000000000005
162.70611190795898  seconds  2.607302062202848 -0.0069534984789219045 6.1000000000000005
160.62092065811157  seconds  2.607302062202848 -0.0069534984789219045 7.1000000000000005
159.2685685157776  seconds  2.607302062202848 -0.0069534984789219045 8.1
160.84598803520203  seconds  2.607302062202848 -0.0069534984789219045 9.1
167.56716418266296  seconds  2.607302062202848 -0.0069534984789219045 10.100000000000001
162.50479984283447  seconds  2.607302062202848 -0.0069534984789219045 11.100000000000001
159.98525643348694  seconds  2.607302062202848 -0.0069534984789219045 12.100000000000001
160.19086122512817  seconds  2.607302062202848 -0.0069534984789219045 13.100000000000001
159.06045126914978  seconds  2.607302062202848 -0.0069534984789219045 14.100000000000001
165.0276596546173  seconds  2.607302062202848 -0.0069534984789219045 0.2
155.807124376297  seconds  2.607302062202848 -0.0069534984789219045 1.2000000000000002
161.59621477127075  seconds  2.607302062202848 -0.0069534984789219045 15.100000000000001
169.39534497261047  seconds  2.607302062202848 -0.0069534984789219045 16.1
165.656325340271  seconds  2.607302062202848 -0.0069534984789219045 2.2
160.6394772529602  seconds  2.607302062202848 -0.0069534984789219045 17.1
160.61984062194824  seconds  2.607302062202848 -0.0069534984789219045 3.2
165.81080150604248  seconds  2.607302062202848 -0.0069534984789219045 18.1
160.20049834251404  seconds  2.607302062202848 -0.0069534984789219045 4.2
163.53903555870056  seconds  2.607302062202848 -0.0069534984789219045 19.1
164.03368735313416  seconds  2.607302062202848 -0.0069534984789219045 5.2
160.40430545806885  seconds  2.607302062202848 -0.0069534984789219045 6.2
160.02297592163086  seconds  2.607302062202848 -0.0069534984789219045 8.200000000000001
169.26034140586853  seconds  2.607302062202848 -0.0069534984789219045 7.2
163.29102993011475  seconds  2.607302062202848 -0.0069534984789219045 9.200000000000001
162.36746835708618  seconds  2.607302062202848 -0.0069534984789219045 10.200000000000001
162.11930513381958  seconds  2.607302062202848 -0.0069534984789219045 11.200000000000001
157.0068645477295  seconds  2.607302062202848 -0.0069534984789219045 12.200000000000001
160.96553921699524  seconds  2.607302062202848 -0.0069534984789219045 14.200000000000001
165.33637976646423  seconds  2.607302062202848 -0.0069534984789219045 13.200000000000001
157.60691809654236  seconds  2.607302062202848 -0.0069534984789219045 1.3
167.4716031551361  seconds  2.607302062202848 -0.0069534984789219045 0.30000000000000004
162.59758257865906  seconds  2.607302062202848 -0.0069534984789219045 15.200000000000001
165.70894527435303  seconds  2.607302062202848 -0.0069534984789219045 16.2
164.5708327293396  seconds  2.607302062202848 -0.0069534984789219045 2.3000000000000003
163.34858393669128  seconds  2.607302062202848 -0.0069534984789219045 17.2
167.9255440235138  seconds  2.607302062202848 -0.0069534984789219045 3.3000000000000003
163.40457129478455  seconds  2.607302062202848 -0.0069534984789219045 18.2
164.58345079421997  seconds  2.607302062202848 -0.0069534984789219045 4.3
162.7153217792511  seconds  2.607302062202848 -0.0069534984789219045 5.300000000000001
168.9597737789154  seconds  2.607302062202848 -0.0069534984789219045 19.200000000000003
161.26746249198914  seconds  2.607302062202848 -0.0069534984789219045 6.300000000000001
165.11337018013  seconds  2.607302062202848 -0.0069534984789219045 8.3
161.5233931541443  seconds  2.607302062202848 -0.0069534984789219045 7.300000000000001
162.2134702205658  seconds  2.607302062202848 -0.0069534984789219045 9.3
158.7244095802307  seconds  2.607302062202848 -0.0069534984789219045 10.3
164.44328212738037  seconds  2.607302062202848 -0.0069534984789219045 11.3
159.91894912719727  seconds  2.607302062202848 -0.0069534984789219045 12.3
158.84849977493286  seconds  2.607302062202848 -0.0069534984789219045 13.3
168.9279067516327  seconds  2.607302062202848 -0.0069534984789219045 14.3
164.48634672164917  seconds  2.607302062202848 -0.0069534984789219045 1.4000000000000001
161.10103797912598  seconds  2.607302062202848 -0.0069534984789219045 0.4
163.31429529190063  seconds  2.607302062202848 -0.0069534984789219045 15.3
164.0823791027069  seconds  2.607302062202848 -0.0069534984789219045 16.3
163.4325668811798  seconds  2.607302062202848 -0.0069534984789219045 2.4000000000000004
166.031836271286  seconds  2.607302062202848 -0.0069534984789219045 17.3
160.89104580879211  seconds  2.607302062202848 -0.0069534984789219045 3.4000000000000004
162.63253927230835  seconds  2.607302062202848 -0.0069534984789219045 4.4
165.67350244522095  seconds  2.607302062202848 -0.0069534984789219045 18.3
158.03640699386597  seconds  2.607302062202848 -0.0069534984789219045 19.3
160.2377734184265  seconds  2.607302062202848 -0.0069534984789219045 5.4
162.31029057502747  seconds  2.607302062202848 -0.0069534984789219045 6.4
162.87640500068665  seconds  2.607302062202848 -0.0069534984789219045 7.4
166.09745359420776  seconds  2.607302062202848 -0.0069534984789219045 8.4
170.66710567474365  seconds  2.607302062202848 -0.0069534984789219045 9.4
164.0828218460083  seconds  2.607302062202848 -0.0069534984789219045 10.4
163.19669699668884  seconds  2.607302062202848 -0.0069534984789219045 11.4
157.65203595161438  seconds  2.607302062202848 -0.0069534984789219045 12.4
167.2522623538971  seconds  2.607302062202848 -0.0069534984789219045 13.4
164.8476140499115  seconds  2.607302062202848 -0.0069534984789219045 14.4
164.88288831710815  seconds  2.607302062202848 -0.0069534984789219045 1.5
167.31799507141113  seconds  2.607302062202848 -0.0069534984789219045 0.5
166.76393723487854  seconds  2.607302062202848 -0.0069534984789219045 15.4
160.1589527130127  seconds  2.607302062202848 -0.0069534984789219045 16.400000000000002
161.39123034477234  seconds  2.607302062202848 -0.0069534984789219045 17.400000000000002
165.2896716594696  seconds  2.607302062202848 -0.0069534984789219045 2.5
163.0293996334076  seconds  2.607302062202848 -0.0069534984789219045 3.5
159.16742134094238  seconds  2.607302062202848 -0.0069534984789219045 4.5
162.82672786712646  seconds  2.607302062202848 -0.0069534984789219045 18.400000000000002
159.85025358200073  seconds  2.607302062202848 -0.0069534984789219045 19.400000000000002
163.31658840179443  seconds  2.607302062202848 -0.0069534984789219045 5.5
158.42844080924988  seconds  2.607302062202848 -0.0069534984789219045 6.5
162.89914298057556  seconds  2.607302062202848 -0.0069534984789219045 7.5
165.90158891677856  seconds  2.607302062202848 -0.0069534984789219045 8.5
163.17074131965637  seconds  2.607302062202848 -0.0069534984789219045 9.5
171.01209783554077  seconds  2.607302062202848 -0.0069534984789219045 10.5
166.52622628211975  seconds  2.607302062202848 -0.0069534984789219045 11.5
165.52405714988708  seconds  2.607302062202848 -0.0069534984789219045 12.5
162.39189767837524  seconds  2.607302062202848 -0.0069534984789219045 13.5
168.6245949268341  seconds  2.607302062202848 -0.0069534984789219045 14.5
164.21413564682007  seconds  2.607302062202848 -0.0069534984789219045 0.6000000000000001
169.9063584804535  seconds  2.607302062202848 -0.0069534984789219045 1.6
163.3293559551239  seconds  2.607302062202848 -0.0069534984789219045 15.5
157.35673356056213  seconds  2.607302062202848 -0.0069534984789219045 16.5
157.84786343574524  seconds  2.607302062202848 -0.0069534984789219045 17.5
159.4714319705963  seconds  2.607302062202848 -0.0069534984789219045 2.6
163.3535418510437  seconds  2.607302062202848 -0.0069534984789219045 3.6
164.2306046485901  seconds  2.607302062202848 -0.0069534984789219045 4.6000000000000005
163.68885111808777  seconds  2.607302062202848 -0.0069534984789219045 18.5
165.73439621925354  seconds  2.607302062202848 -0.0069534984789219045 19.5
161.97207951545715  seconds  2.607302062202848 -0.0069534984789219045 6.6000000000000005
164.69880318641663  seconds  2.607302062202848 -0.0069534984789219045 5.6000000000000005
163.4660189151764  seconds  2.607302062202848 -0.0069534984789219045 7.6000000000000005
165.21963477134705  seconds  2.607302062202848 -0.0069534984789219045 8.6
156.2378306388855  seconds  2.607302062202848 -0.0069534984789219045 9.600000000000001
165.64224433898926  seconds  2.607302062202848 -0.0069534984789219045 10.600000000000001
163.21531653404236  seconds  2.607302062202848 -0.0069534984789219045 12.600000000000001
166.22467470169067  seconds  2.607302062202848 -0.0069534984789219045 11.600000000000001
159.09709644317627  seconds  2.607302062202848 -0.0069534984789219045 13.600000000000001
160.45336484909058  seconds  2.607302062202848 -0.0069534984789219045 14.600000000000001
161.23279070854187  seconds  2.607302062202848 -0.0069534984789219045 1.7000000000000002
167.84966158866882  seconds  2.607302062202848 -0.0069534984789219045 0.7000000000000001
167.95340991020203  seconds  2.607302062202848 -0.0069534984789219045 15.600000000000001
164.57707166671753  seconds  2.607302062202848 -0.0069534984789219045 16.6
164.21795988082886  seconds  2.607302062202848 -0.0069534984789219045 17.6
165.15434670448303  seconds  2.607302062202848 -0.0069534984789219045 2.7
162.75689959526062  seconds  2.607302062202848 -0.0069534984789219045 3.7
160.30551958084106  seconds  2.607302062202848 -0.0069534984789219045 4.7
158.4092583656311  seconds  2.607302062202848 -0.0069534984789219045 18.6
161.7750494480133  seconds  2.607302062202848 -0.0069534984789219045 19.6
164.68042302131653  seconds  2.607302062202848 -0.0069534984789219045 5.7
165.43085765838623  seconds  2.607302062202848 -0.0069534984789219045 6.7
167.5280749797821  seconds  2.607302062202848 -0.0069534984789219045 7.7
167.41586542129517  seconds  2.607302062202848 -0.0069534984789219045 8.700000000000001
161.98587250709534  seconds  2.607302062202848 -0.0069534984789219045 9.700000000000001
157.6868190765381  seconds  2.607302062202848 -0.0069534984789219045 12.700000000000001
167.706392288208  seconds  2.607302062202848 -0.0069534984789219045 10.700000000000001
172.97327303886414  seconds  2.607302062202848 -0.0069534984789219045 11.700000000000001
161.8984854221344  seconds  2.607302062202848 -0.0069534984789219045 13.700000000000001
162.4500448703766  seconds  2.607302062202848 -0.0069534984789219045 14.700000000000001
162.06661343574524  seconds  2.607302062202848 -0.0069534984789219045 1.8
162.82717871665955  seconds  2.607302062202848 -0.0069534984789219045 0.8
162.3048858642578  seconds  2.607302062202848 -0.0069534984789219045 15.700000000000001
161.73280310630798  seconds  2.607302062202848 -0.0069534984789219045 16.7
163.16633796691895  seconds  2.607302062202848 -0.0069534984789219045 17.7
163.77683353424072  seconds  2.607302062202848 -0.0069534984789219045 2.8000000000000003
158.2000834941864  seconds  2.607302062202848 -0.0069534984789219045 3.8000000000000003
158.30562233924866  seconds  2.607302062202848 -0.0069534984789219045 4.800000000000001
157.7527949810028  seconds  2.607302062202848 -0.0069534984789219045 18.7
165.1013023853302  seconds  2.607302062202848 -0.0069534984789219045 19.700000000000003
162.60938501358032  seconds  2.607302062202848 -0.0069534984789219045 5.800000000000001
164.79953789710999  seconds  2.607302062202848 -0.0069534984789219045 6.800000000000001
162.73856234550476  seconds  2.607302062202848 -0.0069534984789219045 8.8
169.8196985721588  seconds  2.607302062202848 -0.0069534984789219045 7.800000000000001
162.57664442062378  seconds  2.607302062202848 -0.0069534984789219045 9.8
171.3101930618286  seconds  2.607302062202848 -0.0069534984789219045 12.8
169.20070147514343  seconds  2.607302062202848 -0.0069534984789219045 10.8
169.22852110862732  seconds  2.607302062202848 -0.0069534984789219045 11.8
159.42614722251892  seconds  2.607302062202848 -0.0069534984789219045 13.8
162.94135332107544  seconds  2.607302062202848 -0.0069534984789219045 14.8
161.3058910369873  seconds  2.607302062202848 -0.0069534984789219045 1.9000000000000001
165.09178233146667  seconds  2.607302062202848 -0.0069534984789219045 0.9
161.81335639953613  seconds  2.607302062202848 -0.0069534984789219045 15.8
163.16356468200684  seconds  2.607302062202848 -0.0069534984789219045 16.8
159.03712105751038  seconds  2.607302062202848 -0.0069534984789219045 17.8
160.63604283332825  seconds  2.607302062202848 -0.0069534984789219045 2.9000000000000004
159.30304217338562  seconds  2.607302062202848 -0.0069534984789219045 3.9000000000000004
157.32668471336365  seconds  2.607302062202848 -0.0069534984789219045 4.9
161.22461223602295  seconds  2.607302062202848 -0.0069534984789219045 18.8
159.1683807373047  seconds  2.607302062202848 -0.0069534984789219045 19.8
162.51616716384888  seconds  2.607302062202848 -0.0069534984789219045 5.9
161.65949654579163  seconds  2.607302062202848 -0.0069534984789219045 6.9
148.99970722198486  seconds  2.607302062202848 -0.0069534984789219045 8.9
149.52766752243042  seconds  2.607302062202848 -0.0069534984789219045 7.9
149.7677948474884  seconds  2.607302062202848 -0.0069534984789219045 9.9
135.3529269695282  seconds  2.607302062202848 -0.0069534984789219045 10.9
141.30311751365662  seconds  2.607302062202848 -0.0069534984789219045 12.9
134.65869760513306  seconds  2.607302062202848 -0.0069534984789219045 11.9
137.49368739128113  seconds  2.607302062202848 -0.0069534984789219045 13.9
124.49502611160278  seconds  2.607302062202848 -0.0069534984789219045 14.9
119.8573477268219  seconds  2.607302062202848 -0.0069534984789219045 17.900000000000002
127.23906350135803  seconds  2.607302062202848 -0.0069534984789219045 15.9
124.2119209766388  seconds  2.607302062202848 -0.0069534984789219045 16.900000000000002
110.9518051147461  seconds  2.607302062202848 -0.0069534984789219045 18.900000000000002
119.1731116771698  seconds  2.607302062202848 -0.0069534984789219045 19.900000000000002
time for calc.... 1759.930289030075
energy at the point.. 2.6065504737387184 0.2694480660582359  is  2.9915582295814147e-06
200 the points 10 chunk numtheads
starting with calculation of Sigma
106.58713269233704  seconds  2.6065504737387184 0.2694480660582359 0.0
113.85481214523315  seconds  2.6065504737387184 0.2694480660582359 1.0
115.86510038375854  seconds  2.6065504737387184 0.2694480660582359 2.0
118.28892421722412  seconds  2.6065504737387184 0.2694480660582359 3.0
130.33945870399475  seconds  2.6065504737387184 0.2694480660582359 4.0
122.60289216041565  seconds  2.6065504737387184 0.2694480660582359 5.0
124.34211015701294  seconds  2.6065504737387184 0.2694480660582359 6.0
128.49128222465515  seconds  2.6065504737387184 0.2694480660582359 7.0
130.12837958335876  seconds  2.6065504737387184 0.2694480660582359 8.0
101.47195672988892  seconds  2.6065504737387184 0.2694480660582359 0.1
135.89999675750732  seconds  2.6065504737387184 0.2694480660582359 9.0
134.5771243572235  seconds  2.6065504737387184 0.2694480660582359 10.0
135.55079317092896  seconds  2.6065504737387184 0.2694480660582359 11.0
138.71532487869263  seconds  2.6065504737387184 0.2694480660582359 12.0
140.61014699935913  seconds  2.6065504737387184 0.2694480660582359 13.0
147.1031777858734  seconds  2.6065504737387184 0.2694480660582359 1.1
156.43925428390503  seconds  2.6065504737387184 0.2694480660582359 14.0
150.32887315750122  seconds  2.6065504737387184 0.2694480660582359 15.0
150.31866979599  seconds  2.6065504737387184 0.2694480660582359 2.1
150.57420444488525  seconds  2.6065504737387184 0.2694480660582359 16.0
149.58167004585266  seconds  2.6065504737387184 0.2694480660582359 3.1
156.6036078929901  seconds  2.6065504737387184 0.2694480660582359 17.0
152.19864535331726  seconds  2.6065504737387184 0.2694480660582359 18.0
104.82370519638062  seconds  2.6065504737387184 0.2694480660582359 0.2
152.6856939792633  seconds  2.6065504737387184 0.2694480660582359 4.1000000000000005
153.12628555297852  seconds  2.6065504737387184 0.2694480660582359 5.1000000000000005
157.868426322937  seconds  2.6065504737387184 0.2694480660582359 19.0
156.9955620765686  seconds  2.6065504737387184 0.2694480660582359 6.1000000000000005
151.5704219341278  seconds  2.6065504737387184 0.2694480660582359 7.1000000000000005
155.66302132606506  seconds  2.6065504737387184 0.2694480660582359 8.1
157.1312108039856  seconds  2.6065504737387184 0.2694480660582359 9.1
155.1877956390381  seconds  2.6065504737387184 0.2694480660582359 10.100000000000001
159.07055687904358  seconds  2.6065504737387184 0.2694480660582359 11.100000000000001
149.80770874023438  seconds  2.6065504737387184 0.2694480660582359 12.100000000000001
154.9164080619812  seconds  2.6065504737387184 0.2694480660582359 13.100000000000001
103.63679480552673  seconds  2.6065504737387184 0.2694480660582359 0.30000000000000004
154.7426700592041  seconds  2.6065504737387184 0.2694480660582359 1.2000000000000002
152.642742395401  seconds  2.6065504737387184 0.2694480660582359 14.100000000000001
150.0283486843109  seconds  2.6065504737387184 0.2694480660582359 15.100000000000001
155.3462200164795  seconds  2.6065504737387184 0.2694480660582359 2.2
153.6060073375702  seconds  2.6065504737387184 0.2694480660582359 16.1
159.20801854133606  seconds  2.6065504737387184 0.2694480660582359 3.2
153.69110441207886  seconds  2.6065504737387184 0.2694480660582359 17.1
154.17668080329895  seconds  2.6065504737387184 0.2694480660582359 18.1
153.3159430027008  seconds  2.6065504737387184 0.2694480660582359 4.2
153.88474822044373  seconds  2.6065504737387184 0.2694480660582359 5.2
153.6817753314972  seconds  2.6065504737387184 0.2694480660582359 19.1
154.3822672367096  seconds  2.6065504737387184 0.2694480660582359 6.2
150.2271192073822  seconds  2.6065504737387184 0.2694480660582359 7.2
156.4414267539978  seconds  2.6065504737387184 0.2694480660582359 8.200000000000001
104.24945592880249  seconds  2.6065504737387184 0.2694480660582359 0.4
153.88059282302856  seconds  2.6065504737387184 0.2694480660582359 10.200000000000001
160.75722765922546  seconds  2.6065504737387184 0.2694480660582359 9.200000000000001
150.09587812423706  seconds  2.6065504737387184 0.2694480660582359 11.200000000000001
154.32507133483887  seconds  2.6065504737387184 0.2694480660582359 12.200000000000001
153.24126029014587  seconds  2.6065504737387184 0.2694480660582359 13.200000000000001
155.325181722641  seconds  2.6065504737387184 0.2694480660582359 1.3
157.33019089698792  seconds  2.6065504737387184 0.2694480660582359 14.200000000000001
162.9714674949646  seconds  2.6065504737387184 0.2694480660582359 15.200000000000001
156.58892369270325  seconds  2.6065504737387184 0.2694480660582359 16.2
157.93357968330383  seconds  2.6065504737387184 0.2694480660582359 2.3000000000000003
149.4726758003235  seconds  2.6065504737387184 0.2694480660582359 17.2
156.0018813610077  seconds  2.6065504737387184 0.2694480660582359 3.3000000000000003
151.19775867462158  seconds  2.6065504737387184 0.2694480660582359 18.2
152.40051174163818  seconds  2.6065504737387184 0.2694480660582359 4.3
106.07430696487427  seconds  2.6065504737387184 0.2694480660582359 0.5
153.86221957206726  seconds  2.6065504737387184 0.2694480660582359 19.200000000000003
158.87542510032654  seconds  2.6065504737387184 0.2694480660582359 5.300000000000001
151.75974106788635  seconds  2.6065504737387184 0.2694480660582359 6.300000000000001
151.92996382713318  seconds  2.6065504737387184 0.2694480660582359 7.300000000000001
152.55597591400146  seconds  2.6065504737387184 0.2694480660582359 8.3
148.423645734787  seconds  2.6065504737387184 0.2694480660582359 10.3
149.01865029335022  seconds  2.6065504737387184 0.2694480660582359 9.3
155.059077501297  seconds  2.6065504737387184 0.2694480660582359 11.3
151.93551325798035  seconds  2.6065504737387184 0.2694480660582359 12.3
149.44558238983154  seconds  2.6065504737387184 0.2694480660582359 13.3
146.35604405403137  seconds  2.6065504737387184 0.2694480660582359 1.4000000000000001
105.56164026260376  seconds  2.6065504737387184 0.2694480660582359 0.6000000000000001
153.61025500297546  seconds  2.6065504737387184 0.2694480660582359 14.3
149.54767084121704  seconds  2.6065504737387184 0.2694480660582359 16.3
157.00691533088684  seconds  2.6065504737387184 0.2694480660582359 15.3
154.84259414672852  seconds  2.6065504737387184 0.2694480660582359 2.4000000000000004
155.13714385032654  seconds  2.6065504737387184 0.2694480660582359 17.3
156.33740282058716  seconds  2.6065504737387184 0.2694480660582359 18.3
159.64932107925415  seconds  2.6065504737387184 0.2694480660582359 3.4000000000000004
150.9128770828247  seconds  2.6065504737387184 0.2694480660582359 4.4
154.05978274345398  seconds  2.6065504737387184 0.2694480660582359 19.3
151.02652835845947  seconds  2.6065504737387184 0.2694480660582359 5.4
154.2478744983673  seconds  2.6065504737387184 0.2694480660582359 6.4
155.38670206069946  seconds  2.6065504737387184 0.2694480660582359 7.4
149.03835940361023  seconds  2.6065504737387184 0.2694480660582359 8.4
154.70422840118408  seconds  2.6065504737387184 0.2694480660582359 9.4
159.79339957237244  seconds  2.6065504737387184 0.2694480660582359 10.4
102.83179259300232  seconds  2.6065504737387184 0.2694480660582359 0.7000000000000001
152.73710227012634  seconds  2.6065504737387184 0.2694480660582359 12.4
157.25130891799927  seconds  2.6065504737387184 0.2694480660582359 11.4
149.64553451538086  seconds  2.6065504737387184 0.2694480660582359 13.4
151.57621359825134  seconds  2.6065504737387184 0.2694480660582359 1.5
157.40033841133118  seconds  2.6065504737387184 0.2694480660582359 14.4
151.30851197242737  seconds  2.6065504737387184 0.2694480660582359 16.400000000000002
151.4083080291748  seconds  2.6065504737387184 0.2694480660582359 15.4
151.33240056037903  seconds  2.6065504737387184 0.2694480660582359 2.5
151.92104196548462  seconds  2.6065504737387184 0.2694480660582359 17.400000000000002
146.35097742080688  seconds  2.6065504737387184 0.2694480660582359 3.5
150.26904225349426  seconds  2.6065504737387184 0.2694480660582359 18.400000000000002
152.29736471176147  seconds  2.6065504737387184 0.2694480660582359 4.5
151.2450671195984  seconds  2.6065504737387184 0.2694480660582359 5.5
156.53437447547913  seconds  2.6065504737387184 0.2694480660582359 19.400000000000002
106.93617224693298  seconds  2.6065504737387184 0.2694480660582359 0.8
154.9169099330902  seconds  2.6065504737387184 0.2694480660582359 6.5
152.22395873069763  seconds  2.6065504737387184 0.2694480660582359 7.5
151.8670835494995  seconds  2.6065504737387184 0.2694480660582359 8.5
161.05161452293396  seconds  2.6065504737387184 0.2694480660582359 10.5
166.52590107917786  seconds  2.6065504737387184 0.2694480660582359 9.5
152.8584361076355  seconds  2.6065504737387184 0.2694480660582359 12.5
155.2413911819458  seconds  2.6065504737387184 0.2694480660582359 11.5
156.76220631599426  seconds  2.6065504737387184 0.2694480660582359 13.5
151.18494534492493  seconds  2.6065504737387184 0.2694480660582359 1.6
107.64407181739807  seconds  2.6065504737387184 0.2694480660582359 0.9
155.61760425567627  seconds  2.6065504737387184 0.2694480660582359 14.5
155.23763823509216  seconds  2.6065504737387184 0.2694480660582359 16.5
153.96286129951477  seconds  2.6065504737387184 0.2694480660582359 15.5
157.05938482284546  seconds  2.6065504737387184 0.2694480660582359 2.6
150.3246955871582  seconds  2.6065504737387184 0.2694480660582359 3.6
157.28761982917786  seconds  2.6065504737387184 0.2694480660582359 17.5
151.2665777206421  seconds  2.6065504737387184 0.2694480660582359 18.5
156.61145734786987  seconds  2.6065504737387184 0.2694480660582359 4.6000000000000005
156.74719905853271  seconds  2.6065504737387184 0.2694480660582359 19.5
161.24892163276672  seconds  2.6065504737387184 0.2694480660582359 5.6000000000000005
152.39644479751587  seconds  2.6065504737387184 0.2694480660582359 7.6000000000000005
158.90858674049377  seconds  2.6065504737387184 0.2694480660582359 6.6000000000000005
150.77505254745483  seconds  2.6065504737387184 0.2694480660582359 8.6
158.99721837043762  seconds  2.6065504737387184 0.2694480660582359 10.600000000000001
154.2892143726349  seconds  2.6065504737387184 0.2694480660582359 12.600000000000001
159.5308063030243  seconds  2.6065504737387184 0.2694480660582359 9.600000000000001
157.86004853248596  seconds  2.6065504737387184 0.2694480660582359 11.600000000000001
155.15558004379272  seconds  2.6065504737387184 0.2694480660582359 13.600000000000001
145.33846807479858  seconds  2.6065504737387184 0.2694480660582359 1.7000000000000002
154.94320273399353  seconds  2.6065504737387184 0.2694480660582359 14.600000000000001
158.21130228042603  seconds  2.6065504737387184 0.2694480660582359 16.6
159.8158917427063  seconds  2.6065504737387184 0.2694480660582359 15.600000000000001
157.58798003196716  seconds  2.6065504737387184 0.2694480660582359 2.7
151.5780532360077  seconds  2.6065504737387184 0.2694480660582359 3.7
151.5139491558075  seconds  2.6065504737387184 0.2694480660582359 17.6
154.05752444267273  seconds  2.6065504737387184 0.2694480660582359 18.6
146.0647268295288  seconds  2.6065504737387184 0.2694480660582359 4.7
147.4192442893982  seconds  2.6065504737387184 0.2694480660582359 5.7
153.3362226486206  seconds  2.6065504737387184 0.2694480660582359 19.6
152.16095614433289  seconds  2.6065504737387184 0.2694480660582359 6.7
158.26014637947083  seconds  2.6065504737387184 0.2694480660582359 7.7
155.8394808769226  seconds  2.6065504737387184 0.2694480660582359 8.700000000000001
149.80524444580078  seconds  2.6065504737387184 0.2694480660582359 12.700000000000001
151.3428590297699  seconds  2.6065504737387184 0.2694480660582359 10.700000000000001
162.59983277320862  seconds  2.6065504737387184 0.2694480660582359 9.700000000000001
154.8825500011444  seconds  2.6065504737387184 0.2694480660582359 13.700000000000001
164.24935698509216  seconds  2.6065504737387184 0.2694480660582359 11.700000000000001
154.33779907226562  seconds  2.6065504737387184 0.2694480660582359 1.8
149.90219354629517  seconds  2.6065504737387184 0.2694480660582359 14.700000000000001
150.71525621414185  seconds  2.6065504737387184 0.2694480660582359 16.7
160.56111025810242  seconds  2.6065504737387184 0.2694480660582359 15.700000000000001
156.10156393051147  seconds  2.6065504737387184 0.2694480660582359 2.8000000000000003
156.3334846496582  seconds  2.6065504737387184 0.2694480660582359 3.8000000000000003
152.9298071861267  seconds  2.6065504737387184 0.2694480660582359 18.7
157.91521191596985  seconds  2.6065504737387184 0.2694480660582359 17.7
153.85036730766296  seconds  2.6065504737387184 0.2694480660582359 4.800000000000001
148.04092454910278  seconds  2.6065504737387184 0.2694480660582359 5.800000000000001
151.7747368812561  seconds  2.6065504737387184 0.2694480660582359 19.700000000000003
155.57095575332642  seconds  2.6065504737387184 0.2694480660582359 7.800000000000001
156.29668736457825  seconds  2.6065504737387184 0.2694480660582359 6.800000000000001
151.71293663978577  seconds  2.6065504737387184 0.2694480660582359 8.8
155.47027730941772  seconds  2.6065504737387184 0.2694480660582359 12.8
160.87508153915405  seconds  2.6065504737387184 0.2694480660582359 10.8
158.6761577129364  seconds  2.6065504737387184 0.2694480660582359 9.8
156.9578263759613  seconds  2.6065504737387184 0.2694480660582359 13.8
153.15429306030273  seconds  2.6065504737387184 0.2694480660582359 1.9000000000000001
156.2693247795105  seconds  2.6065504737387184 0.2694480660582359 11.8
148.54503393173218  seconds  2.6065504737387184 0.2694480660582359 14.8
151.88947200775146  seconds  2.6065504737387184 0.2694480660582359 16.8
149.52206826210022  seconds  2.6065504737387184 0.2694480660582359 3.9000000000000004
152.53344631195068  seconds  2.6065504737387184 0.2694480660582359 2.9000000000000004
156.08736991882324  seconds  2.6065504737387184 0.2694480660582359 15.8
151.81366729736328  seconds  2.6065504737387184 0.2694480660582359 17.8
153.8556957244873  seconds  2.6065504737387184 0.2694480660582359 18.8
154.0477418899536  seconds  2.6065504737387184 0.2694480660582359 4.9
149.03551244735718  seconds  2.6065504737387184 0.2694480660582359 5.9
126.52624177932739  seconds  2.6065504737387184 0.2694480660582359 8.9
151.96006178855896  seconds  2.6065504737387184 0.2694480660582359 19.8
148.03311324119568  seconds  2.6065504737387184 0.2694480660582359 7.9
153.1077263355255  seconds  2.6065504737387184 0.2694480660582359 6.9
143.131516456604  seconds  2.6065504737387184 0.2694480660582359 12.9
137.46876454353333  seconds  2.6065504737387184 0.2694480660582359 10.9
127.10207033157349  seconds  2.6065504737387184 0.2694480660582359 11.9
130.3906054496765  seconds  2.6065504737387184 0.2694480660582359 9.9
131.98267722129822  seconds  2.6065504737387184 0.2694480660582359 13.9
120.59827423095703  seconds  2.6065504737387184 0.2694480660582359 14.9
119.55723428726196  seconds  2.6065504737387184 0.2694480660582359 16.900000000000002
114.57098531723022  seconds  2.6065504737387184 0.2694480660582359 15.9
114.5363221168518  seconds  2.6065504737387184 0.2694480660582359 17.900000000000002
115.16651821136475  seconds  2.6065504737387184 0.2694480660582359 18.900000000000002
109.92085552215576  seconds  2.6065504737387184 0.2694480660582359 19.900000000000002
time for calc.... 1678.1046931743622
energy at the point.. 2.602114031264387 0.5441112559756629  is  7.517785363120311e-06
200 the points 10 chunk numtheads
starting with calculation of Sigma
111.95054507255554  seconds  2.602114031264387 0.5441112559756629 0.0
117.62898325920105  seconds  2.602114031264387 0.5441112559756629 1.0
119.22517466545105  seconds  2.602114031264387 0.5441112559756629 2.0
119.40447187423706  seconds  2.602114031264387 0.5441112559756629 3.0
126.08662700653076  seconds  2.602114031264387 0.5441112559756629 4.0
125.98494029045105  seconds  2.602114031264387 0.5441112559756629 5.0
125.70528554916382  seconds  2.602114031264387 0.5441112559756629 6.0
138.33062934875488  seconds  2.602114031264387 0.5441112559756629 7.0
135.1024911403656  seconds  2.602114031264387 0.5441112559756629 8.0
140.73268365859985  seconds  2.602114031264387 0.5441112559756629 9.0
145.28553080558777  seconds  2.602114031264387 0.5441112559756629 10.0
152.37634706497192  seconds  2.602114031264387 0.5441112559756629 11.0
146.91486644744873  seconds  2.602114031264387 0.5441112559756629 12.0
149.32893228530884  seconds  2.602114031264387 0.5441112559756629 13.0
147.90982484817505  seconds  2.602114031264387 0.5441112559756629 0.1
154.77753400802612  seconds  2.602114031264387 0.5441112559756629 14.0
155.71579766273499  seconds  2.602114031264387 0.5441112559756629 15.0
155.50381660461426  seconds  2.602114031264387 0.5441112559756629 1.1
138.58715391159058  seconds  2.602114031264387 0.5441112559756629 3.1
153.94914937019348  seconds  2.602114031264387 0.5441112559756629 16.0
137.8194978237152  seconds  2.602114031264387 0.5441112559756629 18.0
156.99297642707825  seconds  2.602114031264387 0.5441112559756629 2.1
153.60041618347168  seconds  2.602114031264387 0.5441112559756629 17.0
156.1507124900818  seconds  2.602114031264387 0.5441112559756629 4.1000000000000005
156.11176204681396  seconds  2.602114031264387 0.5441112559756629 19.0
156.1300392150879  seconds  2.602114031264387 0.5441112559756629 5.1000000000000005
153.74056577682495  seconds  2.602114031264387 0.5441112559756629 6.1000000000000005
152.5256576538086  seconds  2.602114031264387 0.5441112559756629 8.1
160.35152411460876  seconds  2.602114031264387 0.5441112559756629 7.1000000000000005
147.41784572601318  seconds  2.602114031264387 0.5441112559756629 9.1
144.0283341407776  seconds  2.602114031264387 0.5441112559756629 10.100000000000001
104.96799969673157  seconds  2.602114031264387 0.5441112559756629 3.2
146.92780542373657  seconds  2.602114031264387 0.5441112559756629 11.100000000000001
148.86602330207825  seconds  2.602114031264387 0.5441112559756629 12.100000000000001
106.91112041473389  seconds  2.602114031264387 0.5441112559756629 18.1
144.95675826072693  seconds  2.602114031264387 0.5441112559756629 13.100000000000001
144.13026976585388  seconds  2.602114031264387 0.5441112559756629 0.2
145.28537511825562  seconds  2.602114031264387 0.5441112559756629 14.100000000000001
142.56695866584778  seconds  2.602114031264387 0.5441112559756629 15.100000000000001
149.0594823360443  seconds  2.602114031264387 0.5441112559756629 1.2000000000000002
144.29647564888  seconds  2.602114031264387 0.5441112559756629 16.1
147.07278060913086  seconds  2.602114031264387 0.5441112559756629 2.2
146.52377128601074  seconds  2.602114031264387 0.5441112559756629 17.1
144.70210981369019  seconds  2.602114031264387 0.5441112559756629 4.2
145.50653433799744  seconds  2.602114031264387 0.5441112559756629 19.1
151.5686764717102  seconds  2.602114031264387 0.5441112559756629 5.2
148.70767736434937  seconds  2.602114031264387 0.5441112559756629 6.2
105.1231541633606  seconds  2.602114031264387 0.5441112559756629 3.3000000000000003
148.56087589263916  seconds  2.602114031264387 0.5441112559756629 8.200000000000001
106.04028296470642  seconds  2.602114031264387 0.5441112559756629 18.2
147.2859447002411  seconds  2.602114031264387 0.5441112559756629 7.2
144.9199676513672  seconds  2.602114031264387 0.5441112559756629 9.200000000000001
145.99463438987732  seconds  2.602114031264387 0.5441112559756629 10.200000000000001
146.7160873413086  seconds  2.602114031264387 0.5441112559756629 11.200000000000001
148.30308389663696  seconds  2.602114031264387 0.5441112559756629 12.200000000000001
145.8875641822815  seconds  2.602114031264387 0.5441112559756629 13.200000000000001
148.65959072113037  seconds  2.602114031264387 0.5441112559756629 0.30000000000000004
151.28954887390137  seconds  2.602114031264387 0.5441112559756629 14.200000000000001
148.68365693092346  seconds  2.602114031264387 0.5441112559756629 15.200000000000001
143.01632618904114  seconds  2.602114031264387 0.5441112559756629 16.2
147.92775011062622  seconds  2.602114031264387 0.5441112559756629 1.3
142.49025535583496  seconds  2.602114031264387 0.5441112559756629 2.3000000000000003
141.81964540481567  seconds  2.602114031264387 0.5441112559756629 17.2
106.23751068115234  seconds  2.602114031264387 0.5441112559756629 3.4000000000000004
105.82349967956543  seconds  2.602114031264387 0.5441112559756629 18.3
149.60456252098083  seconds  2.602114031264387 0.5441112559756629 4.3
148.23234272003174  seconds  2.602114031264387 0.5441112559756629 19.200000000000003
144.6605405807495  seconds  2.602114031264387 0.5441112559756629 6.300000000000001
147.9361708164215  seconds  2.602114031264387 0.5441112559756629 5.300000000000001
147.6009337902069  seconds  2.602114031264387 0.5441112559756629 8.3
144.80015635490417  seconds  2.602114031264387 0.5441112559756629 9.3
149.28603339195251  seconds  2.602114031264387 0.5441112559756629 7.300000000000001
142.95228028297424  seconds  2.602114031264387 0.5441112559756629 10.3
145.92214107513428  seconds  2.602114031264387 0.5441112559756629 12.3
154.13354516029358  seconds  2.602114031264387 0.5441112559756629 11.3
148.1649580001831  seconds  2.602114031264387 0.5441112559756629 13.3
145.49356389045715  seconds  2.602114031264387 0.5441112559756629 0.4
105.54993343353271  seconds  2.602114031264387 0.5441112559756629 3.5
107.12631678581238  seconds  2.602114031264387 0.5441112559756629 18.400000000000002
151.4601719379425  seconds  2.602114031264387 0.5441112559756629 14.3
147.86725187301636  seconds  2.602114031264387 0.5441112559756629 16.3
151.94307374954224  seconds  2.602114031264387 0.5441112559756629 15.3
147.13571786880493  seconds  2.602114031264387 0.5441112559756629 1.4000000000000001
146.06713390350342  seconds  2.602114031264387 0.5441112559756629 17.3
148.70980167388916  seconds  2.602114031264387 0.5441112559756629 2.4000000000000004
148.3454999923706  seconds  2.602114031264387 0.5441112559756629 4.4
149.42094922065735  seconds  2.602114031264387 0.5441112559756629 19.3
148.1497402191162  seconds  2.602114031264387 0.5441112559756629 5.4
154.04411005973816  seconds  2.602114031264387 0.5441112559756629 6.4
144.29570531845093  seconds  2.602114031264387 0.5441112559756629 8.4
147.63431239128113  seconds  2.602114031264387 0.5441112559756629 9.4
147.13010215759277  seconds  2.602114031264387 0.5441112559756629 7.4
145.88881492614746  seconds  2.602114031264387 0.5441112559756629 10.4
104.64385938644409  seconds  2.602114031264387 0.5441112559756629 3.6
105.87059831619263  seconds  2.602114031264387 0.5441112559756629 18.5
145.89775395393372  seconds  2.602114031264387 0.5441112559756629 11.4
149.53237175941467  seconds  2.602114031264387 0.5441112559756629 12.4
145.87205719947815  seconds  2.602114031264387 0.5441112559756629 0.5
151.33556413650513  seconds  2.602114031264387 0.5441112559756629 13.4
137.21343445777893  seconds  2.602114031264387 0.5441112559756629 14.4
147.27910017967224  seconds  2.602114031264387 0.5441112559756629 16.400000000000002
147.8935227394104  seconds  2.602114031264387 0.5441112559756629 15.4
148.0277886390686  seconds  2.602114031264387 0.5441112559756629 1.5
146.21623396873474  seconds  2.602114031264387 0.5441112559756629 17.400000000000002
145.95174169540405  seconds  2.602114031264387 0.5441112559756629 2.5
145.44462966918945  seconds  2.602114031264387 0.5441112559756629 4.5
145.2168483734131  seconds  2.602114031264387 0.5441112559756629 19.400000000000002
106.08426308631897  seconds  2.602114031264387 0.5441112559756629 3.7
149.14232873916626  seconds  2.602114031264387 0.5441112559756629 5.5
146.79030084609985  seconds  2.602114031264387 0.5441112559756629 6.5
107.41345953941345  seconds  2.602114031264387 0.5441112559756629 18.6
143.48017120361328  seconds  2.602114031264387 0.5441112559756629 7.5
152.1303117275238  seconds  2.602114031264387 0.5441112559756629 8.5
151.9639859199524  seconds  2.602114031264387 0.5441112559756629 9.5
149.664972782135  seconds  2.602114031264387 0.5441112559756629 10.5
143.31970071792603  seconds  2.602114031264387 0.5441112559756629 11.5
150.96785974502563  seconds  2.602114031264387 0.5441112559756629 12.5
146.11719131469727  seconds  2.602114031264387 0.5441112559756629 0.6000000000000001
146.6102786064148  seconds  2.602114031264387 0.5441112559756629 13.5
147.4314308166504  seconds  2.602114031264387 0.5441112559756629 14.5
141.72742128372192  seconds  2.602114031264387 0.5441112559756629 1.6
147.13613748550415  seconds  2.602114031264387 0.5441112559756629 15.5
142.5164635181427  seconds  2.602114031264387 0.5441112559756629 17.5
150.9312081336975  seconds  2.602114031264387 0.5441112559756629 16.5
145.18728709220886  seconds  2.602114031264387 0.5441112559756629 2.6
107.70858645439148  seconds  2.602114031264387 0.5441112559756629 3.8000000000000003
108.43838357925415  seconds  2.602114031264387 0.5441112559756629 18.7
147.21743488311768  seconds  2.602114031264387 0.5441112559756629 4.6000000000000005
147.10841178894043  seconds  2.602114031264387 0.5441112559756629 19.5
143.94756436347961  seconds  2.602114031264387 0.5441112559756629 6.6000000000000005
146.62259316444397  seconds  2.602114031264387 0.5441112559756629 5.6000000000000005
147.3083848953247  seconds  2.602114031264387 0.5441112559756629 7.6000000000000005
146.47167372703552  seconds  2.602114031264387 0.5441112559756629 8.6
144.110191822052  seconds  2.602114031264387 0.5441112559756629 9.600000000000001
150.8945336341858  seconds  2.602114031264387 0.5441112559756629 10.600000000000001
148.51344203948975  seconds  2.602114031264387 0.5441112559756629 11.600000000000001
105.67058110237122  seconds  2.602114031264387 0.5441112559756629 3.9000000000000004
147.52634596824646  seconds  2.602114031264387 0.5441112559756629 12.600000000000001
148.8709077835083  seconds  2.602114031264387 0.5441112559756629 0.7000000000000001
148.5103042125702  seconds  2.602114031264387 0.5441112559756629 13.600000000000001
105.69676852226257  seconds  2.602114031264387 0.5441112559756629 18.8
147.241357088089  seconds  2.602114031264387 0.5441112559756629 14.600000000000001
148.32275700569153  seconds  2.602114031264387 0.5441112559756629 1.7000000000000002
147.78431510925293  seconds  2.602114031264387 0.5441112559756629 15.600000000000001
150.6500735282898  seconds  2.602114031264387 0.5441112559756629 17.6
151.2045862674713  seconds  2.602114031264387 0.5441112559756629 16.6
152.27521777153015  seconds  2.602114031264387 0.5441112559756629 2.7
145.82118940353394  seconds  2.602114031264387 0.5441112559756629 4.7
146.49864268302917  seconds  2.602114031264387 0.5441112559756629 19.6
146.6320674419403  seconds  2.602114031264387 0.5441112559756629 6.7
152.34082770347595  seconds  2.602114031264387 0.5441112559756629 5.7
150.0982472896576  seconds  2.602114031264387 0.5441112559756629 8.700000000000001
152.7471969127655  seconds  2.602114031264387 0.5441112559756629 7.7
101.67176461219788  seconds  2.602114031264387 0.5441112559756629 18.900000000000002
154.8191945552826  seconds  2.602114031264387 0.5441112559756629 9.700000000000001
147.30560326576233  seconds  2.602114031264387 0.5441112559756629 10.700000000000001
146.4836184978485  seconds  2.602114031264387 0.5441112559756629 11.700000000000001
145.44864654541016  seconds  2.602114031264387 0.5441112559756629 0.8
151.72718381881714  seconds  2.602114031264387 0.5441112559756629 12.700000000000001
147.0097312927246  seconds  2.602114031264387 0.5441112559756629 13.700000000000001
145.42298364639282  seconds  2.602114031264387 0.5441112559756629 14.700000000000001
144.58900713920593  seconds  2.602114031264387 0.5441112559756629 1.8
148.1391580104828  seconds  2.602114031264387 0.5441112559756629 15.700000000000001
145.2407991886139  seconds  2.602114031264387 0.5441112559756629 17.7
149.80534267425537  seconds  2.602114031264387 0.5441112559756629 16.7
148.42792892456055  seconds  2.602114031264387 0.5441112559756629 2.8000000000000003
143.93672609329224  seconds  2.602114031264387 0.5441112559756629 4.800000000000001
142.84604692459106  seconds  2.602114031264387 0.5441112559756629 19.700000000000003
142.40757751464844  seconds  2.602114031264387 0.5441112559756629 5.800000000000001
149.4896857738495  seconds  2.602114031264387 0.5441112559756629 6.800000000000001
145.07791328430176  seconds  2.602114031264387 0.5441112559756629 7.800000000000001
150.70627069473267  seconds  2.602114031264387 0.5441112559756629 8.8
144.5553421974182  seconds  2.602114031264387 0.5441112559756629 9.8
144.3702998161316  seconds  2.602114031264387 0.5441112559756629 10.8
149.31114768981934  seconds  2.602114031264387 0.5441112559756629 11.8
145.63718342781067  seconds  2.602114031264387 0.5441112559756629 12.8
145.69619035720825  seconds  2.602114031264387 0.5441112559756629 13.8
150.15355587005615  seconds  2.602114031264387 0.5441112559756629 0.9
146.57219052314758  seconds  2.602114031264387 0.5441112559756629 14.8
142.07734656333923  seconds  2.602114031264387 0.5441112559756629 1.9000000000000001
141.12222504615784  seconds  2.602114031264387 0.5441112559756629 15.8
142.66735124588013  seconds  2.602114031264387 0.5441112559756629 17.8
148.23313307762146  seconds  2.602114031264387 0.5441112559756629 16.8
148.4161295890808  seconds  2.602114031264387 0.5441112559756629 2.9000000000000004
143.72321248054504  seconds  2.602114031264387 0.5441112559756629 4.9
144.58634734153748  seconds  2.602114031264387 0.5441112559756629 19.8
140.35091495513916  seconds  2.602114031264387 0.5441112559756629 5.9
141.7346487045288  seconds  2.602114031264387 0.5441112559756629 6.9
139.375004529953  seconds  2.602114031264387 0.5441112559756629 7.9
138.23211979866028  seconds  2.602114031264387 0.5441112559756629 8.9
140.54991388320923  seconds  2.602114031264387 0.5441112559756629 9.9
137.5084421634674  seconds  2.602114031264387 0.5441112559756629 10.9
126.57490253448486  seconds  2.602114031264387 0.5441112559756629 11.9
123.40866160392761  seconds  2.602114031264387 0.5441112559756629 13.9
125.56908893585205  seconds  2.602114031264387 0.5441112559756629 12.9
121.46686577796936  seconds  2.602114031264387 0.5441112559756629 14.9
118.85153484344482  seconds  2.602114031264387 0.5441112559756629 15.9
121.87022686004639  seconds  2.602114031264387 0.5441112559756629 17.900000000000002
117.4140567779541  seconds  2.602114031264387 0.5441112559756629 16.900000000000002
120.50421619415283  seconds  2.602114031264387 0.5441112559756629 19.900000000000002
time for calc.... 1617.0630147457123
energy at the point.. 2.5846892989406154 0.8396349413298569  is  1.1574406936887272e-05
200 the points 10 chunk numtheads
starting with calculation of Sigma
111.14910674095154  seconds  2.5846892989406154 0.8396349413298569 0.0
110.79673075675964  seconds  2.5846892989406154 0.8396349413298569 1.0
116.78416800498962  seconds  2.5846892989406154 0.8396349413298569 2.0
113.90998268127441  seconds  2.5846892989406154 0.8396349413298569 3.0
107.02252888679504  seconds  2.5846892989406154 0.8396349413298569 5.0
117.9867787361145  seconds  2.5846892989406154 0.8396349413298569 4.0
104.82033729553223  seconds  2.5846892989406154 0.8396349413298569 7.0
122.79445672035217  seconds  2.5846892989406154 0.8396349413298569 6.0
125.36156511306763  seconds  2.5846892989406154 0.8396349413298569 8.0
110.92831659317017  seconds  2.5846892989406154 0.8396349413298569 11.0
132.5075740814209  seconds  2.5846892989406154 0.8396349413298569 9.0
134.13011837005615  seconds  2.5846892989406154 0.8396349413298569 10.0
135.5537736415863  seconds  2.5846892989406154 0.8396349413298569 12.0
134.66312956809998  seconds  2.5846892989406154 0.8396349413298569 13.0
140.95133304595947  seconds  2.5846892989406154 0.8396349413298569 0.1
135.2654631137848  seconds  2.5846892989406154 0.8396349413298569 14.0
116.0297954082489  seconds  2.5846892989406154 0.8396349413298569 16.0
136.89676356315613  seconds  2.5846892989406154 0.8396349413298569 1.1
114.48098659515381  seconds  2.5846892989406154 0.8396349413298569 17.0
136.52186679840088  seconds  2.5846892989406154 0.8396349413298569 15.0
113.84318780899048  seconds  2.5846892989406154 0.8396349413298569 5.1000000000000005
113.73527407646179  seconds  2.5846892989406154 0.8396349413298569 18.0
134.12254786491394  seconds  2.5846892989406154 0.8396349413298569 2.1
113.48561549186707  seconds  2.5846892989406154 0.8396349413298569 7.1000000000000005
138.75998759269714  seconds  2.5846892989406154 0.8396349413298569 3.1
117.81133484840393  seconds  2.5846892989406154 0.8396349413298569 19.0
143.845778465271  seconds  2.5846892989406154 0.8396349413298569 4.1000000000000005
115.8678789138794  seconds  2.5846892989406154 0.8396349413298569 8.1
138.3745617866516  seconds  2.5846892989406154 0.8396349413298569 6.1000000000000005
118.07354259490967  seconds  2.5846892989406154 0.8396349413298569 11.100000000000001
139.46229696273804  seconds  2.5846892989406154 0.8396349413298569 9.1
132.01904892921448  seconds  2.5846892989406154 0.8396349413298569 10.100000000000001
130.66494250297546  seconds  2.5846892989406154 0.8396349413298569 12.100000000000001
120.45501470565796  seconds  2.5846892989406154 0.8396349413298569 16.1
116.36094164848328  seconds  2.5846892989406154 0.8396349413298569 17.1
133.05698919296265  seconds  2.5846892989406154 0.8396349413298569 13.100000000000001
117.01465678215027  seconds  2.5846892989406154 0.8396349413298569 5.2
132.44572687149048  seconds  2.5846892989406154 0.8396349413298569 0.2
116.00070714950562  seconds  2.5846892989406154 0.8396349413298569 18.1
115.37027311325073  seconds  2.5846892989406154 0.8396349413298569 7.2
134.1368727684021  seconds  2.5846892989406154 0.8396349413298569 15.100000000000001
143.45828795433044  seconds  2.5846892989406154 0.8396349413298569 14.100000000000001
140.9609673023224  seconds  2.5846892989406154 0.8396349413298569 1.2000000000000002
115.90077447891235  seconds  2.5846892989406154 0.8396349413298569 19.1
133.44733238220215  seconds  2.5846892989406154 0.8396349413298569 2.2
134.03269481658936  seconds  2.5846892989406154 0.8396349413298569 3.2
118.81962871551514  seconds  2.5846892989406154 0.8396349413298569 8.200000000000001
134.54261112213135  seconds  2.5846892989406154 0.8396349413298569 4.2
117.72898769378662  seconds  2.5846892989406154 0.8396349413298569 11.200000000000001
140.33507537841797  seconds  2.5846892989406154 0.8396349413298569 6.2
115.7555296421051  seconds  2.5846892989406154 0.8396349413298569 10.200000000000001
134.35115361213684  seconds  2.5846892989406154 0.8396349413298569 9.200000000000001
118.80508804321289  seconds  2.5846892989406154 0.8396349413298569 16.2
117.35935163497925  seconds  2.5846892989406154 0.8396349413298569 17.2
118.18036270141602  seconds  2.5846892989406154 0.8396349413298569 5.300000000000001
115.5383529663086  seconds  2.5846892989406154 0.8396349413298569 18.2
138.44946670532227  seconds  2.5846892989406154 0.8396349413298569 12.200000000000001
129.72493195533752  seconds  2.5846892989406154 0.8396349413298569 13.200000000000001
127.09692168235779  seconds  2.5846892989406154 0.8396349413298569 0.30000000000000004
118.13849377632141  seconds  2.5846892989406154 0.8396349413298569 7.300000000000001
117.38734364509583  seconds  2.5846892989406154 0.8396349413298569 19.200000000000003
132.95929265022278  seconds  2.5846892989406154 0.8396349413298569 14.200000000000001
135.9868528842926  seconds  2.5846892989406154 0.8396349413298569 15.200000000000001
135.68903851509094  seconds  2.5846892989406154 0.8396349413298569 1.3
132.04864835739136  seconds  2.5846892989406154 0.8396349413298569 2.3000000000000003
130.52188062667847  seconds  2.5846892989406154 0.8396349413298569 3.3000000000000003
117.64003872871399  seconds  2.5846892989406154 0.8396349413298569 8.3
119.06197834014893  seconds  2.5846892989406154 0.8396349413298569 11.3
132.15583539009094  seconds  2.5846892989406154 0.8396349413298569 4.3
116.20181155204773  seconds  2.5846892989406154 0.8396349413298569 10.3
148.10698986053467  seconds  2.5846892989406154 0.8396349413298569 6.300000000000001
117.94931769371033  seconds  2.5846892989406154 0.8396349413298569 16.3
119.7071180343628  seconds  2.5846892989406154 0.8396349413298569 17.3
133.55975031852722  seconds  2.5846892989406154 0.8396349413298569 9.3
117.78811597824097  seconds  2.5846892989406154 0.8396349413298569 5.4
116.41927003860474  seconds  2.5846892989406154 0.8396349413298569 18.3
115.6342420578003  seconds  2.5846892989406154 0.8396349413298569 7.4
117.54099488258362  seconds  2.5846892989406154 0.8396349413298569 19.3
133.09260821342468  seconds  2.5846892989406154 0.8396349413298569 12.3
133.3934211730957  seconds  2.5846892989406154 0.8396349413298569 13.3
131.32305574417114  seconds  2.5846892989406154 0.8396349413298569 0.4
132.22268319129944  seconds  2.5846892989406154 0.8396349413298569 14.3
117.1389536857605  seconds  2.5846892989406154 0.8396349413298569 8.4
132.39945459365845  seconds  2.5846892989406154 0.8396349413298569 15.3
133.79814767837524  seconds  2.5846892989406154 0.8396349413298569 1.4000000000000001
133.67249202728271  seconds  2.5846892989406154 0.8396349413298569 2.4000000000000004
117.34058690071106  seconds  2.5846892989406154 0.8396349413298569 11.4
136.17322206497192  seconds  2.5846892989406154 0.8396349413298569 3.4000000000000004
128.13712453842163  seconds  2.5846892989406154 0.8396349413298569 4.4
116.87092590332031  seconds  2.5846892989406154 0.8396349413298569 10.4
117.38576173782349  seconds  2.5846892989406154 0.8396349413298569 16.400000000000002
118.49644565582275  seconds  2.5846892989406154 0.8396349413298569 17.400000000000002
117.62559652328491  seconds  2.5846892989406154 0.8396349413298569 18.400000000000002
118.97311210632324  seconds  2.5846892989406154 0.8396349413298569 5.5
140.6354193687439  seconds  2.5846892989406154 0.8396349413298569 6.4
115.6004490852356  seconds  2.5846892989406154 0.8396349413298569 7.5
130.47146463394165  seconds  2.5846892989406154 0.8396349413298569 9.4
115.05678033828735  seconds  2.5846892989406154 0.8396349413298569 19.400000000000002
128.48561930656433  seconds  2.5846892989406154 0.8396349413298569 12.4
130.8155574798584  seconds  2.5846892989406154 0.8396349413298569 13.4
133.8364155292511  seconds  2.5846892989406154 0.8396349413298569 0.5
117.07935976982117  seconds  2.5846892989406154 0.8396349413298569 8.5
117.5530698299408  seconds  2.5846892989406154 0.8396349413298569 11.5
133.57157707214355  seconds  2.5846892989406154 0.8396349413298569 14.4
132.70066452026367  seconds  2.5846892989406154 0.8396349413298569 1.5
135.2862672805786  seconds  2.5846892989406154 0.8396349413298569 15.4
135.2621989250183  seconds  2.5846892989406154 0.8396349413298569 2.5
133.55541014671326  seconds  2.5846892989406154 0.8396349413298569 3.5
116.1906430721283  seconds  2.5846892989406154 0.8396349413298569 10.5
133.10443830490112  seconds  2.5846892989406154 0.8396349413298569 4.5
115.71979069709778  seconds  2.5846892989406154 0.8396349413298569 16.5
119.09345483779907  seconds  2.5846892989406154 0.8396349413298569 17.5
118.43226265907288  seconds  2.5846892989406154 0.8396349413298569 5.6000000000000005
119.7590913772583  seconds  2.5846892989406154 0.8396349413298569 18.5
115.49302864074707  seconds  2.5846892989406154 0.8396349413298569 7.6000000000000005
115.84980893135071  seconds  2.5846892989406154 0.8396349413298569 19.5
138.25255036354065  seconds  2.5846892989406154 0.8396349413298569 6.5
133.97735953330994  seconds  2.5846892989406154 0.8396349413298569 9.5
116.11625909805298  seconds  2.5846892989406154 0.8396349413298569 8.6
136.6821584701538  seconds  2.5846892989406154 0.8396349413298569 12.5
132.82114362716675  seconds  2.5846892989406154 0.8396349413298569 13.5
131.8198208808899  seconds  2.5846892989406154 0.8396349413298569 0.6000000000000001
120.64020895957947  seconds  2.5846892989406154 0.8396349413298569 11.600000000000001
132.43167161941528  seconds  2.5846892989406154 0.8396349413298569 14.5
130.4032599925995  seconds  2.5846892989406154 0.8396349413298569 15.5
116.27361822128296  seconds  2.5846892989406154 0.8396349413298569 10.600000000000001
132.21618270874023  seconds  2.5846892989406154 0.8396349413298569 1.6
136.23159408569336  seconds  2.5846892989406154 0.8396349413298569 2.6
132.06581115722656  seconds  2.5846892989406154 0.8396349413298569 3.6
134.80295395851135  seconds  2.5846892989406154 0.8396349413298569 4.6000000000000005
116.1514687538147  seconds  2.5846892989406154 0.8396349413298569 16.6
116.66933178901672  seconds  2.5846892989406154 0.8396349413298569 17.6
117.5737841129303  seconds  2.5846892989406154 0.8396349413298569 5.7
117.85122489929199  seconds  2.5846892989406154 0.8396349413298569 18.6
115.87249302864075  seconds  2.5846892989406154 0.8396349413298569 7.7
116.17845582962036  seconds  2.5846892989406154 0.8396349413298569 19.6
130.81295037269592  seconds  2.5846892989406154 0.8396349413298569 9.600000000000001
131.90705680847168  seconds  2.5846892989406154 0.8396349413298569 6.6000000000000005
117.31496000289917  seconds  2.5846892989406154 0.8396349413298569 8.700000000000001
119.44740629196167  seconds  2.5846892989406154 0.8396349413298569 11.700000000000001
132.22005152702332  seconds  2.5846892989406154 0.8396349413298569 12.600000000000001
136.44721698760986  seconds  2.5846892989406154 0.8396349413298569 13.600000000000001
135.314936876297  seconds  2.5846892989406154 0.8396349413298569 0.7000000000000001
118.51611542701721  seconds  2.5846892989406154 0.8396349413298569 10.700000000000001
131.52196311950684  seconds  2.5846892989406154 0.8396349413298569 15.600000000000001
137.27403116226196  seconds  2.5846892989406154 0.8396349413298569 14.600000000000001
133.6949074268341  seconds  2.5846892989406154 0.8396349413298569 1.7000000000000002
128.99198246002197  seconds  2.5846892989406154 0.8396349413298569 3.7
136.12720894813538  seconds  2.5846892989406154 0.8396349413298569 2.7
118.95180249214172  seconds  2.5846892989406154 0.8396349413298569 16.7
118.13453006744385  seconds  2.5846892989406154 0.8396349413298569 17.7
117.1283495426178  seconds  2.5846892989406154 0.8396349413298569 5.800000000000001
117.09368467330933  seconds  2.5846892989406154 0.8396349413298569 18.7
118.21629858016968  seconds  2.5846892989406154 0.8396349413298569 7.800000000000001
137.85759949684143  seconds  2.5846892989406154 0.8396349413298569 4.7
114.73219323158264  seconds  2.5846892989406154 0.8396349413298569 19.700000000000003
117.9027144908905  seconds  2.5846892989406154 0.8396349413298569 8.8
131.73840737342834  seconds  2.5846892989406154 0.8396349413298569 9.700000000000001
132.1200032234192  seconds  2.5846892989406154 0.8396349413298569 6.7
122.15102362632751  seconds  2.5846892989406154 0.8396349413298569 11.8
131.66261887550354  seconds  2.5846892989406154 0.8396349413298569 12.700000000000001
118.00728297233582  seconds  2.5846892989406154 0.8396349413298569 10.8
127.54371881484985  seconds  2.5846892989406154 0.8396349413298569 0.8
137.24584341049194  seconds  2.5846892989406154 0.8396349413298569 13.700000000000001
130.8815507888794  seconds  2.5846892989406154 0.8396349413298569 15.700000000000001
116.47168397903442  seconds  2.5846892989406154 0.8396349413298569 16.8
131.36577725410461  seconds  2.5846892989406154 0.8396349413298569 1.8
136.01433491706848  seconds  2.5846892989406154 0.8396349413298569 14.700000000000001
126.75737380981445  seconds  2.5846892989406154 0.8396349413298569 2.8000000000000003
131.6821801662445  seconds  2.5846892989406154 0.8396349413298569 3.8000000000000003
119.62396025657654  seconds  2.5846892989406154 0.8396349413298569 5.9
124.14556908607483  seconds  2.5846892989406154 0.8396349413298569 17.8
120.30403089523315  seconds  2.5846892989406154 0.8396349413298569 18.8
118.95534229278564  seconds  2.5846892989406154 0.8396349413298569 7.9
117.52218508720398  seconds  2.5846892989406154 0.8396349413298569 19.8
133.55788135528564  seconds  2.5846892989406154 0.8396349413298569 4.800000000000001
117.44530487060547  seconds  2.5846892989406154 0.8396349413298569 8.9
126.45269274711609  seconds  2.5846892989406154 0.8396349413298569 9.8
115.10412335395813  seconds  2.5846892989406154 0.8396349413298569 11.9
130.13184261322021  seconds  2.5846892989406154 0.8396349413298569 6.800000000000001
115.57621693611145  seconds  2.5846892989406154 0.8396349413298569 10.9
125.97869729995728  seconds  2.5846892989406154 0.8396349413298569 12.8
126.33364224433899  seconds  2.5846892989406154 0.8396349413298569 0.9
125.2800612449646  seconds  2.5846892989406154 0.8396349413298569 13.8
112.01151490211487  seconds  2.5846892989406154 0.8396349413298569 16.900000000000002
113.34249448776245  seconds  2.5846892989406154 0.8396349413298569 14.8
123.8679449558258  seconds  2.5846892989406154 0.8396349413298569 15.8
121.20768165588379  seconds  2.5846892989406154 0.8396349413298569 1.9000000000000001
112.53976154327393  seconds  2.5846892989406154 0.8396349413298569 17.900000000000002
112.25603246688843  seconds  2.5846892989406154 0.8396349413298569 18.900000000000002
116.79171848297119  seconds  2.5846892989406154 0.8396349413298569 3.9000000000000004
111.0116012096405  seconds  2.5846892989406154 0.8396349413298569 19.900000000000002
126.48123693466187  seconds  2.5846892989406154 0.8396349413298569 2.9000000000000004
115.16850256919861  seconds  2.5846892989406154 0.8396349413298569 4.9
113.04417753219604  seconds  2.5846892989406154 0.8396349413298569 9.9
111.24901819229126  seconds  2.5846892989406154 0.8396349413298569 6.9
107.50463104248047  seconds  2.5846892989406154 0.8396349413298569 12.9
105.32522535324097  seconds  2.5846892989406154 0.8396349413298569 13.9
101.44281816482544  seconds  2.5846892989406154 0.8396349413298569 14.9
103.51103258132935  seconds  2.5846892989406154 0.8396349413298569 15.9
time for calc.... 1432.8626770973206
energy at the point.. 2.5337077240684835 1.1368970013037814  is  2.067935501059992e-06
200 the points 10 chunk numtheads
starting with calculation of Sigma
110.7345986366272  seconds  2.5337077240684835 1.1368970013037814 0.0
115.52332520484924  seconds  2.5337077240684835 1.1368970013037814 1.0
118.02877807617188  seconds  2.5337077240684835 1.1368970013037814 2.0
120.37688732147217  seconds  2.5337077240684835 1.1368970013037814 3.0
128.04495310783386  seconds  2.5337077240684835 1.1368970013037814 4.0
126.5081079006195  seconds  2.5337077240684835 1.1368970013037814 5.0
130.72278904914856  seconds  2.5337077240684835 1.1368970013037814 6.0
129.91931247711182  seconds  2.5337077240684835 1.1368970013037814 7.0
138.35310411453247  seconds  2.5337077240684835 1.1368970013037814 8.0
136.57676887512207  seconds  2.5337077240684835 1.1368970013037814 9.0
144.68207097053528  seconds  2.5337077240684835 1.1368970013037814 10.0
148.25985980033875  seconds  2.5337077240684835 1.1368970013037814 11.0
151.441912651062  seconds  2.5337077240684835 1.1368970013037814 12.0
154.61503219604492  seconds  2.5337077240684835 1.1368970013037814 13.0
153.85296297073364  seconds  2.5337077240684835 1.1368970013037814 0.1
162.20716762542725  seconds  2.5337077240684835 1.1368970013037814 14.0
161.5376181602478  seconds  2.5337077240684835 1.1368970013037814 1.1
160.73422932624817  seconds  2.5337077240684835 1.1368970013037814 15.0
162.9929256439209  seconds  2.5337077240684835 1.1368970013037814 16.0
166.70882081985474  seconds  2.5337077240684835 1.1368970013037814 2.1
160.75049567222595  seconds  2.5337077240684835 1.1368970013037814 17.0
164.44119787216187  seconds  2.5337077240684835 1.1368970013037814 3.1
166.29313278198242  seconds  2.5337077240684835 1.1368970013037814 18.0
166.40287470817566  seconds  2.5337077240684835 1.1368970013037814 4.1000000000000005
165.43484234809875  seconds  2.5337077240684835 1.1368970013037814 19.0
165.06227564811707  seconds  2.5337077240684835 1.1368970013037814 5.1000000000000005
164.77161288261414  seconds  2.5337077240684835 1.1368970013037814 6.1000000000000005
161.7678611278534  seconds  2.5337077240684835 1.1368970013037814 7.1000000000000005
168.44586563110352  seconds  2.5337077240684835 1.1368970013037814 8.1
164.62541127204895  seconds  2.5337077240684835 1.1368970013037814 9.1
165.06794023513794  seconds  2.5337077240684835 1.1368970013037814 10.100000000000001
165.5183711051941  seconds  2.5337077240684835 1.1368970013037814 11.100000000000001
160.87123894691467  seconds  2.5337077240684835 1.1368970013037814 12.100000000000001
162.54736852645874  seconds  2.5337077240684835 1.1368970013037814 13.100000000000001
163.34447574615479  seconds  2.5337077240684835 1.1368970013037814 0.2
159.58893179893494  seconds  2.5337077240684835 1.1368970013037814 15.100000000000001
170.5075523853302  seconds  2.5337077240684835 1.1368970013037814 14.100000000000001
169.99098539352417  seconds  2.5337077240684835 1.1368970013037814 1.2000000000000002
165.9054992198944  seconds  2.5337077240684835 1.1368970013037814 16.1
165.10472583770752  seconds  2.5337077240684835 1.1368970013037814 2.2
161.7699842453003  seconds  2.5337077240684835 1.1368970013037814 17.1
162.04731106758118  seconds  2.5337077240684835 1.1368970013037814 3.2
163.08529496192932  seconds  2.5337077240684835 1.1368970013037814 18.1
162.85516095161438  seconds  2.5337077240684835 1.1368970013037814 4.2
163.31677174568176  seconds  2.5337077240684835 1.1368970013037814 19.1
162.16665649414062  seconds  2.5337077240684835 1.1368970013037814 5.2
160.7417266368866  seconds  2.5337077240684835 1.1368970013037814 6.2
162.4212667942047  seconds  2.5337077240684835 1.1368970013037814 7.2
162.1272006034851  seconds  2.5337077240684835 1.1368970013037814 8.200000000000001
162.20263934135437  seconds  2.5337077240684835 1.1368970013037814 9.200000000000001
160.14465999603271  seconds  2.5337077240684835 1.1368970013037814 10.200000000000001
164.78789353370667  seconds  2.5337077240684835 1.1368970013037814 11.200000000000001
170.28130531311035  seconds  2.5337077240684835 1.1368970013037814 12.200000000000001
161.50009298324585  seconds  2.5337077240684835 1.1368970013037814 0.30000000000000004
163.35886931419373  seconds  2.5337077240684835 1.1368970013037814 13.200000000000001
157.97517681121826  seconds  2.5337077240684835 1.1368970013037814 15.200000000000001
168.80565547943115  seconds  2.5337077240684835 1.1368970013037814 14.200000000000001
165.77878761291504  seconds  2.5337077240684835 1.1368970013037814 1.3
161.98003482818604  seconds  2.5337077240684835 1.1368970013037814 16.2
159.27683210372925  seconds  2.5337077240684835 1.1368970013037814 3.3000000000000003
165.27919578552246  seconds  2.5337077240684835 1.1368970013037814 2.3000000000000003
167.9210934638977  seconds  2.5337077240684835 1.1368970013037814 17.2
158.13506078720093  seconds  2.5337077240684835 1.1368970013037814 18.2
159.6016480922699  seconds  2.5337077240684835 1.1368970013037814 19.200000000000003
164.56725406646729  seconds  2.5337077240684835 1.1368970013037814 4.3
168.24586606025696  seconds  2.5337077240684835 1.1368970013037814 5.300000000000001
166.73326230049133  seconds  2.5337077240684835 1.1368970013037814 6.300000000000001
165.81585240364075  seconds  2.5337077240684835 1.1368970013037814 7.300000000000001
163.6064896583557  seconds  2.5337077240684835 1.1368970013037814 8.3
163.67432284355164  seconds  2.5337077240684835 1.1368970013037814 9.3
162.75093030929565  seconds  2.5337077240684835 1.1368970013037814 10.3
167.21257066726685  seconds  2.5337077240684835 1.1368970013037814 11.3
160.91385006904602  seconds  2.5337077240684835 1.1368970013037814 12.3
157.4686267375946  seconds  2.5337077240684835 1.1368970013037814 0.4
159.38617634773254  seconds  2.5337077240684835 1.1368970013037814 13.3
161.1208426952362  seconds  2.5337077240684835 1.1368970013037814 15.3
163.28662014007568  seconds  2.5337077240684835 1.1368970013037814 1.4000000000000001
168.35878324508667  seconds  2.5337077240684835 1.1368970013037814 14.3
161.73064517974854  seconds  2.5337077240684835 1.1368970013037814 16.3
159.91977286338806  seconds  2.5337077240684835 1.1368970013037814 2.4000000000000004
163.33345341682434  seconds  2.5337077240684835 1.1368970013037814 3.4000000000000004
160.76982021331787  seconds  2.5337077240684835 1.1368970013037814 17.3
159.03474831581116  seconds  2.5337077240684835 1.1368970013037814 18.3
165.60437321662903  seconds  2.5337077240684835 1.1368970013037814 19.3
164.3806848526001  seconds  2.5337077240684835 1.1368970013037814 4.4
166.1083071231842  seconds  2.5337077240684835 1.1368970013037814 5.4
164.2252151966095  seconds  2.5337077240684835 1.1368970013037814 6.4
160.7233545780182  seconds  2.5337077240684835 1.1368970013037814 7.4
162.42560720443726  seconds  2.5337077240684835 1.1368970013037814 9.4
166.53630423545837  seconds  2.5337077240684835 1.1368970013037814 8.4
159.4468731880188  seconds  2.5337077240684835 1.1368970013037814 10.4
163.14362215995789  seconds  2.5337077240684835 1.1368970013037814 0.5
173.5797004699707  seconds  2.5337077240684835 1.1368970013037814 11.4
163.41441297531128  seconds  2.5337077240684835 1.1368970013037814 13.4
170.11150097846985  seconds  2.5337077240684835 1.1368970013037814 12.4
155.54755449295044  seconds  2.5337077240684835 1.1368970013037814 15.4
164.31895184516907  seconds  2.5337077240684835 1.1368970013037814 1.5
163.03523111343384  seconds  2.5337077240684835 1.1368970013037814 16.400000000000002
165.85137462615967  seconds  2.5337077240684835 1.1368970013037814 14.4
163.79714179039001  seconds  2.5337077240684835 1.1368970013037814 2.5
163.17806124687195  seconds  2.5337077240684835 1.1368970013037814 3.5
162.5065529346466  seconds  2.5337077240684835 1.1368970013037814 17.400000000000002
163.91271209716797  seconds  2.5337077240684835 1.1368970013037814 18.400000000000002
156.2725157737732  seconds  2.5337077240684835 1.1368970013037814 4.5
168.3215091228485  seconds  2.5337077240684835 1.1368970013037814 19.400000000000002
163.44520163536072  seconds  2.5337077240684835 1.1368970013037814 5.5
158.57043552398682  seconds  2.5337077240684835 1.1368970013037814 6.5
163.33239579200745  seconds  2.5337077240684835 1.1368970013037814 7.5
163.5206868648529  seconds  2.5337077240684835 1.1368970013037814 9.5
163.9170651435852  seconds  2.5337077240684835 1.1368970013037814 8.5
157.37127685546875  seconds  2.5337077240684835 1.1368970013037814 10.5
161.2340705394745  seconds  2.5337077240684835 1.1368970013037814 0.6000000000000001
163.10693359375  seconds  2.5337077240684835 1.1368970013037814 11.5
164.90786409378052  seconds  2.5337077240684835 1.1368970013037814 13.5
164.4151816368103  seconds  2.5337077240684835 1.1368970013037814 12.5
158.69153809547424  seconds  2.5337077240684835 1.1368970013037814 15.5
160.97901463508606  seconds  2.5337077240684835 1.1368970013037814 16.5
165.74749875068665  seconds  2.5337077240684835 1.1368970013037814 1.6
164.14424109458923  seconds  2.5337077240684835 1.1368970013037814 14.5
164.10197377204895  seconds  2.5337077240684835 1.1368970013037814 3.6
167.28457593917847  seconds  2.5337077240684835 1.1368970013037814 2.6
164.8800585269928  seconds  2.5337077240684835 1.1368970013037814 17.5
163.64559030532837  seconds  2.5337077240684835 1.1368970013037814 18.5
156.99828100204468  seconds  2.5337077240684835 1.1368970013037814 4.6000000000000005
161.92267560958862  seconds  2.5337077240684835 1.1368970013037814 19.5
163.66153025627136  seconds  2.5337077240684835 1.1368970013037814 5.6000000000000005
162.49794673919678  seconds  2.5337077240684835 1.1368970013037814 6.6000000000000005
163.41089153289795  seconds  2.5337077240684835 1.1368970013037814 7.6000000000000005
161.11707019805908  seconds  2.5337077240684835 1.1368970013037814 8.6
165.66719603538513  seconds  2.5337077240684835 1.1368970013037814 9.600000000000001
163.5037534236908  seconds  2.5337077240684835 1.1368970013037814 10.600000000000001
167.05947828292847  seconds  2.5337077240684835 1.1368970013037814 0.7000000000000001
161.2919464111328  seconds  2.5337077240684835 1.1368970013037814 13.600000000000001
166.39363193511963  seconds  2.5337077240684835 1.1368970013037814 11.600000000000001
163.29809951782227  seconds  2.5337077240684835 1.1368970013037814 12.600000000000001
163.32675409317017  seconds  2.5337077240684835 1.1368970013037814 15.600000000000001
164.20387196540833  seconds  2.5337077240684835 1.1368970013037814 16.6
163.359277009964  seconds  2.5337077240684835 1.1368970013037814 1.7000000000000002
164.10486888885498  seconds  2.5337077240684835 1.1368970013037814 14.600000000000001
163.06460642814636  seconds  2.5337077240684835 1.1368970013037814 2.7
165.79140400886536  seconds  2.5337077240684835 1.1368970013037814 17.6
171.89180326461792  seconds  2.5337077240684835 1.1368970013037814 3.7
164.55054569244385  seconds  2.5337077240684835 1.1368970013037814 18.6
163.43226146697998  seconds  2.5337077240684835 1.1368970013037814 4.7
159.02084922790527  seconds  2.5337077240684835 1.1368970013037814 19.6
167.40691232681274  seconds  2.5337077240684835 1.1368970013037814 5.7
169.23319721221924  seconds  2.5337077240684835 1.1368970013037814 6.7
165.93145990371704  seconds  2.5337077240684835 1.1368970013037814 7.7
163.98739671707153  seconds  2.5337077240684835 1.1368970013037814 8.700000000000001
163.25006008148193  seconds  2.5337077240684835 1.1368970013037814 10.700000000000001
170.38825678825378  seconds  2.5337077240684835 1.1368970013037814 9.700000000000001
163.92927408218384  seconds  2.5337077240684835 1.1368970013037814 0.8
167.43321895599365  seconds  2.5337077240684835 1.1368970013037814 12.700000000000001
169.3489429950714  seconds  2.5337077240684835 1.1368970013037814 11.700000000000001
167.028626203537  seconds  2.5337077240684835 1.1368970013037814 15.700000000000001
172.146808385849  seconds  2.5337077240684835 1.1368970013037814 13.700000000000001
154.63711285591125  seconds  2.5337077240684835 1.1368970013037814 16.7
166.6670949459076  seconds  2.5337077240684835 1.1368970013037814 1.8
162.28201031684875  seconds  2.5337077240684835 1.1368970013037814 2.8000000000000003
165.94160676002502  seconds  2.5337077240684835 1.1368970013037814 14.700000000000001
163.939138174057  seconds  2.5337077240684835 1.1368970013037814 17.7
164.2524449825287  seconds  2.5337077240684835 1.1368970013037814 3.8000000000000003
165.028963804245  seconds  2.5337077240684835 1.1368970013037814 4.800000000000001
168.1384937763214  seconds  2.5337077240684835 1.1368970013037814 18.7
161.73262214660645  seconds  2.5337077240684835 1.1368970013037814 19.700000000000003
165.30165886878967  seconds  2.5337077240684835 1.1368970013037814 5.800000000000001
165.16889190673828  seconds  2.5337077240684835 1.1368970013037814 6.800000000000001
164.13539481163025  seconds  2.5337077240684835 1.1368970013037814 7.800000000000001
166.94130778312683  seconds  2.5337077240684835 1.1368970013037814 8.8
164.0869426727295  seconds  2.5337077240684835 1.1368970013037814 10.8
164.3079068660736  seconds  2.5337077240684835 1.1368970013037814 9.8
163.70135855674744  seconds  2.5337077240684835 1.1368970013037814 0.9
162.3385922908783  seconds  2.5337077240684835 1.1368970013037814 11.8
165.07140469551086  seconds  2.5337077240684835 1.1368970013037814 12.8
164.60213565826416  seconds  2.5337077240684835 1.1368970013037814 13.8
166.01995015144348  seconds  2.5337077240684835 1.1368970013037814 15.8
160.0456829071045  seconds  2.5337077240684835 1.1368970013037814 16.8
163.31657457351685  seconds  2.5337077240684835 1.1368970013037814 1.9000000000000001
161.4748992919922  seconds  2.5337077240684835 1.1368970013037814 14.8
170.17051601409912  seconds  2.5337077240684835 1.1368970013037814 2.9000000000000004
166.30088806152344  seconds  2.5337077240684835 1.1368970013037814 17.8
165.06772136688232  seconds  2.5337077240684835 1.1368970013037814 3.9000000000000004
162.89562726020813  seconds  2.5337077240684835 1.1368970013037814 4.9
163.04768109321594  seconds  2.5337077240684835 1.1368970013037814 18.8
159.94704937934875  seconds  2.5337077240684835 1.1368970013037814 19.8
157.3961226940155  seconds  2.5337077240684835 1.1368970013037814 5.9
160.79494190216064  seconds  2.5337077240684835 1.1368970013037814 6.9
157.15539860725403  seconds  2.5337077240684835 1.1368970013037814 7.9
149.8699541091919  seconds  2.5337077240684835 1.1368970013037814 8.9
153.02999639511108  seconds  2.5337077240684835 1.1368970013037814 10.9
155.05153822898865  seconds  2.5337077240684835 1.1368970013037814 9.9
134.71431064605713  seconds  2.5337077240684835 1.1368970013037814 11.9
134.71776127815247  seconds  2.5337077240684835 1.1368970013037814 12.9
133.37533473968506  seconds  2.5337077240684835 1.1368970013037814 15.9
134.62522315979004  seconds  2.5337077240684835 1.1368970013037814 13.9
125.60309147834778  seconds  2.5337077240684835 1.1368970013037814 16.900000000000002
118.82521104812622  seconds  2.5337077240684835 1.1368970013037814 14.9
119.9813916683197  seconds  2.5337077240684835 1.1368970013037814 17.900000000000002
118.25782608985901  seconds  2.5337077240684835 1.1368970013037814 18.900000000000002
114.96666145324707  seconds  2.5337077240684835 1.1368970013037814 19.900000000000002
time for calc.... 1756.1179313659668
energy at the point.. 2.421355054487129 1.409821816601478  is  6.066433012819061e-06
200 the points 10 chunk numtheads
starting with calculation of Sigma
107.41514134407043  seconds  2.421355054487129 1.409821816601478 0.0
106.53638291358948  seconds  2.421355054487129 1.409821816601478 1.0
118.78490543365479  seconds  2.421355054487129 1.409821816601478 2.0
117.79939723014832  seconds  2.421355054487129 1.409821816601478 3.0
106.81474184989929  seconds  2.421355054487129 1.409821816601478 5.0
115.61985754966736  seconds  2.421355054487129 1.409821816601478 4.0
120.24257016181946  seconds  2.421355054487129 1.409821816601478 6.0
128.61718773841858  seconds  2.421355054487129 1.409821816601478 7.0
126.99234890937805  seconds  2.421355054487129 1.409821816601478 8.0
111.67876744270325  seconds  2.421355054487129 1.409821816601478 10.0
132.2856240272522  seconds  2.421355054487129 1.409821816601478 9.0
109.5637629032135  seconds  2.421355054487129 1.409821816601478 1.1
134.57889080047607  seconds  2.421355054487129 1.409821816601478 11.0
109.76395630836487  seconds  2.421355054487129 1.409821816601478 15.0
136.97749853134155  seconds  2.421355054487129 1.409821816601478 12.0
136.48900032043457  seconds  2.421355054487129 1.409821816601478 13.0
139.1681568622589  seconds  2.421355054487129 1.409821816601478 0.1
114.68668675422668  seconds  2.421355054487129 1.409821816601478 16.0
140.05285096168518  seconds  2.421355054487129 1.409821816601478 14.0
113.18720269203186  seconds  2.421355054487129 1.409821816601478 17.0
111.16320443153381  seconds  2.421355054487129 1.409821816601478 5.1000000000000005
143.38095498085022  seconds  2.421355054487129 1.409821816601478 2.1
130.40414333343506  seconds  2.421355054487129 1.409821816601478 4.1000000000000005
140.15488004684448  seconds  2.421355054487129 1.409821816601478 3.1
141.11299419403076  seconds  2.421355054487129 1.409821816601478 18.0
112.69900441169739  seconds  2.421355054487129 1.409821816601478 10.100000000000001
144.6216902732849  seconds  2.421355054487129 1.409821816601478 19.0
143.5784604549408  seconds  2.421355054487129 1.409821816601478 6.1000000000000005
136.745130777359  seconds  2.421355054487129 1.409821816601478 7.1000000000000005
136.10562801361084  seconds  2.421355054487129 1.409821816601478 8.1
113.57341814041138  seconds  2.421355054487129 1.409821816601478 1.2000000000000002
140.83897852897644  seconds  2.421355054487129 1.409821816601478 9.1
114.47426462173462  seconds  2.421355054487129 1.409821816601478 15.100000000000001
112.70230841636658  seconds  2.421355054487129 1.409821816601478 16.1
143.40619564056396  seconds  2.421355054487129 1.409821816601478 11.100000000000001
113.74935412406921  seconds  2.421355054487129 1.409821816601478 5.2
115.60342192649841  seconds  2.421355054487129 1.409821816601478 17.1
131.76787853240967  seconds  2.421355054487129 1.409821816601478 13.100000000000001
140.62729120254517  seconds  2.421355054487129 1.409821816601478 12.100000000000001
140.21695733070374  seconds  2.421355054487129 1.409821816601478 0.2
135.68047833442688  seconds  2.421355054487129 1.409821816601478 14.100000000000001
114.80856657028198  seconds  2.421355054487129 1.409821816601478 4.2
135.9703402519226  seconds  2.421355054487129 1.409821816601478 3.2
114.87029385566711  seconds  2.421355054487129 1.409821816601478 10.200000000000001
143.56931018829346  seconds  2.421355054487129 1.409821816601478 2.2
137.1876494884491  seconds  2.421355054487129 1.409821816601478 18.1
135.08619117736816  seconds  2.421355054487129 1.409821816601478 19.1
115.47354793548584  seconds  2.421355054487129 1.409821816601478 1.3
140.77452898025513  seconds  2.421355054487129 1.409821816601478 6.2
131.4610619544983  seconds  2.421355054487129 1.409821816601478 7.2
114.93666386604309  seconds  2.421355054487129 1.409821816601478 15.200000000000001
138.35698986053467  seconds  2.421355054487129 1.409821816601478 8.200000000000001
114.79633140563965  seconds  2.421355054487129 1.409821816601478 16.2
140.47605347633362  seconds  2.421355054487129 1.409821816601478 9.200000000000001
116.6152331829071  seconds  2.421355054487129 1.409821816601478 17.2
118.28482484817505  seconds  2.421355054487129 1.409821816601478 5.300000000000001
117.48901391029358  seconds  2.421355054487129 1.409821816601478 13.200000000000001
136.34505987167358  seconds  2.421355054487129 1.409821816601478 11.200000000000001
114.50456523895264  seconds  2.421355054487129 1.409821816601478 4.3
134.50261783599854  seconds  2.421355054487129 1.409821816601478 12.200000000000001
138.00325059890747  seconds  2.421355054487129 1.409821816601478 0.30000000000000004
135.51722049713135  seconds  2.421355054487129 1.409821816601478 14.200000000000001
115.06130051612854  seconds  2.421355054487129 1.409821816601478 10.3
130.08774065971375  seconds  2.421355054487129 1.409821816601478 3.3000000000000003
135.23608708381653  seconds  2.421355054487129 1.409821816601478 2.3000000000000003
117.19748020172119  seconds  2.421355054487129 1.409821816601478 1.4000000000000001
139.8222839832306  seconds  2.421355054487129 1.409821816601478 18.2
131.57340788841248  seconds  2.421355054487129 1.409821816601478 19.200000000000003
116.63313555717468  seconds  2.421355054487129 1.409821816601478 15.3
131.85879182815552  seconds  2.421355054487129 1.409821816601478 6.300000000000001
131.83208751678467  seconds  2.421355054487129 1.409821816601478 7.300000000000001
115.98974537849426  seconds  2.421355054487129 1.409821816601478 16.3
128.26101636886597  seconds  2.421355054487129 1.409821816601478 8.3
116.8704662322998  seconds  2.421355054487129 1.409821816601478 17.3
120.4235520362854  seconds  2.421355054487129 1.409821816601478 5.4
119.29219269752502  seconds  2.421355054487129 1.409821816601478 13.3
130.65027022361755  seconds  2.421355054487129 1.409821816601478 9.3
115.98710083961487  seconds  2.421355054487129 1.409821816601478 4.4
134.43237566947937  seconds  2.421355054487129 1.409821816601478 11.3
130.84974837303162  seconds  2.421355054487129 1.409821816601478 12.3
118.28140592575073  seconds  2.421355054487129 1.409821816601478 0.4
118.07832527160645  seconds  2.421355054487129 1.409821816601478 10.4
127.22359204292297  seconds  2.421355054487129 1.409821816601478 14.3
137.4790849685669  seconds  2.421355054487129 1.409821816601478 3.4000000000000004
118.38655161857605  seconds  2.421355054487129 1.409821816601478 1.5
134.0230097770691  seconds  2.421355054487129 1.409821816601478 2.4000000000000004
118.54154253005981  seconds  2.421355054487129 1.409821816601478 15.4
127.83300518989563  seconds  2.421355054487129 1.409821816601478 19.3
131.2102906703949  seconds  2.421355054487129 1.409821816601478 18.3
116.45780110359192  seconds  2.421355054487129 1.409821816601478 16.400000000000002
131.34382700920105  seconds  2.421355054487129 1.409821816601478 7.4
132.96489763259888  seconds  2.421355054487129 1.409821816601478 6.4
130.1631760597229  seconds  2.421355054487129 1.409821816601478 8.4
119.61630034446716  seconds  2.421355054487129 1.409821816601478 17.400000000000002
125.38088083267212  seconds  2.421355054487129 1.409821816601478 5.5
124.68993997573853  seconds  2.421355054487129 1.409821816601478 13.4
117.76136422157288  seconds  2.421355054487129 1.409821816601478 4.5
127.47377872467041  seconds  2.421355054487129 1.409821816601478 9.4
117.9579656124115  seconds  2.421355054487129 1.409821816601478 0.5
130.05251359939575  seconds  2.421355054487129 1.409821816601478 11.4
130.20196390151978  seconds  2.421355054487129 1.409821816601478 12.4
119.64716148376465  seconds  2.421355054487129 1.409821816601478 10.5
127.54280281066895  seconds  2.421355054487129 1.409821816601478 14.4
118.36909532546997  seconds  2.421355054487129 1.409821816601478 1.6
119.37267518043518  seconds  2.421355054487129 1.409821816601478 2.5
130.03365111351013  seconds  2.421355054487129 1.409821816601478 3.5
122.3537917137146  seconds  2.421355054487129 1.409821816601478 15.5
117.43383622169495  seconds  2.421355054487129 1.409821816601478 16.5
127.5377459526062  seconds  2.421355054487129 1.409821816601478 19.400000000000002
128.06064105033875  seconds  2.421355054487129 1.409821816601478 18.400000000000002
119.23801445960999  seconds  2.421355054487129 1.409821816601478 17.5
130.88492798805237  seconds  2.421355054487129 1.409821816601478 7.5
131.6452705860138  seconds  2.421355054487129 1.409821816601478 6.5
131.04395580291748  seconds  2.421355054487129 1.409821816601478 8.5
118.61910343170166  seconds  2.421355054487129 1.409821816601478 13.5
121.59479856491089  seconds  2.421355054487129 1.409821816601478 5.6000000000000005
120.27459025382996  seconds  2.421355054487129 1.409821816601478 4.6000000000000005
132.0403184890747  seconds  2.421355054487129 1.409821816601478 9.5
116.60477209091187  seconds  2.421355054487129 1.409821816601478 0.6000000000000001
122.24766707420349  seconds  2.421355054487129 1.409821816601478 10.600000000000001
131.56870293617249  seconds  2.421355054487129 1.409821816601478 11.5
132.6183304786682  seconds  2.421355054487129 1.409821816601478 12.5
128.91847968101501  seconds  2.421355054487129 1.409821816601478 14.5
119.86860156059265  seconds  2.421355054487129 1.409821816601478 1.7000000000000002
118.49001836776733  seconds  2.421355054487129 1.409821816601478 2.6
120.22049617767334  seconds  2.421355054487129 1.409821816601478 15.600000000000001
118.54489874839783  seconds  2.421355054487129 1.409821816601478 16.6
132.04254341125488  seconds  2.421355054487129 1.409821816601478 3.6
127.1022219657898  seconds  2.421355054487129 1.409821816601478 18.5
129.23318576812744  seconds  2.421355054487129 1.409821816601478 19.5
118.54937386512756  seconds  2.421355054487129 1.409821816601478 17.6
120.26278519630432  seconds  2.421355054487129 1.409821816601478 13.600000000000001
119.92297577857971  seconds  2.421355054487129 1.409821816601478 5.7
130.46880793571472  seconds  2.421355054487129 1.409821816601478 7.6000000000000005
131.2666563987732  seconds  2.421355054487129 1.409821816601478 6.6000000000000005
120.04318451881409  seconds  2.421355054487129 1.409821816601478 4.7
129.4629852771759  seconds  2.421355054487129 1.409821816601478 8.6
117.72615671157837  seconds  2.421355054487129 1.409821816601478 0.7000000000000001
126.68813419342041  seconds  2.421355054487129 1.409821816601478 9.600000000000001
120.13585567474365  seconds  2.421355054487129 1.409821816601478 10.700000000000001
124.80249357223511  seconds  2.421355054487129 1.409821816601478 11.600000000000001
130.55855989456177  seconds  2.421355054487129 1.409821816601478 12.600000000000001
129.74080777168274  seconds  2.421355054487129 1.409821816601478 14.600000000000001
129.36118459701538  seconds  2.421355054487129 1.409821816601478 1.8
130.52525568008423  seconds  2.421355054487129 1.409821816601478 2.7
120.15194749832153  seconds  2.421355054487129 1.409821816601478 15.700000000000001
119.51646947860718  seconds  2.421355054487129 1.409821816601478 16.7
126.16940665245056  seconds  2.421355054487129 1.409821816601478 3.7
119.95339846611023  seconds  2.421355054487129 1.409821816601478 17.7
128.96351766586304  seconds  2.421355054487129 1.409821816601478 19.6
131.49882984161377  seconds  2.421355054487129 1.409821816601478 18.6
119.41053700447083  seconds  2.421355054487129 1.409821816601478 13.700000000000001
122.89879727363586  seconds  2.421355054487129 1.409821816601478 5.800000000000001
120.470712184906  seconds  2.421355054487129 1.409821816601478 4.800000000000001
126.3190233707428  seconds  2.421355054487129 1.409821816601478 6.7
133.13062262535095  seconds  2.421355054487129 1.409821816601478 7.7
120.99830603599548  seconds  2.421355054487129 1.409821816601478 0.8
135.18821120262146  seconds  2.421355054487129 1.409821816601478 8.700000000000001
126.834463596344  seconds  2.421355054487129 1.409821816601478 9.700000000000001
120.7120532989502  seconds  2.421355054487129 1.409821816601478 10.8
130.80516839027405  seconds  2.421355054487129 1.409821816601478 11.700000000000001
125.40784406661987  seconds  2.421355054487129 1.409821816601478 12.700000000000001
124.39562439918518  seconds  2.421355054487129 1.409821816601478 14.700000000000001
122.43167543411255  seconds  2.421355054487129 1.409821816601478 1.9000000000000001
122.2241518497467  seconds  2.421355054487129 1.409821816601478 2.8000000000000003
123.67958736419678  seconds  2.421355054487129 1.409821816601478 15.8
120.67407560348511  seconds  2.421355054487129 1.409821816601478 16.8
119.85523009300232  seconds  2.421355054487129 1.409821816601478 3.8000000000000003
121.64432954788208  seconds  2.421355054487129 1.409821816601478 17.8
122.91386890411377  seconds  2.421355054487129 1.409821816601478 19.700000000000003
121.34186220169067  seconds  2.421355054487129 1.409821816601478 13.8
128.14536833763123  seconds  2.421355054487129 1.409821816601478 18.7
119.79163670539856  seconds  2.421355054487129 1.409821816601478 4.9
125.61053609848022  seconds  2.421355054487129 1.409821816601478 5.9
123.35951972007751  seconds  2.421355054487129 1.409821816601478 6.800000000000001
118.50368118286133  seconds  2.421355054487129 1.409821816601478 0.9
126.97827291488647  seconds  2.421355054487129 1.409821816601478 7.800000000000001
124.87523698806763  seconds  2.421355054487129 1.409821816601478 8.8
127.05646228790283  seconds  2.421355054487129 1.409821816601478 9.8
121.98496341705322  seconds  2.421355054487129 1.409821816601478 10.9
122.92957067489624  seconds  2.421355054487129 1.409821816601478 11.8
120.19691324234009  seconds  2.421355054487129 1.409821816601478 12.8
120.81410717964172  seconds  2.421355054487129 1.409821816601478 14.8
113.81353211402893  seconds  2.421355054487129 1.409821816601478 2.9000000000000004
113.67708539962769  seconds  2.421355054487129 1.409821816601478 16.900000000000002
115.31148934364319  seconds  2.421355054487129 1.409821816601478 15.9
112.54076600074768  seconds  2.421355054487129 1.409821816601478 3.9000000000000004
110.86780548095703  seconds  2.421355054487129 1.409821816601478 17.900000000000002
108.86329388618469  seconds  2.421355054487129 1.409821816601478 13.9
114.47448801994324  seconds  2.421355054487129 1.409821816601478 19.8
117.49222373962402  seconds  2.421355054487129 1.409821816601478 18.8
114.52461242675781  seconds  2.421355054487129 1.409821816601478 6.9
118.80913162231445  seconds  2.421355054487129 1.409821816601478 7.9
114.07559418678284  seconds  2.421355054487129 1.409821816601478 8.9
115.3756935596466  seconds  2.421355054487129 1.409821816601478 9.9
111.29039096832275  seconds  2.421355054487129 1.409821816601478 11.9
109.52809071540833  seconds  2.421355054487129 1.409821816601478 12.9
109.92347455024719  seconds  2.421355054487129 1.409821816601478 14.9
104.69401025772095  seconds  2.421355054487129 1.409821816601478 19.900000000000002
109.65127110481262  seconds  2.421355054487129 1.409821816601478 18.900000000000002
time for calc.... 1460.5672976970673
115838.44user 50052.42system 2:42:06elapsed 1705%CPU (0avgtext+0avgdata 25004116maxresident)k
640inputs+129752outputs (385major+580394709minor)pagefaults 0swaps
