reading lattice from... ./Lattices/sqKgridX100.npy
reading lattice from... ./Lattices/sqKgridY100.npy
started calculating filling for chemical potential and dispersion parameters TB_single_band..
reading lattice from... ./Lattices/KgridX400.npy
reading lattice from... ./Lattices/KgridY400.npy
reading lattice from... ./Lattices/KgridX400.npy
reading lattice from... ./Lattices/KgridY400.npy
finished calculating filling for chemical potential
Filling: 0.5021914101708863 .... chemical potential: 29.41164495334965
dispersion params: 54.93230174081238 	 -10.444874274661508
The fermi energy in mev is: 3064.1164088176356, and in units of J: 296.3362097502549, the bandwidth is:494.39071566731144
reading lattice from... ./Lattices/KgridX2000.npy
reading lattice from... ./Lattices/KgridY2000.npy
reading lattice from... ./Lattices/sqKgridX2000.npy
reading lattice from... ./Lattices/sqKgridY2000.npy
412 the fermi surface points 9 numtheads
starting with calculation of Sigma
9.188594818115234  seconds  1.9849630595393304 1.8569733050797659 0.001
9.375610589981079  seconds  1.9849630595393304 1.8569733050797659 0.7281818181818182
10.3763906955719  seconds  1.9849630595393304 1.8569733050797659 1.4553636363636362
9.971847534179688  seconds  1.9849630595393304 1.8569733050797659 2.1825454545454543
10.318161010742188  seconds  1.9849630595393304 1.8569733050797659 2.9097272727272725
10.22486424446106  seconds  1.9849630595393304 1.8569733050797659 3.6369090909090906
10.363904476165771  seconds  1.9849630595393304 1.8569733050797659 4.364090909090909
10.312089920043945  seconds  1.9849630595393304 1.8569733050797659 5.8184545454545455
10.918881177902222  seconds  1.9849630595393304 1.8569733050797659 5.091272727272727
10.074615478515625  seconds  1.9849630595393304 1.8569733050797659 6.545636363636364
10.387850999832153  seconds  1.9849630595393304 1.8569733050797659 8.0
11.265022039413452  seconds  1.9849630595393304 1.8569733050797659 7.272818181818182
11.274942398071289  seconds  1.9849630595393304 1.8569733050797659 0.0817979797979798
11.670719861984253  seconds  1.9849630595393304 1.8569733050797659 0.808979797979798
10.251771450042725  seconds  1.9849630595393304 1.8569733050797659 2.9905252525252526
10.228996992111206  seconds  1.9849630595393304 1.8569733050797659 3.7177070707070707
12.207653999328613  seconds  1.9849630595393304 1.8569733050797659 1.536161616161616
11.633152961730957  seconds  1.9849630595393304 1.8569733050797659 2.2633434343434344
10.408583402633667  seconds  1.9849630595393304 1.8569733050797659 4.444888888888889
10.674182415008545  seconds  1.9849630595393304 1.8569733050797659 5.899252525252526
10.530089378356934  seconds  1.9849630595393304 1.8569733050797659 6.626434343434344
11.579841136932373  seconds  1.9849630595393304 1.8569733050797659 5.1720707070707075
11.87929630279541  seconds  1.9849630595393304 1.8569733050797659 7.353616161616162
11.675383806228638  seconds  1.9849630595393304 1.8569733050797659 0.1625959595959596
11.533116102218628  seconds  1.9849630595393304 1.8569733050797659 0.8897777777777778
10.158302545547485  seconds  1.9849630595393304 1.8569733050797659 3.0713232323232322
10.004845142364502  seconds  1.9849630595393304 1.8569733050797659 3.7985050505050504
10.12818956375122  seconds  1.9849630595393304 1.8569733050797659 4.525686868686869
11.64431118965149  seconds  1.9849630595393304 1.8569733050797659 2.344141414141414
11.996696949005127  seconds  1.9849630595393304 1.8569733050797659 1.616959595959596
10.861060857772827  seconds  1.9849630595393304 1.8569733050797659 5.980050505050506
10.908115148544312  seconds  1.9849630595393304 1.8569733050797659 6.707232323232324
11.78249216079712  seconds  1.9849630595393304 1.8569733050797659 5.252868686868688
11.83531403541565  seconds  1.9849630595393304 1.8569733050797659 7.434414141414142
9.976186990737915  seconds  1.9849630595393304 1.8569733050797659 3.152121212121212
11.444190502166748  seconds  1.9849630595393304 1.8569733050797659 0.24339393939393938
9.791885614395142  seconds  1.9849630595393304 1.8569733050797659 3.87930303030303
9.93281865119934  seconds  1.9849630595393304 1.8569733050797659 4.606484848484849
11.535208940505981  seconds  1.9849630595393304 1.8569733050797659 0.9705757575757575
10.59211277961731  seconds  1.9849630595393304 1.8569733050797659 6.060848484848485
11.861388444900513  seconds  1.9849630595393304 1.8569733050797659 1.6977575757575756
10.577721118927002  seconds  1.9849630595393304 1.8569733050797659 6.788030303030303
12.59446120262146  seconds  1.9849630595393304 1.8569733050797659 2.4249393939393937
11.552679300308228  seconds  1.9849630595393304 1.8569733050797659 5.333666666666667
11.566250562667847  seconds  1.9849630595393304 1.8569733050797659 7.515212121212121
10.098060607910156  seconds  1.9849630595393304 1.8569733050797659 3.96010101010101
10.348469495773315  seconds  1.9849630595393304 1.8569733050797659 3.232919191919192
9.837568759918213  seconds  1.9849630595393304 1.8569733050797659 4.687282828282829
11.571748733520508  seconds  1.9849630595393304 1.8569733050797659 0.3241919191919192
11.506457328796387  seconds  1.9849630595393304 1.8569733050797659 1.0513737373737373
10.452853441238403  seconds  1.9849630595393304 1.8569733050797659 6.141646464646465
10.150358200073242  seconds  1.9849630595393304 1.8569733050797659 6.868828282828283
11.6541428565979  seconds  1.9849630595393304 1.8569733050797659 1.7785555555555554
11.707428693771362  seconds  1.9849630595393304 1.8569733050797659 2.505737373737374
11.678757429122925  seconds  1.9849630595393304 1.8569733050797659 5.414464646464647
10.497544765472412  seconds  1.9849630595393304 1.8569733050797659 4.040898989898991
10.43199348449707  seconds  1.9849630595393304 1.8569733050797659 3.3137171717171716
11.4529390335083  seconds  1.9849630595393304 1.8569733050797659 7.596010101010101
10.162978649139404  seconds  1.9849630595393304 1.8569733050797659 4.768080808080809
11.474078178405762  seconds  1.9849630595393304 1.8569733050797659 0.404989898989899
11.45200228691101  seconds  1.9849630595393304 1.8569733050797659 1.1321717171717172
10.060187339782715  seconds  1.9849630595393304 1.8569733050797659 6.949626262626263
10.146060705184937  seconds  1.9849630595393304 1.8569733050797659 6.222444444444445
11.718078374862671  seconds  1.9849630595393304 1.8569733050797659 1.8593535353535353
11.669891357421875  seconds  1.9849630595393304 1.8569733050797659 2.5865353535353535
10.402777194976807  seconds  1.9849630595393304 1.8569733050797659 4.12169696969697
12.83106541633606  seconds  1.9849630595393304 1.8569733050797659 5.495262626262627
10.804149389266968  seconds  1.9849630595393304 1.8569733050797659 3.3945151515151513
10.440537691116333  seconds  1.9849630595393304 1.8569733050797659 4.848878787878788
11.75809121131897  seconds  1.9849630595393304 1.8569733050797659 7.676808080808081
9.93289303779602  seconds  1.9849630595393304 1.8569733050797659 7.0304242424242425
10.014568328857422  seconds  1.9849630595393304 1.8569733050797659 6.303242424242424
11.570229053497314  seconds  1.9849630595393304 1.8569733050797659 0.48578787878787877
11.674522399902344  seconds  1.9849630595393304 1.8569733050797659 1.2129696969696968
11.926271438598633  seconds  1.9849630595393304 1.8569733050797659 1.940151515151515
11.752839088439941  seconds  1.9849630595393304 1.8569733050797659 2.667333333333333
10.442715406417847  seconds  1.9849630595393304 1.8569733050797659 4.20249494949495
10.559535264968872  seconds  1.9849630595393304 1.8569733050797659 4.929676767676768
10.611924171447754  seconds  1.9849630595393304 1.8569733050797659 3.4753131313131314
11.851247787475586  seconds  1.9849630595393304 1.8569733050797659 5.576060606060606
11.652527809143066  seconds  1.9849630595393304 1.8569733050797659 7.757606060606061
10.306510925292969  seconds  1.9849630595393304 1.8569733050797659 6.384040404040404
10.424445152282715  seconds  1.9849630595393304 1.8569733050797659 7.1112222222222226
11.47903323173523  seconds  1.9849630595393304 1.8569733050797659 0.5665858585858586
11.480865716934204  seconds  1.9849630595393304 1.8569733050797659 1.2937676767676767
11.448451519012451  seconds  1.9849630595393304 1.8569733050797659 2.020949494949495
11.855184078216553  seconds  1.9849630595393304 1.8569733050797659 2.748131313131313
10.660250186920166  seconds  1.9849630595393304 1.8569733050797659 4.28329292929293
10.534165859222412  seconds  1.9849630595393304 1.8569733050797659 5.010474747474748
10.512287139892578  seconds  1.9849630595393304 1.8569733050797659 3.556111111111111
11.77278447151184  seconds  1.9849630595393304 1.8569733050797659 5.656858585858586
10.426448345184326  seconds  1.9849630595393304 1.8569733050797659 6.4648383838383845
10.487637042999268  seconds  1.9849630595393304 1.8569733050797659 7.192020202020203
11.851491928100586  seconds  1.9849630595393304 1.8569733050797659 7.838404040404041
11.825793504714966  seconds  1.9849630595393304 1.8569733050797659 0.6473838383838384
11.517648696899414  seconds  1.9849630595393304 1.8569733050797659 1.3745656565656565
11.011420726776123  seconds  1.9849630595393304 1.8569733050797659 2.1017474747474747
11.017419815063477  seconds  1.9849630595393304 1.8569733050797659 2.828929292929293
11.094386100769043  seconds  1.9849630595393304 1.8569733050797659 5.737656565656566
10.567514419555664  seconds  1.9849630595393304 1.8569733050797659 7.919202020202021
time for calc.... 111.66942691802979
Successfully created the directory dir_T_4.0_fit_SF_func_2021-11-09-21:57:45 
 plotting data from the run ...
saving data from the run ...
835.69user 276.21system 2:00.93elapsed 919%CPU (0avgtext+0avgdata 2981092maxresident)k
0inputs+552outputs (65major+9293404minor)pagefaults 0swaps
