reading lattice from... ./Lattices/sqKgridX100.npy
reading lattice from... ./Lattices/sqKgridY100.npy
started calculating filling for chemical potential and dispersion parameters TB_single_band..
reading lattice from... ./Lattices/KgridX400.npy
reading lattice from... ./Lattices/KgridY400.npy
reading lattice from... ./Lattices/KgridX400.npy
reading lattice from... ./Lattices/KgridY400.npy
finished calculating filling for chemical potential
Filling: 0.5021914101708863 .... chemical potential: 29.41164495334965
dispersion params: 54.93230174081238 	 -10.444874274661508
The fermi energy in mev is: 3064.1164088176356, and in units of J: 296.3362097502549, the bandwidth is:494.39071566731144
reading lattice from... ./Lattices/KgridX1000.npy
reading lattice from... ./Lattices/KgridY1000.npy
reading lattice from... ./Lattices/sqKgridX1000.npy
reading lattice from... ./Lattices/sqKgridY1000.npy
101 the fermi surface points 6 numtheads
starting with calculation of Sigma
0.44393396377563477  seconds  -0.024945675793133226 -2.8161907488399467
0.5212559700012207  seconds  -0.9728813559322034 -2.4583851965736856
0.5301415920257568  seconds  -1.796088657105606 -1.9791022367058257
0.4714677333831787  seconds  -2.4690068785779684 -1.3524554541503693
0.47127270698547363  seconds  -0.2191655801825294 -2.792227306218569
0.4916419982910156  seconds  -2.616652882337493 -0.21382007822685756
0.5594489574432373  seconds  -1.1112083417911718 -2.3798348544111256
0.5622596740722656  seconds  -2.571839841119024 1.0256410256410255
0.5690662860870361  seconds  -1.9285861713018952 -1.8948283355063014
0.5103089809417725  seconds  -2.530204259017818 -1.1984655239329292
0.6144528388977051  seconds  -2.0568727012565935 1.8061712299000439
0.540480375289917  seconds  -0.3884398087787919 -2.743402291241713
0.526146650314331  seconds  -2.616966647080588 0.0
0.576897382736206  seconds  -1.2490656236418949 2.3006338277527103
0.5766537189483643  seconds  -0.3884398087787919 2.7434022912417135
0.5574159622192383  seconds  -1.2490656236418949 -2.3006338277527103
0.57936692237854  seconds  -2.530204259017818 1.1984655239329292
0.5369229316711426  seconds  0.6574967405475878 2.6271700108337774
0.5338404178619385  seconds  -2.571839841119024 -1.0256410256410255
0.5943505764007568  seconds  -2.0568727012565944 -1.8061712299000434
0.5116770267486572  seconds  -0.543459365493264 -2.680965670701486
0.6429121494293213  seconds  1.4931768796175575 2.1593658903371877
0.564556360244751  seconds  -2.616652882337493 0.213820078226858
0.7156784534454346  seconds  -1.928586171301894 1.8948283355063023
0.6109421253204346  seconds  -1.1112083417911718 2.3798348544111256
0.6424775123596191  seconds  2.265870765405998 1.6305953933072583
0.6253161430358887  seconds  -0.2191655801825294 2.792227306218569
0.5919921398162842  seconds  -1.3862668405041283 -2.2213978014208307
0.5971131324768066  seconds  2.6075039372111597 0.6814428509343768
0.5951216220855713  seconds  0.8000434593654928 2.553529293298396
0.6100335121154785  seconds  -2.469006878577968 1.3524554541503697
0.48122286796569824  seconds  -0.6897459576583111 -2.611038678835289
0.5950655937194824  seconds  -2.5968143651433158 -0.8361581920903953
0.613344669342041  seconds  2.6113242733416926 -0.5875706214689265
0.618706226348877  seconds  -2.178749557444965 -1.7105606258148633
0.6064896583557129  seconds  1.6301443532370459 2.0790960451977405
0.6381509304046631  seconds  -1.796088657105606 1.9791022367058257
0.6273059844970703  seconds  -0.9728813559322034 2.458385196573686
0.672389030456543  seconds  2.313730042429954 -1.5801825293350715
0.6937994956970215  seconds  -2.61496303446288 0.42590178183398564
0.6102845668792725  seconds  2.3671658213176814 1.5158626684050418
0.6186854839324951  seconds  -0.024945675793133226 2.8161907488399467
0.49127769470214844  seconds  -0.8321164710995221 -2.5362522348656857
0.6718249320983887  seconds  1.555541069100391 -2.1229714393820576
0.6181986331939697  seconds  -1.5235307117886814 -2.14167753150804
0.6224548816680908  seconds  2.6141658421216176 0.4745762711864412
0.6207022666931152  seconds  0.9408083441981745 2.4763639948190708
0.6181604862213135  seconds  -2.3877646932055163 1.4880486744893524
0.61191725730896  seconds  -2.6096127859447087 -0.6345067362016512
0.6310288906097412  seconds  0.7234245980008689 -2.5938343297545767
0.6178576946258545  seconds  2.6006353551490045 -0.790960451977401
0.6221041679382324  seconds  -2.2896566710126027 -1.6062493997558465
0.6046266555786133  seconds  1.7657974793568014 1.997702905203677
0.5135440826416016  seconds  -1.6606692742285962 2.060996522217499
0.6220805644989014  seconds  -0.8321164710995221 2.5362522348656857
0.6149396896362305  seconds  2.2047710812218613 -1.6879617557583657
0.6247496604919434  seconds  -2.6096127859447087 0.6345067362016517
0.6082949638366699  seconds  2.451912257537374 1.3854845719252502
0.6006932258605957  seconds  0.17719829845572493 2.8005215123859193
0.609184980392456  seconds  -1.6606692742285962 -2.060996522217499
0.6585721969604492  seconds  1.418339852238157 -2.2028227894898706
0.6169073581695557  seconds  2.616445372786151 0.26249456757931355
0.615703821182251  seconds  1.079791395045632 2.397785581402676
0.6118578910827637  seconds  -2.2896566710126027 1.6062493997558462
0.6028995513916016  seconds  -2.61496303446288 -0.4259017818339852
0.5968713760375977  seconds  0.5773142112125162 -2.6655826733629424
0.5993990898132324  seconds  2.578832269697698 -0.9839200347674923
0.4873979091644287  seconds  -1.5235307117886803 2.1416775315080407
0.604689359664917  seconds  -2.3877646932055163 -1.4880486744893524
0.5866177082061768  seconds  1.8993017333531739 1.913950456323338
0.5836706161499023  seconds  -0.6897459576583111 2.611038678835289
0.5812835693359375  seconds  2.085029339388275 -1.7853107344632768
0.5875492095947266  seconds  -2.5968143651433158 0.8361581920903953
0.5640356540679932  seconds  2.5177768129260976 1.2359843546284228
0.544621467590332  seconds  0.3510212950890912 2.7561437732610026
0.5518839359283447  seconds  -2.178749557444965 1.7105606258148633
0.5605497360229492  seconds  1.2171923796090136 2.3189917427205566
0.56522536277771  seconds  2.616953467469413 0.04867448935245555
0.5966815948486328  seconds  1.2805402398711225 -2.2824858757062145
0.5372886657714844  seconds  0.4240764884832684 -2.7303557269623626
0.4922449588775635  seconds  -1.3862668405041283 2.2213978014208307
0.5290870666503906  seconds  2.027899128990798 1.82703172533681
0.636289119720459  seconds  2.5411968469730537 -1.1612342459800087
0.520402193069458  seconds  1.958235549760973 -1.8751057426265663
0.5228087902069092  seconds  -0.543459365493264 2.680965670701486
0.5238292217254639  seconds  2.564059104737071 1.06610859066661
0.5126829147338867  seconds  0.5085857062096537 2.6962190352020867
0.51773333549499510.5176265239715576  seconds    seconds  1.3557922584807076 2.6167946190820612.239026510212951 
-0.165145588874402
0.5067591667175293  seconds  1.1421555845284654 -2.3621084771342495
0.5014328956604004  seconds  0.2583659278574535 -2.783032302613339
0.4869265556335449  seconds  2.1516378577883994 1.7331594958713605
0.5392863750457764  seconds  2.4845648438034282 -1.3194263363754888
0.4684634208679199  seconds  1.8263798348544107 -1.9602917291791533
0.4684028625488281  seconds  2.5924756695136337 0.8796175575836597
0.4634056091308594  seconds  2.6155689039782146 -0.3772272924815296
0.4553802013397217  seconds  0.07127335940895296 -2.81389496652667
0.4836263656616211  seconds  1.0042878588444897 -2.4406779661016946
0.43149662017822266  seconds  1.6915247478231827 -2.0425901781833984
0.5019030570983887  seconds  2.4080888676421632 -1.458496305953933
0.4157228469848633  seconds  0.8641894828335506 -2.5187761430448345
time for calc.... 5.974211692810059
 plotting data from the run ...
saving data from the run ...
