reading lattice from... ./Lattices/sqKgridX6000.npy
reading lattice from... ./Lattices/sqKgridY6000.npy
starting sampling in reciprocal space....
 finished sampling in reciprocal space.... 0.059380292892456055
started calculating filling for chemical potential and dispersion parameters TB_single_band..
reading lattice from... ./Lattices/KgridX400.npy
reading lattice from... ./Lattices/KgridY400.npy
reading lattice from... ./Lattices/KgridX400.npy
reading lattice from... ./Lattices/KgridY400.npy
finished calculating filling for chemical potential
Filling: 0.3018036272046583 .... chemical potential: -79.79024819464848
The fermi energy in mev is: 1934.968833667335, and in units of J: 187.13431660225677, the bandwidth is:494.39071566731144
reading lattice from... ./Lattices/KgridX6000.npy
reading lattice from... ./Lattices/KgridY6000.npy
reading lattice from... ./Lattices/sqKgridX6000.npy
reading lattice from... ./Lattices/sqKgridY6000.npy
energy at the point.. 2.0734574008368853 -0.0069534984789219045  is  -2.441503220040886e-05
200 the points 10 chunk numtheads
starting with calculation of Sigma
63.0706570148468  seconds  2.0734574008368853 -0.0069534984789219045 0.0
63.418262004852295  seconds  2.0734574008368853 -0.0069534984789219045 1.0
65.41453146934509  seconds  2.0734574008368853 -0.0069534984789219045 2.0
66.07762455940247  seconds  2.0734574008368853 -0.0069534984789219045 3.0
67.47763705253601  seconds  2.0734574008368853 -0.0069534984789219045 4.0
63.20898795127869  seconds  2.0734574008368853 -0.0069534984789219045 5.0
64.38624739646912  seconds  2.0734574008368853 -0.0069534984789219045 6.0
65.47188687324524  seconds  2.0734574008368853 -0.0069534984789219045 7.0
67.4474368095398  seconds  2.0734574008368853 -0.0069534984789219045 9.0
72.77180099487305  seconds  2.0734574008368853 -0.0069534984789219045 8.0
75.50745344161987  seconds  2.0734574008368853 -0.0069534984789219045 10.0
73.36459827423096  seconds  2.0734574008368853 -0.0069534984789219045 11.0
69.28507614135742  seconds  2.0734574008368853 -0.0069534984789219045 12.0
69.82389831542969  seconds  2.0734574008368853 -0.0069534984789219045 13.0
73.22842288017273  seconds  2.0734574008368853 -0.0069534984789219045 0.1
74.67080998420715  seconds  2.0734574008368853 -0.0069534984789219045 1.1
76.54720258712769  seconds  2.0734574008368853 -0.0069534984789219045 14.0
73.42862200737  seconds  2.0734574008368853 -0.0069534984789219045 15.0
74.94978833198547  seconds  2.0734574008368853 -0.0069534984789219045 2.1
75.18584179878235  seconds  2.0734574008368853 -0.0069534984789219045 3.1
75.60578656196594  seconds  2.0734574008368853 -0.0069534984789219045 16.0
69.74841117858887  seconds  2.0734574008368853 -0.0069534984789219045 5.1000000000000005
75.37391328811646  seconds  2.0734574008368853 -0.0069534984789219045 4.1000000000000005
76.07084918022156  seconds  2.0734574008368853 -0.0069534984789219045 17.0
70.92512083053589  seconds  2.0734574008368853 -0.0069534984789219045 6.1000000000000005
74.32399487495422  seconds  2.0734574008368853 -0.0069534984789219045 18.0
71.07282161712646  seconds  2.0734574008368853 -0.0069534984789219045 19.0
70.83797550201416  seconds  2.0734574008368853 -0.0069534984789219045 7.1000000000000005
70.15998840332031  seconds  2.0734574008368853 -0.0069534984789219045 9.1
74.65043687820435  seconds  2.0734574008368853 -0.0069534984789219045 8.1
74.72872757911682  seconds  2.0734574008368853 -0.0069534984789219045 10.100000000000001
70.91924810409546  seconds  2.0734574008368853 -0.0069534984789219045 12.100000000000001
74.80734300613403  seconds  2.0734574008368853 -0.0069534984789219045 11.100000000000001
70.70865368843079  seconds  2.0734574008368853 -0.0069534984789219045 13.100000000000001
74.43481969833374  seconds  2.0734574008368853 -0.0069534984789219045 0.2
74.3230094909668  seconds  2.0734574008368853 -0.0069534984789219045 1.2000000000000002
70.98329138755798  seconds  2.0734574008368853 -0.0069534984789219045 15.100000000000001
74.24881625175476  seconds  2.0734574008368853 -0.0069534984789219045 14.100000000000001
74.17606782913208  seconds  2.0734574008368853 -0.0069534984789219045 2.2
70.40625238418579  seconds  2.0734574008368853 -0.0069534984789219045 5.2
74.73377251625061  seconds  2.0734574008368853 -0.0069534984789219045 3.2
74.72715449333191  seconds  2.0734574008368853 -0.0069534984789219045 16.1
70.91811466217041  seconds  2.0734574008368853 -0.0069534984789219045 6.2
74.99020528793335  seconds  2.0734574008368853 -0.0069534984789219045 4.2
75.07567548751831  seconds  2.0734574008368853 -0.0069534984789219045 17.1
71.01971101760864  seconds  2.0734574008368853 -0.0069534984789219045 18.1
71.13640356063843  seconds  2.0734574008368853 -0.0069534984789219045 19.1
70.74251413345337  seconds  2.0734574008368853 -0.0069534984789219045 7.2
70.57634234428406  seconds  2.0734574008368853 -0.0069534984789219045 9.200000000000001
74.58435034751892  seconds  2.0734574008368853 -0.0069534984789219045 8.200000000000001
71.09230256080627  seconds  2.0734574008368853 -0.0069534984789219045 12.200000000000001
74.44956707954407  seconds  2.0734574008368853 -0.0069534984789219045 10.200000000000001
71.3242883682251  seconds  2.0734574008368853 -0.0069534984789219045 13.200000000000001
74.46626496315002  seconds  2.0734574008368853 -0.0069534984789219045 11.200000000000001
74.05917859077454  seconds  2.0734574008368853 -0.0069534984789219045 0.30000000000000004
71.27872371673584  seconds  2.0734574008368853 -0.0069534984789219045 15.200000000000001
74.20108246803284  seconds  2.0734574008368853 -0.0069534984789219045 1.3
74.26841831207275  seconds  2.0734574008368853 -0.0069534984789219045 14.200000000000001
71.31264972686768  seconds  2.0734574008368853 -0.0069534984789219045 5.300000000000001
74.32206273078918  seconds  2.0734574008368853 -0.0069534984789219045 2.3000000000000003
74.51092386245728  seconds  2.0734574008368853 -0.0069534984789219045 3.3000000000000003
71.01146340370178  seconds  2.0734574008368853 -0.0069534984789219045 6.300000000000001
75.04699063301086  seconds  2.0734574008368853 -0.0069534984789219045 16.2
71.43660426139832  seconds  2.0734574008368853 -0.0069534984789219045 18.2
71.41058444976807  seconds  2.0734574008368853 -0.0069534984789219045 7.300000000000001
71.64801788330078  seconds  2.0734574008368853 -0.0069534984789219045 19.200000000000003
74.87687706947327  seconds  2.0734574008368853 -0.0069534984789219045 4.3
74.99081826210022  seconds  2.0734574008368853 -0.0069534984789219045 17.2
70.34176564216614  seconds  2.0734574008368853 -0.0069534984789219045 9.3
74.37696981430054  seconds  2.0734574008368853 -0.0069534984789219045 8.3
70.8188886642456  seconds  2.0734574008368853 -0.0069534984789219045 12.3
71.11708045005798  seconds  2.0734574008368853 -0.0069534984789219045 13.3
74.43046689033508  seconds  2.0734574008368853 -0.0069534984789219045 10.3
74.64177393913269  seconds  2.0734574008368853 -0.0069534984789219045 11.3
74.21999597549438  seconds  2.0734574008368853 -0.0069534984789219045 0.4
70.95080018043518  seconds  2.0734574008368853 -0.0069534984789219045 15.3
74.51404452323914  seconds  2.0734574008368853 -0.0069534984789219045 1.4000000000000001
69.81999588012695  seconds  2.0734574008368853 -0.0069534984789219045 5.4
74.24232983589172  seconds  2.0734574008368853 -0.0069534984789219045 14.3
74.63079881668091  seconds  2.0734574008368853 -0.0069534984789219045 2.4000000000000004
70.72741317749023  seconds  2.0734574008368853 -0.0069534984789219045 6.4
74.33718919754028  seconds  2.0734574008368853 -0.0069534984789219045 3.4000000000000004
70.66687440872192  seconds  2.0734574008368853 -0.0069534984789219045 18.3
74.52582168579102  seconds  2.0734574008368853 -0.0069534984789219045 16.3
71.2240846157074  seconds  2.0734574008368853 -0.0069534984789219045 7.4
71.34292340278625  seconds  2.0734574008368853 -0.0069534984789219045 19.3
74.75437378883362  seconds  2.0734574008368853 -0.0069534984789219045 4.4
74.83010673522949  seconds  2.0734574008368853 -0.0069534984789219045 17.3
70.35437607765198  seconds  2.0734574008368853 -0.0069534984789219045 9.4
74.43232750892639  seconds  2.0734574008368853 -0.0069534984789219045 8.4
71.10524392127991  seconds  2.0734574008368853 -0.0069534984789219045 12.4
70.98124647140503  seconds  2.0734574008368853 -0.0069534984789219045 13.4
74.24166774749756  seconds  2.0734574008368853 -0.0069534984789219045 10.4
74.88961887359619  seconds  2.0734574008368853 -0.0069534984789219045 11.4
70.9331328868866  seconds  2.0734574008368853 -0.0069534984789219045 15.4
74.31066584587097  seconds  2.0734574008368853 -0.0069534984789219045 0.5
70.38746643066406  seconds  2.0734574008368853 -0.0069534984789219045 5.5
74.76419353485107  seconds  2.0734574008368853 -0.0069534984789219045 1.5
74.48727250099182  seconds  2.0734574008368853 -0.0069534984789219045 14.4
70.8335530757904  seconds  2.0734574008368853 -0.0069534984789219045 6.5
74.72915053367615  seconds  2.0734574008368853 -0.0069534984789219045 2.5
70.57650423049927  seconds  2.0734574008368853 -0.0069534984789219045 18.400000000000002
74.56922316551208  seconds  2.0734574008368853 -0.0069534984789219045 3.5
71.29212737083435  seconds  2.0734574008368853 -0.0069534984789219045 7.5
71.23657631874084  seconds  2.0734574008368853 -0.0069534984789219045 19.400000000000002
74.5842034816742  seconds  2.0734574008368853 -0.0069534984789219045 16.400000000000002
74.58802843093872  seconds  2.0734574008368853 -0.0069534984789219045 4.5
74.8220386505127  seconds  2.0734574008368853 -0.0069534984789219045 17.400000000000002
70.14084005355835  seconds  2.0734574008368853 -0.0069534984789219045 9.5
71.17204332351685  seconds  2.0734574008368853 -0.0069534984789219045 12.5
75.36787629127502  seconds  2.0734574008368853 -0.0069534984789219045 8.5
70.7589910030365  seconds  2.0734574008368853 -0.0069534984789219045 13.5
74.21277165412903  seconds  2.0734574008368853 -0.0069534984789219045 10.5
74.6889111995697  seconds  2.0734574008368853 -0.0069534984789219045 11.5
70.47833299636841  seconds  2.0734574008368853 -0.0069534984789219045 15.5
74.02708172798157  seconds  2.0734574008368853 -0.0069534984789219045 0.6000000000000001
70.70507574081421  seconds  2.0734574008368853 -0.0069534984789219045 5.6000000000000005
74.62516570091248  seconds  2.0734574008368853 -0.0069534984789219045 1.6
70.21424508094788  seconds  2.0734574008368853 -0.0069534984789219045 6.6000000000000005
74.74446535110474  seconds  2.0734574008368853 -0.0069534984789219045 14.5
71.24651598930359  seconds  2.0734574008368853 -0.0069534984789219045 18.5
75.21458745002747  seconds  2.0734574008368853 -0.0069534984789219045 2.6
71.5962302684784  seconds  2.0734574008368853 -0.0069534984789219045 7.6000000000000005
71.60061979293823  seconds  2.0734574008368853 -0.0069534984789219045 19.5
74.57151699066162  seconds  2.0734574008368853 -0.0069534984789219045 3.6
75.3086769580841  seconds  2.0734574008368853 -0.0069534984789219045 16.5
70.40881681442261  seconds  2.0734574008368853 -0.0069534984789219045 9.600000000000001
74.70353817939758  seconds  2.0734574008368853 -0.0069534984789219045 4.6000000000000005
74.61470580101013  seconds  2.0734574008368853 -0.0069534984789219045 17.5
70.88942623138428  seconds  2.0734574008368853 -0.0069534984789219045 12.600000000000001
70.76406455039978  seconds  2.0734574008368853 -0.0069534984789219045 13.600000000000001
75.26007628440857  seconds  2.0734574008368853 -0.0069534984789219045 8.6
74.65583562850952  seconds  2.0734574008368853 -0.0069534984789219045 10.600000000000001
70.93928360939026  seconds  2.0734574008368853 -0.0069534984789219045 15.600000000000001
74.8048722743988  seconds  2.0734574008368853 -0.0069534984789219045 11.600000000000001
70.25918984413147  seconds  2.0734574008368853 -0.0069534984789219045 5.7
74.58609437942505  seconds  2.0734574008368853 -0.0069534984789219045 0.7000000000000001
70.54518914222717  seconds  2.0734574008368853 -0.0069534984789219045 6.7
74.36242508888245  seconds  2.0734574008368853 -0.0069534984789219045 1.7000000000000002
74.15870451927185  seconds  2.0734574008368853 -0.0069534984789219045 14.600000000000001
71.06563901901245  seconds  2.0734574008368853 -0.0069534984789219045 18.6
71.64573693275452  seconds  2.0734574008368853 -0.0069534984789219045 7.7
71.61327743530273  seconds  2.0734574008368853 -0.0069534984789219045 19.6
74.20766043663025  seconds  2.0734574008368853 -0.0069534984789219045 2.7
74.71308302879333  seconds  2.0734574008368853 -0.0069534984789219045 3.7
71.42480111122131  seconds  2.0734574008368853 -0.0069534984789219045 9.700000000000001
75.0503396987915  seconds  2.0734574008368853 -0.0069534984789219045 16.6
75.47536444664001  seconds  2.0734574008368853 -0.0069534984789219045 4.7
75.02941513061523  seconds  2.0734574008368853 -0.0069534984789219045 17.6
70.26956486701965  seconds  2.0734574008368853 -0.0069534984789219045 12.700000000000001
70.65234851837158  seconds  2.0734574008368853 -0.0069534984789219045 13.700000000000001
74.67506885528564  seconds  2.0734574008368853 -0.0069534984789219045 8.700000000000001
70.55539846420288  seconds  2.0734574008368853 -0.0069534984789219045 15.700000000000001
74.84728336334229  seconds  2.0734574008368853 -0.0069534984789219045 10.700000000000001
70.94509196281433  seconds  2.0734574008368853 -0.0069534984789219045 5.800000000000001
74.62265872955322  seconds  2.0734574008368853 -0.0069534984789219045 11.700000000000001
74.5378987789154  seconds  2.0734574008368853 -0.0069534984789219045 0.8
70.38763380050659  seconds  2.0734574008368853 -0.0069534984789219045 6.800000000000001
70.75830912590027  seconds  2.0734574008368853 -0.0069534984789219045 18.7
74.6025607585907  seconds  2.0734574008368853 -0.0069534984789219045 1.8
74.44201445579529  seconds  2.0734574008368853 -0.0069534984789219045 14.700000000000001
71.51239037513733  seconds  2.0734574008368853 -0.0069534984789219045 19.700000000000003
71.56804656982422  seconds  2.0734574008368853 -0.0069534984789219045 7.800000000000001
74.61381340026855  seconds  2.0734574008368853 -0.0069534984789219045 2.8000000000000003
70.92226386070251  seconds  2.0734574008368853 -0.0069534984789219045 9.8
74.36290216445923  seconds  2.0734574008368853 -0.0069534984789219045 3.8000000000000003
74.54012870788574  seconds  2.0734574008368853 -0.0069534984789219045 16.7
75.11848258972168  seconds  2.0734574008368853 -0.0069534984789219045 4.800000000000001
75.12048697471619  seconds  2.0734574008368853 -0.0069534984789219045 17.7
70.77077841758728  seconds  2.0734574008368853 -0.0069534984789219045 12.8
70.80101680755615  seconds  2.0734574008368853 -0.0069534984789219045 13.8
74.75414609909058  seconds  2.0734574008368853 -0.0069534984789219045 8.8
70.71704268455505  seconds  2.0734574008368853 -0.0069534984789219045 15.8
74.59831357002258  seconds  2.0734574008368853 -0.0069534984789219045 10.8
70.62253975868225  seconds  2.0734574008368853 -0.0069534984789219045 5.9
74.68261408805847  seconds  2.0734574008368853 -0.0069534984789219045 11.8
69.81419086456299  seconds  2.0734574008368853 -0.0069534984789219045 6.9
74.1948606967926  seconds  2.0734574008368853 -0.0069534984789219045 0.9
70.36521935462952  seconds  2.0734574008368853 -0.0069534984789219045 18.8
74.24028968811035  seconds  2.0734574008368853 -0.0069534984789219045 1.9000000000000001
70.79561161994934  seconds  2.0734574008368853 -0.0069534984789219045 7.9
70.80659699440002  seconds  2.0734574008368853 -0.0069534984789219045 19.8
74.39746475219727  seconds  2.0734574008368853 -0.0069534984789219045 14.8
69.43964672088623  seconds  2.0734574008368853 -0.0069534984789219045 9.9
73.41214799880981  seconds  2.0734574008368853 -0.0069534984789219045 2.9000000000000004
73.0962553024292  seconds  2.0734574008368853 -0.0069534984789219045 3.9000000000000004
72.83730602264404  seconds  2.0734574008368853 -0.0069534984789219045 16.8
72.82186651229858  seconds  2.0734574008368853 -0.0069534984789219045 4.9
73.01199412345886  seconds  2.0734574008368853 -0.0069534984789219045 17.8
67.0246319770813  seconds  2.0734574008368853 -0.0069534984789219045 12.9
65.8063280582428  seconds  2.0734574008368853 -0.0069534984789219045 13.9
69.17234563827515  seconds  2.0734574008368853 -0.0069534984789219045 8.9
63.9593620300293  seconds  2.0734574008368853 -0.0069534984789219045 15.9
67.28237080574036  seconds  2.0734574008368853 -0.0069534984789219045 10.9
67.0513846874237  seconds  2.0734574008368853 -0.0069534984789219045 11.9
60.91685390472412  seconds  2.0734574008368853 -0.0069534984789219045 18.900000000000002
59.15516948699951  seconds  2.0734574008368853 -0.0069534984789219045 19.900000000000002
63.9510772228241  seconds  2.0734574008368853 -0.0069534984789219045 14.9
60.45365619659424  seconds  2.0734574008368853 -0.0069534984789219045 16.900000000000002
59.46743869781494  seconds  2.0734574008368853 -0.0069534984789219045 17.900000000000002
time for calc.... 824.0925748348236
energy at the point.. 2.0665622429566666 0.22077357670578035  is  -1.7485936680827763e-05
200 the points 10 chunk numtheads
starting with calculation of Sigma
63.97892761230469  seconds  2.0665622429566666 0.22077357670578035 0.0
64.31860423088074  seconds  2.0665622429566666 0.22077357670578035 1.0
64.35857033729553  seconds  2.0665622429566666 0.22077357670578035 2.0
63.591506004333496  seconds  2.0665622429566666 0.22077357670578035 3.0
66.56239748001099  seconds  2.0665622429566666 0.22077357670578035 4.0
63.537596225738525  seconds  2.0665622429566666 0.22077357670578035 6.0
69.56349873542786  seconds  2.0665622429566666 0.22077357670578035 5.0
64.9409818649292  seconds  2.0665622429566666 0.22077357670578035 7.0
66.94872617721558  seconds  2.0665622429566666 0.22077357670578035 8.0
72.43935489654541  seconds  2.0665622429566666 0.22077357670578035 9.0
73.88437080383301  seconds  2.0665622429566666 0.22077357670578035 10.0
73.04984164237976  seconds  2.0665622429566666 0.22077357670578035 11.0
69.02087688446045  seconds  2.0665622429566666 0.22077357670578035 12.0
69.63708829879761  seconds  2.0665622429566666 0.22077357670578035 13.0
73.80909776687622  seconds  2.0665622429566666 0.22077357670578035 0.1
74.72933578491211  seconds  2.0665622429566666 0.22077357670578035 1.1
74.9342749118805  seconds  2.0665622429566666 0.22077357670578035 14.0
71.09988784790039  seconds  2.0665622429566666 0.22077357670578035 15.0
74.42445302009583  seconds  2.0665622429566666 0.22077357670578035 2.1
70.37829089164734  seconds  2.0665622429566666 0.22077357670578035 3.1
74.89153504371643  seconds  2.0665622429566666 0.22077357670578035 16.0
73.82162690162659  seconds  2.0665622429566666 0.22077357670578035 4.1000000000000005
72.46466588973999  seconds  2.0665622429566666 0.22077357670578035 17.0
70.25514006614685  seconds  2.0665622429566666 0.22077357670578035 6.1000000000000005
74.72695207595825  seconds  2.0665622429566666 0.22077357670578035 5.1000000000000005
74.70418977737427  seconds  2.0665622429566666 0.22077357670578035 18.0
71.14577651023865  seconds  2.0665622429566666 0.22077357670578035 7.1000000000000005
71.14374995231628  seconds  2.0665622429566666 0.22077357670578035 19.0
70.60673546791077  seconds  2.0665622429566666 0.22077357670578035 8.1
74.75677490234375  seconds  2.0665622429566666 0.22077357670578035 9.1
74.54960942268372  seconds  2.0665622429566666 0.22077357670578035 10.100000000000001
71.03782629966736  seconds  2.0665622429566666 0.22077357670578035 12.100000000000001
74.26209139823914  seconds  2.0665622429566666 0.22077357670578035 11.100000000000001
70.85865998268127  seconds  2.0665622429566666 0.22077357670578035 13.100000000000001
74.25747752189636  seconds  2.0665622429566666 0.22077357670578035 0.2
74.47983312606812  seconds  2.0665622429566666 0.22077357670578035 1.2000000000000002
70.75678324699402  seconds  2.0665622429566666 0.22077357670578035 15.100000000000001
70.5770332813263  seconds  2.0665622429566666 0.22077357670578035 3.2
74.68283319473267  seconds  2.0665622429566666 0.22077357670578035 14.100000000000001
74.72480845451355  seconds  2.0665622429566666 0.22077357670578035 2.2
73.94116306304932  seconds  2.0665622429566666 0.22077357670578035 16.1
70.10933232307434  seconds  2.0665622429566666 0.22077357670578035 17.1
70.42758059501648  seconds  2.0665622429566666 0.22077357670578035 6.2
74.38323879241943  seconds  2.0665622429566666 0.22077357670578035 4.2
70.73959374427795  seconds  2.0665622429566666 0.22077357670578035 7.2
70.91711616516113  seconds  2.0665622429566666 0.22077357670578035 19.1
74.69748210906982  seconds  2.0665622429566666 0.22077357670578035 5.2
74.31016564369202  seconds  2.0665622429566666 0.22077357670578035 18.1
70.93668723106384  seconds  2.0665622429566666 0.22077357670578035 8.200000000000001
74.24524807929993  seconds  2.0665622429566666 0.22077357670578035 9.200000000000001
71.08730792999268  seconds  2.0665622429566666 0.22077357670578035 12.200000000000001
74.88049936294556  seconds  2.0665622429566666 0.22077357670578035 10.200000000000001
70.54374742507935  seconds  2.0665622429566666 0.22077357670578035 13.200000000000001
74.55682611465454  seconds  2.0665622429566666 0.22077357670578035 11.200000000000001
74.70455646514893  seconds  2.0665622429566666 0.22077357670578035 0.30000000000000004
71.57786297798157  seconds  2.0665622429566666 0.22077357670578035 15.200000000000001
71.48498773574829  seconds  2.0665622429566666 0.22077357670578035 3.3000000000000003
74.795086145401  seconds  2.0665622429566666 0.22077357670578035 1.3
74.89237189292908  seconds  2.0665622429566666 0.22077357670578035 14.200000000000001
74.89988136291504  seconds  2.0665622429566666 0.22077357670578035 2.3000000000000003
69.98407530784607  seconds  2.0665622429566666 0.22077357670578035 17.2
71.01020169258118  seconds  2.0665622429566666 0.22077357670578035 6.300000000000001
74.59119272232056  seconds  2.0665622429566666 0.22077357670578035 16.2
74.09024977684021  seconds  2.0665622429566666 0.22077357670578035 4.3
71.07673001289368  seconds  2.0665622429566666 0.22077357670578035 7.300000000000001
71.12044596672058  seconds  2.0665622429566666 0.22077357670578035 19.200000000000003
75.16782331466675  seconds  2.0665622429566666 0.22077357670578035 5.300000000000001
74.68569612503052  seconds  2.0665622429566666 0.22077357670578035 18.2
71.01317119598389  seconds  2.0665622429566666 0.22077357670578035 8.3
75.00606918334961  seconds  2.0665622429566666 0.22077357670578035 9.3
71.06296873092651  seconds  2.0665622429566666 0.22077357670578035 12.3
70.20999455451965  seconds  2.0665622429566666 0.22077357670578035 13.3
75.28743600845337  seconds  2.0665622429566666 0.22077357670578035 10.3
74.86296439170837  seconds  2.0665622429566666 0.22077357670578035 11.3
73.90075635910034  seconds  2.0665622429566666 0.22077357670578035 0.4
70.96841859817505  seconds  2.0665622429566666 0.22077357670578035 15.3
71.2461326122284  seconds  2.0665622429566666 0.22077357670578035 3.4000000000000004
74.85277080535889  seconds  2.0665622429566666 0.22077357670578035 1.4000000000000001
74.42120623588562  seconds  2.0665622429566666 0.22077357670578035 14.3
69.80968523025513  seconds  2.0665622429566666 0.22077357670578035 17.3
75.26006364822388  seconds  2.0665622429566666 0.22077357670578035 2.4000000000000004
70.71163201332092  seconds  2.0665622429566666 0.22077357670578035 6.4
74.03332281112671  seconds  2.0665622429566666 0.22077357670578035 16.3
74.48873448371887  seconds  2.0665622429566666 0.22077357670578035 4.4
70.99508118629456  seconds  2.0665622429566666 0.22077357670578035 7.4
71.53925132751465  seconds  2.0665622429566666 0.22077357670578035 19.3
71.10888671875  seconds  2.0665622429566666 0.22077357670578035 8.4
75.12294578552246  seconds  2.0665622429566666 0.22077357670578035 5.4
75.19120168685913  seconds  2.0665622429566666 0.22077357670578035 18.3
70.88312911987305  seconds  2.0665622429566666 0.22077357670578035 12.4
74.9954822063446  seconds  2.0665622429566666 0.22077357670578035 9.4
70.77612900733948  seconds  2.0665622429566666 0.22077357670578035 13.4
74.86256194114685  seconds  2.0665622429566666 0.22077357670578035 10.4
74.51450228691101  seconds  2.0665622429566666 0.22077357670578035 11.4
70.84464979171753  seconds  2.0665622429566666 0.22077357670578035 15.4
70.50585055351257  seconds  2.0665622429566666 0.22077357670578035 3.5
74.30509996414185  seconds  2.0665622429566666 0.22077357670578035 0.5
70.35949993133545  seconds  2.0665622429566666 0.22077357670578035 17.400000000000002
74.64518141746521  seconds  2.0665622429566666 0.22077357670578035 1.5
74.20880126953125  seconds  2.0665622429566666 0.22077357670578035 14.4
69.92770457267761  seconds  2.0665622429566666 0.22077357670578035 6.5
74.99843406677246  seconds  2.0665622429566666 0.22077357670578035 2.5
70.5016360282898  seconds  2.0665622429566666 0.22077357670578035 7.5
74.64887261390686  seconds  2.0665622429566666 0.22077357670578035 16.400000000000002
73.88125443458557  seconds  2.0665622429566666 0.22077357670578035 4.5
70.9350516796112  seconds  2.0665622429566666 0.22077357670578035 19.400000000000002
70.8340539932251  seconds  2.0665622429566666 0.22077357670578035 8.5
75.09244418144226  seconds  2.0665622429566666 0.22077357670578035 5.5
75.09547781944275  seconds  2.0665622429566666 0.22077357670578035 18.400000000000002
70.93096113204956  seconds  2.0665622429566666 0.22077357670578035 12.5
70.80394554138184  seconds  2.0665622429566666 0.22077357670578035 13.5
74.66354465484619  seconds  2.0665622429566666 0.22077357670578035 9.5
74.78000450134277  seconds  2.0665622429566666 0.22077357670578035 10.5
74.34019684791565  seconds  2.0665622429566666 0.22077357670578035 11.5
70.7600531578064  seconds  2.0665622429566666 0.22077357670578035 3.6
71.04565930366516  seconds  2.0665622429566666 0.22077357670578035 15.5
73.9511775970459  seconds  2.0665622429566666 0.22077357670578035 0.6000000000000001
69.95376634597778  seconds  2.0665622429566666 0.22077357670578035 17.5
70.2968397140503  seconds  2.0665622429566666 0.22077357670578035 6.6000000000000005
74.51761770248413  seconds  2.0665622429566666 0.22077357670578035 1.6
74.36707043647766  seconds  2.0665622429566666 0.22077357670578035 14.5
75.02059149742126  seconds  2.0665622429566666 0.22077357670578035 2.6
70.41695070266724  seconds  2.0665622429566666 0.22077357670578035 7.6000000000000005
71.02764248847961  seconds  2.0665622429566666 0.22077357670578035 19.5
74.34088802337646  seconds  2.0665622429566666 0.22077357670578035 16.5
74.05811142921448  seconds  2.0665622429566666 0.22077357670578035 4.6000000000000005
70.89128351211548  seconds  2.0665622429566666 0.22077357670578035 8.6
74.83412885665894  seconds  2.0665622429566666 0.22077357670578035 18.5
75.13824605941772  seconds  2.0665622429566666 0.22077357670578035 5.6000000000000005
70.75954484939575  seconds  2.0665622429566666 0.22077357670578035 12.600000000000001
70.54696464538574  seconds  2.0665622429566666 0.22077357670578035 13.600000000000001
74.11714386940002  seconds  2.0665622429566666 0.22077357670578035 9.600000000000001
74.73681259155273  seconds  2.0665622429566666 0.22077357670578035 10.600000000000001
70.90089130401611  seconds  2.0665622429566666 0.22077357670578035 15.600000000000001
71.20305156707764  seconds  2.0665622429566666 0.22077357670578035 3.7
74.84411072731018  seconds  2.0665622429566666 0.22077357670578035 11.600000000000001
70.50461149215698  seconds  2.0665622429566666 0.22077357670578035 17.6
74.07610416412354  seconds  2.0665622429566666 0.22077357670578035 0.7000000000000001
70.05374717712402  seconds  2.0665622429566666 0.22077357670578035 6.7
74.5225613117218  seconds  2.0665622429566666 0.22077357670578035 1.7000000000000002
74.79820919036865  seconds  2.0665622429566666 0.22077357670578035 14.600000000000001
70.69060230255127  seconds  2.0665622429566666 0.22077357670578035 7.7
74.87234830856323  seconds  2.0665622429566666 0.22077357670578035 2.7
70.81118392944336  seconds  2.0665622429566666 0.22077357670578035 19.6
70.46250605583191  seconds  2.0665622429566666 0.22077357670578035 8.700000000000001
74.75040173530579  seconds  2.0665622429566666 0.22077357670578035 16.6
74.30640363693237  seconds  2.0665622429566666 0.22077357670578035 4.7
75.52302122116089  seconds  2.0665622429566666 0.22077357670578035 18.6
75.51202511787415  seconds  2.0665622429566666 0.22077357670578035 5.7
70.85911130905151  seconds  2.0665622429566666 0.22077357670578035 12.700000000000001
70.62375569343567  seconds  2.0665622429566666 0.22077357670578035 13.700000000000001
74.77969765663147  seconds  2.0665622429566666 0.22077357670578035 9.700000000000001
71.26909160614014  seconds  2.0665622429566666 0.22077357670578035 15.700000000000001
71.34596562385559  seconds  2.0665622429566666 0.22077357670578035 3.8000000000000003
74.24709057807922  seconds  2.0665622429566666 0.22077357670578035 10.700000000000001
74.44366383552551  seconds  2.0665622429566666 0.22077357670578035 11.700000000000001
70.31317067146301  seconds  2.0665622429566666 0.22077357670578035 17.7
70.14995956420898  seconds  2.0665622429566666 0.22077357670578035 6.800000000000001
74.09176254272461  seconds  2.0665622429566666 0.22077357670578035 0.8
74.11857056617737  seconds  2.0665622429566666 0.22077357670578035 1.8
71.0502564907074  seconds  2.0665622429566666 0.22077357670578035 7.800000000000001
74.67753434181213  seconds  2.0665622429566666 0.22077357670578035 14.700000000000001
70.83063340187073  seconds  2.0665622429566666 0.22077357670578035 19.700000000000003
74.7956006526947  seconds  2.0665622429566666 0.22077357670578035 2.8000000000000003
70.44579839706421  seconds  2.0665622429566666 0.22077357670578035 8.8
74.79317021369934  seconds  2.0665622429566666 0.22077357670578035 16.7
74.31983613967896  seconds  2.0665622429566666 0.22077357670578035 4.800000000000001
75.14361333847046  seconds  2.0665622429566666 0.22077357670578035 5.800000000000001
75.34146523475647  seconds  2.0665622429566666 0.22077357670578035 18.7
70.44100570678711  seconds  2.0665622429566666 0.22077357670578035 12.8
70.37480664253235  seconds  2.0665622429566666 0.22077357670578035 13.8
74.75840926170349  seconds  2.0665622429566666 0.22077357670578035 9.8
70.53050327301025  seconds  2.0665622429566666 0.22077357670578035 15.8
71.11740469932556  seconds  2.0665622429566666 0.22077357670578035 3.9000000000000004
74.58754324913025  seconds  2.0665622429566666 0.22077357670578035 10.8
71.03745651245117  seconds  2.0665622429566666 0.22077357670578035 17.8
74.68057084083557  seconds  2.0665622429566666 0.22077357670578035 11.8
69.80851888656616  seconds  2.0665622429566666 0.22077357670578035 6.9
74.35245537757874  seconds  2.0665622429566666 0.22077357670578035 0.9
70.4575777053833  seconds  2.0665622429566666 0.22077357670578035 7.9
73.43557810783386  seconds  2.0665622429566666 0.22077357670578035 1.9000000000000001
70.4529550075531  seconds  2.0665622429566666 0.22077357670578035 19.8
73.02326393127441  seconds  2.0665622429566666 0.22077357670578035 14.8
69.93596148490906  seconds  2.0665622429566666 0.22077357670578035 8.9
73.8283097743988  seconds  2.0665622429566666 0.22077357670578035 2.9000000000000004
72.93702030181885  seconds  2.0665622429566666 0.22077357670578035 16.8
72.85811424255371  seconds  2.0665622429566666 0.22077357670578035 4.9
67.90651273727417  seconds  2.0665622429566666 0.22077357670578035 12.9
71.35818099975586  seconds  2.0665622429566666 0.22077357670578035 5.9
71.4011390209198  seconds  2.0665622429566666 0.22077357670578035 18.8
67.11459755897522  seconds  2.0665622429566666 0.22077357670578035 13.9
64.52567720413208  seconds  2.0665622429566666 0.22077357670578035 15.9
67.361567735672  seconds  2.0665622429566666 0.22077357670578035 9.9
63.307329416275024  seconds  2.0665622429566666 0.22077357670578035 17.900000000000002
65.36560440063477  seconds  2.0665622429566666 0.22077357670578035 10.9
65.33559393882751  seconds  2.0665622429566666 0.22077357670578035 11.9
60.070698499679565  seconds  2.0665622429566666 0.22077357670578035 19.900000000000002
61.469482421875  seconds  2.0665622429566666 0.22077357670578035 14.9
60.01757216453552  seconds  2.0665622429566666 0.22077357670578035 16.900000000000002
57.466933727264404  seconds  2.0665622429566666 0.22077357670578035 18.900000000000002
time for calc.... 829.5598387718201
energy at the point.. 2.0453259440724394 0.43459365493263835  is  -1.091404664066431e-05
200 the points 10 chunk numtheads
starting with calculation of Sigma
63.17186903953552  seconds  2.0453259440724394 0.43459365493263835 0.0
65.88520669937134  seconds  2.0453259440724394 0.43459365493263835 1.0
65.57748889923096  seconds  2.0453259440724394 0.43459365493263835 2.0
63.00360107421875  seconds  2.0453259440724394 0.43459365493263835 3.0
65.1687114238739  seconds  2.0453259440724394 0.43459365493263835 4.0
63.925048828125  seconds  2.0453259440724394 0.43459365493263835 5.0
67.6457908153534  seconds  2.0453259440724394 0.43459365493263835 6.0
71.07066464424133  seconds  2.0453259440724394 0.43459365493263835 7.0
72.95772862434387  seconds  2.0453259440724394 0.43459365493263835 8.0
77.37788772583008  seconds  2.0453259440724394 0.43459365493263835 9.0
75.10591554641724  seconds  2.0453259440724394 0.43459365493263835 10.0
68.14768481254578  seconds  2.0453259440724394 0.43459365493263835 12.0
75.10331606864929  seconds  2.0453259440724394 0.43459365493263835 11.0
75.64252519607544  seconds  2.0453259440724394 0.43459365493263835 0.1
76.90602254867554  seconds  2.0453259440724394 0.43459365493263835 13.0
67.61459517478943  seconds  2.0453259440724394 0.43459365493263835 3.1
76.80851459503174  seconds  2.0453259440724394 0.43459365493263835 14.0
76.80684781074524  seconds  2.0453259440724394 0.43459365493263835 2.1
68.76950097084045  seconds  2.0453259440724394 0.43459365493263835 4.1000000000000005
82.81577324867249  seconds  2.0453259440724394 0.43459365493263835 1.1
76.38147282600403  seconds  2.0453259440724394 0.43459365493263835 15.0
69.173828125  seconds  2.0453259440724394 0.43459365493263835 5.1000000000000005
70.07960176467896  seconds  2.0453259440724394 0.43459365493263835 17.0
77.04919004440308  seconds  2.0453259440724394 0.43459365493263835 16.0
69.29873633384705  seconds  2.0453259440724394 0.43459365493263835 6.1000000000000005
77.79457783699036  seconds  2.0453259440724394 0.43459365493263835 18.0
77.44501781463623  seconds  2.0453259440724394 0.43459365493263835 19.0
76.50929284095764  seconds  2.0453259440724394 0.43459365493263835 7.1000000000000005
76.60897064208984  seconds  2.0453259440724394 0.43459365493263835 8.1
76.17140364646912  seconds  2.0453259440724394 0.43459365493263835 9.1
70.3554744720459  seconds  2.0453259440724394 0.43459365493263835 12.100000000000001
75.83471846580505  seconds  2.0453259440724394 0.43459365493263835 10.100000000000001
70.37746715545654  seconds  2.0453259440724394 0.43459365493263835 11.100000000000001
69.69643783569336  seconds  2.0453259440724394 0.43459365493263835 3.2
76.29939866065979  seconds  2.0453259440724394 0.43459365493263835 0.2
75.96147036552429  seconds  2.0453259440724394 0.43459365493263835 13.100000000000001
70.47283053398132  seconds  2.0453259440724394 0.43459365493263835 2.2
70.4851450920105  seconds  2.0453259440724394 0.43459365493263835 4.2
75.64743995666504  seconds  2.0453259440724394 0.43459365493263835 14.100000000000001
70.25752806663513  seconds  2.0453259440724394 0.43459365493263835 5.2
76.7100715637207  seconds  2.0453259440724394 0.43459365493263835 1.2000000000000002
75.79547095298767  seconds  2.0453259440724394 0.43459365493263835 15.100000000000001
70.55825114250183  seconds  2.0453259440724394 0.43459365493263835 17.1
70.19838786125183  seconds  2.0453259440724394 0.43459365493263835 6.2
74.96472239494324  seconds  2.0453259440724394 0.43459365493263835 16.1
75.14306879043579  seconds  2.0453259440724394 0.43459365493263835 18.1
74.97099590301514  seconds  2.0453259440724394 0.43459365493263835 19.1
74.59335827827454  seconds  2.0453259440724394 0.43459365493263835 7.2
73.88421511650085  seconds  2.0453259440724394 0.43459365493263835 8.200000000000001
70.84404182434082  seconds  2.0453259440724394 0.43459365493263835 12.200000000000001
70.61362719535828  seconds  2.0453259440724394 0.43459365493263835 11.200000000000001
75.18474864959717  seconds  2.0453259440724394 0.43459365493263835 9.200000000000001
74.27278923988342  seconds  2.0453259440724394 0.43459365493263835 10.200000000000001
69.96858215332031  seconds  2.0453259440724394 0.43459365493263835 3.3000000000000003
74.57482671737671  seconds  2.0453259440724394 0.43459365493263835 0.30000000000000004
70.55354905128479  seconds  2.0453259440724394 0.43459365493263835 2.3000000000000003
70.84610915184021  seconds  2.0453259440724394 0.43459365493263835 4.3
74.89042162895203  seconds  2.0453259440724394 0.43459365493263835 13.200000000000001
71.18214392662048  seconds  2.0453259440724394 0.43459365493263835 5.300000000000001
75.33006739616394  seconds  2.0453259440724394 0.43459365493263835 14.200000000000001
71.35015439987183  seconds  2.0453259440724394 0.43459365493263835 1.3
71.33495378494263  seconds  2.0453259440724394 0.43459365493263835 17.2
75.11600089073181  seconds  2.0453259440724394 0.43459365493263835 15.200000000000001
70.79103398323059  seconds  2.0453259440724394 0.43459365493263835 6.300000000000001
74.70269632339478  seconds  2.0453259440724394 0.43459365493263835 16.2
74.70153570175171  seconds  2.0453259440724394 0.43459365493263835 18.2
75.25432467460632  seconds  2.0453259440724394 0.43459365493263835 19.200000000000003
75.24360871315002  seconds  2.0453259440724394 0.43459365493263835 7.300000000000001
74.55088829994202  seconds  2.0453259440724394 0.43459365493263835 8.3
70.8557996749878  seconds  2.0453259440724394 0.43459365493263835 12.3
71.17706680297852  seconds  2.0453259440724394 0.43459365493263835 11.3
75.60718488693237  seconds  2.0453259440724394 0.43459365493263835 9.3
74.8583562374115  seconds  2.0453259440724394 0.43459365493263835 10.3
70.23401165008545  seconds  2.0453259440724394 0.43459365493263835 3.4000000000000004
70.47835540771484  seconds  2.0453259440724394 0.43459365493263835 2.4000000000000004
74.35688185691833  seconds  2.0453259440724394 0.43459365493263835 0.4
70.40346193313599  seconds  2.0453259440724394 0.43459365493263835 4.4
71.15937829017639  seconds  2.0453259440724394 0.43459365493263835 5.4
74.84314441680908  seconds  2.0453259440724394 0.43459365493263835 13.3
71.21996235847473  seconds  2.0453259440724394 0.43459365493263835 1.4000000000000001
71.19233751296997  seconds  2.0453259440724394 0.43459365493263835 17.3
74.7563259601593  seconds  2.0453259440724394 0.43459365493263835 14.3
71.03219270706177  seconds  2.0453259440724394 0.43459365493263835 6.4
74.70555067062378  seconds  2.0453259440724394 0.43459365493263835 15.3
75.16260766983032  seconds  2.0453259440724394 0.43459365493263835 16.3
74.10992622375488  seconds  2.0453259440724394 0.43459365493263835 18.3
75.89116406440735  seconds  2.0453259440724394 0.43459365493263835 19.3
75.24674558639526  seconds  2.0453259440724394 0.43459365493263835 7.4
74.36644005775452  seconds  2.0453259440724394 0.43459365493263835 8.4
70.88727807998657  seconds  2.0453259440724394 0.43459365493263835 12.4
71.14114713668823  seconds  2.0453259440724394 0.43459365493263835 11.4
75.12655782699585  seconds  2.0453259440724394 0.43459365493263835 9.4
74.6364815235138  seconds  2.0453259440724394 0.43459365493263835 10.4
69.82503938674927  seconds  2.0453259440724394 0.43459365493263835 3.5
70.7082827091217  seconds  2.0453259440724394 0.43459365493263835 2.5
70.72868752479553  seconds  2.0453259440724394 0.43459365493263835 4.5
74.26337194442749  seconds  2.0453259440724394 0.43459365493263835 0.5
70.99799132347107  seconds  2.0453259440724394 0.43459365493263835 5.5
71.13846635818481  seconds  2.0453259440724394 0.43459365493263835 1.5
71.26674365997314  seconds  2.0453259440724394 0.43459365493263835 17.400000000000002
74.8532919883728  seconds  2.0453259440724394 0.43459365493263835 13.4
70.511465549469  seconds  2.0453259440724394 0.43459365493263835 6.5
74.70582246780396  seconds  2.0453259440724394 0.43459365493263835 14.4
74.55998349189758  seconds  2.0453259440724394 0.43459365493263835 15.4
74.91719150543213  seconds  2.0453259440724394 0.43459365493263835 16.400000000000002
73.96197438240051  seconds  2.0453259440724394 0.43459365493263835 18.400000000000002
75.10443663597107  seconds  2.0453259440724394 0.43459365493263835 19.400000000000002
75.12241315841675  seconds  2.0453259440724394 0.43459365493263835 7.5
71.10765099525452  seconds  2.0453259440724394 0.43459365493263835 12.5
71.04619240760803  seconds  2.0453259440724394 0.43459365493263835 11.5
75.08501696586609  seconds  2.0453259440724394 0.43459365493263835 8.5
70.37729668617249  seconds  2.0453259440724394 0.43459365493263835 3.6
74.30918407440186  seconds  2.0453259440724394 0.43459365493263835 9.5
74.28703665733337  seconds  2.0453259440724394 0.43459365493263835 10.5
70.48921823501587  seconds  2.0453259440724394 0.43459365493263835 2.6
70.25136613845825  seconds  2.0453259440724394 0.43459365493263835 4.6000000000000005
71.20790147781372  seconds  2.0453259440724394 0.43459365493263835 5.6000000000000005
74.25729584693909  seconds  2.0453259440724394 0.43459365493263835 0.6000000000000001
71.49850583076477  seconds  2.0453259440724394 0.43459365493263835 1.6
71.58947515487671  seconds  2.0453259440724394 0.43459365493263835 17.5
70.73756384849548  seconds  2.0453259440724394 0.43459365493263835 6.6000000000000005
74.73273015022278  seconds  2.0453259440724394 0.43459365493263835 13.5
74.78155755996704  seconds  2.0453259440724394 0.43459365493263835 14.5
75.83244347572327  seconds  2.0453259440724394 0.43459365493263835 15.5
74.62250423431396  seconds  2.0453259440724394 0.43459365493263835 16.5
74.2627260684967  seconds  2.0453259440724394 0.43459365493263835 18.5
71.48584079742432  seconds  2.0453259440724394 0.43459365493263835 12.600000000000001
75.09131383895874  seconds  2.0453259440724394 0.43459365493263835 19.5
71.46454358100891  seconds  2.0453259440724394 0.43459365493263835 11.600000000000001
75.20112133026123  seconds  2.0453259440724394 0.43459365493263835 7.6000000000000005
74.88757133483887  seconds  2.0453259440724394 0.43459365493263835 8.6
70.2676591873169  seconds  2.0453259440724394 0.43459365493263835 3.7
74.56680560112  seconds  2.0453259440724394 0.43459365493263835 9.600000000000001
74.87657070159912  seconds  2.0453259440724394 0.43459365493263835 10.600000000000001
70.60514450073242  seconds  2.0453259440724394 0.43459365493263835 2.7
70.90627026557922  seconds  2.0453259440724394 0.43459365493263835 4.7
70.24713110923767  seconds  2.0453259440724394 0.43459365493263835 5.7
71.74939513206482  seconds  2.0453259440724394 0.43459365493263835 1.7000000000000002
74.5088279247284  seconds  2.0453259440724394 0.43459365493263835 0.7000000000000001
71.64480996131897  seconds  2.0453259440724394 0.43459365493263835 17.6
71.2603497505188  seconds  2.0453259440724394 0.43459365493263835 6.7
74.97175240516663  seconds  2.0453259440724394 0.43459365493263835 13.600000000000001
75.31881642341614  seconds  2.0453259440724394 0.43459365493263835 14.600000000000001
74.44724583625793  seconds  2.0453259440724394 0.43459365493263835 15.600000000000001
75.01368880271912  seconds  2.0453259440724394 0.43459365493263835 16.6
74.04416537284851  seconds  2.0453259440724394 0.43459365493263835 18.6
71.09957098960876  seconds  2.0453259440724394 0.43459365493263835 12.700000000000001
70.7405138015747  seconds  2.0453259440724394 0.43459365493263835 11.700000000000001
74.8860981464386  seconds  2.0453259440724394 0.43459365493263835 19.6
74.68820428848267  seconds  2.0453259440724394 0.43459365493263835 7.7
69.82652306556702  seconds  2.0453259440724394 0.43459365493263835 3.8000000000000003
73.87364625930786  seconds  2.0453259440724394 0.43459365493263835 8.700000000000001
70.60364484786987  seconds  2.0453259440724394 0.43459365493263835 2.8000000000000003
70.2510883808136  seconds  2.0453259440724394 0.43459365493263835 4.800000000000001
74.6887092590332  seconds  2.0453259440724394 0.43459365493263835 9.700000000000001
74.48722696304321  seconds  2.0453259440724394 0.43459365493263835 10.700000000000001
70.68585300445557  seconds  2.0453259440724394 0.43459365493263835 5.800000000000001
71.05413246154785  seconds  2.0453259440724394 0.43459365493263835 1.8
70.95048642158508  seconds  2.0453259440724394 0.43459365493263835 17.7
70.88877058029175  seconds  2.0453259440724394 0.43459365493263835 6.800000000000001
73.8897910118103  seconds  2.0453259440724394 0.43459365493263835 0.8
74.85950303077698  seconds  2.0453259440724394 0.43459365493263835 13.700000000000001
74.76762199401855  seconds  2.0453259440724394 0.43459365493263835 14.700000000000001
74.9563570022583  seconds  2.0453259440724394 0.43459365493263835 15.700000000000001
74.75827193260193  seconds  2.0453259440724394 0.43459365493263835 16.7
74.37322521209717  seconds  2.0453259440724394 0.43459365493263835 18.7
71.20018601417542  seconds  2.0453259440724394 0.43459365493263835 12.8
70.38137412071228  seconds  2.0453259440724394 0.43459365493263835 11.8
75.00201392173767  seconds  2.0453259440724394 0.43459365493263835 19.700000000000003
70.51761960983276  seconds  2.0453259440724394 0.43459365493263835 3.9000000000000004
74.42815113067627  seconds  2.0453259440724394 0.43459365493263835 7.800000000000001
74.66128611564636  seconds  2.0453259440724394 0.43459365493263835 8.8
70.18536972999573  seconds  2.0453259440724394 0.43459365493263835 2.9000000000000004
70.1570611000061  seconds  2.0453259440724394 0.43459365493263835 4.9
74.12973046302795  seconds  2.0453259440724394 0.43459365493263835 9.8
69.41607546806335  seconds  2.0453259440724394 0.43459365493263835 5.9
74.1300745010376  seconds  2.0453259440724394 0.43459365493263835 10.8
70.08066177368164  seconds  2.0453259440724394 0.43459365493263835 1.9000000000000001
69.87967872619629  seconds  2.0453259440724394 0.43459365493263835 17.8
68.97103500366211  seconds  2.0453259440724394 0.43459365493263835 6.9
73.66507172584534  seconds  2.0453259440724394 0.43459365493263835 0.9
73.32584071159363  seconds  2.0453259440724394 0.43459365493263835 13.8
73.27469253540039  seconds  2.0453259440724394 0.43459365493263835 14.8
72.10527849197388  seconds  2.0453259440724394 0.43459365493263835 15.8
72.54844617843628  seconds  2.0453259440724394 0.43459365493263835 16.8
65.37109923362732  seconds  2.0453259440724394 0.43459365493263835 12.9
65.11698985099792  seconds  2.0453259440724394 0.43459365493263835 11.9
71.96698093414307  seconds  2.0453259440724394 0.43459365493263835 18.8
67.97578573226929  seconds  2.0453259440724394 0.43459365493263835 7.9
69.14293050765991  seconds  2.0453259440724394 0.43459365493263835 19.8
68.85768413543701  seconds  2.0453259440724394 0.43459365493263835 8.9
67.93443155288696  seconds  2.0453259440724394 0.43459365493263835 9.9
61.653218507766724  seconds  2.0453259440724394 0.43459365493263835 17.900000000000002
68.43579649925232  seconds  2.0453259440724394 0.43459365493263835 10.9
64.90140724182129  seconds  2.0453259440724394 0.43459365493263835 13.9
63.341009855270386  seconds  2.0453259440724394 0.43459365493263835 14.9
62.73818373680115  seconds  2.0453259440724394 0.43459365493263835 15.9
61.930171489715576  seconds  2.0453259440724394 0.43459365493263835 16.900000000000002
59.947850465774536  seconds  2.0453259440724394 0.43459365493263835 18.900000000000002
56.01264977455139  seconds  2.0453259440724394 0.43459365493263835 19.900000000000002
time for calc.... 836.3652832508087
energy at the point.. 2.0038529386143704 0.6553672316384187  is  -2.184185458986576e-05
200 the points 10 chunk numtheads
starting with calculation of Sigma
63.20166563987732  seconds  2.0038529386143704 0.6553672316384187 0.0
64.3633623123169  seconds  2.0038529386143704 0.6553672316384187 1.0
66.43811655044556  seconds  2.0038529386143704 0.6553672316384187 2.0
60.60057735443115  seconds  2.0038529386143704 0.6553672316384187 4.0
66.74286413192749  seconds  2.0038529386143704 0.6553672316384187 3.0
62.65280222892761  seconds  2.0038529386143704 0.6553672316384187 6.0
68.93717098236084  seconds  2.0038529386143704 0.6553672316384187 5.0
63.98896527290344  seconds  2.0038529386143704 0.6553672316384187 7.0
73.40964794158936  seconds  2.0038529386143704 0.6553672316384187 8.0
67.68615913391113  seconds  2.0038529386143704 0.6553672316384187 10.0
73.79857110977173  seconds  2.0038529386143704 0.6553672316384187 9.0
71.10854434967041  seconds  2.0038529386143704 0.6553672316384187 11.0
74.97032451629639  seconds  2.0038529386143704 0.6553672316384187 12.0
74.6239721775055  seconds  2.0038529386143704 0.6553672316384187 0.1
74.26482391357422  seconds  2.0038529386143704 0.6553672316384187 13.0
74.01550674438477  seconds  2.0038529386143704 0.6553672316384187 1.1
73.19181513786316  seconds  2.0038529386143704 0.6553672316384187 14.0
69.52121829986572  seconds  2.0038529386143704 0.6553672316384187 4.1000000000000005
75.03417038917542  seconds  2.0038529386143704 0.6553672316384187 2.1
73.0029685497284  seconds  2.0038529386143704 0.6553672316384187 15.0
74.86405730247498  seconds  2.0038529386143704 0.6553672316384187 3.1
74.36999559402466  seconds  2.0038529386143704 0.6553672316384187 16.0
70.37125968933105  seconds  2.0038529386143704 0.6553672316384187 17.0
70.07857513427734  seconds  2.0038529386143704 0.6553672316384187 6.1000000000000005
74.54525756835938  seconds  2.0038529386143704 0.6553672316384187 5.1000000000000005
70.76659035682678  seconds  2.0038529386143704 0.6553672316384187 7.1000000000000005
74.75761318206787  seconds  2.0038529386143704 0.6553672316384187 18.0
70.75380063056946  seconds  2.0038529386143704 0.6553672316384187 19.0
74.56727504730225  seconds  2.0038529386143704 0.6553672316384187 8.1
71.36941719055176  seconds  2.0038529386143704 0.6553672316384187 10.100000000000001
74.87188935279846  seconds  2.0038529386143704 0.6553672316384187 9.1
71.30273270606995  seconds  2.0038529386143704 0.6553672316384187 11.100000000000001
74.87984275817871  seconds  2.0038529386143704 0.6553672316384187 12.100000000000001
74.79719591140747  seconds  2.0038529386143704 0.6553672316384187 0.2
74.79174590110779  seconds  2.0038529386143704 0.6553672316384187 13.100000000000001
70.66681003570557  seconds  2.0038529386143704 0.6553672316384187 14.100000000000001
74.80733227729797  seconds  2.0038529386143704 0.6553672316384187 1.2000000000000002
70.9451732635498  seconds  2.0038529386143704 0.6553672316384187 4.2
71.2080328464508  seconds  2.0038529386143704 0.6553672316384187 15.100000000000001
73.88570308685303  seconds  2.0038529386143704 0.6553672316384187 2.2
74.38281893730164  seconds  2.0038529386143704 0.6553672316384187 3.2
70.00918412208557  seconds  2.0038529386143704 0.6553672316384187 17.1
70.29409837722778  seconds  2.0038529386143704 0.6553672316384187 6.2
74.55394554138184  seconds  2.0038529386143704 0.6553672316384187 16.1
70.73950409889221  seconds  2.0038529386143704 0.6553672316384187 7.2
74.37387752532959  seconds  2.0038529386143704 0.6553672316384187 5.2
70.74756503105164  seconds  2.0038529386143704 0.6553672316384187 19.1
74.67221927642822  seconds  2.0038529386143704 0.6553672316384187 18.1
70.48951888084412  seconds  2.0038529386143704 0.6553672316384187 10.200000000000001
74.72980451583862  seconds  2.0038529386143704 0.6553672316384187 8.200000000000001
70.66423511505127  seconds  2.0038529386143704 0.6553672316384187 11.200000000000001
74.70958161354065  seconds  2.0038529386143704 0.6553672316384187 9.200000000000001
74.52197670936584  seconds  2.0038529386143704 0.6553672316384187 12.200000000000001
70.3524227142334  seconds  2.0038529386143704 0.6553672316384187 14.200000000000001
74.98229503631592  seconds  2.0038529386143704 0.6553672316384187 0.30000000000000004
74.61566305160522  seconds  2.0038529386143704 0.6553672316384187 13.200000000000001
70.96594309806824  seconds  2.0038529386143704 0.6553672316384187 4.3
70.76670455932617  seconds  2.0038529386143704 0.6553672316384187 15.200000000000001
75.0387315750122  seconds  2.0038529386143704 0.6553672316384187 1.3
74.47202491760254  seconds  2.0038529386143704 0.6553672316384187 2.3000000000000003
70.53861975669861  seconds  2.0038529386143704 0.6553672316384187 17.2
70.10652780532837  seconds  2.0038529386143704 0.6553672316384187 6.300000000000001
74.45596742630005  seconds  2.0038529386143704 0.6553672316384187 3.3000000000000003
74.3281991481781  seconds  2.0038529386143704 0.6553672316384187 16.2
70.66729521751404  seconds  2.0038529386143704 0.6553672316384187 7.300000000000001
70.72588539123535  seconds  2.0038529386143704 0.6553672316384187 19.200000000000003
74.35587906837463  seconds  2.0038529386143704 0.6553672316384187 5.300000000000001
74.66556024551392  seconds  2.0038529386143704 0.6553672316384187 18.2
70.67140173912048  seconds  2.0038529386143704 0.6553672316384187 10.3
74.61349844932556  seconds  2.0038529386143704 0.6553672316384187 8.3
70.63356184959412  seconds  2.0038529386143704 0.6553672316384187 11.3
74.86056804656982  seconds  2.0038529386143704 0.6553672316384187 9.3
70.93629837036133  seconds  2.0038529386143704 0.6553672316384187 14.3
74.70329356193542  seconds  2.0038529386143704 0.6553672316384187 12.3
71.3296070098877  seconds  2.0038529386143704 0.6553672316384187 4.4
74.80760788917542  seconds  2.0038529386143704 0.6553672316384187 0.4
71.12919735908508  seconds  2.0038529386143704 0.6553672316384187 15.3
74.419114112854  seconds  2.0038529386143704 0.6553672316384187 13.3
74.53190922737122  seconds  2.0038529386143704 0.6553672316384187 1.4000000000000001
70.25806021690369  seconds  2.0038529386143704 0.6553672316384187 17.3
74.18924379348755  seconds  2.0038529386143704 0.6553672316384187 2.4000000000000004
70.59343934059143  seconds  2.0038529386143704 0.6553672316384187 6.4
74.45125365257263  seconds  2.0038529386143704 0.6553672316384187 3.4000000000000004
70.66666436195374  seconds  2.0038529386143704 0.6553672316384187 7.4
74.68264484405518  seconds  2.0038529386143704 0.6553672316384187 16.3
70.65797448158264  seconds  2.0038529386143704 0.6553672316384187 19.3
74.84919810295105  seconds  2.0038529386143704 0.6553672316384187 5.4
74.71349096298218  seconds  2.0038529386143704 0.6553672316384187 18.3
70.6155776977539  seconds  2.0038529386143704 0.6553672316384187 10.4
70.560955286026  seconds  2.0038529386143704 0.6553672316384187 11.4
74.46636986732483  seconds  2.0038529386143704 0.6553672316384187 8.4
74.42747926712036  seconds  2.0038529386143704 0.6553672316384187 9.4
70.93801426887512  seconds  2.0038529386143704 0.6553672316384187 14.4
71.07299470901489  seconds  2.0038529386143704 0.6553672316384187 4.5
74.59560823440552  seconds  2.0038529386143704 0.6553672316384187 12.4
71.0861279964447  seconds  2.0038529386143704 0.6553672316384187 15.4
74.56795382499695  seconds  2.0038529386143704 0.6553672316384187 0.5
74.59902787208557  seconds  2.0038529386143704 0.6553672316384187 13.4
74.31086611747742  seconds  2.0038529386143704 0.6553672316384187 1.5
70.59972786903381  seconds  2.0038529386143704 0.6553672316384187 17.400000000000002
70.4871814250946  seconds  2.0038529386143704 0.6553672316384187 6.5
74.11680245399475  seconds  2.0038529386143704 0.6553672316384187 2.5
70.68607330322266  seconds  2.0038529386143704 0.6553672316384187 7.5
74.28975367546082  seconds  2.0038529386143704 0.6553672316384187 3.5
70.52160143852234  seconds  2.0038529386143704 0.6553672316384187 19.400000000000002
74.73008584976196  seconds  2.0038529386143704 0.6553672316384187 16.400000000000002
74.47490382194519  seconds  2.0038529386143704 0.6553672316384187 5.5
74.72905421257019  seconds  2.0038529386143704 0.6553672316384187 18.400000000000002
70.99934554100037  seconds  2.0038529386143704 0.6553672316384187 10.5
70.65511059761047  seconds  2.0038529386143704 0.6553672316384187 11.5
74.65631866455078  seconds  2.0038529386143704 0.6553672316384187 8.5
74.57073187828064  seconds  2.0038529386143704 0.6553672316384187 9.5
70.8235764503479  seconds  2.0038529386143704 0.6553672316384187 14.5
71.10043048858643  seconds  2.0038529386143704 0.6553672316384187 4.6000000000000005
70.83490133285522  seconds  2.0038529386143704 0.6553672316384187 15.5
74.79319882392883  seconds  2.0038529386143704 0.6553672316384187 12.5
74.44631695747375  seconds  2.0038529386143704 0.6553672316384187 0.6000000000000001
70.13310074806213  seconds  2.0038529386143704 0.6553672316384187 17.5
70.0757098197937  seconds  2.0038529386143704 0.6553672316384187 6.6000000000000005
74.62181401252747  seconds  2.0038529386143704 0.6553672316384187 13.5
74.49813389778137  seconds  2.0038529386143704 0.6553672316384187 1.6
74.17941689491272  seconds  2.0038529386143704 0.6553672316384187 2.6
70.43468832969666  seconds  2.0038529386143704 0.6553672316384187 7.6000000000000005
70.60222005844116  seconds  2.0038529386143704 0.6553672316384187 19.5
74.5540177822113  seconds  2.0038529386143704 0.6553672316384187 3.6
74.36281132698059  seconds  2.0038529386143704 0.6553672316384187 16.5
74.76497864723206  seconds  2.0038529386143704 0.6553672316384187 5.6000000000000005
71.02710008621216  seconds  2.0038529386143704 0.6553672316384187 10.600000000000001
74.69045066833496  seconds  2.0038529386143704 0.6553672316384187 18.5
71.73772716522217  seconds  2.0038529386143704 0.6553672316384187 11.600000000000001
75.33314871788025  seconds  2.0038529386143704 0.6553672316384187 8.6
74.85348105430603  seconds  2.0038529386143704 0.6553672316384187 9.600000000000001
70.76807737350464  seconds  2.0038529386143704 0.6553672316384187 14.600000000000001
71.4470522403717  seconds  2.0038529386143704 0.6553672316384187 4.7
71.25659561157227  seconds  2.0038529386143704 0.6553672316384187 15.600000000000001
74.17792534828186  seconds  2.0038529386143704 0.6553672316384187 12.600000000000001
70.74095511436462  seconds  2.0038529386143704 0.6553672316384187 17.6
71.00793647766113  seconds  2.0038529386143704 0.6553672316384187 6.7
74.82630610466003  seconds  2.0038529386143704 0.6553672316384187 0.7000000000000001
74.49647665023804  seconds  2.0038529386143704 0.6553672316384187 13.600000000000001
74.44771552085876  seconds  2.0038529386143704 0.6553672316384187 1.7000000000000002
70.53630089759827  seconds  2.0038529386143704 0.6553672316384187 7.7
70.6921648979187  seconds  2.0038529386143704 0.6553672316384187 19.6
74.85561680793762  seconds  2.0038529386143704 0.6553672316384187 2.7
74.49318957328796  seconds  2.0038529386143704 0.6553672316384187 3.7
74.52661418914795  seconds  2.0038529386143704 0.6553672316384187 16.6
70.87064504623413  seconds  2.0038529386143704 0.6553672316384187 10.700000000000001
74.82168531417847  seconds  2.0038529386143704 0.6553672316384187 5.7
74.77207708358765  seconds  2.0038529386143704 0.6553672316384187 18.6
70.94225978851318  seconds  2.0038529386143704 0.6553672316384187 11.700000000000001
75.11742115020752  seconds  2.0038529386143704 0.6553672316384187 8.700000000000001
70.18057155609131  seconds  2.0038529386143704 0.6553672316384187 14.700000000000001
74.48526239395142  seconds  2.0038529386143704 0.6553672316384187 9.700000000000001
70.54583668708801  seconds  2.0038529386143704 0.6553672316384187 4.800000000000001
70.88551115989685  seconds  2.0038529386143704 0.6553672316384187 15.700000000000001
70.56147146224976  seconds  2.0038529386143704 0.6553672316384187 17.7
70.50247716903687  seconds  2.0038529386143704 0.6553672316384187 6.800000000000001
74.84025573730469  seconds  2.0038529386143704 0.6553672316384187 12.700000000000001
74.12832498550415  seconds  2.0038529386143704 0.6553672316384187 0.8
75.16403198242188  seconds  2.0038529386143704 0.6553672316384187 13.700000000000001
70.49575781822205  seconds  2.0038529386143704 0.6553672316384187 7.800000000000001
74.53092217445374  seconds  2.0038529386143704 0.6553672316384187 1.8
70.71492719650269  seconds  2.0038529386143704 0.6553672316384187 19.700000000000003
73.72232747077942  seconds  2.0038529386143704 0.6553672316384187 2.8000000000000003
74.65804648399353  seconds  2.0038529386143704 0.6553672316384187 3.8000000000000003
74.71358394622803  seconds  2.0038529386143704 0.6553672316384187 16.7
70.7991795539856  seconds  2.0038529386143704 0.6553672316384187 10.8
74.84503030776978  seconds  2.0038529386143704 0.6553672316384187 5.800000000000001
70.63927292823792  seconds  2.0038529386143704 0.6553672316384187 11.8
74.86173105239868  seconds  2.0038529386143704 0.6553672316384187 18.7
70.36405611038208  seconds  2.0038529386143704 0.6553672316384187 14.8
74.95005416870117  seconds  2.0038529386143704 0.6553672316384187 8.8
75.1738600730896  seconds  2.0038529386143704 0.6553672316384187 9.8
70.8077802658081  seconds  2.0038529386143704 0.6553672316384187 4.9
71.11797094345093  seconds  2.0038529386143704 0.6553672316384187 15.8
70.39777255058289  seconds  2.0038529386143704 0.6553672316384187 17.8
70.04984140396118  seconds  2.0038529386143704 0.6553672316384187 6.9
75.31002449989319  seconds  2.0038529386143704 0.6553672316384187 12.8
70.07117128372192  seconds  2.0038529386143704 0.6553672316384187 7.9
74.52579140663147  seconds  2.0038529386143704 0.6553672316384187 0.9
69.61028265953064  seconds  2.0038529386143704 0.6553672316384187 19.8
74.83957004547119  seconds  2.0038529386143704 0.6553672316384187 13.8
74.71670341491699  seconds  2.0038529386143704 0.6553672316384187 1.9000000000000001
73.94911885261536  seconds  2.0038529386143704 0.6553672316384187 2.9000000000000004
73.11548686027527  seconds  2.0038529386143704 0.6553672316384187 3.9000000000000004
72.59833002090454  seconds  2.0038529386143704 0.6553672316384187 16.8
68.4810996055603  seconds  2.0038529386143704 0.6553672316384187 10.9
66.66959929466248  seconds  2.0038529386143704 0.6553672316384187 11.9
72.41896343231201  seconds  2.0038529386143704 0.6553672316384187 5.9
72.15994668006897  seconds  2.0038529386143704 0.6553672316384187 18.8
64.47599053382874  seconds  2.0038529386143704 0.6553672316384187 14.9
69.1877760887146  seconds  2.0038529386143704 0.6553672316384187 8.9
63.643639087677  seconds  2.0038529386143704 0.6553672316384187 15.9
68.28836917877197  seconds  2.0038529386143704 0.6553672316384187 9.9
61.89319634437561  seconds  2.0038529386143704 0.6553672316384187 17.900000000000002
59.72542715072632  seconds  2.0038529386143704 0.6553672316384187 19.900000000000002
65.54609322547913  seconds  2.0038529386143704 0.6553672316384187 12.9
64.2046570777893  seconds  2.0038529386143704 0.6553672316384187 13.9
61.01429605484009  seconds  2.0038529386143704 0.6553672316384187 16.900000000000002
58.58031415939331  seconds  2.0038529386143704 0.6553672316384187 18.900000000000002
time for calc.... 830.7983260154724
energy at the point.. 1.9421990438939591 0.8557343553263307  is  -2.4957576272299775e-05
200 the points 10 chunk numtheads
starting with calculation of Sigma
62.22429871559143  seconds  1.9421990438939591 0.8557343553263307 0.0
63.90189504623413  seconds  1.9421990438939591 0.8557343553263307 1.0
66.66250872612  seconds  1.9421990438939591 0.8557343553263307 2.0
66.42479300498962  seconds  1.9421990438939591 0.8557343553263307 3.0
61.579352140426636  seconds  1.9421990438939591 0.8557343553263307 4.0
62.92434072494507  seconds  1.9421990438939591 0.8557343553263307 5.0
71.3993673324585  seconds  1.9421990438939591 0.8557343553263307 6.0
71.83044481277466  seconds  1.9421990438939591 0.8557343553263307 7.0
71.54143738746643  seconds  1.9421990438939591 0.8557343553263307 8.0
68.82423615455627  seconds  1.9421990438939591 0.8557343553263307 9.0
67.59646248817444  seconds  1.9421990438939591 0.8557343553263307 10.0
68.0950255393982  seconds  1.9421990438939591 0.8557343553263307 12.0
74.93204236030579  seconds  1.9421990438939591 0.8557343553263307 11.0
74.71856451034546  seconds  1.9421990438939591 0.8557343553263307 0.1
75.49081182479858  seconds  1.9421990438939591 0.8557343553263307 13.0
71.99963474273682  seconds  1.9421990438939591 0.8557343553263307 14.0
74.89838862419128  seconds  1.9421990438939591 0.8557343553263307 1.1
69.67413759231567  seconds  1.9421990438939591 0.8557343553263307 2.1
70.06589198112488  seconds  1.9421990438939591 0.8557343553263307 4.1000000000000005
75.42612195014954  seconds  1.9421990438939591 0.8557343553263307 15.0
70.12887024879456  seconds  1.9421990438939591 0.8557343553263307 5.1000000000000005
76.30651307106018  seconds  1.9421990438939591 0.8557343553263307 3.1
76.87461972236633  seconds  1.9421990438939591 0.8557343553263307 16.0
73.32901406288147  seconds  1.9421990438939591 0.8557343553263307 17.0
79.64268922805786  seconds  1.9421990438939591 0.8557343553263307 18.0
75.83789205551147  seconds  1.9421990438939591 0.8557343553263307 19.0
76.98588299751282  seconds  1.9421990438939591 0.8557343553263307 6.1000000000000005
77.03443741798401  seconds  1.9421990438939591 0.8557343553263307 7.1000000000000005
70.30080652236938  seconds  1.9421990438939591 0.8557343553263307 9.1
75.24890804290771  seconds  1.9421990438939591 0.8557343553263307 8.1
70.44096231460571  seconds  1.9421990438939591 0.8557343553263307 10.100000000000001
70.19497036933899  seconds  1.9421990438939591 0.8557343553263307 12.100000000000001
74.73974275588989  seconds  1.9421990438939591 0.8557343553263307 11.100000000000001
75.23417091369629  seconds  1.9421990438939591 0.8557343553263307 0.2
70.78046417236328  seconds  1.9421990438939591 0.8557343553263307 14.100000000000001
74.93912816047668  seconds  1.9421990438939591 0.8557343553263307 13.100000000000001
70.87535619735718  seconds  1.9421990438939591 0.8557343553263307 2.2
74.12017822265625  seconds  1.9421990438939591 0.8557343553263307 1.2000000000000002
70.75278806686401  seconds  1.9421990438939591 0.8557343553263307 4.2
74.70479726791382  seconds  1.9421990438939591 0.8557343553263307 15.100000000000001
71.20968770980835  seconds  1.9421990438939591 0.8557343553263307 5.2
70.74004220962524  seconds  1.9421990438939591 0.8557343553263307 17.1
75.02663278579712  seconds  1.9421990438939591 0.8557343553263307 3.2
74.78925108909607  seconds  1.9421990438939591 0.8557343553263307 16.1
71.42581224441528  seconds  1.9421990438939591 0.8557343553263307 18.1
74.15039825439453  seconds  1.9421990438939591 0.8557343553263307 19.1
75.23798775672913  seconds  1.9421990438939591 0.8557343553263307 6.2
70.69080400466919  seconds  1.9421990438939591 0.8557343553263307 9.200000000000001
75.01723861694336  seconds  1.9421990438939591 0.8557343553263307 7.2
70.46955013275146  seconds  1.9421990438939591 0.8557343553263307 10.200000000000001
74.5027506351471  seconds  1.9421990438939591 0.8557343553263307 8.200000000000001
70.68883538246155  seconds  1.9421990438939591 0.8557343553263307 12.200000000000001
74.74538373947144  seconds  1.9421990438939591 0.8557343553263307 11.200000000000001
70.30738019943237  seconds  1.9421990438939591 0.8557343553263307 14.200000000000001
74.8745698928833  seconds  1.9421990438939591 0.8557343553263307 0.30000000000000004
70.95146012306213  seconds  1.9421990438939591 0.8557343553263307 2.3000000000000003
74.70633554458618  seconds  1.9421990438939591 0.8557343553263307 13.200000000000001
70.87683320045471  seconds  1.9421990438939591 0.8557343553263307 4.3
74.93430995941162  seconds  1.9421990438939591 0.8557343553263307 1.3
71.01820588111877  seconds  1.9421990438939591 0.8557343553263307 5.300000000000001
74.53011918067932  seconds  1.9421990438939591 0.8557343553263307 15.200000000000001
70.8429343700409  seconds  1.9421990438939591 0.8557343553263307 17.2
74.89281678199768  seconds  1.9421990438939591 0.8557343553263307 3.3000000000000003
75.15770411491394  seconds  1.9421990438939591 0.8557343553263307 16.2
70.30068755149841  seconds  1.9421990438939591 0.8557343553263307 18.2
74.46569919586182  seconds  1.9421990438939591 0.8557343553263307 19.200000000000003
70.80454850196838  seconds  1.9421990438939591 0.8557343553263307 9.3
75.04261755943298  seconds  1.9421990438939591 0.8557343553263307 6.300000000000001
70.44145083427429  seconds  1.9421990438939591 0.8557343553263307 10.3
74.78268313407898  seconds  1.9421990438939591 0.8557343553263307 7.300000000000001
74.40445804595947  seconds  1.9421990438939591 0.8557343553263307 8.3
70.84823298454285  seconds  1.9421990438939591 0.8557343553263307 12.3
74.24766755104065  seconds  1.9421990438939591 0.8557343553263307 11.3
70.84875154495239  seconds  1.9421990438939591 0.8557343553263307 14.3
71.0561454296112  seconds  1.9421990438939591 0.8557343553263307 2.4000000000000004
75.91865944862366  seconds  1.9421990438939591 0.8557343553263307 0.4
71.18705201148987  seconds  1.9421990438939591 0.8557343553263307 4.4
74.76807832717896  seconds  1.9421990438939591 0.8557343553263307 13.3
74.60371279716492  seconds  1.9421990438939591 0.8557343553263307 1.4000000000000001
70.91656851768494  seconds  1.9421990438939591 0.8557343553263307 5.4
71.09637641906738  seconds  1.9421990438939591 0.8557343553263307 17.3
73.81543731689453  seconds  1.9421990438939591 0.8557343553263307 15.3
74.75536298751831  seconds  1.9421990438939591 0.8557343553263307 3.4000000000000004
75.18836116790771  seconds  1.9421990438939591 0.8557343553263307 16.3
70.5896463394165  seconds  1.9421990438939591 0.8557343553263307 18.3
70.95074987411499  seconds  1.9421990438939591 0.8557343553263307 9.4
74.03897595405579  seconds  1.9421990438939591 0.8557343553263307 19.3
70.87848281860352  seconds  1.9421990438939591 0.8557343553263307 10.4
75.34313988685608  seconds  1.9421990438939591 0.8557343553263307 6.4
75.0908591747284  seconds  1.9421990438939591 0.8557343553263307 7.4
74.9255154132843  seconds  1.9421990438939591 0.8557343553263307 8.4
70.74337124824524  seconds  1.9421990438939591 0.8557343553263307 12.4
70.86185383796692  seconds  1.9421990438939591 0.8557343553263307 14.4
74.3332040309906  seconds  1.9421990438939591 0.8557343553263307 11.4
71.36363053321838  seconds  1.9421990438939591 0.8557343553263307 2.5
70.91688370704651  seconds  1.9421990438939591 0.8557343553263307 4.5
75.12487578392029  seconds  1.9421990438939591 0.8557343553263307 0.5
74.96366882324219  seconds  1.9421990438939591 0.8557343553263307 13.4
70.74009346961975  seconds  1.9421990438939591 0.8557343553263307 5.5
74.35145092010498  seconds  1.9421990438939591 0.8557343553263307 1.5
70.5446298122406  seconds  1.9421990438939591 0.8557343553263307 17.400000000000002
74.11532235145569  seconds  1.9421990438939591 0.8557343553263307 15.4
69.94763088226318  seconds  1.9421990438939591 0.8557343553263307 18.400000000000002
74.81322836875916  seconds  1.9421990438939591 0.8557343553263307 3.5
74.77867674827576  seconds  1.9421990438939591 0.8557343553263307 16.400000000000002
70.65747570991516  seconds  1.9421990438939591 0.8557343553263307 9.5
70.71050453186035  seconds  1.9421990438939591 0.8557343553263307 10.5
73.81996035575867  seconds  1.9421990438939591 0.8557343553263307 19.400000000000002
74.75906181335449  seconds  1.9421990438939591 0.8557343553263307 6.5
70.30113792419434  seconds  1.9421990438939591 0.8557343553263307 12.5
75.0583803653717  seconds  1.9421990438939591 0.8557343553263307 7.5
74.76354002952576  seconds  1.9421990438939591 0.8557343553263307 8.5
70.80815076828003  seconds  1.9421990438939591 0.8557343553263307 14.5
70.59953331947327  seconds  1.9421990438939591 0.8557343553263307 2.6
74.02938604354858  seconds  1.9421990438939591 0.8557343553263307 11.5
70.6474404335022  seconds  1.9421990438939591 0.8557343553263307 4.6000000000000005
70.52369928359985  seconds  1.9421990438939591 0.8557343553263307 5.6000000000000005
74.77731943130493  seconds  1.9421990438939591 0.8557343553263307 0.6000000000000001
70.81488418579102  seconds  1.9421990438939591 0.8557343553263307 17.5
75.07789206504822  seconds  1.9421990438939591 0.8557343553263307 13.5
74.90863871574402  seconds  1.9421990438939591 0.8557343553263307 1.6
74.48167443275452  seconds  1.9421990438939591 0.8557343553263307 15.5
70.46990847587585  seconds  1.9421990438939591 0.8557343553263307 18.5
74.4143135547638  seconds  1.9421990438939591 0.8557343553263307 3.6
74.39687275886536  seconds  1.9421990438939591 0.8557343553263307 16.5
70.5813775062561  seconds  1.9421990438939591 0.8557343553263307 9.600000000000001
70.75756669044495  seconds  1.9421990438939591 0.8557343553263307 10.600000000000001
74.01367568969727  seconds  1.9421990438939591 0.8557343553263307 19.5
70.20392656326294  seconds  1.9421990438939591 0.8557343553263307 12.600000000000001
75.06267213821411  seconds  1.9421990438939591 0.8557343553263307 6.6000000000000005
75.01482725143433  seconds  1.9421990438939591 0.8557343553263307 7.6000000000000005
75.11506009101868  seconds  1.9421990438939591 0.8557343553263307 8.6
71.07248973846436  seconds  1.9421990438939591 0.8557343553263307 14.600000000000001
70.96438241004944  seconds  1.9421990438939591 0.8557343553263307 2.7
70.66511726379395  seconds  1.9421990438939591 0.8557343553263307 4.7
75.12939858436584  seconds  1.9421990438939591 0.8557343553263307 11.600000000000001
70.80706596374512  seconds  1.9421990438939591 0.8557343553263307 5.7
70.7785575389862  seconds  1.9421990438939591 0.8557343553263307 17.6
74.93441271781921  seconds  1.9421990438939591 0.8557343553263307 0.7000000000000001
75.03496432304382  seconds  1.9421990438939591 0.8557343553263307 13.600000000000001
75.10913848876953  seconds  1.9421990438939591 0.8557343553263307 1.7000000000000002
70.73018050193787  seconds  1.9421990438939591 0.8557343553263307 18.6
73.89076042175293  seconds  1.9421990438939591 0.8557343553263307 15.600000000000001
74.39209604263306  seconds  1.9421990438939591 0.8557343553263307 3.7
74.73033857345581  seconds  1.9421990438939591 0.8557343553263307 16.6
70.63396573066711  seconds  1.9421990438939591 0.8557343553263307 9.700000000000001
70.9463312625885  seconds  1.9421990438939591 0.8557343553263307 10.700000000000001
73.84695601463318  seconds  1.9421990438939591 0.8557343553263307 19.6
70.53303980827332  seconds  1.9421990438939591 0.8557343553263307 12.700000000000001
74.78553700447083  seconds  1.9421990438939591 0.8557343553263307 6.7
74.86559867858887  seconds  1.9421990438939591 0.8557343553263307 7.7
74.99802684783936  seconds  1.9421990438939591 0.8557343553263307 8.700000000000001
70.5175609588623  seconds  1.9421990438939591 0.8557343553263307 14.700000000000001
70.80634903907776  seconds  1.9421990438939591 0.8557343553263307 2.8000000000000003
70.61566805839539  seconds  1.9421990438939591 0.8557343553263307 4.800000000000001
74.93056726455688  seconds  1.9421990438939591 0.8557343553263307 11.700000000000001
70.63669323921204  seconds  1.9421990438939591 0.8557343553263307 5.800000000000001
70.806875705719  seconds  1.9421990438939591 0.8557343553263307 17.7
75.28922128677368  seconds  1.9421990438939591 0.8557343553263307 0.8
69.84649872779846  seconds  1.9421990438939591 0.8557343553263307 18.7
75.03173828125  seconds  1.9421990438939591 0.8557343553263307 13.700000000000001
75.2412211894989  seconds  1.9421990438939591 0.8557343553263307 1.8
74.68562650680542  seconds  1.9421990438939591 0.8557343553263307 15.700000000000001
70.35757446289062  seconds  1.9421990438939591 0.8557343553263307 9.8
74.8541898727417  seconds  1.9421990438939591 0.8557343553263307 3.8000000000000003
74.36383819580078  seconds  1.9421990438939591 0.8557343553263307 16.7
70.83113646507263  seconds  1.9421990438939591 0.8557343553263307 10.8
70.74331712722778  seconds  1.9421990438939591 0.8557343553263307 12.8
73.79095673561096  seconds  1.9421990438939591 0.8557343553263307 19.700000000000003
74.91885876655579  seconds  1.9421990438939591 0.8557343553263307 6.800000000000001
75.06220960617065  seconds  1.9421990438939591 0.8557343553263307 7.800000000000001
70.6556544303894  seconds  1.9421990438939591 0.8557343553263307 14.8
74.97608828544617  seconds  1.9421990438939591 0.8557343553263307 8.8
70.7856833934784  seconds  1.9421990438939591 0.8557343553263307 2.9000000000000004
70.4558334350586  seconds  1.9421990438939591 0.8557343553263307 4.9
69.68481016159058  seconds  1.9421990438939591 0.8557343553263307 5.9
74.98214840888977  seconds  1.9421990438939591 0.8557343553263307 11.8
70.14875936508179  seconds  1.9421990438939591 0.8557343553263307 17.8
68.98809170722961  seconds  1.9421990438939591 0.8557343553263307 18.8
74.77802562713623  seconds  1.9421990438939591 0.8557343553263307 0.9
74.23114395141602  seconds  1.9421990438939591 0.8557343553263307 13.8
74.90381336212158  seconds  1.9421990438939591 0.8557343553263307 1.9000000000000001
73.56762933731079  seconds  1.9421990438939591 0.8557343553263307 15.8
68.68834209442139  seconds  1.9421990438939591 0.8557343553263307 9.9
68.35774278640747  seconds  1.9421990438939591 0.8557343553263307 10.9
72.2898759841919  seconds  1.9421990438939591 0.8557343553263307 3.9000000000000004
71.9893901348114  seconds  1.9421990438939591 0.8557343553263307 16.8
67.05479955673218  seconds  1.9421990438939591 0.8557343553263307 12.9
71.41225099563599  seconds  1.9421990438939591 0.8557343553263307 19.8
70.76331543922424  seconds  1.9421990438939591 0.8557343553263307 6.9
65.35281777381897  seconds  1.9421990438939591 0.8557343553263307 14.9
69.92636632919312  seconds  1.9421990438939591 0.8557343553263307 7.9
69.95455050468445  seconds  1.9421990438939591 0.8557343553263307 8.9
62.491106033325195  seconds  1.9421990438939591 0.8557343553263307 17.900000000000002
65.1835527420044  seconds  1.9421990438939591 0.8557343553263307 11.9
60.7658326625824  seconds  1.9421990438939591 0.8557343553263307 18.900000000000002
63.674498319625854  seconds  1.9421990438939591 0.8557343553263307 13.9
62.941439151763916  seconds  1.9421990438939591 0.8557343553263307 15.9
60.861632108688354  seconds  1.9421990438939591 0.8557343553263307 16.900000000000002
60.290003299713135  seconds  1.9421990438939591 0.8557343553263307 19.900000000000002
time for calc.... 829.7905652523041
energy at the point.. 1.840634506736201 1.0693445928810221  is  -1.7307182730519344e-05
200 the points 10 chunk numtheads
starting with calculation of Sigma
62.318480253219604  seconds  1.840634506736201 1.0693445928810221 0.0
64.80594944953918  seconds  1.840634506736201 1.0693445928810221 1.0
65.45564222335815  seconds  1.840634506736201 1.0693445928810221 2.0
61.7729229927063  seconds  1.840634506736201 1.0693445928810221 4.0
67.69244933128357  seconds  1.840634506736201 1.0693445928810221 3.0
62.7191002368927  seconds  1.840634506736201 1.0693445928810221 5.0
69.32920241355896  seconds  1.840634506736201 1.0693445928810221 6.0
65.79047226905823  seconds  1.840634506736201 1.0693445928810221 7.0
70.85011506080627  seconds  1.840634506736201 1.0693445928810221 8.0
71.84373736381531  seconds  1.840634506736201 1.0693445928810221 9.0
70.29993844032288  seconds  1.840634506736201 1.0693445928810221 10.0
73.8165819644928  seconds  1.840634506736201 1.0693445928810221 11.0
73.35977458953857  seconds  1.840634506736201 1.0693445928810221 12.0
69.76245164871216  seconds  1.840634506736201 1.0693445928810221 13.0
73.80687761306763  seconds  1.840634506736201 1.0693445928810221 0.1
69.86981558799744  seconds  1.840634506736201 1.0693445928810221 14.0
73.4288547039032  seconds  1.840634506736201 1.0693445928810221 1.1
74.56516718864441  seconds  1.840634506736201 1.0693445928810221 2.1
70.17924785614014  seconds  1.840634506736201 1.0693445928810221 4.1000000000000005
74.2371916770935  seconds  1.840634506736201 1.0693445928810221 15.0
70.59175491333008  seconds  1.840634506736201 1.0693445928810221 3.1
74.14614701271057  seconds  1.840634506736201 1.0693445928810221 16.0
70.54038619995117  seconds  1.840634506736201 1.0693445928810221 5.1000000000000005
71.71837735176086  seconds  1.840634506736201 1.0693445928810221 17.0
75.10829019546509  seconds  1.840634506736201 1.0693445928810221 18.0
70.9759783744812  seconds  1.840634506736201 1.0693445928810221 7.1000000000000005
70.86261773109436  seconds  1.840634506736201 1.0693445928810221 19.0
74.64510321617126  seconds  1.840634506736201 1.0693445928810221 6.1000000000000005
74.81142687797546  seconds  1.840634506736201 1.0693445928810221 8.1
74.63466286659241  seconds  1.840634506736201 1.0693445928810221 9.1
71.15351271629333  seconds  1.840634506736201 1.0693445928810221 10.100000000000001
74.74746918678284  seconds  1.840634506736201 1.0693445928810221 11.100000000000001
70.84491157531738  seconds  1.840634506736201 1.0693445928810221 13.100000000000001
74.59934282302856  seconds  1.840634506736201 1.0693445928810221 12.100000000000001
74.8813726902008  seconds  1.840634506736201 1.0693445928810221 0.2
70.69995641708374  seconds  1.840634506736201 1.0693445928810221 14.100000000000001
74.29895997047424  seconds  1.840634506736201 1.0693445928810221 1.2000000000000002
70.87440824508667  seconds  1.840634506736201 1.0693445928810221 4.2
71.04060125350952  seconds  1.840634506736201 1.0693445928810221 3.2
74.89245247840881  seconds  1.840634506736201 1.0693445928810221 2.2
74.92747950553894  seconds  1.840634506736201 1.0693445928810221 15.100000000000001
70.62496638298035  seconds  1.840634506736201 1.0693445928810221 5.2
70.64048886299133  seconds  1.840634506736201 1.0693445928810221 17.1
74.56434988975525  seconds  1.840634506736201 1.0693445928810221 16.1
71.14563393592834  seconds  1.840634506736201 1.0693445928810221 7.2
70.78407263755798  seconds  1.840634506736201 1.0693445928810221 19.1
74.64709758758545  seconds  1.840634506736201 1.0693445928810221 18.1
74.63066387176514  seconds  1.840634506736201 1.0693445928810221 6.2
74.48734426498413  seconds  1.840634506736201 1.0693445928810221 8.200000000000001
70.93433666229248  seconds  1.840634506736201 1.0693445928810221 10.200000000000001
74.35575652122498  seconds  1.840634506736201 1.0693445928810221 9.200000000000001
70.30018067359924  seconds  1.840634506736201 1.0693445928810221 13.200000000000001
74.43750429153442  seconds  1.840634506736201 1.0693445928810221 11.200000000000001
70.31059765815735  seconds  1.840634506736201 1.0693445928810221 14.200000000000001
74.59453630447388  seconds  1.840634506736201 1.0693445928810221 12.200000000000001
74.62524008750916  seconds  1.840634506736201 1.0693445928810221 0.30000000000000004
74.01532983779907  seconds  1.840634506736201 1.0693445928810221 1.3
70.85536575317383  seconds  1.840634506736201 1.0693445928810221 4.3
71.0148811340332  seconds  1.840634506736201 1.0693445928810221 3.3000000000000003
70.49400663375854  seconds  1.840634506736201 1.0693445928810221 5.300000000000001
74.77083659172058  seconds  1.840634506736201 1.0693445928810221 2.3000000000000003
74.67492341995239  seconds  1.840634506736201 1.0693445928810221 15.200000000000001
70.2656261920929  seconds  1.840634506736201 1.0693445928810221 17.2
74.60972285270691  seconds  1.840634506736201 1.0693445928810221 16.2
70.91600465774536  seconds  1.840634506736201 1.0693445928810221 7.300000000000001
70.99921226501465  seconds  1.840634506736201 1.0693445928810221 19.200000000000003
74.88270044326782  seconds  1.840634506736201 1.0693445928810221 18.2
74.75504159927368  seconds  1.840634506736201 1.0693445928810221 6.300000000000001
71.02960729598999  seconds  1.840634506736201 1.0693445928810221 10.3
74.40853333473206  seconds  1.840634506736201 1.0693445928810221 8.3
74.40476250648499  seconds  1.840634506736201 1.0693445928810221 9.3
70.90165734291077  seconds  1.840634506736201 1.0693445928810221 13.3
70.2024655342102  seconds  1.840634506736201 1.0693445928810221 14.3
74.34101104736328  seconds  1.840634506736201 1.0693445928810221 11.3
74.39811086654663  seconds  1.840634506736201 1.0693445928810221 12.3
74.72287321090698  seconds  1.840634506736201 1.0693445928810221 0.4
71.12860894203186  seconds  1.840634506736201 1.0693445928810221 4.4
73.82486486434937  seconds  1.840634506736201 1.0693445928810221 1.4000000000000001
71.12441301345825  seconds  1.840634506736201 1.0693445928810221 3.4000000000000004
71.12740302085876  seconds  1.840634506736201 1.0693445928810221 5.4
70.20659804344177  seconds  1.840634506736201 1.0693445928810221 17.3
74.61056399345398  seconds  1.840634506736201 1.0693445928810221 2.4000000000000004
74.68386459350586  seconds  1.840634506736201 1.0693445928810221 15.3
74.55480408668518  seconds  1.840634506736201 1.0693445928810221 16.3
70.72370314598083  seconds  1.840634506736201 1.0693445928810221 7.4
71.26818537712097  seconds  1.840634506736201 1.0693445928810221 19.3
74.94447088241577  seconds  1.840634506736201 1.0693445928810221 18.3
74.61826992034912  seconds  1.840634506736201 1.0693445928810221 6.4
70.82243514060974  seconds  1.840634506736201 1.0693445928810221 10.4
75.06075358390808  seconds  1.840634506736201 1.0693445928810221 8.4
74.294757604599  seconds  1.840634506736201 1.0693445928810221 9.4
71.18202996253967  seconds  1.840634506736201 1.0693445928810221 13.4
71.16460132598877  seconds  1.840634506736201 1.0693445928810221 14.4
74.20105051994324  seconds  1.840634506736201 1.0693445928810221 11.4
74.91899800300598  seconds  1.840634506736201 1.0693445928810221 12.4
71.06427931785583  seconds  1.840634506736201 1.0693445928810221 4.5
74.60636758804321  seconds  1.840634506736201 1.0693445928810221 0.5
71.36017107963562  seconds  1.840634506736201 1.0693445928810221 3.5
73.86116623878479  seconds  1.840634506736201 1.0693445928810221 1.5
71.22320675849915  seconds  1.840634506736201 1.0693445928810221 5.5
71.2359528541565  seconds  1.840634506736201 1.0693445928810221 17.400000000000002
74.82949137687683  seconds  1.840634506736201 1.0693445928810221 2.5
74.77990245819092  seconds  1.840634506736201 1.0693445928810221 15.4
71.07446146011353  seconds  1.840634506736201 1.0693445928810221 7.5
74.69764685630798  seconds  1.840634506736201 1.0693445928810221 16.400000000000002
70.85014963150024  seconds  1.840634506736201 1.0693445928810221 19.400000000000002
75.4587230682373  seconds  1.840634506736201 1.0693445928810221 18.400000000000002
74.30572128295898  seconds  1.840634506736201 1.0693445928810221 6.5
70.85331606864929  seconds  1.840634506736201 1.0693445928810221 10.5
74.75578260421753  seconds  1.840634506736201 1.0693445928810221 8.5
71.07001066207886  seconds  1.840634506736201 1.0693445928810221 13.5
75.12998461723328  seconds  1.840634506736201 1.0693445928810221 9.5
70.9075436592102  seconds  1.840634506736201 1.0693445928810221 14.5
74.4194221496582  seconds  1.840634506736201 1.0693445928810221 11.5
70.56332850456238  seconds  1.840634506736201 1.0693445928810221 4.6000000000000005
75.25957465171814  seconds  1.840634506736201 1.0693445928810221 12.5
70.79778957366943  seconds  1.840634506736201 1.0693445928810221 3.6
74.35638308525085  seconds  1.840634506736201 1.0693445928810221 0.6000000000000001
71.13552737236023  seconds  1.840634506736201 1.0693445928810221 5.6000000000000005
74.27343988418579  seconds  1.840634506736201 1.0693445928810221 1.6
70.80553460121155  seconds  1.840634506736201 1.0693445928810221 17.5
74.36218667030334  seconds  1.840634506736201 1.0693445928810221 2.6
74.44608473777771  seconds  1.840634506736201 1.0693445928810221 15.5
71.02122569084167  seconds  1.840634506736201 1.0693445928810221 7.6000000000000005
70.77206468582153  seconds  1.840634506736201 1.0693445928810221 19.5
74.45987582206726  seconds  1.840634506736201 1.0693445928810221 16.5
74.89584684371948  seconds  1.840634506736201 1.0693445928810221 18.5
74.6326355934143  seconds  1.840634506736201 1.0693445928810221 6.6000000000000005
70.48547911643982  seconds  1.840634506736201 1.0693445928810221 10.600000000000001
74.1790828704834  seconds  1.840634506736201 1.0693445928810221 8.6
71.03824615478516  seconds  1.840634506736201 1.0693445928810221 13.600000000000001
74.73442578315735  seconds  1.840634506736201 1.0693445928810221 9.600000000000001
70.639808177948  seconds  1.840634506736201 1.0693445928810221 14.600000000000001
70.21351337432861  seconds  1.840634506736201 1.0693445928810221 4.7
74.08749341964722  seconds  1.840634506736201 1.0693445928810221 11.600000000000001
70.79081010818481  seconds  1.840634506736201 1.0693445928810221 3.7
75.20114016532898  seconds  1.840634506736201 1.0693445928810221 12.600000000000001
70.69071650505066  seconds  1.840634506736201 1.0693445928810221 5.7
70.35940909385681  seconds  1.840634506736201 1.0693445928810221 17.6
74.70349931716919  seconds  1.840634506736201 1.0693445928810221 0.7000000000000001
74.2834005355835  seconds  1.840634506736201 1.0693445928810221 1.7000000000000002
71.20832777023315  seconds  1.840634506736201 1.0693445928810221 7.7
74.29195833206177  seconds  1.840634506736201 1.0693445928810221 2.7
70.94837880134583  seconds  1.840634506736201 1.0693445928810221 19.6
74.5959198474884  seconds  1.840634506736201 1.0693445928810221 15.600000000000001
74.54326939582825  seconds  1.840634506736201 1.0693445928810221 16.6
71.1215660572052  seconds  1.840634506736201 1.0693445928810221 10.700000000000001
74.9155912399292  seconds  1.840634506736201 1.0693445928810221 18.6
74.49293875694275  seconds  1.840634506736201 1.0693445928810221 6.7
70.90291023254395  seconds  1.840634506736201 1.0693445928810221 13.700000000000001
74.48728823661804  seconds  1.840634506736201 1.0693445928810221 8.700000000000001
70.60412359237671  seconds  1.840634506736201 1.0693445928810221 14.700000000000001
74.26319718360901  seconds  1.840634506736201 1.0693445928810221 9.700000000000001
70.34083867073059  seconds  1.840634506736201 1.0693445928810221 4.800000000000001
74.4030213356018  seconds  1.840634506736201 1.0693445928810221 11.700000000000001
72.07798743247986  seconds  1.840634506736201 1.0693445928810221 3.8000000000000003
71.28319048881531  seconds  1.840634506736201 1.0693445928810221 5.800000000000001
70.66710138320923  seconds  1.840634506736201 1.0693445928810221 17.7
75.04834032058716  seconds  1.840634506736201 1.0693445928810221 12.700000000000001
75.26128792762756  seconds  1.840634506736201 1.0693445928810221 0.8
74.72065138816833  seconds  1.840634506736201 1.0693445928810221 1.8
70.8337950706482  seconds  1.840634506736201 1.0693445928810221 7.800000000000001
70.90163826942444  seconds  1.840634506736201 1.0693445928810221 19.700000000000003
74.07724595069885  seconds  1.840634506736201 1.0693445928810221 2.8000000000000003
74.80174231529236  seconds  1.840634506736201 1.0693445928810221 15.700000000000001
74.3584053516388  seconds  1.840634506736201 1.0693445928810221 16.7
70.89397621154785  seconds  1.840634506736201 1.0693445928810221 10.8
75.37841153144836  seconds  1.840634506736201 1.0693445928810221 18.7
74.68498396873474  seconds  1.840634506736201 1.0693445928810221 6.800000000000001
70.44671201705933  seconds  1.840634506736201 1.0693445928810221 13.8
70.82338619232178  seconds  1.840634506736201 1.0693445928810221 14.8
74.36070346832275  seconds  1.840634506736201 1.0693445928810221 8.8
74.91349816322327  seconds  1.840634506736201 1.0693445928810221 9.8
70.28721213340759  seconds  1.840634506736201 1.0693445928810221 4.9
70.54396104812622  seconds  1.840634506736201 1.0693445928810221 3.9000000000000004
74.13668966293335  seconds  1.840634506736201 1.0693445928810221 11.8
70.23479676246643  seconds  1.840634506736201 1.0693445928810221 5.9
70.43569564819336  seconds  1.840634506736201 1.0693445928810221 17.8
74.68499374389648  seconds  1.840634506736201 1.0693445928810221 12.8
74.75940322875977  seconds  1.840634506736201 1.0693445928810221 0.9
73.6317994594574  seconds  1.840634506736201 1.0693445928810221 1.9000000000000001
69.92279005050659  seconds  1.840634506736201 1.0693445928810221 7.9
69.58658647537231  seconds  1.840634506736201 1.0693445928810221 19.8
73.2217333316803  seconds  1.840634506736201 1.0693445928810221 2.9000000000000004
74.36781764030457  seconds  1.840634506736201 1.0693445928810221 15.8
72.55671405792236  seconds  1.840634506736201 1.0693445928810221 16.8
67.54823517799377  seconds  1.840634506736201 1.0693445928810221 10.9
71.02028751373291  seconds  1.840634506736201 1.0693445928810221 18.8
71.45151925086975  seconds  1.840634506736201 1.0693445928810221 6.9
66.10531735420227  seconds  1.840634506736201 1.0693445928810221 13.9
65.52994179725647  seconds  1.840634506736201 1.0693445928810221 14.9
68.96204853057861  seconds  1.840634506736201 1.0693445928810221 8.9
68.20843958854675  seconds  1.840634506736201 1.0693445928810221 9.9
62.2839298248291  seconds  1.840634506736201 1.0693445928810221 17.900000000000002
65.34530544281006  seconds  1.840634506736201 1.0693445928810221 11.9
64.26488280296326  seconds  1.840634506736201 1.0693445928810221 12.9
60.148024559020996  seconds  1.840634506736201 1.0693445928810221 19.900000000000002
59.36412191390991  seconds  1.840634506736201 1.0693445928810221 15.9
60.69161915779114  seconds  1.840634506736201 1.0693445928810221 16.900000000000002
57.986023902893066  seconds  1.840634506736201 1.0693445928810221 18.900000000000002
time for calc.... 829.7040560245514
60654.08user 26431.21system 1:23:09elapsed 1745%CPU (0avgtext+0avgdata 21605644maxresident)k
0inputs+129184outputs (385major+518481715minor)pagefaults 0swaps
