loading data for the structure factor at T=10.0
time for loading 0.19199705123901367
reshaping the original array....
(4097, 320, 320)
time for recasting 11.273871183395386
time for interpolation 0.00015306472778320312
starting sampling in reciprocal space....
finished sampling in reciprocal space....
time for sampling was... 35.439162731170654
dense shape (1337,)
starting with calculation of Sigma theta w=0.....
0 16.30745367033239
1 15.216001780185675
2 15.640776929410992
3 15.010657479405262
4 14.587328194548931
5 14.566836694245913
6 14.432892974275159
7 14.493465616423
8 14.321643613845245
9 15.405184946920787
10 14.589395317098536
11 15.896739599563473
12 14.453516648731709
13 14.452949427877218
14 14.406875421228657
15 15.12871837844251
16 14.452184064257317
17 15.597656964998324
18 14.431653495888238
19 14.459646291682944
20 14.977475348682692
21 14.422782725896017
22 15.502382355206732
23 14.429958646369204
24 14.482829011455006
25 16.25688121629119
26 15.838855305266453
27 14.412314515523372
28 14.437251614839095
29 16.130785349984002
30 14.759629338265535
31 14.583316904282867
32 15.161229034203277
33 15.909124126094586
34 16.625781234179506
35 14.471635843870983
36 14.911850124883765
37 14.61662402507654
38 15.40937593041531
39 14.421740295002126
40 16.040608431342406
41 14.586535970306553
42 14.66138607277975
43 15.088091298754977
44 14.609621363683633
45 15.372263966913271
46 14.923741147657232
47 15.048028650124316
48 15.99478004564117
49 14.805439700984575
50 16.11654485270619
51 15.045821399026037
52 14.930445892390948
53 15.669087358990886
54 14.479708233064324
55 15.366198424371232
56 15.580448362953465
57 14.571749459236303
58 15.278268568406487
59 15.62649360684819
60 14.474934225034092
61 15.456513587184089
62 15.601641522593315
63 14.622944391579836
64 15.732229056475415
65 15.564622802712682
66 14.492688546901718
67 15.596615190190109
68 15.54264091003582
69 14.489330719050542
70 15.687746080894671
71 15.793499119664103
72 14.545338144893421
73 15.803316974264993
74 16.080714852415777
75 14.801585927930166
76 15.945638959848736
77 16.024110591535322
78 14.937331125113875
79 15.7663451265427
80 16.17579078144739
81 15.541093294930315
82 15.834872255614314
83 16.231787319942015
84 16.309278077829376
85 15.95062049119832
86 15.487695308630546
87 16.242220136232227
88 16.122951975755353
89 15.165957767199952
90 16.25617137650443
91 16.26864251157874
92 15.225511140226912
93 16.345985518677267
94 16.40865081261051
95 15.664787507451866
96 16.44288947320737
97 16.49048209730297
98 16.41478690544292
99 16.411696758423815
100 15.996716765161747
101 16.502802174086618
102 16.47725999984329
103 15.974715139428987
104 16.58315476898124
105 16.928218696769328
106 16.864894157848877
107 17.58478631677893
108 19.55836934766178
109 19.54264640571677
110 16.769431611752385
111 16.674443573350644
112 16.644941110057985
113 16.231186545023668
114 16.305547042929945
115 16.01900511758895
116 16.293662726013537
117 16.396180919245946
118 15.710467569469813
119 16.378643719616306
120 16.216961598291977
121 15.65334905886745
122 16.313783224918005
123 15.654516763217389
124 15.943081026856074
125 16.38790680058832
126 15.315925451419227
127 16.352921789063544
128 16.05340841443435
129 15.341472113893955
130 16.23100563625442
131 15.317591654544069
132 15.845368625029934
133 16.21142592715909
134 14.961706088533063
135 16.137955150087162
136 15.656973929037067
137 15.231755419341415
138 16.025667053383184
139 14.91839871144616
140 16.53673098763012
141 16.528549082134525
142 15.081450263657315
143 16.155514882247942
144 15.126323147803728
145 15.835042294183602
146 16.130945935204426
147 14.68735144534514
148 15.87752720283445
149 15.186075369937164
150 15.427598996416679
151 15.953828563508074
152 14.667119877999262
153 16.027238380759833
154 15.382479147125444
155 15.337719260310276
156 15.966773637857095
157 14.460978887415202
158 15.835687870597502
159 15.030652485458448
160 15.550223060472199
161 16.053233758503286
162 14.59697245921487
163 15.660049891382574
164 14.603698649711198
165 16.158865483304385
166 16.242994984503323
167 14.844938363922422
168 15.65710285910261
169 14.791831410475666
170 16.15990491981562
171 15.029016988821711
172 15.474716944255567
173 15.989340070843447
174 14.477176807771734
175 15.477632892216537
176 14.417676602347884
177 15.717767029656743
178 14.876116124710475
179 16.707460974131315
180 16.41229871415252
181 14.555791685119651
182 15.694996056687067
183 14.547481365547535
184 15.446469044900505
185 14.5276452050321
186 15.551165616947324
187 14.529370509611386
188 15.91692616936714
189 15.253449032734846
190 16.300332350340803
191 16.253842748352323
192 15.346253058626619
193 16.012414499591706
194 14.78530467406993
195 15.699744088336766
196 14.407410468826452
197 15.628718295385399
198 14.579104242729729
199 15.546445800937413
200 14.474746410124169
201 15.525010476399316
202 14.388091871128585
203 15.632205740824396
204 14.454326237099316
205 15.947595251117908
206 15.146333125342098
207 16.056805388417068
208 17.561899031928302
209 17.318745907782787
210 15.94291381214737
211 14.642406558015248
212 15.548808851482978
213 14.661702606113884
214 15.36281739740365
215 14.374936735514924
216 15.726157536341256
217 15.38814335445905
218 16.066705053959264
219 15.72391393620964
220 14.538871500787007
221 15.57036178641046
222 14.404657290834493
223 15.690454132585725
224 15.881476378940574
225 14.425061571244134
226 15.46955035488036
227 14.444753411373231
228 15.89308301697356
229 15.785352797373722
230 15.019949999378543
231 15.637518758974512
232 15.99288620380326
233 14.435362406131478
234 15.604555239021733
235 16.162931261533586
236 15.253795765220765
237 15.614447464867368
238 16.386033474967967
239 15.170234274787749
240 15.579888343066354
241 15.93429251072397
242 14.552932753943123
243 15.789502833594138
244 15.822373218739605
245 14.416663528067675
246 16.010790054443785
247 15.956308760895421
248 16.16041156899536
249 14.414088209482092
250 15.827647109394956
251 16.14799273498502
252 16.22499686804205
253 14.40804589040216
254 16.000991894914662
255 15.976043187302606
256 15.953019057914934
257 14.48556630305923
258 16.127456337200652
259 15.987334229709269
260 16.16733575740529
261 16.160730419317403
262 14.511422073645187
263 16.153884885175497
264 16.04821272746727
265 15.986758772632122
266 16.137952408825324
267 16.623182488776564
268 16.22475178650898
269 16.2381781764861
270 16.464584089968465
271 16.281403079383093
272 16.235266760796176
273 16.29030329972652
274 14.60463764802357
275 16.309707336594023
276 16.25841844243954
277 16.34734324673975
278 16.263309536136916
279 16.175304751222306
280 16.819234389026498
281 16.32395502468873
282 16.268704680085023
283 15.645674176126573
284 16.28145103173884
285 16.345127960537475
286 16.383615222655422
287 16.344337357782457
288 16.41411069088938
289 16.352814656479286
290 16.414881792096192
291 16.32969728295158
292 16.39573396953568
293 16.312398692266775
294 16.39578606950985
295 15.182063161525258
296 16.467835568953067
297 16.4895252541675
298 16.32262395039975
299 16.187327864953144
300 16.190868131886315
301 16.263128693372607
302 16.17272355740886
303 16.21881810421803
304 16.329215572992652
305 16.336577893572436
306 16.227130205613193
307 16.064685174391517
308 16.067090595080064
309 16.066209341643713
310 16.05136770125038
311 16.04822742600651
312 16.06911739047939
313 16.094226150991346
314 16.11824142432015
315 16.14277650197196
316 16.15678816501098
317 16.182787138860085
318 16.21862294676933
319 16.250716705465322
320 16.28170605150278
321 16.321038476117604
322 16.358910703259802
323 16.410764027500875
324 16.46726847580106
325 16.54515290473481
326 16.646537794306916
327 16.83920327165513
328 17.21531241611297
329 19.452238685383996
330 19.45528724269424
331 17.22333887183736
332 16.847363904499318
333 16.64700884434373
334 16.54375867873788
335 16.46615982033453
336 16.41001814259694
337 16.35988525908669
338 16.321996105197613
339 16.28036800020922
340 16.249970462909015
341 16.217158695622913
342 16.18175556707427
343 16.154625822087464
344 16.14415069921105
345 16.11909894901063
346 16.092190315314202
347 16.066574977635582
348 16.04672403299384
349 16.05117190509874
350 16.06592807583501
351 16.067633744251264
352 16.063688583634683
353 16.225596901241182
354 16.33665075935073
355 16.330450233321134
356 16.21616114127746
357 16.17390764832743
358 16.260306652077727
359 16.18701049570532
360 16.186798008601915
361 16.318307320746946
362 16.483611257701753
363 16.46712310183648
364 15.183546844952183
365 16.3947162581979
366 16.312386761448497
367 16.387163581333304
368 16.3306611770214
369 16.413089093092637
370 16.353791846526896
371 16.3890288907187
372 16.34527677789874
373 16.382823569033107
374 16.343703081304426
375 16.27944112589551
376 15.64715089929251
377 16.269454276489782
378 16.322580921268724
379 16.780060707702575
380 16.174131693671367
381 16.261890211320694
382 16.367288572646892
383 16.277795652865542
384 16.310665536377506
385 14.603119518839776
386 16.28904007632447
387 16.23368030078327
388 16.280240412422454
389 16.468721577641503
390 16.234286135878474
391 16.248374678950974
392 16.602018419262222
393 16.136290523596593
394 15.982720305184323
395 16.047061096972943
396 16.15499561206371
397 14.518108707892123
398 16.158180844803724
399 16.184953552870258
400 15.953467233389077
401 16.127026928953352
402 14.494057191681245
403 15.95339193468272
404 15.953009198395085
405 15.999732049558986
406 14.409952503144009
407 16.233575954181646
408 16.15997779937316
409 15.831593503155457
410 14.416772265573162
411 16.16553801258089
412 15.92594093716871
413 16.009205338053505
414 14.414863502706288
415 15.827591782014181
416 15.788335754889829
417 14.549503129303186
418 15.935226376460044
419 15.580678279979882
420 15.173024360672002
421 16.391986437014793
422 15.620699525116699
423 15.256723646575995
424 16.16414648311885
425 15.603255626152443
426 14.436449506501923
427 15.996552094280721
428 15.666472787544045
429 14.980826122156849
430 15.833394084884098
431 15.895419045951545
432 14.445211419835282
433 15.468123601916957
434 14.424021201461247
435 15.88342506416006
436 15.6902784310346
437 14.402599856470804
438 15.624364493266121
439 14.596335461762957
440 15.726159164151843
441 16.066362171779947
442 15.38968275671299
443 15.719293539902445
444 14.375544745641053
445 15.362222040759484
446 14.646995807157989
447 15.551816243785987
448 14.645663624880509
449 15.98883560847758
450 17.14200441712093
451 17.341581831335045
452 16.073948671264066
453 15.14195075797515
454 15.963859463360812
455 14.453287784147683
456 15.632215655583705
457 14.386966526024551
458 15.525085226680233
459 14.471960706455853
460 15.549456695405247
461 14.600168576260522
462 15.629918627496794
463 14.409573100347142
464 15.7019509864393
465 14.786106438962738
466 16.017462398081026
467 15.348623970233907
468 16.25177567413192
469 16.30852384043248
470 15.240719404817765
471 15.917406348711337
472 14.560369928700487
473 15.557544891820164
474 14.532129974567912
475 15.448297733937952
476 14.611224364088097
477 15.695812802569437
478 14.55472736799121
479 16.45181912858048
480 16.488601911857494
481 14.878767388264496
482 15.717857417106497
483 14.41919069397876
484 15.47792118038065
485 14.478948392799285
486 15.987364069197085
487 15.474374405743225
488 15.02894304920214
489 16.147261325598674
490 14.816190055165297
491 15.650345608453325
492 14.830723613042831
493 16.244259770287435
494 16.158678380387943
495 14.610656061230266
496 15.658539255621557
497 14.603382692253076
498 16.05462081578667
499 15.557496716224133
500 15.03082773703335
501 15.840562406237396
502 14.463048379330054
503 15.962536544809712
504 15.347457145339444
505 15.385359327457458
506 16.026103275973593
507 14.658634576649257
508 15.954196570051055
509 15.425471544894528
510 15.181476074954766
511 15.880200501775013
512 14.686783168759002
513 16.1313849554596
514 15.833764246042909
515 15.126092794370285
516 16.156009043247092
517 15.078110894588992
518 16.5272488580789
519 16.534804651915493
520 14.919613081416152
521 16.027335500863853
522 15.231654982745575
523 15.658361065392391
524 16.13888026857228
525 14.963179774126708
526 16.213629970247077
527 15.84768352107759
528 15.317475656386895
529 16.231119844055353
530 15.342054557458354
531 16.05612776358905
532 16.35434592945587
533 15.314948954674367
534 16.388982526680586
535 15.946304359586936
536 15.65506579847544
537 16.318444203078542
538 15.655859801524679
539 16.22052014593863
540 16.382532439421386
541 15.713286815138973
542 16.402272891760855
543 16.30027825429507
544 16.026999480226902
545 16.32099551523469
546 16.253646076965815
547 16.666757119865977
548 16.715321525018172
549 16.878596288453405
550 19.33919999592641
551 19.367865630448627
552 17.478017287997574
553 16.836206559288108
554 17.025946986982923
555 16.59878352325942
556 16.007099871024362
557 16.495416591554648
558 16.50914457187968
559 16.003309434192534
560 16.41848514062131
561 16.420435450313214
562 16.496376509605035
563 16.443817145854553
564 15.667731154753133
565 16.410009750056155
566 16.34609918942908
567 15.225817479975769
568 16.271133732052366
569 16.257435247404818
570 15.167357851287594
571 16.12482562643316
572 16.23998102935795
573 15.487172698799869
574 15.950307191462942
575 16.310115840090578
576 16.232627749148808
577 15.835490909344834
578 15.541032142886118
579 16.17507218325504
580 15.767786656894073
581 14.937520356139627
582 16.026091896786312
583 15.945023708723193
584 14.80183732642389
585 16.08156979421417
586 15.802798081744841
587 14.545900452510255
588 15.79405699182768
589 15.690670419892882
590 14.491359070855827
591 15.54297770845781
592 15.599271967132582
593 14.490470877649962
594 15.56316227981145
595 15.733567514747609
596 14.621718876363593
597 15.59886782928213
598 15.457958923857804
599 14.478351837008821
600 15.60976465385501
601 15.278133794037716
602 14.57356090001203
603 15.580283984975061
604 15.345710964255336
605 14.479679676099217
606 15.670119596073041
607 14.928327476742542
608 15.049317378378495
609 16.112324256505687
610 14.804604763539185
611 15.995964187465557
612 15.04911293358411
613 14.90719561874492
614 15.37639232733854
615 14.617222105876062
616 15.09091996766551
617 14.662433116314967
618 14.58674064813047
619 16.044516341971388
620 14.423318863447394
621 15.413032245311749
622 14.619339902530989
623 14.91302833291116
624 14.477623679870396
625 16.61646324002082
626 15.916533991766125
627 15.03007255505381
628 14.587196209172587
629 14.766628674084505
630 16.145853133563683
631 14.4382375938907
632 14.415781771954794
633 15.836184512066705
634 16.25928149691136
635 14.488844209344085
636 14.429712878627285
637 15.50790574001821
638 14.422995515578162
639 14.977385916014342
640 14.460598217248585
641 14.433455692496121
642 15.597412828437871
643 14.452991236805538
644 15.126861566106598
645 14.409783254448035
646 14.46259732243891
647 14.455542431460877
648 15.893570104584752
649 14.590110566429392
650 15.40830788744024
651 14.321120840890696
652 14.495125957533151
653 14.434399517454368
654 14.561284407134123
655 14.5939489804933
656 15.011801960169791
657 15.640793591671835
658 15.215968102778366
659 16.30740646254859
660 15.708747169891147
661 15.467148437677366
662 15.137028857511378
663 15.358237413231251
664 15.358523305193252
665 15.137243615413272
666 15.466497447379929
667 15.707449659625471
668 16.305737941255412
669 15.215796313168218
670 15.642658673903663
671 15.01198859124143
672 14.587349773055012
673 14.568702773148983
674 14.43419019146061
675 14.496393330334683
676 14.320002892833003
677 15.404853507313371
678 14.587475308993044
679 15.901315400333651
680 14.453854918006394
681 14.453867631659381
682 14.40797848857632
683 15.129411125062324
684 14.451944918368497
685 15.596670459237652
686 14.42959765575663
687 14.460730506852503
688 14.976113261790022
689 14.422256752508327
690 15.50106109417329
691 14.430027348431803
692 14.480240406245546
693 16.25964113933672
694 15.839416863218512
695 14.41269853457467
696 14.437795785217796
697 16.129676736279386
698 14.758270987487625
699 14.582841009005348
700 15.16141305343286
701 15.91075191719533
702 16.628643521406776
703 14.47118180279603
704 14.910565335411919
705 14.617557212599964
706 15.40935850501972
707 14.42130781725072
708 16.03920858593707
709 14.584292505138535
710 14.661271448581077
711 15.086688024764682
712 14.609688671647948
713 15.372208352704478
714 14.925327769198535
715 15.04755943799207
716 15.994480713586285
717 14.804964760807671
718 16.116692144087626
719 15.046478003441617
720 14.93164880153738
721 15.668995074418747
722 14.478385073194865
723 15.361826973879941
724 15.579030220868594
725 14.570294798671021
726 15.277751959810537
727 15.631963752983832
728 14.476028643473894
729 15.457980015917533
730 15.60131237141609
731 14.621439154794935
732 15.732523919271946
733 15.564610301971246
734 14.491970568050393
735 15.596520561356433
736 15.541527793789227
737 14.491102083121326
738 15.687719142742557
739 15.793207475642305
740 14.54588844126283
741 15.802959916819834
742 16.083399271628387
743 14.801268602920894
744 15.946508413255266
745 16.025054242296584
746 14.938080616019876
747 15.765279051982622
748 16.175832978380782
749 15.54022076148315
750 15.834237284305251
751 16.231664204328368
752 16.31011393383098
753 15.94925326336502
754 15.48716194680809
755 16.24092659588229
756 16.12442746275508
757 15.16647698864751
758 16.256303953605087
759 16.268846197478226
760 15.225370883986562
761 16.34545158492922
762 16.407099062236316
763 15.663149596830156
764 16.441154399535616
765 16.490830459828626
766 16.415101603849923
767 16.41359307291353
768 15.993822802525287
769 16.50167662112337
770 16.477426465977672
771 15.976967514505576
772 16.580887524688773
773 16.917672142360498
774 16.86149929123885
775 17.574856141629173
776 19.559488080937697
777 19.543308511587714
778 16.778807787276097
779 16.67444812977092
780 16.642617048364567
781 16.231734259210956
782 16.30495486420745
783 16.02176934045309
784 16.291220317252726
785 16.393327642267447
786 15.708655514988102
787 16.377904025956433
788 16.21776087092369
789 15.653732505579145
790 16.31407573522685
791 15.653676373352962
792 15.9433747022012
793 16.386227195443805
794 15.314119788866382
795 16.349010513346343
796 16.054003333407596
797 15.338695996754765
798 16.22981459077654
799 15.316633442588502
800 15.84648766503299
801 16.210188702888264
802 14.962653726492286
803 16.13538711530323
804 15.655415923013692
805 15.231397678258835
806 16.023955822104064
807 14.91724793216517
808 16.533180746481076
809 16.529029150652303
810 15.079521274194029
811 16.15655212938745
812 15.125342390649738
813 15.832471913852485
814 16.128957598841616
815 14.687141490563219
816 15.875866543632247
817 15.187305572320447
818 15.425749390758243
819 15.952568232949373
820 14.665480750204152
821 16.026471146004262
822 15.379552090777628
823 15.338323682799533
824 15.968151386787502
825 14.459689913430836
826 15.832988856903642
827 15.03067991245302
828 15.548900457289275
829 16.052622371559437
830 14.59498288758872
831 15.65909590494939
832 14.603442737728798
833 16.157075180247876
834 16.241915146798302
835 14.84486880468376
836 15.657933751504915
837 14.787012147233554
838 16.163562976698433
839 15.02799181651022
840 15.472755158192378
841 15.987064792188656
842 14.475379452322661
843 15.476605575031114
844 14.415714170752143
845 15.716226155349942
846 14.87316567371252
847 16.704348892568564
848 16.405547709292623
849 14.553028719027804
850 15.69482682185462
851 14.547762300463958
852 15.444313595689547
853 14.526210150811506
854 15.55290835829685
855 14.527160680394458
856 15.915385941539284
857 15.250877242519115
858 16.299096610720905
859 16.252137747149277
860 15.344658762682412
861 16.012550650983236
862 14.782973706407015
863 15.699885649509142
864 14.40715516213851
865 15.628884671511276
866 14.578519027490001
867 15.546793406911783
868 14.473117801872286
869 15.521830348402016
870 14.387206507928747
871 15.63217222833507
872 14.452763228488081
873 15.948175582551078
874 15.143654672621688
875 16.055648125518662
876 17.56180695827456
877 17.31573933379811
878 15.941752432609018
879 14.638616748384479
880 15.548941036945552
881 14.663464234003548
882 15.360559002853643
883 14.373629408196058
884 15.726714392141428
885 15.385054169884736
886 16.064860966466192
887 15.725644961658478
888 14.535567830862401
889 15.568981114040444
890 14.402028486028684
891 15.685418768598753
892 15.879915984563743
893 14.422887032741258
894 15.468182428724571
895 14.444575167804754
896 15.89089927018055
897 15.78282177434522
898 15.017007940206826
899 15.636476241369927
900 15.993384944606627
901 14.433132903250208
902 15.602671624100395
903 16.161630685569534
904 15.254409596821773
905 15.611383435189149
906 16.380652346362496
907 15.169692261881615
908 15.579498275554212
909 15.933423748289407
910 14.547372090048261
911 15.786826827906152
912 15.821713574455949
913 14.414299572440456
914 16.009903646185244
915 15.954487495453698
916 16.15814253643316
917 14.412381697939962
918 15.82620818225162
919 16.14301740197845
920 16.223266718740373
921 14.408058802772999
922 16.001040152714125
923 15.975790959622403
924 15.954011668432337
925 14.480714752382843
926 16.12422212377671
927 15.98517210144671
928 16.1683862636965
929 16.15752025208536
930 14.511193147649205
931 16.151737511113527
932 16.047848142467664
933 15.983685752683085
934 16.137166806469708
935 16.61634267138646
936 16.224130991958322
937 16.23779990847927
938 16.461899303300545
939 16.280413873655945
940 16.234890040548336
941 16.28999466203543
942 14.60291477440601
943 16.308300162339467
944 16.25724041598631
945 16.346135578234794
946 16.259560083883738
947 16.1734708992588
948 16.8166847667958
949 16.3215097380682
950 16.267804067007805
951 15.645372903107877
952 16.278745661568795
953 16.343969442784143
954 16.381048323380224
955 16.342080041183713
956 16.41245988519545
957 16.35086797986024
958 16.411473084947584
959 16.32893431515359
960 16.39637043426106
961 16.310259003009957
962 16.393827043272527
963 15.179822249888856
964 16.466514104490198
965 16.484165137068434
966 16.3189705686729
967 16.185277881880314
968 16.18714188440619
969 16.26029770224606
970 16.172856417696888
971 16.216705506137966
972 16.32902244701592
973 16.33679276757769
974 16.224164335525106
975 16.06330282592594
976 16.06806725795738
977 16.066089891103847
978 16.050121227321153
979 16.045370420110853
980 16.067117710974184
981 16.092554669998176
982 16.117526818126173
983 16.142856351355398
984 16.15506136258013
985 16.18150600180217
986 16.216097394502565
987 16.25000881223271
988 16.279841066959367
989 16.32029635192459
990 16.358549544673213
991 16.408970332596088
992 16.466573372895027
993 16.544434540490958
994 16.64812446194909
995 16.84611041112782
996 17.222170302810007
997 19.454165852170963
998 19.45187112388465
999 17.215146876209722
1000 16.838741497302788
1001 16.646053709547456
1002 16.54368323466174
1003 16.464852464095106
1004 16.407361457494584
1005 16.358268244209576
1006 16.320217708604005
1007 16.280431928906488
1008 16.249964499023566
1009 16.217888079922233
1010 16.18170939773227
1011 16.155349091726844
1012 16.142531037373264
1013 16.11636503065696
1014 16.094074148719027
1015 16.067785352369803
1016 16.047474285065444
1017 16.05171702971832
1018 16.06515844570827
1019 16.06606046010338
1020 16.063424482484205
1021 16.22748215714201
1022 16.336957892679674
1023 16.330012613067865
1024 16.216862286976014
1025 16.173410109604376
1026 16.262276448953973
1027 16.189362526812683
1028 16.187060675033578
1029 16.32162276130436
1030 16.487350492944348
1031 16.468391707429628
1032 15.18451486483488
1033 16.396144283719515
1034 16.31198924656889
1035 16.387711825240086
1036 16.328078897079344
1037 16.414589828960388
1038 16.352562931104224
1039 16.389409976295283
1040 16.345000401674522
1041 16.381980922346223
1042 16.345485331592432
1043 16.28027707407047
1044 15.645323587480583
1045 16.267590323215995
1046 16.32239209029095
1047 16.783901098236388
1048 16.176083885265093
1049 16.261863382306466
1050 16.369431840134453
1051 16.278799141568165
1052 16.31167724411819
1053 14.603442300919715
1054 16.290239047817142
1055 16.234726649640976
1056 16.27887607242119
1057 16.470794160662084
1058 16.234211325118192
1059 16.249466980507215
1060 16.60328498191425
1061 16.138152791117008
1062 15.982315167553006
1063 16.045862495607746
1064 16.154467301717187
1065 14.518417588316721
1066 16.159169333345368
1067 16.182787127352388
1068 15.954383337588613
1069 16.127000842937207
1070 14.495964617510275
1071 15.953435690712181
1072 15.955356915185172
1073 16.00159265430866
1074 14.409781247497724
1075 16.22928249183775
1076 16.16217684385203
1077 15.829554986962957
1078 14.415367940109533
1079 16.163681430337203
1080 15.925449343370625
1081 16.008813178674973
1082 14.41655046530151
1083 15.828562937629076
1084 15.787052909345492
1085 14.548383441940073
1086 15.934882670542898
1087 15.578929111831439
1088 15.171834749493083
1089 16.392133373788734
1090 15.617400113949241
1091 15.257161570748282
1092 16.165110709065573
1093 15.599851949978023
1094 14.437068534311507
1095 15.996443599041251
1096 15.668797233941266
1097 14.977769496934792
1098 15.830376743934048
1099 15.893627112584594
1100 14.445905446500587
1101 15.468484758384676
1102 14.425197413103994
1103 15.882626999663358
1104 15.688909145691403
1105 14.402861458718702
1106 15.62458398388179
1107 14.593823377290224
1108 15.725288658675433
1109 16.066379544773895
1110 15.388833872231347
1111 15.718067533116116
1112 14.374545289404706
1113 15.36201971329344
1114 14.6453372988422
1115 15.550360073079856
1116 14.645258383157406
1117 15.991141507586333
1118 17.14121943183149
1119 17.34270043283358
1120 16.07081590345635
1121 15.141123011540593
1122 15.964050617698328
1123 14.452777753828736
1124 15.631699526934929
1125 14.385322194960537
1126 15.523926814422559
1127 14.470336472457758
1128 15.547545369282366
1129 14.60020256281252
1130 15.629573386049417
1131 14.40872856103801
1132 15.699922435897887
1133 14.785950015896553
1134 16.017785806046454
1135 15.34555203987524
1136 16.24970727861478
1137 16.3077924250659
1138 15.240455638383283
1139 15.914690255136463
1140 14.560756609177275
1141 15.55484142659225
1142 14.52870826777281
1143 15.44620933156559
1144 14.61343069273522
1145 15.693330760790829
1146 14.552969369070269
1147 16.447838317694607
1148 16.485779831106708
1149 14.880275794147863
1150 15.714020687495916
1151 14.41753667668479
1152 15.475201531285776
1153 14.47659119946876
1154 15.986310864832666
1155 15.472703193830089
1156 15.02716012317299
1157 16.14662941281624
1158 14.815816889548305
1159 15.647625750588661
1160 14.829166462831122
1161 16.24499839607313
1162 16.160100340597698
1163 14.60826433005554
1164 15.657765601709455
1165 14.602894351364046
1166 16.053886325819825
1167 15.555861414258858
1168 15.029213142628686
1169 15.837616929678783
1170 14.4603718530331
1171 15.962803392065066
1172 15.346020332677085
1173 15.384453335643943
1174 16.02513485884909
1175 14.657620427967025
1176 15.953323817956667
1177 15.425178430217134
1178 15.181045262351972
1179 15.878182106914846
1180 14.687238163819824
1181 16.129306252584975
1182 15.833262116648628
1183 15.126384647062006
1184 16.15545826321543
1185 15.07892167523559
1186 16.526859980881127
1187 16.53347133433555
1188 14.919078132770887
1189 16.0257654962323
1190 15.232454321311414
1191 15.655997357510971
1192 16.1359355188819
1193 14.962243161769536
1194 16.21106891741073
1195 15.846278006699302
1196 15.316840778103636
1197 16.229973632835463
1198 15.339948013952649
1199 16.054610074555413
1200 16.35273553609314
1201 15.314912281532703
1202 16.38757221363548
1203 15.944760504654436
1204 15.652877929193608
1205 16.317005373963614
1206 15.656504950840116
1207 16.21881843175966
1208 16.3817484966461
1209 15.714844245172893
1210 16.40133751760787
1211 16.30138156030469
1212 16.02837680464787
1213 16.320459301750315
1214 16.254194717590092
1215 16.66567568338616
1216 16.71391378216921
1217 16.88164606831596
1218 19.341398943984363
1219 19.369193370330034
1220 17.46880511231497
1221 16.83231027238604
1222 17.022656111401165
1223 16.5974893116156
1224 16.00737967733185
1225 16.494740717926483
1226 16.5069432717216
1227 16.0024395584652
1228 16.41657452040074
1229 16.42003718650374
1230 16.495612945113425
1231 16.4422818814234
1232 15.665737316876388
1233 16.40985594205159
1234 16.346699466381214
1235 15.22671171318327
1236 16.270571675664684
1237 16.25707849548781
1238 15.167881714209054
1239 16.122830313277223
1240 16.242108776249477
1241 15.487857822854137
1242 15.949951254093026
1243 16.31066691589199
1244 16.231503692175743
1245 15.834675938639963
1246 15.54032447888618
1247 16.173845403211004
1248 15.76763862682193
1249 14.939895943725958
1250 16.02628090178914
1251 15.945541409045394
1252 14.802372772329408
1253 16.080355633634404
1254 15.803536421426987
1255 14.545892355423367
1256 15.792757467762511
1257 15.692007621717153
1258 14.491604357357815
1259 15.543848097860874
1260 15.600692742823558
1261 14.488883301134559
1262 15.5642098962039
1263 15.733453092206949
1264 14.623331255120245
1265 15.600033549913734
1266 15.45997331312017
1267 14.479264916136977
1268 15.60731751860007
1269 15.278862161756965
1270 14.572350179298965
1271 15.583419030035813
1272 15.345372583860039
1273 14.47860598747626
1274 15.670537620188828
1275 14.927716523039432
1276 15.050802981286147
1277 16.112758555420037
1278 14.805670355569546
1279 15.996499037348038
1280 15.04779159648036
1281 14.907820492135382
1282 15.373729609432987
1283 14.617317311484857
1284 15.09112111118908
1285 14.66223611461668
1286 14.586159449361705
1287 16.04583787640304
1288 14.423256673014174
1289 15.409840283595925
1290 14.61951972653168
1291 14.913002278535478
1292 14.477029482003317
1293 16.615029397617427
1294 15.91498834469008
1295 15.030105224885117
1296 14.584495959197818
1297 14.76453052688838
1298 16.14579794962464
1299 14.436253444855435
1300 14.413097870527317
1301 15.837736728102692
1302 16.258606279073074
1303 14.488326543900358
1304 14.429025460694314
1305 15.507839819615677
1306 14.42211381807799
1307 14.97797459238689
1308 14.46077157820313
1309 14.433236280368439
1310 15.59680198007513
1311 14.452553727336346
1312 15.126299476645348
1313 14.410072415918298
1314 14.461373743181268
1315 14.454003719702378
1316 15.895102259395085
1317 14.588551705201544
1318 15.408252042093128
1319 14.320922865455403
1320 14.497426089820836
1321 14.433931517998992
1322 14.561879765358187
1323 14.592067113725854
1324 15.013143809534219
1325 15.641837175873382
1326 15.217110686512553
1327 16.305845087738874
1328 15.707370387024529
1329 15.467241657249032
1330 15.137702155936612
1331 15.358104466582638
1332 15.356971791913264
1333 15.137306652416054
1334 15.467967807047541
1335 15.706035318878792
1336 16.307453670332386
finished  calculation of Sigma theta w=0.....
time for calc.... 2863.3592009544373
