reading lattice from... ./Lattices/sqKgridX100.npy
reading lattice from... ./Lattices/sqKgridY100.npy
started calculating filling for chemical potential and dispersion parameters TB_single_band..
reading lattice from... ./Lattices/KgridX400.npy
reading lattice from... ./Lattices/KgridY400.npy
reading lattice from... ./Lattices/KgridX400.npy
reading lattice from... ./Lattices/KgridY400.npy
finished calculating filling for chemical potential
Filling: 0.5021914101708863 .... chemical potential: 29.41164495334965
dispersion params: 54.93230174081238 	 -10.444874274661508
The fermi energy in mev is: 3064.1164088176356, and in units of J: 296.3362097502549, the bandwidth is:494.39071566731144
reading lattice from... ./Lattices/KgridX1000.npy
reading lattice from... ./Lattices/KgridY1000.npy
reading lattice from... ./Lattices/sqKgridX1000.npy
reading lattice from... ./Lattices/sqKgridY1000.npy
101 the fermi surface points 6 numtheads
starting with calculation of Sigma
0.4439873695373535  seconds  -0.024945675793133226 -2.8161907488399467
0.4516890048980713  seconds  -0.9728813559322034 -2.4583851965736856
0.4786834716796875  seconds  -2.4690068785779684 -1.3524554541503693
0.6125493049621582  seconds  -1.796088657105606 -1.9791022367058257
0.47461795806884766  seconds  -0.2191655801825294 -2.792227306218569
0.4900376796722412  seconds  -2.616652882337493 -0.21382007822685756
0.4868342876434326  seconds  -1.1112083417911718 -2.3798348544111256
0.5024685859680176  seconds  -2.571839841119024 1.0256410256410255
0.5186452865600586  seconds  -2.0568727012565935 1.8061712299000439
0.5153000354766846  seconds  -2.530204259017818 -1.1984655239329292
0.5699691772460938  seconds  -1.9285861713018952 -1.8948283355063014
0.5238864421844482  seconds  -0.3884398087787919 -2.743402291241713
0.5298628807067871  seconds  -2.616966647080588 0.0
0.5894665718078613  seconds  -1.2490656236418949 2.3006338277527103
0.5301601886749268  seconds  -1.2490656236418949 -2.3006338277527103
0.5403096675872803  seconds  -2.530204259017818 1.1984655239329292
0.6057922840118408  seconds  -0.3884398087787919 2.7434022912417135
0.5564086437225342  seconds  0.6574967405475878 2.6271700108337774
0.555077314376831  seconds  -1.928586171301894 1.8948283355063023
0.5615332126617432  seconds  -2.571839841119024 -1.0256410256410255
0.5716691017150879  seconds  -0.543459365493264 -2.680965670701486
0.6028354167938232  seconds  -2.0568727012565944 -1.8061712299000434
0.6277294158935547  seconds  1.4931768796175575 2.1593658903371877
0.5786831378936768  seconds  -2.616652882337493 0.213820078226858
0.5953836441040039  seconds  -1.1112083417911718 2.3798348544111256
0.5848307609558105  seconds  -1.3862668405041283 -2.2213978014208307
0.6375749111175537  seconds  2.265870765405998 1.6305953933072583
0.5918662548065186  seconds  -2.469006878577968 1.3524554541503697
0.6769616603851318  seconds  -0.2191655801825294 2.792227306218569
0.6799261569976807  seconds  2.6075039372111597 0.6814428509343768
0.6203057765960693  seconds  0.8000434593654928 2.553529293298396
0.6102199554443359  seconds  -1.796088657105606 1.9791022367058257
0.615323543548584  seconds  -2.5968143651433158 -0.8361581920903953
0.6592795848846436  seconds  2.6113242733416926 -0.5875706214689265
0.6157464981079102  seconds  -2.178749557444965 -1.7105606258148633
0.6350517272949219  seconds  1.6301443532370459 2.0790960451977405
0.6795263290405273  seconds  -0.6897459576583111 -2.611038678835289
0.6206088066101074  seconds  -2.61496303446288 0.42590178183398564
0.6213743686676025  seconds  -0.9728813559322034 2.458385196573686
0.6716609001159668  seconds  2.313730042429954 -1.5801825293350715
0.6228659152984619  seconds  -1.5235307117886814 -2.14167753150804
0.6699235439300537  seconds  2.3671658213176814 1.5158626684050418
0.6241104602813721  seconds  -2.3877646932055163 1.4880486744893524
0.6459650993347168  seconds  -0.024945675793133226 2.8161907488399467
0.6375317573547363  seconds  0.9408083441981745 2.4763639948190708
0.6449897289276123  seconds  2.6141658421216176 0.4745762711864412
0.6322269439697266  seconds  -1.6606692742285962 2.060996522217499
0.6219937801361084  seconds  -2.6096127859447087 -0.6345067362016512
0.6530470848083496  seconds  2.6006353551490045 -0.790960451977401
0.6237590312957764  seconds  -2.2896566710126027 -1.6062493997558465
0.6399996280670166  seconds  1.7657974793568014 1.997702905203677
0.6383993625640869  seconds  -0.8321164710995221 -2.5362522348656857
0.6234827041625977  seconds  -2.6096127859447087 0.6345067362016517
1.0737652778625488  seconds  1.555541069100391 -2.1229714393820576
0.6297910213470459  seconds  -0.8321164710995221 2.5362522348656857
0.6249215602874756  seconds  -1.6606692742285962 -2.060996522217499
0.6496055126190186  seconds  2.2047710812218613 -1.6879617557583657
0.619697093963623  seconds  -2.2896566710126027 1.6062493997558462
0.6667780876159668  seconds  2.451912257537374 1.3854845719252502
1.0845270156860352  seconds  0.7234245980008689 -2.5938343297545767
0.612356424331665  seconds  0.17719829845572493 2.8005215123859193
0.614973783493042  seconds  2.616445372786151 0.26249456757931355
0.6209630966186523  seconds  1.079791395045632 2.397785581402676
0.6098043918609619  seconds  -1.5235307117886803 2.1416775315080407
0.6068940162658691  seconds  -2.61496303446288 -0.4259017818339852
0.6104319095611572  seconds  2.578832269697698 -0.9839200347674923
0.6026136875152588  seconds  -2.3877646932055163 -1.4880486744893524
0.6003012657165527  seconds  1.8993017333531739 1.913950456323338
0.5903239250183105  seconds  -2.5968143651433158 0.8361581920903953
0.5812203884124756  seconds  -0.6897459576583111 2.611038678835289
0.5860989093780518  seconds  2.085029339388275 -1.7853107344632768
0.7042763233184814  seconds  1.418339852238157 -2.2028227894898706
0.5762035846710205  seconds  -2.178749557444965 1.7105606258148633
0.5739893913269043  seconds  2.5177768129260976 1.2359843546284228
0.5554962158203125  seconds  0.5773142112125162 -2.6655826733629424
0.5641961097717285  seconds  0.3510212950890912 2.7561437732610026
0.5588910579681396  seconds  2.616953467469413 0.04867448935245555
0.568763256072998  seconds  1.2171923796090136 2.3189917427205566
0.5570363998413086  seconds  -1.3862668405041283 2.2213978014208307
0.5335016250610352  seconds  2.5411968469730537 -1.1612342459800087
0.5323798656463623  seconds  2.027899128990798 1.82703172533681
0.5236446857452393  seconds  -0.543459365493264 2.680965670701486
0.5193219184875488  seconds  1.958235549760973 -1.8751057426265663
0.5395207405090332  seconds  1.2805402398711225 -2.2824858757062145
0.5094177722930908  seconds  2.564059104737071 1.06610859066661
0.5168533325195312  seconds  0.5085857062096537 2.6962190352020867
0.5709049701690674  seconds  0.4240764884832684 -2.7303557269623626
0.5038702487945557  seconds  2.616794619082061 -0.165145588874402
0.5133016109466553  seconds  1.3557922584807076 2.239026510212951
0.491687536239624  seconds  2.4845648438034282 -1.3194263363754888
0.48799896240234375  seconds  2.1516378577883994 1.7331594958713605
0.4741837978363037  seconds  1.8263798348544107 -1.9602917291791533
0.46771740913391113  seconds  2.5924756695136337 0.8796175575836597
0.5525436401367188  seconds  1.1421555845284654 -2.3621084771342495
0.4551243782043457  seconds  2.6155689039782146 -0.3772272924815296
0.5033872127532959  seconds  0.2583659278574535 -2.783032302613339
0.4533193111419678  seconds  2.4080888676421632 -1.458496305953933
0.4372825622558594  seconds  1.6915247478231827 -2.0425901781833984
0.46417832374572754  seconds  1.0042878588444897 -2.4406779661016946
0.482816219329834  seconds  0.07127335940895296 -2.81389496652667
0.4123365879058838  seconds  0.8641894828335506 -2.5187761430448345
time for calc.... 6.4171881675720215
 plotting data from the run ...
saving data from the run ...
