reading lattice from... ./Lattices/sqKgridX8000.npy
reading lattice from... ./Lattices/sqKgridY8000.npy
starting sampling in reciprocal space....
 finished sampling in reciprocal space.... 0.07827043533325195
started calculating filling for chemical potential and dispersion parameters TB_single_band..
reading lattice from... ./Lattices/KgridX400.npy
reading lattice from... ./Lattices/KgridY400.npy
reading lattice from... ./Lattices/KgridX400.npy
reading lattice from... ./Lattices/KgridY400.npy
finished calculating filling for chemical potential
Filling: 0.5021914101708863 .... chemical potential: 29.41164495334965
the fermi velocity is rough 141.4672589743371
The fermi energy in mev is: 3064.1164088176356, and in units of J: 296.3362097502549, the bandwidth is:494.39071566731144
reading lattice from... ./Lattices/KgridX8000.npy
reading lattice from... ./Lattices/KgridY8000.npy
reading lattice from... ./Lattices/sqKgridX8000.npy
reading lattice from... ./Lattices/sqKgridY8000.npy
energy at the point.. 2.612699153466239 0.5406345067362022  is  7.400112771449585e-06
the angle is  0.20404589651971108
20 the fermi surface points 4 chunk numtheads
starting with calculation of Sigma
166.78969740867615  seconds  2.612699153466239 0.5406345067362022 0.5
163.82607078552246  seconds  2.724999792452247 0.543565534643328 0.5
171.81052827835083  seconds  2.8373004314382544 0.546496562550454 0.5
161.83980321884155  seconds  2.9496010704242623 0.5494275904575798 0.5
165.31653428077698  seconds  3.0619017094102703 0.5523586183647058 0.5
158.37877893447876  seconds  2.640774313212741 0.5413672637129836 0.5
165.8993260860443  seconds  2.7530749521987485 0.5442982916201096 0.5
162.87857484817505  seconds  2.9776762301707644 0.5501603474343614 0.5
171.0519676208496  seconds  2.8653755911847565 0.5472293195272354 0.5
159.22403001785278  seconds  3.0899768691567724 0.5530913753414872 0.5
164.15676355361938  seconds  2.6688494729592427 0.5421000206897651 0.5
159.0631821155548  seconds  2.7811501119452506 0.545031048596891 0.5
167.77100801467896  seconds  3.0057513899172665 0.5508931044111428 0.5
166.25818252563477  seconds  2.8934507509312586 0.5479620765040168 0.5
158.01830887794495  seconds  3.118052028903274 0.5538241323182687 0.5
161.20396733283997  seconds  2.696924632705745 0.5428327776665466 0.5
163.97085547447205  seconds  2.8092252716917527 0.5457638055736724 0.5
160.86919593811035  seconds  3.033826549663768 0.5516258613879242 0.5
157.7869050502777  seconds  3.146127188649776 0.5545568892950502 0.5
163.79534363746643  seconds  2.9215259106777607 0.5486948334807984 0.5
time for calc.... 714.8365349769592
 plotting data from the run ...
saving data from the run ...
energy at the point.. 2.5966539165555025 0.8378965667101266  is  1.0400959698841916e-05
the angle is  0.3121349978541341
20 the fermi surface points 4 chunk numtheads
starting with calculation of Sigma
148.88627862930298  seconds  2.5966539165555025 0.8378965667101266 0.5
171.0022575855255  seconds  2.711048550214725 0.8484888458529057 0.5
169.79017162322998  seconds  2.8254431838739467 0.8590811249956848 0.5
159.99890661239624  seconds  2.939837817533169 0.869673404138464 0.5
165.13305163383484  seconds  3.054232451192391 0.8802656832812431 0.5
162.51958227157593  seconds  2.625252574970308 0.8405446364958213 0.5
165.855388879776  seconds  2.7396472086295303 0.8511369156386005 0.5
156.39140701293945  seconds  2.9684364759479744 0.8723214739241587 0.5
170.4707534313202  seconds  2.854041842288752 0.8617291947813797 0.5
170.1793656349182  seconds  3.0828311096071968 0.8829137530669379 0.5
158.15089535713196  seconds  2.6538512333851134 0.8431927062815161 0.5
163.04053831100464  seconds  2.99703513436278 0.8749695437098536 0.5
169.16574430465698  seconds  2.7682458670443357 0.8537849854242953 0.5
167.44341111183167  seconds  2.882640500703558 0.8643772645670744 0.5
167.8749074935913  seconds  3.111429768022002 0.8855618228526326 0.5
159.22789883613586  seconds  2.682449891799919 0.845840776067211 0.5
157.9347734451294  seconds  3.0256337927775854 0.8776176134955483 0.5
161.47146558761597  seconds  2.796844525459141 0.85643305520999 0.5
168.36871242523193  seconds  2.9112391591183635 0.8670253343527692 0.5
166.8057165145874  seconds  3.1400284264368077 0.8882098926383275 0.5
time for calc.... 737.9644989967346
 plotting data from the run ...
saving data from the run ...
energy at the point.. 2.5477213028327195 1.1368970013037814  is  9.295332997538708e-06
the angle is  0.4197233160056505
20 the fermi surface points 4 chunk numtheads
starting with calculation of Sigma
168.7971305847168  seconds  2.5477213028327195 1.1368970013037814 0.5
157.58755111694336  seconds  2.661467173670395 1.166235293307673 0.5
175.41377758979797  seconds  2.7752130445080705 1.1955735853115645 0.5
169.57886743545532  seconds  2.8889589153457456 1.2249118773154561 0.5
174.8954918384552  seconds  3.002704786183421 1.2542501693193477 0.5
158.3290569782257  seconds  2.689903641379814 1.1735698663086458 0.5
179.65781927108765  seconds  2.5761577705421383 1.1442315743047542 0.5
162.15119004249573  seconds  2.9173953830551644 1.232246450316429 0.5
170.90966796875  seconds  2.803649512217489 1.2029081583125374 0.5
171.90350890159607  seconds  3.03114125389284 1.2615847423203206 0.5
162.79883193969727  seconds  2.7183401090892327 1.1809044393096186 0.5
172.37720227241516  seconds  2.6045942382515572 1.151566147305727 0.5
162.60736227035522  seconds  2.9458318507645833 1.2395810233174018 0.5
164.15821933746338  seconds  2.832085979926908 1.2102427313135102 0.5
171.57442617416382  seconds  3.059577721602259 1.2689193153212934 0.5
155.540757894516  seconds  2.7467765767986516 1.1882390123105917 0.5
163.48212146759033  seconds  2.633030705960976 1.1589007203067 0.5
159.37202763557434  seconds  2.974268318474002 1.2469155963183747 0.5
156.48513865470886  seconds  2.8605224476363267 1.2175773043144833 0.5
171.38504767417908  seconds  3.0880141893116777 1.2762538883222663 0.5
time for calc.... 754.5343670845032
 plotting data from the run ...
saving data from the run ...
energy at the point.. 2.4372546507317705 1.4115601912212083  is  1.07841213363713e-05
the angle is  0.5249549448529208
20 the fermi surface points 4 chunk numtheads
starting with calculation of Sigma
171.0991096496582  seconds  2.4372546507317705 1.4115601912212083 0.5
174.77200150489807  seconds  2.539721696474669 1.4712597640507685 0.5
166.44410800933838  seconds  2.6421887422175674 1.5309593368803287 0.5
168.60969758033752  seconds  2.744655787960466 1.5906589097098889 0.5
175.29792666435242  seconds  2.8471228337033647 1.6503584825394488 0.5
158.64940357208252  seconds  2.462871412167495 1.4264850844285983 0.5
163.06799864768982  seconds  2.5653384579103937 1.4861846572581585 0.5
157.85308814048767  seconds  2.7702725493961906 1.6055838029172789 0.5
175.15821957588196  seconds  2.667805503653292 1.5458842300877187 0.5
161.24761247634888  seconds  2.8727395951390893 1.665283375746839 0.5
151.8733983039856  seconds  2.4884881736032196 1.4414099776359883 0.5
169.04817366600037  seconds  2.5909552193461183 1.5011095504655485 0.5
170.65616059303284  seconds  2.795889310831915 1.6205086961246689 0.5
172.47448301315308  seconds  2.693422265089017 1.5608091232951087 0.5
175.28221344947815  seconds  2.898356356574814 1.680208268954229 0.5
157.08010172843933  seconds  2.514104935038944 1.4563348708433785 0.5
175.07562255859375  seconds  2.616571980781843 1.5160344436729387 0.5
169.1539855003357  seconds  2.8215060722676397 1.6354335893320588 0.5
173.90485072135925  seconds  2.7190390265247415 1.5757340165024987 0.5
168.53043389320374  seconds  2.9239731180105384 1.695133162161619 0.5
time for calc.... 749.0685384273529
 plotting data from the run ...
saving data from the run ...
10826.48user 2733.93system 49:36.31elapsed 455%CPU (0avgtext+0avgdata 38258888maxresident)k
0inputs+127392outputs (257major+135628283minor)pagefaults 0swaps
