reading lattice from... ./Lattices/sqKgridX6000.npy
reading lattice from... ./Lattices/sqKgridY6000.npy
starting sampling in reciprocal space....
 finished sampling in reciprocal space.... 0.07471108436584473
started calculating filling for chemical potential and dispersion parameters TB_single_band..
reading lattice from... ./Lattices/KgridX1200.npy
reading lattice from... ./Lattices/KgridY1200.npy
reading lattice from... ./Lattices/KgridX1200.npy
reading lattice from... ./Lattices/KgridY1200.npy
finished calculating filling for chemical potential
Filling: 0.5005457254054085 .... chemical potential: 27.426155987022412
The fermi energy in mev is: 3043.586452905812, and in units of J: 294.35072078392767, the bandwidth is:494.39071566731144
reading lattice from... ./Lattices/KgridX6000.npy
reading lattice from... ./Lattices/KgridY6000.npy
reading lattice from... ./Lattices/sqKgridX6000.npy
reading lattice from... ./Lattices/sqKgridY6000.npy
energy at the point.. 2.607302062202848 -0.0069534984789219045  is  3.923355237134274e-06
200 the points 10 chunk numtheads
starting with calculation of Sigma
113.30347657203674  seconds  2.607302062202848 -0.0069534984789219045 0.0
113.83359265327454  seconds  2.607302062202848 -0.0069534984789219045 1.0
115.16003656387329  seconds  2.607302062202848 -0.0069534984789219045 2.0
117.3144257068634  seconds  2.607302062202848 -0.0069534984789219045 3.0
118.7725076675415  seconds  2.607302062202848 -0.0069534984789219045 4.0
120.06747817993164  seconds  2.607302062202848 -0.0069534984789219045 5.0
123.54579830169678  seconds  2.607302062202848 -0.0069534984789219045 6.0
125.17862939834595  seconds  2.607302062202848 -0.0069534984789219045 7.0
125.72983479499817  seconds  2.607302062202848 -0.0069534984789219045 8.0
132.55135869979858  seconds  2.607302062202848 -0.0069534984789219045 9.0
139.9418215751648  seconds  2.607302062202848 -0.0069534984789219045 10.0
138.69700002670288  seconds  2.607302062202848 -0.0069534984789219045 11.0
147.82584881782532  seconds  2.607302062202848 -0.0069534984789219045 12.0
168.65864205360413  seconds  2.607302062202848 -0.0069534984789219045 0.1
173.35179710388184  seconds  2.607302062202848 -0.0069534984789219045 13.0
132.52148842811584  seconds  2.607302062202848 -0.0069534984789219045 18.0
177.40481328964233  seconds  2.607302062202848 -0.0069534984789219045 14.0
165.66088891029358  seconds  2.607302062202848 -0.0069534984789219045 2.1
176.03157591819763  seconds  2.607302062202848 -0.0069534984789219045 1.1
172.7660834789276  seconds  2.607302062202848 -0.0069534984789219045 15.0
168.56036591529846  seconds  2.607302062202848 -0.0069534984789219045 16.0
173.03770422935486  seconds  2.607302062202848 -0.0069534984789219045 17.0
185.2114758491516  seconds  2.607302062202848 -0.0069534984789219045 3.1
181.44495296478271  seconds  2.607302062202848 -0.0069534984789219045 4.1000000000000005
176.79681658744812  seconds  2.607302062202848 -0.0069534984789219045 19.0
178.49993896484375  seconds  2.607302062202848 -0.0069534984789219045 5.1000000000000005
172.44214844703674  seconds  2.607302062202848 -0.0069534984789219045 6.1000000000000005
177.34380102157593  seconds  2.607302062202848 -0.0069534984789219045 7.1000000000000005
169.10737776756287  seconds  2.607302062202848 -0.0069534984789219045 8.1
179.92264318466187  seconds  2.607302062202848 -0.0069534984789219045 9.1
103.51717567443848  seconds  2.607302062202848 -0.0069534984789219045 18.1
166.45352005958557  seconds  2.607302062202848 -0.0069534984789219045 10.100000000000001
169.16403532028198  seconds  2.607302062202848 -0.0069534984789219045 11.100000000000001
156.67234683036804  seconds  2.607302062202848 -0.0069534984789219045 12.100000000000001
103.68889617919922  seconds  2.607302062202848 -0.0069534984789219045 16.1
135.09143209457397  seconds  2.607302062202848 -0.0069534984789219045 13.100000000000001
137.81322813034058  seconds  2.607302062202848 -0.0069534984789219045 14.100000000000001
151.17411828041077  seconds  2.607302062202848 -0.0069534984789219045 0.2
138.56835007667542  seconds  2.607302062202848 -0.0069534984789219045 15.100000000000001
151.7729914188385  seconds  2.607302062202848 -0.0069534984789219045 2.2
133.21257781982422  seconds  2.607302062202848 -0.0069534984789219045 17.1
132.1505675315857  seconds  2.607302062202848 -0.0069534984789219045 3.2
162.65684580802917  seconds  2.607302062202848 -0.0069534984789219045 1.2000000000000002
132.90347385406494  seconds  2.607302062202848 -0.0069534984789219045 4.2
132.9787700176239  seconds  2.607302062202848 -0.0069534984789219045 19.1
133.58296084403992  seconds  2.607302062202848 -0.0069534984789219045 5.2
130.29966187477112  seconds  2.607302062202848 -0.0069534984789219045 6.2
133.851407289505  seconds  2.607302062202848 -0.0069534984789219045 7.2
105.35985493659973  seconds  2.607302062202848 -0.0069534984789219045 18.2
134.64175510406494  seconds  2.607302062202848 -0.0069534984789219045 8.200000000000001
103.75049757957458  seconds  2.607302062202848 -0.0069534984789219045 16.2
134.62876105308533  seconds  2.607302062202848 -0.0069534984789219045 9.200000000000001
137.46228122711182  seconds  2.607302062202848 -0.0069534984789219045 10.200000000000001
134.99938821792603  seconds  2.607302062202848 -0.0069534984789219045 11.200000000000001
132.0728006362915  seconds  2.607302062202848 -0.0069534984789219045 12.200000000000001
134.20891094207764  seconds  2.607302062202848 -0.0069534984789219045 13.200000000000001
133.2079827785492  seconds  2.607302062202848 -0.0069534984789219045 14.200000000000001
133.06374263763428  seconds  2.607302062202848 -0.0069534984789219045 0.30000000000000004
132.0099391937256  seconds  2.607302062202848 -0.0069534984789219045 15.200000000000001
131.58111667633057  seconds  2.607302062202848 -0.0069534984789219045 17.2
133.23578715324402  seconds  2.607302062202848 -0.0069534984789219045 2.3000000000000003
130.3615300655365  seconds  2.607302062202848 -0.0069534984789219045 1.3
130.53326511383057  seconds  2.607302062202848 -0.0069534984789219045 3.3000000000000003
103.8027446269989  seconds  2.607302062202848 -0.0069534984789219045 18.3
131.54356026649475  seconds  2.607302062202848 -0.0069534984789219045 4.3
132.06191182136536  seconds  2.607302062202848 -0.0069534984789219045 6.300000000000001
136.4559783935547  seconds  2.607302062202848 -0.0069534984789219045 19.200000000000003
134.4292185306549  seconds  2.607302062202848 -0.0069534984789219045 5.300000000000001
104.41041159629822  seconds  2.607302062202848 -0.0069534984789219045 16.3
132.86323308944702  seconds  2.607302062202848 -0.0069534984789219045 8.3
135.10213160514832  seconds  2.607302062202848 -0.0069534984789219045 7.300000000000001
127.09624600410461  seconds  2.607302062202848 -0.0069534984789219045 9.3
128.99628686904907  seconds  2.607302062202848 -0.0069534984789219045 11.3
138.36088848114014  seconds  2.607302062202848 -0.0069534984789219045 10.3
131.24320125579834  seconds  2.607302062202848 -0.0069534984789219045 12.3
129.94583106040955  seconds  2.607302062202848 -0.0069534984789219045 13.3
129.38973999023438  seconds  2.607302062202848 -0.0069534984789219045 14.3
130.61363744735718  seconds  2.607302062202848 -0.0069534984789219045 15.3
137.11502623558044  seconds  2.607302062202848 -0.0069534984789219045 0.4
107.40394639968872  seconds  2.607302062202848 -0.0069534984789219045 18.400000000000002
136.4144983291626  seconds  2.607302062202848 -0.0069534984789219045 17.3
129.75874137878418  seconds  2.607302062202848 -0.0069534984789219045 3.4000000000000004
107.25969123840332  seconds  2.607302062202848 -0.0069534984789219045 16.400000000000002
140.53320121765137  seconds  2.607302062202848 -0.0069534984789219045 2.4000000000000004
139.2700126171112  seconds  2.607302062202848 -0.0069534984789219045 1.4000000000000001
133.0641176700592  seconds  2.607302062202848 -0.0069534984789219045 4.4
129.94988894462585  seconds  2.607302062202848 -0.0069534984789219045 6.4
134.82311272621155  seconds  2.607302062202848 -0.0069534984789219045 5.4
135.99523997306824  seconds  2.607302062202848 -0.0069534984789219045 19.3
132.03277492523193  seconds  2.607302062202848 -0.0069534984789219045 8.4
135.32512879371643  seconds  2.607302062202848 -0.0069534984789219045 7.4
130.55514454841614  seconds  2.607302062202848 -0.0069534984789219045 9.4
132.10798954963684  seconds  2.607302062202848 -0.0069534984789219045 10.4
136.82622385025024  seconds  2.607302062202848 -0.0069534984789219045 11.4
132.01194882392883  seconds  2.607302062202848 -0.0069534984789219045 12.4
104.09005522727966  seconds  2.607302062202848 -0.0069534984789219045 18.5
135.16964197158813  seconds  2.607302062202848 -0.0069534984789219045 13.4
130.23511052131653  seconds  2.607302062202848 -0.0069534984789219045 14.4
104.66103291511536  seconds  2.607302062202848 -0.0069534984789219045 16.5
136.77614521980286  seconds  2.607302062202848 -0.0069534984789219045 15.4
136.71169447898865  seconds  2.607302062202848 -0.0069534984789219045 0.5
128.80850529670715  seconds  2.607302062202848 -0.0069534984789219045 17.400000000000002
135.07894253730774  seconds  2.607302062202848 -0.0069534984789219045 3.5
136.5632517337799  seconds  2.607302062202848 -0.0069534984789219045 2.5
128.84426951408386  seconds  2.607302062202848 -0.0069534984789219045 4.5
130.907949924469  seconds  2.607302062202848 -0.0069534984789219045 1.5
129.985830783844  seconds  2.607302062202848 -0.0069534984789219045 5.5
136.10297417640686  seconds  2.607302062202848 -0.0069534984789219045 6.5
137.7702977657318  seconds  2.607302062202848 -0.0069534984789219045 19.400000000000002
136.34032797813416  seconds  2.607302062202848 -0.0069534984789219045 8.5
135.2933714389801  seconds  2.607302062202848 -0.0069534984789219045 7.5
102.68670105934143  seconds  2.607302062202848 -0.0069534984789219045 18.6
136.55436754226685  seconds  2.607302062202848 -0.0069534984789219045 9.5
131.27621150016785  seconds  2.607302062202848 -0.0069534984789219045 10.5
102.73652768135071  seconds  2.607302062202848 -0.0069534984789219045 16.6
135.05222940444946  seconds  2.607302062202848 -0.0069534984789219045 12.5
136.16612219810486  seconds  2.607302062202848 -0.0069534984789219045 11.5
139.31069993972778  seconds  2.607302062202848 -0.0069534984789219045 13.5
131.6428017616272  seconds  2.607302062202848 -0.0069534984789219045 14.5
133.39750695228577  seconds  2.607302062202848 -0.0069534984789219045 15.5
144.05521821975708  seconds  2.607302062202848 -0.0069534984789219045 0.6000000000000001
136.84144043922424  seconds  2.607302062202848 -0.0069534984789219045 17.5
129.19800567626953  seconds  2.607302062202848 -0.0069534984789219045 4.6000000000000005
139.18227195739746  seconds  2.607302062202848 -0.0069534984789219045 3.6
136.3544750213623  seconds  2.607302062202848 -0.0069534984789219045 1.6
137.92408180236816  seconds  2.607302062202848 -0.0069534984789219045 2.6
131.03724002838135  seconds  2.607302062202848 -0.0069534984789219045 5.6000000000000005
133.55133748054504  seconds  2.607302062202848 -0.0069534984789219045 6.6000000000000005
130.06631994247437  seconds  2.607302062202848 -0.0069534984789219045 19.5
103.79990291595459  seconds  2.607302062202848 -0.0069534984789219045 18.7
133.01540875434875  seconds  2.607302062202848 -0.0069534984789219045 8.6
103.11243677139282  seconds  2.607302062202848 -0.0069534984789219045 16.7
136.04448246955872  seconds  2.607302062202848 -0.0069534984789219045 7.6000000000000005
131.91357469558716  seconds  2.607302062202848 -0.0069534984789219045 9.600000000000001
132.37773418426514  seconds  2.607302062202848 -0.0069534984789219045 10.600000000000001
133.50717663764954  seconds  2.607302062202848 -0.0069534984789219045 12.600000000000001
136.7012062072754  seconds  2.607302062202848 -0.0069534984789219045 11.600000000000001
131.98577857017517  seconds  2.607302062202848 -0.0069534984789219045 14.600000000000001
135.1703908443451  seconds  2.607302062202848 -0.0069534984789219045 13.600000000000001
129.48650240898132  seconds  2.607302062202848 -0.0069534984789219045 15.600000000000001
134.35515427589417  seconds  2.607302062202848 -0.0069534984789219045 0.7000000000000001
134.51524567604065  seconds  2.607302062202848 -0.0069534984789219045 17.6
104.65313029289246  seconds  2.607302062202848 -0.0069534984789219045 18.8
135.31727027893066  seconds  2.607302062202848 -0.0069534984789219045 4.7
137.67897057533264  seconds  2.607302062202848 -0.0069534984789219045 3.7
136.4504988193512  seconds  2.607302062202848 -0.0069534984789219045 1.7000000000000002
137.47348380088806  seconds  2.607302062202848 -0.0069534984789219045 2.7
105.94618153572083  seconds  2.607302062202848 -0.0069534984789219045 16.8
133.70441126823425  seconds  2.607302062202848 -0.0069534984789219045 6.7
140.12624073028564  seconds  2.607302062202848 -0.0069534984789219045 5.7
133.10553526878357  seconds  2.607302062202848 -0.0069534984789219045 19.6
134.64335894584656  seconds  2.607302062202848 -0.0069534984789219045 8.700000000000001
135.7884612083435  seconds  2.607302062202848 -0.0069534984789219045 7.7
135.99400973320007  seconds  2.607302062202848 -0.0069534984789219045 9.700000000000001
133.92243099212646  seconds  2.607302062202848 -0.0069534984789219045 10.700000000000001
135.42600178718567  seconds  2.607302062202848 -0.0069534984789219045 12.700000000000001
133.59877014160156  seconds  2.607302062202848 -0.0069534984789219045 11.700000000000001
130.80343174934387  seconds  2.607302062202848 -0.0069534984789219045 13.700000000000001
102.67895913124084  seconds  2.607302062202848 -0.0069534984789219045 18.900000000000002
139.85074424743652  seconds  2.607302062202848 -0.0069534984789219045 14.700000000000001
136.25421977043152  seconds  2.607302062202848 -0.0069534984789219045 15.700000000000001
101.70591974258423  seconds  2.607302062202848 -0.0069534984789219045 16.900000000000002
130.1448028087616  seconds  2.607302062202848 -0.0069534984789219045 17.7
131.54957127571106  seconds  2.607302062202848 -0.0069534984789219045 0.8
134.20116901397705  seconds  2.607302062202848 -0.0069534984789219045 4.800000000000001
129.89188504219055  seconds  2.607302062202848 -0.0069534984789219045 1.8
133.28138375282288  seconds  2.607302062202848 -0.0069534984789219045 3.8000000000000003
134.72046756744385  seconds  2.607302062202848 -0.0069534984789219045 2.8000000000000003
132.1245195865631  seconds  2.607302062202848 -0.0069534984789219045 6.800000000000001
132.88212513923645  seconds  2.607302062202848 -0.0069534984789219045 5.800000000000001
135.87259125709534  seconds  2.607302062202848 -0.0069534984789219045 19.700000000000003
134.22019600868225  seconds  2.607302062202848 -0.0069534984789219045 8.8
121.94375896453857  seconds  2.607302062202848 -0.0069534984789219045 9.8
135.24620366096497  seconds  2.607302062202848 -0.0069534984789219045 7.800000000000001
129.0792818069458  seconds  2.607302062202848 -0.0069534984789219045 10.8
129.96977877616882  seconds  2.607302062202848 -0.0069534984789219045 11.8
132.51813650131226  seconds  2.607302062202848 -0.0069534984789219045 12.8
114.6580798625946  seconds  2.607302062202848 -0.0069534984789219045 15.8
127.4375684261322  seconds  2.607302062202848 -0.0069534984789219045 14.8
135.47576689720154  seconds  2.607302062202848 -0.0069534984789219045 13.8
124.31841659545898  seconds  2.607302062202848 -0.0069534984789219045 17.8
129.56579303741455  seconds  2.607302062202848 -0.0069534984789219045 0.9
124.99750113487244  seconds  2.607302062202848 -0.0069534984789219045 4.9
124.24418926239014  seconds  2.607302062202848 -0.0069534984789219045 3.9000000000000004
133.96639895439148  seconds  2.607302062202848 -0.0069534984789219045 1.9000000000000001
126.16387939453125  seconds  2.607302062202848 -0.0069534984789219045 6.9
133.8767957687378  seconds  2.607302062202848 -0.0069534984789219045 2.9000000000000004
126.59220027923584  seconds  2.607302062202848 -0.0069534984789219045 5.9
124.4849066734314  seconds  2.607302062202848 -0.0069534984789219045 19.8
100.4860622882843  seconds  2.607302062202848 -0.0069534984789219045 9.9
123.81172108650208  seconds  2.607302062202848 -0.0069534984789219045 8.9
123.10901999473572  seconds  2.607302062202848 -0.0069534984789219045 7.9
118.47051739692688  seconds  2.607302062202848 -0.0069534984789219045 10.9
98.84694743156433  seconds  2.607302062202848 -0.0069534984789219045 15.9
117.84015107154846  seconds  2.607302062202848 -0.0069534984789219045 11.9
117.75915122032166  seconds  2.607302062202848 -0.0069534984789219045 12.9
113.18198490142822  seconds  2.607302062202848 -0.0069534984789219045 14.9
113.19660782814026  seconds  2.607302062202848 -0.0069534984789219045 13.9
110.86849784851074  seconds  2.607302062202848 -0.0069534984789219045 17.900000000000002
103.82840585708618  seconds  2.607302062202848 -0.0069534984789219045 19.900000000000002
time for calc.... 1523.5016584396362
energy at the point.. 2.6065504737387184 0.2694480660582359  is  2.9915582295814147e-06
200 the points 10 chunk numtheads
starting with calculation of Sigma
96.05108428001404  seconds  2.6065504737387184 0.2694480660582359 0.0
113.69422554969788  seconds  2.6065504737387184 0.2694480660582359 1.0
115.76222610473633  seconds  2.6065504737387184 0.2694480660582359 2.0
116.38756084442139  seconds  2.6065504737387184 0.2694480660582359 3.0
116.6149389743805  seconds  2.6065504737387184 0.2694480660582359 4.0
116.99916887283325  seconds  2.6065504737387184 0.2694480660582359 5.0
122.93544816970825  seconds  2.6065504737387184 0.2694480660582359 6.0
121.69226598739624  seconds  2.6065504737387184 0.2694480660582359 7.0
123.09421133995056  seconds  2.6065504737387184 0.2694480660582359 8.0
98.78102850914001  seconds  2.6065504737387184 0.2694480660582359 0.1
128.78182125091553  seconds  2.6065504737387184 0.2694480660582359 9.0
127.09747862815857  seconds  2.6065504737387184 0.2694480660582359 10.0
134.9516830444336  seconds  2.6065504737387184 0.2694480660582359 11.0
134.1034927368164  seconds  2.6065504737387184 0.2694480660582359 12.0
135.53879189491272  seconds  2.6065504737387184 0.2694480660582359 13.0
137.72808146476746  seconds  2.6065504737387184 0.2694480660582359 1.1
143.94357204437256  seconds  2.6065504737387184 0.2694480660582359 14.0
144.31837153434753  seconds  2.6065504737387184 0.2694480660582359 15.0
146.37478160858154  seconds  2.6065504737387184 0.2694480660582359 2.1
143.3093273639679  seconds  2.6065504737387184 0.2694480660582359 3.1
149.9807107448578  seconds  2.6065504737387184 0.2694480660582359 16.0
143.39463067054749  seconds  2.6065504737387184 0.2694480660582359 4.1000000000000005
143.3788058757782  seconds  2.6065504737387184 0.2694480660582359 17.0
103.05738735198975  seconds  2.6065504737387184 0.2694480660582359 0.2
141.72323489189148  seconds  2.6065504737387184 0.2694480660582359 5.1000000000000005
147.08062982559204  seconds  2.6065504737387184 0.2694480660582359 18.0
146.49902176856995  seconds  2.6065504737387184 0.2694480660582359 19.0
145.5104043483734  seconds  2.6065504737387184 0.2694480660582359 6.1000000000000005
144.07400608062744  seconds  2.6065504737387184 0.2694480660582359 7.1000000000000005
143.64339423179626  seconds  2.6065504737387184 0.2694480660582359 8.1
145.91511034965515  seconds  2.6065504737387184 0.2694480660582359 9.1
144.56208562850952  seconds  2.6065504737387184 0.2694480660582359 10.100000000000001
149.2074031829834  seconds  2.6065504737387184 0.2694480660582359 11.100000000000001
149.16739225387573  seconds  2.6065504737387184 0.2694480660582359 12.100000000000001
140.24125504493713  seconds  2.6065504737387184 0.2694480660582359 13.100000000000001
104.45107412338257  seconds  2.6065504737387184 0.2694480660582359 0.30000000000000004
147.44869828224182  seconds  2.6065504737387184 0.2694480660582359 1.2000000000000002
147.68537092208862  seconds  2.6065504737387184 0.2694480660582359 14.100000000000001
147.19102358818054  seconds  2.6065504737387184 0.2694480660582359 15.100000000000001
142.72701835632324  seconds  2.6065504737387184 0.2694480660582359 3.2
149.0960075855255  seconds  2.6065504737387184 0.2694480660582359 2.2
144.86744785308838  seconds  2.6065504737387184 0.2694480660582359 16.1
144.08869075775146  seconds  2.6065504737387184 0.2694480660582359 4.2
143.39257192611694  seconds  2.6065504737387184 0.2694480660582359 17.1
148.03019499778748  seconds  2.6065504737387184 0.2694480660582359 5.2
147.31858587265015  seconds  2.6065504737387184 0.2694480660582359 18.1
145.61046648025513  seconds  2.6065504737387184 0.2694480660582359 19.1
143.44846415519714  seconds  2.6065504737387184 0.2694480660582359 6.2
147.49236464500427  seconds  2.6065504737387184 0.2694480660582359 7.2
143.50421404838562  seconds  2.6065504737387184 0.2694480660582359 8.200000000000001
145.12407732009888  seconds  2.6065504737387184 0.2694480660582359 9.200000000000001
143.41739225387573  seconds  2.6065504737387184 0.2694480660582359 10.200000000000001
102.80569529533386  seconds  2.6065504737387184 0.2694480660582359 0.4
153.34179067611694  seconds  2.6065504737387184 0.2694480660582359 11.200000000000001
147.3392686843872  seconds  2.6065504737387184 0.2694480660582359 12.200000000000001
149.5777623653412  seconds  2.6065504737387184 0.2694480660582359 13.200000000000001
140.59446263313293  seconds  2.6065504737387184 0.2694480660582359 1.3
145.48362159729004  seconds  2.6065504737387184 0.2694480660582359 14.200000000000001
149.71914386749268  seconds  2.6065504737387184 0.2694480660582359 15.200000000000001
152.1043140888214  seconds  2.6065504737387184 0.2694480660582359 3.3000000000000003
152.29855799674988  seconds  2.6065504737387184 0.2694480660582359 2.3000000000000003
144.2073187828064  seconds  2.6065504737387184 0.2694480660582359 16.2
145.33507132530212  seconds  2.6065504737387184 0.2694480660582359 4.3
144.53778672218323  seconds  2.6065504737387184 0.2694480660582359 17.2
148.827130317688  seconds  2.6065504737387184 0.2694480660582359 5.300000000000001
147.8327076435089  seconds  2.6065504737387184 0.2694480660582359 18.2
143.96522665023804  seconds  2.6065504737387184 0.2694480660582359 6.300000000000001
104.17381811141968  seconds  2.6065504737387184 0.2694480660582359 0.5
147.30167245864868  seconds  2.6065504737387184 0.2694480660582359 19.200000000000003
143.08036637306213  seconds  2.6065504737387184 0.2694480660582359 8.3
149.5497887134552  seconds  2.6065504737387184 0.2694480660582359 7.300000000000001
149.20582222938538  seconds  2.6065504737387184 0.2694480660582359 9.3
145.06041288375854  seconds  2.6065504737387184 0.2694480660582359 10.3
140.71387147903442  seconds  2.6065504737387184 0.2694480660582359 11.3
145.22445440292358  seconds  2.6065504737387184 0.2694480660582359 12.3
148.06095147132874  seconds  2.6065504737387184 0.2694480660582359 13.3
149.2853307723999  seconds  2.6065504737387184 0.2694480660582359 1.4000000000000001
147.35921669006348  seconds  2.6065504737387184 0.2694480660582359 14.3
102.34586644172668  seconds  2.6065504737387184 0.2694480660582359 0.6000000000000001
146.34860467910767  seconds  2.6065504737387184 0.2694480660582359 15.3
141.99654030799866  seconds  2.6065504737387184 0.2694480660582359 16.3
142.95168089866638  seconds  2.6065504737387184 0.2694480660582359 2.4000000000000004
147.73697662353516  seconds  2.6065504737387184 0.2694480660582359 3.4000000000000004
145.7708957195282  seconds  2.6065504737387184 0.2694480660582359 4.4
147.2593069076538  seconds  2.6065504737387184 0.2694480660582359 17.3
142.0865409374237  seconds  2.6065504737387184 0.2694480660582359 5.4
143.40332674980164  seconds  2.6065504737387184 0.2694480660582359 18.3
147.9239523410797  seconds  2.6065504737387184 0.2694480660582359 6.4
146.5870645046234  seconds  2.6065504737387184 0.2694480660582359 19.3
145.2632794380188  seconds  2.6065504737387184 0.2694480660582359 8.4
145.51627135276794  seconds  2.6065504737387184 0.2694480660582359 7.4
145.7821238040924  seconds  2.6065504737387184 0.2694480660582359 9.4
149.32307887077332  seconds  2.6065504737387184 0.2694480660582359 10.4
102.07898807525635  seconds  2.6065504737387184 0.2694480660582359 0.7000000000000001
144.673175573349  seconds  2.6065504737387184 0.2694480660582359 11.4
151.3932659626007  seconds  2.6065504737387184 0.2694480660582359 12.4
149.28179240226746  seconds  2.6065504737387184 0.2694480660582359 13.4
140.761883020401  seconds  2.6065504737387184 0.2694480660582359 1.5
150.76504468917847  seconds  2.6065504737387184 0.2694480660582359 14.4
145.0981080532074  seconds  2.6065504737387184 0.2694480660582359 15.4
145.34429454803467  seconds  2.6065504737387184 0.2694480660582359 2.5
145.74322843551636  seconds  2.6065504737387184 0.2694480660582359 16.400000000000002
144.20950365066528  seconds  2.6065504737387184 0.2694480660582359 3.5
145.34340286254883  seconds  2.6065504737387184 0.2694480660582359 17.400000000000002
150.82082796096802  seconds  2.6065504737387184 0.2694480660582359 4.5
143.45054960250854  seconds  2.6065504737387184 0.2694480660582359 5.5
148.98145055770874  seconds  2.6065504737387184 0.2694480660582359 18.400000000000002
146.86953258514404  seconds  2.6065504737387184 0.2694480660582359 19.400000000000002
152.42555451393127  seconds  2.6065504737387184 0.2694480660582359 6.5
146.6891701221466  seconds  2.6065504737387184 0.2694480660582359 8.5
145.9987668991089  seconds  2.6065504737387184 0.2694480660582359 7.5
105.70551943778992  seconds  2.6065504737387184 0.2694480660582359 0.8
136.902822971344  seconds  2.6065504737387184 0.2694480660582359 9.5
139.58029079437256  seconds  2.6065504737387184 0.2694480660582359 10.5
145.63784551620483  seconds  2.6065504737387184 0.2694480660582359 11.5
146.58393383026123  seconds  2.6065504737387184 0.2694480660582359 12.5
143.37250232696533  seconds  2.6065504737387184 0.2694480660582359 1.6
146.4578926563263  seconds  2.6065504737387184 0.2694480660582359 13.5
117.6829195022583  seconds  2.6065504737387184 0.2694480660582359 16.5
124.41067743301392  seconds  2.6065504737387184 0.2694480660582359 3.6
138.34030938148499  seconds  2.6065504737387184 0.2694480660582359 14.5
141.4992048740387  seconds  2.6065504737387184 0.2694480660582359 15.5
113.2299485206604  seconds  2.6065504737387184 0.2694480660582359 18.5
143.06776094436646  seconds  2.6065504737387184 0.2694480660582359 2.6
137.62373113632202  seconds  2.6065504737387184 0.2694480660582359 4.6000000000000005
134.34775114059448  seconds  2.6065504737387184 0.2694480660582359 5.6000000000000005
142.53226017951965  seconds  2.6065504737387184 0.2694480660582359 17.5
108.64257907867432  seconds  2.6065504737387184 0.2694480660582359 0.9
133.42895078659058  seconds  2.6065504737387184 0.2694480660582359 19.5
110.43999147415161  seconds  2.6065504737387184 0.2694480660582359 9.600000000000001
110.69668555259705  seconds  2.6065504737387184 0.2694480660582359 10.600000000000001
133.08510375022888  seconds  2.6065504737387184 0.2694480660582359 8.6
143.61747121810913  seconds  2.6065504737387184 0.2694480660582359 6.6000000000000005
137.77996373176575  seconds  2.6065504737387184 0.2694480660582359 7.6000000000000005
130.05509757995605  seconds  2.6065504737387184 0.2694480660582359 11.600000000000001
112.96927547454834  seconds  2.6065504737387184 0.2694480660582359 16.6
132.83170223236084  seconds  2.6065504737387184 0.2694480660582359 12.600000000000001
106.34627747535706  seconds  2.6065504737387184 0.2694480660582359 18.6
133.96377611160278  seconds  2.6065504737387184 0.2694480660582359 1.7000000000000002
134.85443711280823  seconds  2.6065504737387184 0.2694480660582359 13.600000000000001
124.9650866985321  seconds  2.6065504737387184 0.2694480660582359 14.600000000000001
128.62058115005493  seconds  2.6065504737387184 0.2694480660582359 3.7
127.01764702796936  seconds  2.6065504737387184 0.2694480660582359 15.600000000000001
131.07795691490173  seconds  2.6065504737387184 0.2694480660582359 2.7
105.85905718803406  seconds  2.6065504737387184 0.2694480660582359 9.700000000000001
127.7318811416626  seconds  2.6065504737387184 0.2694480660582359 5.7
129.59480810165405  seconds  2.6065504737387184 0.2694480660582359 4.7
130.26355242729187  seconds  2.6065504737387184 0.2694480660582359 17.6
110.57619857788086  seconds  2.6065504737387184 0.2694480660582359 10.700000000000001
124.59091448783875  seconds  2.6065504737387184 0.2694480660582359 19.6
127.66613173484802  seconds  2.6065504737387184 0.2694480660582359 8.700000000000001
126.23488664627075  seconds  2.6065504737387184 0.2694480660582359 7.7
128.6500244140625  seconds  2.6065504737387184 0.2694480660582359 6.7
104.78625416755676  seconds  2.6065504737387184 0.2694480660582359 16.7
102.81016421318054  seconds  2.6065504737387184 0.2694480660582359 18.7
126.74778866767883  seconds  2.6065504737387184 0.2694480660582359 11.700000000000001
127.76042437553406  seconds  2.6065504737387184 0.2694480660582359 12.700000000000001
127.72026419639587  seconds  2.6065504737387184 0.2694480660582359 1.8
104.06231093406677  seconds  2.6065504737387184 0.2694480660582359 9.8
125.43115830421448  seconds  2.6065504737387184 0.2694480660582359 3.8000000000000003
128.44161796569824  seconds  2.6065504737387184 0.2694480660582359 14.700000000000001
133.75547695159912  seconds  2.6065504737387184 0.2694480660582359 13.700000000000001
124.19571709632874  seconds  2.6065504737387184 0.2694480660582359 15.700000000000001
105.4242000579834  seconds  2.6065504737387184 0.2694480660582359 10.8
128.44761443138123  seconds  2.6065504737387184 0.2694480660582359 2.8000000000000003
128.23639488220215  seconds  2.6065504737387184 0.2694480660582359 5.800000000000001
127.01416945457458  seconds  2.6065504737387184 0.2694480660582359 17.7
130.5917296409607  seconds  2.6065504737387184 0.2694480660582359 4.800000000000001
127.13533568382263  seconds  2.6065504737387184 0.2694480660582359 19.700000000000003
127.67650055885315  seconds  2.6065504737387184 0.2694480660582359 8.8
127.13316249847412  seconds  2.6065504737387184 0.2694480660582359 6.800000000000001
104.85081148147583  seconds  2.6065504737387184 0.2694480660582359 16.8
131.82204508781433  seconds  2.6065504737387184 0.2694480660582359 7.800000000000001
103.37708950042725  seconds  2.6065504737387184 0.2694480660582359 18.8
129.14758944511414  seconds  2.6065504737387184 0.2694480660582359 11.8
104.14404606819153  seconds  2.6065504737387184 0.2694480660582359 9.9
125.25382733345032  seconds  2.6065504737387184 0.2694480660582359 12.8
104.82392740249634  seconds  2.6065504737387184 0.2694480660582359 10.9
126.68866324424744  seconds  2.6065504737387184 0.2694480660582359 14.8
126.25736713409424  seconds  2.6065504737387184 0.2694480660582359 13.8
127.78253626823425  seconds  2.6065504737387184 0.2694480660582359 3.9000000000000004
135.39239025115967  seconds  2.6065504737387184 0.2694480660582359 1.9000000000000001
125.37493968009949  seconds  2.6065504737387184 0.2694480660582359 15.8
123.13723683357239  seconds  2.6065504737387184 0.2694480660582359 2.9000000000000004
128.54885721206665  seconds  2.6065504737387184 0.2694480660582359 17.8
130.7744152545929  seconds  2.6065504737387184 0.2694480660582359 5.9
127.25235223770142  seconds  2.6065504737387184 0.2694480660582359 4.9
101.84189486503601  seconds  2.6065504737387184 0.2694480660582359 16.900000000000002
124.49413871765137  seconds  2.6065504737387184 0.2694480660582359 19.8
99.03974032402039  seconds  2.6065504737387184 0.2694480660582359 18.900000000000002
123.55165886878967  seconds  2.6065504737387184 0.2694480660582359 8.9
123.54354858398438  seconds  2.6065504737387184 0.2694480660582359 6.9
127.77167773246765  seconds  2.6065504737387184 0.2694480660582359 7.9
120.18563842773438  seconds  2.6065504737387184 0.2694480660582359 11.9
115.60287880897522  seconds  2.6065504737387184 0.2694480660582359 12.9
113.54613518714905  seconds  2.6065504737387184 0.2694480660582359 14.9
113.5153455734253  seconds  2.6065504737387184 0.2694480660582359 13.9
112.50264549255371  seconds  2.6065504737387184 0.2694480660582359 15.9
109.52934765815735  seconds  2.6065504737387184 0.2694480660582359 17.900000000000002
107.89265203475952  seconds  2.6065504737387184 0.2694480660582359 19.900000000000002
time for calc.... 1552.4522061347961
energy at the point.. 2.602114031264387 0.5441112559756629  is  7.517785363120311e-06
200 the points 10 chunk numtheads
starting with calculation of Sigma
111.16147184371948  seconds  2.602114031264387 0.5441112559756629 0.0
111.57113528251648  seconds  2.602114031264387 0.5441112559756629 1.0
112.22196745872498  seconds  2.602114031264387 0.5441112559756629 2.0
115.38176727294922  seconds  2.602114031264387 0.5441112559756629 3.0
103.85922479629517  seconds  2.602114031264387 0.5441112559756629 5.0
114.13634920120239  seconds  2.602114031264387 0.5441112559756629 4.0
121.01742506027222  seconds  2.602114031264387 0.5441112559756629 6.0
118.13536882400513  seconds  2.602114031264387 0.5441112559756629 7.0
117.55006551742554  seconds  2.602114031264387 0.5441112559756629 8.0
118.71846532821655  seconds  2.602114031264387 0.5441112559756629 9.0
123.9453387260437  seconds  2.602114031264387 0.5441112559756629 10.0
123.98226881027222  seconds  2.602114031264387 0.5441112559756629 11.0
118.87435150146484  seconds  2.602114031264387 0.5441112559756629 12.0
124.3201310634613  seconds  2.602114031264387 0.5441112559756629 0.1
116.91901755332947  seconds  2.602114031264387 0.5441112559756629 14.0
124.3871636390686  seconds  2.602114031264387 0.5441112559756629 13.0
121.0282871723175  seconds  2.602114031264387 0.5441112559756629 1.1
120.26658010482788  seconds  2.602114031264387 0.5441112559756629 15.0
119.04313826560974  seconds  2.602114031264387 0.5441112559756629 2.1
123.58959984779358  seconds  2.602114031264387 0.5441112559756629 16.0
124.8910903930664  seconds  2.602114031264387 0.5441112559756629 3.1
120.74172472953796  seconds  2.602114031264387 0.5441112559756629 5.1000000000000005
124.2856273651123  seconds  2.602114031264387 0.5441112559756629 17.0
123.51666831970215  seconds  2.602114031264387 0.5441112559756629 4.1000000000000005
121.11788558959961  seconds  2.602114031264387 0.5441112559756629 18.0
122.15530228614807  seconds  2.602114031264387 0.5441112559756629 19.0
121.43210411071777  seconds  2.602114031264387 0.5441112559756629 6.1000000000000005
121.8875801563263  seconds  2.602114031264387 0.5441112559756629 7.1000000000000005
118.78250670433044  seconds  2.602114031264387 0.5441112559756629 8.1
121.18240475654602  seconds  2.602114031264387 0.5441112559756629 9.1
121.70770144462585  seconds  2.602114031264387 0.5441112559756629 10.100000000000001
123.48460912704468  seconds  2.602114031264387 0.5441112559756629 11.100000000000001
122.69560647010803  seconds  2.602114031264387 0.5441112559756629 12.100000000000001
120.17529320716858  seconds  2.602114031264387 0.5441112559756629 14.100000000000001
122.75862050056458  seconds  2.602114031264387 0.5441112559756629 0.2
123.0005464553833  seconds  2.602114031264387 0.5441112559756629 13.100000000000001
119.15160751342773  seconds  2.602114031264387 0.5441112559756629 1.2000000000000002
118.18786787986755  seconds  2.602114031264387 0.5441112559756629 2.2
127.30467224121094  seconds  2.602114031264387 0.5441112559756629 15.100000000000001
118.68180418014526  seconds  2.602114031264387 0.5441112559756629 16.1
122.70865416526794  seconds  2.602114031264387 0.5441112559756629 3.2
118.78494501113892  seconds  2.602114031264387 0.5441112559756629 4.2
123.33705520629883  seconds  2.602114031264387 0.5441112559756629 5.2
124.16533660888672  seconds  2.602114031264387 0.5441112559756629 17.1
118.60369801521301  seconds  2.602114031264387 0.5441112559756629 18.1
124.63577485084534  seconds  2.602114031264387 0.5441112559756629 19.1
117.0317976474762  seconds  2.602114031264387 0.5441112559756629 6.2
119.85613131523132  seconds  2.602114031264387 0.5441112559756629 7.2
118.30727005004883  seconds  2.602114031264387 0.5441112559756629 8.200000000000001
116.73507070541382  seconds  2.602114031264387 0.5441112559756629 9.200000000000001
120.41612958908081  seconds  2.602114031264387 0.5441112559756629 10.200000000000001
118.62434101104736  seconds  2.602114031264387 0.5441112559756629 11.200000000000001
121.11685395240784  seconds  2.602114031264387 0.5441112559756629 12.200000000000001
119.1440839767456  seconds  2.602114031264387 0.5441112559756629 0.30000000000000004
117.85248327255249  seconds  2.602114031264387 0.5441112559756629 1.3
123.04765152931213  seconds  2.602114031264387 0.5441112559756629 14.200000000000001
124.9494400024414  seconds  2.602114031264387 0.5441112559756629 13.200000000000001
124.34793257713318  seconds  2.602114031264387 0.5441112559756629 2.3000000000000003
117.2584297657013  seconds  2.602114031264387 0.5441112559756629 16.2
119.48038005828857  seconds  2.602114031264387 0.5441112559756629 15.200000000000001
118.56962537765503  seconds  2.602114031264387 0.5441112559756629 3.3000000000000003
117.22608876228333  seconds  2.602114031264387 0.5441112559756629 4.3
120.82934165000916  seconds  2.602114031264387 0.5441112559756629 18.2
122.14570903778076  seconds  2.602114031264387 0.5441112559756629 17.2
125.2452301979065  seconds  2.602114031264387 0.5441112559756629 5.300000000000001
119.49139046669006  seconds  2.602114031264387 0.5441112559756629 19.200000000000003
116.40863752365112  seconds  2.602114031264387 0.5441112559756629 6.300000000000001
119.80485963821411  seconds  2.602114031264387 0.5441112559756629 7.300000000000001
118.07963633537292  seconds  2.602114031264387 0.5441112559756629 8.3
118.78754782676697  seconds  2.602114031264387 0.5441112559756629 9.3
119.73437309265137  seconds  2.602114031264387 0.5441112559756629 10.3
120.42592883110046  seconds  2.602114031264387 0.5441112559756629 11.3
123.51100826263428  seconds  2.602114031264387 0.5441112559756629 12.3
118.2463846206665  seconds  2.602114031264387 0.5441112559756629 0.4
118.00398135185242  seconds  2.602114031264387 0.5441112559756629 1.4000000000000001
117.94473791122437  seconds  2.602114031264387 0.5441112559756629 14.3
121.07624220848083  seconds  2.602114031264387 0.5441112559756629 13.3
120.63180255889893  seconds  2.602114031264387 0.5441112559756629 2.4000000000000004
119.68281650543213  seconds  2.602114031264387 0.5441112559756629 15.3
124.40520811080933  seconds  2.602114031264387 0.5441112559756629 16.3
117.34661960601807  seconds  2.602114031264387 0.5441112559756629 4.4
121.22680902481079  seconds  2.602114031264387 0.5441112559756629 3.4000000000000004
120.39009356498718  seconds  2.602114031264387 0.5441112559756629 18.3
122.1719160079956  seconds  2.602114031264387 0.5441112559756629 17.3
122.19837808609009  seconds  2.602114031264387 0.5441112559756629 5.4
116.66033744812012  seconds  2.602114031264387 0.5441112559756629 6.4
126.66858911514282  seconds  2.602114031264387 0.5441112559756629 19.3
117.62686324119568  seconds  2.602114031264387 0.5441112559756629 7.4
118.64710402488708  seconds  2.602114031264387 0.5441112559756629 8.4
120.66659045219421  seconds  2.602114031264387 0.5441112559756629 9.4
119.62613654136658  seconds  2.602114031264387 0.5441112559756629 10.4
117.03077030181885  seconds  2.602114031264387 0.5441112559756629 11.4
118.73621082305908  seconds  2.602114031264387 0.5441112559756629 12.4
118.72299647331238  seconds  2.602114031264387 0.5441112559756629 0.5
116.69713854789734  seconds  2.602114031264387 0.5441112559756629 14.4
125.08432745933533  seconds  2.602114031264387 0.5441112559756629 1.5
116.81933951377869  seconds  2.602114031264387 0.5441112559756629 13.4
120.75373530387878  seconds  2.602114031264387 0.5441112559756629 2.5
121.52919244766235  seconds  2.602114031264387 0.5441112559756629 15.4
122.41239666938782  seconds  2.602114031264387 0.5441112559756629 16.400000000000002
117.1165919303894  seconds  2.602114031264387 0.5441112559756629 4.5
120.87384462356567  seconds  2.602114031264387 0.5441112559756629 3.5
119.50206017494202  seconds  2.602114031264387 0.5441112559756629 18.400000000000002
118.6223816871643  seconds  2.602114031264387 0.5441112559756629 17.400000000000002
120.24275708198547  seconds  2.602114031264387 0.5441112559756629 5.5
121.3468644618988  seconds  2.602114031264387 0.5441112559756629 6.5
120.87484908103943  seconds  2.602114031264387 0.5441112559756629 19.400000000000002
119.5130877494812  seconds  2.602114031264387 0.5441112559756629 8.5
123.64814710617065  seconds  2.602114031264387 0.5441112559756629 7.5
117.66115307807922  seconds  2.602114031264387 0.5441112559756629 9.5
120.40153527259827  seconds  2.602114031264387 0.5441112559756629 10.5
118.21914744377136  seconds  2.602114031264387 0.5441112559756629 11.5
118.91789054870605  seconds  2.602114031264387 0.5441112559756629 12.5
117.7735812664032  seconds  2.602114031264387 0.5441112559756629 0.6000000000000001
120.37492680549622  seconds  2.602114031264387 0.5441112559756629 14.5
121.76580619812012  seconds  2.602114031264387 0.5441112559756629 13.5
123.80931878089905  seconds  2.602114031264387 0.5441112559756629 1.6
119.55408143997192  seconds  2.602114031264387 0.5441112559756629 2.6
124.01145482063293  seconds  2.602114031264387 0.5441112559756629 15.5
119.04215264320374  seconds  2.602114031264387 0.5441112559756629 4.6000000000000005
123.64150619506836  seconds  2.602114031264387 0.5441112559756629 16.5
117.34213519096375  seconds  2.602114031264387 0.5441112559756629 3.6
119.59519529342651  seconds  2.602114031264387 0.5441112559756629 18.5
119.66310024261475  seconds  2.602114031264387 0.5441112559756629 17.5
118.24960064888  seconds  2.602114031264387 0.5441112559756629 5.6000000000000005
118.40253257751465  seconds  2.602114031264387 0.5441112559756629 6.6000000000000005
125.01551055908203  seconds  2.602114031264387 0.5441112559756629 19.5
120.24923396110535  seconds  2.602114031264387 0.5441112559756629 8.6
118.62887167930603  seconds  2.602114031264387 0.5441112559756629 7.6000000000000005
117.44820046424866  seconds  2.602114031264387 0.5441112559756629 9.600000000000001
120.95161437988281  seconds  2.602114031264387 0.5441112559756629 10.600000000000001
119.12294888496399  seconds  2.602114031264387 0.5441112559756629 11.600000000000001
120.6890058517456  seconds  2.602114031264387 0.5441112559756629 12.600000000000001
120.2739782333374  seconds  2.602114031264387 0.5441112559756629 0.7000000000000001
121.13145017623901  seconds  2.602114031264387 0.5441112559756629 14.600000000000001
120.10183238983154  seconds  2.602114031264387 0.5441112559756629 13.600000000000001
121.49993920326233  seconds  2.602114031264387 0.5441112559756629 1.7000000000000002
119.53091764450073  seconds  2.602114031264387 0.5441112559756629 2.7
117.92368388175964  seconds  2.602114031264387 0.5441112559756629 4.7
121.27868938446045  seconds  2.602114031264387 0.5441112559756629 15.600000000000001
117.20265316963196  seconds  2.602114031264387 0.5441112559756629 16.6
115.97393798828125  seconds  2.602114031264387 0.5441112559756629 3.7
118.9504771232605  seconds  2.602114031264387 0.5441112559756629 18.6
120.88272047042847  seconds  2.602114031264387 0.5441112559756629 17.6
119.16990113258362  seconds  2.602114031264387 0.5441112559756629 5.7
120.46223306655884  seconds  2.602114031264387 0.5441112559756629 6.7
121.37533283233643  seconds  2.602114031264387 0.5441112559756629 19.6
119.27903151512146  seconds  2.602114031264387 0.5441112559756629 7.7
120.27426433563232  seconds  2.602114031264387 0.5441112559756629 8.700000000000001
119.56506609916687  seconds  2.602114031264387 0.5441112559756629 9.700000000000001
119.05028080940247  seconds  2.602114031264387 0.5441112559756629 10.700000000000001
118.66168594360352  seconds  2.602114031264387 0.5441112559756629 11.700000000000001
120.96235084533691  seconds  2.602114031264387 0.5441112559756629 12.700000000000001
117.96746706962585  seconds  2.602114031264387 0.5441112559756629 14.700000000000001
122.76659917831421  seconds  2.602114031264387 0.5441112559756629 0.8
117.98380184173584  seconds  2.602114031264387 0.5441112559756629 13.700000000000001
119.45739030838013  seconds  2.602114031264387 0.5441112559756629 2.8000000000000003
124.05667352676392  seconds  2.602114031264387 0.5441112559756629 1.8
117.86248230934143  seconds  2.602114031264387 0.5441112559756629 4.800000000000001
119.12519860267639  seconds  2.602114031264387 0.5441112559756629 3.8000000000000003
120.4632523059845  seconds  2.602114031264387 0.5441112559756629 16.7
123.84210324287415  seconds  2.602114031264387 0.5441112559756629 15.700000000000001
122.18457508087158  seconds  2.602114031264387 0.5441112559756629 18.7
122.96489882469177  seconds  2.602114031264387 0.5441112559756629 5.800000000000001
124.9973657131195  seconds  2.602114031264387 0.5441112559756629 17.7
117.15635085105896  seconds  2.602114031264387 0.5441112559756629 6.800000000000001
117.44530367851257  seconds  2.602114031264387 0.5441112559756629 7.800000000000001
121.41797494888306  seconds  2.602114031264387 0.5441112559756629 19.700000000000003
119.7149555683136  seconds  2.602114031264387 0.5441112559756629 8.8
121.1929259300232  seconds  2.602114031264387 0.5441112559756629 9.8
119.41979885101318  seconds  2.602114031264387 0.5441112559756629 10.8
122.76045250892639  seconds  2.602114031264387 0.5441112559756629 11.8
116.59008717536926  seconds  2.602114031264387 0.5441112559756629 0.9
123.25280904769897  seconds  2.602114031264387 0.5441112559756629 12.8
126.40246677398682  seconds  2.602114031264387 0.5441112559756629 14.8
117.20240569114685  seconds  2.602114031264387 0.5441112559756629 13.8
118.56257653236389  seconds  2.602114031264387 0.5441112559756629 2.9000000000000004
116.54442954063416  seconds  2.602114031264387 0.5441112559756629 4.9
122.71451425552368  seconds  2.602114031264387 0.5441112559756629 1.9000000000000001
120.23111152648926  seconds  2.602114031264387 0.5441112559756629 3.9000000000000004
118.1598846912384  seconds  2.602114031264387 0.5441112559756629 15.8
121.4321494102478  seconds  2.602114031264387 0.5441112559756629 16.8
114.07005381584167  seconds  2.602114031264387 0.5441112559756629 18.8
117.41763138771057  seconds  2.602114031264387 0.5441112559756629 5.9
114.57646298408508  seconds  2.602114031264387 0.5441112559756629 6.9
116.12717151641846  seconds  2.602114031264387 0.5441112559756629 17.8
116.70804738998413  seconds  2.602114031264387 0.5441112559756629 7.9
114.64753246307373  seconds  2.602114031264387 0.5441112559756629 8.9
117.240891456604  seconds  2.602114031264387 0.5441112559756629 19.8
115.32608318328857  seconds  2.602114031264387 0.5441112559756629 9.9
110.75021076202393  seconds  2.602114031264387 0.5441112559756629 10.9
109.73492622375488  seconds  2.602114031264387 0.5441112559756629 11.9
109.04871201515198  seconds  2.602114031264387 0.5441112559756629 12.9
105.75746178627014  seconds  2.602114031264387 0.5441112559756629 13.9
109.82473969459534  seconds  2.602114031264387 0.5441112559756629 14.9
105.3770318031311  seconds  2.602114031264387 0.5441112559756629 16.900000000000002
106.5451226234436  seconds  2.602114031264387 0.5441112559756629 15.9
104.68877410888672  seconds  2.602114031264387 0.5441112559756629 18.900000000000002
103.73777675628662  seconds  2.602114031264387 0.5441112559756629 17.900000000000002
102.58651876449585  seconds  2.602114031264387 0.5441112559756629 19.900000000000002
time for calc.... 1380.3946871757507
energy at the point.. 2.5846892989406154 0.8396349413298569  is  1.1574406936887272e-05
200 the points 10 chunk numtheads
starting with calculation of Sigma
104.38479852676392  seconds  2.5846892989406154 0.8396349413298569 0.0
108.78988075256348  seconds  2.5846892989406154 0.8396349413298569 1.0
106.72241353988647  seconds  2.5846892989406154 0.8396349413298569 2.0
105.37028169631958  seconds  2.5846892989406154 0.8396349413298569 3.0
105.17535209655762  seconds  2.5846892989406154 0.8396349413298569 4.0
104.72751379013062  seconds  2.5846892989406154 0.8396349413298569 5.0
118.95928716659546  seconds  2.5846892989406154 0.8396349413298569 6.0
120.11234855651855  seconds  2.5846892989406154 0.8396349413298569 7.0
128.0280556678772  seconds  2.5846892989406154 0.8396349413298569 8.0
129.37244057655334  seconds  2.5846892989406154 0.8396349413298569 9.0
129.2770493030548  seconds  2.5846892989406154 0.8396349413298569 10.0
105.2726309299469  seconds  2.5846892989406154 0.8396349413298569 1.1
138.07266426086426  seconds  2.5846892989406154 0.8396349413298569 11.0
104.72460198402405  seconds  2.5846892989406154 0.8396349413298569 2.1
104.44956064224243  seconds  2.5846892989406154 0.8396349413298569 3.1
134.64817547798157  seconds  2.5846892989406154 0.8396349413298569 13.0
144.5058434009552  seconds  2.5846892989406154 0.8396349413298569 12.0
139.12711882591248  seconds  2.5846892989406154 0.8396349413298569 0.1
105.25669693946838  seconds  2.5846892989406154 0.8396349413298569 4.1000000000000005
104.80068612098694  seconds  2.5846892989406154 0.8396349413298569 5.1000000000000005
140.87821531295776  seconds  2.5846892989406154 0.8396349413298569 14.0
141.20677256584167  seconds  2.5846892989406154 0.8396349413298569 15.0
144.98140406608582  seconds  2.5846892989406154 0.8396349413298569 16.0
143.4046449661255  seconds  2.5846892989406154 0.8396349413298569 17.0
140.64727187156677  seconds  2.5846892989406154 0.8396349413298569 18.0
144.78868126869202  seconds  2.5846892989406154 0.8396349413298569 19.0
141.91437816619873  seconds  2.5846892989406154 0.8396349413298569 6.1000000000000005
146.33129620552063  seconds  2.5846892989406154 0.8396349413298569 7.1000000000000005
105.26834440231323  seconds  2.5846892989406154 0.8396349413298569 1.2000000000000002
104.56351041793823  seconds  2.5846892989406154 0.8396349413298569 2.2
147.25471329689026  seconds  2.5846892989406154 0.8396349413298569 8.1
105.78725075721741  seconds  2.5846892989406154 0.8396349413298569 3.2
145.76797533035278  seconds  2.5846892989406154 0.8396349413298569 9.1
105.09169793128967  seconds  2.5846892989406154 0.8396349413298569 4.2
104.91419053077698  seconds  2.5846892989406154 0.8396349413298569 5.2
149.19353199005127  seconds  2.5846892989406154 0.8396349413298569 10.100000000000001
142.7863883972168  seconds  2.5846892989406154 0.8396349413298569 11.100000000000001
142.31220602989197  seconds  2.5846892989406154 0.8396349413298569 13.100000000000001
139.24250030517578  seconds  2.5846892989406154 0.8396349413298569 0.2
145.48371982574463  seconds  2.5846892989406154 0.8396349413298569 12.100000000000001
138.60066485404968  seconds  2.5846892989406154 0.8396349413298569 14.100000000000001
146.4335412979126  seconds  2.5846892989406154 0.8396349413298569 15.100000000000001
144.5562481880188  seconds  2.5846892989406154 0.8396349413298569 16.1
140.64290833473206  seconds  2.5846892989406154 0.8396349413298569 17.1
105.43377923965454  seconds  2.5846892989406154 0.8396349413298569 1.3
148.36043620109558  seconds  2.5846892989406154 0.8396349413298569 18.1
106.95824861526489  seconds  2.5846892989406154 0.8396349413298569 2.3000000000000003
143.0191671848297  seconds  2.5846892989406154 0.8396349413298569 19.1
106.64910984039307  seconds  2.5846892989406154 0.8396349413298569 3.3000000000000003
142.68982243537903  seconds  2.5846892989406154 0.8396349413298569 6.2
105.33737516403198  seconds  2.5846892989406154 0.8396349413298569 4.3
104.21369862556458  seconds  2.5846892989406154 0.8396349413298569 5.300000000000001
143.66675472259521  seconds  2.5846892989406154 0.8396349413298569 7.2
141.54000115394592  seconds  2.5846892989406154 0.8396349413298569 8.200000000000001
140.787526845932  seconds  2.5846892989406154 0.8396349413298569 9.200000000000001
147.3971917629242  seconds  2.5846892989406154 0.8396349413298569 10.200000000000001
150.71304297447205  seconds  2.5846892989406154 0.8396349413298569 11.200000000000001
141.58224368095398  seconds  2.5846892989406154 0.8396349413298569 13.200000000000001
146.14935851097107  seconds  2.5846892989406154 0.8396349413298569 0.30000000000000004
144.65824103355408  seconds  2.5846892989406154 0.8396349413298569 12.200000000000001
142.78473138809204  seconds  2.5846892989406154 0.8396349413298569 14.200000000000001
106.13878083229065  seconds  2.5846892989406154 0.8396349413298569 1.4000000000000001
105.35931968688965  seconds  2.5846892989406154 0.8396349413298569 2.4000000000000004
105.46983814239502  seconds  2.5846892989406154 0.8396349413298569 3.4000000000000004
150.71102380752563  seconds  2.5846892989406154 0.8396349413298569 15.200000000000001
105.04399085044861  seconds  2.5846892989406154 0.8396349413298569 4.4
142.41658329963684  seconds  2.5846892989406154 0.8396349413298569 16.2
144.78244304656982  seconds  2.5846892989406154 0.8396349413298569 17.2
105.41480684280396  seconds  2.5846892989406154 0.8396349413298569 5.4
131.75274538993835  seconds  2.5846892989406154 0.8396349413298569 18.2
136.6894919872284  seconds  2.5846892989406154 0.8396349413298569 6.300000000000001
147.0969316959381  seconds  2.5846892989406154 0.8396349413298569 19.200000000000003
138.15409541130066  seconds  2.5846892989406154 0.8396349413298569 7.300000000000001
142.32891011238098  seconds  2.5846892989406154 0.8396349413298569 8.3
138.46309661865234  seconds  2.5846892989406154 0.8396349413298569 9.3
135.21272659301758  seconds  2.5846892989406154 0.8396349413298569 10.3
126.55778169631958  seconds  2.5846892989406154 0.8396349413298569 11.3
109.49091362953186  seconds  2.5846892989406154 0.8396349413298569 1.5
109.10534286499023  seconds  2.5846892989406154 0.8396349413298569 2.5
107.62692475318909  seconds  2.5846892989406154 0.8396349413298569 3.5
139.1410219669342  seconds  2.5846892989406154 0.8396349413298569 13.3
136.74317264556885  seconds  2.5846892989406154 0.8396349413298569 12.3
140.1730477809906  seconds  2.5846892989406154 0.8396349413298569 0.4
108.5611822605133  seconds  2.5846892989406154 0.8396349413298569 4.5
136.91618943214417  seconds  2.5846892989406154 0.8396349413298569 14.3
109.55522513389587  seconds  2.5846892989406154 0.8396349413298569 5.5
110.61601305007935  seconds  2.5846892989406154 0.8396349413298569 17.3
132.4425811767578  seconds  2.5846892989406154 0.8396349413298569 15.3
134.90042781829834  seconds  2.5846892989406154 0.8396349413298569 16.3
135.22356247901917  seconds  2.5846892989406154 0.8396349413298569 18.3
135.8170828819275  seconds  2.5846892989406154 0.8396349413298569 19.3
139.06616735458374  seconds  2.5846892989406154 0.8396349413298569 6.4
134.75945925712585  seconds  2.5846892989406154 0.8396349413298569 7.4
108.65840005874634  seconds  2.5846892989406154 0.8396349413298569 11.4
109.19282674789429  seconds  2.5846892989406154 0.8396349413298569 1.6
137.06796884536743  seconds  2.5846892989406154 0.8396349413298569 8.4
107.9239547252655  seconds  2.5846892989406154 0.8396349413298569 2.6
139.81071591377258  seconds  2.5846892989406154 0.8396349413298569 9.4
108.74879121780396  seconds  2.5846892989406154 0.8396349413298569 3.6
133.73481369018555  seconds  2.5846892989406154 0.8396349413298569 10.4
109.39200687408447  seconds  2.5846892989406154 0.8396349413298569 4.6000000000000005
109.31528067588806  seconds  2.5846892989406154 0.8396349413298569 17.400000000000002
109.94536352157593  seconds  2.5846892989406154 0.8396349413298569 5.6000000000000005
135.02245235443115  seconds  2.5846892989406154 0.8396349413298569 0.5
135.51273655891418  seconds  2.5846892989406154 0.8396349413298569 12.4
141.6555745601654  seconds  2.5846892989406154 0.8396349413298569 13.4
136.2211630344391  seconds  2.5846892989406154 0.8396349413298569 14.4
134.72880339622498  seconds  2.5846892989406154 0.8396349413298569 15.4
137.58850812911987  seconds  2.5846892989406154 0.8396349413298569 16.400000000000002
133.09971714019775  seconds  2.5846892989406154 0.8396349413298569 18.400000000000002
135.85189771652222  seconds  2.5846892989406154 0.8396349413298569 19.400000000000002
108.96795392036438  seconds  2.5846892989406154 0.8396349413298569 11.5
135.76703667640686  seconds  2.5846892989406154 0.8396349413298569 6.5
111.45521974563599  seconds  2.5846892989406154 0.8396349413298569 1.7000000000000002
108.1178092956543  seconds  2.5846892989406154 0.8396349413298569 2.7
110.05606579780579  seconds  2.5846892989406154 0.8396349413298569 3.7
139.39207124710083  seconds  2.5846892989406154 0.8396349413298569 7.5
112.13483572006226  seconds  2.5846892989406154 0.8396349413298569 4.7
108.6691780090332  seconds  2.5846892989406154 0.8396349413298569 17.5
109.49426555633545  seconds  2.5846892989406154 0.8396349413298569 5.7
138.1337010860443  seconds  2.5846892989406154 0.8396349413298569 8.5
137.8522264957428  seconds  2.5846892989406154 0.8396349413298569 9.5
136.55027270317078  seconds  2.5846892989406154 0.8396349413298569 10.5
133.71043634414673  seconds  2.5846892989406154 0.8396349413298569 0.6000000000000001
135.48244333267212  seconds  2.5846892989406154 0.8396349413298569 13.5
137.26648926734924  seconds  2.5846892989406154 0.8396349413298569 12.5
137.7149088382721  seconds  2.5846892989406154 0.8396349413298569 14.5
137.2347764968872  seconds  2.5846892989406154 0.8396349413298569 15.5
131.18528985977173  seconds  2.5846892989406154 0.8396349413298569 18.5
140.57319045066833  seconds  2.5846892989406154 0.8396349413298569 16.5
113.28565096855164  seconds  2.5846892989406154 0.8396349413298569 11.600000000000001
110.37568879127502  seconds  2.5846892989406154 0.8396349413298569 1.8
112.53929233551025  seconds  2.5846892989406154 0.8396349413298569 2.8000000000000003
111.2699761390686  seconds  2.5846892989406154 0.8396349413298569 3.8000000000000003
135.44625449180603  seconds  2.5846892989406154 0.8396349413298569 19.5
134.0236361026764  seconds  2.5846892989406154 0.8396349413298569 6.6000000000000005
109.78340458869934  seconds  2.5846892989406154 0.8396349413298569 4.800000000000001
110.11849880218506  seconds  2.5846892989406154 0.8396349413298569 17.6
131.4380693435669  seconds  2.5846892989406154 0.8396349413298569 7.6000000000000005
117.48172855377197  seconds  2.5846892989406154 0.8396349413298569 5.800000000000001
133.38597679138184  seconds  2.5846892989406154 0.8396349413298569 8.6
135.737295627594  seconds  2.5846892989406154 0.8396349413298569 9.600000000000001
133.71240162849426  seconds  2.5846892989406154 0.8396349413298569 10.600000000000001
133.22656321525574  seconds  2.5846892989406154 0.8396349413298569 13.600000000000001
134.42828226089478  seconds  2.5846892989406154 0.8396349413298569 12.600000000000001
131.89809370040894  seconds  2.5846892989406154 0.8396349413298569 14.600000000000001
141.45127129554749  seconds  2.5846892989406154 0.8396349413298569 0.7000000000000001
113.38856267929077  seconds  2.5846892989406154 0.8396349413298569 18.6
111.1583480834961  seconds  2.5846892989406154 0.8396349413298569 11.700000000000001
110.54325127601624  seconds  2.5846892989406154 0.8396349413298569 1.9000000000000001
129.71145606040955  seconds  2.5846892989406154 0.8396349413298569 15.600000000000001
114.35710072517395  seconds  2.5846892989406154 0.8396349413298569 2.9000000000000004
109.55527210235596  seconds  2.5846892989406154 0.8396349413298569 3.9000000000000004
133.1899516582489  seconds  2.5846892989406154 0.8396349413298569 16.6
108.93409895896912  seconds  2.5846892989406154 0.8396349413298569 4.9
108.7769181728363  seconds  2.5846892989406154 0.8396349413298569 17.7
111.87181115150452  seconds  2.5846892989406154 0.8396349413298569 5.9
133.93385410308838  seconds  2.5846892989406154 0.8396349413298569 19.6
135.53402042388916  seconds  2.5846892989406154 0.8396349413298569 6.7
129.76310443878174  seconds  2.5846892989406154 0.8396349413298569 7.7
129.26012802124023  seconds  2.5846892989406154 0.8396349413298569 8.700000000000001
131.1732895374298  seconds  2.5846892989406154 0.8396349413298569 9.700000000000001
126.27283501625061  seconds  2.5846892989406154 0.8396349413298569 10.700000000000001
103.72862219810486  seconds  2.5846892989406154 0.8396349413298569 18.7
103.3651008605957  seconds  2.5846892989406154 0.8396349413298569 11.8
120.99822497367859  seconds  2.5846892989406154 0.8396349413298569 12.700000000000001
123.48228120803833  seconds  2.5846892989406154 0.8396349413298569 14.700000000000001
122.97731494903564  seconds  2.5846892989406154 0.8396349413298569 0.8
129.43467593193054  seconds  2.5846892989406154 0.8396349413298569 13.700000000000001
101.73869562149048  seconds  2.5846892989406154 0.8396349413298569 17.8
127.86196446418762  seconds  2.5846892989406154 0.8396349413298569 15.700000000000001
122.73401880264282  seconds  2.5846892989406154 0.8396349413298569 16.7
114.65642309188843  seconds  2.5846892989406154 0.8396349413298569 19.700000000000003
128.14632534980774  seconds  2.5846892989406154 0.8396349413298569 6.800000000000001
122.165194272995  seconds  2.5846892989406154 0.8396349413298569 7.800000000000001
118.01025104522705  seconds  2.5846892989406154 0.8396349413298569 8.8
102.13210701942444  seconds  2.5846892989406154 0.8396349413298569 18.8
119.64830613136292  seconds  2.5846892989406154 0.8396349413298569 10.8
101.97228622436523  seconds  2.5846892989406154 0.8396349413298569 11.9
124.03031134605408  seconds  2.5846892989406154 0.8396349413298569 9.8
119.59728574752808  seconds  2.5846892989406154 0.8396349413298569 12.8
101.68551087379456  seconds  2.5846892989406154 0.8396349413298569 17.900000000000002
117.64361786842346  seconds  2.5846892989406154 0.8396349413298569 14.8
117.59648704528809  seconds  2.5846892989406154 0.8396349413298569 0.9
120.98293948173523  seconds  2.5846892989406154 0.8396349413298569 13.8
115.6922652721405  seconds  2.5846892989406154 0.8396349413298569 15.8
115.67331147193909  seconds  2.5846892989406154 0.8396349413298569 16.8
116.7416124343872  seconds  2.5846892989406154 0.8396349413298569 19.8
107.64400219917297  seconds  2.5846892989406154 0.8396349413298569 6.9
113.86626982688904  seconds  2.5846892989406154 0.8396349413298569 7.9
99.74066138267517  seconds  2.5846892989406154 0.8396349413298569 18.900000000000002
113.97203040122986  seconds  2.5846892989406154 0.8396349413298569 8.9
112.55588984489441  seconds  2.5846892989406154 0.8396349413298569 10.9
111.90574622154236  seconds  2.5846892989406154 0.8396349413298569 9.9
111.93467473983765  seconds  2.5846892989406154 0.8396349413298569 12.9
108.9882071018219  seconds  2.5846892989406154 0.8396349413298569 14.9
107.51142740249634  seconds  2.5846892989406154 0.8396349413298569 13.9
106.4508888721466  seconds  2.5846892989406154 0.8396349413298569 15.9
105.12721705436707  seconds  2.5846892989406154 0.8396349413298569 16.900000000000002
102.4833402633667  seconds  2.5846892989406154 0.8396349413298569 19.900000000000002
time for calc.... 1489.116369485855
energy at the point.. 2.5337077240684835 1.1368970013037814  is  2.067935501059992e-06
200 the points 10 chunk numtheads
starting with calculation of Sigma
110.26866841316223  seconds  2.5337077240684835 1.1368970013037814 0.0
112.44144630432129  seconds  2.5337077240684835 1.1368970013037814 1.0
99.15856099128723  seconds  2.5337077240684835 1.1368970013037814 3.0
113.65612483024597  seconds  2.5337077240684835 1.1368970013037814 2.0
116.50342035293579  seconds  2.5337077240684835 1.1368970013037814 4.0
116.58427715301514  seconds  2.5337077240684835 1.1368970013037814 5.0
119.43758130073547  seconds  2.5337077240684835 1.1368970013037814 6.0
119.17288374900818  seconds  2.5337077240684835 1.1368970013037814 7.0
120.46472525596619  seconds  2.5337077240684835 1.1368970013037814 8.0
105.60215592384338  seconds  2.5337077240684835 1.1368970013037814 11.0
126.863698720932  seconds  2.5337077240684835 1.1368970013037814 9.0
125.4952552318573  seconds  2.5337077240684835 1.1368970013037814 10.0
127.95714521408081  seconds  2.5337077240684835 1.1368970013037814 12.0
106.5543417930603  seconds  2.5337077240684835 1.1368970013037814 3.1
130.86528205871582  seconds  2.5337077240684835 1.1368970013037814 0.1
129.62792778015137  seconds  2.5337077240684835 1.1368970013037814 13.0
126.01391220092773  seconds  2.5337077240684835 1.1368970013037814 1.1
127.20306777954102  seconds  2.5337077240684835 1.1368970013037814 14.0
127.97221803665161  seconds  2.5337077240684835 1.1368970013037814 2.1
129.77370929718018  seconds  2.5337077240684835 1.1368970013037814 15.0
126.49400901794434  seconds  2.5337077240684835 1.1368970013037814 16.0
109.11894392967224  seconds  2.5337077240684835 1.1368970013037814 19.0
127.98634767532349  seconds  2.5337077240684835 1.1368970013037814 4.1000000000000005
135.7130696773529  seconds  2.5337077240684835 1.1368970013037814 17.0
130.17188143730164  seconds  2.5337077240684835 1.1368970013037814 5.1000000000000005
134.15462374687195  seconds  2.5337077240684835 1.1368970013037814 18.0
132.99404096603394  seconds  2.5337077240684835 1.1368970013037814 6.1000000000000005
128.59288239479065  seconds  2.5337077240684835 1.1368970013037814 7.1000000000000005
109.52656650543213  seconds  2.5337077240684835 1.1368970013037814 11.100000000000001
128.14679980278015  seconds  2.5337077240684835 1.1368970013037814 8.1
132.23616933822632  seconds  2.5337077240684835 1.1368970013037814 9.1
107.95285034179688  seconds  2.5337077240684835 1.1368970013037814 3.2
133.41898679733276  seconds  2.5337077240684835 1.1368970013037814 10.100000000000001
132.3042266368866  seconds  2.5337077240684835 1.1368970013037814 12.100000000000001
130.78461742401123  seconds  2.5337077240684835 1.1368970013037814 0.2
129.7405686378479  seconds  2.5337077240684835 1.1368970013037814 1.2000000000000002
135.72812938690186  seconds  2.5337077240684835 1.1368970013037814 13.100000000000001
133.05927991867065  seconds  2.5337077240684835 1.1368970013037814 14.100000000000001
109.32258749008179  seconds  2.5337077240684835 1.1368970013037814 19.1
130.1045172214508  seconds  2.5337077240684835 1.1368970013037814 2.2
131.25222754478455  seconds  2.5337077240684835 1.1368970013037814 15.100000000000001
127.94767570495605  seconds  2.5337077240684835 1.1368970013037814 16.1
129.81973886489868  seconds  2.5337077240684835 1.1368970013037814 4.2
128.90730094909668  seconds  2.5337077240684835 1.1368970013037814 17.1
106.30972814559937  seconds  2.5337077240684835 1.1368970013037814 11.200000000000001
126.94865155220032  seconds  2.5337077240684835 1.1368970013037814 5.2
132.36824822425842  seconds  2.5337077240684835 1.1368970013037814 18.1
131.3117139339447  seconds  2.5337077240684835 1.1368970013037814 6.2
135.2217824459076  seconds  2.5337077240684835 1.1368970013037814 7.2
106.86694741249084  seconds  2.5337077240684835 1.1368970013037814 3.3000000000000003
131.293386220932  seconds  2.5337077240684835 1.1368970013037814 8.200000000000001
133.29286408424377  seconds  2.5337077240684835 1.1368970013037814 9.200000000000001
130.64574313163757  seconds  2.5337077240684835 1.1368970013037814 10.200000000000001
105.02128386497498  seconds  2.5337077240684835 1.1368970013037814 19.200000000000003
126.53139519691467  seconds  2.5337077240684835 1.1368970013037814 12.200000000000001
130.335125207901  seconds  2.5337077240684835 1.1368970013037814 0.30000000000000004
133.054425239563  seconds  2.5337077240684835 1.1368970013037814 14.200000000000001
139.86951851844788  seconds  2.5337077240684835 1.1368970013037814 1.3
139.82474446296692  seconds  2.5337077240684835 1.1368970013037814 13.200000000000001
132.57110023498535  seconds  2.5337077240684835 1.1368970013037814 2.3000000000000003
130.9129786491394  seconds  2.5337077240684835 1.1368970013037814 16.2
107.98506140708923  seconds  2.5337077240684835 1.1368970013037814 11.3
134.0818474292755  seconds  2.5337077240684835 1.1368970013037814 15.200000000000001
129.0342915058136  seconds  2.5337077240684835 1.1368970013037814 4.3
132.3731882572174  seconds  2.5337077240684835 1.1368970013037814 17.2
132.45012283325195  seconds  2.5337077240684835 1.1368970013037814 5.300000000000001
111.01390361785889  seconds  2.5337077240684835 1.1368970013037814 3.4000000000000004
139.4946265220642  seconds  2.5337077240684835 1.1368970013037814 18.2
129.88016414642334  seconds  2.5337077240684835 1.1368970013037814 6.300000000000001
130.65715193748474  seconds  2.5337077240684835 1.1368970013037814 7.300000000000001
133.5469536781311  seconds  2.5337077240684835 1.1368970013037814 8.3
111.67559456825256  seconds  2.5337077240684835 1.1368970013037814 19.3
134.3973023891449  seconds  2.5337077240684835 1.1368970013037814 9.3
131.09927201271057  seconds  2.5337077240684835 1.1368970013037814 10.3
134.50383806228638  seconds  2.5337077240684835 1.1368970013037814 12.3
105.26991939544678  seconds  2.5337077240684835 1.1368970013037814 11.4
127.96643328666687  seconds  2.5337077240684835 1.1368970013037814 0.4
131.79136538505554  seconds  2.5337077240684835 1.1368970013037814 13.3
132.16231989860535  seconds  2.5337077240684835 1.1368970013037814 1.4000000000000001
135.72561597824097  seconds  2.5337077240684835 1.1368970013037814 14.3
131.29561376571655  seconds  2.5337077240684835 1.1368970013037814 15.3
135.23959374427795  seconds  2.5337077240684835 1.1368970013037814 2.4000000000000004
135.57546210289001  seconds  2.5337077240684835 1.1368970013037814 16.3
108.28329277038574  seconds  2.5337077240684835 1.1368970013037814 3.5
132.93043208122253  seconds  2.5337077240684835 1.1368970013037814 4.4
128.56299757957458  seconds  2.5337077240684835 1.1368970013037814 17.3
137.09815788269043  seconds  2.5337077240684835 1.1368970013037814 5.4
132.17112612724304  seconds  2.5337077240684835 1.1368970013037814 6.4
135.02988028526306  seconds  2.5337077240684835 1.1368970013037814 18.3
132.46555519104004  seconds  2.5337077240684835 1.1368970013037814 7.4
109.1852777004242  seconds  2.5337077240684835 1.1368970013037814 19.400000000000002
133.8969225883484  seconds  2.5337077240684835 1.1368970013037814 8.4
104.3208920955658  seconds  2.5337077240684835 1.1368970013037814 11.5
133.06141471862793  seconds  2.5337077240684835 1.1368970013037814 9.4
133.04336547851562  seconds  2.5337077240684835 1.1368970013037814 10.4
142.7628469467163  seconds  2.5337077240684835 1.1368970013037814 12.4
136.93767094612122  seconds  2.5337077240684835 1.1368970013037814 0.5
107.3503201007843  seconds  2.5337077240684835 1.1368970013037814 3.6
128.56320762634277  seconds  2.5337077240684835 1.1368970013037814 14.4
132.07104563713074  seconds  2.5337077240684835 1.1368970013037814 1.5
127.46921634674072  seconds  2.5337077240684835 1.1368970013037814 15.4
139.69138431549072  seconds  2.5337077240684835 1.1368970013037814 13.4
132.3745551109314  seconds  2.5337077240684835 1.1368970013037814 16.400000000000002
133.51804566383362  seconds  2.5337077240684835 1.1368970013037814 2.5
133.5534007549286  seconds  2.5337077240684835 1.1368970013037814 4.5
133.33252573013306  seconds  2.5337077240684835 1.1368970013037814 17.400000000000002
129.03729248046875  seconds  2.5337077240684835 1.1368970013037814 5.5
107.07287740707397  seconds  2.5337077240684835 1.1368970013037814 19.5
129.88787508010864  seconds  2.5337077240684835 1.1368970013037814 18.400000000000002
131.49717903137207  seconds  2.5337077240684835 1.1368970013037814 6.5
128.64764094352722  seconds  2.5337077240684835 1.1368970013037814 7.5
107.40774345397949  seconds  2.5337077240684835 1.1368970013037814 11.600000000000001
131.90710020065308  seconds  2.5337077240684835 1.1368970013037814 8.5
131.24805092811584  seconds  2.5337077240684835 1.1368970013037814 9.5
131.14386343955994  seconds  2.5337077240684835 1.1368970013037814 10.5
104.12220978736877  seconds  2.5337077240684835 1.1368970013037814 3.7
127.42300915718079  seconds  2.5337077240684835 1.1368970013037814 12.5
126.45220732688904  seconds  2.5337077240684835 1.1368970013037814 0.6000000000000001
126.9574761390686  seconds  2.5337077240684835 1.1368970013037814 15.5
129.4223792552948  seconds  2.5337077240684835 1.1368970013037814 1.6
137.23652744293213  seconds  2.5337077240684835 1.1368970013037814 14.5
126.74436974525452  seconds  2.5337077240684835 1.1368970013037814 2.6
131.0460705757141  seconds  2.5337077240684835 1.1368970013037814 13.5
132.1687717437744  seconds  2.5337077240684835 1.1368970013037814 16.5
107.02786493301392  seconds  2.5337077240684835 1.1368970013037814 19.6
129.92918276786804  seconds  2.5337077240684835 1.1368970013037814 4.6000000000000005
131.76713132858276  seconds  2.5337077240684835 1.1368970013037814 17.5
131.34163904190063  seconds  2.5337077240684835 1.1368970013037814 5.6000000000000005
106.41372632980347  seconds  2.5337077240684835 1.1368970013037814 11.700000000000001
132.15672826766968  seconds  2.5337077240684835 1.1368970013037814 6.6000000000000005
135.9278883934021  seconds  2.5337077240684835 1.1368970013037814 18.5
130.19264101982117  seconds  2.5337077240684835 1.1368970013037814 7.6000000000000005
131.70588994026184  seconds  2.5337077240684835 1.1368970013037814 8.6
105.38188743591309  seconds  2.5337077240684835 1.1368970013037814 3.8000000000000003
127.74051189422607  seconds  2.5337077240684835 1.1368970013037814 10.600000000000001
131.05199146270752  seconds  2.5337077240684835 1.1368970013037814 9.600000000000001
127.42060494422913  seconds  2.5337077240684835 1.1368970013037814 12.600000000000001
130.90786123275757  seconds  2.5337077240684835 1.1368970013037814 0.7000000000000001
105.3843286037445  seconds  2.5337077240684835 1.1368970013037814 19.700000000000003
132.2849440574646  seconds  2.5337077240684835 1.1368970013037814 15.600000000000001
134.05146050453186  seconds  2.5337077240684835 1.1368970013037814 1.7000000000000002
129.36385941505432  seconds  2.5337077240684835 1.1368970013037814 2.7
130.93474078178406  seconds  2.5337077240684835 1.1368970013037814 14.600000000000001
130.3366551399231  seconds  2.5337077240684835 1.1368970013037814 13.600000000000001
129.56783533096313  seconds  2.5337077240684835 1.1368970013037814 16.6
107.76534295082092  seconds  2.5337077240684835 1.1368970013037814 11.8
129.3213107585907  seconds  2.5337077240684835 1.1368970013037814 4.7
127.67434597015381  seconds  2.5337077240684835 1.1368970013037814 17.6
131.10997796058655  seconds  2.5337077240684835 1.1368970013037814 5.7
106.9812068939209  seconds  2.5337077240684835 1.1368970013037814 3.9000000000000004
128.54736137390137  seconds  2.5337077240684835 1.1368970013037814 18.6
128.20813655853271  seconds  2.5337077240684835 1.1368970013037814 7.7
133.1138768196106  seconds  2.5337077240684835 1.1368970013037814 6.7
127.79307341575623  seconds  2.5337077240684835 1.1368970013037814 8.700000000000001
131.5262417793274  seconds  2.5337077240684835 1.1368970013037814 10.700000000000001
130.05208826065063  seconds  2.5337077240684835 1.1368970013037814 9.700000000000001
104.58038592338562  seconds  2.5337077240684835 1.1368970013037814 19.8
131.22895002365112  seconds  2.5337077240684835 1.1368970013037814 12.700000000000001
127.1369194984436  seconds  2.5337077240684835 1.1368970013037814 0.8
102.78786182403564  seconds  2.5337077240684835 1.1368970013037814 11.9
129.9896261692047  seconds  2.5337077240684835 1.1368970013037814 14.700000000000001
134.70923805236816  seconds  2.5337077240684835 1.1368970013037814 15.700000000000001
132.97806239128113  seconds  2.5337077240684835 1.1368970013037814 1.8
132.81768894195557  seconds  2.5337077240684835 1.1368970013037814 2.8000000000000003
130.14141654968262  seconds  2.5337077240684835 1.1368970013037814 16.7
133.64097785949707  seconds  2.5337077240684835 1.1368970013037814 13.700000000000001
132.3676507472992  seconds  2.5337077240684835 1.1368970013037814 4.800000000000001
130.5280785560608  seconds  2.5337077240684835 1.1368970013037814 17.7
129.56498408317566  seconds  2.5337077240684835 1.1368970013037814 5.800000000000001
129.59533405303955  seconds  2.5337077240684835 1.1368970013037814 18.7
133.76333141326904  seconds  2.5337077240684835 1.1368970013037814 6.800000000000001
134.25247597694397  seconds  2.5337077240684835 1.1368970013037814 7.800000000000001
100.16213917732239  seconds  2.5337077240684835 1.1368970013037814 19.900000000000002
131.03096914291382  seconds  2.5337077240684835 1.1368970013037814 8.8
127.14331769943237  seconds  2.5337077240684835 1.1368970013037814 9.8
134.003830909729  seconds  2.5337077240684835 1.1368970013037814 10.8
127.87518072128296  seconds  2.5337077240684835 1.1368970013037814 0.9
132.19431567192078  seconds  2.5337077240684835 1.1368970013037814 12.8
125.29822516441345  seconds  2.5337077240684835 1.1368970013037814 14.8
127.6451632976532  seconds  2.5337077240684835 1.1368970013037814 1.9000000000000001
128.2641863822937  seconds  2.5337077240684835 1.1368970013037814 15.8
125.47148442268372  seconds  2.5337077240684835 1.1368970013037814 16.8
129.10582566261292  seconds  2.5337077240684835 1.1368970013037814 2.9000000000000004
128.2381672859192  seconds  2.5337077240684835 1.1368970013037814 13.8
125.96194791793823  seconds  2.5337077240684835 1.1368970013037814 4.9
127.09095883369446  seconds  2.5337077240684835 1.1368970013037814 17.8
123.93636894226074  seconds  2.5337077240684835 1.1368970013037814 5.9
125.62795615196228  seconds  2.5337077240684835 1.1368970013037814 18.8
129.5644507408142  seconds  2.5337077240684835 1.1368970013037814 6.9
129.52382612228394  seconds  2.5337077240684835 1.1368970013037814 7.9
121.71972131729126  seconds  2.5337077240684835 1.1368970013037814 8.9
119.86152410507202  seconds  2.5337077240684835 1.1368970013037814 9.9
117.11943531036377  seconds  2.5337077240684835 1.1368970013037814 10.9
115.22370958328247  seconds  2.5337077240684835 1.1368970013037814 12.9
110.01942348480225  seconds  2.5337077240684835 1.1368970013037814 14.9
110.91139531135559  seconds  2.5337077240684835 1.1368970013037814 15.9
111.03635764122009  seconds  2.5337077240684835 1.1368970013037814 16.900000000000002
109.14821434020996  seconds  2.5337077240684835 1.1368970013037814 13.9
105.67420172691345  seconds  2.5337077240684835 1.1368970013037814 17.900000000000002
102.84796524047852  seconds  2.5337077240684835 1.1368970013037814 18.900000000000002
time for calc.... 1470.7922031879425
energy at the point.. 2.421355054487129 1.409821816601478  is  6.066433012819061e-06
200 the points 10 chunk numtheads
starting with calculation of Sigma
97.54733777046204  seconds  2.421355054487129 1.409821816601478 1.0
111.61667108535767  seconds  2.421355054487129 1.409821816601478 0.0
101.67459678649902  seconds  2.421355054487129 1.409821816601478 2.0
100.43869972229004  seconds  2.421355054487129 1.409821816601478 3.0
114.2592601776123  seconds  2.421355054487129 1.409821816601478 4.0
115.13705086708069  seconds  2.421355054487129 1.409821816601478 5.0
116.8019471168518  seconds  2.421355054487129 1.409821816601478 6.0
120.89856743812561  seconds  2.421355054487129 1.409821816601478 7.0
119.64668726921082  seconds  2.421355054487129 1.409821816601478 8.0
125.52965354919434  seconds  2.421355054487129 1.409821816601478 9.0
123.26199173927307  seconds  2.421355054487129 1.409821816601478 10.0
103.59109902381897  seconds  2.421355054487129 1.409821816601478 1.1
127.9186384677887  seconds  2.421355054487129 1.409821816601478 11.0
103.27429914474487  seconds  2.421355054487129 1.409821816601478 2.1
130.13297510147095  seconds  2.421355054487129 1.409821816601478 12.0
106.77222609519958  seconds  2.421355054487129 1.409821816601478 3.1
124.77800583839417  seconds  2.421355054487129 1.409821816601478 0.1
128.7697525024414  seconds  2.421355054487129 1.409821816601478 13.0
133.30181097984314  seconds  2.421355054487129 1.409821816601478 14.0
130.30926990509033  seconds  2.421355054487129 1.409821816601478 15.0
127.58574748039246  seconds  2.421355054487129 1.409821816601478 4.1000000000000005
134.77196311950684  seconds  2.421355054487129 1.409821816601478 16.0
132.88958144187927  seconds  2.421355054487129 1.409821816601478 17.0
127.39509701728821  seconds  2.421355054487129 1.409821816601478 5.1000000000000005
129.04786443710327  seconds  2.421355054487129 1.409821816601478 18.0
128.07802939414978  seconds  2.421355054487129 1.409821816601478 6.1000000000000005
131.04573702812195  seconds  2.421355054487129 1.409821816601478 19.0
104.75181770324707  seconds  2.421355054487129 1.409821816601478 1.2000000000000002
129.2966604232788  seconds  2.421355054487129 1.409821816601478 8.1
136.90621972084045  seconds  2.421355054487129 1.409821816601478 7.1000000000000005
106.77902746200562  seconds  2.421355054487129 1.409821816601478 2.2
128.26883149147034  seconds  2.421355054487129 1.409821816601478 10.100000000000001
135.12374019622803  seconds  2.421355054487129 1.409821816601478 9.1
105.0240957736969  seconds  2.421355054487129 1.409821816601478 3.2
133.53087735176086  seconds  2.421355054487129 1.409821816601478 11.100000000000001
134.69365239143372  seconds  2.421355054487129 1.409821816601478 12.100000000000001
134.96748661994934  seconds  2.421355054487129 1.409821816601478 0.2
131.49299716949463  seconds  2.421355054487129 1.409821816601478 13.100000000000001
128.36977672576904  seconds  2.421355054487129 1.409821816601478 15.100000000000001
136.80745458602905  seconds  2.421355054487129 1.409821816601478 14.100000000000001
128.06859016418457  seconds  2.421355054487129 1.409821816601478 16.1
130.46106481552124  seconds  2.421355054487129 1.409821816601478 4.2
128.09331703186035  seconds  2.421355054487129 1.409821816601478 5.2
132.00732231140137  seconds  2.421355054487129 1.409821816601478 17.1
128.55198216438293  seconds  2.421355054487129 1.409821816601478 18.1
105.6873152256012  seconds  2.421355054487129 1.409821816601478 1.3
130.1990876197815  seconds  2.421355054487129 1.409821816601478 6.2
131.9010317325592  seconds  2.421355054487129 1.409821816601478 19.1
107.86639213562012  seconds  2.421355054487129 1.409821816601478 2.3000000000000003
126.91504454612732  seconds  2.421355054487129 1.409821816601478 8.200000000000001
106.2430009841919  seconds  2.421355054487129 1.409821816601478 3.3000000000000003
128.89664244651794  seconds  2.421355054487129 1.409821816601478 7.2
129.8094937801361  seconds  2.421355054487129 1.409821816601478 10.200000000000001
132.427898645401  seconds  2.421355054487129 1.409821816601478 9.200000000000001
129.04803848266602  seconds  2.421355054487129 1.409821816601478 11.200000000000001
130.7118034362793  seconds  2.421355054487129 1.409821816601478 12.200000000000001
129.08721327781677  seconds  2.421355054487129 1.409821816601478 13.200000000000001
132.4935941696167  seconds  2.421355054487129 1.409821816601478 0.30000000000000004
130.39987111091614  seconds  2.421355054487129 1.409821816601478 14.200000000000001
134.64285492897034  seconds  2.421355054487129 1.409821816601478 15.200000000000001
105.9136290550232  seconds  2.421355054487129 1.409821816601478 1.4000000000000001
128.5554826259613  seconds  2.421355054487129 1.409821816601478 16.2
129.1243851184845  seconds  2.421355054487129 1.409821816601478 4.3
104.317955493927  seconds  2.421355054487129 1.409821816601478 2.4000000000000004
133.49608445167542  seconds  2.421355054487129 1.409821816601478 5.300000000000001
131.68755888938904  seconds  2.421355054487129 1.409821816601478 18.2
106.14316964149475  seconds  2.421355054487129 1.409821816601478 3.4000000000000004
135.13567066192627  seconds  2.421355054487129 1.409821816601478 17.2
131.69035029411316  seconds  2.421355054487129 1.409821816601478 6.300000000000001
131.8386631011963  seconds  2.421355054487129 1.409821816601478 19.200000000000003
131.02066826820374  seconds  2.421355054487129 1.409821816601478 7.300000000000001
136.879812002182  seconds  2.421355054487129 1.409821816601478 8.3
132.7914695739746  seconds  2.421355054487129 1.409821816601478 10.3
130.48902988433838  seconds  2.421355054487129 1.409821816601478 9.3
130.18833994865417  seconds  2.421355054487129 1.409821816601478 11.3
131.06990599632263  seconds  2.421355054487129 1.409821816601478 12.3
104.98700332641602  seconds  2.421355054487129 1.409821816601478 1.5
128.73955988883972  seconds  2.421355054487129 1.409821816601478 0.4
133.1680052280426  seconds  2.421355054487129 1.409821816601478 13.3
104.03354215621948  seconds  2.421355054487129 1.409821816601478 2.5
127.42890167236328  seconds  2.421355054487129 1.409821816601478 14.3
129.54112005233765  seconds  2.421355054487129 1.409821816601478 15.3
104.16809725761414  seconds  2.421355054487129 1.409821816601478 3.5
127.59343123435974  seconds  2.421355054487129 1.409821816601478 16.3
133.81725883483887  seconds  2.421355054487129 1.409821816601478 4.4
128.00737810134888  seconds  2.421355054487129 1.409821816601478 5.4
128.19475388526917  seconds  2.421355054487129 1.409821816601478 18.3
127.85285496711731  seconds  2.421355054487129 1.409821816601478 17.3
132.75249361991882  seconds  2.421355054487129 1.409821816601478 6.4
126.88507032394409  seconds  2.421355054487129 1.409821816601478 19.3
128.4661934375763  seconds  2.421355054487129 1.409821816601478 7.4
134.69890761375427  seconds  2.421355054487129 1.409821816601478 8.4
128.07163548469543  seconds  2.421355054487129 1.409821816601478 10.4
133.98022866249084  seconds  2.421355054487129 1.409821816601478 9.4
105.12321591377258  seconds  2.421355054487129 1.409821816601478 1.6
133.3848361968994  seconds  2.421355054487129 1.409821816601478 11.4
106.7142744064331  seconds  2.421355054487129 1.409821816601478 2.6
107.06878280639648  seconds  2.421355054487129 1.409821816601478 3.6
132.9549696445465  seconds  2.421355054487129 1.409821816601478 12.4
127.38201427459717  seconds  2.421355054487129 1.409821816601478 0.5
130.48740935325623  seconds  2.421355054487129 1.409821816601478 13.4
128.06017518043518  seconds  2.421355054487129 1.409821816601478 14.4
129.6404881477356  seconds  2.421355054487129 1.409821816601478 15.4
127.8429582118988  seconds  2.421355054487129 1.409821816601478 16.400000000000002
127.49522185325623  seconds  2.421355054487129 1.409821816601478 4.5
130.02490949630737  seconds  2.421355054487129 1.409821816601478 5.5
132.0742404460907  seconds  2.421355054487129 1.409821816601478 18.400000000000002
131.33541560173035  seconds  2.421355054487129 1.409821816601478 17.400000000000002
132.0953459739685  seconds  2.421355054487129 1.409821816601478 6.5
129.88013124465942  seconds  2.421355054487129 1.409821816601478 19.400000000000002
129.17625665664673  seconds  2.421355054487129 1.409821816601478 7.5
103.82562398910522  seconds  2.421355054487129 1.409821816601478 1.7000000000000002
130.73363971710205  seconds  2.421355054487129 1.409821816601478 8.5
105.7335205078125  seconds  2.421355054487129 1.409821816601478 2.7
137.96271061897278  seconds  2.421355054487129 1.409821816601478 10.5
104.81264281272888  seconds  2.421355054487129 1.409821816601478 3.7
137.72901582717896  seconds  2.421355054487129 1.409821816601478 9.5
131.5863115787506  seconds  2.421355054487129 1.409821816601478 11.5
130.14899516105652  seconds  2.421355054487129 1.409821816601478 12.5
129.31039571762085  seconds  2.421355054487129 1.409821816601478 13.5
134.40836763381958  seconds  2.421355054487129 1.409821816601478 0.6000000000000001
127.61500883102417  seconds  2.421355054487129 1.409821816601478 14.5
133.84176564216614  seconds  2.421355054487129 1.409821816601478 15.5
131.486674785614  seconds  2.421355054487129 1.409821816601478 16.5
128.57318425178528  seconds  2.421355054487129 1.409821816601478 4.6000000000000005
129.29489541053772  seconds  2.421355054487129 1.409821816601478 5.6000000000000005
127.84042811393738  seconds  2.421355054487129 1.409821816601478 17.5
132.96893191337585  seconds  2.421355054487129 1.409821816601478 18.5
104.9058690071106  seconds  2.421355054487129 1.409821816601478 1.8
130.53260040283203  seconds  2.421355054487129 1.409821816601478 6.6000000000000005
137.5440444946289  seconds  2.421355054487129 1.409821816601478 19.5
103.2123167514801  seconds  2.421355054487129 1.409821816601478 2.8000000000000003
131.11194252967834  seconds  2.421355054487129 1.409821816601478 7.6000000000000005
104.27511620521545  seconds  2.421355054487129 1.409821816601478 3.8000000000000003
127.8114550113678  seconds  2.421355054487129 1.409821816601478 8.6
132.85114669799805  seconds  2.421355054487129 1.409821816601478 10.600000000000001
128.11872720718384  seconds  2.421355054487129 1.409821816601478 9.600000000000001
128.47843408584595  seconds  2.421355054487129 1.409821816601478 11.600000000000001
126.99271988868713  seconds  2.421355054487129 1.409821816601478 12.600000000000001
132.44252920150757  seconds  2.421355054487129 1.409821816601478 0.7000000000000001
136.79680585861206  seconds  2.421355054487129 1.409821816601478 13.600000000000001
127.19760251045227  seconds  2.421355054487129 1.409821816601478 14.600000000000001
126.9454300403595  seconds  2.421355054487129 1.409821816601478 16.6
132.48671984672546  seconds  2.421355054487129 1.409821816601478 15.600000000000001
104.08042478561401  seconds  2.421355054487129 1.409821816601478 1.9000000000000001
129.43195009231567  seconds  2.421355054487129 1.409821816601478 4.7
131.05042481422424  seconds  2.421355054487129 1.409821816601478 5.7
104.83933973312378  seconds  2.421355054487129 1.409821816601478 2.9000000000000004
132.07839035987854  seconds  2.421355054487129 1.409821816601478 17.6
127.83720135688782  seconds  2.421355054487129 1.409821816601478 18.6
102.28900241851807  seconds  2.421355054487129 1.409821816601478 3.9000000000000004
134.89767575263977  seconds  2.421355054487129 1.409821816601478 6.7
128.3266100883484  seconds  2.421355054487129 1.409821816601478 19.6
138.09932661056519  seconds  2.421355054487129 1.409821816601478 7.7
136.66690635681152  seconds  2.421355054487129 1.409821816601478 8.700000000000001
127.1151852607727  seconds  2.421355054487129 1.409821816601478 10.700000000000001
130.05846905708313  seconds  2.421355054487129 1.409821816601478 9.700000000000001
127.89405107498169  seconds  2.421355054487129 1.409821816601478 11.700000000000001
130.11935019493103  seconds  2.421355054487129 1.409821816601478 12.700000000000001
129.97972464561462  seconds  2.421355054487129 1.409821816601478 0.8
129.1071207523346  seconds  2.421355054487129 1.409821816601478 13.700000000000001
129.17191195487976  seconds  2.421355054487129 1.409821816601478 14.700000000000001
129.1763162612915  seconds  2.421355054487129 1.409821816601478 16.7
127.52637910842896  seconds  2.421355054487129 1.409821816601478 15.700000000000001
129.02929043769836  seconds  2.421355054487129 1.409821816601478 4.800000000000001
130.50852370262146  seconds  2.421355054487129 1.409821816601478 5.800000000000001
129.79474902153015  seconds  2.421355054487129 1.409821816601478 17.7
130.58379316329956  seconds  2.421355054487129 1.409821816601478 18.7
127.70691871643066  seconds  2.421355054487129 1.409821816601478 19.700000000000003
130.00515580177307  seconds  2.421355054487129 1.409821816601478 6.800000000000001
135.0270698070526  seconds  2.421355054487129 1.409821816601478 7.800000000000001
137.42975902557373  seconds  2.421355054487129 1.409821816601478 8.8
130.5543510913849  seconds  2.421355054487129 1.409821816601478 9.8
136.28646755218506  seconds  2.421355054487129 1.409821816601478 10.8
130.84414792060852  seconds  2.421355054487129 1.409821816601478 11.8
127.02547073364258  seconds  2.421355054487129 1.409821816601478 12.8
129.67451548576355  seconds  2.421355054487129 1.409821816601478 14.8
133.4664716720581  seconds  2.421355054487129 1.409821816601478 0.9
132.10672068595886  seconds  2.421355054487129 1.409821816601478 13.8
128.70032572746277  seconds  2.421355054487129 1.409821816601478 16.8
129.9023039340973  seconds  2.421355054487129 1.409821816601478 15.8
128.33757734298706  seconds  2.421355054487129 1.409821816601478 4.9
128.1721830368042  seconds  2.421355054487129 1.409821816601478 5.9
126.23587226867676  seconds  2.421355054487129 1.409821816601478 18.8
135.0479874610901  seconds  2.421355054487129 1.409821816601478 17.8
126.37006402015686  seconds  2.421355054487129 1.409821816601478 19.8
128.31305074691772  seconds  2.421355054487129 1.409821816601478 6.9
128.03687691688538  seconds  2.421355054487129 1.409821816601478 7.9
125.36416482925415  seconds  2.421355054487129 1.409821816601478 8.9
124.1741726398468  seconds  2.421355054487129 1.409821816601478 10.9
126.09496331214905  seconds  2.421355054487129 1.409821816601478 9.9
125.96179842948914  seconds  2.421355054487129 1.409821816601478 11.9
124.3633987903595  seconds  2.421355054487129 1.409821816601478 12.9
118.2304379940033  seconds  2.421355054487129 1.409821816601478 14.9
118.3018364906311  seconds  2.421355054487129 1.409821816601478 13.9
117.31414842605591  seconds  2.421355054487129 1.409821816601478 16.900000000000002
116.5138955116272  seconds  2.421355054487129 1.409821816601478 15.9
111.06194925308228  seconds  2.421355054487129 1.409821816601478 18.900000000000002
110.70696997642517  seconds  2.421355054487129 1.409821816601478 17.900000000000002
108.94444227218628  seconds  2.421355054487129 1.409821816601478 19.900000000000002
time for calc.... 1465.4842154979706
110077.55user 36975.23system 2:28:24elapsed 1651%CPU (0avgtext+0avgdata 21605500maxresident)k
15646456inputs+129680outputs (311673major+556348750minor)pagefaults 0swaps
