reading lattice from... ./Lattices/sqKgridX4000.npy
reading lattice from... ./Lattices/sqKgridY4000.npy
starting sampling in reciprocal space....
 finished sampling in reciprocal space.... 0.05260491371154785
started calculating filling for chemical potential and dispersion parameters TB_single_band..
reading lattice from... ./Lattices/KgridX400.npy
reading lattice from... ./Lattices/KgridY400.npy
reading lattice from... ./Lattices/KgridX400.npy
reading lattice from... ./Lattices/KgridY400.npy
finished calculating filling for chemical potential
Filling: 0.5021914101708863 .... chemical potential: 29.41164495334965
the fermi velocity is rough 141.4672589743371
The fermi energy in mev is: 3064.1164088176356, and in units of J: 296.3362097502549, the bandwidth is:494.39071566731144
reading lattice from... ./Lattices/KgridX4000.npy
reading lattice from... ./Lattices/KgridY4000.npy
reading lattice from... ./Lattices/sqKgridX4000.npy
reading lattice from... ./Lattices/sqKgridY4000.npy
energy at the point.. 2.612699153466239 0.5406345067362022  is  7.400112771449585e-06
the angle is  0.20404589651971108
10 the fermi surface points 2 chunk numtheads
starting with calculation of Sigma
Process ForkProcess-37:
Process ForkProcess-17:
Process ForkProcess-42:
Process ForkProcess-12:
Process ForkProcess-34:
Process ForkProcess-49:
Process ForkProcess-47:
Process ForkProcess-45:
Process ForkProcess-36:
Process ForkProcess-26:
Process ForkProcess-48:
Process ForkProcess-39:
Process ForkProcess-18:
Process ForkProcess-43:
Process ForkProcess-44:
Process ForkProcess-46:
Process ForkProcess-10:
Process ForkProcess-14:
Process ForkProcess-40:
Process ForkProcess-33:
Process ForkProcess-38:
Process ForkProcess-23:
Process ForkProcess-21:
Process ForkProcess-9:
Process ForkProcess-22:
Process ForkProcess-20:
Process ForkProcess-15:
Process ForkProcess-31:
Process ForkProcess-19:
Process ForkProcess-16:
Process ForkProcess-61:
Process ForkProcess-4:
Process ForkProcess-13:
Process ForkProcess-8:
Process ForkProcess-32:
Process ForkProcess-41:
Process ForkProcess-53:
Process ForkProcess-64:
Process ForkProcess-35:
Process ForkProcess-2:
Process ForkProcess-3:
Process ForkProcess-5:
Process ForkProcess-62:
Process ForkProcess-6:
Process ForkProcess-50:
Process ForkProcess-28:
Process ForkProcess-27:
Process ForkProcess-51:
Process ForkProcess-7:
Process ForkProcess-24:
Process ForkProcess-54:
Process ForkProcess-25:
Process ForkProcess-11:
Traceback (most recent call last):
Process ForkProcess-58:
  File "/home/jfm343/anaconda3/lib/python3.8/multiprocessing/process.py", line 315, in _bootstrap
    self.run()
  File "/home/jfm343/anaconda3/lib/python3.8/multiprocessing/process.py", line 108, in run
    self._target(*self._args, **self._kwargs)
Process ForkProcess-30:
  File "/home/jfm343/anaconda3/lib/python3.8/concurrent/futures/process.py", line 233, in _process_worker
    call_item = call_queue.get(block=True)
  File "/home/jfm343/anaconda3/lib/python3.8/multiprocessing/queues.py", line 97, in get
    res = self._recv_bytes()
Process ForkProcess-55:
  File "/home/jfm343/anaconda3/lib/python3.8/multiprocessing/connection.py", line 216, in recv_bytes
    buf = self._recv_bytes(maxlength)
  File "/home/jfm343/anaconda3/lib/python3.8/multiprocessing/connection.py", line 414, in _recv_bytes
    buf = self._recv(4)
  File "/home/jfm343/anaconda3/lib/python3.8/multiprocessing/connection.py", line 379, in _recv
    chunk = read(handle, remaining)
KeyboardInterrupt
Traceback (most recent call last):
Traceback (most recent call last):
Traceback (most recent call last):
  File "/home/jfm343/anaconda3/lib/python3.8/multiprocessing/process.py", line 315, in _bootstrap
    self.run()
Traceback (most recent call last):
  File "/home/jfm343/anaconda3/lib/python3.8/multiprocessing/process.py", line 315, in _bootstrap
    self.run()
Traceback (most recent call last):
  File "/home/jfm343/anaconda3/lib/python3.8/multiprocessing/process.py", line 108, in run
    self._target(*self._args, **self._kwargs)
Traceback (most recent call last):
Traceback (most recent call last):
Traceback (most recent call last):
Traceback (most recent call last):
Traceback (most recent call last):
Traceback (most recent call last):
Traceback (most recent call last):
  File "/home/jfm343/anaconda3/lib/python3.8/multiprocessing/process.py", line 315, in _bootstrap
    self.run()
Traceback (most recent call last):
  File "/home/jfm343/anaconda3/lib/python3.8/multiprocessing/process.py", line 315, in _bootstrap
    self.run()
Process ForkProcess-29:
Traceback (most recent call last):
  File "/home/jfm343/anaconda3/lib/python3.8/multiprocessing/process.py", line 108, in run
    self._target(*self._args, **self._kwargs)
Traceback (most recent call last):
Traceback (most recent call last):
Traceback (most recent call last):
Traceback (most recent call last):
Traceback (most recent call last):
Traceback (most recent call last):
  File "/home/jfm343/anaconda3/lib/python3.8/concurrent/futures/process.py", line 233, in _process_worker
    call_item = call_queue.get(block=True)
Traceback (most recent call last):
Traceback (most recent call last):
  File "/home/jfm343/anaconda3/lib/python3.8/multiprocessing/process.py", line 315, in _bootstrap
    self.run()
Traceback (most recent call last):
Traceback (most recent call last):
Traceback (most recent call last):
Traceback (most recent call last):
Traceback (most recent call last):
  File "/home/jfm343/anaconda3/lib/python3.8/multiprocessing/process.py", line 315, in _bootstrap
    self.run()
Traceback (most recent call last):
Traceback (most recent call last):
Traceback (most recent call last):
Traceback (most recent call last):
Traceback (most recent call last):
Traceback (most recent call last):
Traceback (most recent call last):
  File "/home/jfm343/anaconda3/lib/python3.8/multiprocessing/process.py", line 315, in _bootstrap
    self.run()
  File "/home/jfm343/anaconda3/lib/python3.8/multiprocessing/process.py", line 108, in run
    self._target(*self._args, **self._kwargs)
Traceback (most recent call last):
  File "/home/jfm343/anaconda3/lib/python3.8/multiprocessing/process.py", line 315, in _bootstrap
    self.run()
  File "/home/jfm343/anaconda3/lib/python3.8/multiprocessing/process.py", line 315, in _bootstrap
    self.run()
Traceback (most recent call last):
  File "/home/jfm343/anaconda3/lib/python3.8/concurrent/futures/process.py", line 233, in _process_worker
    call_item = call_queue.get(block=True)
  File "/home/jfm343/anaconda3/lib/python3.8/multiprocessing/process.py", line 315, in _bootstrap
    self.run()
  File "/home/jfm343/anaconda3/lib/python3.8/multiprocessing/process.py", line 315, in _bootstrap
    self.run()
  File "/home/jfm343/anaconda3/lib/python3.8/multiprocessing/process.py", line 315, in _bootstrap
    self.run()
  File "/home/jfm343/anaconda3/lib/python3.8/multiprocessing/process.py", line 315, in _bootstrap
    self.run()
  File "/home/jfm343/anaconda3/lib/python3.8/multiprocessing/process.py", line 315, in _bootstrap
    self.run()
  File "/home/jfm343/anaconda3/lib/python3.8/multiprocessing/process.py", line 315, in _bootstrap
    self.run()
Traceback (most recent call last):
Traceback (most recent call last):
Traceback (most recent call last):
  File "/home/jfm343/anaconda3/lib/python3.8/multiprocessing/queues.py", line 96, in get
    with self._rlock:
  File "/home/jfm343/anaconda3/lib/python3.8/multiprocessing/process.py", line 315, in _bootstrap
    self.run()
  File "/home/jfm343/anaconda3/lib/python3.8/multiprocessing/process.py", line 315, in _bootstrap
    self.run()
  File "/home/jfm343/anaconda3/lib/python3.8/multiprocessing/process.py", line 315, in _bootstrap
    self.run()
  File "/home/jfm343/anaconda3/lib/python3.8/multiprocessing/process.py", line 315, in _bootstrap
    self.run()
  File "/home/jfm343/anaconda3/lib/python3.8/multiprocessing/process.py", line 315, in _bootstrap
    self.run()
  File "/home/jfm343/anaconda3/lib/python3.8/multiprocessing/process.py", line 108, in run
    self._target(*self._args, **self._kwargs)
Process ForkProcess-52:
Process ForkProcess-57:
  File "/home/jfm343/anaconda3/lib/python3.8/multiprocessing/process.py", line 315, in _bootstrap
    self.run()
  File "/home/jfm343/anaconda3/lib/python3.8/multiprocessing/process.py", line 315, in _bootstrap
    self.run()
  File "/home/jfm343/anaconda3/lib/python3.8/multiprocessing/process.py", line 315, in _bootstrap
    self.run()
  File "/home/jfm343/anaconda3/lib/python3.8/multiprocessing/process.py", line 315, in _bootstrap
    self.run()
  File "/home/jfm343/anaconda3/lib/python3.8/multiprocessing/process.py", line 315, in _bootstrap
    self.run()
  File "/home/jfm343/anaconda3/lib/python3.8/concurrent/futures/process.py", line 233, in _process_worker
    call_item = call_queue.get(block=True)
  File "/home/jfm343/anaconda3/lib/python3.8/multiprocessing/process.py", line 108, in run
    self._target(*self._args, **self._kwargs)
  File "/home/jfm343/anaconda3/lib/python3.8/multiprocessing/process.py", line 108, in run
    self._target(*self._args, **self._kwargs)
  File "/home/jfm343/anaconda3/lib/python3.8/multiprocessing/process.py", line 108, in run
    self._target(*self._args, **self._kwargs)
  File "/home/jfm343/anaconda3/lib/python3.8/multiprocessing/process.py", line 108, in run
    self._target(*self._args, **self._kwargs)
  File "/home/jfm343/anaconda3/lib/python3.8/multiprocessing/process.py", line 315, in _bootstrap
    self.run()
  File "/home/jfm343/anaconda3/lib/python3.8/multiprocessing/queues.py", line 96, in get
    with self._rlock:
  File "/home/jfm343/anaconda3/lib/python3.8/multiprocessing/process.py", line 108, in run
    self._target(*self._args, **self._kwargs)
  File "/home/jfm343/anaconda3/lib/python3.8/multiprocessing/process.py", line 315, in _bootstrap
    self.run()
  File "/home/jfm343/anaconda3/lib/python3.8/multiprocessing/process.py", line 108, in run
    self._target(*self._args, **self._kwargs)
  File "/home/jfm343/anaconda3/lib/python3.8/multiprocessing/process.py", line 315, in _bootstrap
    self.run()
  File "/home/jfm343/anaconda3/lib/python3.8/multiprocessing/process.py", line 315, in _bootstrap
    self.run()
  File "/home/jfm343/anaconda3/lib/python3.8/multiprocessing/process.py", line 108, in run
    self._target(*self._args, **self._kwargs)
  File "/home/jfm343/anaconda3/lib/python3.8/multiprocessing/process.py", line 315, in _bootstrap
    self.run()
  File "/home/jfm343/anaconda3/lib/python3.8/multiprocessing/process.py", line 315, in _bootstrap
    self.run()
  File "/home/jfm343/anaconda3/lib/python3.8/multiprocessing/process.py", line 315, in _bootstrap
    self.run()
  File "/home/jfm343/anaconda3/lib/python3.8/multiprocessing/process.py", line 315, in _bootstrap
    self.run()
  File "/home/jfm343/anaconda3/lib/python3.8/multiprocessing/process.py", line 315, in _bootstrap
    self.run()
  File "/home/jfm343/anaconda3/lib/python3.8/multiprocessing/process.py", line 108, in run
    self._target(*self._args, **self._kwargs)
  File "/home/jfm343/anaconda3/lib/python3.8/multiprocessing/process.py", line 315, in _bootstrap
    self.run()
  File "/home/jfm343/anaconda3/lib/python3.8/multiprocessing/process.py", line 108, in run
    self._target(*self._args, **self._kwargs)
  File "/home/jfm343/anaconda3/lib/python3.8/multiprocessing/process.py", line 108, in run
    self._target(*self._args, **self._kwargs)
  File "/home/jfm343/anaconda3/lib/python3.8/multiprocessing/synchronize.py", line 95, in __enter__
    return self._semlock.__enter__()
  File "/home/jfm343/anaconda3/lib/python3.8/multiprocessing/process.py", line 108, in run
    self._target(*self._args, **self._kwargs)
  File "/home/jfm343/anaconda3/lib/python3.8/multiprocessing/process.py", line 108, in run
    self._target(*self._args, **self._kwargs)
  File "/home/jfm343/anaconda3/lib/python3.8/multiprocessing/process.py", line 315, in _bootstrap
    self.run()
  File "/home/jfm343/anaconda3/lib/python3.8/multiprocessing/process.py", line 315, in _bootstrap
    self.run()
  File "/home/jfm343/anaconda3/lib/python3.8/multiprocessing/process.py", line 108, in run
    self._target(*self._args, **self._kwargs)
  File "/home/jfm343/anaconda3/lib/python3.8/multiprocessing/process.py", line 108, in run
    self._target(*self._args, **self._kwargs)
  File "/home/jfm343/anaconda3/lib/python3.8/concurrent/futures/process.py", line 233, in _process_worker
    call_item = call_queue.get(block=True)
  File "/home/jfm343/anaconda3/lib/python3.8/multiprocessing/process.py", line 108, in run
    self._target(*self._args, **self._kwargs)
Traceback (most recent call last):
  File "/home/jfm343/anaconda3/lib/python3.8/multiprocessing/process.py", line 108, in run
    self._target(*self._args, **self._kwargs)
  File "/home/jfm343/anaconda3/lib/python3.8/multiprocessing/process.py", line 108, in run
    self._target(*self._args, **self._kwargs)
  File "/home/jfm343/anaconda3/lib/python3.8/multiprocessing/process.py", line 108, in run
    self._target(*self._args, **self._kwargs)
  File "/home/jfm343/anaconda3/lib/python3.8/multiprocessing/process.py", line 108, in run
    self._target(*self._args, **self._kwargs)
  File "/home/jfm343/anaconda3/lib/python3.8/multiprocessing/process.py", line 108, in run
    self._target(*self._args, **self._kwargs)
  File "/home/jfm343/anaconda3/lib/python3.8/multiprocessing/queues.py", line 96, in get
    with self._rlock:
  File "/home/jfm343/anaconda3/lib/python3.8/concurrent/futures/process.py", line 233, in _process_worker
    call_item = call_queue.get(block=True)
Traceback (most recent call last):
  File "/home/jfm343/anaconda3/lib/python3.8/concurrent/futures/process.py", line 233, in _process_worker
    call_item = call_queue.get(block=True)
  File "/home/jfm343/anaconda3/lib/python3.8/concurrent/futures/process.py", line 233, in _process_worker
    call_item = call_queue.get(block=True)
  File "/home/jfm343/anaconda3/lib/python3.8/concurrent/futures/process.py", line 233, in _process_worker
    call_item = call_queue.get(block=True)
  File "/home/jfm343/anaconda3/lib/python3.8/multiprocessing/synchronize.py", line 95, in __enter__
    return self._semlock.__enter__()
  File "/home/jfm343/anaconda3/lib/python3.8/multiprocessing/process.py", line 108, in run
    self._target(*self._args, **self._kwargs)
  File "/home/jfm343/anaconda3/lib/python3.8/concurrent/futures/process.py", line 233, in _process_worker
    call_item = call_queue.get(block=True)
  File "/home/jfm343/anaconda3/lib/python3.8/multiprocessing/process.py", line 108, in run
    self._target(*self._args, **self._kwargs)
  File "/home/jfm343/anaconda3/lib/python3.8/concurrent/futures/process.py", line 233, in _process_worker
    call_item = call_queue.get(block=True)
  File "/home/jfm343/anaconda3/lib/python3.8/multiprocessing/process.py", line 108, in run
    self._target(*self._args, **self._kwargs)
  File "/home/jfm343/anaconda3/lib/python3.8/concurrent/futures/process.py", line 233, in _process_worker
    call_item = call_queue.get(block=True)
  File "/home/jfm343/anaconda3/lib/python3.8/multiprocessing/process.py", line 108, in run
    self._target(*self._args, **self._kwargs)
  File "/home/jfm343/anaconda3/lib/python3.8/multiprocessing/process.py", line 108, in run
    self._target(*self._args, **self._kwargs)
  File "/home/jfm343/anaconda3/lib/python3.8/multiprocessing/process.py", line 108, in run
    self._target(*self._args, **self._kwargs)
  File "/home/jfm343/anaconda3/lib/python3.8/multiprocessing/process.py", line 108, in run
    self._target(*self._args, **self._kwargs)
  File "/home/jfm343/anaconda3/lib/python3.8/multiprocessing/process.py", line 108, in run
    self._target(*self._args, **self._kwargs)
  File "/home/jfm343/anaconda3/lib/python3.8/concurrent/futures/process.py", line 233, in _process_worker
    call_item = call_queue.get(block=True)
  File "/home/jfm343/anaconda3/lib/python3.8/multiprocessing/process.py", line 108, in run
    self._target(*self._args, **self._kwargs)
  File "/home/jfm343/anaconda3/lib/python3.8/concurrent/futures/process.py", line 233, in _process_worker
    call_item = call_queue.get(block=True)
  File "/home/jfm343/anaconda3/lib/python3.8/concurrent/futures/process.py", line 233, in _process_worker
    call_item = call_queue.get(block=True)
KeyboardInterrupt
  File "/home/jfm343/anaconda3/lib/python3.8/concurrent/futures/process.py", line 233, in _process_worker
    call_item = call_queue.get(block=True)
  File "/home/jfm343/anaconda3/lib/python3.8/concurrent/futures/process.py", line 233, in _process_worker
    call_item = call_queue.get(block=True)
Traceback (most recent call last):
  File "/home/jfm343/anaconda3/lib/python3.8/multiprocessing/process.py", line 108, in run
    self._target(*self._args, **self._kwargs)
  File "/home/jfm343/anaconda3/lib/python3.8/multiprocessing/process.py", line 108, in run
    self._target(*self._args, **self._kwargs)
  File "/home/jfm343/anaconda3/lib/python3.8/concurrent/futures/process.py", line 233, in _process_worker
    call_item = call_queue.get(block=True)
  File "/home/jfm343/anaconda3/lib/python3.8/concurrent/futures/process.py", line 233, in _process_worker
    call_item = call_queue.get(block=True)
  File "/home/jfm343/anaconda3/lib/python3.8/multiprocessing/queues.py", line 96, in get
    with self._rlock:
Traceback (most recent call last):
Traceback (most recent call last):
  File "/home/jfm343/anaconda3/lib/python3.8/concurrent/futures/process.py", line 233, in _process_worker
    call_item = call_queue.get(block=True)
Traceback (most recent call last):
  File "/home/jfm343/anaconda3/lib/python3.8/concurrent/futures/process.py", line 233, in _process_worker
    call_item = call_queue.get(block=True)
Traceback (most recent call last):
Traceback (most recent call last):
  File "/home/jfm343/anaconda3/lib/python3.8/concurrent/futures/process.py", line 233, in _process_worker
    call_item = call_queue.get(block=True)
  File "/home/jfm343/anaconda3/lib/python3.8/concurrent/futures/process.py", line 233, in _process_worker
    call_item = call_queue.get(block=True)
  File "/home/jfm343/anaconda3/lib/python3.8/concurrent/futures/process.py", line 233, in _process_worker
    call_item = call_queue.get(block=True)
  File "/home/jfm343/anaconda3/lib/python3.8/concurrent/futures/process.py", line 233, in _process_worker
    call_item = call_queue.get(block=True)
  File "/home/jfm343/anaconda3/lib/python3.8/multiprocessing/synchronize.py", line 95, in __enter__
    return self._semlock.__enter__()
  File "/home/jfm343/anaconda3/lib/python3.8/multiprocessing/process.py", line 315, in _bootstrap
    self.run()
  File "/home/jfm343/anaconda3/lib/python3.8/multiprocessing/queues.py", line 96, in get
    with self._rlock:
  File "/home/jfm343/anaconda3/lib/python3.8/multiprocessing/queues.py", line 96, in get
    with self._rlock:
  File "/home/jfm343/anaconda3/lib/python3.8/multiprocessing/queues.py", line 96, in get
    with self._rlock:
  File "/home/jfm343/anaconda3/lib/python3.8/multiprocessing/queues.py", line 96, in get
    with self._rlock:
  File "/home/jfm343/anaconda3/lib/python3.8/concurrent/futures/process.py", line 233, in _process_worker
    call_item = call_queue.get(block=True)
  File "/home/jfm343/anaconda3/lib/python3.8/multiprocessing/queues.py", line 96, in get
    with self._rlock:
KeyboardInterrupt
  File "/home/jfm343/anaconda3/lib/python3.8/concurrent/futures/process.py", line 233, in _process_worker
    call_item = call_queue.get(block=True)
  File "/home/jfm343/anaconda3/lib/python3.8/multiprocessing/process.py", line 315, in _bootstrap
    self.run()
  File "/home/jfm343/anaconda3/lib/python3.8/multiprocessing/queues.py", line 96, in get
    with self._rlock:
  File "/home/jfm343/anaconda3/lib/python3.8/concurrent/futures/process.py", line 233, in _process_worker
    call_item = call_queue.get(block=True)
  File "/home/jfm343/anaconda3/lib/python3.8/multiprocessing/queues.py", line 96, in get
    with self._rlock:
  File "/home/jfm343/anaconda3/lib/python3.8/concurrent/futures/process.py", line 233, in _process_worker
    call_item = call_queue.get(block=True)
  File "/home/jfm343/anaconda3/lib/python3.8/concurrent/futures/process.py", line 233, in _process_worker
    call_item = call_queue.get(block=True)
  File "/home/jfm343/anaconda3/lib/python3.8/concurrent/futures/process.py", line 233, in _process_worker
    call_item = call_queue.get(block=True)
  File "/home/jfm343/anaconda3/lib/python3.8/concurrent/futures/process.py", line 233, in _process_worker
    call_item = call_queue.get(block=True)
  File "/home/jfm343/anaconda3/lib/python3.8/concurrent/futures/process.py", line 233, in _process_worker
    call_item = call_queue.get(block=True)
  File "/home/jfm343/anaconda3/lib/python3.8/multiprocessing/queues.py", line 96, in get
    with self._rlock:
  File "/home/jfm343/anaconda3/lib/python3.8/concurrent/futures/process.py", line 233, in _process_worker
    call_item = call_queue.get(block=True)
  File "/home/jfm343/anaconda3/lib/python3.8/multiprocessing/queues.py", line 96, in get
    with self._rlock:
  File "/home/jfm343/anaconda3/lib/python3.8/multiprocessing/queues.py", line 96, in get
    with self._rlock:
  File "/home/jfm343/anaconda3/lib/python3.8/multiprocessing/queues.py", line 96, in get
    with self._rlock:
  File "/home/jfm343/anaconda3/lib/python3.8/multiprocessing/queues.py", line 96, in get
    with self._rlock:
Traceback (most recent call last):
  File "/home/jfm343/anaconda3/lib/python3.8/concurrent/futures/process.py", line 233, in _process_worker
    call_item = call_queue.get(block=True)
  File "/home/jfm343/anaconda3/lib/python3.8/concurrent/futures/process.py", line 233, in _process_worker
    call_item = call_queue.get(block=True)
  File "/home/jfm343/anaconda3/lib/python3.8/multiprocessing/queues.py", line 96, in get
    with self._rlock:
  File "/home/jfm343/anaconda3/lib/python3.8/multiprocessing/queues.py", line 96, in get
    with self._rlock:
Traceback (most recent call last):
  File "/home/jfm343/anaconda3/lib/python3.8/multiprocessing/process.py", line 315, in _bootstrap
    self.run()
  File "/home/jfm343/anaconda3/lib/python3.8/multiprocessing/synchronize.py", line 95, in __enter__
    return self._semlock.__enter__()
  File "/home/jfm343/anaconda3/lib/python3.8/multiprocessing/queues.py", line 96, in get
    with self._rlock:
  File "/home/jfm343/anaconda3/lib/python3.8/multiprocessing/process.py", line 315, in _bootstrap
    self.run()
  File "/home/jfm343/anaconda3/lib/python3.8/multiprocessing/process.py", line 315, in _bootstrap
    self.run()
  File "/home/jfm343/anaconda3/lib/python3.8/multiprocessing/queues.py", line 96, in get
    with self._rlock:
  File "/home/jfm343/anaconda3/lib/python3.8/multiprocessing/process.py", line 315, in _bootstrap
    self.run()
Traceback (most recent call last):
  File "/home/jfm343/anaconda3/lib/python3.8/multiprocessing/queues.py", line 96, in get
    with self._rlock:
  File "/home/jfm343/anaconda3/lib/python3.8/multiprocessing/queues.py", line 96, in get
    with self._rlock:
  File "/home/jfm343/anaconda3/lib/python3.8/multiprocessing/queues.py", line 96, in get
    with self._rlock:
  File "/home/jfm343/anaconda3/lib/python3.8/multiprocessing/queues.py", line 96, in get
    with self._rlock:
  File "/home/jfm343/anaconda3/lib/python3.8/multiprocessing/process.py", line 108, in run
    self._target(*self._args, **self._kwargs)
  File "/home/jfm343/anaconda3/lib/python3.8/multiprocessing/synchronize.py", line 95, in __enter__
    return self._semlock.__enter__()
KeyboardInterrupt
  File "/home/jfm343/anaconda3/lib/python3.8/multiprocessing/process.py", line 315, in _bootstrap
    self.run()
  File "/home/jfm343/anaconda3/lib/python3.8/multiprocessing/synchronize.py", line 95, in __enter__
    return self._semlock.__enter__()
  File "/home/jfm343/anaconda3/lib/python3.8/multiprocessing/synchronize.py", line 95, in __enter__
    return self._semlock.__enter__()
  File "/home/jfm343/anaconda3/lib/python3.8/multiprocessing/synchronize.py", line 95, in __enter__
    return self._semlock.__enter__()
  File "/home/jfm343/anaconda3/lib/python3.8/multiprocessing/queues.py", line 96, in get
    with self._rlock:
  File "/home/jfm343/anaconda3/lib/python3.8/multiprocessing/process.py", line 315, in _bootstrap
    self.run()
  File "/home/jfm343/anaconda3/lib/python3.8/multiprocessing/synchronize.py", line 95, in __enter__
    return self._semlock.__enter__()
  File "/home/jfm343/anaconda3/lib/python3.8/multiprocessing/queues.py", line 96, in get
    with self._rlock:
  File "/home/jfm343/anaconda3/lib/python3.8/multiprocessing/process.py", line 108, in run
    self._target(*self._args, **self._kwargs)
  File "/home/jfm343/anaconda3/lib/python3.8/multiprocessing/synchronize.py", line 95, in __enter__
    return self._semlock.__enter__()
  File "/home/jfm343/anaconda3/lib/python3.8/multiprocessing/queues.py", line 96, in get
    with self._rlock:
  File "/home/jfm343/anaconda3/lib/python3.8/multiprocessing/synchronize.py", line 95, in __enter__
    return self._semlock.__enter__()
  File "/home/jfm343/anaconda3/lib/python3.8/multiprocessing/queues.py", line 96, in get
    with self._rlock:
  File "/home/jfm343/anaconda3/lib/python3.8/multiprocessing/queues.py", line 96, in get
    with self._rlock:
  File "/home/jfm343/anaconda3/lib/python3.8/multiprocessing/queues.py", line 96, in get
    with self._rlock:
  File "/home/jfm343/anaconda3/lib/python3.8/multiprocessing/queues.py", line 96, in get
    with self._rlock:
  File "/home/jfm343/anaconda3/lib/python3.8/multiprocessing/queues.py", line 96, in get
    with self._rlock:
  File "/home/jfm343/anaconda3/lib/python3.8/multiprocessing/synchronize.py", line 95, in __enter__
    return self._semlock.__enter__()
  File "/home/jfm343/anaconda3/lib/python3.8/multiprocessing/queues.py", line 96, in get
    with self._rlock:
  File "/home/jfm343/anaconda3/lib/python3.8/multiprocessing/synchronize.py", line 95, in __enter__
    return self._semlock.__enter__()
  File "/home/jfm343/anaconda3/lib/python3.8/multiprocessing/synchronize.py", line 95, in __enter__
    return self._semlock.__enter__()
  File "/home/jfm343/anaconda3/lib/python3.8/multiprocessing/synchronize.py", line 95, in __enter__
    return self._semlock.__enter__()
  File "/home/jfm343/anaconda3/lib/python3.8/multiprocessing/synchronize.py", line 95, in __enter__
    return self._semlock.__enter__()
Traceback (most recent call last):
  File "/home/jfm343/anaconda3/lib/python3.8/multiprocessing/queues.py", line 96, in get
    with self._rlock:
Traceback (most recent call last):
  File "/home/jfm343/anaconda3/lib/python3.8/multiprocessing/queues.py", line 96, in get
    with self._rlock:
Traceback (most recent call last):
Traceback (most recent call last):
  File "/home/jfm343/anaconda3/lib/python3.8/multiprocessing/synchronize.py", line 95, in __enter__
    return self._semlock.__enter__()
  File "/home/jfm343/anaconda3/lib/python3.8/multiprocessing/synchronize.py", line 95, in __enter__
    return self._semlock.__enter__()
  File "/home/jfm343/anaconda3/lib/python3.8/multiprocessing/process.py", line 108, in run
    self._target(*self._args, **self._kwargs)
  File "/home/jfm343/anaconda3/lib/python3.8/multiprocessing/process.py", line 315, in _bootstrap
    self.run()
KeyboardInterrupt
  File "/home/jfm343/anaconda3/lib/python3.8/multiprocessing/synchronize.py", line 95, in __enter__
    return self._semlock.__enter__()
  File "/home/jfm343/anaconda3/lib/python3.8/multiprocessing/process.py", line 315, in _bootstrap
    self.run()
  File "/home/jfm343/anaconda3/lib/python3.8/multiprocessing/process.py", line 108, in run
    self._target(*self._args, **self._kwargs)
  File "/home/jfm343/anaconda3/lib/python3.8/multiprocessing/synchronize.py", line 95, in __enter__
    return self._semlock.__enter__()
  File "/home/jfm343/anaconda3/lib/python3.8/multiprocessing/process.py", line 108, in run
    self._target(*self._args, **self._kwargs)
  File "/home/jfm343/anaconda3/lib/python3.8/multiprocessing/synchronize.py", line 95, in __enter__
    return self._semlock.__enter__()
  File "/home/jfm343/anaconda3/lib/python3.8/multiprocessing/process.py", line 108, in run
    self._target(*self._args, **self._kwargs)
  File "/home/jfm343/anaconda3/lib/python3.8/multiprocessing/synchronize.py", line 95, in __enter__
    return self._semlock.__enter__()
  File "/home/jfm343/anaconda3/lib/python3.8/multiprocessing/synchronize.py", line 95, in __enter__
    return self._semlock.__enter__()
  File "/home/jfm343/anaconda3/lib/python3.8/multiprocessing/synchronize.py", line 95, in __enter__
    return self._semlock.__enter__()
  File "/home/jfm343/anaconda3/lib/python3.8/multiprocessing/synchronize.py", line 95, in __enter__
    return self._semlock.__enter__()
  File "/home/jfm343/anaconda3/lib/python3.8/concurrent/futures/process.py", line 233, in _process_worker
    call_item = call_queue.get(block=True)
  File "/home/jfm343/anaconda3/lib/python3.8/multiprocessing/process.py", line 108, in run
    self._target(*self._args, **self._kwargs)
KeyboardInterrupt
  File "/home/jfm343/anaconda3/lib/python3.8/multiprocessing/process.py", line 315, in _bootstrap
    self.run()
KeyboardInterrupt
KeyboardInterrupt
KeyboardInterrupt
  File "/home/jfm343/anaconda3/lib/python3.8/multiprocessing/synchronize.py", line 95, in __enter__
    return self._semlock.__enter__()
  File "/home/jfm343/anaconda3/lib/python3.8/multiprocessing/process.py", line 108, in run
    self._target(*self._args, **self._kwargs)
KeyboardInterrupt
  File "/home/jfm343/anaconda3/lib/python3.8/multiprocessing/synchronize.py", line 95, in __enter__
    return self._semlock.__enter__()
  File "/home/jfm343/anaconda3/lib/python3.8/concurrent/futures/process.py", line 233, in _process_worker
    call_item = call_queue.get(block=True)
KeyboardInterrupt
  File "/home/jfm343/anaconda3/lib/python3.8/multiprocessing/synchronize.py", line 95, in __enter__
    return self._semlock.__enter__()
  File "/home/jfm343/anaconda3/lib/python3.8/multiprocessing/synchronize.py", line 95, in __enter__
    return self._semlock.__enter__()
KeyboardInterrupt
KeyboardInterrupt
  File "/home/jfm343/anaconda3/lib/python3.8/multiprocessing/synchronize.py", line 95, in __enter__
    return self._semlock.__enter__()
  File "/home/jfm343/anaconda3/lib/python3.8/multiprocessing/synchronize.py", line 95, in __enter__
    return self._semlock.__enter__()
  File "/home/jfm343/anaconda3/lib/python3.8/multiprocessing/synchronize.py", line 95, in __enter__
    return self._semlock.__enter__()
  File "/home/jfm343/anaconda3/lib/python3.8/multiprocessing/synchronize.py", line 95, in __enter__
    return self._semlock.__enter__()
KeyboardInterrupt
KeyboardInterrupt
KeyboardInterrupt
KeyboardInterrupt
KeyboardInterrupt
  File "/home/jfm343/anaconda3/lib/python3.8/multiprocessing/synchronize.py", line 95, in __enter__
    return self._semlock.__enter__()
  File "/home/jfm343/anaconda3/lib/python3.8/multiprocessing/process.py", line 315, in _bootstrap
    self.run()
  File "/home/jfm343/anaconda3/lib/python3.8/multiprocessing/synchronize.py", line 95, in __enter__
    return self._semlock.__enter__()
  File "/home/jfm343/anaconda3/lib/python3.8/concurrent/futures/process.py", line 233, in _process_worker
    call_item = call_queue.get(block=True)
KeyboardInterrupt
  File "/home/jfm343/anaconda3/lib/python3.8/multiprocessing/process.py", line 315, in _bootstrap
    self.run()
KeyboardInterrupt
  File "/home/jfm343/anaconda3/lib/python3.8/multiprocessing/process.py", line 108, in run
    self._target(*self._args, **self._kwargs)
Traceback (most recent call last):
  File "/home/jfm343/anaconda3/lib/python3.8/multiprocessing/process.py", line 108, in run
    self._target(*self._args, **self._kwargs)
  File "/home/jfm343/anaconda3/lib/python3.8/concurrent/futures/process.py", line 233, in _process_worker
    call_item = call_queue.get(block=True)
KeyboardInterrupt
  File "/home/jfm343/anaconda3/lib/python3.8/multiprocessing/process.py", line 315, in _bootstrap
    self.run()
  File "/home/jfm343/anaconda3/lib/python3.8/multiprocessing/process.py", line 315, in _bootstrap
    self.run()
  File "/home/jfm343/anaconda3/lib/python3.8/concurrent/futures/process.py", line 233, in _process_worker
    call_item = call_queue.get(block=True)
  File "/home/jfm343/anaconda3/lib/python3.8/concurrent/futures/process.py", line 233, in _process_worker
    call_item = call_queue.get(block=True)
KeyboardInterrupt
KeyboardInterrupt
KeyboardInterrupt
  File "/home/jfm343/anaconda3/lib/python3.8/multiprocessing/queues.py", line 96, in get
    with self._rlock:
KeyboardInterrupt
KeyboardInterrupt
  File "/home/jfm343/anaconda3/lib/python3.8/concurrent/futures/process.py", line 233, in _process_worker
    call_item = call_queue.get(block=True)
KeyboardInterrupt
  File "/home/jfm343/anaconda3/lib/python3.8/multiprocessing/process.py", line 108, in run
    self._target(*self._args, **self._kwargs)
  File "/home/jfm343/anaconda3/lib/python3.8/concurrent/futures/process.py", line 233, in _process_worker
    call_item = call_queue.get(block=True)
KeyboardInterrupt
KeyboardInterrupt
  File "/home/jfm343/anaconda3/lib/python3.8/multiprocessing/queues.py", line 96, in get
    with self._rlock:
KeyboardInterrupt
KeyboardInterrupt
KeyboardInterrupt
  File "/home/jfm343/anaconda3/lib/python3.8/multiprocessing/process.py", line 108, in run
    self._target(*self._args, **self._kwargs)
KeyboardInterrupt
KeyboardInterrupt
Traceback (most recent call last):
KeyboardInterrupt
  File "/home/jfm343/anaconda3/lib/python3.8/multiprocessing/process.py", line 108, in run
    self._target(*self._args, **self._kwargs)
  File "/home/jfm343/anaconda3/lib/python3.8/multiprocessing/queues.py", line 96, in get
    with self._rlock:
KeyboardInterrupt
  File "/home/jfm343/anaconda3/lib/python3.8/multiprocessing/process.py", line 108, in run
    self._target(*self._args, **self._kwargs)
  File "/home/jfm343/anaconda3/lib/python3.8/concurrent/futures/process.py", line 233, in _process_worker
    call_item = call_queue.get(block=True)
  File "/home/jfm343/anaconda3/lib/python3.8/concurrent/futures/process.py", line 233, in _process_worker
    call_item = call_queue.get(block=True)
  File "/home/jfm343/anaconda3/lib/python3.8/multiprocessing/queues.py", line 96, in get
    with self._rlock:
  File "/home/jfm343/anaconda3/lib/python3.8/multiprocessing/process.py", line 108, in run
    self._target(*self._args, **self._kwargs)
  File "/home/jfm343/anaconda3/lib/python3.8/multiprocessing/queues.py", line 96, in get
    with self._rlock:
  File "/home/jfm343/anaconda3/lib/python3.8/multiprocessing/queues.py", line 96, in get
    with self._rlock:
  File "/home/jfm343/anaconda3/lib/python3.8/multiprocessing/process.py", line 315, in _bootstrap
    self.run()
  File "/home/jfm343/anaconda3/lib/python3.8/multiprocessing/synchronize.py", line 95, in __enter__
    return self._semlock.__enter__()
  File "/home/jfm343/anaconda3/lib/python3.8/multiprocessing/queues.py", line 96, in get
    with self._rlock:
  File "/home/jfm343/anaconda3/lib/python3.8/concurrent/futures/process.py", line 233, in _process_worker
    call_item = call_queue.get(block=True)
  File "/home/jfm343/anaconda3/lib/python3.8/multiprocessing/queues.py", line 96, in get
    with self._rlock:
  File "/home/jfm343/anaconda3/lib/python3.8/multiprocessing/synchronize.py", line 95, in __enter__
    return self._semlock.__enter__()
  File "/home/jfm343/anaconda3/lib/python3.8/concurrent/futures/process.py", line 233, in _process_worker
    call_item = call_queue.get(block=True)
  File "/home/jfm343/anaconda3/lib/python3.8/concurrent/futures/process.py", line 233, in _process_worker
    call_item = call_queue.get(block=True)
  File "/home/jfm343/anaconda3/lib/python3.8/multiprocessing/synchronize.py", line 95, in __enter__
    return self._semlock.__enter__()
  File "/home/jfm343/anaconda3/lib/python3.8/concurrent/futures/process.py", line 233, in _process_worker
    call_item = call_queue.get(block=True)
  File "/home/jfm343/anaconda3/lib/python3.8/multiprocessing/queues.py", line 96, in get
    with self._rlock:
  File "/home/jfm343/anaconda3/lib/python3.8/multiprocessing/queues.py", line 96, in get
    with self._rlock:
  File "/home/jfm343/anaconda3/lib/python3.8/multiprocessing/synchronize.py", line 95, in __enter__
    return self._semlock.__enter__()
  File "/home/jfm343/anaconda3/lib/python3.8/concurrent/futures/process.py", line 233, in _process_worker
    call_item = call_queue.get(block=True)
  File "/home/jfm343/anaconda3/lib/python3.8/multiprocessing/synchronize.py", line 95, in __enter__
    return self._semlock.__enter__()
  File "/home/jfm343/anaconda3/lib/python3.8/multiprocessing/synchronize.py", line 95, in __enter__
    return self._semlock.__enter__()
  File "/home/jfm343/anaconda3/lib/python3.8/multiprocessing/process.py", line 108, in run
    self._target(*self._args, **self._kwargs)
KeyboardInterrupt
  File "/home/jfm343/anaconda3/lib/python3.8/multiprocessing/synchronize.py", line 95, in __enter__
    return self._semlock.__enter__()
  File "/home/jfm343/anaconda3/lib/python3.8/multiprocessing/queues.py", line 96, in get
    with self._rlock:
  File "/home/jfm343/anaconda3/lib/python3.8/multiprocessing/process.py", line 315, in _bootstrap
    self.run()
  File "/home/jfm343/anaconda3/lib/python3.8/multiprocessing/synchronize.py", line 95, in __enter__
    return self._semlock.__enter__()
KeyboardInterrupt
  File "/home/jfm343/anaconda3/lib/python3.8/multiprocessing/queues.py", line 96, in get
    with self._rlock:
  File "/home/jfm343/anaconda3/lib/python3.8/multiprocessing/queues.py", line 96, in get
    with self._rlock:
  File "/home/jfm343/anaconda3/lib/python3.8/multiprocessing/queues.py", line 96, in get
    with self._rlock:
  File "/home/jfm343/anaconda3/lib/python3.8/multiprocessing/synchronize.py", line 95, in __enter__
    return self._semlock.__enter__()
  File "/home/jfm343/anaconda3/lib/python3.8/multiprocessing/synchronize.py", line 95, in __enter__
    return self._semlock.__enter__()
  File "/home/jfm343/anaconda3/lib/python3.8/multiprocessing/queues.py", line 96, in get
    with self._rlock:
  File "/home/jfm343/anaconda3/lib/python3.8/concurrent/futures/process.py", line 233, in _process_worker
    call_item = call_queue.get(block=True)
KeyboardInterrupt
KeyboardInterrupt
  File "/home/jfm343/anaconda3/lib/python3.8/multiprocessing/synchronize.py", line 95, in __enter__
    return self._semlock.__enter__()
  File "/home/jfm343/anaconda3/lib/python3.8/multiprocessing/process.py", line 108, in run
    self._target(*self._args, **self._kwargs)
KeyboardInterrupt
KeyboardInterrupt
KeyboardInterrupt
KeyboardInterrupt
  File "/home/jfm343/anaconda3/lib/python3.8/multiprocessing/synchronize.py", line 95, in __enter__
    return self._semlock.__enter__()
  File "/home/jfm343/anaconda3/lib/python3.8/multiprocessing/synchronize.py", line 95, in __enter__
    return self._semlock.__enter__()
  File "/home/jfm343/anaconda3/lib/python3.8/multiprocessing/synchronize.py", line 95, in __enter__
    return self._semlock.__enter__()
KeyboardInterrupt
  File "/home/jfm343/anaconda3/lib/python3.8/multiprocessing/synchronize.py", line 95, in __enter__
    return self._semlock.__enter__()
  File "/home/jfm343/anaconda3/lib/python3.8/multiprocessing/queues.py", line 96, in get
    with self._rlock:
KeyboardInterrupt
  File "/home/jfm343/anaconda3/lib/python3.8/concurrent/futures/process.py", line 233, in _process_worker
    call_item = call_queue.get(block=True)
KeyboardInterrupt
KeyboardInterrupt
  File "/home/jfm343/anaconda3/lib/python3.8/multiprocessing/synchronize.py", line 95, in __enter__
    return self._semlock.__enter__()
KeyboardInterrupt
  File "/home/jfm343/anaconda3/lib/python3.8/multiprocessing/queues.py", line 96, in get
    with self._rlock:
KeyboardInterrupt
KeyboardInterrupt
  File "/home/jfm343/anaconda3/lib/python3.8/multiprocessing/synchronize.py", line 95, in __enter__
    return self._semlock.__enter__()
KeyboardInterrupt
KeyboardInterrupt
Process ForkProcess-56:
  File "/home/jfm343/anaconda3/lib/python3.8/multiprocessing/process.py", line 108, in run
    self._target(*self._args, **self._kwargs)
  File "/home/jfm343/anaconda3/lib/python3.8/concurrent/futures/process.py", line 233, in _process_worker
    call_item = call_queue.get(block=True)
  File "/home/jfm343/anaconda3/lib/python3.8/multiprocessing/queues.py", line 96, in get
    with self._rlock:
  File "/home/jfm343/anaconda3/lib/python3.8/multiprocessing/synchronize.py", line 95, in __enter__
    return self._semlock.__enter__()
  File "/home/jfm343/anaconda3/lib/python3.8/multiprocessing/process.py", line 315, in _bootstrap
    self.run()
KeyboardInterrupt
  File "/home/jfm343/anaconda3/lib/python3.8/multiprocessing/process.py", line 108, in run
    self._target(*self._args, **self._kwargs)
  File "/home/jfm343/anaconda3/lib/python3.8/concurrent/futures/process.py", line 233, in _process_worker
    call_item = call_queue.get(block=True)
  File "/home/jfm343/anaconda3/lib/python3.8/multiprocessing/queues.py", line 96, in get
    with self._rlock:
  File "/home/jfm343/anaconda3/lib/python3.8/multiprocessing/synchronize.py", line 95, in __enter__
    return self._semlock.__enter__()
KeyboardInterrupt
Process ForkProcess-60:
Traceback (most recent call last):
  File "/home/jfm343/anaconda3/lib/python3.8/multiprocessing/process.py", line 315, in _bootstrap
    self.run()
  File "/home/jfm343/anaconda3/lib/python3.8/multiprocessing/process.py", line 108, in run
    self._target(*self._args, **self._kwargs)
  File "/home/jfm343/anaconda3/lib/python3.8/concurrent/futures/process.py", line 233, in _process_worker
    call_item = call_queue.get(block=True)
  File "/home/jfm343/anaconda3/lib/python3.8/multiprocessing/queues.py", line 96, in get
    with self._rlock:
  File "/home/jfm343/anaconda3/lib/python3.8/multiprocessing/synchronize.py", line 95, in __enter__
    return self._semlock.__enter__()
KeyboardInterrupt
  File "/home/jfm343/anaconda3/lib/python3.8/multiprocessing/process.py", line 315, in _bootstrap
    self.run()
  File "/home/jfm343/anaconda3/lib/python3.8/multiprocessing/process.py", line 108, in run
    self._target(*self._args, **self._kwargs)
  File "/home/jfm343/anaconda3/lib/python3.8/concurrent/futures/process.py", line 233, in _process_worker
    call_item = call_queue.get(block=True)
  File "/home/jfm343/anaconda3/lib/python3.8/multiprocessing/queues.py", line 96, in get
    with self._rlock:
  File "/home/jfm343/anaconda3/lib/python3.8/multiprocessing/synchronize.py", line 95, in __enter__
    return self._semlock.__enter__()
KeyboardInterrupt
Traceback (most recent call last):
  File "/home/jfm343/anaconda3/lib/python3.8/multiprocessing/process.py", line 315, in _bootstrap
    self.run()
  File "/home/jfm343/anaconda3/lib/python3.8/multiprocessing/process.py", line 108, in run
    self._target(*self._args, **self._kwargs)
  File "/home/jfm343/anaconda3/lib/python3.8/concurrent/futures/process.py", line 233, in _process_worker
    call_item = call_queue.get(block=True)
  File "/home/jfm343/anaconda3/lib/python3.8/multiprocessing/queues.py", line 96, in get
    with self._rlock:
  File "/home/jfm343/anaconda3/lib/python3.8/multiprocessing/synchronize.py", line 95, in __enter__
    return self._semlock.__enter__()
KeyboardInterrupt
Traceback (most recent call last):
  File "/home/jfm343/anaconda3/lib/python3.8/multiprocessing/process.py", line 315, in _bootstrap
    self.run()
  File "/home/jfm343/anaconda3/lib/python3.8/multiprocessing/process.py", line 108, in run
    self._target(*self._args, **self._kwargs)
  File "/home/jfm343/anaconda3/lib/python3.8/concurrent/futures/process.py", line 233, in _process_worker
    call_item = call_queue.get(block=True)
  File "/home/jfm343/anaconda3/lib/python3.8/multiprocessing/queues.py", line 96, in get
    with self._rlock:
  File "/home/jfm343/anaconda3/lib/python3.8/multiprocessing/synchronize.py", line 95, in __enter__
    return self._semlock.__enter__()
KeyboardInterrupt
Process ForkProcess-63:
Traceback (most recent call last):
  File "/home/jfm343/anaconda3/lib/python3.8/multiprocessing/process.py", line 108, in run
    self._target(*self._args, **self._kwargs)
  File "/home/jfm343/anaconda3/lib/python3.8/concurrent/futures/process.py", line 233, in _process_worker
    call_item = call_queue.get(block=True)
Process ForkProcess-59:
  File "/home/jfm343/anaconda3/lib/python3.8/multiprocessing/queues.py", line 96, in get
    with self._rlock:
  File "/home/jfm343/anaconda3/lib/python3.8/multiprocessing/synchronize.py", line 95, in __enter__
    return self._semlock.__enter__()
KeyboardInterrupt
  File "/home/jfm343/anaconda3/lib/python3.8/multiprocessing/process.py", line 315, in _bootstrap
    self.run()
  File "/home/jfm343/anaconda3/lib/python3.8/multiprocessing/process.py", line 108, in run
    self._target(*self._args, **self._kwargs)
  File "/home/jfm343/anaconda3/lib/python3.8/concurrent/futures/process.py", line 233, in _process_worker
    call_item = call_queue.get(block=True)
  File "/home/jfm343/anaconda3/lib/python3.8/multiprocessing/queues.py", line 96, in get
    with self._rlock:
  File "/home/jfm343/anaconda3/lib/python3.8/multiprocessing/synchronize.py", line 95, in __enter__
    return self._semlock.__enter__()
KeyboardInterrupt
Traceback (most recent call last):
  File "/home/jfm343/anaconda3/lib/python3.8/multiprocessing/process.py", line 315, in _bootstrap
    self.run()
  File "/home/jfm343/anaconda3/lib/python3.8/multiprocessing/process.py", line 108, in run
    self._target(*self._args, **self._kwargs)
  File "/home/jfm343/anaconda3/lib/python3.8/concurrent/futures/process.py", line 233, in _process_worker
    call_item = call_queue.get(block=True)
  File "/home/jfm343/anaconda3/lib/python3.8/multiprocessing/queues.py", line 96, in get
    with self._rlock:
  File "/home/jfm343/anaconda3/lib/python3.8/multiprocessing/synchronize.py", line 95, in __enter__
    return self._semlock.__enter__()
KeyboardInterrupt
Traceback (most recent call last):
  File "/home/jfm343/anaconda3/lib/python3.8/multiprocessing/process.py", line 315, in _bootstrap
    self.run()
  File "/home/jfm343/anaconda3/lib/python3.8/multiprocessing/process.py", line 108, in run
    self._target(*self._args, **self._kwargs)
  File "/home/jfm343/anaconda3/lib/python3.8/concurrent/futures/process.py", line 233, in _process_worker
    call_item = call_queue.get(block=True)
  File "/home/jfm343/anaconda3/lib/python3.8/multiprocessing/queues.py", line 96, in get
    with self._rlock:
  File "/home/jfm343/anaconda3/lib/python3.8/multiprocessing/synchronize.py", line 95, in __enter__
    return self._semlock.__enter__()
KeyboardInterrupt
Process ForkProcess-1:
Traceback (most recent call last):
  File "/home/jfm343/anaconda3/lib/python3.8/multiprocessing/process.py", line 315, in _bootstrap
    self.run()
  File "/home/jfm343/anaconda3/lib/python3.8/multiprocessing/process.py", line 108, in run
    self._target(*self._args, **self._kwargs)
  File "/home/jfm343/anaconda3/lib/python3.8/concurrent/futures/process.py", line 233, in _process_worker
    call_item = call_queue.get(block=True)
  File "/home/jfm343/anaconda3/lib/python3.8/multiprocessing/queues.py", line 116, in get
    return _ForkingPickler.loads(res)
  File "/home/jfm343/anaconda3/lib/python3.8/multiprocessing/reduction.py", line 225, in _rebuild_partial
    def _rebuild_partial(func, args, keywords):
KeyboardInterrupt
Traceback (most recent call last):
  File "MomentumEnergyScan.py", line 1708, in <module>
    sys.exit(main())  # next section explains the use of sys.exit
  File "MomentumEnergyScan.py", line 1697, in main
    [shifts, q, delsd]=SE.parInt_q( theta, w, Machine, sq)
  File "MomentumEnergyScan.py", line 1185, in parInt_q
    for result in results:
  File "/home/jfm343/anaconda3/lib/python3.8/concurrent/futures/process.py", line 484, in _chain_from_iterable_of_lists
    for element in iterable:
  File "/home/jfm343/anaconda3/lib/python3.8/concurrent/futures/_base.py", line 611, in result_iterator
    yield fs.pop().result()
  File "/home/jfm343/anaconda3/lib/python3.8/concurrent/futures/_base.py", line 434, in result
    self._condition.wait(timeout)
  File "/home/jfm343/anaconda3/lib/python3.8/threading.py", line 302, in wait
    waiter.acquire()
KeyboardInterrupt
Command terminated by signal 2
8.10user 7.91system 0:14.58elapsed 109%CPU (0avgtext+0avgdata 4596300maxresident)k
2176168inputs+125488outputs (838major+2023433minor)pagefaults 0swaps
