reading lattice from... ./Lattices/sqKgridX8000.npy
reading lattice from... ./Lattices/sqKgridY8000.npy
starting sampling in reciprocal space....
 finished sampling in reciprocal space.... 0.06846737861633301
started calculating filling for chemical potential and dispersion parameters TB_single_band..
reading lattice from... ./Lattices/KgridX400.npy
reading lattice from... ./Lattices/KgridY400.npy
reading lattice from... ./Lattices/KgridX400.npy
reading lattice from... ./Lattices/KgridY400.npy
finished calculating filling for chemical potential
Filling: 0.5021914101708863 .... chemical potential: 29.41164495334965
The fermi energy in mev is: 3064.1164088176356, and in units of J: 296.3362097502549, the bandwidth is:494.39071566731144
reading lattice from... ./Lattices/KgridX8000.npy
reading lattice from... ./Lattices/KgridY8000.npy
reading lattice from... ./Lattices/sqKgridX8000.npy
reading lattice from... ./Lattices/sqKgridY8000.npy
energy at the point.. 2.616965833149795 -0.012168622338113444  is  4.813565695371835e-06
the angle is  -0.0046498637787463866
100 the fermi surface points 5 chunk numtheads
starting with calculation of Sigma
179.4353199005127  seconds  2.616965833149795 -0.012168622338113444 0.0
168.61903738975525  seconds  2.616965833149795 -0.012168622338113444 0.5
172.92905592918396  seconds  2.616965833149795 -0.012168622338113444 1.5
199.26042485237122  seconds  2.616965833149795 -0.012168622338113444 1.0
226.6028594970703  seconds  2.616965833149795 -0.012168622338113444 2.0
191.9661467075348  seconds  2.616965833149795 -0.012168622338113444 4.0
234.78349447250366  seconds  2.616965833149795 -0.012168622338113444 2.5
251.08222150802612  seconds  2.616965833149795 -0.012168622338113444 3.0
197.8771584033966  seconds  2.616965833149795 -0.012168622338113444 5.0
262.1553556919098  seconds  2.616965833149795 -0.012168622338113444 3.5
213.522723197937  seconds  2.616965833149795 -0.012168622338113444 0.6000000000000001
284.75634932518005  seconds  2.616965833149795 -0.012168622338113444 4.5
218.21314430236816  seconds  2.616965833149795 -0.012168622338113444 1.6
259.37025785446167  seconds  2.616965833149795 -0.012168622338113444 6.5
230.38941359519958  seconds  2.616965833149795 -0.012168622338113444 7.5
319.8191182613373  seconds  2.616965833149795 -0.012168622338113444 5.5
311.2424862384796  seconds  2.616965833149795 -0.012168622338113444 6.0
343.2741422653198  seconds  2.616965833149795 -0.012168622338113444 0.1
261.942658662796  seconds  2.616965833149795 -0.012168622338113444 4.1000000000000005
267.60497760772705  seconds  2.616965833149795 -0.012168622338113444 9.5
366.3609137535095  seconds  2.616965833149795 -0.012168622338113444 7.0
343.48384737968445  seconds  2.616965833149795 -0.012168622338113444 8.0
357.7965703010559  seconds  2.616965833149795 -0.012168622338113444 1.1
264.3093876838684  seconds  2.616965833149795 -0.012168622338113444 5.1000000000000005
348.64351320266724  seconds  2.616965833149795 -0.012168622338113444 2.1
377.966427564621  seconds  2.616965833149795 -0.012168622338113444 8.5
373.9025101661682  seconds  2.616965833149795 -0.012168622338113444 9.0
360.1666693687439  seconds  2.616965833149795 -0.012168622338113444 2.6
270.6995599269867  seconds  2.616965833149795 -0.012168622338113444 0.7000000000000001
365.8958342075348  seconds  2.616965833149795 -0.012168622338113444 3.1
265.4437458515167  seconds  2.616965833149795 -0.012168622338113444 1.7000000000000002
264.8097026348114  seconds  2.616965833149795 -0.012168622338113444 6.6000000000000005
261.9575283527374  seconds  2.616965833149795 -0.012168622338113444 7.6000000000000005
357.80757784843445  seconds  2.616965833149795 -0.012168622338113444 3.6
342.9437220096588  seconds  2.616965833149795 -0.012168622338113444 4.6000000000000005
Traceback (most recent call last):
  File "omegaTscalingFS.py", line 1480, in <module>
    sys.exit(main())  # next section explains the use of sys.exit
  File "omegaTscalingFS.py", line 1469, in main
    [shifts, w, delsd]=SE.parInt_w( theta, w, Machine, sq)
  File "omegaTscalingFS.py", line 1071, in parInt_w
    for result in results:
  File "/home/jfm343/anaconda3/lib/python3.8/concurrent/futures/process.py", line 484, in _chain_from_iterable_of_lists
    for element in iterable:
  File "/home/jfm343/anaconda3/lib/python3.8/concurrent/futures/_base.py", line 611, in result_iterator
    yield fs.pop().result()
  File "/home/jfm343/anaconda3/lib/python3.8/concurrent/futures/_base.py", line 439, in result
    return self.__get_result()
  File "/home/jfm343/anaconda3/lib/python3.8/concurrent/futures/_base.py", line 388, in __get_result
    raise self._exception
concurrent.futures.process.BrokenProcessPool: A process in the process pool was terminated abruptly while the future was running or pending.
Command exited with non-zero status 1
7160.20user 3246.82system 14:21.03elapsed 1208%CPU (0avgtext+0avgdata 38258092maxresident)k
16851032inputs+125464outputs (326947major+150383666minor)pagefaults 0swaps
