reading lattice from... ./Lattices/sqKgridX6000.npy
reading lattice from... ./Lattices/sqKgridY6000.npy
starting sampling in reciprocal space....
 finished sampling in reciprocal space.... 0.1267075538635254
started calculating filling for chemical potential and dispersion parameters TB_single_band..
reading lattice from... ./Lattices/KgridX1200.npy
reading lattice from... ./Lattices/KgridY1200.npy
reading lattice from... ./Lattices/KgridX1200.npy
reading lattice from... ./Lattices/KgridY1200.npy
sum of the hist, normed? 1.0
finished calculating filling for chemical potential
Filling: 0.5005457254054085 .... chemical potential: 27.426155987022412
reading lattice from... ./Lattices/KgridX1200.npy
reading lattice from... ./Lattices/KgridY1200.npy
sum of the hist, normed? 0.9999999999999923
The fermi energy in mev is: 3043.586452905812, and in units of J: 294.35072078392767, the bandwidth is:494.39071566731144
reading lattice from... ./Lattices/KgridX6000.npy
reading lattice from... ./Lattices/KgridY6000.npy
reading lattice from... ./Lattices/sqKgridX6000.npy
reading lattice from... ./Lattices/sqKgridY6000.npy
energy at the point.. 2.607302062202848 -0.0069534984789219045  is  3.923355237134274e-06
200 the points 10 chunk numtheads
starting with calculation of Sigma
114.92109370231628  seconds  2.607302062202848 -0.0069534984789219045 0.0
115.74452781677246  seconds  2.607302062202848 -0.0069534984789219045 1.0
115.77138996124268  seconds  2.607302062202848 -0.0069534984789219045 2.0
119.23481893539429  seconds  2.607302062202848 -0.0069534984789219045 3.0
118.52255463600159  seconds  2.607302062202848 -0.0069534984789219045 4.0
121.10103917121887  seconds  2.607302062202848 -0.0069534984789219045 5.0
121.56299376487732  seconds  2.607302062202848 -0.0069534984789219045 6.0
125.28412675857544  seconds  2.607302062202848 -0.0069534984789219045 7.0
128.53909039497375  seconds  2.607302062202848 -0.0069534984789219045 8.0
130.8424687385559  seconds  2.607302062202848 -0.0069534984789219045 9.0
131.06880712509155  seconds  2.607302062202848 -0.0069534984789219045 10.0
149.7306637763977  seconds  2.607302062202848 -0.0069534984789219045 11.0
146.7427806854248  seconds  2.607302062202848 -0.0069534984789219045 12.0
189.0165364742279  seconds  2.607302062202848 -0.0069534984789219045 13.0
189.72150659561157  seconds  2.607302062202848 -0.0069534984789219045 0.1
186.09493613243103  seconds  2.607302062202848 -0.0069534984789219045 14.0
194.7884168624878  seconds  2.607302062202848 -0.0069534984789219045 1.1
193.4667465686798  seconds  2.607302062202848 -0.0069534984789219045 15.0
190.0695583820343  seconds  2.607302062202848 -0.0069534984789219045 16.0
196.43991780281067  seconds  2.607302062202848 -0.0069534984789219045 2.1
192.30616211891174  seconds  2.607302062202848 -0.0069534984789219045 3.1
193.29586458206177  seconds  2.607302062202848 -0.0069534984789219045 17.0
179.41803622245789  seconds  2.607302062202848 -0.0069534984789219045 19.0
191.03483939170837  seconds  2.607302062202848 -0.0069534984789219045 18.0
191.86628317832947  seconds  2.607302062202848 -0.0069534984789219045 5.1000000000000005
206.290785074234  seconds  2.607302062202848 -0.0069534984789219045 4.1000000000000005
190.1124861240387  seconds  2.607302062202848 -0.0069534984789219045 6.1000000000000005
190.50007009506226  seconds  2.607302062202848 -0.0069534984789219045 7.1000000000000005
169.33406925201416  seconds  2.607302062202848 -0.0069534984789219045 10.100000000000001
193.59556198120117  seconds  2.607302062202848 -0.0069534984789219045 8.1
115.00696802139282  seconds  2.607302062202848 -0.0069534984789219045 19.1
240.82620120048523  seconds  2.607302062202848 -0.0069534984789219045 11.100000000000001
190.20461702346802  seconds  2.607302062202848 -0.0069534984789219045 13.100000000000001
184.82268714904785  seconds  2.607302062202848 -0.0069534984789219045 14.100000000000001
243.5593605041504  seconds  2.607302062202848 -0.0069534984789219045 12.100000000000001
110.21730875968933  seconds  2.607302062202848 -0.0069534984789219045 10.200000000000001
175.16203141212463  seconds  2.607302062202848 -0.0069534984789219045 16.1
207.46513652801514  seconds  2.607302062202848 -0.0069534984789219045 15.100000000000001
327.72620725631714  seconds  2.607302062202848 -0.0069534984789219045 9.1
216.55400705337524  seconds  2.607302062202848 -0.0069534984789219045 1.2000000000000002
209.91864776611328  seconds  2.607302062202848 -0.0069534984789219045 2.2
204.55025053024292  seconds  2.607302062202848 -0.0069534984789219045 17.1
208.82633590698242  seconds  2.607302062202848 -0.0069534984789219045 3.2
247.88440322875977  seconds  2.607302062202848 -0.0069534984789219045 0.2
211.69148588180542  seconds  2.607302062202848 -0.0069534984789219045 18.1
207.11591601371765  seconds  2.607302062202848 -0.0069534984789219045 4.2
211.16373562812805  seconds  2.607302062202848 -0.0069534984789219045 5.2
107.93931651115417  seconds  2.607302062202848 -0.0069534984789219045 19.200000000000003
213.14636611938477  seconds  2.607302062202848 -0.0069534984789219045 6.2
213.11437916755676  seconds  2.607302062202848 -0.0069534984789219045 7.2
202.70619988441467  seconds  2.607302062202848 -0.0069534984789219045 8.200000000000001
107.87557315826416  seconds  2.607302062202848 -0.0069534984789219045 10.3
116.44366240501404  seconds  2.607302062202848 -0.0069534984789219045 16.2
163.23971819877625  seconds  2.607302062202848 -0.0069534984789219045 11.200000000000001
155.26913356781006  seconds  2.607302062202848 -0.0069534984789219045 12.200000000000001
157.69650602340698  seconds  2.607302062202848 -0.0069534984789219045 13.200000000000001
159.75504732131958  seconds  2.607302062202848 -0.0069534984789219045 14.200000000000001
132.45980429649353  seconds  2.607302062202848 -0.0069534984789219045 15.200000000000001
128.73060274124146  seconds  2.607302062202848 -0.0069534984789219045 1.3
138.7597885131836  seconds  2.607302062202848 -0.0069534984789219045 9.200000000000001
130.82321405410767  seconds  2.607302062202848 -0.0069534984789219045 17.2
135.58863496780396  seconds  2.607302062202848 -0.0069534984789219045 2.3000000000000003
109.8562970161438  seconds  2.607302062202848 -0.0069534984789219045 19.3
133.04931163787842  seconds  2.607302062202848 -0.0069534984789219045 3.3000000000000003
130.71526622772217  seconds  2.607302062202848 -0.0069534984789219045 0.30000000000000004
133.97439002990723  seconds  2.607302062202848 -0.0069534984789219045 18.2
129.67981886863708  seconds  2.607302062202848 -0.0069534984789219045 4.3
131.52774095535278  seconds  2.607302062202848 -0.0069534984789219045 5.300000000000001
131.52460741996765  seconds  2.607302062202848 -0.0069534984789219045 6.300000000000001
110.33874821662903  seconds  2.607302062202848 -0.0069534984789219045 10.4
129.60132956504822  seconds  2.607302062202848 -0.0069534984789219045 7.300000000000001
132.142924785614  seconds  2.607302062202848 -0.0069534984789219045 8.3
108.76481223106384  seconds  2.607302062202848 -0.0069534984789219045 16.3
129.33889770507812  seconds  2.607302062202848 -0.0069534984789219045 11.3
129.98121404647827  seconds  2.607302062202848 -0.0069534984789219045 13.3
131.86036109924316  seconds  2.607302062202848 -0.0069534984789219045 12.3
130.76316332817078  seconds  2.607302062202848 -0.0069534984789219045 14.3
111.47451329231262  seconds  2.607302062202848 -0.0069534984789219045 19.400000000000002
129.19641280174255  seconds  2.607302062202848 -0.0069534984789219045 15.3
127.4962089061737  seconds  2.607302062202848 -0.0069534984789219045 1.4000000000000001
132.19449734687805  seconds  2.607302062202848 -0.0069534984789219045 9.3
126.60829710960388  seconds  2.607302062202848 -0.0069534984789219045 3.4000000000000004
132.7924370765686  seconds  2.607302062202848 -0.0069534984789219045 17.3
136.67315983772278  seconds  2.607302062202848 -0.0069534984789219045 2.4000000000000004
133.0101444721222  seconds  2.607302062202848 -0.0069534984789219045 0.4
106.6022629737854  seconds  2.607302062202848 -0.0069534984789219045 10.5
130.13314080238342  seconds  2.607302062202848 -0.0069534984789219045 18.3
129.56777954101562  seconds  2.607302062202848 -0.0069534984789219045 5.4
132.42820644378662  seconds  2.607302062202848 -0.0069534984789219045 4.4
106.48161506652832  seconds  2.607302062202848 -0.0069534984789219045 16.400000000000002
130.8014464378357  seconds  2.607302062202848 -0.0069534984789219045 6.4
128.96782112121582  seconds  2.607302062202848 -0.0069534984789219045 7.4
130.60102438926697  seconds  2.607302062202848 -0.0069534984789219045 8.4
104.78602695465088  seconds  2.607302062202848 -0.0069534984789219045 19.5
127.32510471343994  seconds  2.607302062202848 -0.0069534984789219045 11.4
127.56131362915039  seconds  2.607302062202848 -0.0069534984789219045 13.4
128.71343898773193  seconds  2.607302062202848 -0.0069534984789219045 14.4
134.08669090270996  seconds  2.607302062202848 -0.0069534984789219045 12.4
128.85480070114136  seconds  2.607302062202848 -0.0069534984789219045 15.4
132.07498121261597  seconds  2.607302062202848 -0.0069534984789219045 1.5
105.85550308227539  seconds  2.607302062202848 -0.0069534984789219045 10.600000000000001
125.79555034637451  seconds  2.607302062202848 -0.0069534984789219045 17.400000000000002
130.21404838562012  seconds  2.607302062202848 -0.0069534984789219045 9.4
131.08416509628296  seconds  2.607302062202848 -0.0069534984789219045 3.5
126.83107399940491  seconds  2.607302062202848 -0.0069534984789219045 0.5
108.65140271186829  seconds  2.607302062202848 -0.0069534984789219045 16.5
133.81284546852112  seconds  2.607302062202848 -0.0069534984789219045 2.5
131.16344785690308  seconds  2.607302062202848 -0.0069534984789219045 18.400000000000002
127.91802072525024  seconds  2.607302062202848 -0.0069534984789219045 5.5
132.03384494781494  seconds  2.607302062202848 -0.0069534984789219045 4.5
126.71091771125793  seconds  2.607302062202848 -0.0069534984789219045 6.5
131.54639148712158  seconds  2.607302062202848 -0.0069534984789219045 7.5
134.16486716270447  seconds  2.607302062202848 -0.0069534984789219045 8.5
112.6396689414978  seconds  2.607302062202848 -0.0069534984789219045 19.6
105.11824107170105  seconds  2.607302062202848 -0.0069534984789219045 10.700000000000001
128.65803599357605  seconds  2.607302062202848 -0.0069534984789219045 11.5
129.9121105670929  seconds  2.607302062202848 -0.0069534984789219045 13.5
125.77068281173706  seconds  2.607302062202848 -0.0069534984789219045 14.5
126.56861710548401  seconds  2.607302062202848 -0.0069534984789219045 12.5
128.00569534301758  seconds  2.607302062202848 -0.0069534984789219045 15.5
112.32677102088928  seconds  2.607302062202848 -0.0069534984789219045 16.6
134.85113763809204  seconds  2.607302062202848 -0.0069534984789219045 1.6
128.71480441093445  seconds  2.607302062202848 -0.0069534984789219045 17.5
125.84190034866333  seconds  2.607302062202848 -0.0069534984789219045 3.6
131.91663646697998  seconds  2.607302062202848 -0.0069534984789219045 9.5
136.4982852935791  seconds  2.607302062202848 -0.0069534984789219045 0.6000000000000001
133.32888412475586  seconds  2.607302062202848 -0.0069534984789219045 2.6
131.5314164161682  seconds  2.607302062202848 -0.0069534984789219045 18.5
131.3857445716858  seconds  2.607302062202848 -0.0069534984789219045 5.6000000000000005
127.01371192932129  seconds  2.607302062202848 -0.0069534984789219045 6.6000000000000005
133.56769943237305  seconds  2.607302062202848 -0.0069534984789219045 4.6000000000000005
129.51007604599  seconds  2.607302062202848 -0.0069534984789219045 7.6000000000000005
107.96372747421265  seconds  2.607302062202848 -0.0069534984789219045 19.700000000000003
129.49660897254944  seconds  2.607302062202848 -0.0069534984789219045 8.6
105.11518549919128  seconds  2.607302062202848 -0.0069534984789219045 10.8
107.61333894729614  seconds  2.607302062202848 -0.0069534984789219045 16.7
131.2034993171692  seconds  2.607302062202848 -0.0069534984789219045 11.600000000000001
128.89966487884521  seconds  2.607302062202848 -0.0069534984789219045 13.600000000000001
129.852130651474  seconds  2.607302062202848 -0.0069534984789219045 14.600000000000001
128.79548692703247  seconds  2.607302062202848 -0.0069534984789219045 12.600000000000001
126.46973299980164  seconds  2.607302062202848 -0.0069534984789219045 15.600000000000001
125.50947761535645  seconds  2.607302062202848 -0.0069534984789219045 1.7000000000000002
127.16691470146179  seconds  2.607302062202848 -0.0069534984789219045 3.7
130.79729533195496  seconds  2.607302062202848 -0.0069534984789219045 17.6
131.42290329933167  seconds  2.607302062202848 -0.0069534984789219045 9.600000000000001
129.9357931613922  seconds  2.607302062202848 -0.0069534984789219045 0.7000000000000001
130.97016549110413  seconds  2.607302062202848 -0.0069534984789219045 2.7
127.57262134552002  seconds  2.607302062202848 -0.0069534984789219045 5.7
130.96448230743408  seconds  2.607302062202848 -0.0069534984789219045 18.6
105.11938452720642  seconds  2.607302062202848 -0.0069534984789219045 19.8
130.285813331604  seconds  2.607302062202848 -0.0069534984789219045 6.7
129.454421043396  seconds  2.607302062202848 -0.0069534984789219045 4.7
128.59036874771118  seconds  2.607302062202848 -0.0069534984789219045 7.7
109.7588050365448  seconds  2.607302062202848 -0.0069534984789219045 10.9
134.75344109535217  seconds  2.607302062202848 -0.0069534984789219045 8.700000000000001
107.16577482223511  seconds  2.607302062202848 -0.0069534984789219045 16.8
132.04902267456055  seconds  2.607302062202848 -0.0069534984789219045 11.700000000000001
130.6768205165863  seconds  2.607302062202848 -0.0069534984789219045 14.700000000000001
132.9202561378479  seconds  2.607302062202848 -0.0069534984789219045 13.700000000000001
129.688401222229  seconds  2.607302062202848 -0.0069534984789219045 12.700000000000001
129.67716670036316  seconds  2.607302062202848 -0.0069534984789219045 15.700000000000001
128.2250189781189  seconds  2.607302062202848 -0.0069534984789219045 1.8
125.41678500175476  seconds  2.607302062202848 -0.0069534984789219045 3.8000000000000003
128.46045064926147  seconds  2.607302062202848 -0.0069534984789219045 17.7
104.97970819473267  seconds  2.607302062202848 -0.0069534984789219045 19.900000000000002
132.00848054885864  seconds  2.607302062202848 -0.0069534984789219045 9.700000000000001
129.1886444091797  seconds  2.607302062202848 -0.0069534984789219045 0.8
128.04668641090393  seconds  2.607302062202848 -0.0069534984789219045 2.8000000000000003
127.99924516677856  seconds  2.607302062202848 -0.0069534984789219045 18.7
131.52446961402893  seconds  2.607302062202848 -0.0069534984789219045 5.800000000000001
129.30163502693176  seconds  2.607302062202848 -0.0069534984789219045 4.800000000000001
131.363911151886  seconds  2.607302062202848 -0.0069534984789219045 6.800000000000001
129.8154435157776  seconds  2.607302062202848 -0.0069534984789219045 7.800000000000001
103.38067388534546  seconds  2.607302062202848 -0.0069534984789219045 16.900000000000002
128.25621438026428  seconds  2.607302062202848 -0.0069534984789219045 8.8
128.41260528564453  seconds  2.607302062202848 -0.0069534984789219045 14.8
134.94050216674805  seconds  2.607302062202848 -0.0069534984789219045 11.8
134.82107734680176  seconds  2.607302062202848 -0.0069534984789219045 13.8
136.3059594631195  seconds  2.607302062202848 -0.0069534984789219045 12.8
133.8319754600525  seconds  2.607302062202848 -0.0069534984789219045 15.8
130.1176381111145  seconds  2.607302062202848 -0.0069534984789219045 1.9000000000000001
128.79108095169067  seconds  2.607302062202848 -0.0069534984789219045 3.9000000000000004
127.59258484840393  seconds  2.607302062202848 -0.0069534984789219045 17.8
127.82260847091675  seconds  2.607302062202848 -0.0069534984789219045 9.8
127.80850911140442  seconds  2.607302062202848 -0.0069534984789219045 0.9
127.78143668174744  seconds  2.607302062202848 -0.0069534984789219045 2.9000000000000004
127.62847542762756  seconds  2.607302062202848 -0.0069534984789219045 18.8
133.99377489089966  seconds  2.607302062202848 -0.0069534984789219045 5.9
127.59377241134644  seconds  2.607302062202848 -0.0069534984789219045 4.9
129.64490461349487  seconds  2.607302062202848 -0.0069534984789219045 6.9
123.21154713630676  seconds  2.607302062202848 -0.0069534984789219045 7.9
122.84131503105164  seconds  2.607302062202848 -0.0069534984789219045 8.9
113.48777365684509  seconds  2.607302062202848 -0.0069534984789219045 14.9
111.63529014587402  seconds  2.607302062202848 -0.0069534984789219045 11.9
112.8148467540741  seconds  2.607302062202848 -0.0069534984789219045 13.9
111.1408064365387  seconds  2.607302062202848 -0.0069534984789219045 12.9
111.00726795196533  seconds  2.607302062202848 -0.0069534984789219045 15.9
109.56498861312866  seconds  2.607302062202848 -0.0069534984789219045 17.900000000000002
104.93932104110718  seconds  2.607302062202848 -0.0069534984789219045 9.9
104.13608646392822  seconds  2.607302062202848 -0.0069534984789219045 18.900000000000002
time for calc.... 1590.2635579109192
energy at the point.. 2.6065504737387184 0.2694480660582359  is  2.9915582295814147e-06
200 the points 10 chunk numtheads
starting with calculation of Sigma
98.95727849006653  seconds  2.6065504737387184 0.2694480660582359 0.0
105.15341663360596  seconds  2.6065504737387184 0.2694480660582359 1.0
105.74592447280884  seconds  2.6065504737387184 0.2694480660582359 2.0
109.17040514945984  seconds  2.6065504737387184 0.2694480660582359 3.0
104.09427380561829  seconds  2.6065504737387184 0.2694480660582359 5.0
116.57163310050964  seconds  2.6065504737387184 0.2694480660582359 4.0
103.776771068573  seconds  2.6065504737387184 0.2694480660582359 7.0
119.6923611164093  seconds  2.6065504737387184 0.2694480660582359 6.0
128.73897647857666  seconds  2.6065504737387184 0.2694480660582359 8.0
129.63368821144104  seconds  2.6065504737387184 0.2694480660582359 9.0
129.04918503761292  seconds  2.6065504737387184 0.2694480660582359 10.0
133.1228985786438  seconds  2.6065504737387184 0.2694480660582359 11.0
133.55271887779236  seconds  2.6065504737387184 0.2694480660582359 0.1
120.76952815055847  seconds  2.6065504737387184 0.2694480660582359 1.1
135.068452835083  seconds  2.6065504737387184 0.2694480660582359 12.0
140.70572566986084  seconds  2.6065504737387184 0.2694480660582359 13.0
107.65389227867126  seconds  2.6065504737387184 0.2694480660582359 5.1000000000000005
111.64886903762817  seconds  2.6065504737387184 0.2694480660582359 16.0
138.45980286598206  seconds  2.6065504737387184 0.2694480660582359 2.1
140.42845726013184  seconds  2.6065504737387184 0.2694480660582359 14.0
135.64656496047974  seconds  2.6065504737387184 0.2694480660582359 15.0
106.35875964164734  seconds  2.6065504737387184 0.2694480660582359 7.1000000000000005
137.6151614189148  seconds  2.6065504737387184 0.2694480660582359 3.1
133.62848734855652  seconds  2.6065504737387184 0.2694480660582359 4.1000000000000005
119.33121538162231  seconds  2.6065504737387184 0.2694480660582359 18.0
143.08303666114807  seconds  2.6065504737387184 0.2694480660582359 17.0
138.52236127853394  seconds  2.6065504737387184 0.2694480660582359 6.1000000000000005
143.3782444000244  seconds  2.6065504737387184 0.2694480660582359 19.0
138.79576468467712  seconds  2.6065504737387184 0.2694480660582359 8.1
106.95565891265869  seconds  2.6065504737387184 0.2694480660582359 1.2000000000000002
137.8880639076233  seconds  2.6065504737387184 0.2694480660582359 9.1
139.19006609916687  seconds  2.6065504737387184 0.2694480660582359 10.100000000000001
108.4917848110199  seconds  2.6065504737387184 0.2694480660582359 5.2
109.26266360282898  seconds  2.6065504737387184 0.2694480660582359 16.1
133.64846205711365  seconds  2.6065504737387184 0.2694480660582359 0.2
145.35951852798462  seconds  2.6065504737387184 0.2694480660582359 11.100000000000001
108.27378630638123  seconds  2.6065504737387184 0.2694480660582359 7.2
140.77301931381226  seconds  2.6065504737387184 0.2694480660582359 12.100000000000001
135.71890306472778  seconds  2.6065504737387184 0.2694480660582359 13.100000000000001
108.0098922252655  seconds  2.6065504737387184 0.2694480660582359 18.1
136.97743153572083  seconds  2.6065504737387184 0.2694480660582359 2.2
132.34664177894592  seconds  2.6065504737387184 0.2694480660582359 15.100000000000001
139.70300912857056  seconds  2.6065504737387184 0.2694480660582359 14.100000000000001
142.9637806415558  seconds  2.6065504737387184 0.2694480660582359 3.2
139.73355555534363  seconds  2.6065504737387184 0.2694480660582359 4.2
142.03573036193848  seconds  2.6065504737387184 0.2694480660582359 17.1
137.46269941329956  seconds  2.6065504737387184 0.2694480660582359 6.2
109.06603217124939  seconds  2.6065504737387184 0.2694480660582359 1.3
139.75148057937622  seconds  2.6065504737387184 0.2694480660582359 19.1
109.69179844856262  seconds  2.6065504737387184 0.2694480660582359 5.300000000000001
138.27015161514282  seconds  2.6065504737387184 0.2694480660582359 8.200000000000001
108.45163607597351  seconds  2.6065504737387184 0.2694480660582359 16.2
133.63899207115173  seconds  2.6065504737387184 0.2694480660582359 9.200000000000001
108.5140631198883  seconds  2.6065504737387184 0.2694480660582359 7.300000000000001
140.61921191215515  seconds  2.6065504737387184 0.2694480660582359 10.200000000000001
134.84479308128357  seconds  2.6065504737387184 0.2694480660582359 0.30000000000000004
110.00697326660156  seconds  2.6065504737387184 0.2694480660582359 18.2
135.5161488056183  seconds  2.6065504737387184 0.2694480660582359 11.200000000000001
133.29912185668945  seconds  2.6065504737387184 0.2694480660582359 12.200000000000001
113.92568874359131  seconds  2.6065504737387184 0.2694480660582359 15.200000000000001
132.9462375640869  seconds  2.6065504737387184 0.2694480660582359 13.200000000000001
133.53149580955505  seconds  2.6065504737387184 0.2694480660582359 2.3000000000000003
135.69104051589966  seconds  2.6065504737387184 0.2694480660582359 14.200000000000001
135.85358262062073  seconds  2.6065504737387184 0.2694480660582359 3.3000000000000003
135.18954348564148  seconds  2.6065504737387184 0.2694480660582359 4.3
109.71010184288025  seconds  2.6065504737387184 0.2694480660582359 1.4000000000000001
135.47972750663757  seconds  2.6065504737387184 0.2694480660582359 17.2
110.72837090492249  seconds  2.6065504737387184 0.2694480660582359 16.3
112.27129316329956  seconds  2.6065504737387184 0.2694480660582359 5.4
139.2071270942688  seconds  2.6065504737387184 0.2694480660582359 6.300000000000001
135.1421298980713  seconds  2.6065504737387184 0.2694480660582359 19.200000000000003
110.02172493934631  seconds  2.6065504737387184 0.2694480660582359 7.4
135.44372129440308  seconds  2.6065504737387184 0.2694480660582359 8.3
131.08378505706787  seconds  2.6065504737387184 0.2694480660582359 9.3
111.95106387138367  seconds  2.6065504737387184 0.2694480660582359 18.3
120.6365315914154  seconds  2.6065504737387184 0.2694480660582359 0.4
130.3030927181244  seconds  2.6065504737387184 0.2694480660582359 10.3
113.50289297103882  seconds  2.6065504737387184 0.2694480660582359 15.3
134.00429105758667  seconds  2.6065504737387184 0.2694480660582359 11.3
134.85821866989136  seconds  2.6065504737387184 0.2694480660582359 12.3
127.4455406665802  seconds  2.6065504737387184 0.2694480660582359 13.3
134.24325108528137  seconds  2.6065504737387184 0.2694480660582359 2.4000000000000004
131.30509448051453  seconds  2.6065504737387184 0.2694480660582359 14.3
111.99239826202393  seconds  2.6065504737387184 0.2694480660582359 1.5
134.80691981315613  seconds  2.6065504737387184 0.2694480660582359 3.4000000000000004
136.47360730171204  seconds  2.6065504737387184 0.2694480660582359 4.4
112.95520401000977  seconds  2.6065504737387184 0.2694480660582359 5.5
116.93875670433044  seconds  2.6065504737387184 0.2694480660582359 16.400000000000002
110.91249489784241  seconds  2.6065504737387184 0.2694480660582359 7.5
137.70297408103943  seconds  2.6065504737387184 0.2694480660582359 17.3
135.19088459014893  seconds  2.6065504737387184 0.2694480660582359 6.4
111.57742357254028  seconds  2.6065504737387184 0.2694480660582359 18.400000000000002
136.0821042060852  seconds  2.6065504737387184 0.2694480660582359 19.3
110.60798478126526  seconds  2.6065504737387184 0.2694480660582359 15.4
117.97758316993713  seconds  2.6065504737387184 0.2694480660582359 0.5
130.66604137420654  seconds  2.6065504737387184 0.2694480660582359 9.4
132.42784214019775  seconds  2.6065504737387184 0.2694480660582359 8.4
139.61852169036865  seconds  2.6065504737387184 0.2694480660582359 10.4
132.00920796394348  seconds  2.6065504737387184 0.2694480660582359 11.4
133.52506470680237  seconds  2.6065504737387184 0.2694480660582359 12.4
110.88324213027954  seconds  2.6065504737387184 0.2694480660582359 1.6
138.12756729125977  seconds  2.6065504737387184 0.2694480660582359 13.4
134.63243222236633  seconds  2.6065504737387184 0.2694480660582359 2.5
130.63872718811035  seconds  2.6065504737387184 0.2694480660582359 14.4
111.32088327407837  seconds  2.6065504737387184 0.2694480660582359 5.6000000000000005
114.16787052154541  seconds  2.6065504737387184 0.2694480660582359 16.5
132.7406837940216  seconds  2.6065504737387184 0.2694480660582359 3.5
111.40244817733765  seconds  2.6065504737387184 0.2694480660582359 7.6000000000000005
138.9726116657257  seconds  2.6065504737387184 0.2694480660582359 4.5
111.59126043319702  seconds  2.6065504737387184 0.2694480660582359 18.5
133.43786334991455  seconds  2.6065504737387184 0.2694480660582359 17.400000000000002
111.34403991699219  seconds  2.6065504737387184 0.2694480660582359 15.5
112.59703230857849  seconds  2.6065504737387184 0.2694480660582359 0.6000000000000001
134.07069754600525  seconds  2.6065504737387184 0.2694480660582359 6.5
134.11042594909668  seconds  2.6065504737387184 0.2694480660582359 19.400000000000002
136.67270708084106  seconds  2.6065504737387184 0.2694480660582359 9.5
135.77147436141968  seconds  2.6065504737387184 0.2694480660582359 8.5
111.28788614273071  seconds  2.6065504737387184 0.2694480660582359 1.7000000000000002
133.18381428718567  seconds  2.6065504737387184 0.2694480660582359 10.5
131.11084055900574  seconds  2.6065504737387184 0.2694480660582359 11.5
132.25289297103882  seconds  2.6065504737387184 0.2694480660582359 12.5
110.18301248550415  seconds  2.6065504737387184 0.2694480660582359 5.7
133.5033540725708  seconds  2.6065504737387184 0.2694480660582359 13.5
111.50242161750793  seconds  2.6065504737387184 0.2694480660582359 16.6
112.09045147895813  seconds  2.6065504737387184 0.2694480660582359 7.7
136.01666593551636  seconds  2.6065504737387184 0.2694480660582359 14.5
138.32192254066467  seconds  2.6065504737387184 0.2694480660582359 2.6
129.67293119430542  seconds  2.6065504737387184 0.2694480660582359 3.6
111.34027934074402  seconds  2.6065504737387184 0.2694480660582359 18.6
111.35383176803589  seconds  2.6065504737387184 0.2694480660582359 0.7000000000000001
113.44885087013245  seconds  2.6065504737387184 0.2694480660582359 15.600000000000001
134.8689043521881  seconds  2.6065504737387184 0.2694480660582359 4.6000000000000005
135.65570187568665  seconds  2.6065504737387184 0.2694480660582359 17.5
133.44077563285828  seconds  2.6065504737387184 0.2694480660582359 6.6000000000000005
134.54102897644043  seconds  2.6065504737387184 0.2694480660582359 19.5
111.33786273002625  seconds  2.6065504737387184 0.2694480660582359 1.8
133.64327812194824  seconds  2.6065504737387184 0.2694480660582359 8.6
136.26014375686646  seconds  2.6065504737387184 0.2694480660582359 9.600000000000001
110.66198182106018  seconds  2.6065504737387184 0.2694480660582359 5.800000000000001
133.07247161865234  seconds  2.6065504737387184 0.2694480660582359 10.600000000000001
134.39728498458862  seconds  2.6065504737387184 0.2694480660582359 11.600000000000001
113.20626378059387  seconds  2.6065504737387184 0.2694480660582359 16.7
111.69377899169922  seconds  2.6065504737387184 0.2694480660582359 7.800000000000001
138.79033660888672  seconds  2.6065504737387184 0.2694480660582359 12.600000000000001
132.22242522239685  seconds  2.6065504737387184 0.2694480660582359 13.600000000000001
110.7237274646759  seconds  2.6065504737387184 0.2694480660582359 18.7
133.2998423576355  seconds  2.6065504737387184 0.2694480660582359 14.600000000000001
135.25540781021118  seconds  2.6065504737387184 0.2694480660582359 2.7
111.3495614528656  seconds  2.6065504737387184 0.2694480660582359 0.8
111.36494779586792  seconds  2.6065504737387184 0.2694480660582359 15.700000000000001
133.42492628097534  seconds  2.6065504737387184 0.2694480660582359 3.7
133.70220828056335  seconds  2.6065504737387184 0.2694480660582359 4.7
110.30460691452026  seconds  2.6065504737387184 0.2694480660582359 1.9000000000000001
135.97179460525513  seconds  2.6065504737387184 0.2694480660582359 17.6
135.82857513427734  seconds  2.6065504737387184 0.2694480660582359 6.7
130.461487531662  seconds  2.6065504737387184 0.2694480660582359 19.6
112.47232818603516  seconds  2.6065504737387184 0.2694480660582359 5.9
131.73874831199646  seconds  2.6065504737387184 0.2694480660582359 8.700000000000001
134.1935486793518  seconds  2.6065504737387184 0.2694480660582359 9.700000000000001
110.18372869491577  seconds  2.6065504737387184 0.2694480660582359 7.9
112.49301791191101  seconds  2.6065504737387184 0.2694480660582359 16.8
132.47729063034058  seconds  2.6065504737387184 0.2694480660582359 10.700000000000001
108.8799843788147  seconds  2.6065504737387184 0.2694480660582359 18.8
128.8737509250641  seconds  2.6065504737387184 0.2694480660582359 11.700000000000001
129.2232687473297  seconds  2.6065504737387184 0.2694480660582359 13.700000000000001
109.82959938049316  seconds  2.6065504737387184 0.2694480660582359 0.9
133.48020029067993  seconds  2.6065504737387184 0.2694480660582359 12.700000000000001
110.65240430831909  seconds  2.6065504737387184 0.2694480660582359 15.8
128.88922381401062  seconds  2.6065504737387184 0.2694480660582359 14.700000000000001
127.79742383956909  seconds  2.6065504737387184 0.2694480660582359 2.8000000000000003
127.56200981140137  seconds  2.6065504737387184 0.2694480660582359 3.8000000000000003
130.47888016700745  seconds  2.6065504737387184 0.2694480660582359 4.800000000000001
128.9657256603241  seconds  2.6065504737387184 0.2694480660582359 17.7
123.92797589302063  seconds  2.6065504737387184 0.2694480660582359 6.800000000000001
124.68642711639404  seconds  2.6065504737387184 0.2694480660582359 19.700000000000003
103.53776454925537  seconds  2.6065504737387184 0.2694480660582359 16.900000000000002
122.82128095626831  seconds  2.6065504737387184 0.2694480660582359 8.8
122.28899478912354  seconds  2.6065504737387184 0.2694480660582359 9.8
103.25220584869385  seconds  2.6065504737387184 0.2694480660582359 18.900000000000002
121.91682720184326  seconds  2.6065504737387184 0.2694480660582359 10.8
101.7990050315857  seconds  2.6065504737387184 0.2694480660582359 15.9
126.90846681594849  seconds  2.6065504737387184 0.2694480660582359 11.8
119.88736462593079  seconds  2.6065504737387184 0.2694480660582359 13.8
122.33627152442932  seconds  2.6065504737387184 0.2694480660582359 12.8
115.83810448646545  seconds  2.6065504737387184 0.2694480660582359 14.8
119.97258949279785  seconds  2.6065504737387184 0.2694480660582359 2.9000000000000004
118.42704010009766  seconds  2.6065504737387184 0.2694480660582359 3.9000000000000004
124.10818243026733  seconds  2.6065504737387184 0.2694480660582359 4.9
116.46792554855347  seconds  2.6065504737387184 0.2694480660582359 17.8
115.17443227767944  seconds  2.6065504737387184 0.2694480660582359 6.9
114.31965780258179  seconds  2.6065504737387184 0.2694480660582359 19.8
113.29189252853394  seconds  2.6065504737387184 0.2694480660582359 8.9
111.31771159172058  seconds  2.6065504737387184 0.2694480660582359 9.9
109.48163866996765  seconds  2.6065504737387184 0.2694480660582359 10.9
112.01852893829346  seconds  2.6065504737387184 0.2694480660582359 11.9
111.35768580436707  seconds  2.6065504737387184 0.2694480660582359 13.9
108.34277391433716  seconds  2.6065504737387184 0.2694480660582359 12.9
106.11908602714539  seconds  2.6065504737387184 0.2694480660582359 14.9
96.75459837913513  seconds  2.6065504737387184 0.2694480660582359 17.900000000000002
97.62707734107971  seconds  2.6065504737387184 0.2694480660582359 19.900000000000002
time for calc.... 1494.3027770519257
energy at the point.. 2.602114031264387 0.5441112559756629  is  7.517785363120311e-06
200 the points 10 chunk numtheads
starting with calculation of Sigma
102.59849333763123  seconds  2.602114031264387 0.5441112559756629 0.0
106.49675369262695  seconds  2.602114031264387 0.5441112559756629 1.0
106.29420161247253  seconds  2.602114031264387 0.5441112559756629 2.0
106.01302766799927  seconds  2.602114031264387 0.5441112559756629 3.0
107.37832355499268  seconds  2.602114031264387 0.5441112559756629 4.0
111.66042256355286  seconds  2.602114031264387 0.5441112559756629 5.0
111.98600172996521  seconds  2.602114031264387 0.5441112559756629 6.0
112.2405297756195  seconds  2.602114031264387 0.5441112559756629 7.0
114.00172972679138  seconds  2.602114031264387 0.5441112559756629 8.0
111.32688546180725  seconds  2.602114031264387 0.5441112559756629 9.0
114.70680618286133  seconds  2.602114031264387 0.5441112559756629 10.0
115.01596760749817  seconds  2.602114031264387 0.5441112559756629 11.0
117.78375816345215  seconds  2.602114031264387 0.5441112559756629 12.0
115.65804815292358  seconds  2.602114031264387 0.5441112559756629 13.0
116.73347020149231  seconds  2.602114031264387 0.5441112559756629 0.1
119.2326192855835  seconds  2.602114031264387 0.5441112559756629 14.0
118.6039526462555  seconds  2.602114031264387 0.5441112559756629 1.1
119.51903796195984  seconds  2.602114031264387 0.5441112559756629 15.0
119.96570777893066  seconds  2.602114031264387 0.5441112559756629 2.1
117.11506152153015  seconds  2.602114031264387 0.5441112559756629 16.0
120.22162055969238  seconds  2.602114031264387 0.5441112559756629 3.1
119.61237144470215  seconds  2.602114031264387 0.5441112559756629 17.0
122.84555459022522  seconds  2.602114031264387 0.5441112559756629 4.1000000000000005
116.35152554512024  seconds  2.602114031264387 0.5441112559756629 5.1000000000000005
122.26172304153442  seconds  2.602114031264387 0.5441112559756629 18.0
117.31324505805969  seconds  2.602114031264387 0.5441112559756629 6.1000000000000005
120.42429447174072  seconds  2.602114031264387 0.5441112559756629 19.0
120.31563353538513  seconds  2.602114031264387 0.5441112559756629 7.1000000000000005
121.6215124130249  seconds  2.602114031264387 0.5441112559756629 8.1
117.3521990776062  seconds  2.602114031264387 0.5441112559756629 9.1
122.59679412841797  seconds  2.602114031264387 0.5441112559756629 10.100000000000001
119.11320567131042  seconds  2.602114031264387 0.5441112559756629 11.100000000000001
121.59192371368408  seconds  2.602114031264387 0.5441112559756629 12.100000000000001
117.18983840942383  seconds  2.602114031264387 0.5441112559756629 13.100000000000001
121.10310673713684  seconds  2.602114031264387 0.5441112559756629 0.2
118.3674168586731  seconds  2.602114031264387 0.5441112559756629 14.100000000000001
120.4847764968872  seconds  2.602114031264387 0.5441112559756629 1.2000000000000002
119.10707926750183  seconds  2.602114031264387 0.5441112559756629 15.100000000000001
117.46162247657776  seconds  2.602114031264387 0.5441112559756629 16.1
122.54252409934998  seconds  2.602114031264387 0.5441112559756629 2.2
119.73065733909607  seconds  2.602114031264387 0.5441112559756629 3.2
119.49350190162659  seconds  2.602114031264387 0.5441112559756629 17.1
120.47443294525146  seconds  2.602114031264387 0.5441112559756629 4.2
119.80206322669983  seconds  2.602114031264387 0.5441112559756629 5.2
117.55299592018127  seconds  2.602114031264387 0.5441112559756629 18.1
118.67577528953552  seconds  2.602114031264387 0.5441112559756629 6.2
119.13768768310547  seconds  2.602114031264387 0.5441112559756629 19.1
120.08064293861389  seconds  2.602114031264387 0.5441112559756629 7.2
119.8230562210083  seconds  2.602114031264387 0.5441112559756629 9.200000000000001
121.49431037902832  seconds  2.602114031264387 0.5441112559756629 8.200000000000001
119.77904915809631  seconds  2.602114031264387 0.5441112559756629 10.200000000000001
119.65502762794495  seconds  2.602114031264387 0.5441112559756629 11.200000000000001
118.47388195991516  seconds  2.602114031264387 0.5441112559756629 13.200000000000001
125.00567841529846  seconds  2.602114031264387 0.5441112559756629 12.200000000000001
122.26201057434082  seconds  2.602114031264387 0.5441112559756629 0.30000000000000004
118.33062362670898  seconds  2.602114031264387 0.5441112559756629 14.200000000000001
119.25964546203613  seconds  2.602114031264387 0.5441112559756629 1.3
119.74158334732056  seconds  2.602114031264387 0.5441112559756629 15.200000000000001
119.97677993774414  seconds  2.602114031264387 0.5441112559756629 16.2
120.54396343231201  seconds  2.602114031264387 0.5441112559756629 2.3000000000000003
125.62223505973816  seconds  2.602114031264387 0.5441112559756629 3.3000000000000003
119.16054940223694  seconds  2.602114031264387 0.5441112559756629 17.2
118.50082850456238  seconds  2.602114031264387 0.5441112559756629 4.3
118.22222352027893  seconds  2.602114031264387 0.5441112559756629 18.2
125.27114224433899  seconds  2.602114031264387 0.5441112559756629 5.300000000000001
119.7452073097229  seconds  2.602114031264387 0.5441112559756629 6.300000000000001
122.35511565208435  seconds  2.602114031264387 0.5441112559756629 19.200000000000003
120.60690879821777  seconds  2.602114031264387 0.5441112559756629 7.300000000000001
117.90408325195312  seconds  2.602114031264387 0.5441112559756629 9.3
126.05904245376587  seconds  2.602114031264387 0.5441112559756629 8.3
118.63063263893127  seconds  2.602114031264387 0.5441112559756629 10.3
118.67779684066772  seconds  2.602114031264387 0.5441112559756629 11.3
121.26236391067505  seconds  2.602114031264387 0.5441112559756629 13.3
125.50803589820862  seconds  2.602114031264387 0.5441112559756629 12.3
123.30067014694214  seconds  2.602114031264387 0.5441112559756629 0.4
118.62982892990112  seconds  2.602114031264387 0.5441112559756629 14.3
121.22260308265686  seconds  2.602114031264387 0.5441112559756629 1.4000000000000001
119.88977885246277  seconds  2.602114031264387 0.5441112559756629 15.3
121.09625697135925  seconds  2.602114031264387 0.5441112559756629 16.3
122.07603788375854  seconds  2.602114031264387 0.5441112559756629 2.4000000000000004
120.1365418434143  seconds  2.602114031264387 0.5441112559756629 17.3
127.55969595909119  seconds  2.602114031264387 0.5441112559756629 3.4000000000000004
123.3825216293335  seconds  2.602114031264387 0.5441112559756629 4.4
120.31251859664917  seconds  2.602114031264387 0.5441112559756629 18.3
121.42186236381531  seconds  2.602114031264387 0.5441112559756629 5.4
118.76404190063477  seconds  2.602114031264387 0.5441112559756629 19.3
123.51537823677063  seconds  2.602114031264387 0.5441112559756629 6.4
118.93325686454773  seconds  2.602114031264387 0.5441112559756629 7.4
122.3848090171814  seconds  2.602114031264387 0.5441112559756629 9.4
122.97393989562988  seconds  2.602114031264387 0.5441112559756629 8.4
120.04920077323914  seconds  2.602114031264387 0.5441112559756629 10.4
122.15825486183167  seconds  2.602114031264387 0.5441112559756629 11.4
117.4825348854065  seconds  2.602114031264387 0.5441112559756629 13.4
118.40079832077026  seconds  2.602114031264387 0.5441112559756629 14.4
120.82626986503601  seconds  2.602114031264387 0.5441112559756629 0.5
124.26796889305115  seconds  2.602114031264387 0.5441112559756629 12.4
121.00904822349548  seconds  2.602114031264387 0.5441112559756629 15.4
124.69315838813782  seconds  2.602114031264387 0.5441112559756629 1.5
119.53426623344421  seconds  2.602114031264387 0.5441112559756629 16.400000000000002
120.57688426971436  seconds  2.602114031264387 0.5441112559756629 2.5
122.47965359687805  seconds  2.602114031264387 0.5441112559756629 17.400000000000002
118.48008060455322  seconds  2.602114031264387 0.5441112559756629 18.400000000000002
120.80252194404602  seconds  2.602114031264387 0.5441112559756629 4.5
123.6292564868927  seconds  2.602114031264387 0.5441112559756629 3.5
123.81359839439392  seconds  2.602114031264387 0.5441112559756629 5.5
120.06307601928711  seconds  2.602114031264387 0.5441112559756629 6.5
121.61065864562988  seconds  2.602114031264387 0.5441112559756629 19.400000000000002
125.74824857711792  seconds  2.602114031264387 0.5441112559756629 7.5
118.20084023475647  seconds  2.602114031264387 0.5441112559756629 9.5
123.44407320022583  seconds  2.602114031264387 0.5441112559756629 8.5
119.19402480125427  seconds  2.602114031264387 0.5441112559756629 10.5
119.91824054718018  seconds  2.602114031264387 0.5441112559756629 11.5
123.16031551361084  seconds  2.602114031264387 0.5441112559756629 13.5
117.94021272659302  seconds  2.602114031264387 0.5441112559756629 14.5
121.85347652435303  seconds  2.602114031264387 0.5441112559756629 12.5
126.60101890563965  seconds  2.602114031264387 0.5441112559756629 0.6000000000000001
118.93758606910706  seconds  2.602114031264387 0.5441112559756629 15.5
118.6765570640564  seconds  2.602114031264387 0.5441112559756629 16.5
122.92279410362244  seconds  2.602114031264387 0.5441112559756629 1.6
121.34673261642456  seconds  2.602114031264387 0.5441112559756629 2.6
117.90965366363525  seconds  2.602114031264387 0.5441112559756629 17.5
122.49669528007507  seconds  2.602114031264387 0.5441112559756629 18.5
123.02038478851318  seconds  2.602114031264387 0.5441112559756629 4.6000000000000005
122.52816390991211  seconds  2.602114031264387 0.5441112559756629 3.6
120.01220560073853  seconds  2.602114031264387 0.5441112559756629 5.6000000000000005
121.88878321647644  seconds  2.602114031264387 0.5441112559756629 6.6000000000000005
121.56378269195557  seconds  2.602114031264387 0.5441112559756629 19.5
120.95435452461243  seconds  2.602114031264387 0.5441112559756629 7.6000000000000005
116.51705026626587  seconds  2.602114031264387 0.5441112559756629 9.600000000000001
117.66310977935791  seconds  2.602114031264387 0.5441112559756629 10.600000000000001
122.92290115356445  seconds  2.602114031264387 0.5441112559756629 8.6
117.69992518424988  seconds  2.602114031264387 0.5441112559756629 11.600000000000001
118.58679533004761  seconds  2.602114031264387 0.5441112559756629 13.600000000000001
119.40877532958984  seconds  2.602114031264387 0.5441112559756629 14.600000000000001
121.43327450752258  seconds  2.602114031264387 0.5441112559756629 12.600000000000001
121.06792855262756  seconds  2.602114031264387 0.5441112559756629 0.7000000000000001
117.48827838897705  seconds  2.602114031264387 0.5441112559756629 15.600000000000001
117.78429913520813  seconds  2.602114031264387 0.5441112559756629 16.6
123.0306613445282  seconds  2.602114031264387 0.5441112559756629 1.7000000000000002
117.78392243385315  seconds  2.602114031264387 0.5441112559756629 2.7
119.16419506072998  seconds  2.602114031264387 0.5441112559756629 17.6
118.174067735672  seconds  2.602114031264387 0.5441112559756629 18.6
120.49939179420471  seconds  2.602114031264387 0.5441112559756629 3.7
123.23263549804688  seconds  2.602114031264387 0.5441112559756629 4.7
122.08126068115234  seconds  2.602114031264387 0.5441112559756629 5.7
120.10945248603821  seconds  2.602114031264387 0.5441112559756629 6.7
120.1530237197876  seconds  2.602114031264387 0.5441112559756629 19.6
117.27744507789612  seconds  2.602114031264387 0.5441112559756629 9.700000000000001
121.96454286575317  seconds  2.602114031264387 0.5441112559756629 7.7
117.69628238677979  seconds  2.602114031264387 0.5441112559756629 10.700000000000001
118.7644875049591  seconds  2.602114031264387 0.5441112559756629 11.700000000000001
126.00396656990051  seconds  2.602114031264387 0.5441112559756629 8.700000000000001
116.85018587112427  seconds  2.602114031264387 0.5441112559756629 13.700000000000001
116.9872305393219  seconds  2.602114031264387 0.5441112559756629 14.700000000000001
122.38900089263916  seconds  2.602114031264387 0.5441112559756629 12.700000000000001
120.75126647949219  seconds  2.602114031264387 0.5441112559756629 15.700000000000001
119.60746645927429  seconds  2.602114031264387 0.5441112559756629 16.7
125.81400799751282  seconds  2.602114031264387 0.5441112559756629 0.8
120.42239427566528  seconds  2.602114031264387 0.5441112559756629 2.8000000000000003
123.26026034355164  seconds  2.602114031264387 0.5441112559756629 1.8
116.7707679271698  seconds  2.602114031264387 0.5441112559756629 17.7
122.36579036712646  seconds  2.602114031264387 0.5441112559756629 18.7
119.04577589035034  seconds  2.602114031264387 0.5441112559756629 4.800000000000001
121.31602883338928  seconds  2.602114031264387 0.5441112559756629 3.8000000000000003
117.48683047294617  seconds  2.602114031264387 0.5441112559756629 5.800000000000001
116.93632674217224  seconds  2.602114031264387 0.5441112559756629 6.800000000000001
123.66708326339722  seconds  2.602114031264387 0.5441112559756629 19.700000000000003
117.34689927101135  seconds  2.602114031264387 0.5441112559756629 9.8
120.02874875068665  seconds  2.602114031264387 0.5441112559756629 7.800000000000001
118.55254030227661  seconds  2.602114031264387 0.5441112559756629 10.8
119.25296878814697  seconds  2.602114031264387 0.5441112559756629 11.8
119.79497694969177  seconds  2.602114031264387 0.5441112559756629 8.8
119.19697284698486  seconds  2.602114031264387 0.5441112559756629 13.8
121.3631637096405  seconds  2.602114031264387 0.5441112559756629 14.8
117.14237642288208  seconds  2.602114031264387 0.5441112559756629 16.8
120.6467957496643  seconds  2.602114031264387 0.5441112559756629 15.8
123.2674036026001  seconds  2.602114031264387 0.5441112559756629 0.9
128.8942141532898  seconds  2.602114031264387 0.5441112559756629 12.8
119.68142867088318  seconds  2.602114031264387 0.5441112559756629 1.9000000000000001
117.9694082736969  seconds  2.602114031264387 0.5441112559756629 17.8
122.63340997695923  seconds  2.602114031264387 0.5441112559756629 2.9000000000000004
119.80102777481079  seconds  2.602114031264387 0.5441112559756629 18.8
117.60042405128479  seconds  2.602114031264387 0.5441112559756629 4.9
117.21885204315186  seconds  2.602114031264387 0.5441112559756629 3.9000000000000004
119.73152184486389  seconds  2.602114031264387 0.5441112559756629 5.9
122.07625913619995  seconds  2.602114031264387 0.5441112559756629 6.9
120.47065615653992  seconds  2.602114031264387 0.5441112559756629 19.8
117.59279108047485  seconds  2.602114031264387 0.5441112559756629 9.9
112.55559182167053  seconds  2.602114031264387 0.5441112559756629 7.9
117.0457227230072  seconds  2.602114031264387 0.5441112559756629 10.9
108.0973744392395  seconds  2.602114031264387 0.5441112559756629 8.9
116.60170817375183  seconds  2.602114031264387 0.5441112559756629 11.9
118.5371344089508  seconds  2.602114031264387 0.5441112559756629 13.9
115.121018409729  seconds  2.602114031264387 0.5441112559756629 14.9
98.76623249053955  seconds  2.602114031264387 0.5441112559756629 12.9
113.10371589660645  seconds  2.602114031264387 0.5441112559756629 16.900000000000002
114.45511674880981  seconds  2.602114031264387 0.5441112559756629 15.9
111.62594652175903  seconds  2.602114031264387 0.5441112559756629 17.900000000000002
110.4856059551239  seconds  2.602114031264387 0.5441112559756629 18.900000000000002
107.1203293800354  seconds  2.602114031264387 0.5441112559756629 19.900000000000002
time for calc.... 1365.5226037502289
energy at the point.. 2.5846892989406154 0.8396349413298569  is  1.1574406936887272e-05
200 the points 10 chunk numtheads
starting with calculation of Sigma
105.93901658058167  seconds  2.5846892989406154 0.8396349413298569 0.0
101.70674085617065  seconds  2.5846892989406154 0.8396349413298569 1.0
110.88128805160522  seconds  2.5846892989406154 0.8396349413298569 2.0
113.83727693557739  seconds  2.5846892989406154 0.8396349413298569 3.0
114.93921041488647  seconds  2.5846892989406154 0.8396349413298569 4.0
115.15522050857544  seconds  2.5846892989406154 0.8396349413298569 5.0
103.52386236190796  seconds  2.5846892989406154 0.8396349413298569 7.0
120.20509648323059  seconds  2.5846892989406154 0.8396349413298569 6.0
104.3746542930603  seconds  2.5846892989406154 0.8396349413298569 9.0
120.2835340499878  seconds  2.5846892989406154 0.8396349413298569 8.0
125.3705313205719  seconds  2.5846892989406154 0.8396349413298569 10.0
123.84973382949829  seconds  2.5846892989406154 0.8396349413298569 11.0
107.84669017791748  seconds  2.5846892989406154 0.8396349413298569 1.1
124.49530577659607  seconds  2.5846892989406154 0.8396349413298569 12.0
122.82316493988037  seconds  2.5846892989406154 0.8396349413298569 0.1
129.49670314788818  seconds  2.5846892989406154 0.8396349413298569 13.0
125.54108834266663  seconds  2.5846892989406154 0.8396349413298569 14.0
131.2436420917511  seconds  2.5846892989406154 0.8396349413298569 15.0
129.74627375602722  seconds  2.5846892989406154 0.8396349413298569 2.1
126.97419905662537  seconds  2.5846892989406154 0.8396349413298569 16.0
114.07213687896729  seconds  2.5846892989406154 0.8396349413298569 18.0
128.2265853881836  seconds  2.5846892989406154 0.8396349413298569 3.1
109.92762303352356  seconds  2.5846892989406154 0.8396349413298569 7.1000000000000005
129.0282850265503  seconds  2.5846892989406154 0.8396349413298569 17.0
125.54835844039917  seconds  2.5846892989406154 0.8396349413298569 4.1000000000000005
126.75799417495728  seconds  2.5846892989406154 0.8396349413298569 5.1000000000000005
126.0409939289093  seconds  2.5846892989406154 0.8396349413298569 19.0
110.81552767753601  seconds  2.5846892989406154 0.8396349413298569 9.1
136.0984489917755  seconds  2.5846892989406154 0.8396349413298569 6.1000000000000005
125.74368405342102  seconds  2.5846892989406154 0.8396349413298569 8.1
108.92640948295593  seconds  2.5846892989406154 0.8396349413298569 1.2000000000000002
124.87778115272522  seconds  2.5846892989406154 0.8396349413298569 10.100000000000001
125.34932255744934  seconds  2.5846892989406154 0.8396349413298569 11.100000000000001
126.62552165985107  seconds  2.5846892989406154 0.8396349413298569 12.100000000000001
121.48030352592468  seconds  2.5846892989406154 0.8396349413298569 0.2
127.44404244422913  seconds  2.5846892989406154 0.8396349413298569 13.100000000000001
124.15501856803894  seconds  2.5846892989406154 0.8396349413298569 14.100000000000001
109.7319598197937  seconds  2.5846892989406154 0.8396349413298569 18.1
109.32990956306458  seconds  2.5846892989406154 0.8396349413298569 7.2
126.5873191356659  seconds  2.5846892989406154 0.8396349413298569 15.100000000000001
128.58447170257568  seconds  2.5846892989406154 0.8396349413298569 2.2
126.13231778144836  seconds  2.5846892989406154 0.8396349413298569 16.1
128.129549741745  seconds  2.5846892989406154 0.8396349413298569 3.2
108.97859811782837  seconds  2.5846892989406154 0.8396349413298569 9.200000000000001
126.83404016494751  seconds  2.5846892989406154 0.8396349413298569 17.1
127.09219765663147  seconds  2.5846892989406154 0.8396349413298569 4.2
124.16674900054932  seconds  2.5846892989406154 0.8396349413298569 5.2
125.2444498538971  seconds  2.5846892989406154 0.8396349413298569 19.1
124.622398853302  seconds  2.5846892989406154 0.8396349413298569 8.200000000000001
130.366539478302  seconds  2.5846892989406154 0.8396349413298569 6.2
110.36064577102661  seconds  2.5846892989406154 0.8396349413298569 1.3
124.36187195777893  seconds  2.5846892989406154 0.8396349413298569 10.200000000000001
124.9518506526947  seconds  2.5846892989406154 0.8396349413298569 11.200000000000001
120.86822414398193  seconds  2.5846892989406154 0.8396349413298569 0.30000000000000004
127.256174325943  seconds  2.5846892989406154 0.8396349413298569 12.200000000000001
109.17799973487854  seconds  2.5846892989406154 0.8396349413298569 18.2
108.89645600318909  seconds  2.5846892989406154 0.8396349413298569 7.300000000000001
127.30284714698792  seconds  2.5846892989406154 0.8396349413298569 13.200000000000001
132.63040208816528  seconds  2.5846892989406154 0.8396349413298569 14.200000000000001
123.48804807662964  seconds  2.5846892989406154 0.8396349413298569 15.200000000000001
108.88957262039185  seconds  2.5846892989406154 0.8396349413298569 9.3
127.7574827671051  seconds  2.5846892989406154 0.8396349413298569 2.3000000000000003
126.52157807350159  seconds  2.5846892989406154 0.8396349413298569 16.2
125.00457239151001  seconds  2.5846892989406154 0.8396349413298569 3.3000000000000003
124.31041407585144  seconds  2.5846892989406154 0.8396349413298569 5.300000000000001
134.68414616584778  seconds  2.5846892989406154 0.8396349413298569 17.2
124.34100699424744  seconds  2.5846892989406154 0.8396349413298569 19.200000000000003
135.52818179130554  seconds  2.5846892989406154 0.8396349413298569 4.3
107.49749088287354  seconds  2.5846892989406154 0.8396349413298569 1.4000000000000001
126.39630341529846  seconds  2.5846892989406154 0.8396349413298569 8.3
132.71620106697083  seconds  2.5846892989406154 0.8396349413298569 6.300000000000001
123.86566305160522  seconds  2.5846892989406154 0.8396349413298569 11.3
133.0016963481903  seconds  2.5846892989406154 0.8396349413298569 10.3
121.45174050331116  seconds  2.5846892989406154 0.8396349413298569 0.4
109.69703364372253  seconds  2.5846892989406154 0.8396349413298569 18.3
108.15916919708252  seconds  2.5846892989406154 0.8396349413298569 7.4
124.66060209274292  seconds  2.5846892989406154 0.8396349413298569 12.3
110.61836814880371  seconds  2.5846892989406154 0.8396349413298569 9.4
129.4734537601471  seconds  2.5846892989406154 0.8396349413298569 13.3
130.55940437316895  seconds  2.5846892989406154 0.8396349413298569 14.3
124.29274153709412  seconds  2.5846892989406154 0.8396349413298569 15.3
123.3391923904419  seconds  2.5846892989406154 0.8396349413298569 16.3
129.54989004135132  seconds  2.5846892989406154 0.8396349413298569 2.4000000000000004
123.09482383728027  seconds  2.5846892989406154 0.8396349413298569 3.4000000000000004
110.25830554962158  seconds  2.5846892989406154 0.8396349413298569 1.5
123.09521532058716  seconds  2.5846892989406154 0.8396349413298569 5.4
130.12964057922363  seconds  2.5846892989406154 0.8396349413298569 19.3
134.65582871437073  seconds  2.5846892989406154 0.8396349413298569 17.3
134.75248217582703  seconds  2.5846892989406154 0.8396349413298569 4.4
129.48591136932373  seconds  2.5846892989406154 0.8396349413298569 8.4
125.25982356071472  seconds  2.5846892989406154 0.8396349413298569 6.4
108.63935899734497  seconds  2.5846892989406154 0.8396349413298569 18.400000000000002
109.04592895507812  seconds  2.5846892989406154 0.8396349413298569 7.5
123.06031918525696  seconds  2.5846892989406154 0.8396349413298569 11.4
126.79669499397278  seconds  2.5846892989406154 0.8396349413298569 10.4
128.1746382713318  seconds  2.5846892989406154 0.8396349413298569 0.5
108.05872583389282  seconds  2.5846892989406154 0.8396349413298569 9.5
129.44879913330078  seconds  2.5846892989406154 0.8396349413298569 12.4
123.61041831970215  seconds  2.5846892989406154 0.8396349413298569 13.4
123.64706873893738  seconds  2.5846892989406154 0.8396349413298569 14.4
126.72220420837402  seconds  2.5846892989406154 0.8396349413298569 15.4
110.28616404533386  seconds  2.5846892989406154 0.8396349413298569 1.6
127.76394486427307  seconds  2.5846892989406154 0.8396349413298569 16.400000000000002
124.82416725158691  seconds  2.5846892989406154 0.8396349413298569 2.5
125.4637520313263  seconds  2.5846892989406154 0.8396349413298569 3.5
122.87941288948059  seconds  2.5846892989406154 0.8396349413298569 5.5
124.37621068954468  seconds  2.5846892989406154 0.8396349413298569 19.400000000000002
133.20400762557983  seconds  2.5846892989406154 0.8396349413298569 17.400000000000002
132.2100794315338  seconds  2.5846892989406154 0.8396349413298569 4.5
109.80546689033508  seconds  2.5846892989406154 0.8396349413298569 18.5
108.1739149093628  seconds  2.5846892989406154 0.8396349413298569 7.6000000000000005
124.64960861206055  seconds  2.5846892989406154 0.8396349413298569 6.5
127.78816509246826  seconds  2.5846892989406154 0.8396349413298569 8.5
107.8318703174591  seconds  2.5846892989406154 0.8396349413298569 9.600000000000001
124.17311143875122  seconds  2.5846892989406154 0.8396349413298569 11.5
127.02835035324097  seconds  2.5846892989406154 0.8396349413298569 10.5
128.5885169506073  seconds  2.5846892989406154 0.8396349413298569 0.6000000000000001
123.69728779792786  seconds  2.5846892989406154 0.8396349413298569 12.5
124.64136266708374  seconds  2.5846892989406154 0.8396349413298569 13.5
109.4977080821991  seconds  2.5846892989406154 0.8396349413298569 1.7000000000000002
123.11023736000061  seconds  2.5846892989406154 0.8396349413298569 14.5
132.85473680496216  seconds  2.5846892989406154 0.8396349413298569 15.5
124.65209746360779  seconds  2.5846892989406154 0.8396349413298569 2.6
133.66162419319153  seconds  2.5846892989406154 0.8396349413298569 16.5
133.366215467453  seconds  2.5846892989406154 0.8396349413298569 3.6
130.86958026885986  seconds  2.5846892989406154 0.8396349413298569 5.6000000000000005
123.54163217544556  seconds  2.5846892989406154 0.8396349413298569 19.5
108.06008005142212  seconds  2.5846892989406154 0.8396349413298569 18.6
108.02159881591797  seconds  2.5846892989406154 0.8396349413298569 7.7
125.27189040184021  seconds  2.5846892989406154 0.8396349413298569 4.6000000000000005
127.65709280967712  seconds  2.5846892989406154 0.8396349413298569 17.5
107.93956303596497  seconds  2.5846892989406154 0.8396349413298569 9.700000000000001
123.8523154258728  seconds  2.5846892989406154 0.8396349413298569 6.6000000000000005
126.30432367324829  seconds  2.5846892989406154 0.8396349413298569 8.6
124.02641701698303  seconds  2.5846892989406154 0.8396349413298569 11.600000000000001
127.58553171157837  seconds  2.5846892989406154 0.8396349413298569 10.600000000000001
123.25030708312988  seconds  2.5846892989406154 0.8396349413298569 0.7000000000000001
123.65541982650757  seconds  2.5846892989406154 0.8396349413298569 12.600000000000001
110.76137399673462  seconds  2.5846892989406154 0.8396349413298569 1.8
126.52337002754211  seconds  2.5846892989406154 0.8396349413298569 13.600000000000001
126.44729852676392  seconds  2.5846892989406154 0.8396349413298569 14.600000000000001
124.43409824371338  seconds  2.5846892989406154 0.8396349413298569 2.7
127.94392085075378  seconds  2.5846892989406154 0.8396349413298569 15.600000000000001
128.4372169971466  seconds  2.5846892989406154 0.8396349413298569 16.6
107.91301536560059  seconds  2.5846892989406154 0.8396349413298569 7.800000000000001
109.48787021636963  seconds  2.5846892989406154 0.8396349413298569 18.7
130.9613332748413  seconds  2.5846892989406154 0.8396349413298569 3.7
126.9062328338623  seconds  2.5846892989406154 0.8396349413298569 5.7
125.05940747261047  seconds  2.5846892989406154 0.8396349413298569 19.6
109.40375304222107  seconds  2.5846892989406154 0.8396349413298569 9.8
124.01775670051575  seconds  2.5846892989406154 0.8396349413298569 4.7
126.1229338645935  seconds  2.5846892989406154 0.8396349413298569 17.6
124.5187873840332  seconds  2.5846892989406154 0.8396349413298569 6.7
128.5176022052765  seconds  2.5846892989406154 0.8396349413298569 8.700000000000001
126.07299137115479  seconds  2.5846892989406154 0.8396349413298569 11.700000000000001
121.12991642951965  seconds  2.5846892989406154 0.8396349413298569 0.8
111.11479306221008  seconds  2.5846892989406154 0.8396349413298569 1.9000000000000001
133.531920671463  seconds  2.5846892989406154 0.8396349413298569 10.700000000000001
131.96152067184448  seconds  2.5846892989406154 0.8396349413298569 12.700000000000001
126.27160120010376  seconds  2.5846892989406154 0.8396349413298569 13.700000000000001
128.05560064315796  seconds  2.5846892989406154 0.8396349413298569 14.700000000000001
106.63986229896545  seconds  2.5846892989406154 0.8396349413298569 7.9
108.54033136367798  seconds  2.5846892989406154 0.8396349413298569 18.8
126.53773665428162  seconds  2.5846892989406154 0.8396349413298569 2.8000000000000003
127.53912830352783  seconds  2.5846892989406154 0.8396349413298569 15.700000000000001
125.02041387557983  seconds  2.5846892989406154 0.8396349413298569 16.7
105.41348481178284  seconds  2.5846892989406154 0.8396349413298569 9.9
130.0594882965088  seconds  2.5846892989406154 0.8396349413298569 3.8000000000000003
128.45766830444336  seconds  2.5846892989406154 0.8396349413298569 5.800000000000001
126.43566370010376  seconds  2.5846892989406154 0.8396349413298569 19.700000000000003
123.81743597984314  seconds  2.5846892989406154 0.8396349413298569 17.7
126.25290703773499  seconds  2.5846892989406154 0.8396349413298569 4.800000000000001
124.40318131446838  seconds  2.5846892989406154 0.8396349413298569 6.800000000000001
124.60173296928406  seconds  2.5846892989406154 0.8396349413298569 8.8
128.69992995262146  seconds  2.5846892989406154 0.8396349413298569 11.8
122.81576037406921  seconds  2.5846892989406154 0.8396349413298569 0.9
132.04947328567505  seconds  2.5846892989406154 0.8396349413298569 10.8
98.18544292449951  seconds  2.5846892989406154 0.8396349413298569 18.900000000000002
130.9865460395813  seconds  2.5846892989406154 0.8396349413298569 12.8
124.05480742454529  seconds  2.5846892989406154 0.8396349413298569 13.8
125.41169023513794  seconds  2.5846892989406154 0.8396349413298569 14.8
124.20082664489746  seconds  2.5846892989406154 0.8396349413298569 2.9000000000000004
126.91152334213257  seconds  2.5846892989406154 0.8396349413298569 15.8
124.20601201057434  seconds  2.5846892989406154 0.8396349413298569 16.8
123.6278715133667  seconds  2.5846892989406154 0.8396349413298569 3.9000000000000004
124.9443371295929  seconds  2.5846892989406154 0.8396349413298569 5.9
123.18663382530212  seconds  2.5846892989406154 0.8396349413298569 19.8
123.06581449508667  seconds  2.5846892989406154 0.8396349413298569 17.8
125.82422113418579  seconds  2.5846892989406154 0.8396349413298569 4.9
121.12172174453735  seconds  2.5846892989406154 0.8396349413298569 6.9
121.8930721282959  seconds  2.5846892989406154 0.8396349413298569 8.9
119.17573666572571  seconds  2.5846892989406154 0.8396349413298569 11.9
117.47886157035828  seconds  2.5846892989406154 0.8396349413298569 10.9
115.10705780982971  seconds  2.5846892989406154 0.8396349413298569 12.9
114.8379955291748  seconds  2.5846892989406154 0.8396349413298569 13.9
111.26506447792053  seconds  2.5846892989406154 0.8396349413298569 14.9
109.39084672927856  seconds  2.5846892989406154 0.8396349413298569 15.9
108.82043266296387  seconds  2.5846892989406154 0.8396349413298569 16.900000000000002
103.89539837837219  seconds  2.5846892989406154 0.8396349413298569 19.900000000000002
103.6761064529419  seconds  2.5846892989406154 0.8396349413298569 17.900000000000002
time for calc.... 1425.9451251029968
energy at the point.. 2.5337077240684835 1.1368970013037814  is  2.067935501059992e-06
200 the points 10 chunk numtheads
starting with calculation of Sigma
98.50555276870728  seconds  2.5337077240684835 1.1368970013037814 1.0
108.64906740188599  seconds  2.5337077240684835 1.1368970013037814 0.0
99.32226419448853  seconds  2.5337077240684835 1.1368970013037814 2.0
99.4388837814331  seconds  2.5337077240684835 1.1368970013037814 3.0
115.32726311683655  seconds  2.5337077240684835 1.1368970013037814 4.0
115.78207278251648  seconds  2.5337077240684835 1.1368970013037814 5.0
117.51863360404968  seconds  2.5337077240684835 1.1368970013037814 6.0
121.47931218147278  seconds  2.5337077240684835 1.1368970013037814 7.0
119.45215511322021  seconds  2.5337077240684835 1.1368970013037814 8.0
123.83902335166931  seconds  2.5337077240684835 1.1368970013037814 9.0
121.03783893585205  seconds  2.5337077240684835 1.1368970013037814 10.0
102.57016921043396  seconds  2.5337077240684835 1.1368970013037814 1.1
101.23857831954956  seconds  2.5337077240684835 1.1368970013037814 2.1
128.1390769481659  seconds  2.5337077240684835 1.1368970013037814 11.0
102.02803659439087  seconds  2.5337077240684835 1.1368970013037814 3.1
124.73937940597534  seconds  2.5337077240684835 1.1368970013037814 12.0
125.08644556999207  seconds  2.5337077240684835 1.1368970013037814 0.1
125.33043479919434  seconds  2.5337077240684835 1.1368970013037814 13.0
132.74345469474792  seconds  2.5337077240684835 1.1368970013037814 14.0
127.76735615730286  seconds  2.5337077240684835 1.1368970013037814 15.0
131.66600728034973  seconds  2.5337077240684835 1.1368970013037814 16.0
127.7597324848175  seconds  2.5337077240684835 1.1368970013037814 4.1000000000000005
129.37983417510986  seconds  2.5337077240684835 1.1368970013037814 5.1000000000000005
131.14294576644897  seconds  2.5337077240684835 1.1368970013037814 17.0
130.35361194610596  seconds  2.5337077240684835 1.1368970013037814 18.0
136.76947665214539  seconds  2.5337077240684835 1.1368970013037814 6.1000000000000005
128.4301962852478  seconds  2.5337077240684835 1.1368970013037814 19.0
132.2158260345459  seconds  2.5337077240684835 1.1368970013037814 7.1000000000000005
103.95647311210632  seconds  2.5337077240684835 1.1368970013037814 1.2000000000000002
132.20124125480652  seconds  2.5337077240684835 1.1368970013037814 8.1
105.2677059173584  seconds  2.5337077240684835 1.1368970013037814 2.2
128.10319781303406  seconds  2.5337077240684835 1.1368970013037814 9.1
104.15033221244812  seconds  2.5337077240684835 1.1368970013037814 3.2
125.65101671218872  seconds  2.5337077240684835 1.1368970013037814 10.100000000000001
127.97052192687988  seconds  2.5337077240684835 1.1368970013037814 11.100000000000001
130.45423769950867  seconds  2.5337077240684835 1.1368970013037814 12.100000000000001
131.12027668952942  seconds  2.5337077240684835 1.1368970013037814 0.2
130.65208387374878  seconds  2.5337077240684835 1.1368970013037814 13.100000000000001
131.82842135429382  seconds  2.5337077240684835 1.1368970013037814 14.100000000000001
134.39887881278992  seconds  2.5337077240684835 1.1368970013037814 15.100000000000001
131.65084147453308  seconds  2.5337077240684835 1.1368970013037814 16.1
135.87608098983765  seconds  2.5337077240684835 1.1368970013037814 4.2
103.67824721336365  seconds  2.5337077240684835 1.1368970013037814 1.3
130.86923789978027  seconds  2.5337077240684835 1.1368970013037814 5.2
131.87629008293152  seconds  2.5337077240684835 1.1368970013037814 17.1
103.81694412231445  seconds  2.5337077240684835 1.1368970013037814 2.3000000000000003
127.20452523231506  seconds  2.5337077240684835 1.1368970013037814 6.2
102.51061344146729  seconds  2.5337077240684835 1.1368970013037814 3.3000000000000003
133.0076916217804  seconds  2.5337077240684835 1.1368970013037814 18.1
131.58769249916077  seconds  2.5337077240684835 1.1368970013037814 19.1
129.66576266288757  seconds  2.5337077240684835 1.1368970013037814 7.2
128.7585141658783  seconds  2.5337077240684835 1.1368970013037814 8.200000000000001
132.96864295005798  seconds  2.5337077240684835 1.1368970013037814 9.200000000000001
129.8258559703827  seconds  2.5337077240684835 1.1368970013037814 10.200000000000001
136.80723404884338  seconds  2.5337077240684835 1.1368970013037814 11.200000000000001
129.73435401916504  seconds  2.5337077240684835 1.1368970013037814 12.200000000000001
130.7634825706482  seconds  2.5337077240684835 1.1368970013037814 0.30000000000000004
137.75541234016418  seconds  2.5337077240684835 1.1368970013037814 13.200000000000001
132.15209698677063  seconds  2.5337077240684835 1.1368970013037814 14.200000000000001
103.632408618927  seconds  2.5337077240684835 1.1368970013037814 1.4000000000000001
132.52864456176758  seconds  2.5337077240684835 1.1368970013037814 15.200000000000001
103.44086790084839  seconds  2.5337077240684835 1.1368970013037814 2.4000000000000004
130.06656885147095  seconds  2.5337077240684835 1.1368970013037814 16.2
102.83643889427185  seconds  2.5337077240684835 1.1368970013037814 3.4000000000000004
129.31298065185547  seconds  2.5337077240684835 1.1368970013037814 4.3
132.23722743988037  seconds  2.5337077240684835 1.1368970013037814 5.300000000000001
138.93287920951843  seconds  2.5337077240684835 1.1368970013037814 17.2
133.3188488483429  seconds  2.5337077240684835 1.1368970013037814 6.300000000000001
131.01037120819092  seconds  2.5337077240684835 1.1368970013037814 18.2
131.76662874221802  seconds  2.5337077240684835 1.1368970013037814 19.200000000000003
132.19852089881897  seconds  2.5337077240684835 1.1368970013037814 7.300000000000001
133.56691694259644  seconds  2.5337077240684835 1.1368970013037814 8.3
130.6756558418274  seconds  2.5337077240684835 1.1368970013037814 10.3
133.94800806045532  seconds  2.5337077240684835 1.1368970013037814 9.3
128.80793952941895  seconds  2.5337077240684835 1.1368970013037814 12.3
130.05243396759033  seconds  2.5337077240684835 1.1368970013037814 11.3
129.13399696350098  seconds  2.5337077240684835 1.1368970013037814 0.4
105.60043048858643  seconds  2.5337077240684835 1.1368970013037814 1.5
102.83439064025879  seconds  2.5337077240684835 1.1368970013037814 2.5
130.23090934753418  seconds  2.5337077240684835 1.1368970013037814 13.3
105.68084931373596  seconds  2.5337077240684835 1.1368970013037814 3.5
130.487318277359  seconds  2.5337077240684835 1.1368970013037814 15.3
138.6852204799652  seconds  2.5337077240684835 1.1368970013037814 14.3
133.50427675247192  seconds  2.5337077240684835 1.1368970013037814 16.3
130.46786284446716  seconds  2.5337077240684835 1.1368970013037814 4.4
131.57901191711426  seconds  2.5337077240684835 1.1368970013037814 5.4
129.03389620780945  seconds  2.5337077240684835 1.1368970013037814 17.3
131.57710242271423  seconds  2.5337077240684835 1.1368970013037814 6.4
133.22974920272827  seconds  2.5337077240684835 1.1368970013037814 18.3
128.0889265537262  seconds  2.5337077240684835 1.1368970013037814 7.4
132.67088294029236  seconds  2.5337077240684835 1.1368970013037814 19.3
133.09599781036377  seconds  2.5337077240684835 1.1368970013037814 8.4
129.00801181793213  seconds  2.5337077240684835 1.1368970013037814 10.4
132.12622380256653  seconds  2.5337077240684835 1.1368970013037814 9.4
105.24477076530457  seconds  2.5337077240684835 1.1368970013037814 1.6
105.13944983482361  seconds  2.5337077240684835 1.1368970013037814 2.6
127.8727810382843  seconds  2.5337077240684835 1.1368970013037814 12.4
129.3420181274414  seconds  2.5337077240684835 1.1368970013037814 11.4
105.4257173538208  seconds  2.5337077240684835 1.1368970013037814 3.6
132.08320999145508  seconds  2.5337077240684835 1.1368970013037814 0.5
134.81240797042847  seconds  2.5337077240684835 1.1368970013037814 13.4
130.54081082344055  seconds  2.5337077240684835 1.1368970013037814 15.4
137.04793238639832  seconds  2.5337077240684835 1.1368970013037814 14.4
133.6987442970276  seconds  2.5337077240684835 1.1368970013037814 16.400000000000002
129.54775619506836  seconds  2.5337077240684835 1.1368970013037814 4.5
127.40518069267273  seconds  2.5337077240684835 1.1368970013037814 5.5
127.30134344100952  seconds  2.5337077240684835 1.1368970013037814 17.400000000000002
131.40505838394165  seconds  2.5337077240684835 1.1368970013037814 6.5
132.24146008491516  seconds  2.5337077240684835 1.1368970013037814 18.400000000000002
131.34120273590088  seconds  2.5337077240684835 1.1368970013037814 7.5
129.68933820724487  seconds  2.5337077240684835 1.1368970013037814 19.400000000000002
105.51835370063782  seconds  2.5337077240684835 1.1368970013037814 1.7000000000000002
104.33428883552551  seconds  2.5337077240684835 1.1368970013037814 2.7
128.8117561340332  seconds  2.5337077240684835 1.1368970013037814 10.5
136.27871990203857  seconds  2.5337077240684835 1.1368970013037814 8.5
104.68169045448303  seconds  2.5337077240684835 1.1368970013037814 3.7
132.3434522151947  seconds  2.5337077240684835 1.1368970013037814 9.5
127.59356451034546  seconds  2.5337077240684835 1.1368970013037814 12.5
131.73689031600952  seconds  2.5337077240684835 1.1368970013037814 11.5
127.86504817008972  seconds  2.5337077240684835 1.1368970013037814 0.6000000000000001
132.18458247184753  seconds  2.5337077240684835 1.1368970013037814 13.5
141.37733626365662  seconds  2.5337077240684835 1.1368970013037814 15.5
134.54859471321106  seconds  2.5337077240684835 1.1368970013037814 14.5
129.10976839065552  seconds  2.5337077240684835 1.1368970013037814 16.5
130.90919065475464  seconds  2.5337077240684835 1.1368970013037814 4.6000000000000005
131.6100730895996  seconds  2.5337077240684835 1.1368970013037814 5.6000000000000005
106.02702903747559  seconds  2.5337077240684835 1.1368970013037814 1.8
104.81396913528442  seconds  2.5337077240684835 1.1368970013037814 2.8000000000000003
128.54401898384094  seconds  2.5337077240684835 1.1368970013037814 17.5
130.39485454559326  seconds  2.5337077240684835 1.1368970013037814 6.6000000000000005
106.92858529090881  seconds  2.5337077240684835 1.1368970013037814 3.8000000000000003
130.6877303123474  seconds  2.5337077240684835 1.1368970013037814 18.5
129.9213216304779  seconds  2.5337077240684835 1.1368970013037814 7.6000000000000005
135.47332882881165  seconds  2.5337077240684835 1.1368970013037814 19.5
132.05759000778198  seconds  2.5337077240684835 1.1368970013037814 10.600000000000001
132.2169065475464  seconds  2.5337077240684835 1.1368970013037814 8.6
135.39405608177185  seconds  2.5337077240684835 1.1368970013037814 9.600000000000001
133.61085104942322  seconds  2.5337077240684835 1.1368970013037814 12.600000000000001
130.11289858818054  seconds  2.5337077240684835 1.1368970013037814 11.600000000000001
129.04953980445862  seconds  2.5337077240684835 1.1368970013037814 0.7000000000000001
131.01255202293396  seconds  2.5337077240684835 1.1368970013037814 13.600000000000001
104.27583003044128  seconds  2.5337077240684835 1.1368970013037814 1.9000000000000001
104.88681530952454  seconds  2.5337077240684835 1.1368970013037814 2.9000000000000004
130.51796436309814  seconds  2.5337077240684835 1.1368970013037814 15.600000000000001
130.8807291984558  seconds  2.5337077240684835 1.1368970013037814 14.600000000000001
104.4246437549591  seconds  2.5337077240684835 1.1368970013037814 3.9000000000000004
130.53985285758972  seconds  2.5337077240684835 1.1368970013037814 4.7
138.43895626068115  seconds  2.5337077240684835 1.1368970013037814 16.6
138.13950514793396  seconds  2.5337077240684835 1.1368970013037814 5.7
130.48064136505127  seconds  2.5337077240684835 1.1368970013037814 17.6
132.58528089523315  seconds  2.5337077240684835 1.1368970013037814 18.6
136.8280849456787  seconds  2.5337077240684835 1.1368970013037814 6.7
134.5068187713623  seconds  2.5337077240684835 1.1368970013037814 7.7
130.72755694389343  seconds  2.5337077240684835 1.1368970013037814 19.6
133.02699851989746  seconds  2.5337077240684835 1.1368970013037814 10.700000000000001
135.02133202552795  seconds  2.5337077240684835 1.1368970013037814 8.700000000000001
131.61133337020874  seconds  2.5337077240684835 1.1368970013037814 9.700000000000001
129.34348511695862  seconds  2.5337077240684835 1.1368970013037814 11.700000000000001
136.06033420562744  seconds  2.5337077240684835 1.1368970013037814 12.700000000000001
129.70730209350586  seconds  2.5337077240684835 1.1368970013037814 0.8
129.04699611663818  seconds  2.5337077240684835 1.1368970013037814 13.700000000000001
131.79062867164612  seconds  2.5337077240684835 1.1368970013037814 15.700000000000001
133.20734357833862  seconds  2.5337077240684835 1.1368970013037814 14.700000000000001
131.70456767082214  seconds  2.5337077240684835 1.1368970013037814 16.7
135.56090998649597  seconds  2.5337077240684835 1.1368970013037814 4.800000000000001
134.79298329353333  seconds  2.5337077240684835 1.1368970013037814 5.800000000000001
135.942932844162  seconds  2.5337077240684835 1.1368970013037814 17.7
130.40357851982117  seconds  2.5337077240684835 1.1368970013037814 18.7
131.5752353668213  seconds  2.5337077240684835 1.1368970013037814 6.800000000000001
131.27697777748108  seconds  2.5337077240684835 1.1368970013037814 7.800000000000001
132.2116904258728  seconds  2.5337077240684835 1.1368970013037814 19.700000000000003
131.60353088378906  seconds  2.5337077240684835 1.1368970013037814 10.8
133.81279063224792  seconds  2.5337077240684835 1.1368970013037814 8.8
132.66123461723328  seconds  2.5337077240684835 1.1368970013037814 9.8
130.29234671592712  seconds  2.5337077240684835 1.1368970013037814 11.8
130.20904898643494  seconds  2.5337077240684835 1.1368970013037814 12.8
131.10903239250183  seconds  2.5337077240684835 1.1368970013037814 0.9
133.57017397880554  seconds  2.5337077240684835 1.1368970013037814 13.8
129.37648034095764  seconds  2.5337077240684835 1.1368970013037814 15.8
132.41632294654846  seconds  2.5337077240684835 1.1368970013037814 14.8
131.76000022888184  seconds  2.5337077240684835 1.1368970013037814 16.8
133.36414051055908  seconds  2.5337077240684835 1.1368970013037814 4.9
125.77184700965881  seconds  2.5337077240684835 1.1368970013037814 17.8
127.77485370635986  seconds  2.5337077240684835 1.1368970013037814 5.9
126.03969740867615  seconds  2.5337077240684835 1.1368970013037814 6.9
132.57720112800598  seconds  2.5337077240684835 1.1368970013037814 18.8
130.86507177352905  seconds  2.5337077240684835 1.1368970013037814 19.8
135.26389956474304  seconds  2.5337077240684835 1.1368970013037814 7.9
123.10000205039978  seconds  2.5337077240684835 1.1368970013037814 10.9
125.60875582695007  seconds  2.5337077240684835 1.1368970013037814 8.9
126.66831707954407  seconds  2.5337077240684835 1.1368970013037814 9.9
121.02379560470581  seconds  2.5337077240684835 1.1368970013037814 11.9
123.04337477684021  seconds  2.5337077240684835 1.1368970013037814 12.9
117.16069602966309  seconds  2.5337077240684835 1.1368970013037814 13.9
115.7063467502594  seconds  2.5337077240684835 1.1368970013037814 15.9
111.27792954444885  seconds  2.5337077240684835 1.1368970013037814 14.9
115.1509017944336  seconds  2.5337077240684835 1.1368970013037814 16.900000000000002
106.18198847770691  seconds  2.5337077240684835 1.1368970013037814 17.900000000000002
104.90596222877502  seconds  2.5337077240684835 1.1368970013037814 18.900000000000002
104.12115168571472  seconds  2.5337077240684835 1.1368970013037814 19.900000000000002
time for calc.... 1481.2214534282684
energy at the point.. 2.421355054487129 1.409821816601478  is  6.066433012819061e-06
200 the points 10 chunk numtheads
starting with calculation of Sigma
113.04045748710632  seconds  2.421355054487129 1.409821816601478 0.0
116.10779809951782  seconds  2.421355054487129 1.409821816601478 1.0
115.13456964492798  seconds  2.421355054487129 1.409821816601478 2.0
98.28640651702881  seconds  2.421355054487129 1.409821816601478 5.0
115.36815404891968  seconds  2.421355054487129 1.409821816601478 3.0
117.59525346755981  seconds  2.421355054487129 1.409821816601478 4.0
118.69408130645752  seconds  2.421355054487129 1.409821816601478 6.0
117.62302088737488  seconds  2.421355054487129 1.409821816601478 8.0
125.61194348335266  seconds  2.421355054487129 1.409821816601478 7.0
121.6291720867157  seconds  2.421355054487129 1.409821816601478 9.0
128.90242624282837  seconds  2.421355054487129 1.409821816601478 10.0
134.10751867294312  seconds  2.421355054487129 1.409821816601478 11.0
126.53563976287842  seconds  2.421355054487129 1.409821816601478 12.0
127.45975947380066  seconds  2.421355054487129 1.409821816601478 0.1
132.52907729148865  seconds  2.421355054487129 1.409821816601478 13.0
105.4797592163086  seconds  2.421355054487129 1.409821816601478 16.0
103.78388953208923  seconds  2.421355054487129 1.409821816601478 5.1000000000000005
136.72217202186584  seconds  2.421355054487129 1.409821816601478 14.0
136.20946097373962  seconds  2.421355054487129 1.409821816601478 15.0
142.32122611999512  seconds  2.421355054487129 1.409821816601478 1.1
135.36596584320068  seconds  2.421355054487129 1.409821816601478 2.1
133.5940387248993  seconds  2.421355054487129 1.409821816601478 3.1
135.8151512145996  seconds  2.421355054487129 1.409821816601478 17.0
139.92833471298218  seconds  2.421355054487129 1.409821816601478 4.1000000000000005
136.2338182926178  seconds  2.421355054487129 1.409821816601478 18.0
139.70362281799316  seconds  2.421355054487129 1.409821816601478 19.0
135.8755886554718  seconds  2.421355054487129 1.409821816601478 6.1000000000000005
137.05199241638184  seconds  2.421355054487129 1.409821816601478 8.1
138.80952644348145  seconds  2.421355054487129 1.409821816601478 7.1000000000000005
141.35109424591064  seconds  2.421355054487129 1.409821816601478 9.1
101.07880592346191  seconds  2.421355054487129 1.409821816601478 16.1
103.72829127311707  seconds  2.421355054487129 1.409821816601478 5.2
142.72544169425964  seconds  2.421355054487129 1.409821816601478 10.100000000000001
139.01951575279236  seconds  2.421355054487129 1.409821816601478 12.100000000000001
142.88335609436035  seconds  2.421355054487129 1.409821816601478 11.100000000000001
134.1750888824463  seconds  2.421355054487129 1.409821816601478 0.2
140.32196140289307  seconds  2.421355054487129 1.409821816601478 13.100000000000001
146.23129558563232  seconds  2.421355054487129 1.409821816601478 14.100000000000001
135.88260078430176  seconds  2.421355054487129 1.409821816601478 2.2
137.96241092681885  seconds  2.421355054487129 1.409821816601478 1.2000000000000002
140.5323030948639  seconds  2.421355054487129 1.409821816601478 15.100000000000001
135.168883562088  seconds  2.421355054487129 1.409821816601478 3.2
135.22799038887024  seconds  2.421355054487129 1.409821816601478 17.1
137.54410338401794  seconds  2.421355054487129 1.409821816601478 18.1
138.7633011341095  seconds  2.421355054487129 1.409821816601478 4.2
139.95697283744812  seconds  2.421355054487129 1.409821816601478 6.2
140.48369145393372  seconds  2.421355054487129 1.409821816601478 19.1
103.99555563926697  seconds  2.421355054487129 1.409821816601478 16.2
105.83892631530762  seconds  2.421355054487129 1.409821816601478 5.300000000000001
137.78767895698547  seconds  2.421355054487129 1.409821816601478 8.200000000000001
136.30992317199707  seconds  2.421355054487129 1.409821816601478 7.2
140.18560004234314  seconds  2.421355054487129 1.409821816601478 9.200000000000001
136.90484738349915  seconds  2.421355054487129 1.409821816601478 10.200000000000001
139.29820036888123  seconds  2.421355054487129 1.409821816601478 12.200000000000001
136.2321105003357  seconds  2.421355054487129 1.409821816601478 11.200000000000001
136.63554906845093  seconds  2.421355054487129 1.409821816601478 0.30000000000000004
133.48580694198608  seconds  2.421355054487129 1.409821816601478 13.200000000000001
138.8469738960266  seconds  2.421355054487129 1.409821816601478 14.200000000000001
135.97516870498657  seconds  2.421355054487129 1.409821816601478 15.200000000000001
137.00152730941772  seconds  2.421355054487129 1.409821816601478 1.3
138.31727290153503  seconds  2.421355054487129 1.409821816601478 2.3000000000000003
139.52990412712097  seconds  2.421355054487129 1.409821816601478 3.3000000000000003
134.10524559020996  seconds  2.421355054487129 1.409821816601478 17.2
103.61200904846191  seconds  2.421355054487129 1.409821816601478 16.3
105.1334638595581  seconds  2.421355054487129 1.409821816601478 5.4
136.40157055854797  seconds  2.421355054487129 1.409821816601478 4.3
138.26510047912598  seconds  2.421355054487129 1.409821816601478 18.2
136.43466091156006  seconds  2.421355054487129 1.409821816601478 6.300000000000001
138.08379244804382  seconds  2.421355054487129 1.409821816601478 19.200000000000003
132.75804495811462  seconds  2.421355054487129 1.409821816601478 8.3
135.89274549484253  seconds  2.421355054487129 1.409821816601478 7.300000000000001
131.64834833145142  seconds  2.421355054487129 1.409821816601478 9.3
132.00307083129883  seconds  2.421355054487129 1.409821816601478 10.3
131.44099926948547  seconds  2.421355054487129 1.409821816601478 12.3
138.2330915927887  seconds  2.421355054487129 1.409821816601478 11.3
134.276517868042  seconds  2.421355054487129 1.409821816601478 0.4
132.5263273715973  seconds  2.421355054487129 1.409821816601478 13.3
102.73563289642334  seconds  2.421355054487129 1.409821816601478 16.400000000000002
103.0705099105835  seconds  2.421355054487129 1.409821816601478 5.5
131.6657874584198  seconds  2.421355054487129 1.409821816601478 15.3
134.55519008636475  seconds  2.421355054487129 1.409821816601478 14.3
133.6703164577484  seconds  2.421355054487129 1.409821816601478 2.4000000000000004
138.1889898777008  seconds  2.421355054487129 1.409821816601478 1.4000000000000001
131.60503101348877  seconds  2.421355054487129 1.409821816601478 3.4000000000000004
132.99085116386414  seconds  2.421355054487129 1.409821816601478 17.3
127.93229508399963  seconds  2.421355054487129 1.409821816601478 18.3
135.49927258491516  seconds  2.421355054487129 1.409821816601478 4.4
127.88077545166016  seconds  2.421355054487129 1.409821816601478 6.4
135.5342767238617  seconds  2.421355054487129 1.409821816601478 19.3
127.6011369228363  seconds  2.421355054487129 1.409821816601478 8.4
133.11116194725037  seconds  2.421355054487129 1.409821816601478 7.4
134.4805085659027  seconds  2.421355054487129 1.409821816601478 9.4
131.3923580646515  seconds  2.421355054487129 1.409821816601478 10.4
103.13941979408264  seconds  2.421355054487129 1.409821816601478 16.5
102.95654821395874  seconds  2.421355054487129 1.409821816601478 5.6000000000000005
128.1971893310547  seconds  2.421355054487129 1.409821816601478 12.4
128.81008219718933  seconds  2.421355054487129 1.409821816601478 0.5
131.80780029296875  seconds  2.421355054487129 1.409821816601478 11.4
128.7605004310608  seconds  2.421355054487129 1.409821816601478 13.4
131.57654237747192  seconds  2.421355054487129 1.409821816601478 15.4
131.49056792259216  seconds  2.421355054487129 1.409821816601478 2.5
135.12076258659363  seconds  2.421355054487129 1.409821816601478 14.4
134.5838704109192  seconds  2.421355054487129 1.409821816601478 1.5
131.76796293258667  seconds  2.421355054487129 1.409821816601478 17.400000000000002
136.15333533287048  seconds  2.421355054487129 1.409821816601478 3.5
134.80190777778625  seconds  2.421355054487129 1.409821816601478 18.400000000000002
130.91432547569275  seconds  2.421355054487129 1.409821816601478 4.5
133.6749346256256  seconds  2.421355054487129 1.409821816601478 6.5
128.30865931510925  seconds  2.421355054487129 1.409821816601478 8.5
137.41384196281433  seconds  2.421355054487129 1.409821816601478 19.400000000000002
130.21621990203857  seconds  2.421355054487129 1.409821816601478 7.5
108.17113590240479  seconds  2.421355054487129 1.409821816601478 16.6
106.70730876922607  seconds  2.421355054487129 1.409821816601478 5.7
133.17144560813904  seconds  2.421355054487129 1.409821816601478 9.5
131.43271923065186  seconds  2.421355054487129 1.409821816601478 10.5
129.92828679084778  seconds  2.421355054487129 1.409821816601478 12.5
131.1766972541809  seconds  2.421355054487129 1.409821816601478 0.6000000000000001
137.14499831199646  seconds  2.421355054487129 1.409821816601478 13.5
140.2117555141449  seconds  2.421355054487129 1.409821816601478 11.5
134.95539808273315  seconds  2.421355054487129 1.409821816601478 15.5
130.57122445106506  seconds  2.421355054487129 1.409821816601478 14.5
136.34311652183533  seconds  2.421355054487129 1.409821816601478 2.6
133.1565384864807  seconds  2.421355054487129 1.409821816601478 1.6
132.2912793159485  seconds  2.421355054487129 1.409821816601478 3.6
134.21604681015015  seconds  2.421355054487129 1.409821816601478 17.5
129.3484902381897  seconds  2.421355054487129 1.409821816601478 18.5
130.81606030464172  seconds  2.421355054487129 1.409821816601478 4.6000000000000005
104.5486695766449  seconds  2.421355054487129 1.409821816601478 16.7
103.76569676399231  seconds  2.421355054487129 1.409821816601478 5.800000000000001
130.95115566253662  seconds  2.421355054487129 1.409821816601478 8.6
139.21696591377258  seconds  2.421355054487129 1.409821816601478 6.6000000000000005
130.4156711101532  seconds  2.421355054487129 1.409821816601478 19.5
133.3718659877777  seconds  2.421355054487129 1.409821816601478 7.6000000000000005
129.28007817268372  seconds  2.421355054487129 1.409821816601478 9.600000000000001
134.38609766960144  seconds  2.421355054487129 1.409821816601478 10.600000000000001
132.80030989646912  seconds  2.421355054487129 1.409821816601478 12.600000000000001
132.92403507232666  seconds  2.421355054487129 1.409821816601478 0.7000000000000001
129.11948537826538  seconds  2.421355054487129 1.409821816601478 13.600000000000001
135.2884795665741  seconds  2.421355054487129 1.409821816601478 11.600000000000001
128.86802697181702  seconds  2.421355054487129 1.409821816601478 15.600000000000001
127.63714981079102  seconds  2.421355054487129 1.409821816601478 14.600000000000001
101.23197197914124  seconds  2.421355054487129 1.409821816601478 16.8
130.2302041053772  seconds  2.421355054487129 1.409821816601478 2.7
103.1671850681305  seconds  2.421355054487129 1.409821816601478 5.9
130.32133722305298  seconds  2.421355054487129 1.409821816601478 3.7
132.95676374435425  seconds  2.421355054487129 1.409821816601478 1.7000000000000002
131.64685130119324  seconds  2.421355054487129 1.409821816601478 17.6
129.8580460548401  seconds  2.421355054487129 1.409821816601478 18.6
129.8369846343994  seconds  2.421355054487129 1.409821816601478 4.7
128.49368143081665  seconds  2.421355054487129 1.409821816601478 8.700000000000001
130.53642749786377  seconds  2.421355054487129 1.409821816601478 6.7
135.7620871067047  seconds  2.421355054487129 1.409821816601478 19.6
135.44030261039734  seconds  2.421355054487129 1.409821816601478 7.7
130.2297601699829  seconds  2.421355054487129 1.409821816601478 9.700000000000001
137.5607602596283  seconds  2.421355054487129 1.409821816601478 10.700000000000001
134.83073353767395  seconds  2.421355054487129 1.409821816601478 12.700000000000001
130.09166812896729  seconds  2.421355054487129 1.409821816601478 0.8
99.11361241340637  seconds  2.421355054487129 1.409821816601478 16.900000000000002
128.7396867275238  seconds  2.421355054487129 1.409821816601478 13.700000000000001
131.3969795703888  seconds  2.421355054487129 1.409821816601478 11.700000000000001
128.135972738266  seconds  2.421355054487129 1.409821816601478 15.700000000000001
128.05557537078857  seconds  2.421355054487129 1.409821816601478 14.700000000000001
133.92489647865295  seconds  2.421355054487129 1.409821816601478 2.8000000000000003
131.7691707611084  seconds  2.421355054487129 1.409821816601478 3.8000000000000003
130.0676920413971  seconds  2.421355054487129 1.409821816601478 17.7
135.89472365379333  seconds  2.421355054487129 1.409821816601478 1.8
134.64937257766724  seconds  2.421355054487129 1.409821816601478 4.800000000000001
138.77886533737183  seconds  2.421355054487129 1.409821816601478 18.7
130.58924388885498  seconds  2.421355054487129 1.409821816601478 8.8
128.37218403816223  seconds  2.421355054487129 1.409821816601478 6.800000000000001
129.83445620536804  seconds  2.421355054487129 1.409821816601478 19.700000000000003
127.56841349601746  seconds  2.421355054487129 1.409821816601478 7.800000000000001
132.72505950927734  seconds  2.421355054487129 1.409821816601478 9.8
129.20467972755432  seconds  2.421355054487129 1.409821816601478 10.8
130.30605244636536  seconds  2.421355054487129 1.409821816601478 12.8
133.52439093589783  seconds  2.421355054487129 1.409821816601478 0.9
129.28800892829895  seconds  2.421355054487129 1.409821816601478 13.8
129.87174701690674  seconds  2.421355054487129 1.409821816601478 11.8
127.15034317970276  seconds  2.421355054487129 1.409821816601478 15.8
128.9455783367157  seconds  2.421355054487129 1.409821816601478 14.8
130.87172627449036  seconds  2.421355054487129 1.409821816601478 2.9000000000000004
127.3136613368988  seconds  2.421355054487129 1.409821816601478 3.9000000000000004
129.5992317199707  seconds  2.421355054487129 1.409821816601478 17.8
131.64266920089722  seconds  2.421355054487129 1.409821816601478 1.9000000000000001
125.31062197685242  seconds  2.421355054487129 1.409821816601478 4.9
131.7853662967682  seconds  2.421355054487129 1.409821816601478 18.8
128.60187435150146  seconds  2.421355054487129 1.409821816601478 8.9
126.84891033172607  seconds  2.421355054487129 1.409821816601478 6.9
124.45908689498901  seconds  2.421355054487129 1.409821816601478 19.8
126.46332240104675  seconds  2.421355054487129 1.409821816601478 7.9
124.15368986129761  seconds  2.421355054487129 1.409821816601478 9.9
119.74503087997437  seconds  2.421355054487129 1.409821816601478 10.9
119.51677083969116  seconds  2.421355054487129 1.409821816601478 12.9
116.98378849029541  seconds  2.421355054487129 1.409821816601478 13.9
114.98542523384094  seconds  2.421355054487129 1.409821816601478 11.9
112.94168901443481  seconds  2.421355054487129 1.409821816601478 15.9
113.81328964233398  seconds  2.421355054487129 1.409821816601478 14.9
108.40559673309326  seconds  2.421355054487129 1.409821816601478 17.900000000000002
104.05607557296753  seconds  2.421355054487129 1.409821816601478 18.900000000000002
100.59358215332031  seconds  2.421355054487129 1.409821816601478 19.900000000000002
time for calc.... 1499.6159937381744
109601.96user 36757.13system 2:28:00elapsed 1648%CPU (0avgtext+0avgdata 21605496maxresident)k
19574472inputs+129672outputs (455104major+548234054minor)pagefaults 0swaps
