reading lattice from... ./Lattices/sqKgridX100.npy
reading lattice from... ./Lattices/sqKgridY100.npy
started calculating filling for chemical potential and dispersion parameters TB_single_band..
reading lattice from... ./Lattices/KgridX400.npy
reading lattice from... ./Lattices/KgridY400.npy
reading lattice from... ./Lattices/KgridX400.npy
reading lattice from... ./Lattices/KgridY400.npy
finished calculating filling for chemical potential
Filling: 0.5021914101708863 .... chemical potential: 29.41164495334965
dispersion params: 54.93230174081238 	 -10.444874274661508
The fermi energy in mev is: 3064.1164088176356, and in units of J: 296.3362097502549, the bandwidth is:494.39071566731144
reading lattice from... ./Lattices/KgridX1000.npy
reading lattice from... ./Lattices/KgridY1000.npy
reading lattice from... ./Lattices/sqKgridX1000.npy
reading lattice from... ./Lattices/sqKgridY1000.npy
101 the fermi surface points 6 numtheads
starting with calculation of Sigma
0.4438018798828125  seconds  -0.024945675793133226 -2.8161907488399467
0.45679235458374023  seconds  -0.9728813559322034 -2.4583851965736856
0.46616220474243164  seconds  -1.796088657105606 -1.9791022367058257
0.47623109817504883  seconds  -2.4690068785779684 -1.3524554541503693
0.4741029739379883  seconds  -0.2191655801825294 -2.792227306218569
0.5509843826293945  seconds  -2.616652882337493 -0.21382007822685756
0.49251675605773926  seconds  -1.1112083417911718 -2.3798348544111256
0.508354663848877  seconds  -2.571839841119024 1.0256410256410255
0.5029177665710449  seconds  -1.9285861713018952 -1.8948283355063014
0.5163981914520264  seconds  -2.530204259017818 -1.1984655239329292
0.5774366855621338  seconds  -2.0568727012565935 1.8061712299000439
0.5215656757354736  seconds  -0.3884398087787919 -2.743402291241713
0.5804786682128906  seconds  -1.2490656236418949 2.3006338277527103
0.5336000919342041  seconds  -1.2490656236418949 -2.3006338277527103
0.5451257228851318  seconds  -0.3884398087787919 2.7434022912417135
0.5882909297943115  seconds  -2.616966647080588 0.0
0.5407187938690186  seconds  -2.530204259017818 1.1984655239329292
0.5530679225921631  seconds  -2.0568727012565944 -1.8061712299000434
0.6673810482025146  seconds  0.6574967405475878 2.6271700108337774
0.5434417724609375  seconds  -2.571839841119024 -1.0256410256410255
0.6089639663696289  seconds  -1.928586171301894 1.8948283355063023
0.5547730922698975  seconds  -0.543459365493264 -2.680965670701486
0.6341264247894287  seconds  1.4931768796175575 2.1593658903371877
0.6148326396942139  seconds  -1.1112083417911718 2.3798348544111256
0.569685697555542  seconds  -1.3862668405041283 -2.2213978014208307
0.5778095722198486  seconds  -0.2191655801825294 2.792227306218569
0.6328692436218262  seconds  2.265870765405998 1.6305953933072583
0.503319501876831  seconds  -2.178749557444965 -1.7105606258148633
0.621300220489502  seconds  -2.616652882337493 0.213820078226858
0.5854113101959229  seconds  -2.469006878577968 1.3524554541503697
0.6356377601623535  seconds  2.6075039372111597 0.6814428509343768
0.5946528911590576  seconds  -2.5968143651433158 -0.8361581920903953
0.6311774253845215  seconds  0.8000434593654928 2.553529293298396
0.6085896492004395  seconds  -1.796088657105606 1.9791022367058257
0.6110658645629883  seconds  -0.6897459576583111 -2.611038678835289
0.6660168170928955  seconds  2.6113242733416926 -0.5875706214689265
0.6258544921875  seconds  1.6301443532370459 2.0790960451977405
0.6075150966644287  seconds  -0.9728813559322034 2.458385196573686
0.48854613304138184  seconds  -2.2896566710126027 -1.6062493997558465
0.6175031661987305  seconds  -1.5235307117886814 -2.14167753150804
0.6758003234863281  seconds  2.313730042429954 -1.5801825293350715
0.6191632747650146  seconds  -0.024945675793133226 2.8161907488399467
0.6423468589782715  seconds  2.3671658213176814 1.5158626684050418
0.6093451976776123  seconds  -2.61496303446288 0.42590178183398564
0.6163980960845947  seconds  -2.3877646932055163 1.4880486744893524
0.6484549045562744  seconds  1.555541069100391 -2.1229714393820576
0.627671480178833  seconds  2.6141658421216176 0.4745762711864412
0.6125438213348389  seconds  0.7234245980008689 -2.5938343297545767
0.548433780670166  seconds  0.9408083441981745 2.4763639948190708
0.6087362766265869  seconds  -2.6096127859447087 -0.6345067362016512
0.607471227645874  seconds  -1.6606692742285962 2.060996522217499
0.6093161106109619  seconds  -0.8321164710995221 -2.5362522348656857
0.6329116821289062  seconds  2.6006353551490045 -0.790960451977401
0.5017440319061279  seconds  -2.3877646932055163 -1.4880486744893524
0.6040303707122803  seconds  1.7657974793568014 1.997702905203677
0.5970592498779297  seconds  -0.8321164710995221 2.5362522348656857
0.5971863269805908  seconds  -1.6606692742285962 -2.060996522217499
0.6035830974578857  seconds  0.17719829845572493 2.8005215123859193
0.6506645679473877  seconds  2.2047710812218613 -1.6879617557583657
0.5922160148620605  seconds  2.451912257537374 1.3854845719252502
0.5871236324310303  seconds  -2.6096127859447087 0.6345067362016517
0.5917556285858154  seconds  -2.2896566710126027 1.6062493997558462
0.5724582672119141  seconds  1.418339852238157 -2.2028227894898706
0.4358959197998047  seconds  1.079791395045632 2.397785581402676
0.5786252021789551  seconds  2.616445372786151 0.26249456757931355
0.5381340980529785  seconds  0.5773142112125162 -2.6655826733629424
0.5709567070007324  seconds  -2.61496303446288 -0.4259017818339852
0.5584356784820557  seconds  -1.5235307117886803 2.1416775315080407
0.5672402381896973  seconds  2.578832269697698 -0.9839200347674923
0.5641481876373291  seconds  1.8993017333531739 1.913950456323338
0.5589616298675537  seconds  -0.6897459576583111 2.611038678835289
0.42528843879699707  seconds  1.2171923796090136 2.3189917427205566
0.548107385635376  seconds  0.3510212950890912 2.7561437732610026
0.5494470596313477  seconds  2.5177768129260976 1.2359843546284228
0.5513017177581787  seconds  -2.5968143651433158 0.8361581920903953
0.555194616317749  seconds  -2.178749557444965 1.7105606258148633
0.6075565814971924  seconds  2.085029339388275 -1.7853107344632768
0.5408592224121094  seconds  1.2805402398711225 -2.2824858757062145
0.5357985496520996  seconds  2.616953467469413 0.04867448935245555
0.5298857688903809  seconds  0.4240764884832684 -2.7303557269623626
0.5278506278991699  seconds  -1.3862668405041283 2.2213978014208307
0.5248129367828369  seconds  2.5411968469730537 -1.1612342459800087
0.5191380977630615  seconds  2.027899128990798 1.82703172533681
0.4396512508392334  seconds  1.3557922584807076 2.239026510212951
0.5720746517181396  seconds  -0.543459365493264 2.680965670701486
0.5081593990325928  seconds  0.5085857062096537 2.6962190352020867
0.5041007995605469  seconds  2.564059104737071 1.06610859066661
0.48966002464294434  seconds  1.1421555845284654 -2.3621084771342495
0.5492594242095947  seconds  1.958235549760973 -1.8751057426265663
0.49422645568847656  seconds  2.616794619082061 -0.165145588874402
0.502601146697998  seconds  0.2583659278574535 -2.783032302613339
0.48583269119262695  seconds  2.4845648438034282 -1.3194263363754888
0.48337674140930176  seconds  2.1516378577883994 1.7331594958713605
0.46269655227661133  seconds  2.5924756695136337 0.8796175575836597
0.458634614944458  seconds  1.0042878588444897 -2.4406779661016946
0.41626977920532227  seconds  0.07127335940895296 -2.81389496652667
0.45624828338623047  seconds  2.6155689039782146 -0.3772272924815296
0.524040699005127  seconds  1.8263798348544107 -1.9602917291791533
0.4450058937072754  seconds  2.4080888676421632 -1.458496305953933
0.4326488971710205  seconds  0.8641894828335506 -2.5187761430448345
0.46491289138793945  seconds  1.6915247478231827 -2.0425901781833984
time for calc.... 5.948435544967651
 plotting data from the run ...
saving data from the run ...
