reading lattice from... ./Lattices/sqKgridX6000.npy
reading lattice from... ./Lattices/sqKgridY6000.npy
starting sampling in reciprocal space....
 finished sampling in reciprocal space.... 0.10377788543701172
started calculating filling for chemical potential and dispersion parameters TB_single_band..
reading lattice from... ./Lattices/KgridX1200.npy
reading lattice from... ./Lattices/KgridY1200.npy
reading lattice from... ./Lattices/KgridX1200.npy
reading lattice from... ./Lattices/KgridY1200.npy
sum of the hist, normed? 1.0
finished calculating filling for chemical potential
Filling: 0.5005457254054085 .... chemical potential: 27.426155987022412
reading lattice from... ./Lattices/KgridX1200.npy
reading lattice from... ./Lattices/KgridY1200.npy
sum of the hist, normed? 0.9999999999999923
The fermi energy in mev is: 3043.586452905812, and in units of J: 294.35072078392767, the bandwidth is:494.39071566731144
reading lattice from... ./Lattices/KgridX1000.npy
reading lattice from... ./Lattices/KgridY1000.npy
the effective diffusion constant is ... 0.9311856442739894 the scale C is ....  1.1906235170109054
reading lattice from... ./Lattices/KgridX6000.npy
reading lattice from... ./Lattices/KgridY6000.npy
reading lattice from... ./Lattices/sqKgridX6000.npy
reading lattice from... ./Lattices/sqKgridY6000.npy
energy at the point.. 2.607302062202848 -0.0069534984789219045  is  3.923355237134274e-06
200 the points 10 chunk numtheads
starting with calculation of Sigma
114.864492893219  seconds  2.607302062202848 -0.0069534984789219045 0.0
116.80547738075256  seconds  2.607302062202848 -0.0069534984789219045 1.0
118.34367251396179  seconds  2.607302062202848 -0.0069534984789219045 2.0
129.2947416305542  seconds  2.607302062202848 -0.0069534984789219045 3.0
136.05724167823792  seconds  2.607302062202848 -0.0069534984789219045 4.0
135.35983562469482  seconds  2.607302062202848 -0.0069534984789219045 5.0
146.7883689403534  seconds  2.607302062202848 -0.0069534984789219045 6.0
143.82106566429138  seconds  2.607302062202848 -0.0069534984789219045 7.0
145.57815790176392  seconds  2.607302062202848 -0.0069534984789219045 8.0
155.1377432346344  seconds  2.607302062202848 -0.0069534984789219045 9.0
192.91748189926147  seconds  2.607302062202848 -0.0069534984789219045 14.0
285.8763802051544  seconds  2.607302062202848 -0.0069534984789219045 11.0
115.4369843006134  seconds  2.607302062202848 -0.0069534984789219045 14.100000000000001
377.6705963611603  seconds  2.607302062202848 -0.0069534984789219045 10.0
371.2824330329895  seconds  2.607302062202848 -0.0069534984789219045 12.0
116.13953399658203  seconds  2.607302062202848 -0.0069534984789219045 14.200000000000001
424.6203193664551  seconds  2.607302062202848 -0.0069534984789219045 15.0
436.104612827301  seconds  2.607302062202848 -0.0069534984789219045 2.1
380.41017174720764  seconds  2.607302062202848 -0.0069534984789219045 7.1000000000000005
468.3779594898224  seconds  2.607302062202848 -0.0069534984789219045 0.1
482.24569821357727  seconds  2.607302062202848 -0.0069534984789219045 1.1
477.7914206981659  seconds  2.607302062202848 -0.0069534984789219045 16.0
460.6208028793335  seconds  2.607302062202848 -0.0069534984789219045 3.1
515.9591047763824  seconds  2.607302062202848 -0.0069534984789219045 13.0
462.4361345767975  seconds  2.607302062202848 -0.0069534984789219045 19.0
483.7846882343292  seconds  2.607302062202848 -0.0069534984789219045 17.0
462.59645318984985  seconds  2.607302062202848 -0.0069534984789219045 4.1000000000000005
263.8742570877075  seconds  2.607302062202848 -0.0069534984789219045 11.100000000000001
114.17184376716614  seconds  2.607302062202848 -0.0069534984789219045 14.3
481.26406812667847  seconds  2.607302062202848 -0.0069534984789219045 5.1000000000000005
464.956561088562  seconds  2.607302062202848 -0.0069534984789219045 6.1000000000000005
509.9402630329132  seconds  2.607302062202848 -0.0069534984789219045 18.0
444.29456520080566  seconds  2.607302062202848 -0.0069534984789219045 9.1
471.9125428199768  seconds  2.607302062202848 -0.0069534984789219045 8.1
117.93641114234924  seconds  2.607302062202848 -0.0069534984789219045 3.2
117.17880058288574  seconds  2.607302062202848 -0.0069534984789219045 11.200000000000001
115.98872709274292  seconds  2.607302062202848 -0.0069534984789219045 14.4
258.2999439239502  seconds  2.607302062202848 -0.0069534984789219045 15.100000000000001
232.34730792045593  seconds  2.607302062202848 -0.0069534984789219045 7.2
239.619624376297  seconds  2.607302062202848 -0.0069534984789219045 2.2
233.96070742607117  seconds  2.607302062202848 -0.0069534984789219045 0.2
215.74013996124268  seconds  2.607302062202848 -0.0069534984789219045 1.2000000000000002
223.82635593414307  seconds  2.607302062202848 -0.0069534984789219045 16.1
165.1085352897644  seconds  2.607302062202848 -0.0069534984789219045 8.200000000000001
115.28802514076233  seconds  2.607302062202848 -0.0069534984789219045 3.3000000000000003
222.27028560638428  seconds  2.607302062202848 -0.0069534984789219045 17.1
224.66150975227356  seconds  2.607302062202848 -0.0069534984789219045 19.1
230.8346438407898  seconds  2.607302062202848 -0.0069534984789219045 13.100000000000001
220.88680458068848  seconds  2.607302062202848 -0.0069534984789219045 4.2
388.4980573654175  seconds  2.607302062202848 -0.0069534984789219045 12.100000000000001
403.03804087638855  seconds  2.607302062202848 -0.0069534984789219045 10.100000000000001
113.12410926818848  seconds  2.607302062202848 -0.0069534984789219045 11.3
223.87713599205017  seconds  2.607302062202848 -0.0069534984789219045 5.2
115.08619856834412  seconds  2.607302062202848 -0.0069534984789219045 14.5
226.46236419677734  seconds  2.607302062202848 -0.0069534984789219045 6.2
226.1828043460846  seconds  2.607302062202848 -0.0069534984789219045 18.1
223.56828808784485  seconds  2.607302062202848 -0.0069534984789219045 9.200000000000001
149.32810163497925  seconds  2.607302062202848 -0.0069534984789219045 7.300000000000001
113.51133632659912  seconds  2.607302062202848 -0.0069534984789219045 3.4000000000000004
165.21486067771912  seconds  2.607302062202848 -0.0069534984789219045 15.200000000000001
131.74988341331482  seconds  2.607302062202848 -0.0069534984789219045 8.3
111.84564185142517  seconds  2.607302062202848 -0.0069534984789219045 11.4
110.9074637889862  seconds  2.607302062202848 -0.0069534984789219045 14.600000000000001
213.48366403579712  seconds  2.607302062202848 -0.0069534984789219045 0.30000000000000004
226.84014701843262  seconds  2.607302062202848 -0.0069534984789219045 2.3000000000000003
197.444571018219  seconds  2.607302062202848 -0.0069534984789219045 19.200000000000003
203.07891035079956  seconds  2.607302062202848 -0.0069534984789219045 17.2
226.60444355010986  seconds  2.607302062202848 -0.0069534984789219045 1.3
219.85236310958862  seconds  2.607302062202848 -0.0069534984789219045 13.200000000000001
221.07323288917542  seconds  2.607302062202848 -0.0069534984789219045 4.3
113.3428282737732  seconds  2.607302062202848 -0.0069534984789219045 3.5
223.43370962142944  seconds  2.607302062202848 -0.0069534984789219045 12.200000000000001
246.45714664459229  seconds  2.607302062202848 -0.0069534984789219045 16.2
222.4935700893402  seconds  2.607302062202848 -0.0069534984789219045 10.200000000000001
117.84089350700378  seconds  2.607302062202848 -0.0069534984789219045 8.4
115.97683429718018  seconds  2.607302062202848 -0.0069534984789219045 11.5
217.71652579307556  seconds  2.607302062202848 -0.0069534984789219045 5.300000000000001
113.03298735618591  seconds  2.607302062202848 -0.0069534984789219045 14.700000000000001
220.05373907089233  seconds  2.607302062202848 -0.0069534984789219045 6.300000000000001
216.34552693367004  seconds  2.607302062202848 -0.0069534984789219045 18.2
213.93201732635498  seconds  2.607302062202848 -0.0069534984789219045 9.3
192.80782651901245  seconds  2.607302062202848 -0.0069534984789219045 7.4
189.75046706199646  seconds  2.607302062202848 -0.0069534984789219045 15.3
140.9956715106964  seconds  2.607302062202848 -0.0069534984789219045 2.4000000000000004
151.22510719299316  seconds  2.607302062202848 -0.0069534984789219045 0.4
110.64055252075195  seconds  2.607302062202848 -0.0069534984789219045 3.6
143.7830467224121  seconds  2.607302062202848 -0.0069534984789219045 19.3
148.97883319854736  seconds  2.607302062202848 -0.0069534984789219045 1.4000000000000001
112.09622049331665  seconds  2.607302062202848 -0.0069534984789219045 11.600000000000001
113.2193341255188  seconds  2.607302062202848 -0.0069534984789219045 8.5
143.5687336921692  seconds  2.607302062202848 -0.0069534984789219045 13.3
142.72275495529175  seconds  2.607302062202848 -0.0069534984789219045 4.4
111.6601197719574  seconds  2.607302062202848 -0.0069534984789219045 14.8
139.46120738983154  seconds  2.607302062202848 -0.0069534984789219045 16.3
144.64213824272156  seconds  2.607302062202848 -0.0069534984789219045 12.3
144.3414077758789  seconds  2.607302062202848 -0.0069534984789219045 10.3
178.80706524848938  seconds  2.607302062202848 -0.0069534984789219045 17.3
138.18812537193298  seconds  2.607302062202848 -0.0069534984789219045 5.4
139.59427857398987  seconds  2.607302062202848 -0.0069534984789219045 18.3
139.61183142662048  seconds  2.607302062202848 -0.0069534984789219045 6.4
141.64173030853271  seconds  2.607302062202848 -0.0069534984789219045 9.4
140.86431288719177  seconds  2.607302062202848 -0.0069534984789219045 7.5
110.94645380973816  seconds  2.607302062202848 -0.0069534984789219045 3.7
138.79480147361755  seconds  2.607302062202848 -0.0069534984789219045 15.4
134.39788842201233  seconds  2.607302062202848 -0.0069534984789219045 2.5
110.47773361206055  seconds  2.607302062202848 -0.0069534984789219045 11.700000000000001
110.05856251716614  seconds  2.607302062202848 -0.0069534984789219045 8.6
139.98344206809998  seconds  2.607302062202848 -0.0069534984789219045 0.5
110.13410449028015  seconds  2.607302062202848 -0.0069534984789219045 14.9
143.13257217407227  seconds  2.607302062202848 -0.0069534984789219045 19.400000000000002
135.29216289520264  seconds  2.607302062202848 -0.0069534984789219045 1.5
131.5624737739563  seconds  2.607302062202848 -0.0069534984789219045 4.5
135.55592012405396  seconds  2.607302062202848 -0.0069534984789219045 13.4
133.36193895339966  seconds  2.607302062202848 -0.0069534984789219045 16.400000000000002
140.9483404159546  seconds  2.607302062202848 -0.0069534984789219045 12.4
134.31063795089722  seconds  2.607302062202848 -0.0069534984789219045 17.400000000000002
139.59964966773987  seconds  2.607302062202848 -0.0069534984789219045 10.4
133.8475058078766  seconds  2.607302062202848 -0.0069534984789219045 5.5
132.2403314113617  seconds  2.607302062202848 -0.0069534984789219045 6.5
134.7233762741089  seconds  2.607302062202848 -0.0069534984789219045 18.400000000000002
140.8973250389099  seconds  2.607302062202848 -0.0069534984789219045 9.5
109.28926515579224  seconds  2.607302062202848 -0.0069534984789219045 3.8000000000000003
107.94853234291077  seconds  2.607302062202848 -0.0069534984789219045 11.8
108.46146154403687  seconds  2.607302062202848 -0.0069534984789219045 8.700000000000001
132.74051904678345  seconds  2.607302062202848 -0.0069534984789219045 7.6000000000000005
137.8972249031067  seconds  2.607302062202848 -0.0069534984789219045 15.5
136.93099355697632  seconds  2.607302062202848 -0.0069534984789219045 2.6
134.67953181266785  seconds  2.607302062202848 -0.0069534984789219045 0.6000000000000001
133.83839559555054  seconds  2.607302062202848 -0.0069534984789219045 19.5
133.66561436653137  seconds  2.607302062202848 -0.0069534984789219045 1.6
133.32193899154663  seconds  2.607302062202848 -0.0069534984789219045 4.6000000000000005
134.80907702445984  seconds  2.607302062202848 -0.0069534984789219045 13.5
137.14092636108398  seconds  2.607302062202848 -0.0069534984789219045 16.5
131.55767512321472  seconds  2.607302062202848 -0.0069534984789219045 17.5
134.9116826057434  seconds  2.607302062202848 -0.0069534984789219045 10.5
139.01038479804993  seconds  2.607302062202848 -0.0069534984789219045 12.5
135.1023449897766  seconds  2.607302062202848 -0.0069534984789219045 5.6000000000000005
107.85564732551575  seconds  2.607302062202848 -0.0069534984789219045 3.9000000000000004
135.66739058494568  seconds  2.607302062202848 -0.0069534984789219045 6.6000000000000005
135.50481605529785  seconds  2.607302062202848 -0.0069534984789219045 18.5
131.97904419898987  seconds  2.607302062202848 -0.0069534984789219045 9.600000000000001
107.96545195579529  seconds  2.607302062202848 -0.0069534984789219045 11.9
107.3956093788147  seconds  2.607302062202848 -0.0069534984789219045 8.8
132.29222297668457  seconds  2.607302062202848 -0.0069534984789219045 7.7
137.5413646697998  seconds  2.607302062202848 -0.0069534984789219045 15.600000000000001
132.78205108642578  seconds  2.607302062202848 -0.0069534984789219045 2.7
135.2978320121765  seconds  2.607302062202848 -0.0069534984789219045 0.7000000000000001
134.89229106903076  seconds  2.607302062202848 -0.0069534984789219045 19.6
132.58621549606323  seconds  2.607302062202848 -0.0069534984789219045 1.7000000000000002
131.17979907989502  seconds  2.607302062202848 -0.0069534984789219045 13.600000000000001
140.24729371070862  seconds  2.607302062202848 -0.0069534984789219045 4.7
134.4224591255188  seconds  2.607302062202848 -0.0069534984789219045 16.6
135.2647430896759  seconds  2.607302062202848 -0.0069534984789219045 17.6
135.21686673164368  seconds  2.607302062202848 -0.0069534984789219045 10.600000000000001
133.44726848602295  seconds  2.607302062202848 -0.0069534984789219045 12.600000000000001
103.56321692466736  seconds  2.607302062202848 -0.0069534984789219045 8.9
132.56961965560913  seconds  2.607302062202848 -0.0069534984789219045 5.7
137.60542941093445  seconds  2.607302062202848 -0.0069534984789219045 6.7
137.90861439704895  seconds  2.607302062202848 -0.0069534984789219045 18.6
136.28354120254517  seconds  2.607302062202848 -0.0069534984789219045 9.700000000000001
137.30882239341736  seconds  2.607302062202848 -0.0069534984789219045 7.800000000000001
135.07790541648865  seconds  2.607302062202848 -0.0069534984789219045 15.700000000000001
132.31563186645508  seconds  2.607302062202848 -0.0069534984789219045 2.8000000000000003
135.59523105621338  seconds  2.607302062202848 -0.0069534984789219045 0.8
132.44269442558289  seconds  2.607302062202848 -0.0069534984789219045 19.700000000000003
132.1669886112213  seconds  2.607302062202848 -0.0069534984789219045 1.8
140.60025572776794  seconds  2.607302062202848 -0.0069534984789219045 13.700000000000001
138.36036205291748  seconds  2.607302062202848 -0.0069534984789219045 4.800000000000001
134.04940557479858  seconds  2.607302062202848 -0.0069534984789219045 16.7
134.73873043060303  seconds  2.607302062202848 -0.0069534984789219045 17.7
133.79163885116577  seconds  2.607302062202848 -0.0069534984789219045 12.700000000000001
135.71331453323364  seconds  2.607302062202848 -0.0069534984789219045 10.700000000000001
133.8772566318512  seconds  2.607302062202848 -0.0069534984789219045 5.800000000000001
134.47109985351562  seconds  2.607302062202848 -0.0069534984789219045 18.7
132.27060794830322  seconds  2.607302062202848 -0.0069534984789219045 9.8
139.56904816627502  seconds  2.607302062202848 -0.0069534984789219045 6.800000000000001
133.36481595039368  seconds  2.607302062202848 -0.0069534984789219045 7.9
131.79667925834656  seconds  2.607302062202848 -0.0069534984789219045 15.8
131.82811379432678  seconds  2.607302062202848 -0.0069534984789219045 2.9000000000000004
132.21339750289917  seconds  2.607302062202848 -0.0069534984789219045 19.8
132.78872680664062  seconds  2.607302062202848 -0.0069534984789219045 1.9000000000000001
138.28461742401123  seconds  2.607302062202848 -0.0069534984789219045 0.9
129.39720845222473  seconds  2.607302062202848 -0.0069534984789219045 13.8
129.42185640335083  seconds  2.607302062202848 -0.0069534984789219045 16.8
130.25766897201538  seconds  2.607302062202848 -0.0069534984789219045 4.9
129.179616689682  seconds  2.607302062202848 -0.0069534984789219045 17.8
129.9096291065216  seconds  2.607302062202848 -0.0069534984789219045 10.8
131.58174872398376  seconds  2.607302062202848 -0.0069534984789219045 12.8
131.30384826660156  seconds  2.607302062202848 -0.0069534984789219045 5.9
127.90935564041138  seconds  2.607302062202848 -0.0069534984789219045 18.8
129.39083576202393  seconds  2.607302062202848 -0.0069534984789219045 6.9
130.59672117233276  seconds  2.607302062202848 -0.0069534984789219045 9.9
120.89613032341003  seconds  2.607302062202848 -0.0069534984789219045 15.9
116.72874546051025  seconds  2.607302062202848 -0.0069534984789219045 19.900000000000002
99.6625452041626  seconds  2.607302062202848 -0.0069534984789219045 10.9
115.5244448184967  seconds  2.607302062202848 -0.0069534984789219045 13.9
115.64766454696655  seconds  2.607302062202848 -0.0069534984789219045 16.900000000000002
112.73544979095459  seconds  2.607302062202848 -0.0069534984789219045 17.900000000000002
108.76341676712036  seconds  2.607302062202848 -0.0069534984789219045 12.9
100.58884000778198  seconds  2.607302062202848 -0.0069534984789219045 18.900000000000002
time for calc.... 2023.9434094429016
energy at the point.. 2.6065504737387184 0.2694480660582359  is  2.9915582295814147e-06
200 the points 10 chunk numtheads
starting with calculation of Sigma
106.9927134513855  seconds  2.6065504737387184 0.2694480660582359 0.0
109.37646198272705  seconds  2.6065504737387184 0.2694480660582359 1.0
111.41901350021362  seconds  2.6065504737387184 0.2694480660582359 2.0
112.1998279094696  seconds  2.6065504737387184 0.2694480660582359 3.0
121.01155948638916  seconds  2.6065504737387184 0.2694480660582359 4.0
123.20947980880737  seconds  2.6065504737387184 0.2694480660582359 5.0
122.13235259056091  seconds  2.6065504737387184 0.2694480660582359 6.0
122.42200636863708  seconds  2.6065504737387184 0.2694480660582359 7.0
115.28105664253235  seconds  2.6065504737387184 0.2694480660582359 8.0
108.78751564025879  seconds  2.6065504737387184 0.2694480660582359 9.0
124.77889037132263  seconds  2.6065504737387184 0.2694480660582359 10.0
110.75030970573425  seconds  2.6065504737387184 0.2694480660582359 12.0
128.14595651626587  seconds  2.6065504737387184 0.2694480660582359 11.0
127.47295999526978  seconds  2.6065504737387184 0.2694480660582359 13.0
131.04702186584473  seconds  2.6065504737387184 0.2694480660582359 0.1
137.23863196372986  seconds  2.6065504737387184 0.2694480660582359 14.0
112.95471739768982  seconds  2.6065504737387184 0.2694480660582359 17.0
133.85582399368286  seconds  2.6065504737387184 0.2694480660582359 1.1
120.03699994087219  seconds  2.6065504737387184 0.2694480660582359 3.1
137.23644137382507  seconds  2.6065504737387184 0.2694480660582359 15.0
136.44891166687012  seconds  2.6065504737387184 0.2694480660582359 2.1
135.05240488052368  seconds  2.6065504737387184 0.2694480660582359 16.0
130.92977118492126  seconds  2.6065504737387184 0.2694480660582359 18.0
133.02126216888428  seconds  2.6065504737387184 0.2694480660582359 4.1000000000000005
110.62579727172852  seconds  2.6065504737387184 0.2694480660582359 8.1
129.75582098960876  seconds  2.6065504737387184 0.2694480660582359 19.0
112.80259537696838  seconds  2.6065504737387184 0.2694480660582359 9.1
131.93644762039185  seconds  2.6065504737387184 0.2694480660582359 5.1000000000000005
134.42637014389038  seconds  2.6065504737387184 0.2694480660582359 6.1000000000000005
129.8898606300354  seconds  2.6065504737387184 0.2694480660582359 7.1000000000000005
112.17337989807129  seconds  2.6065504737387184 0.2694480660582359 12.100000000000001
129.6043257713318  seconds  2.6065504737387184 0.2694480660582359 10.100000000000001
134.38959884643555  seconds  2.6065504737387184 0.2694480660582359 11.100000000000001
111.81812143325806  seconds  2.6065504737387184 0.2694480660582359 17.1
133.73610925674438  seconds  2.6065504737387184 0.2694480660582359 13.100000000000001
112.54419946670532  seconds  2.6065504737387184 0.2694480660582359 3.2
132.31580924987793  seconds  2.6065504737387184 0.2694480660582359 0.2
140.73592233657837  seconds  2.6065504737387184 0.2694480660582359 1.2000000000000002
146.2234582901001  seconds  2.6065504737387184 0.2694480660582359 14.100000000000001
112.65212440490723  seconds  2.6065504737387184 0.2694480660582359 8.200000000000001
143.7338831424713  seconds  2.6065504737387184 0.2694480660582359 15.100000000000001
145.87599563598633  seconds  2.6065504737387184 0.2694480660582359 16.1
137.19380855560303  seconds  2.6065504737387184 0.2694480660582359 18.1
137.11812925338745  seconds  2.6065504737387184 0.2694480660582359 4.2
139.73984718322754  seconds  2.6065504737387184 0.2694480660582359 19.1
111.64665675163269  seconds  2.6065504737387184 0.2694480660582359 12.200000000000001
141.2524356842041  seconds  2.6065504737387184 0.2694480660582359 9.200000000000001
169.28749132156372  seconds  2.6065504737387184 0.2694480660582359 2.2
143.7451286315918  seconds  2.6065504737387184 0.2694480660582359 5.2
137.88269901275635  seconds  2.6065504737387184 0.2694480660582359 7.2
141.89709186553955  seconds  2.6065504737387184 0.2694480660582359 6.2
139.66438150405884  seconds  2.6065504737387184 0.2694480660582359 10.200000000000001
112.41595125198364  seconds  2.6065504737387184 0.2694480660582359 17.2
110.37659072875977  seconds  2.6065504737387184 0.2694480660582359 3.3000000000000003
137.20158743858337  seconds  2.6065504737387184 0.2694480660582359 11.200000000000001
109.86752486228943  seconds  2.6065504737387184 0.2694480660582359 8.3
145.15395736694336  seconds  2.6065504737387184 0.2694480660582359 13.200000000000001
142.82731199264526  seconds  2.6065504737387184 0.2694480660582359 14.200000000000001
111.3681890964508  seconds  2.6065504737387184 0.2694480660582359 12.3
141.68008732795715  seconds  2.6065504737387184 0.2694480660582359 15.200000000000001
141.5692801475525  seconds  2.6065504737387184 0.2694480660582359 16.2
143.3867907524109  seconds  2.6065504737387184 0.2694480660582359 4.3
151.3915798664093  seconds  2.6065504737387184 0.2694480660582359 18.2
143.60924983024597  seconds  2.6065504737387184 0.2694480660582359 19.200000000000003
145.51821088790894  seconds  2.6065504737387184 0.2694480660582359 9.3
147.21646118164062  seconds  2.6065504737387184 0.2694480660582359 5.300000000000001
153.9160032272339  seconds  2.6065504737387184 0.2694480660582359 2.3000000000000003
112.55717206001282  seconds  2.6065504737387184 0.2694480660582359 17.3
147.00251507759094  seconds  2.6065504737387184 0.2694480660582359 6.300000000000001
112.26124048233032  seconds  2.6065504737387184 0.2694480660582359 3.4000000000000004
152.16526317596436  seconds  2.6065504737387184 0.2694480660582359 7.300000000000001
202.53336715698242  seconds  2.6065504737387184 0.2694480660582359 1.3
224.06161379814148  seconds  2.6065504737387184 0.2694480660582359 0.30000000000000004
110.52577447891235  seconds  2.6065504737387184 0.2694480660582359 8.4
150.15028882026672  seconds  2.6065504737387184 0.2694480660582359 10.3
148.86548328399658  seconds  2.6065504737387184 0.2694480660582359 11.3
110.5442681312561  seconds  2.6065504737387184 0.2694480660582359 12.4
149.3536331653595  seconds  2.6065504737387184 0.2694480660582359 13.3
137.39894914627075  seconds  2.6065504737387184 0.2694480660582359 14.3
141.4216103553772  seconds  2.6065504737387184 0.2694480660582359 15.3
135.7679522037506  seconds  2.6065504737387184 0.2694480660582359 16.3
110.31978845596313  seconds  2.6065504737387184 0.2694480660582359 3.5
111.44785523414612  seconds  2.6065504737387184 0.2694480660582359 17.400000000000002
137.22341227531433  seconds  2.6065504737387184 0.2694480660582359 4.4
134.99871850013733  seconds  2.6065504737387184 0.2694480660582359 19.3
137.79978251457214  seconds  2.6065504737387184 0.2694480660582359 18.3
132.80001425743103  seconds  2.6065504737387184 0.2694480660582359 9.4
135.3588788509369  seconds  2.6065504737387184 0.2694480660582359 5.4
137.10334658622742  seconds  2.6065504737387184 0.2694480660582359 6.4
110.30108952522278  seconds  2.6065504737387184 0.2694480660582359 8.5
141.3161027431488  seconds  2.6065504737387184 0.2694480660582359 2.4000000000000004
135.55241417884827  seconds  2.6065504737387184 0.2694480660582359 1.4000000000000001
135.9658818244934  seconds  2.6065504737387184 0.2694480660582359 0.4
141.4888617992401  seconds  2.6065504737387184 0.2694480660582359 7.4
141.44389963150024  seconds  2.6065504737387184 0.2694480660582359 10.4
111.18553495407104  seconds  2.6065504737387184 0.2694480660582359 12.5
137.45386910438538  seconds  2.6065504737387184 0.2694480660582359 11.4
138.2282645702362  seconds  2.6065504737387184 0.2694480660582359 13.4
107.40937829017639  seconds  2.6065504737387184 0.2694480660582359 3.6
133.1811397075653  seconds  2.6065504737387184 0.2694480660582359 14.4
139.7453417778015  seconds  2.6065504737387184 0.2694480660582359 16.400000000000002
144.21990156173706  seconds  2.6065504737387184 0.2694480660582359 15.4
133.68966841697693  seconds  2.6065504737387184 0.2694480660582359 17.5
107.23670792579651  seconds  2.6065504737387184 0.2694480660582359 8.6
135.72084784507751  seconds  2.6065504737387184 0.2694480660582359 19.400000000000002
142.71936321258545  seconds  2.6065504737387184 0.2694480660582359 4.5
139.9124825000763  seconds  2.6065504737387184 0.2694480660582359 18.400000000000002
140.7771077156067  seconds  2.6065504737387184 0.2694480660582359 9.5
136.45193457603455  seconds  2.6065504737387184 0.2694480660582359 5.5
140.96343541145325  seconds  2.6065504737387184 0.2694480660582359 2.5
110.27864599227905  seconds  2.6065504737387184 0.2694480660582359 12.600000000000001
140.94301223754883  seconds  2.6065504737387184 0.2694480660582359 0.5
148.22436046600342  seconds  2.6065504737387184 0.2694480660582359 6.5
142.04143357276917  seconds  2.6065504737387184 0.2694480660582359 7.5
148.9175374507904  seconds  2.6065504737387184 0.2694480660582359 1.5
134.13208770751953  seconds  2.6065504737387184 0.2694480660582359 10.5
107.21239423751831  seconds  2.6065504737387184 0.2694480660582359 3.7
146.15545749664307  seconds  2.6065504737387184 0.2694480660582359 11.5
139.2623610496521  seconds  2.6065504737387184 0.2694480660582359 13.5
105.87313723564148  seconds  2.6065504737387184 0.2694480660582359 8.700000000000001
136.59975361824036  seconds  2.6065504737387184 0.2694480660582359 14.5
141.02698159217834  seconds  2.6065504737387184 0.2694480660582359 16.5
142.7087540626526  seconds  2.6065504737387184 0.2694480660582359 15.5
139.91985177993774  seconds  2.6065504737387184 0.2694480660582359 17.6
138.43763709068298  seconds  2.6065504737387184 0.2694480660582359 19.5
108.75104904174805  seconds  2.6065504737387184 0.2694480660582359 12.700000000000001
138.43919920921326  seconds  2.6065504737387184 0.2694480660582359 4.6000000000000005
137.83290028572083  seconds  2.6065504737387184 0.2694480660582359 9.600000000000001
141.5100302696228  seconds  2.6065504737387184 0.2694480660582359 18.5
138.29531860351562  seconds  2.6065504737387184 0.2694480660582359 5.6000000000000005
140.99994611740112  seconds  2.6065504737387184 0.2694480660582359 2.6
137.44752645492554  seconds  2.6065504737387184 0.2694480660582359 6.6000000000000005
140.26237511634827  seconds  2.6065504737387184 0.2694480660582359 0.6000000000000001
140.0919473171234  seconds  2.6065504737387184 0.2694480660582359 7.6000000000000005
107.93278622627258  seconds  2.6065504737387184 0.2694480660582359 3.8000000000000003
143.10200786590576  seconds  2.6065504737387184 0.2694480660582359 1.6
136.17763566970825  seconds  2.6065504737387184 0.2694480660582359 10.600000000000001
107.97334170341492  seconds  2.6065504737387184 0.2694480660582359 8.8
137.63012957572937  seconds  2.6065504737387184 0.2694480660582359 11.600000000000001
139.26458954811096  seconds  2.6065504737387184 0.2694480660582359 13.600000000000001
138.99847054481506  seconds  2.6065504737387184 0.2694480660582359 14.600000000000001
107.43219351768494  seconds  2.6065504737387184 0.2694480660582359 12.8
135.5179090499878  seconds  2.6065504737387184 0.2694480660582359 16.6
135.21508073806763  seconds  2.6065504737387184 0.2694480660582359 15.600000000000001
140.94261622428894  seconds  2.6065504737387184 0.2694480660582359 17.7
141.92800974845886  seconds  2.6065504737387184 0.2694480660582359 19.6
135.864355802536  seconds  2.6065504737387184 0.2694480660582359 18.6
141.8436872959137  seconds  2.6065504737387184 0.2694480660582359 4.7
140.6340343952179  seconds  2.6065504737387184 0.2694480660582359 9.700000000000001
108.1503095626831  seconds  2.6065504737387184 0.2694480660582359 3.9000000000000004
138.63647723197937  seconds  2.6065504737387184 0.2694480660582359 5.7
134.5244574546814  seconds  2.6065504737387184 0.2694480660582359 0.7000000000000001
140.06330013275146  seconds  2.6065504737387184 0.2694480660582359 6.7
147.20738887786865  seconds  2.6065504737387184 0.2694480660582359 2.7
109.19593477249146  seconds  2.6065504737387184 0.2694480660582359 8.9
142.19782972335815  seconds  2.6065504737387184 0.2694480660582359 7.7
135.58164930343628  seconds  2.6065504737387184 0.2694480660582359 10.700000000000001
142.60381889343262  seconds  2.6065504737387184 0.2694480660582359 1.7000000000000002
136.88534235954285  seconds  2.6065504737387184 0.2694480660582359 11.700000000000001
105.32552552223206  seconds  2.6065504737387184 0.2694480660582359 12.9
142.0522267818451  seconds  2.6065504737387184 0.2694480660582359 13.700000000000001
141.16203260421753  seconds  2.6065504737387184 0.2694480660582359 14.700000000000001
137.16757082939148  seconds  2.6065504737387184 0.2694480660582359 16.7
139.96257495880127  seconds  2.6065504737387184 0.2694480660582359 15.700000000000001
160.55303239822388  seconds  2.6065504737387184 0.2694480660582359 17.8
158.06178617477417  seconds  2.6065504737387184 0.2694480660582359 19.700000000000003
158.95199513435364  seconds  2.6065504737387184 0.2694480660582359 18.7
159.30901670455933  seconds  2.6065504737387184 0.2694480660582359 4.800000000000001
161.8466284275055  seconds  2.6065504737387184 0.2694480660582359 5.800000000000001
167.3718810081482  seconds  2.6065504737387184 0.2694480660582359 9.8
156.9206132888794  seconds  2.6065504737387184 0.2694480660582359 6.800000000000001
158.2546193599701  seconds  2.6065504737387184 0.2694480660582359 2.8000000000000003
158.07707023620605  seconds  2.6065504737387184 0.2694480660582359 7.800000000000001
172.16874814033508  seconds  2.6065504737387184 0.2694480660582359 0.8
156.69238829612732  seconds  2.6065504737387184 0.2694480660582359 10.8
159.95650935173035  seconds  2.6065504737387184 0.2694480660582359 11.8
196.3457281589508  seconds  2.6065504737387184 0.2694480660582359 1.8
157.48693418502808  seconds  2.6065504737387184 0.2694480660582359 13.8
155.37701869010925  seconds  2.6065504737387184 0.2694480660582359 14.8
155.6471700668335  seconds  2.6065504737387184 0.2694480660582359 16.8
176.35280227661133  seconds  2.6065504737387184 0.2694480660582359 15.8
156.43266534805298  seconds  2.6065504737387184 0.2694480660582359 17.900000000000002
152.4176857471466  seconds  2.6065504737387184 0.2694480660582359 19.8
152.37830352783203  seconds  2.6065504737387184 0.2694480660582359 18.8
152.23172092437744  seconds  2.6065504737387184 0.2694480660582359 4.9
153.66156601905823  seconds  2.6065504737387184 0.2694480660582359 5.9
156.43813133239746  seconds  2.6065504737387184 0.2694480660582359 9.9
152.2146282196045  seconds  2.6065504737387184 0.2694480660582359 6.9
146.23823952674866  seconds  2.6065504737387184 0.2694480660582359 7.9
148.22671556472778  seconds  2.6065504737387184 0.2694480660582359 10.9
158.36643147468567  seconds  2.6065504737387184 0.2694480660582359 0.9
172.81504321098328  seconds  2.6065504737387184 0.2694480660582359 2.9000000000000004
144.0282108783722  seconds  2.6065504737387184 0.2694480660582359 11.9
144.6139793395996  seconds  2.6065504737387184 0.2694480660582359 1.9000000000000001
141.7280077934265  seconds  2.6065504737387184 0.2694480660582359 13.9
141.25085043907166  seconds  2.6065504737387184 0.2694480660582359 14.9
135.3681983947754  seconds  2.6065504737387184 0.2694480660582359 16.900000000000002
113.62771677970886  seconds  2.6065504737387184 0.2694480660582359 15.9
115.53097319602966  seconds  2.6065504737387184 0.2694480660582359 19.900000000000002
114.841557264328  seconds  2.6065504737387184 0.2694480660582359 18.900000000000002
time for calc.... 1573.6701202392578
energy at the point.. 2.602114031264387 0.5441112559756629  is  7.517785363120311e-06
200 the points 10 chunk numtheads
starting with calculation of Sigma
102.10148882865906  seconds  2.602114031264387 0.5441112559756629 0.0
109.98618078231812  seconds  2.602114031264387 0.5441112559756629 1.0
106.9124825000763  seconds  2.602114031264387 0.5441112559756629 2.0
114.21931767463684  seconds  2.602114031264387 0.5441112559756629 3.0
109.13408994674683  seconds  2.602114031264387 0.5441112559756629 4.0
114.45301532745361  seconds  2.602114031264387 0.5441112559756629 5.0
109.9338960647583  seconds  2.602114031264387 0.5441112559756629 6.0
112.80936098098755  seconds  2.602114031264387 0.5441112559756629 7.0
120.62560486793518  seconds  2.602114031264387 0.5441112559756629 8.0
114.40649461746216  seconds  2.602114031264387 0.5441112559756629 9.0
120.59878492355347  seconds  2.602114031264387 0.5441112559756629 10.0
121.65792512893677  seconds  2.602114031264387 0.5441112559756629 11.0
116.2695665359497  seconds  2.602114031264387 0.5441112559756629 0.1
117.853999376297  seconds  2.602114031264387 0.5441112559756629 12.0
124.98042845726013  seconds  2.602114031264387 0.5441112559756629 13.0
126.25101971626282  seconds  2.602114031264387 0.5441112559756629 1.1
129.41320276260376  seconds  2.602114031264387 0.5441112559756629 14.0
127.05964636802673  seconds  2.602114031264387 0.5441112559756629 2.1
119.16834878921509  seconds  2.602114031264387 0.5441112559756629 16.0
129.8834867477417  seconds  2.602114031264387 0.5441112559756629 15.0
124.64803290367126  seconds  2.602114031264387 0.5441112559756629 3.1
117.27780628204346  seconds  2.602114031264387 0.5441112559756629 17.0
124.8643045425415  seconds  2.602114031264387 0.5441112559756629 4.1000000000000005
119.56357622146606  seconds  2.602114031264387 0.5441112559756629 6.1000000000000005
127.11744832992554  seconds  2.602114031264387 0.5441112559756629 5.1000000000000005
126.04101037979126  seconds  2.602114031264387 0.5441112559756629 18.0
118.12199640274048  seconds  2.602114031264387 0.5441112559756629 7.1000000000000005
124.98948621749878  seconds  2.602114031264387 0.5441112559756629 19.0
115.78316187858582  seconds  2.602114031264387 0.5441112559756629 9.1
130.129714012146  seconds  2.602114031264387 0.5441112559756629 8.1
127.84532475471497  seconds  2.602114031264387 0.5441112559756629 10.100000000000001
114.63366961479187  seconds  2.602114031264387 0.5441112559756629 12.100000000000001
117.76653409004211  seconds  2.602114031264387 0.5441112559756629 0.2
126.11954712867737  seconds  2.602114031264387 0.5441112559756629 11.100000000000001
124.02172827720642  seconds  2.602114031264387 0.5441112559756629 13.100000000000001
114.727858543396  seconds  2.602114031264387 0.5441112559756629 16.1
128.12392950057983  seconds  2.602114031264387 0.5441112559756629 1.2000000000000002
127.71388411521912  seconds  2.602114031264387 0.5441112559756629 2.2
116.92823314666748  seconds  2.602114031264387 0.5441112559756629 17.1
132.89630937576294  seconds  2.602114031264387 0.5441112559756629 14.100000000000001
117.96716284751892  seconds  2.602114031264387 0.5441112559756629 4.2
124.71837306022644  seconds  2.602114031264387 0.5441112559756629 15.100000000000001
124.93070149421692  seconds  2.602114031264387 0.5441112559756629 3.2
116.36189484596252  seconds  2.602114031264387 0.5441112559756629 6.2
114.59344720840454  seconds  2.602114031264387 0.5441112559756629 7.2
127.30147933959961  seconds  2.602114031264387 0.5441112559756629 5.2
130.58956956863403  seconds  2.602114031264387 0.5441112559756629 18.1
112.58568096160889  seconds  2.602114031264387 0.5441112559756629 9.200000000000001
124.27353429794312  seconds  2.602114031264387 0.5441112559756629 19.1
126.2104766368866  seconds  2.602114031264387 0.5441112559756629 8.200000000000001
114.9581515789032  seconds  2.602114031264387 0.5441112559756629 12.200000000000001
115.62854337692261  seconds  2.602114031264387 0.5441112559756629 0.30000000000000004
130.31898593902588  seconds  2.602114031264387 0.5441112559756629 10.200000000000001
127.8759400844574  seconds  2.602114031264387 0.5441112559756629 11.200000000000001
122.87426924705505  seconds  2.602114031264387 0.5441112559756629 13.200000000000001
114.7327721118927  seconds  2.602114031264387 0.5441112559756629 16.2
114.29029655456543  seconds  2.602114031264387 0.5441112559756629 17.2
114.02367663383484  seconds  2.602114031264387 0.5441112559756629 4.3
130.69269847869873  seconds  2.602114031264387 0.5441112559756629 1.3
126.6556191444397  seconds  2.602114031264387 0.5441112559756629 2.3000000000000003
114.00628542900085  seconds  2.602114031264387 0.5441112559756629 6.300000000000001
127.95660948753357  seconds  2.602114031264387 0.5441112559756629 14.200000000000001
125.62862873077393  seconds  2.602114031264387 0.5441112559756629 15.200000000000001
124.21865510940552  seconds  2.602114031264387 0.5441112559756629 3.3000000000000003
113.16559076309204  seconds  2.602114031264387 0.5441112559756629 7.300000000000001
115.92641186714172  seconds  2.602114031264387 0.5441112559756629 9.3
127.17199373245239  seconds  2.602114031264387 0.5441112559756629 5.300000000000001
126.62893056869507  seconds  2.602114031264387 0.5441112559756629 18.2
126.83301830291748  seconds  2.602114031264387 0.5441112559756629 19.200000000000003
117.70871782302856  seconds  2.602114031264387 0.5441112559756629 12.3
127.6489474773407  seconds  2.602114031264387 0.5441112559756629 8.3
117.81254696846008  seconds  2.602114031264387 0.5441112559756629 0.4
124.35514640808105  seconds  2.602114031264387 0.5441112559756629 10.3
124.79362154006958  seconds  2.602114031264387 0.5441112559756629 11.3
119.98734998703003  seconds  2.602114031264387 0.5441112559756629 16.3
125.20569920539856  seconds  2.602114031264387 0.5441112559756629 13.3
120.63188004493713  seconds  2.602114031264387 0.5441112559756629 17.3
122.34126353263855  seconds  2.602114031264387 0.5441112559756629 4.4
117.84938168525696  seconds  2.602114031264387 0.5441112559756629 6.4
126.17715001106262  seconds  2.602114031264387 0.5441112559756629 1.4000000000000001
115.95454049110413  seconds  2.602114031264387 0.5441112559756629 7.4
127.72499322891235  seconds  2.602114031264387 0.5441112559756629 2.4000000000000004
126.72895932197571  seconds  2.602114031264387 0.5441112559756629 14.3
126.34792733192444  seconds  2.602114031264387 0.5441112559756629 3.4000000000000004
132.96857118606567  seconds  2.602114031264387 0.5441112559756629 15.3
122.13844752311707  seconds  2.602114031264387 0.5441112559756629 9.4
124.21066403388977  seconds  2.602114031264387 0.5441112559756629 5.4
127.3697338104248  seconds  2.602114031264387 0.5441112559756629 18.3
127.0275890827179  seconds  2.602114031264387 0.5441112559756629 19.3
117.07733917236328  seconds  2.602114031264387 0.5441112559756629 0.5
120.47080588340759  seconds  2.602114031264387 0.5441112559756629 12.4
134.67909049987793  seconds  2.602114031264387 0.5441112559756629 8.4
126.76433539390564  seconds  2.602114031264387 0.5441112559756629 10.4
126.00039625167847  seconds  2.602114031264387 0.5441112559756629 11.4
120.48502373695374  seconds  2.602114031264387 0.5441112559756629 16.400000000000002
117.18224239349365  seconds  2.602114031264387 0.5441112559756629 17.400000000000002
127.18227052688599  seconds  2.602114031264387 0.5441112559756629 13.4
116.5554461479187  seconds  2.602114031264387 0.5441112559756629 4.5
119.39546012878418  seconds  2.602114031264387 0.5441112559756629 6.5
117.66690969467163  seconds  2.602114031264387 0.5441112559756629 7.5
126.50331163406372  seconds  2.602114031264387 0.5441112559756629 2.5
132.87484216690063  seconds  2.602114031264387 0.5441112559756629 1.5
127.36013984680176  seconds  2.602114031264387 0.5441112559756629 14.4
126.24592661857605  seconds  2.602114031264387 0.5441112559756629 3.5
135.39694166183472  seconds  2.602114031264387 0.5441112559756629 15.4
129.18667125701904  seconds  2.602114031264387 0.5441112559756629 9.5
131.60797381401062  seconds  2.602114031264387 0.5441112559756629 5.5
127.41495299339294  seconds  2.602114031264387 0.5441112559756629 18.400000000000002
127.40440893173218  seconds  2.602114031264387 0.5441112559756629 19.400000000000002
117.2387285232544  seconds  2.602114031264387 0.5441112559756629 0.6000000000000001
117.07021880149841  seconds  2.602114031264387 0.5441112559756629 12.5
126.74697494506836  seconds  2.602114031264387 0.5441112559756629 10.5
114.34161353111267  seconds  2.602114031264387 0.5441112559756629 16.5
137.47226405143738  seconds  2.602114031264387 0.5441112559756629 8.5
127.63867783546448  seconds  2.602114031264387 0.5441112559756629 11.5
114.14016342163086  seconds  2.602114031264387 0.5441112559756629 17.5
113.84024477005005  seconds  2.602114031264387 0.5441112559756629 4.6000000000000005
114.9936192035675  seconds  2.602114031264387 0.5441112559756629 6.6000000000000005
126.01397657394409  seconds  2.602114031264387 0.5441112559756629 13.5
113.28314137458801  seconds  2.602114031264387 0.5441112559756629 7.6000000000000005
130.05129551887512  seconds  2.602114031264387 0.5441112559756629 2.6
129.7631869316101  seconds  2.602114031264387 0.5441112559756629 1.6
128.45977568626404  seconds  2.602114031264387 0.5441112559756629 3.6
134.78581476211548  seconds  2.602114031264387 0.5441112559756629 14.5
125.46956491470337  seconds  2.602114031264387 0.5441112559756629 9.600000000000001
133.93752360343933  seconds  2.602114031264387 0.5441112559756629 15.5
116.92162871360779  seconds  2.602114031264387 0.5441112559756629 0.7000000000000001
117.33541417121887  seconds  2.602114031264387 0.5441112559756629 12.600000000000001
129.06541633605957  seconds  2.602114031264387 0.5441112559756629 18.5
127.78257083892822  seconds  2.602114031264387 0.5441112559756629 19.5
137.80345821380615  seconds  2.602114031264387 0.5441112559756629 5.6000000000000005
116.14888072013855  seconds  2.602114031264387 0.5441112559756629 16.6
113.75925612449646  seconds  2.602114031264387 0.5441112559756629 17.6
114.63970613479614  seconds  2.602114031264387 0.5441112559756629 4.7
127.62071347236633  seconds  2.602114031264387 0.5441112559756629 10.600000000000001
128.22670102119446  seconds  2.602114031264387 0.5441112559756629 11.600000000000001
134.58873772621155  seconds  2.602114031264387 0.5441112559756629 8.6
115.6671621799469  seconds  2.602114031264387 0.5441112559756629 6.7
114.9862310886383  seconds  2.602114031264387 0.5441112559756629 7.7
126.49004673957825  seconds  2.602114031264387 0.5441112559756629 13.600000000000001
128.76923727989197  seconds  2.602114031264387 0.5441112559756629 2.7
130.691956281662  seconds  2.602114031264387 0.5441112559756629 3.7
133.43651819229126  seconds  2.602114031264387 0.5441112559756629 1.7000000000000002
127.82804322242737  seconds  2.602114031264387 0.5441112559756629 14.600000000000001
112.79517149925232  seconds  2.602114031264387 0.5441112559756629 12.700000000000001
115.69352388381958  seconds  2.602114031264387 0.5441112559756629 0.8
128.37747287750244  seconds  2.602114031264387 0.5441112559756629 9.700000000000001
127.01208543777466  seconds  2.602114031264387 0.5441112559756629 15.600000000000001
129.07906079292297  seconds  2.602114031264387 0.5441112559756629 19.6
129.504070520401  seconds  2.602114031264387 0.5441112559756629 18.6
129.09205269813538  seconds  2.602114031264387 0.5441112559756629 5.7
113.09822511672974  seconds  2.602114031264387 0.5441112559756629 17.7
117.5781147480011  seconds  2.602114031264387 0.5441112559756629 16.7
117.44276833534241  seconds  2.602114031264387 0.5441112559756629 4.800000000000001
113.16617894172668  seconds  2.602114031264387 0.5441112559756629 6.800000000000001
114.364248752594  seconds  2.602114031264387 0.5441112559756629 7.800000000000001
129.3469262123108  seconds  2.602114031264387 0.5441112559756629 10.700000000000001
129.2861979007721  seconds  2.602114031264387 0.5441112559756629 8.700000000000001
137.0955846309662  seconds  2.602114031264387 0.5441112559756629 11.700000000000001
130.8793604373932  seconds  2.602114031264387 0.5441112559756629 13.700000000000001
111.70067739486694  seconds  2.602114031264387 0.5441112559756629 12.8
132.21559357643127  seconds  2.602114031264387 0.5441112559756629 2.8000000000000003
131.53626799583435  seconds  2.602114031264387 0.5441112559756629 3.8000000000000003
133.06936120986938  seconds  2.602114031264387 0.5441112559756629 14.700000000000001
138.14235591888428  seconds  2.602114031264387 0.5441112559756629 1.8
129.91580939292908  seconds  2.602114031264387 0.5441112559756629 9.8
133.16251826286316  seconds  2.602114031264387 0.5441112559756629 0.9
131.21273565292358  seconds  2.602114031264387 0.5441112559756629 15.700000000000001
129.97555947303772  seconds  2.602114031264387 0.5441112559756629 18.7
112.33211016654968  seconds  2.602114031264387 0.5441112559756629 16.8
132.93655610084534  seconds  2.602114031264387 0.5441112559756629 19.700000000000003
114.09433078765869  seconds  2.602114031264387 0.5441112559756629 17.8
133.26035141944885  seconds  2.602114031264387 0.5441112559756629 5.800000000000001
109.73106122016907  seconds  2.602114031264387 0.5441112559756629 4.9
111.79724979400635  seconds  2.602114031264387 0.5441112559756629 6.9
112.1601071357727  seconds  2.602114031264387 0.5441112559756629 7.9
131.57250666618347  seconds  2.602114031264387 0.5441112559756629 10.8
130.79008102416992  seconds  2.602114031264387 0.5441112559756629 8.8
132.5456030368805  seconds  2.602114031264387 0.5441112559756629 11.8
131.83957028388977  seconds  2.602114031264387 0.5441112559756629 13.8
107.44192051887512  seconds  2.602114031264387 0.5441112559756629 12.9
128.587952375412  seconds  2.602114031264387 0.5441112559756629 2.9000000000000004
129.4764060974121  seconds  2.602114031264387 0.5441112559756629 3.9000000000000004
128.33821845054626  seconds  2.602114031264387 0.5441112559756629 14.8
128.05852127075195  seconds  2.602114031264387 0.5441112559756629 1.9000000000000001
106.72756028175354  seconds  2.602114031264387 0.5441112559756629 16.900000000000002
127.0630795955658  seconds  2.602114031264387 0.5441112559756629 9.9
106.66702628135681  seconds  2.602114031264387 0.5441112559756629 17.900000000000002
126.00544548034668  seconds  2.602114031264387 0.5441112559756629 15.8
126.26237320899963  seconds  2.602114031264387 0.5441112559756629 18.8
125.21481513977051  seconds  2.602114031264387 0.5441112559756629 19.8
126.87699818611145  seconds  2.602114031264387 0.5441112559756629 5.9
122.49190068244934  seconds  2.602114031264387 0.5441112559756629 10.9
119.66115689277649  seconds  2.602114031264387 0.5441112559756629 8.9
121.02226066589355  seconds  2.602114031264387 0.5441112559756629 11.9
116.81616115570068  seconds  2.602114031264387 0.5441112559756629 13.9
107.1360855102539  seconds  2.602114031264387 0.5441112559756629 14.9
107.61778545379639  seconds  2.602114031264387 0.5441112559756629 15.9
106.93689107894897  seconds  2.602114031264387 0.5441112559756629 18.900000000000002
108.85179615020752  seconds  2.602114031264387 0.5441112559756629 19.900000000000002
time for calc.... 1448.412127494812
energy at the point.. 2.5846892989406154 0.8396349413298569  is  1.1574406936887272e-05
200 the points 10 chunk numtheads
starting with calculation of Sigma
100.51479506492615  seconds  2.5846892989406154 0.8396349413298569 0.0
109.30032992362976  seconds  2.5846892989406154 0.8396349413298569 1.0
115.549551486969  seconds  2.5846892989406154 0.8396349413298569 2.0
103.22399497032166  seconds  2.5846892989406154 0.8396349413298569 5.0
119.1973934173584  seconds  2.5846892989406154 0.8396349413298569 3.0
120.57763504981995  seconds  2.5846892989406154 0.8396349413298569 4.0
125.65745854377747  seconds  2.5846892989406154 0.8396349413298569 6.0
130.07173418998718  seconds  2.5846892989406154 0.8396349413298569 7.0
127.64781403541565  seconds  2.5846892989406154 0.8396349413298569 8.0
98.970041513443  seconds  2.5846892989406154 0.8396349413298569 0.1
131.1926715373993  seconds  2.5846892989406154 0.8396349413298569 9.0
133.2050518989563  seconds  2.5846892989406154 0.8396349413298569 10.0
131.15724802017212  seconds  2.5846892989406154 0.8396349413298569 11.0
132.9590620994568  seconds  2.5846892989406154 0.8396349413298569 12.0
103.94633507728577  seconds  2.5846892989406154 0.8396349413298569 5.1000000000000005
153.95105910301208  seconds  2.5846892989406154 0.8396349413298569 13.0
157.4724576473236  seconds  2.5846892989406154 0.8396349413298569 14.0
105.60385155677795  seconds  2.5846892989406154 0.8396349413298569 0.2
236.4078245162964  seconds  2.5846892989406154 0.8396349413298569 15.0
226.8007709980011  seconds  2.5846892989406154 0.8396349413298569 16.0
113.19938969612122  seconds  2.5846892989406154 0.8396349413298569 5.2
248.1835901737213  seconds  2.5846892989406154 0.8396349413298569 1.1
227.41430974006653  seconds  2.5846892989406154 0.8396349413298569 17.0
242.8179576396942  seconds  2.5846892989406154 0.8396349413298569 2.1
104.94284439086914  seconds  2.5846892989406154 0.8396349413298569 0.30000000000000004
290.46775460243225  seconds  2.5846892989406154 0.8396349413298569 18.0
282.0629868507385  seconds  2.5846892989406154 0.8396349413298569 19.0
310.1613841056824  seconds  2.5846892989406154 0.8396349413298569 4.1000000000000005
109.22367763519287  seconds  2.5846892989406154 0.8396349413298569 5.300000000000001
289.0209653377533  seconds  2.5846892989406154 0.8396349413298569 7.1000000000000005
117.0852062702179  seconds  2.5846892989406154 0.8396349413298569 15.100000000000001
332.05105900764465  seconds  2.5846892989406154 0.8396349413298569 3.1
285.9298851490021  seconds  2.5846892989406154 0.8396349413298569 8.1
275.06198716163635  seconds  2.5846892989406154 0.8396349413298569 9.1
326.2425637245178  seconds  2.5846892989406154 0.8396349413298569 6.1000000000000005
288.6437175273895  seconds  2.5846892989406154 0.8396349413298569 11.100000000000001
103.25835084915161  seconds  2.5846892989406154 0.8396349413298569 0.4
257.2759358882904  seconds  2.5846892989406154 0.8396349413298569 13.100000000000001
253.1826434135437  seconds  2.5846892989406154 0.8396349413298569 14.100000000000001
189.68721795082092  seconds  2.5846892989406154 0.8396349413298569 16.1
361.42147874832153  seconds  2.5846892989406154 0.8396349413298569 10.100000000000001
108.01879739761353  seconds  2.5846892989406154 0.8396349413298569 5.4
350.75661873817444  seconds  2.5846892989406154 0.8396349413298569 12.100000000000001
108.27215313911438  seconds  2.5846892989406154 0.8396349413298569 15.200000000000001
215.22755122184753  seconds  2.5846892989406154 0.8396349413298569 17.1
228.60312819480896  seconds  2.5846892989406154 0.8396349413298569 1.2000000000000002
227.02496314048767  seconds  2.5846892989406154 0.8396349413298569 2.2
162.20061254501343  seconds  2.5846892989406154 0.8396349413298569 19.1
169.71777629852295  seconds  2.5846892989406154 0.8396349413298569 18.1
103.42126107215881  seconds  2.5846892989406154 0.8396349413298569 0.5
163.42333126068115  seconds  2.5846892989406154 0.8396349413298569 4.2
159.3412263393402  seconds  2.5846892989406154 0.8396349413298569 8.200000000000001
165.70001864433289  seconds  2.5846892989406154 0.8396349413298569 9.200000000000001
172.61839485168457  seconds  2.5846892989406154 0.8396349413298569 7.2
173.62022638320923  seconds  2.5846892989406154 0.8396349413298569 3.2
158.50840544700623  seconds  2.5846892989406154 0.8396349413298569 6.2
161.45004415512085  seconds  2.5846892989406154 0.8396349413298569 11.200000000000001
158.97507548332214  seconds  2.5846892989406154 0.8396349413298569 13.200000000000001
106.21560621261597  seconds  2.5846892989406154 0.8396349413298569 5.5
160.36401295661926  seconds  2.5846892989406154 0.8396349413298569 14.200000000000001
106.77121162414551  seconds  2.5846892989406154 0.8396349413298569 15.3
143.09600806236267  seconds  2.5846892989406154 0.8396349413298569 10.200000000000001
101.99097561836243  seconds  2.5846892989406154 0.8396349413298569 0.6000000000000001
141.53034377098083  seconds  2.5846892989406154 0.8396349413298569 12.200000000000001
139.0818166732788  seconds  2.5846892989406154 0.8396349413298569 17.2
182.34294819831848  seconds  2.5846892989406154 0.8396349413298569 16.2
143.05033087730408  seconds  2.5846892989406154 0.8396349413298569 1.3
137.58224844932556  seconds  2.5846892989406154 0.8396349413298569 2.3000000000000003
138.43412685394287  seconds  2.5846892989406154 0.8396349413298569 19.200000000000003
140.3398253917694  seconds  2.5846892989406154 0.8396349413298569 18.2
134.21758937835693  seconds  2.5846892989406154 0.8396349413298569 8.3
145.406010389328  seconds  2.5846892989406154 0.8396349413298569 4.3
137.04332852363586  seconds  2.5846892989406154 0.8396349413298569 9.3
140.44758486747742  seconds  2.5846892989406154 0.8396349413298569 3.3000000000000003
106.58148694038391  seconds  2.5846892989406154 0.8396349413298569 5.6000000000000005
143.41633653640747  seconds  2.5846892989406154 0.8396349413298569 7.300000000000001
106.48646807670593  seconds  2.5846892989406154 0.8396349413298569 15.4
138.382586479187  seconds  2.5846892989406154 0.8396349413298569 6.300000000000001
145.82980513572693  seconds  2.5846892989406154 0.8396349413298569 11.3
141.68175315856934  seconds  2.5846892989406154 0.8396349413298569 13.3
100.53788924217224  seconds  2.5846892989406154 0.8396349413298569 0.7000000000000001
143.06813955307007  seconds  2.5846892989406154 0.8396349413298569 14.3
135.12528944015503  seconds  2.5846892989406154 0.8396349413298569 17.3
136.15924191474915  seconds  2.5846892989406154 0.8396349413298569 16.3
135.96162104606628  seconds  2.5846892989406154 0.8396349413298569 1.4000000000000001
137.76994824409485  seconds  2.5846892989406154 0.8396349413298569 2.4000000000000004
158.04954862594604  seconds  2.5846892989406154 0.8396349413298569 12.3
140.26429176330566  seconds  2.5846892989406154 0.8396349413298569 19.3
169.80337357521057  seconds  2.5846892989406154 0.8396349413298569 10.3
134.12994384765625  seconds  2.5846892989406154 0.8396349413298569 18.3
107.79598736763  seconds  2.5846892989406154 0.8396349413298569 5.7
107.46068954467773  seconds  2.5846892989406154 0.8396349413298569 15.5
136.77241897583008  seconds  2.5846892989406154 0.8396349413298569 8.4
143.55201625823975  seconds  2.5846892989406154 0.8396349413298569 4.4
142.0479085445404  seconds  2.5846892989406154 0.8396349413298569 9.4
103.70887184143066  seconds  2.5846892989406154 0.8396349413298569 0.8
136.87033534049988  seconds  2.5846892989406154 0.8396349413298569 3.4000000000000004
140.94036269187927  seconds  2.5846892989406154 0.8396349413298569 7.4
140.5853660106659  seconds  2.5846892989406154 0.8396349413298569 6.4
136.76916527748108  seconds  2.5846892989406154 0.8396349413298569 13.4
139.03105068206787  seconds  2.5846892989406154 0.8396349413298569 11.4
136.26298260688782  seconds  2.5846892989406154 0.8396349413298569 14.4
106.73227858543396  seconds  2.5846892989406154 0.8396349413298569 5.800000000000001
106.36174964904785  seconds  2.5846892989406154 0.8396349413298569 15.600000000000001
102.18569111824036  seconds  2.5846892989406154 0.8396349413298569 0.9
161.55100107192993  seconds  2.5846892989406154 0.8396349413298569 16.400000000000002
195.12915539741516  seconds  2.5846892989406154 0.8396349413298569 12.4
200.84504628181458  seconds  2.5846892989406154 0.8396349413298569 2.5
200.99553799629211  seconds  2.5846892989406154 0.8396349413298569 19.400000000000002
201.89960551261902  seconds  2.5846892989406154 0.8396349413298569 18.400000000000002
230.95017099380493  seconds  2.5846892989406154 0.8396349413298569 17.400000000000002
227.40993547439575  seconds  2.5846892989406154 0.8396349413298569 1.5
111.19209504127502  seconds  2.5846892989406154 0.8396349413298569 5.9
190.31487560272217  seconds  2.5846892989406154 0.8396349413298569 3.5
204.35537767410278  seconds  2.5846892989406154 0.8396349413298569 4.5
212.9287874698639  seconds  2.5846892989406154 0.8396349413298569 8.5
110.62526226043701  seconds  2.5846892989406154 0.8396349413298569 15.700000000000001
211.01413464546204  seconds  2.5846892989406154 0.8396349413298569 9.5
206.50646424293518  seconds  2.5846892989406154 0.8396349413298569 7.5
202.46330571174622  seconds  2.5846892989406154 0.8396349413298569 6.5
255.78153252601624  seconds  2.5846892989406154 0.8396349413298569 10.4
200.34774088859558  seconds  2.5846892989406154 0.8396349413298569 13.5
213.47836756706238  seconds  2.5846892989406154 0.8396349413298569 11.5
172.28933835029602  seconds  2.5846892989406154 0.8396349413298569 16.5
246.44596076011658  seconds  2.5846892989406154 0.8396349413298569 14.5
142.48886609077454  seconds  2.5846892989406154 0.8396349413298569 2.6
106.74411058425903  seconds  2.5846892989406154 0.8396349413298569 3.6
106.64289331436157  seconds  2.5846892989406154 0.8396349413298569 15.8
141.67009687423706  seconds  2.5846892989406154 0.8396349413298569 18.5
147.5626711845398  seconds  2.5846892989406154 0.8396349413298569 19.5
142.793447971344  seconds  2.5846892989406154 0.8396349413298569 17.5
143.47756457328796  seconds  2.5846892989406154 0.8396349413298569 1.6
133.88158869743347  seconds  2.5846892989406154 0.8396349413298569 4.6000000000000005
136.27437043190002  seconds  2.5846892989406154 0.8396349413298569 8.6
135.78130054473877  seconds  2.5846892989406154 0.8396349413298569 9.600000000000001
138.39120507240295  seconds  2.5846892989406154 0.8396349413298569 7.6000000000000005
137.69485902786255  seconds  2.5846892989406154 0.8396349413298569 6.6000000000000005
137.15883564949036  seconds  2.5846892989406154 0.8396349413298569 10.5
134.79903936386108  seconds  2.5846892989406154 0.8396349413298569 13.600000000000001
213.9561321735382  seconds  2.5846892989406154 0.8396349413298569 12.5
136.61167526245117  seconds  2.5846892989406154 0.8396349413298569 11.600000000000001
104.25032305717468  seconds  2.5846892989406154 0.8396349413298569 3.7
104.33997440338135  seconds  2.5846892989406154 0.8396349413298569 15.9
141.23022890090942  seconds  2.5846892989406154 0.8396349413298569 16.6
137.87493324279785  seconds  2.5846892989406154 0.8396349413298569 14.600000000000001
136.16124296188354  seconds  2.5846892989406154 0.8396349413298569 2.7
129.81271600723267  seconds  2.5846892989406154 0.8396349413298569 17.6
141.2215611934662  seconds  2.5846892989406154 0.8396349413298569 18.6
142.54091835021973  seconds  2.5846892989406154 0.8396349413298569 19.6
138.4289047718048  seconds  2.5846892989406154 0.8396349413298569 1.7000000000000002
131.76487278938293  seconds  2.5846892989406154 0.8396349413298569 4.7
135.43681263923645  seconds  2.5846892989406154 0.8396349413298569 8.700000000000001
129.36389756202698  seconds  2.5846892989406154 0.8396349413298569 9.700000000000001
132.48712253570557  seconds  2.5846892989406154 0.8396349413298569 7.7
132.24227619171143  seconds  2.5846892989406154 0.8396349413298569 6.7
131.50453901290894  seconds  2.5846892989406154 0.8396349413298569 10.600000000000001
132.1497654914856  seconds  2.5846892989406154 0.8396349413298569 12.600000000000001
135.52858114242554  seconds  2.5846892989406154 0.8396349413298569 13.700000000000001
103.04005813598633  seconds  2.5846892989406154 0.8396349413298569 3.8000000000000003
138.28695511817932  seconds  2.5846892989406154 0.8396349413298569 11.700000000000001
134.47591304779053  seconds  2.5846892989406154 0.8396349413298569 16.7
131.9045045375824  seconds  2.5846892989406154 0.8396349413298569 14.700000000000001
130.1948504447937  seconds  2.5846892989406154 0.8396349413298569 2.8000000000000003
133.73500657081604  seconds  2.5846892989406154 0.8396349413298569 17.7
132.85062718391418  seconds  2.5846892989406154 0.8396349413298569 18.7
135.4645049571991  seconds  2.5846892989406154 0.8396349413298569 19.700000000000003
132.19884610176086  seconds  2.5846892989406154 0.8396349413298569 4.800000000000001
134.02267003059387  seconds  2.5846892989406154 0.8396349413298569 1.8
134.5158030986786  seconds  2.5846892989406154 0.8396349413298569 8.8
131.97653722763062  seconds  2.5846892989406154 0.8396349413298569 9.8
102.26878499984741  seconds  2.5846892989406154 0.8396349413298569 3.9000000000000004
131.5639307498932  seconds  2.5846892989406154 0.8396349413298569 7.800000000000001
131.72881317138672  seconds  2.5846892989406154 0.8396349413298569 6.800000000000001
134.33504343032837  seconds  2.5846892989406154 0.8396349413298569 10.700000000000001
130.2686882019043  seconds  2.5846892989406154 0.8396349413298569 13.8
137.975035905838  seconds  2.5846892989406154 0.8396349413298569 12.700000000000001
139.8043508529663  seconds  2.5846892989406154 0.8396349413298569 11.8
131.82338738441467  seconds  2.5846892989406154 0.8396349413298569 16.8
129.44143080711365  seconds  2.5846892989406154 0.8396349413298569 2.9000000000000004
138.83942699432373  seconds  2.5846892989406154 0.8396349413298569 14.8
132.60822439193726  seconds  2.5846892989406154 0.8396349413298569 17.8
129.62630653381348  seconds  2.5846892989406154 0.8396349413298569 18.8
130.75456070899963  seconds  2.5846892989406154 0.8396349413298569 19.8
130.98630809783936  seconds  2.5846892989406154 0.8396349413298569 1.9000000000000001
135.4816393852234  seconds  2.5846892989406154 0.8396349413298569 4.9
133.34444952011108  seconds  2.5846892989406154 0.8396349413298569 8.9
134.56189131736755  seconds  2.5846892989406154 0.8396349413298569 9.9
130.36493134498596  seconds  2.5846892989406154 0.8396349413298569 7.9
130.9117419719696  seconds  2.5846892989406154 0.8396349413298569 6.9
132.78536295890808  seconds  2.5846892989406154 0.8396349413298569 10.8
128.45603442192078  seconds  2.5846892989406154 0.8396349413298569 13.9
126.33405232429504  seconds  2.5846892989406154 0.8396349413298569 12.8
124.8796317577362  seconds  2.5846892989406154 0.8396349413298569 11.9
120.92724823951721  seconds  2.5846892989406154 0.8396349413298569 16.900000000000002
114.68452954292297  seconds  2.5846892989406154 0.8396349413298569 14.9
113.78203248977661  seconds  2.5846892989406154 0.8396349413298569 17.900000000000002
112.98635506629944  seconds  2.5846892989406154 0.8396349413298569 18.900000000000002
114.08827757835388  seconds  2.5846892989406154 0.8396349413298569 19.900000000000002
102.00658082962036  seconds  2.5846892989406154 0.8396349413298569 10.9
103.31365180015564  seconds  2.5846892989406154 0.8396349413298569 12.9
time for calc.... 1802.7986512184143
energy at the point.. 2.5337077240684835 1.1368970013037814  is  2.067935501059992e-06
200 the points 10 chunk numtheads
starting with calculation of Sigma
112.19245719909668  seconds  2.5337077240684835 1.1368970013037814 0.0
114.07822465896606  seconds  2.5337077240684835 1.1368970013037814 1.0
115.28916072845459  seconds  2.5337077240684835 1.1368970013037814 2.0
119.04769778251648  seconds  2.5337077240684835 1.1368970013037814 3.0
117.16697931289673  seconds  2.5337077240684835 1.1368970013037814 4.0
107.4123158454895  seconds  2.5337077240684835 1.1368970013037814 6.0
120.36345553398132  seconds  2.5337077240684835 1.1368970013037814 5.0
108.24454808235168  seconds  2.5337077240684835 1.1368970013037814 7.0
107.80229640007019  seconds  2.5337077240684835 1.1368970013037814 9.0
121.07897520065308  seconds  2.5337077240684835 1.1368970013037814 8.0
109.24539518356323  seconds  2.5337077240684835 1.1368970013037814 12.0
131.37962794303894  seconds  2.5337077240684835 1.1368970013037814 10.0
125.8290286064148  seconds  2.5337077240684835 1.1368970013037814 11.0
112.60527324676514  seconds  2.5337077240684835 1.1368970013037814 13.0
126.38990688323975  seconds  2.5337077240684835 1.1368970013037814 0.1
127.90061807632446  seconds  2.5337077240684835 1.1368970013037814 14.0
126.65327644348145  seconds  2.5337077240684835 1.1368970013037814 1.1
130.14501905441284  seconds  2.5337077240684835 1.1368970013037814 15.0
130.75763130187988  seconds  2.5337077240684835 1.1368970013037814 2.1
111.81390428543091  seconds  2.5337077240684835 1.1368970013037814 6.1000000000000005
130.3505470752716  seconds  2.5337077240684835 1.1368970013037814 3.1
111.04215097427368  seconds  2.5337077240684835 1.1368970013037814 7.1000000000000005
134.78721404075623  seconds  2.5337077240684835 1.1368970013037814 16.0
130.2182102203369  seconds  2.5337077240684835 1.1368970013037814 4.1000000000000005
138.98222708702087  seconds  2.5337077240684835 1.1368970013037814 17.0
110.28850889205933  seconds  2.5337077240684835 1.1368970013037814 9.1
130.31246328353882  seconds  2.5337077240684835 1.1368970013037814 5.1000000000000005
135.32266783714294  seconds  2.5337077240684835 1.1368970013037814 18.0
132.03557872772217  seconds  2.5337077240684835 1.1368970013037814 19.0
111.16182470321655  seconds  2.5337077240684835 1.1368970013037814 12.100000000000001
136.22810244560242  seconds  2.5337077240684835 1.1368970013037814 8.1
111.10321402549744  seconds  2.5337077240684835 1.1368970013037814 13.100000000000001
130.60639715194702  seconds  2.5337077240684835 1.1368970013037814 10.100000000000001
129.96501994132996  seconds  2.5337077240684835 1.1368970013037814 11.100000000000001
130.41225266456604  seconds  2.5337077240684835 1.1368970013037814 0.2
130.08025336265564  seconds  2.5337077240684835 1.1368970013037814 14.100000000000001
113.02839255332947  seconds  2.5337077240684835 1.1368970013037814 6.2
129.73775959014893  seconds  2.5337077240684835 1.1368970013037814 1.2000000000000002
111.07488703727722  seconds  2.5337077240684835 1.1368970013037814 7.2
129.72744798660278  seconds  2.5337077240684835 1.1368970013037814 15.100000000000001
127.52139115333557  seconds  2.5337077240684835 1.1368970013037814 2.2
112.57477760314941  seconds  2.5337077240684835 1.1368970013037814 9.200000000000001
129.67552304267883  seconds  2.5337077240684835 1.1368970013037814 16.1
131.87160873413086  seconds  2.5337077240684835 1.1368970013037814 3.2
129.80533003807068  seconds  2.5337077240684835 1.1368970013037814 4.2
129.24751567840576  seconds  2.5337077240684835 1.1368970013037814 18.1
109.74005055427551  seconds  2.5337077240684835 1.1368970013037814 12.200000000000001
129.74307441711426  seconds  2.5337077240684835 1.1368970013037814 19.1
142.79954171180725  seconds  2.5337077240684835 1.1368970013037814 17.1
142.6353120803833  seconds  2.5337077240684835 1.1368970013037814 5.2
111.1022093296051  seconds  2.5337077240684835 1.1368970013037814 13.200000000000001
128.68741011619568  seconds  2.5337077240684835 1.1368970013037814 8.200000000000001
133.1262423992157  seconds  2.5337077240684835 1.1368970013037814 10.200000000000001
132.29278922080994  seconds  2.5337077240684835 1.1368970013037814 11.200000000000001
111.83917999267578  seconds  2.5337077240684835 1.1368970013037814 6.300000000000001
110.62272715568542  seconds  2.5337077240684835 1.1368970013037814 7.300000000000001
129.23333072662354  seconds  2.5337077240684835 1.1368970013037814 0.30000000000000004
128.288183927536  seconds  2.5337077240684835 1.1368970013037814 1.3
134.72511672973633  seconds  2.5337077240684835 1.1368970013037814 14.200000000000001
109.11628794670105  seconds  2.5337077240684835 1.1368970013037814 9.3
126.51780843734741  seconds  2.5337077240684835 1.1368970013037814 2.3000000000000003
131.78793334960938  seconds  2.5337077240684835 1.1368970013037814 15.200000000000001
129.19670510292053  seconds  2.5337077240684835 1.1368970013037814 3.3000000000000003
133.9939832687378  seconds  2.5337077240684835 1.1368970013037814 16.2
129.05597949028015  seconds  2.5337077240684835 1.1368970013037814 4.3
112.0438232421875  seconds  2.5337077240684835 1.1368970013037814 12.3
127.95292043685913  seconds  2.5337077240684835 1.1368970013037814 18.2
109.7662513256073  seconds  2.5337077240684835 1.1368970013037814 13.3
128.91476488113403  seconds  2.5337077240684835 1.1368970013037814 19.200000000000003
133.01982879638672  seconds  2.5337077240684835 1.1368970013037814 5.300000000000001
135.3330249786377  seconds  2.5337077240684835 1.1368970013037814 17.2
136.5381772518158  seconds  2.5337077240684835 1.1368970013037814 8.3
110.26220893859863  seconds  2.5337077240684835 1.1368970013037814 6.4
109.73890566825867  seconds  2.5337077240684835 1.1368970013037814 7.4
130.79604029655457  seconds  2.5337077240684835 1.1368970013037814 10.3
132.1575539112091  seconds  2.5337077240684835 1.1368970013037814 11.3
107.86068367958069  seconds  2.5337077240684835 1.1368970013037814 9.4
138.46733140945435  seconds  2.5337077240684835 1.1368970013037814 0.4
134.9238519668579  seconds  2.5337077240684835 1.1368970013037814 1.4000000000000001
137.06277012825012  seconds  2.5337077240684835 1.1368970013037814 14.3
130.93342304229736  seconds  2.5337077240684835 1.1368970013037814 15.3
110.34213709831238  seconds  2.5337077240684835 1.1368970013037814 12.4
134.14098691940308  seconds  2.5337077240684835 1.1368970013037814 2.4000000000000004
110.84234762191772  seconds  2.5337077240684835 1.1368970013037814 13.4
131.67134928703308  seconds  2.5337077240684835 1.1368970013037814 3.4000000000000004
129.4908423423767  seconds  2.5337077240684835 1.1368970013037814 16.3
129.50795817375183  seconds  2.5337077240684835 1.1368970013037814 4.4
132.3575098514557  seconds  2.5337077240684835 1.1368970013037814 18.3
132.73629665374756  seconds  2.5337077240684835 1.1368970013037814 19.3
130.23159432411194  seconds  2.5337077240684835 1.1368970013037814 5.4
132.6392765045166  seconds  2.5337077240684835 1.1368970013037814 17.3
111.15776109695435  seconds  2.5337077240684835 1.1368970013037814 6.5
129.03878903388977  seconds  2.5337077240684835 1.1368970013037814 8.4
110.52760148048401  seconds  2.5337077240684835 1.1368970013037814 7.5
110.25036525726318  seconds  2.5337077240684835 1.1368970013037814 9.5
131.71320152282715  seconds  2.5337077240684835 1.1368970013037814 10.4
135.73805785179138  seconds  2.5337077240684835 1.1368970013037814 11.4
110.45211219787598  seconds  2.5337077240684835 1.1368970013037814 12.5
131.2049844264984  seconds  2.5337077240684835 1.1368970013037814 0.5
129.6639838218689  seconds  2.5337077240684835 1.1368970013037814 1.5
130.98114943504333  seconds  2.5337077240684835 1.1368970013037814 14.4
116.93093585968018  seconds  2.5337077240684835 1.1368970013037814 13.5
136.77240991592407  seconds  2.5337077240684835 1.1368970013037814 15.4
136.659277677536  seconds  2.5337077240684835 1.1368970013037814 2.5
131.04201769828796  seconds  2.5337077240684835 1.1368970013037814 16.400000000000002
130.68790531158447  seconds  2.5337077240684835 1.1368970013037814 4.5
133.45235347747803  seconds  2.5337077240684835 1.1368970013037814 3.5
129.112642288208  seconds  2.5337077240684835 1.1368970013037814 18.400000000000002
110.04626202583313  seconds  2.5337077240684835 1.1368970013037814 6.6000000000000005
130.61871480941772  seconds  2.5337077240684835 1.1368970013037814 19.400000000000002
109.67425060272217  seconds  2.5337077240684835 1.1368970013037814 7.6000000000000005
133.9104506969452  seconds  2.5337077240684835 1.1368970013037814 5.5
131.45912742614746  seconds  2.5337077240684835 1.1368970013037814 17.400000000000002
111.0325403213501  seconds  2.5337077240684835 1.1368970013037814 9.600000000000001
132.47990584373474  seconds  2.5337077240684835 1.1368970013037814 8.5
132.48804187774658  seconds  2.5337077240684835 1.1368970013037814 10.5
110.24186706542969  seconds  2.5337077240684835 1.1368970013037814 12.600000000000001
133.3762822151184  seconds  2.5337077240684835 1.1368970013037814 11.5
108.8569540977478  seconds  2.5337077240684835 1.1368970013037814 13.600000000000001
127.61811089515686  seconds  2.5337077240684835 1.1368970013037814 0.6000000000000001
143.4512894153595  seconds  2.5337077240684835 1.1368970013037814 1.6
133.77062487602234  seconds  2.5337077240684835 1.1368970013037814 15.5
143.9180827140808  seconds  2.5337077240684835 1.1368970013037814 14.5
134.02238774299622  seconds  2.5337077240684835 1.1368970013037814 2.6
132.12490892410278  seconds  2.5337077240684835 1.1368970013037814 16.5
133.5729477405548  seconds  2.5337077240684835 1.1368970013037814 4.6000000000000005
109.88246273994446  seconds  2.5337077240684835 1.1368970013037814 7.7
113.20158410072327  seconds  2.5337077240684835 1.1368970013037814 6.7
136.60326766967773  seconds  2.5337077240684835 1.1368970013037814 3.6
132.8386034965515  seconds  2.5337077240684835 1.1368970013037814 18.5
114.86558079719543  seconds  2.5337077240684835 1.1368970013037814 9.700000000000001
133.75185012817383  seconds  2.5337077240684835 1.1368970013037814 19.5
134.0328426361084  seconds  2.5337077240684835 1.1368970013037814 17.5
136.90958666801453  seconds  2.5337077240684835 1.1368970013037814 5.6000000000000005
112.26495265960693  seconds  2.5337077240684835 1.1368970013037814 12.700000000000001
137.93423438072205  seconds  2.5337077240684835 1.1368970013037814 8.6
133.24387216567993  seconds  2.5337077240684835 1.1368970013037814 10.600000000000001
115.4040699005127  seconds  2.5337077240684835 1.1368970013037814 13.700000000000001
135.7351369857788  seconds  2.5337077240684835 1.1368970013037814 11.600000000000001
132.524316072464  seconds  2.5337077240684835 1.1368970013037814 0.7000000000000001
113.01449728012085  seconds  2.5337077240684835 1.1368970013037814 6.800000000000001
133.34695386886597  seconds  2.5337077240684835 1.1368970013037814 1.7000000000000002
114.22882103919983  seconds  2.5337077240684835 1.1368970013037814 7.800000000000001
133.44995427131653  seconds  2.5337077240684835 1.1368970013037814 2.7
136.42568731307983  seconds  2.5337077240684835 1.1368970013037814 15.600000000000001
134.97208666801453  seconds  2.5337077240684835 1.1368970013037814 14.600000000000001
133.19782376289368  seconds  2.5337077240684835 1.1368970013037814 16.6
109.83684802055359  seconds  2.5337077240684835 1.1368970013037814 9.8
134.42433094978333  seconds  2.5337077240684835 1.1368970013037814 4.7
132.9835193157196  seconds  2.5337077240684835 1.1368970013037814 3.7
137.09904861450195  seconds  2.5337077240684835 1.1368970013037814 18.6
135.12325286865234  seconds  2.5337077240684835 1.1368970013037814 19.6
113.61290526390076  seconds  2.5337077240684835 1.1368970013037814 12.8
136.98387694358826  seconds  2.5337077240684835 1.1368970013037814 17.6
140.15366077423096  seconds  2.5337077240684835 1.1368970013037814 5.7
113.64581871032715  seconds  2.5337077240684835 1.1368970013037814 13.8
132.69901371002197  seconds  2.5337077240684835 1.1368970013037814 8.700000000000001
133.59424233436584  seconds  2.5337077240684835 1.1368970013037814 10.700000000000001
133.44927048683167  seconds  2.5337077240684835 1.1368970013037814 11.700000000000001
112.3168637752533  seconds  2.5337077240684835 1.1368970013037814 6.9
114.39645314216614  seconds  2.5337077240684835 1.1368970013037814 7.9
133.95621132850647  seconds  2.5337077240684835 1.1368970013037814 0.8
109.69765377044678  seconds  2.5337077240684835 1.1368970013037814 9.9
132.09800696372986  seconds  2.5337077240684835 1.1368970013037814 1.8
136.70724368095398  seconds  2.5337077240684835 1.1368970013037814 14.700000000000001
137.7188515663147  seconds  2.5337077240684835 1.1368970013037814 15.700000000000001
138.7284815311432  seconds  2.5337077240684835 1.1368970013037814 2.8000000000000003
136.5503556728363  seconds  2.5337077240684835 1.1368970013037814 16.7
132.38954877853394  seconds  2.5337077240684835 1.1368970013037814 3.8000000000000003
136.93704557418823  seconds  2.5337077240684835 1.1368970013037814 4.800000000000001
107.54186391830444  seconds  2.5337077240684835 1.1368970013037814 12.9
133.84087443351746  seconds  2.5337077240684835 1.1368970013037814 18.7
107.83416867256165  seconds  2.5337077240684835 1.1368970013037814 13.9
135.48967218399048  seconds  2.5337077240684835 1.1368970013037814 19.700000000000003
136.71651434898376  seconds  2.5337077240684835 1.1368970013037814 17.7
134.8666844367981  seconds  2.5337077240684835 1.1368970013037814 5.800000000000001
138.3221242427826  seconds  2.5337077240684835 1.1368970013037814 8.8
135.58695268630981  seconds  2.5337077240684835 1.1368970013037814 10.8
134.8700520992279  seconds  2.5337077240684835 1.1368970013037814 11.8
132.7652416229248  seconds  2.5337077240684835 1.1368970013037814 0.9
138.06083822250366  seconds  2.5337077240684835 1.1368970013037814 1.9000000000000001
133.8312361240387  seconds  2.5337077240684835 1.1368970013037814 14.8
134.9142234325409  seconds  2.5337077240684835 1.1368970013037814 2.9000000000000004
135.99574041366577  seconds  2.5337077240684835 1.1368970013037814 15.8
133.9986629486084  seconds  2.5337077240684835 1.1368970013037814 16.8
133.76626992225647  seconds  2.5337077240684835 1.1368970013037814 3.9000000000000004
131.94505286216736  seconds  2.5337077240684835 1.1368970013037814 4.9
128.38449335098267  seconds  2.5337077240684835 1.1368970013037814 18.8
131.26429414749146  seconds  2.5337077240684835 1.1368970013037814 19.8
128.44970607757568  seconds  2.5337077240684835 1.1368970013037814 17.8
130.82193851470947  seconds  2.5337077240684835 1.1368970013037814 5.9
125.16759300231934  seconds  2.5337077240684835 1.1368970013037814 8.9
123.84101033210754  seconds  2.5337077240684835 1.1368970013037814 10.9
124.55802154541016  seconds  2.5337077240684835 1.1368970013037814 11.9
113.84681034088135  seconds  2.5337077240684835 1.1368970013037814 14.9
112.66714835166931  seconds  2.5337077240684835 1.1368970013037814 15.9
115.40258884429932  seconds  2.5337077240684835 1.1368970013037814 16.900000000000002
110.75639867782593  seconds  2.5337077240684835 1.1368970013037814 18.900000000000002
109.42424368858337  seconds  2.5337077240684835 1.1368970013037814 19.900000000000002
110.49689078330994  seconds  2.5337077240684835 1.1368970013037814 17.900000000000002
time for calc.... 1503.5478744506836
energy at the point.. 2.421355054487129 1.409821816601478  is  6.066433012819061e-06
200 the points 10 chunk numtheads
starting with calculation of Sigma
104.76146745681763  seconds  2.421355054487129 1.409821816601478 0.0
106.24662327766418  seconds  2.421355054487129 1.409821816601478 1.0
102.06964659690857  seconds  2.421355054487129 1.409821816601478 2.0
111.8628602027893  seconds  2.421355054487129 1.409821816601478 3.0
105.14787721633911  seconds  2.421355054487129 1.409821816601478 4.0
114.9870970249176  seconds  2.421355054487129 1.409821816601478 5.0
109.26516652107239  seconds  2.421355054487129 1.409821816601478 6.0
109.07875227928162  seconds  2.421355054487129 1.409821816601478 7.0
125.87697887420654  seconds  2.421355054487129 1.409821816601478 8.0
123.78840589523315  seconds  2.421355054487129 1.409821816601478 9.0
124.70164275169373  seconds  2.421355054487129 1.409821816601478 10.0
126.94044923782349  seconds  2.421355054487129 1.409821816601478 11.0
109.76803183555603  seconds  2.421355054487129 1.409821816601478 2.1
125.85240650177002  seconds  2.421355054487129 1.409821816601478 0.1
126.51999616622925  seconds  2.421355054487129 1.409821816601478 12.0
126.49237155914307  seconds  2.421355054487129 1.409821816601478 1.1
128.7713282108307  seconds  2.421355054487129 1.409821816601478 13.0
128.95889496803284  seconds  2.421355054487129 1.409821816601478 14.0
115.12955641746521  seconds  2.421355054487129 1.409821816601478 16.0
118.08623957633972  seconds  2.421355054487129 1.409821816601478 4.1000000000000005
131.07691049575806  seconds  2.421355054487129 1.409821816601478 15.0
129.3488805294037  seconds  2.421355054487129 1.409821816601478 3.1
116.0364601612091  seconds  2.421355054487129 1.409821816601478 6.1000000000000005
129.89043593406677  seconds  2.421355054487129 1.409821816601478 17.0
109.06680226325989  seconds  2.421355054487129 1.409821816601478 7.1000000000000005
130.07332253456116  seconds  2.421355054487129 1.409821816601478 5.1000000000000005
133.13329029083252  seconds  2.421355054487129 1.409821816601478 18.0
134.84417271614075  seconds  2.421355054487129 1.409821816601478 19.0
131.62448573112488  seconds  2.421355054487129 1.409821816601478 8.1
109.9741792678833  seconds  2.421355054487129 1.409821816601478 2.2
133.98682761192322  seconds  2.421355054487129 1.409821816601478 9.1
139.60838985443115  seconds  2.421355054487129 1.409821816601478 10.100000000000001
131.1392571926117  seconds  2.421355054487129 1.409821816601478 11.100000000000001
128.79306173324585  seconds  2.421355054487129 1.409821816601478 0.2
130.75488328933716  seconds  2.421355054487129 1.409821816601478 12.100000000000001
126.19924974441528  seconds  2.421355054487129 1.409821816601478 1.2000000000000002
111.55450367927551  seconds  2.421355054487129 1.409821816601478 16.1
110.3391420841217  seconds  2.421355054487129 1.409821816601478 4.2
136.85290217399597  seconds  2.421355054487129 1.409821816601478 13.100000000000001
130.2015254497528  seconds  2.421355054487129 1.409821816601478 14.100000000000001
110.8849024772644  seconds  2.421355054487129 1.409821816601478 6.2
112.44759368896484  seconds  2.421355054487129 1.409821816601478 7.2
130.4184455871582  seconds  2.421355054487129 1.409821816601478 15.100000000000001
130.39797592163086  seconds  2.421355054487129 1.409821816601478 3.2
134.72157049179077  seconds  2.421355054487129 1.409821816601478 17.1
132.7558937072754  seconds  2.421355054487129 1.409821816601478 5.2
129.08794403076172  seconds  2.421355054487129 1.409821816601478 18.1
131.7223756313324  seconds  2.421355054487129 1.409821816601478 19.1
110.21717190742493  seconds  2.421355054487129 1.409821816601478 2.3000000000000003
135.63668274879456  seconds  2.421355054487129 1.409821816601478 8.200000000000001
130.1417920589447  seconds  2.421355054487129 1.409821816601478 9.200000000000001
110.92644453048706  seconds  2.421355054487129 1.409821816601478 16.2
111.04000616073608  seconds  2.421355054487129 1.409821816601478 4.3
133.86212730407715  seconds  2.421355054487129 1.409821816601478 10.200000000000001
129.9436538219452  seconds  2.421355054487129 1.409821816601478 0.30000000000000004
133.87891960144043  seconds  2.421355054487129 1.409821816601478 11.200000000000001
133.76419281959534  seconds  2.421355054487129 1.409821816601478 1.3
136.99930095672607  seconds  2.421355054487129 1.409821816601478 12.200000000000001
111.42400407791138  seconds  2.421355054487129 1.409821816601478 6.300000000000001
110.51045227050781  seconds  2.421355054487129 1.409821816601478 7.300000000000001
129.20636177062988  seconds  2.421355054487129 1.409821816601478 13.200000000000001
133.39156770706177  seconds  2.421355054487129 1.409821816601478 14.200000000000001
131.46470522880554  seconds  2.421355054487129 1.409821816601478 15.200000000000001
130.38410210609436  seconds  2.421355054487129 1.409821816601478 3.3000000000000003
130.81161260604858  seconds  2.421355054487129 1.409821816601478 18.2
140.70403575897217  seconds  2.421355054487129 1.409821816601478 17.2
111.18173956871033  seconds  2.421355054487129 1.409821816601478 2.4000000000000004
135.4084882736206  seconds  2.421355054487129 1.409821816601478 5.300000000000001
134.22725319862366  seconds  2.421355054487129 1.409821816601478 19.200000000000003
111.98567581176758  seconds  2.421355054487129 1.409821816601478 16.3
112.5442864894867  seconds  2.421355054487129 1.409821816601478 4.4
129.30770349502563  seconds  2.421355054487129 1.409821816601478 9.3
137.15468764305115  seconds  2.421355054487129 1.409821816601478 8.3
111.20942831039429  seconds  2.421355054487129 1.409821816601478 6.4
109.64746689796448  seconds  2.421355054487129 1.409821816601478 7.4
129.9131739139557  seconds  2.421355054487129 1.409821816601478 10.3
132.6732475757599  seconds  2.421355054487129 1.409821816601478 0.4
133.37592267990112  seconds  2.421355054487129 1.409821816601478 11.3
130.73588609695435  seconds  2.421355054487129 1.409821816601478 12.3
131.8862292766571  seconds  2.421355054487129 1.409821816601478 1.4000000000000001
129.0266764163971  seconds  2.421355054487129 1.409821816601478 13.3
131.54340720176697  seconds  2.421355054487129 1.409821816601478 14.3
130.35528445243835  seconds  2.421355054487129 1.409821816601478 15.3
128.8135280609131  seconds  2.421355054487129 1.409821816601478 3.4000000000000004
111.03782939910889  seconds  2.421355054487129 1.409821816601478 2.5
132.12050437927246  seconds  2.421355054487129 1.409821816601478 18.3
133.1935737133026  seconds  2.421355054487129 1.409821816601478 17.3
134.7236111164093  seconds  2.421355054487129 1.409821816601478 5.4
110.76089024543762  seconds  2.421355054487129 1.409821816601478 4.5
112.03237295150757  seconds  2.421355054487129 1.409821816601478 16.400000000000002
131.9586582183838  seconds  2.421355054487129 1.409821816601478 19.3
109.77471661567688  seconds  2.421355054487129 1.409821816601478 6.5
111.2133994102478  seconds  2.421355054487129 1.409821816601478 7.5
133.90291380882263  seconds  2.421355054487129 1.409821816601478 9.4
133.00156450271606  seconds  2.421355054487129 1.409821816601478 8.4
133.54433679580688  seconds  2.421355054487129 1.409821816601478 10.4
131.1827609539032  seconds  2.421355054487129 1.409821816601478 0.5
129.31229948997498  seconds  2.421355054487129 1.409821816601478 11.4
131.9680609703064  seconds  2.421355054487129 1.409821816601478 12.4
131.3359682559967  seconds  2.421355054487129 1.409821816601478 1.5
130.4978814125061  seconds  2.421355054487129 1.409821816601478 13.4
129.91416573524475  seconds  2.421355054487129 1.409821816601478 14.4
111.74951601028442  seconds  2.421355054487129 1.409821816601478 2.6
131.67212009429932  seconds  2.421355054487129 1.409821816601478 15.4
132.5247015953064  seconds  2.421355054487129 1.409821816601478 3.5
110.62745928764343  seconds  2.421355054487129 1.409821816601478 4.6000000000000005
110.10471844673157  seconds  2.421355054487129 1.409821816601478 16.5
134.73923206329346  seconds  2.421355054487129 1.409821816601478 18.400000000000002
131.32123136520386  seconds  2.421355054487129 1.409821816601478 5.5
139.044264793396  seconds  2.421355054487129 1.409821816601478 17.400000000000002
109.66022729873657  seconds  2.421355054487129 1.409821816601478 6.6000000000000005
130.7431766986847  seconds  2.421355054487129 1.409821816601478 19.400000000000002
110.95445108413696  seconds  2.421355054487129 1.409821816601478 7.6000000000000005
131.6794822216034  seconds  2.421355054487129 1.409821816601478 9.5
131.91904044151306  seconds  2.421355054487129 1.409821816601478 8.5
129.95299291610718  seconds  2.421355054487129 1.409821816601478 10.5
131.01061844825745  seconds  2.421355054487129 1.409821816601478 11.5
132.76096653938293  seconds  2.421355054487129 1.409821816601478 0.6000000000000001
110.47327184677124  seconds  2.421355054487129 1.409821816601478 2.7
133.86348509788513  seconds  2.421355054487129 1.409821816601478 12.5
134.6679356098175  seconds  2.421355054487129 1.409821816601478 1.6
130.3599271774292  seconds  2.421355054487129 1.409821816601478 13.5
130.33046317100525  seconds  2.421355054487129 1.409821816601478 14.5
130.02301359176636  seconds  2.421355054487129 1.409821816601478 15.5
131.5262153148651  seconds  2.421355054487129 1.409821816601478 3.6
111.09092879295349  seconds  2.421355054487129 1.409821816601478 4.7
113.46569991111755  seconds  2.421355054487129 1.409821816601478 16.6
111.17493748664856  seconds  2.421355054487129 1.409821816601478 6.7
109.84225845336914  seconds  2.421355054487129 1.409821816601478 7.7
131.49177074432373  seconds  2.421355054487129 1.409821816601478 5.6000000000000005
135.77335834503174  seconds  2.421355054487129 1.409821816601478 18.5
133.52169823646545  seconds  2.421355054487129 1.409821816601478 17.5
130.57652044296265  seconds  2.421355054487129 1.409821816601478 19.5
132.51109099388123  seconds  2.421355054487129 1.409821816601478 9.600000000000001
135.118394613266  seconds  2.421355054487129 1.409821816601478 8.6
111.58624815940857  seconds  2.421355054487129 1.409821816601478 2.8000000000000003
130.4438922405243  seconds  2.421355054487129 1.409821816601478 10.600000000000001
130.20825457572937  seconds  2.421355054487129 1.409821816601478 0.7000000000000001
131.63122463226318  seconds  2.421355054487129 1.409821816601478 11.600000000000001
132.24663162231445  seconds  2.421355054487129 1.409821816601478 12.600000000000001
133.13108921051025  seconds  2.421355054487129 1.409821816601478 1.7000000000000002
133.37850403785706  seconds  2.421355054487129 1.409821816601478 13.600000000000001
110.09889006614685  seconds  2.421355054487129 1.409821816601478 4.800000000000001
128.6716718673706  seconds  2.421355054487129 1.409821816601478 14.600000000000001
112.44162631034851  seconds  2.421355054487129 1.409821816601478 16.7
134.37418460845947  seconds  2.421355054487129 1.409821816601478 15.600000000000001
132.8139832019806  seconds  2.421355054487129 1.409821816601478 3.7
113.67353343963623  seconds  2.421355054487129 1.409821816601478 6.800000000000001
113.73546552658081  seconds  2.421355054487129 1.409821816601478 7.800000000000001
132.09337735176086  seconds  2.421355054487129 1.409821816601478 5.7
129.7804250717163  seconds  2.421355054487129 1.409821816601478 17.6
135.8293116092682  seconds  2.421355054487129 1.409821816601478 18.6
131.12472009658813  seconds  2.421355054487129 1.409821816601478 19.6
109.21449518203735  seconds  2.421355054487129 1.409821816601478 2.9000000000000004
129.85742235183716  seconds  2.421355054487129 1.409821816601478 9.700000000000001
133.3931016921997  seconds  2.421355054487129 1.409821816601478 8.700000000000001
130.4878454208374  seconds  2.421355054487129 1.409821816601478 10.700000000000001
128.8542902469635  seconds  2.421355054487129 1.409821816601478 0.8
111.14727663993835  seconds  2.421355054487129 1.409821816601478 4.9
132.06668329238892  seconds  2.421355054487129 1.409821816601478 11.700000000000001
109.22534799575806  seconds  2.421355054487129 1.409821816601478 16.8
129.4428734779358  seconds  2.421355054487129 1.409821816601478 12.700000000000001
128.88764142990112  seconds  2.421355054487129 1.409821816601478 1.8
128.6376633644104  seconds  2.421355054487129 1.409821816601478 14.700000000000001
133.63722586631775  seconds  2.421355054487129 1.409821816601478 13.700000000000001
110.05773830413818  seconds  2.421355054487129 1.409821816601478 7.9
113.8020384311676  seconds  2.421355054487129 1.409821816601478 6.9
129.90701913833618  seconds  2.421355054487129 1.409821816601478 3.8000000000000003
132.90812349319458  seconds  2.421355054487129 1.409821816601478 15.700000000000001
131.75973749160767  seconds  2.421355054487129 1.409821816601478 5.800000000000001
130.1868782043457  seconds  2.421355054487129 1.409821816601478 17.7
132.27794432640076  seconds  2.421355054487129 1.409821816601478 19.700000000000003
140.57568955421448  seconds  2.421355054487129 1.409821816601478 18.7
103.64243626594543  seconds  2.421355054487129 1.409821816601478 16.900000000000002
128.54541182518005  seconds  2.421355054487129 1.409821816601478 9.8
130.15042090415955  seconds  2.421355054487129 1.409821816601478 8.8
131.7879617214203  seconds  2.421355054487129 1.409821816601478 0.9
130.0154049396515  seconds  2.421355054487129 1.409821816601478 11.8
142.14025282859802  seconds  2.421355054487129 1.409821816601478 10.8
129.5229160785675  seconds  2.421355054487129 1.409821816601478 12.8
128.894837141037  seconds  2.421355054487129 1.409821816601478 1.9000000000000001
131.17041754722595  seconds  2.421355054487129 1.409821816601478 14.8
134.63992881774902  seconds  2.421355054487129 1.409821816601478 13.8
128.90961408615112  seconds  2.421355054487129 1.409821816601478 3.9000000000000004
128.3042712211609  seconds  2.421355054487129 1.409821816601478 15.8
127.83948564529419  seconds  2.421355054487129 1.409821816601478 5.9
127.04736232757568  seconds  2.421355054487129 1.409821816601478 17.8
126.89692091941833  seconds  2.421355054487129 1.409821816601478 19.8
133.6335859298706  seconds  2.421355054487129 1.409821816601478 18.8
124.60205483436584  seconds  2.421355054487129 1.409821816601478 9.9
125.1561815738678  seconds  2.421355054487129 1.409821816601478 8.9
123.23772025108337  seconds  2.421355054487129 1.409821816601478 11.9
125.39229130744934  seconds  2.421355054487129 1.409821816601478 10.9
122.36237001419067  seconds  2.421355054487129 1.409821816601478 12.9
118.7395658493042  seconds  2.421355054487129 1.409821816601478 14.9
119.4301369190216  seconds  2.421355054487129 1.409821816601478 13.9
117.45291042327881  seconds  2.421355054487129 1.409821816601478 15.9
112.53759980201721  seconds  2.421355054487129 1.409821816601478 17.900000000000002
107.11208248138428  seconds  2.421355054487129 1.409821816601478 19.900000000000002
102.04744911193848  seconds  2.421355054487129 1.409821816601478 18.900000000000002
time for calc.... 1498.0070598125458
113249.64user 46177.55system 2:44:32elapsed 1614%CPU (0avgtext+0avgdata 25847444maxresident)k
128621680inputs+132872outputs (4046046major+612914456minor)pagefaults 0swaps
