reading lattice from... ./Lattices/sqKgridX6000.npy
reading lattice from... ./Lattices/sqKgridY6000.npy
starting sampling in reciprocal space....
 finished sampling in reciprocal space.... 0.0576322078704834
started calculating filling for chemical potential and dispersion parameters TB_single_band..
reading lattice from... ./Lattices/KgridX400.npy
reading lattice from... ./Lattices/KgridY400.npy
reading lattice from... ./Lattices/KgridX400.npy
reading lattice from... ./Lattices/KgridY400.npy
finished calculating filling for chemical potential
Filling: 0.5021914101708863 .... chemical potential: 29.41164495334965
The fermi energy in mev is: 3064.1164088176356, and in units of J: 296.3362097502549, the bandwidth is:494.39071566731144
reading lattice from... ./Lattices/KgridX6000.npy
reading lattice from... ./Lattices/KgridY6000.npy
reading lattice from... ./Lattices/sqKgridX6000.npy
reading lattice from... ./Lattices/sqKgridY6000.npy
energy at the point.. 2.616965833149795 -0.012168622338113444  is  4.813565695371835e-06
the angle is  -0.0046498637787463866
50 the fermi surface points 2 chunk numtheads
starting with calculation of Sigma
74.62249732017517  seconds  2.616965833149795 -0.012168622338113444 0.0
78.96393418312073  seconds  2.616965833149795 -0.012168622338113444 0.20408163265306123
84.4242353439331  seconds  2.616965833149795 -0.012168622338113444 0.40816326530612246
88.60986518859863  seconds  2.616965833149795 -0.012168622338113444 0.6122448979591837
91.27263259887695  seconds  2.616965833149795 -0.012168622338113444 0.8163265306122449
94.374436378479  seconds  2.616965833149795 -0.012168622338113444 1.0204081632653061
105.03273034095764  seconds  2.616965833149795 -0.012168622338113444 1.2244897959183674
103.03883123397827  seconds  2.616965833149795 -0.012168622338113444 1.4285714285714286
122.4274389743805  seconds  2.616965833149795 -0.012168622338113444 1.6326530612244898
122.58583569526672  seconds  2.616965833149795 -0.012168622338113444 1.836734693877551
137.1916491985321  seconds  2.616965833149795 -0.012168622338113444 2.0408163265306123
135.6242437362671  seconds  2.616965833149795 -0.012168622338113444 2.2448979591836737
144.2943036556244  seconds  2.616965833149795 -0.012168622338113444 2.4489795918367347
146.36095476150513  seconds  2.616965833149795 -0.012168622338113444 0.10204081632653061
154.14598655700684  seconds  2.616965833149795 -0.012168622338113444 2.6530612244897958
151.28329372406006  seconds  2.616965833149795 -0.012168622338113444 0.30612244897959184
161.74945950508118  seconds  2.616965833149795 -0.012168622338113444 2.857142857142857
157.88858270645142  seconds  2.616965833149795 -0.012168622338113444 3.0612244897959187
161.63008522987366  seconds  2.616965833149795 -0.012168622338113444 0.5102040816326531
157.26947116851807  seconds  2.616965833149795 -0.012168622338113444 3.2653061224489797
165.92641758918762  seconds  2.616965833149795 -0.012168622338113444 0.7142857142857143
94.05845522880554  seconds  2.616965833149795 -0.012168622338113444 4.8979591836734695
165.6475534439087  seconds  2.616965833149795 -0.012168622338113444 0.9183673469387755
166.3090901374817  seconds  2.616965833149795 -0.012168622338113444 3.4693877551020407
164.28038930892944  seconds  2.616965833149795 -0.012168622338113444 1.1224489795918369
168.91119861602783  seconds  2.616965833149795 -0.012168622338113444 3.673469387755102
163.08204126358032  seconds  2.616965833149795 -0.012168622338113444 3.8775510204081636
163.70274472236633  seconds  2.616965833149795 -0.012168622338113444 4.081632653061225
169.2891025543213  seconds  2.616965833149795 -0.012168622338113444 1.3265306122448979
170.36687183380127  seconds  2.616965833149795 -0.012168622338113444 1.5306122448979593
166.4093053340912  seconds  2.616965833149795 -0.012168622338113444 4.285714285714286
164.04783844947815  seconds  2.616965833149795 -0.012168622338113444 4.4897959183673475
162.44794869422913  seconds  2.616965833149795 -0.012168622338113444 1.7346938775510203
157.78433847427368  seconds  2.616965833149795 -0.012168622338113444 4.6938775510204085
158.02988982200623  seconds  2.616965833149795 -0.012168622338113444 1.9387755102040818
140.91347813606262  seconds  2.616965833149795 -0.012168622338113444 2.3469387755102042
148.01380610466003  seconds  2.616965833149795 -0.012168622338113444 2.142857142857143
130.94167137145996  seconds  2.616965833149795 -0.012168622338113444 2.5510204081632653
124.54068613052368  seconds  2.616965833149795 -0.012168622338113444 2.7551020408163267
86.48850917816162  seconds  2.616965833149795 -0.012168622338113444 5.0
117.80222582817078  seconds  2.616965833149795 -0.012168622338113444 2.9591836734693877
116.42867183685303  seconds  2.616965833149795 -0.012168622338113444 3.163265306122449
111.31077647209167  seconds  2.616965833149795 -0.012168622338113444 3.36734693877551
102.22348427772522  seconds  2.616965833149795 -0.012168622338113444 3.5714285714285716
97.2021415233612  seconds  2.616965833149795 -0.012168622338113444 3.7755102040816326
98.76523518562317  seconds  2.616965833149795 -0.012168622338113444 3.979591836734694
87.55446028709412  seconds  2.616965833149795 -0.012168622338113444 4.183673469387755
84.1236560344696  seconds  2.616965833149795 -0.012168622338113444 4.387755102040816
79.11722469329834  seconds  2.616965833149795 -0.012168622338113444 4.591836734693878
79.0689685344696  seconds  2.616965833149795 -0.012168622338113444 4.795918367346939
time for calc.... 415.0279932022095
 plotting data from the run ...
saving data from the run ...
energy at the point.. 2.61642751975197 0.2659713168187743  is  6.169288720769828e-06
the angle is  0.10130638257107663
50 the fermi surface points 2 chunk numtheads
starting with calculation of Sigma
78.63231182098389  seconds  2.61642751975197 0.2659713168187743 0.0
81.08273410797119  seconds  2.61642751975197 0.2659713168187743 0.20408163265306123
81.78836560249329  seconds  2.61642751975197 0.2659713168187743 0.40816326530612246
88.44476675987244  seconds  2.61642751975197 0.2659713168187743 0.6122448979591837
94.61529469490051  seconds  2.61642751975197 0.2659713168187743 0.8163265306122449
95.52518486976624  seconds  2.61642751975197 0.2659713168187743 1.0204081632653061
99.29007697105408  seconds  2.61642751975197 0.2659713168187743 1.2244897959183674
102.62685012817383  seconds  2.61642751975197 0.2659713168187743 1.4285714285714286
102.45201373100281  seconds  2.61642751975197 0.2659713168187743 1.6326530612244898
126.29921960830688  seconds  2.61642751975197 0.2659713168187743 1.836734693877551
138.37413001060486  seconds  2.61642751975197 0.2659713168187743 2.0408163265306123
138.92507338523865  seconds  2.61642751975197 0.2659713168187743 2.2448979591836737
136.78973531723022  seconds  2.61642751975197 0.2659713168187743 2.4489795918367347
145.71141386032104  seconds  2.61642751975197 0.2659713168187743 2.6530612244897958
146.67373633384705  seconds  2.61642751975197 0.2659713168187743 0.10204081632653061
150.3422179222107  seconds  2.61642751975197 0.2659713168187743 2.857142857142857
164.97863340377808  seconds  2.61642751975197 0.2659713168187743 0.30612244897959184
161.52274990081787  seconds  2.61642751975197 0.2659713168187743 3.0612244897959187
163.1778495311737  seconds  2.61642751975197 0.2659713168187743 0.5102040816326531
155.0137801170349  seconds  2.61642751975197 0.2659713168187743 3.2653061224489797
163.4645516872406  seconds  2.61642751975197 0.2659713168187743 0.7142857142857143
102.83681607246399  seconds  2.61642751975197 0.2659713168187743 4.8979591836734695
164.20248460769653  seconds  2.61642751975197 0.2659713168187743 3.4693877551020407
158.6060016155243  seconds  2.61642751975197 0.2659713168187743 3.673469387755102
166.1573760509491  seconds  2.61642751975197 0.2659713168187743 0.9183673469387755
160.3500714302063  seconds  2.61642751975197 0.2659713168187743 1.1224489795918369
162.88263273239136  seconds  2.61642751975197 0.2659713168187743 3.8775510204081636
164.14448618888855  seconds  2.61642751975197 0.2659713168187743 1.3265306122448979
163.89212775230408  seconds  2.61642751975197 0.2659713168187743 4.081632653061225
153.7479202747345  seconds  2.61642751975197 0.2659713168187743 4.285714285714286
164.50693440437317  seconds  2.61642751975197 0.2659713168187743 1.5306122448979593
161.51446723937988  seconds  2.61642751975197 0.2659713168187743 1.7346938775510203
151.92528223991394  seconds  2.61642751975197 0.2659713168187743 4.6938775510204085
159.70544838905334  seconds  2.61642751975197 0.2659713168187743 4.4897959183673475
141.34777164459229  seconds  2.61642751975197 0.2659713168187743 1.9387755102040818
139.1846146583557  seconds  2.61642751975197 0.2659713168187743 2.142857142857143
132.88547039031982  seconds  2.61642751975197 0.2659713168187743 2.3469387755102042
133.20985388755798  seconds  2.61642751975197 0.2659713168187743 2.5510204081632653
120.61955785751343  seconds  2.61642751975197 0.2659713168187743 2.7551020408163267
119.506263256073  seconds  2.61642751975197 0.2659713168187743 2.9591836734693877
107.14091658592224  seconds  2.61642751975197 0.2659713168187743 3.163265306122449
87.16423201560974  seconds  2.61642751975197 0.2659713168187743 5.0
105.2251307964325  seconds  2.61642751975197 0.2659713168187743 3.36734693877551
91.01721572875977  seconds  2.61642751975197 0.2659713168187743 3.5714285714285716
90.16489815711975  seconds  2.61642751975197 0.2659713168187743 3.7755102040816326
85.45768332481384  seconds  2.61642751975197 0.2659713168187743 3.979591836734694
84.52981066703796  seconds  2.61642751975197 0.2659713168187743 4.183673469387755
87.42956972122192  seconds  2.61642751975197 0.2659713168187743 4.387755102040816
81.26701974868774  seconds  2.61642751975197 0.2659713168187743 4.795918367346939
81.77639651298523  seconds  2.61642751975197 0.2659713168187743 4.591836734693878
time for calc.... 403.03135919570923
 plotting data from the run ...
saving data from the run ...
energy at the point.. 2.612699153466239 0.5406345067362022  is  7.400112771449585e-06
the angle is  0.20404589651971108
50 the fermi surface points 2 chunk numtheads
starting with calculation of Sigma
72.21071887016296  seconds  2.612699153466239 0.5406345067362022 0.0
78.59501814842224  seconds  2.612699153466239 0.5406345067362022 0.20408163265306123
78.72364401817322  seconds  2.612699153466239 0.5406345067362022 0.40816326530612246
82.9557409286499  seconds  2.612699153466239 0.5406345067362022 0.6122448979591837
87.88747262954712  seconds  2.612699153466239 0.5406345067362022 0.8163265306122449
90.7564914226532  seconds  2.612699153466239 0.5406345067362022 1.0204081632653061
99.169269323349  seconds  2.612699153466239 0.5406345067362022 1.2244897959183674
100.88258457183838  seconds  2.612699153466239 0.5406345067362022 1.4285714285714286
108.88528323173523  seconds  2.612699153466239 0.5406345067362022 1.6326530612244898
106.20344424247742  seconds  2.612699153466239 0.5406345067362022 1.836734693877551
115.66101694107056  seconds  2.612699153466239 0.5406345067362022 2.0408163265306123
130.69373989105225  seconds  2.612699153466239 0.5406345067362022 2.2448979591836737
132.19436478614807  seconds  2.612699153466239 0.5406345067362022 0.10204081632653061
135.17019844055176  seconds  2.612699153466239 0.5406345067362022 2.4489795918367347
132.22391080856323  seconds  2.612699153466239 0.5406345067362022 0.30612244897959184
140.41696000099182  seconds  2.612699153466239 0.5406345067362022 2.6530612244897958
134.79618906974792  seconds  2.612699153466239 0.5406345067362022 0.5102040816326531
138.52042627334595  seconds  2.612699153466239 0.5406345067362022 2.857142857142857
140.66750741004944  seconds  2.612699153466239 0.5406345067362022 3.0612244897959187
143.6722137928009  seconds  2.612699153466239 0.5406345067362022 0.7142857142857143
140.5826334953308  seconds  2.612699153466239 0.5406345067362022 3.2653061224489797
143.39920020103455  seconds  2.612699153466239 0.5406345067362022 0.9183673469387755
145.0310821533203  seconds  2.612699153466239 0.5406345067362022 3.4693877551020407
143.2539393901825  seconds  2.612699153466239 0.5406345067362022 1.1224489795918369
141.8230369091034  seconds  2.612699153466239 0.5406345067362022 3.673469387755102
95.67808866500854  seconds  2.612699153466239 0.5406345067362022 4.6938775510204085
94.45099306106567  seconds  2.612699153466239 0.5406345067362022 4.8979591836734695
145.5596854686737  seconds  2.612699153466239 0.5406345067362022 3.8775510204081636
142.6870927810669  seconds  2.612699153466239 0.5406345067362022 1.3265306122448979
137.50859451293945  seconds  2.612699153466239 0.5406345067362022 1.5306122448979593
141.1942765712738  seconds  2.612699153466239 0.5406345067362022 4.081632653061225
142.82050561904907  seconds  2.612699153466239 0.5406345067362022 4.285714285714286
138.10373711585999  seconds  2.612699153466239 0.5406345067362022 1.7346938775510203
136.01402854919434  seconds  2.612699153466239 0.5406345067362022 4.4897959183673475
136.6186215877533  seconds  2.612699153466239 0.5406345067362022 1.9387755102040818
132.91008710861206  seconds  2.612699153466239 0.5406345067362022 2.142857142857143
119.27545380592346  seconds  2.612699153466239 0.5406345067362022 2.3469387755102042
111.28177070617676  seconds  2.612699153466239 0.5406345067362022 2.5510204081632653
105.1408748626709  seconds  2.612699153466239 0.5406345067362022 2.7551020408163267
103.16960287094116  seconds  2.612699153466239 0.5406345067362022 2.9591836734693877
97.52263808250427  seconds  2.612699153466239 0.5406345067362022 3.163265306122449
94.11778616905212  seconds  2.612699153466239 0.5406345067362022 3.36734693877551
87.26127457618713  seconds  2.612699153466239 0.5406345067362022 3.5714285714285716
83.41802072525024  seconds  2.612699153466239 0.5406345067362022 4.795918367346939
78.59910297393799  seconds  2.612699153466239 0.5406345067362022 5.0
76.72452211380005  seconds  2.612699153466239 0.5406345067362022 4.183673469387755
82.5572497844696  seconds  2.612699153466239 0.5406345067362022 3.979591836734694
96.3474497795105  seconds  2.612699153466239 0.5406345067362022 3.7755102040816326
71.8286554813385  seconds  2.612699153466239 0.5406345067362022 4.591836734693878
74.27445936203003  seconds  2.612699153466239 0.5406345067362022 4.387755102040816
time for calc.... 370.75973439216614
 plotting data from the run ...
saving data from the run ...
energy at the point.. 2.5966539165555025 0.8378965667101266  is  1.0400959698841916e-05
the angle is  0.3121349978541341
50 the fermi surface points 2 chunk numtheads
starting with calculation of Sigma
81.11303687095642  seconds  2.5966539165555025 0.8378965667101266 0.0
74.69099545478821  seconds  2.5966539165555025 0.8378965667101266 0.40816326530612246
86.32072138786316  seconds  2.5966539165555025 0.8378965667101266 0.20408163265306123
75.98175024986267  seconds  2.5966539165555025 0.8378965667101266 0.6122448979591837
77.59118270874023  seconds  2.5966539165555025 0.8378965667101266 0.8163265306122449
69.1601505279541  seconds  2.5966539165555025 0.8378965667101266 1.2244897959183674
94.08762001991272  seconds  2.5966539165555025 0.8378965667101266 1.0204081632653061
69.4590630531311  seconds  2.5966539165555025 0.8378965667101266 2.2448979591836737
95.07805705070496  seconds  2.5966539165555025 0.8378965667101266 1.4285714285714286
117.39214634895325  seconds  2.5966539165555025 0.8378965667101266 1.6326530612244898
116.60133862495422  seconds  2.5966539165555025 0.8378965667101266 1.836734693877551
127.53013038635254  seconds  2.5966539165555025 0.8378965667101266 2.0408163265306123
89.06646943092346  seconds  2.5966539165555025 0.8378965667101266 1.3265306122448979
139.3349633216858  seconds  2.5966539165555025 0.8378965667101266 2.4489795918367347
133.63281154632568  seconds  2.5966539165555025 0.8378965667101266 2.6530612244897958
139.53952527046204  seconds  2.5966539165555025 0.8378965667101266 0.10204081632653061
140.02932047843933  seconds  2.5966539165555025 0.8378965667101266 2.857142857142857
93.26810884475708  seconds  2.5966539165555025 0.8378965667101266 2.3469387755102042
144.32921051979065  seconds  2.5966539165555025 0.8378965667101266 0.5102040816326531
138.06717371940613  seconds  2.5966539165555025 0.8378965667101266 3.0612244897959187
95.06841206550598  seconds  2.5966539165555025 0.8378965667101266 4.285714285714286
145.62925338745117  seconds  2.5966539165555025 0.8378965667101266 0.7142857142857143
147.05322980880737  seconds  2.5966539165555025 0.8378965667101266 0.30612244897959184
141.35616946220398  seconds  2.5966539165555025 0.8378965667101266 0.9183673469387755
143.7886152267456  seconds  2.5966539165555025 0.8378965667101266 3.2653061224489797
144.38489413261414  seconds  2.5966539165555025 0.8378965667101266 3.4693877551020407
144.190367937088  seconds  2.5966539165555025 0.8378965667101266 3.673469387755102
93.42063212394714  seconds  2.5966539165555025 0.8378965667101266 4.8979591836734695
145.05184888839722  seconds  2.5966539165555025 0.8378965667101266 1.1224489795918369
145.44685697555542  seconds  2.5966539165555025 0.8378965667101266 3.8775510204081636
142.53286051750183  seconds  2.5966539165555025 0.8378965667101266 4.081632653061225
142.05309534072876  seconds  2.5966539165555025 0.8378965667101266 1.5306122448979593
138.5824658870697  seconds  2.5966539165555025 0.8378965667101266 4.4897959183673475
131.25544023513794  seconds  2.5966539165555025 0.8378965667101266 1.7346938775510203
136.94976687431335  seconds  2.5966539165555025 0.8378965667101266 4.6938775510204085
134.06401872634888  seconds  2.5966539165555025 0.8378965667101266 1.9387755102040818
125.60878872871399  seconds  2.5966539165555025 0.8378965667101266 2.142857142857143
108.10400056838989  seconds  2.5966539165555025 0.8378965667101266 2.5510204081632653
110.10366678237915  seconds  2.5966539165555025 0.8378965667101266 2.7551020408163267
86.87158679962158  seconds  2.5966539165555025 0.8378965667101266 4.387755102040816
104.80275654792786  seconds  2.5966539165555025 0.8378965667101266 2.9591836734693877
104.54528141021729  seconds  2.5966539165555025 0.8378965667101266 3.163265306122449
97.60167241096497  seconds  2.5966539165555025 0.8378965667101266 3.36734693877551
84.743985414505  seconds  2.5966539165555025 0.8378965667101266 5.0
93.84253191947937  seconds  2.5966539165555025 0.8378965667101266 3.5714285714285716
91.8353660106659  seconds  2.5966539165555025 0.8378965667101266 3.7755102040816326
81.68192267417908  seconds  2.5966539165555025 0.8378965667101266 4.183673469387755
86.60960364341736  seconds  2.5966539165555025 0.8378965667101266 3.979591836734694
76.53384017944336  seconds  2.5966539165555025 0.8378965667101266 4.591836734693878
73.36050009727478  seconds  2.5966539165555025 0.8378965667101266 4.795918367346939
time for calc.... 375.27863097190857
 plotting data from the run ...
saving data from the run ...
energy at the point.. 2.5477213028327195 1.1368970013037814  is  9.295332997538708e-06
the angle is  0.4197233160056505
50 the fermi surface points 2 chunk numtheads
starting with calculation of Sigma
72.32712364196777  seconds  2.5477213028327195 1.1368970013037814 0.0
80.39459919929504  seconds  2.5477213028327195 1.1368970013037814 0.20408163265306123
85.16368532180786  seconds  2.5477213028327195 1.1368970013037814 0.40816326530612246
84.60984396934509  seconds  2.5477213028327195 1.1368970013037814 0.6122448979591837
86.88804006576538  seconds  2.5477213028327195 1.1368970013037814 0.8163265306122449
95.46281337738037  seconds  2.5477213028327195 1.1368970013037814 1.0204081632653061
99.3355221748352  seconds  2.5477213028327195 1.1368970013037814 1.2244897959183674
102.11741733551025  seconds  2.5477213028327195 1.1368970013037814 1.4285714285714286
87.96871876716614  seconds  2.5477213028327195 1.1368970013037814 2.2448979591836737
107.39909553527832  seconds  2.5477213028327195 1.1368970013037814 1.6326530612244898
104.11651134490967  seconds  2.5477213028327195 1.1368970013037814 1.836734693877551
86.28414726257324  seconds  2.5477213028327195 1.1368970013037814 0.10204081632653061
120.52225494384766  seconds  2.5477213028327195 1.1368970013037814 2.0408163265306123
134.10023665428162  seconds  2.5477213028327195 1.1368970013037814 2.4489795918367347
135.77680563926697  seconds  2.5477213028327195 1.1368970013037814 2.6530612244897958
142.96952962875366  seconds  2.5477213028327195 1.1368970013037814 0.30612244897959184
146.4096794128418  seconds  2.5477213028327195 1.1368970013037814 2.857142857142857
144.52845644950867  seconds  2.5477213028327195 1.1368970013037814 0.5102040816326531
90.98779034614563  seconds  2.5477213028327195 1.1368970013037814 2.3469387755102042
153.6829161643982  seconds  2.5477213028327195 1.1368970013037814 3.0612244897959187
148.6995325088501  seconds  2.5477213028327195 1.1368970013037814 0.7142857142857143
152.51601123809814  seconds  2.5477213028327195 1.1368970013037814 3.2653061224489797
156.8656325340271  seconds  2.5477213028327195 1.1368970013037814 0.9183673469387755
154.92223811149597  seconds  2.5477213028327195 1.1368970013037814 3.4693877551020407
153.37398982048035  seconds  2.5477213028327195 1.1368970013037814 3.673469387755102
153.70617032051086  seconds  2.5477213028327195 1.1368970013037814 1.1224489795918369
153.3371696472168  seconds  2.5477213028327195 1.1368970013037814 3.8775510204081636
154.98237586021423  seconds  2.5477213028327195 1.1368970013037814 1.3265306122448979
157.89823985099792  seconds  2.5477213028327195 1.1368970013037814 4.081632653061225
153.95479154586792  seconds  2.5477213028327195 1.1368970013037814 1.5306122448979593
154.83429169654846  seconds  2.5477213028327195 1.1368970013037814 4.285714285714286
154.05570650100708  seconds  2.5477213028327195 1.1368970013037814 1.7346938775510203
153.15654587745667  seconds  2.5477213028327195 1.1368970013037814 4.4897959183673475
154.020977973938  seconds  2.5477213028327195 1.1368970013037814 1.9387755102040818
145.4565944671631  seconds  2.5477213028327195 1.1368970013037814 4.6938775510204085
146.74133205413818  seconds  2.5477213028327195 1.1368970013037814 4.8979591836734695
146.20932483673096  seconds  2.5477213028327195 1.1368970013037814 2.142857142857143
129.48370337486267  seconds  2.5477213028327195 1.1368970013037814 2.5510204081632653
124.88281774520874  seconds  2.5477213028327195 1.1368970013037814 2.7551020408163267
116.21964597702026  seconds  2.5477213028327195 1.1368970013037814 2.9591836734693877
108.47768759727478  seconds  2.5477213028327195 1.1368970013037814 3.163265306122449
103.22969770431519  seconds  2.5477213028327195 1.1368970013037814 3.36734693877551
98.54123902320862  seconds  2.5477213028327195 1.1368970013037814 3.5714285714285716
96.10412669181824  seconds  2.5477213028327195 1.1368970013037814 3.7755102040816326
94.02280139923096  seconds  2.5477213028327195 1.1368970013037814 3.979591836734694
89.87571382522583  seconds  2.5477213028327195 1.1368970013037814 4.183673469387755
85.5086121559143  seconds  2.5477213028327195 1.1368970013037814 4.387755102040816
82.66189575195312  seconds  2.5477213028327195 1.1368970013037814 4.591836734693878
82.27547335624695  seconds  2.5477213028327195 1.1368970013037814 4.795918367346939
76.73314929008484  seconds  2.5477213028327195 1.1368970013037814 5.0
time for calc.... 407.34703159332275
 plotting data from the run ...
saving data from the run ...
energy at the point.. 2.4372546507317705 1.4115601912212083  is  1.07841213363713e-05
the angle is  0.5249549448529208
50 the fermi surface points 2 chunk numtheads
starting with calculation of Sigma
76.85859394073486  seconds  2.4372546507317705 1.4115601912212083 0.0
82.48416948318481  seconds  2.4372546507317705 1.4115601912212083 0.20408163265306123
85.19578218460083  seconds  2.4372546507317705 1.4115601912212083 0.40816326530612246
83.93584394454956  seconds  2.4372546507317705 1.4115601912212083 0.6122448979591837
96.71264028549194  seconds  2.4372546507317705 1.4115601912212083 0.8163265306122449
93.6307327747345  seconds  2.4372546507317705 1.4115601912212083 1.0204081632653061
103.52319860458374  seconds  2.4372546507317705 1.4115601912212083 1.2244897959183674
108.3072304725647  seconds  2.4372546507317705 1.4115601912212083 1.4285714285714286
110.13637638092041  seconds  2.4372546507317705 1.4115601912212083 1.6326530612244898
125.35624527931213  seconds  2.4372546507317705 1.4115601912212083 1.836734693877551
128.3569300174713  seconds  2.4372546507317705 1.4115601912212083 2.0408163265306123
127.3249843120575  seconds  2.4372546507317705 1.4115601912212083 2.2448979591836737
143.51426482200623  seconds  2.4372546507317705 1.4115601912212083 2.4489795918367347
140.98068809509277  seconds  2.4372546507317705 1.4115601912212083 0.10204081632653061
147.6252543926239  seconds  2.4372546507317705 1.4115601912212083 2.6530612244897958
152.93945240974426  seconds  2.4372546507317705 1.4115601912212083 0.30612244897959184
143.64614415168762  seconds  2.4372546507317705 1.4115601912212083 0.7142857142857143
156.41972494125366  seconds  2.4372546507317705 1.4115601912212083 2.857142857142857
147.4906394481659  seconds  2.4372546507317705 1.4115601912212083 3.0612244897959187
156.57247686386108  seconds  2.4372546507317705 1.4115601912212083 0.5102040816326531
153.2207760810852  seconds  2.4372546507317705 1.4115601912212083 3.2653061224489797
97.96449136734009  seconds  2.4372546507317705 1.4115601912212083 4.6938775510204085
155.42288184165955  seconds  2.4372546507317705 1.4115601912212083 3.4693877551020407
153.5731041431427  seconds  2.4372546507317705 1.4115601912212083 0.9183673469387755
155.60621237754822  seconds  2.4372546507317705 1.4115601912212083 1.1224489795918369
156.10597467422485  seconds  2.4372546507317705 1.4115601912212083 3.673469387755102
152.1333417892456  seconds  2.4372546507317705 1.4115601912212083 3.8775510204081636
156.22261571884155  seconds  2.4372546507317705 1.4115601912212083 1.3265306122448979
158.0116286277771  seconds  2.4372546507317705 1.4115601912212083 4.081632653061225
146.68649435043335  seconds  2.4372546507317705 1.4115601912212083 1.7346938775510203
155.99598455429077  seconds  2.4372546507317705 1.4115601912212083 1.5306122448979593
155.71358919143677  seconds  2.4372546507317705 1.4115601912212083 4.285714285714286
150.9460039138794  seconds  2.4372546507317705 1.4115601912212083 4.4897959183673475
143.0610921382904  seconds  2.4372546507317705 1.4115601912212083 1.9387755102040818
139.82301378250122  seconds  2.4372546507317705 1.4115601912212083 4.8979591836734695
136.25135827064514  seconds  2.4372546507317705 1.4115601912212083 2.142857142857143
135.9285032749176  seconds  2.4372546507317705 1.4115601912212083 2.3469387755102042
120.37277603149414  seconds  2.4372546507317705 1.4115601912212083 2.5510204081632653
116.46695446968079  seconds  2.4372546507317705 1.4115601912212083 2.7551020408163267
105.02631068229675  seconds  2.4372546507317705 1.4115601912212083 2.9591836734693877
79.52667355537415  seconds  2.4372546507317705 1.4115601912212083 4.795918367346939
110.41358160972595  seconds  2.4372546507317705 1.4115601912212083 3.163265306122449
94.21604514122009  seconds  2.4372546507317705 1.4115601912212083 3.5714285714285716
86.31872940063477  seconds  2.4372546507317705 1.4115601912212083 3.7755102040816326
112.50268483161926  seconds  2.4372546507317705 1.4115601912212083 3.36734693877551
94.45586657524109  seconds  2.4372546507317705 1.4115601912212083 3.979591836734694
79.93505883216858  seconds  2.4372546507317705 1.4115601912212083 4.183673469387755
76.11503171920776  seconds  2.4372546507317705 1.4115601912212083 4.591836734693878
84.10416626930237  seconds  2.4372546507317705 1.4115601912212083 4.387755102040816
71.90762495994568  seconds  2.4372546507317705 1.4115601912212083 5.0
time for calc.... 400.5279200077057
 plotting data from the run ...
saving data from the run ...
23362.64user 10419.77system 39:48.31elapsed 1414%CPU (0avgtext+0avgdata 21631744maxresident)k
4774424inputs+127656outputs (15432major+507064901minor)pagefaults 0swaps
