reading lattice from... ./Lattices/sqKgridX8000.npy
reading lattice from... ./Lattices/sqKgridY8000.npy
starting sampling in reciprocal space....
 finished sampling in reciprocal space.... 0.07446765899658203
started calculating filling for chemical potential and dispersion parameters TB_single_band..
reading lattice from... ./Lattices/KgridX400.npy
reading lattice from... ./Lattices/KgridY400.npy
reading lattice from... ./Lattices/KgridX400.npy
reading lattice from... ./Lattices/KgridY400.npy
finished calculating filling for chemical potential
Filling: 0.5021914101708863 .... chemical potential: 29.41164495334965
The fermi energy in mev is: 3064.1164088176356, and in units of J: 296.3362097502549, the bandwidth is:494.39071566731144
reading lattice from... ./Lattices/KgridX8000.npy
reading lattice from... ./Lattices/KgridY8000.npy
reading lattice from... ./Lattices/sqKgridX8000.npy
reading lattice from... ./Lattices/sqKgridY8000.npy
energy at the point.. 2.612699153466239 0.5406345067362022  is  7.400112771449585e-06
the angle is  0.20404589651971108
10 the fermi surface points 2 chunk numtheads
starting with calculation of Sigma
173.31987071037292  seconds  2.612699153466239 0.5406345067362022 0
172.11506271362305  seconds  2.6707591346543773 0.5526486068858955 0
174.879873752594  seconds  2.7288191158425166 0.564662707035589 0
175.94802904129028  seconds  2.786879097030655 0.5766768071852824 0
172.9505558013916  seconds  2.8449390782187933 0.5886909073349756 0
173.81415009498596  seconds  2.6417291440603083 0.5466415568110489 0
173.0645432472229  seconds  2.699789125248447 0.5586556569607423 0
172.3562195301056  seconds  2.7578491064365855 0.5706697571104357 0
172.7621157169342  seconds  2.815909087624724 0.582683857260129 0
172.14545345306396  seconds  2.873969068812863 0.5946979574098225 0
time for calc.... 413.49264121055603
 plotting data from the run ...
Traceback (most recent call last):
  File "MomentumScan.py", line 1696, in <module>
    sys.exit(main())  # next section explains the use of sys.exit
  File "MomentumScan.py", line 1690, in main
    SE.output_res_fixed_FSpoint( [shifts, w, delsd], J, T, theta, job , "antipodal_point_check_div")
  File "MomentumScan.py", line 1423, in output_res_fixed_FSpoint
    plt.errorbar(w,shifts,yerr=delsd, fmt='.')
  File "/home/jfm343/anaconda3/lib/python3.8/site-packages/matplotlib/pyplot.py", line 2604, in errorbar
    return gca().errorbar(
  File "/home/jfm343/anaconda3/lib/python3.8/site-packages/matplotlib/__init__.py", line 1447, in inner
    return func(ax, *map(sanitize_sequence, args), **kwargs)
  File "/home/jfm343/anaconda3/lib/python3.8/site-packages/matplotlib/axes/_axes.py", line 3298, in errorbar
    raise ValueError("'x' and 'y' must have the same size")
ValueError: 'x' and 'y' must have the same size
Command exited with non-zero status 1
1424.37user 400.74system 7:09.67elapsed 424%CPU (0avgtext+0avgdata 38258432maxresident)k
0inputs+125448outputs (65major+28514502minor)pagefaults 0swaps
