python3 FS_scan.py 1 0.2 1 CH1                                                                                      
Machine arg is, CH1                                                                                                                                                  
Machine arg is, CH1                                                                                                                                                  
started calculating filling for chemical potential and dispersion parameters TB_single_band..                                                                        
Machine arg is, CH1                                                                                                                                                  
reading lattice from... ./Lattices/KgridX1200.npy                                                                                                                    
reading lattice from... ./Lattices/KgridY1200.npy                                                                                                                    
Machine arg is, CH1                                                                                                                                                  
reading lattice from... ./Lattices/KgridX1200.npy                                                                                                                    
reading lattice from... ./Lattices/KgridY1200.npy                                                                                                                    
norm of Dos, 42.97093206665365 45.58575006211245                                                                                                                     
sum of the hist, normed? 42.97093206665365                                                                                                                           
finished calculating filling for chemical potential                                                                                                                  
Filling: 0.20819788495844793 .... chemical potential: -140.32234035297995                                                                                            
Machine arg is, CH1                                                                                                                                                  
reading lattice from... ./Lattices/KgridX1200.npy                                                                                                                    
reading lattice from... ./Lattices/KgridY1200.npy                                                                                                                    
sum of the hist, normed? 0.9999999999999923                                                                                                                          
starting high res contour.....                                                                                                                                       
attempting countour of size 20520                                                                                                                                    
number of sheets..... 1                                                                                                                                              
contour size before interpolation..... 47581                                                                                                                         
finished high res contour..... 77.06283068656921                                                                                                                     
range of angles from marching squares -3.1415080151025934 3.1415080151025934                                                                                         
The fermi energy in mev is: 1309.0670007501876, and in units of J: 126.60222444392531, the bandwidth is:494.39071566731144                                           
starting contour.....                                                                                                                                                
finished contour..... 3.951748847961426                                                                                                                              
Machine arg is, CH1                                                                                                                                                  
ED starting sampling in reciprocal space....                                                                                                                         
starting high res contour.....                                                                                                                                       
attempting countour of size 20520                                                                                                                                    
number of sheets..... 1                                                                                                                                              
contour size before interpolation..... 47581                                                                                                                         
finished high res contour..... 75.10551404953003                                                                                                                     
range of angles from marching squares -3.1415080151025934 3.1415080151025934                                                                                         
comparing volume elements                                                                                                                                            
                                                                                                                                                                     
0.006135923151542766                                                                                                                                                 
5.306665909051308e-06 5.306827855565546e-06                                                                                                                          
shapes, are they adequate? (65537, 1025) 65537 1025                                                                                                                  
finished sampling in reciprocal space....t= 75.84834456443787  s                                                                                                     


differentials, dr= 5.306827855565546e-06   dth= 0.006135923151542766                                                                                                 


PLOTTING                                                                          
300 the points 30 chunk numtheads                                                 
starting with calculation of Sigma                                                
157.7694709300995  seconds  -1.7274169227708398 -0.0001462059554562245 0.001 0.19543340451725044
157.29948496818542  seconds  -1.4122546895341332 -1.0307507263112206 0.001 0.19267117964765196
161.68906354904175  seconds  -0.5292596645743257 -1.652781376683874 0.001 0.19404018264927742                                                                        
146.13481760025024  seconds  0.5122112791465853 1.658872918295549 0.001 0.19835543539942138                                                                          
157.04375910758972  seconds  1.7273433921242316 0.01814937393460082 0.001 0.19530451876925992                                                                        
167.73633456230164  seconds  0.5465168863836877 -1.6464265832313276 0.001 0.19395178199428859                                                                        
154.72852420806885  seconds  1.4010498324998804 1.0451253253073216 0.001 0.1928183864444483                                                                          
147.08405947685242  seconds  -0.5634307708728399 1.6400147152255244 0.001 0.19419861746347647                                                                        
169.2033932209015  seconds  1.4234591304314472 -1.0159973148258665 0.001 0.1927528413526529                                                                          
149.88371419906616  seconds  -1.4343013202620134 1.0013380077923075 0.001 0.19260128723513753                                                                        
81.57388281822205  seconds  -1.7271203709479381 -0.03644431418656749 0.001 0.19469512265097957
79.89290857315063  seconds  -1.389484441075712 -1.0595868981245342 0.001 0.19285525459295777                                                                         
85.74533581733704  seconds  -0.4948185580207484 -1.6648958531218017 0.001 0.19381048637818574                            



econds  0.40771570644582966 -1.692114678777407 0.001 0.19344305544983442                                                                         
78.74028539657593  seconds  -1.7262342624228009 0.0727373189512776 0.001 0.1947273835802545                                                                          
79.73377776145935  seconds  1.3541374875055698 -1.1016311533052536 0.001 0.1930228615395402                                                                          
68.91837453842163  seconds  -0.4601128570327932 1.6763321918330865 0.001 0.19376572833431982                                                                         
77.4824001789093  seconds  0.614307940352845 1.619637895816539 0.001 0.19428528497142267                                                                             
72.96319222450256  seconds  1.4861460137906832 0.9252421831580396 0.001 0.19258623493170388                                                                          
78.55568385124207  seconds  -0.664288278302275 -1.5980337004286354 0.001 0.19459009845397746                                                                         
72.10753870010376  seconds  1.7255750504784295 -0.09073411706923444 0.001 0.1945785490751495                                                                         
84.6068503856659  seconds  -1.3894844410757112 1.0595868981245349 0.001 0.19285525459295735                                                                          
84.86607456207275  seconds  -1.4555951588649352 -0.9713602718331212 0.001 0.19263463244778412                                                                        
87.05652213096619  seconds  0.44280371468109 -1.6817443094547884 0.001 0.19392936026539861                                                                           
73.43340516090393  seconds  -0.49481855802074814 1.6648958531218017 0.001 0.19381048637818782                                                                        
85.75908756256104  seconds  -1.7271203709479381 0.03644431418656848 0.001 0.19469512265097175                                                                        
86.95111608505249  seconds  1.377932078700114 -1.0736722324672812 0.001 0.19338679612216242                                                                          
85.52538681030273  seconds  1.4660339400558287 0.9560410358177934 0.001 0.19275829166432512                                                                          
86.59304523468018  seconds  0.5805502795159946 1.6333404939712828 0.001 0.19433033231909771                                                                          
91.46278619766235  seconds  -0.6309476867495697 -1.6126197022158648 0.001 0.19423401597322448                                                                        
74.65303587913513  seconds  1.7267547375524028 -0.054445595887275086 0.001 0.19464150988524676
87.16482543945312  seconds  -1.4122546895341326 1.0307507263112214 0.001 0.19267117964765948                                                                         
87.78672075271606  seconds  -1.4343013202620136 -1.0013380077923075 0.001 0.192601287235132                                                                          
75.2522623538971  seconds  -0.5292596645743249 1.6527813766838744 0.001 0.19404018264929318                                                                          
86.2649199962616  seconds  0.4776381745156895 -1.6706544002377994 0.001 0.19413839701146068                                                                          
87.12788009643555  seconds  -1.7274169227708398 0.0001462059554557804 0.001 0.19543340451725033
87.54999113082886  seconds  1.4010498324998801 -1.0451253253073214 0.001 0.1928183864444096                                                                          
84.90648818016052  seconds  1.445129838190893 0.9862981671899776 0.001 0.1927811614152882                                                                            
86.41745376586914  seconds  0.5465168863836878 1.6464265832313274 0.001 0.1939517819942793                                                                           
85.06414198875427  seconds  -0.5973277834506248 -1.6266200737859131 0.001 0.19421783191372585                                                                        
68.28619933128357  seconds  1.7273433921242316 -0.018149373934601587 0.001 0.1953045187692599                                                                        
70.32605528831482  seconds  0.5122112791465846 -1.6588729182955495 0.001 0.19835543539942457                                                                         
64.61591911315918  seconds  1.4234591304314477 1.0159973148258659 0.001 0.19275284135265205                                                                          
62.15671229362488  seconds  -0.5634307708728409 -1.640014715225524 0.001 0.19419861746346959                                                                         
time for calc.... 2679.068760871887 