reading lattice from... ./Lattices/sqKgridX6000.npy
reading lattice from... ./Lattices/sqKgridY6000.npy
starting sampling in reciprocal space....
 finished sampling in reciprocal space.... 0.058835744857788086
started calculating filling for chemical potential and dispersion parameters TB_single_band..
reading lattice from... ./Lattices/KgridX400.npy
reading lattice from... ./Lattices/KgridY400.npy
reading lattice from... ./Lattices/KgridX400.npy
reading lattice from... ./Lattices/KgridY400.npy
finished calculating filling for chemical potential
Filling: 0.10328618008840453 .... chemical potential: -206.86154203959177
The fermi energy in mev is: 621.0516553106215, and in units of J: 60.06302275731349, the bandwidth is:494.39071566731144
reading lattice from... ./Lattices/KgridX6000.npy
reading lattice from... ./Lattices/KgridY6000.npy
reading lattice from... ./Lattices/sqKgridX6000.npy
reading lattice from... ./Lattices/sqKgridY6000.npy
energy at the point.. 1.2276665635000077 -0.0017383746197303653  is  -1.6099237427624757e-06
200 the points 10 chunk numtheads
starting with calculation of Sigma
63.37744665145874  seconds  1.2276665635000077 -0.0017383746197303653 0.0
65.32358264923096  seconds  1.2276665635000077 -0.0017383746197303653 1.0
65.8159110546112  seconds  1.2276665635000077 -0.0017383746197303653 2.0
59.25607419013977  seconds  1.2276665635000077 -0.0017383746197303653 4.0
67.10688662528992  seconds  1.2276665635000077 -0.0017383746197303653 3.0
61.164002656936646  seconds  1.2276665635000077 -0.0017383746197303653 5.0
71.20345997810364  seconds  1.2276665635000077 -0.0017383746197303653 6.0
63.90120220184326  seconds  1.2276665635000077 -0.0017383746197303653 9.0
74.63032722473145  seconds  1.2276665635000077 -0.0017383746197303653 7.0
73.62401127815247  seconds  1.2276665635000077 -0.0017383746197303653 8.0
68.71780037879944  seconds  1.2276665635000077 -0.0017383746197303653 10.0
79.67635726928711  seconds  1.2276665635000077 -0.0017383746197303653 11.0
65.86310625076294  seconds  1.2276665635000077 -0.0017383746197303653 14.0
77.24006509780884  seconds  1.2276665635000077 -0.0017383746197303653 12.0
77.50331282615662  seconds  1.2276665635000077 -0.0017383746197303653 0.1
66.61288118362427  seconds  1.2276665635000077 -0.0017383746197303653 4.1000000000000005
78.29956769943237  seconds  1.2276665635000077 -0.0017383746197303653 13.0
77.25332021713257  seconds  1.2276665635000077 -0.0017383746197303653 1.1
66.63811039924622  seconds  1.2276665635000077 -0.0017383746197303653 5.1000000000000005
76.29515671730042  seconds  1.2276665635000077 -0.0017383746197303653 2.1
76.89567589759827  seconds  1.2276665635000077 -0.0017383746197303653 15.0
78.42578315734863  seconds  1.2276665635000077 -0.0017383746197303653 3.1
78.34105944633484  seconds  1.2276665635000077 -0.0017383746197303653 16.0
79.13183045387268  seconds  1.2276665635000077 -0.0017383746197303653 17.0
78.73576736450195  seconds  1.2276665635000077 -0.0017383746197303653 18.0
68.11617517471313  seconds  1.2276665635000077 -0.0017383746197303653 9.1
77.87697792053223  seconds  1.2276665635000077 -0.0017383746197303653 6.1000000000000005
69.81336522102356  seconds  1.2276665635000077 -0.0017383746197303653 7.1000000000000005
77.67194962501526  seconds  1.2276665635000077 -0.0017383746197303653 19.0
68.27554178237915  seconds  1.2276665635000077 -0.0017383746197303653 10.100000000000001
77.17693543434143  seconds  1.2276665635000077 -0.0017383746197303653 8.1
68.77376794815063  seconds  1.2276665635000077 -0.0017383746197303653 14.100000000000001
68.23766589164734  seconds  1.2276665635000077 -0.0017383746197303653 4.2
76.9681944847107  seconds  1.2276665635000077 -0.0017383746197303653 11.100000000000001
77.40226697921753  seconds  1.2276665635000077 -0.0017383746197303653 12.100000000000001
76.61615204811096  seconds  1.2276665635000077 -0.0017383746197303653 0.2
68.94747877120972  seconds  1.2276665635000077 -0.0017383746197303653 5.2
69.32569980621338  seconds  1.2276665635000077 -0.0017383746197303653 2.2
76.95917057991028  seconds  1.2276665635000077 -0.0017383746197303653 13.100000000000001
76.75885772705078  seconds  1.2276665635000077 -0.0017383746197303653 1.2000000000000002
70.22179126739502  seconds  1.2276665635000077 -0.0017383746197303653 15.100000000000001
76.11688494682312  seconds  1.2276665635000077 -0.0017383746197303653 3.2
75.82623028755188  seconds  1.2276665635000077 -0.0017383746197303653 16.1
68.9402527809143  seconds  1.2276665635000077 -0.0017383746197303653 9.200000000000001
76.43593502044678  seconds  1.2276665635000077 -0.0017383746197303653 17.1
68.92587447166443  seconds  1.2276665635000077 -0.0017383746197303653 7.2
76.80496311187744  seconds  1.2276665635000077 -0.0017383746197303653 18.1
77.06298494338989  seconds  1.2276665635000077 -0.0017383746197303653 6.2
68.92795157432556  seconds  1.2276665635000077 -0.0017383746197303653 10.200000000000001
77.00564002990723  seconds  1.2276665635000077 -0.0017383746197303653 19.1
75.88982558250427  seconds  1.2276665635000077 -0.0017383746197303653 8.200000000000001
68.81914234161377  seconds  1.2276665635000077 -0.0017383746197303653 14.200000000000001
68.98618221282959  seconds  1.2276665635000077 -0.0017383746197303653 4.3
75.65815830230713  seconds  1.2276665635000077 -0.0017383746197303653 11.200000000000001
69.4279854297638  seconds  1.2276665635000077 -0.0017383746197303653 2.3000000000000003
70.30074310302734  seconds  1.2276665635000077 -0.0017383746197303653 5.300000000000001
77.07118844985962  seconds  1.2276665635000077 -0.0017383746197303653 12.200000000000001
76.91141700744629  seconds  1.2276665635000077 -0.0017383746197303653 0.30000000000000004
69.18452143669128  seconds  1.2276665635000077 -0.0017383746197303653 15.200000000000001
76.57911896705627  seconds  1.2276665635000077 -0.0017383746197303653 13.200000000000001
76.86313939094543  seconds  1.2276665635000077 -0.0017383746197303653 1.3
78.43981051445007  seconds  1.2276665635000077 -0.0017383746197303653 3.3000000000000003
70.42758059501648  seconds  1.2276665635000077 -0.0017383746197303653 9.3
76.52714371681213  seconds  1.2276665635000077 -0.0017383746197303653 16.2
69.62122130393982  seconds  1.2276665635000077 -0.0017383746197303653 7.300000000000001
75.505056142807  seconds  1.2276665635000077 -0.0017383746197303653 17.2
69.68461012840271  seconds  1.2276665635000077 -0.0017383746197303653 10.3
77.19485402107239  seconds  1.2276665635000077 -0.0017383746197303653 18.2
76.62104153633118  seconds  1.2276665635000077 -0.0017383746197303653 6.300000000000001
76.79046177864075  seconds  1.2276665635000077 -0.0017383746197303653 19.200000000000003
75.6460165977478  seconds  1.2276665635000077 -0.0017383746197303653 8.3
70.04023146629333  seconds  1.2276665635000077 -0.0017383746197303653 14.3
70.35582184791565  seconds  1.2276665635000077 -0.0017383746197303653 4.4
70.16564202308655  seconds  1.2276665635000077 -0.0017383746197303653 2.4000000000000004
70.18473863601685  seconds  1.2276665635000077 -0.0017383746197303653 5.4
75.01545596122742  seconds  1.2276665635000077 -0.0017383746197303653 11.3
70.26189041137695  seconds  1.2276665635000077 -0.0017383746197303653 15.3
75.68613338470459  seconds  1.2276665635000077 -0.0017383746197303653 12.3
75.33522820472717  seconds  1.2276665635000077 -0.0017383746197303653 0.4
74.57733225822449  seconds  1.2276665635000077 -0.0017383746197303653 13.3
74.85680747032166  seconds  1.2276665635000077 -0.0017383746197303653 1.4000000000000001
73.04914426803589  seconds  1.2276665635000077 -0.0017383746197303653 3.4000000000000004
71.19827675819397  seconds  1.2276665635000077 -0.0017383746197303653 9.4
70.67632293701172  seconds  1.2276665635000077 -0.0017383746197303653 7.4
74.5241448879242  seconds  1.2276665635000077 -0.0017383746197303653 16.3
74.24877214431763  seconds  1.2276665635000077 -0.0017383746197303653 17.3
70.45491027832031  seconds  1.2276665635000077 -0.0017383746197303653 10.4
74.6554970741272  seconds  1.2276665635000077 -0.0017383746197303653 18.3
74.60537195205688  seconds  1.2276665635000077 -0.0017383746197303653 6.4
75.58003520965576  seconds  1.2276665635000077 -0.0017383746197303653 19.3
74.27443861961365  seconds  1.2276665635000077 -0.0017383746197303653 8.4
70.6421058177948  seconds  1.2276665635000077 -0.0017383746197303653 14.4
70.62266182899475  seconds  1.2276665635000077 -0.0017383746197303653 4.5
70.7354645729065  seconds  1.2276665635000077 -0.0017383746197303653 2.5
71.70138025283813  seconds  1.2276665635000077 -0.0017383746197303653 5.5
71.07645344734192  seconds  1.2276665635000077 -0.0017383746197303653 15.4
74.02872586250305  seconds  1.2276665635000077 -0.0017383746197303653 11.4
75.02262663841248  seconds  1.2276665635000077 -0.0017383746197303653 12.4
75.17110300064087  seconds  1.2276665635000077 -0.0017383746197303653 0.5
74.93459725379944  seconds  1.2276665635000077 -0.0017383746197303653 13.4
74.70005202293396  seconds  1.2276665635000077 -0.0017383746197303653 1.5
70.9917573928833  seconds  1.2276665635000077 -0.0017383746197303653 3.5
71.031325340271  seconds  1.2276665635000077 -0.0017383746197303653 9.5
70.82515835762024  seconds  1.2276665635000077 -0.0017383746197303653 7.5
74.41180658340454  seconds  1.2276665635000077 -0.0017383746197303653 16.400000000000002
70.46448373794556  seconds  1.2276665635000077 -0.0017383746197303653 10.5
74.34543991088867  seconds  1.2276665635000077 -0.0017383746197303653 17.400000000000002
73.6650037765503  seconds  1.2276665635000077 -0.0017383746197303653 18.400000000000002
74.31163573265076  seconds  1.2276665635000077 -0.0017383746197303653 6.5
74.56401348114014  seconds  1.2276665635000077 -0.0017383746197303653 19.400000000000002
70.68959903717041  seconds  1.2276665635000077 -0.0017383746197303653 14.5
74.27935338020325  seconds  1.2276665635000077 -0.0017383746197303653 8.5
70.76949954032898  seconds  1.2276665635000077 -0.0017383746197303653 4.6000000000000005
70.66019868850708  seconds  1.2276665635000077 -0.0017383746197303653 2.6
71.32496857643127  seconds  1.2276665635000077 -0.0017383746197303653 5.6000000000000005
70.88249611854553  seconds  1.2276665635000077 -0.0017383746197303653 15.5
73.89409112930298  seconds  1.2276665635000077 -0.0017383746197303653 11.5
75.16446185112  seconds  1.2276665635000077 -0.0017383746197303653 0.6000000000000001
75.41647863388062  seconds  1.2276665635000077 -0.0017383746197303653 12.5
75.11478686332703  seconds  1.2276665635000077 -0.0017383746197303653 13.5
74.8831684589386  seconds  1.2276665635000077 -0.0017383746197303653 1.6
71.16676950454712  seconds  1.2276665635000077 -0.0017383746197303653 3.6
71.46555852890015  seconds  1.2276665635000077 -0.0017383746197303653 9.600000000000001
71.08923625946045  seconds  1.2276665635000077 -0.0017383746197303653 7.6000000000000005
70.53608202934265  seconds  1.2276665635000077 -0.0017383746197303653 10.600000000000001
74.18038320541382  seconds  1.2276665635000077 -0.0017383746197303653 16.5
73.67120838165283  seconds  1.2276665635000077 -0.0017383746197303653 17.5
74.60089421272278  seconds  1.2276665635000077 -0.0017383746197303653 18.5
74.3661413192749  seconds  1.2276665635000077 -0.0017383746197303653 6.6000000000000005
70.48220014572144  seconds  1.2276665635000077 -0.0017383746197303653 14.600000000000001
74.97435402870178  seconds  1.2276665635000077 -0.0017383746197303653 19.5
70.52577018737793  seconds  1.2276665635000077 -0.0017383746197303653 4.7
74.14813232421875  seconds  1.2276665635000077 -0.0017383746197303653 8.6
70.81389856338501  seconds  1.2276665635000077 -0.0017383746197303653 2.7
71.6086654663086  seconds  1.2276665635000077 -0.0017383746197303653 5.7
70.98637437820435  seconds  1.2276665635000077 -0.0017383746197303653 15.600000000000001
74.14208626747131  seconds  1.2276665635000077 -0.0017383746197303653 11.600000000000001
74.91748785972595  seconds  1.2276665635000077 -0.0017383746197303653 0.7000000000000001
75.14682245254517  seconds  1.2276665635000077 -0.0017383746197303653 12.600000000000001
74.11222863197327  seconds  1.2276665635000077 -0.0017383746197303653 13.600000000000001
71.02293729782104  seconds  1.2276665635000077 -0.0017383746197303653 3.7
74.80175352096558  seconds  1.2276665635000077 -0.0017383746197303653 1.7000000000000002
71.24914908409119  seconds  1.2276665635000077 -0.0017383746197303653 9.700000000000001
71.33502912521362  seconds  1.2276665635000077 -0.0017383746197303653 7.7
70.28021883964539  seconds  1.2276665635000077 -0.0017383746197303653 10.700000000000001
73.75779151916504  seconds  1.2276665635000077 -0.0017383746197303653 16.6
74.3178186416626  seconds  1.2276665635000077 -0.0017383746197303653 17.6
74.60846900939941  seconds  1.2276665635000077 -0.0017383746197303653 18.6
70.73564147949219  seconds  1.2276665635000077 -0.0017383746197303653 14.700000000000001
74.69942045211792  seconds  1.2276665635000077 -0.0017383746197303653 6.7
70.1796145439148  seconds  1.2276665635000077 -0.0017383746197303653 4.800000000000001
75.13667559623718  seconds  1.2276665635000077 -0.0017383746197303653 19.6
74.5433599948883  seconds  1.2276665635000077 -0.0017383746197303653 8.700000000000001
70.37545132637024  seconds  1.2276665635000077 -0.0017383746197303653 2.8000000000000003
70.71558666229248  seconds  1.2276665635000077 -0.0017383746197303653 5.800000000000001
70.82577252388  seconds  1.2276665635000077 -0.0017383746197303653 15.700000000000001
73.81159973144531  seconds  1.2276665635000077 -0.0017383746197303653 11.700000000000001
75.50133919715881  seconds  1.2276665635000077 -0.0017383746197303653 12.700000000000001
75.85470056533813  seconds  1.2276665635000077 -0.0017383746197303653 0.8
71.43764042854309  seconds  1.2276665635000077 -0.0017383746197303653 3.8000000000000003
70.63944602012634  seconds  1.2276665635000077 -0.0017383746197303653 9.8
71.10202050209045  seconds  1.2276665635000077 -0.0017383746197303653 7.800000000000001
75.10832643508911  seconds  1.2276665635000077 -0.0017383746197303653 13.700000000000001
74.35584497451782  seconds  1.2276665635000077 -0.0017383746197303653 1.8
70.58816599845886  seconds  1.2276665635000077 -0.0017383746197303653 10.8
74.3701913356781  seconds  1.2276665635000077 -0.0017383746197303653 16.7
74.3049373626709  seconds  1.2276665635000077 -0.0017383746197303653 17.7
71.12969136238098  seconds  1.2276665635000077 -0.0017383746197303653 14.8
73.96102333068848  seconds  1.2276665635000077 -0.0017383746197303653 18.7
70.61840915679932  seconds  1.2276665635000077 -0.0017383746197303653 4.9
74.77916479110718  seconds  1.2276665635000077 -0.0017383746197303653 6.800000000000001
74.62290930747986  seconds  1.2276665635000077 -0.0017383746197303653 19.700000000000003
70.23104071617126  seconds  1.2276665635000077 -0.0017383746197303653 2.9000000000000004
74.58370423316956  seconds  1.2276665635000077 -0.0017383746197303653 8.8
70.11820411682129  seconds  1.2276665635000077 -0.0017383746197303653 5.9
70.01593899726868  seconds  1.2276665635000077 -0.0017383746197303653 15.8
73.55826902389526  seconds  1.2276665635000077 -0.0017383746197303653 11.8
69.24429512023926  seconds  1.2276665635000077 -0.0017383746197303653 3.9000000000000004
69.10435557365417  seconds  1.2276665635000077 -0.0017383746197303653 9.9
68.75799751281738  seconds  1.2276665635000077 -0.0017383746197303653 7.9
73.75105738639832  seconds  1.2276665635000077 -0.0017383746197303653 12.8
74.00479292869568  seconds  1.2276665635000077 -0.0017383746197303653 0.9
67.70889735221863  seconds  1.2276665635000077 -0.0017383746197303653 10.9
73.56511664390564  seconds  1.2276665635000077 -0.0017383746197303653 13.8
73.80479741096497  seconds  1.2276665635000077 -0.0017383746197303653 1.9000000000000001
71.24643898010254  seconds  1.2276665635000077 -0.0017383746197303653 16.8
72.12144804000854  seconds  1.2276665635000077 -0.0017383746197303653 17.8
65.4268786907196  seconds  1.2276665635000077 -0.0017383746197303653 14.9
69.61862993240356  seconds  1.2276665635000077 -0.0017383746197303653 18.8
69.60680341720581  seconds  1.2276665635000077 -0.0017383746197303653 6.9
69.26910614967346  seconds  1.2276665635000077 -0.0017383746197303653 19.8
62.301533699035645  seconds  1.2276665635000077 -0.0017383746197303653 15.9
69.47049450874329  seconds  1.2276665635000077 -0.0017383746197303653 8.9
67.29344749450684  seconds  1.2276665635000077 -0.0017383746197303653 11.9
59.22594904899597  seconds  1.2276665635000077 -0.0017383746197303653 12.9
63.2120144367218  seconds  1.2276665635000077 -0.0017383746197303653 13.9
61.23376131057739  seconds  1.2276665635000077 -0.0017383746197303653 16.900000000000002
57.889060974121094  seconds  1.2276665635000077 -0.0017383746197303653 17.900000000000002
59.62384104728699  seconds  1.2276665635000077 -0.0017383746197303653 18.900000000000002
58.54128360748291  seconds  1.2276665635000077 -0.0017383746197303653 19.900000000000002
time for calc.... 844.3152294158936
energy at the point.. 1.2208587877980457 0.13385484571925232  is  -2.381427276532122e-05
200 the points 10 chunk numtheads
starting with calculation of Sigma
61.27846884727478  seconds  1.2208587877980457 0.13385484571925232 0.0
63.89526176452637  seconds  1.2208587877980457 0.13385484571925232 1.0
65.398193359375  seconds  1.2208587877980457 0.13385484571925232 2.0
67.36505770683289  seconds  1.2208587877980457 0.13385484571925232 3.0
62.9712119102478  seconds  1.2208587877980457 0.13385484571925232 4.0
62.92185878753662  seconds  1.2208587877980457 0.13385484571925232 6.0
68.04832315444946  seconds  1.2208587877980457 0.13385484571925232 5.0
64.75339484214783  seconds  1.2208587877980457 0.13385484571925232 7.0
65.41965627670288  seconds  1.2208587877980457 0.13385484571925232 8.0
72.53469443321228  seconds  1.2208587877980457 0.13385484571925232 9.0
73.03962063789368  seconds  1.2208587877980457 0.13385484571925232 10.0
68.61042809486389  seconds  1.2208587877980457 0.13385484571925232 11.0
73.83744406700134  seconds  1.2208587877980457 0.13385484571925232 0.1
76.33647894859314  seconds  1.2208587877980457 0.13385484571925232 12.0
75.15269684791565  seconds  1.2208587877980457 0.13385484571925232 13.0
71.70058155059814  seconds  1.2208587877980457 0.13385484571925232 14.0
74.90051651000977  seconds  1.2208587877980457 0.13385484571925232 1.1
74.11823415756226  seconds  1.2208587877980457 0.13385484571925232 2.1
74.55400276184082  seconds  1.2208587877980457 0.13385484571925232 15.0
69.99958634376526  seconds  1.2208587877980457 0.13385484571925232 4.1000000000000005
71.44294166564941  seconds  1.2208587877980457 0.13385484571925232 3.1
74.24402618408203  seconds  1.2208587877980457 0.13385484571925232 16.0
71.42452049255371  seconds  1.2208587877980457 0.13385484571925232 17.0
69.98995518684387  seconds  1.2208587877980457 0.13385484571925232 6.1000000000000005
74.8250138759613  seconds  1.2208587877980457 0.13385484571925232 5.1000000000000005
74.96437811851501  seconds  1.2208587877980457 0.13385484571925232 18.0
71.74186587333679  seconds  1.2208587877980457 0.13385484571925232 7.1000000000000005
70.64037442207336  seconds  1.2208587877980457 0.13385484571925232 8.1
74.48230481147766  seconds  1.2208587877980457 0.13385484571925232 19.0
74.47235655784607  seconds  1.2208587877980457 0.13385484571925232 9.1
70.83537769317627  seconds  1.2208587877980457 0.13385484571925232 11.100000000000001
74.36949062347412  seconds  1.2208587877980457 0.13385484571925232 10.100000000000001
74.29825115203857  seconds  1.2208587877980457 0.13385484571925232 0.2
74.40975451469421  seconds  1.2208587877980457 0.13385484571925232 12.100000000000001
70.62157201766968  seconds  1.2208587877980457 0.13385484571925232 14.100000000000001
74.3259584903717  seconds  1.2208587877980457 0.13385484571925232 13.100000000000001
74.2448742389679  seconds  1.2208587877980457 0.13385484571925232 1.2000000000000002
70.14020919799805  seconds  1.2208587877980457 0.13385484571925232 4.2
70.2341537475586  seconds  1.2208587877980457 0.13385484571925232 3.2
74.58361053466797  seconds  1.2208587877980457 0.13385484571925232 2.2
73.7208080291748  seconds  1.2208587877980457 0.13385484571925232 15.100000000000001
70.25112986564636  seconds  1.2208587877980457 0.13385484571925232 17.1
74.0711317062378  seconds  1.2208587877980457 0.13385484571925232 16.1
69.8450288772583  seconds  1.2208587877980457 0.13385484571925232 6.2
70.53754186630249  seconds  1.2208587877980457 0.13385484571925232 7.2
74.30744075775146  seconds  1.2208587877980457 0.13385484571925232 5.2
74.85259699821472  seconds  1.2208587877980457 0.13385484571925232 18.1
70.67077255249023  seconds  1.2208587877980457 0.13385484571925232 8.200000000000001
70.93479180335999  seconds  1.2208587877980457 0.13385484571925232 19.1
71.50513792037964  seconds  1.2208587877980457 0.13385484571925232 11.200000000000001
74.27529311180115  seconds  1.2208587877980457 0.13385484571925232 9.200000000000001
74.30023694038391  seconds  1.2208587877980457 0.13385484571925232 10.200000000000001
74.30766296386719  seconds  1.2208587877980457 0.13385484571925232 0.30000000000000004
70.66032195091248  seconds  1.2208587877980457 0.13385484571925232 14.200000000000001
74.29296112060547  seconds  1.2208587877980457 0.13385484571925232 12.200000000000001
74.32948899269104  seconds  1.2208587877980457 0.13385484571925232 13.200000000000001
74.22389912605286  seconds  1.2208587877980457 0.13385484571925232 1.3
70.95705008506775  seconds  1.2208587877980457 0.13385484571925232 4.3
70.12024188041687  seconds  1.2208587877980457 0.13385484571925232 3.3000000000000003
74.04837822914124  seconds  1.2208587877980457 0.13385484571925232 2.3000000000000003
74.13647627830505  seconds  1.2208587877980457 0.13385484571925232 15.200000000000001
71.20237874984741  seconds  1.2208587877980457 0.13385484571925232 17.2
70.77299952507019  seconds  1.2208587877980457 0.13385484571925232 6.300000000000001
74.05135941505432  seconds  1.2208587877980457 0.13385484571925232 16.2
70.77731537818909  seconds  1.2208587877980457 0.13385484571925232 7.300000000000001
74.3474280834198  seconds  1.2208587877980457 0.13385484571925232 5.300000000000001
71.28074216842651  seconds  1.2208587877980457 0.13385484571925232 8.3
70.9195442199707  seconds  1.2208587877980457 0.13385484571925232 19.200000000000003
74.43081521987915  seconds  1.2208587877980457 0.13385484571925232 18.2
71.26119303703308  seconds  1.2208587877980457 0.13385484571925232 11.3
74.11758184432983  seconds  1.2208587877980457 0.13385484571925232 9.3
74.2430431842804  seconds  1.2208587877980457 0.13385484571925232 10.3
70.94117212295532  seconds  1.2208587877980457 0.13385484571925232 14.3
74.24236798286438  seconds  1.2208587877980457 0.13385484571925232 0.4
74.0437240600586  seconds  1.2208587877980457 0.13385484571925232 12.3
73.9233992099762  seconds  1.2208587877980457 0.13385484571925232 13.3
70.91588234901428  seconds  1.2208587877980457 0.13385484571925232 3.4000000000000004
71.1614511013031  seconds  1.2208587877980457 0.13385484571925232 4.4
74.34430146217346  seconds  1.2208587877980457 0.13385484571925232 1.4000000000000001
74.38058352470398  seconds  1.2208587877980457 0.13385484571925232 2.4000000000000004
71.05324149131775  seconds  1.2208587877980457 0.13385484571925232 17.3
71.02592349052429  seconds  1.2208587877980457 0.13385484571925232 6.4
74.16038417816162  seconds  1.2208587877980457 0.13385484571925232 15.3
74.29857683181763  seconds  1.2208587877980457 0.13385484571925232 16.3
70.2989981174469  seconds  1.2208587877980457 0.13385484571925232 7.4
71.87941026687622  seconds  1.2208587877980457 0.13385484571925232 8.4
70.95697736740112  seconds  1.2208587877980457 0.13385484571925232 19.3
74.94650888442993  seconds  1.2208587877980457 0.13385484571925232 5.4
74.79005599021912  seconds  1.2208587877980457 0.13385484571925232 18.3
71.55479049682617  seconds  1.2208587877980457 0.13385484571925232 11.4
74.44286561012268  seconds  1.2208587877980457 0.13385484571925232 9.4
73.77478981018066  seconds  1.2208587877980457 0.13385484571925232 10.4
70.48654437065125  seconds  1.2208587877980457 0.13385484571925232 14.4
74.36387705802917  seconds  1.2208587877980457 0.13385484571925232 0.5
73.97263550758362  seconds  1.2208587877980457 0.13385484571925232 12.4
70.62044644355774  seconds  1.2208587877980457 0.13385484571925232 4.5
71.64704871177673  seconds  1.2208587877980457 0.13385484571925232 3.5
74.43818783760071  seconds  1.2208587877980457 0.13385484571925232 13.4
74.07759284973145  seconds  1.2208587877980457 0.13385484571925232 1.5
70.88453578948975  seconds  1.2208587877980457 0.13385484571925232 17.400000000000002
70.4971559047699  seconds  1.2208587877980457 0.13385484571925232 6.5
74.46179294586182  seconds  1.2208587877980457 0.13385484571925232 2.5
74.47401642799377  seconds  1.2208587877980457 0.13385484571925232 15.4
70.03764629364014  seconds  1.2208587877980457 0.13385484571925232 7.5
73.81370663642883  seconds  1.2208587877980457 0.13385484571925232 16.400000000000002
71.37780594825745  seconds  1.2208587877980457 0.13385484571925232 8.5
71.45202398300171  seconds  1.2208587877980457 0.13385484571925232 19.400000000000002
74.43993210792542  seconds  1.2208587877980457 0.13385484571925232 5.5
74.90061783790588  seconds  1.2208587877980457 0.13385484571925232 18.400000000000002
70.8668622970581  seconds  1.2208587877980457 0.13385484571925232 11.5
74.95920825004578  seconds  1.2208587877980457 0.13385484571925232 9.5
74.54701614379883  seconds  1.2208587877980457 0.13385484571925232 10.5
70.40977501869202  seconds  1.2208587877980457 0.13385484571925232 14.5
70.76768851280212  seconds  1.2208587877980457 0.13385484571925232 4.6000000000000005
70.58275747299194  seconds  1.2208587877980457 0.13385484571925232 3.6
74.28690910339355  seconds  1.2208587877980457 0.13385484571925232 0.6000000000000001
74.5424120426178  seconds  1.2208587877980457 0.13385484571925232 12.5
74.84282732009888  seconds  1.2208587877980457 0.13385484571925232 13.5
71.03631567955017  seconds  1.2208587877980457 0.13385484571925232 17.5
74.45937395095825  seconds  1.2208587877980457 0.13385484571925232 1.6
70.767893075943  seconds  1.2208587877980457 0.13385484571925232 6.6000000000000005
74.14560222625732  seconds  1.2208587877980457 0.13385484571925232 2.6
74.11762595176697  seconds  1.2208587877980457 0.13385484571925232 15.5
70.27784562110901  seconds  1.2208587877980457 0.13385484571925232 7.6000000000000005
74.44436144828796  seconds  1.2208587877980457 0.13385484571925232 16.5
71.6198844909668  seconds  1.2208587877980457 0.13385484571925232 8.6
71.55338931083679  seconds  1.2208587877980457 0.13385484571925232 19.5
74.57995891571045  seconds  1.2208587877980457 0.13385484571925232 5.6000000000000005
74.65139722824097  seconds  1.2208587877980457 0.13385484571925232 18.5
71.1989049911499  seconds  1.2208587877980457 0.13385484571925232 11.600000000000001
74.46539044380188  seconds  1.2208587877980457 0.13385484571925232 9.600000000000001
70.68612909317017  seconds  1.2208587877980457 0.13385484571925232 14.600000000000001
74.40847158432007  seconds  1.2208587877980457 0.13385484571925232 10.600000000000001
69.936683177948  seconds  1.2208587877980457 0.13385484571925232 4.7
70.46554589271545  seconds  1.2208587877980457 0.13385484571925232 3.7
74.07727384567261  seconds  1.2208587877980457 0.13385484571925232 0.7000000000000001
74.36090803146362  seconds  1.2208587877980457 0.13385484571925232 12.600000000000001
70.93364357948303  seconds  1.2208587877980457 0.13385484571925232 17.6
70.75572943687439  seconds  1.2208587877980457 0.13385484571925232 6.7
74.72961258888245  seconds  1.2208587877980457 0.13385484571925232 13.600000000000001
74.60968470573425  seconds  1.2208587877980457 0.13385484571925232 1.7000000000000002
69.64694595336914  seconds  1.2208587877980457 0.13385484571925232 7.7
74.26638078689575  seconds  1.2208587877980457 0.13385484571925232 2.7
74.43625998497009  seconds  1.2208587877980457 0.13385484571925232 15.600000000000001
73.84801030158997  seconds  1.2208587877980457 0.13385484571925232 16.6
71.55302095413208  seconds  1.2208587877980457 0.13385484571925232 8.700000000000001
71.58529901504517  seconds  1.2208587877980457 0.13385484571925232 19.6
74.23832035064697  seconds  1.2208587877980457 0.13385484571925232 5.7
74.48975348472595  seconds  1.2208587877980457 0.13385484571925232 18.6
71.06260752677917  seconds  1.2208587877980457 0.13385484571925232 11.700000000000001
70.98270845413208  seconds  1.2208587877980457 0.13385484571925232 14.700000000000001
74.67835664749146  seconds  1.2208587877980457 0.13385484571925232 9.700000000000001
73.99356532096863  seconds  1.2208587877980457 0.13385484571925232 10.700000000000001
70.44649863243103  seconds  1.2208587877980457 0.13385484571925232 4.800000000000001
70.11134314537048  seconds  1.2208587877980457 0.13385484571925232 3.8000000000000003
70.2498984336853  seconds  1.2208587877980457 0.13385484571925232 17.7
74.62426114082336  seconds  1.2208587877980457 0.13385484571925232 0.8
74.12462306022644  seconds  1.2208587877980457 0.13385484571925232 12.700000000000001
71.23646354675293  seconds  1.2208587877980457 0.13385484571925232 6.800000000000001
74.28640604019165  seconds  1.2208587877980457 0.13385484571925232 13.700000000000001
70.66837167739868  seconds  1.2208587877980457 0.13385484571925232 7.800000000000001
74.48889493942261  seconds  1.2208587877980457 0.13385484571925232 1.8
74.53673005104065  seconds  1.2208587877980457 0.13385484571925232 2.8000000000000003
74.67982983589172  seconds  1.2208587877980457 0.13385484571925232 15.700000000000001
71.14138054847717  seconds  1.2208587877980457 0.13385484571925232 19.700000000000003
71.53000831604004  seconds  1.2208587877980457 0.13385484571925232 8.8
74.12512493133545  seconds  1.2208587877980457 0.13385484571925232 16.7
74.47898936271667  seconds  1.2208587877980457 0.13385484571925232 5.800000000000001
74.56011366844177  seconds  1.2208587877980457 0.13385484571925232 18.7
71.40739035606384  seconds  1.2208587877980457 0.13385484571925232 11.8
70.92177033424377  seconds  1.2208587877980457 0.13385484571925232 14.8
75.35556077957153  seconds  1.2208587877980457 0.13385484571925232 9.8
71.04739570617676  seconds  1.2208587877980457 0.13385484571925232 4.9
74.45183610916138  seconds  1.2208587877980457 0.13385484571925232 10.8
70.77121591567993  seconds  1.2208587877980457 0.13385484571925232 3.9000000000000004
70.57522916793823  seconds  1.2208587877980457 0.13385484571925232 17.8
70.12307071685791  seconds  1.2208587877980457 0.13385484571925232 6.9
74.31290578842163  seconds  1.2208587877980457 0.13385484571925232 0.9
74.308424949646  seconds  1.2208587877980457 0.13385484571925232 12.8
69.25957489013672  seconds  1.2208587877980457 0.13385484571925232 7.9
73.6469144821167  seconds  1.2208587877980457 0.13385484571925232 13.8
73.77936363220215  seconds  1.2208587877980457 0.13385484571925232 1.9000000000000001
73.637460231781  seconds  1.2208587877980457 0.13385484571925232 2.9000000000000004
69.11594271659851  seconds  1.2208587877980457 0.13385484571925232 19.8
69.26347804069519  seconds  1.2208587877980457 0.13385484571925232 8.9
73.7353208065033  seconds  1.2208587877980457 0.13385484571925232 15.8
73.26943278312683  seconds  1.2208587877980457 0.13385484571925232 16.8
66.37224888801575  seconds  1.2208587877980457 0.13385484571925232 11.9
71.29486227035522  seconds  1.2208587877980457 0.13385484571925232 5.9
71.22961568832397  seconds  1.2208587877980457 0.13385484571925232 18.8
64.23393511772156  seconds  1.2208587877980457 0.13385484571925232 14.9
68.0009880065918  seconds  1.2208587877980457 0.13385484571925232 9.9
67.15218091011047  seconds  1.2208587877980457 0.13385484571925232 10.9
61.81329011917114  seconds  1.2208587877980457 0.13385484571925232 17.900000000000002
65.07276558876038  seconds  1.2208587877980457 0.13385484571925232 12.9
63.74483609199524  seconds  1.2208587877980457 0.13385484571925232 13.9
58.55732178688049  seconds  1.2208587877980457 0.13385484571925232 19.900000000000002
61.69460678100586  seconds  1.2208587877980457 0.13385484571925232 15.9
59.08228421211243  seconds  1.2208587877980457 0.13385484571925232 16.900000000000002
58.00166320800781  seconds  1.2208587877980457 0.13385484571925232 18.900000000000002
time for calc.... 828.1287937164307
energy at the point.. 1.2025157735133 0.2555410691003912  is  -1.817648322344212e-05
200 the points 10 chunk numtheads
starting with calculation of Sigma
63.28330755233765  seconds  1.2025157735133 0.2555410691003912 0.0
63.14455580711365  seconds  1.2025157735133 0.2555410691003912 1.0
63.864033222198486  seconds  1.2025157735133 0.2555410691003912 2.0
65.26726531982422  seconds  1.2025157735133 0.2555410691003912 3.0
62.42667603492737  seconds  1.2025157735133 0.2555410691003912 4.0
66.92425680160522  seconds  1.2025157735133 0.2555410691003912 5.0
64.90195751190186  seconds  1.2025157735133 0.2555410691003912 6.0
65.0231282711029  seconds  1.2025157735133 0.2555410691003912 7.0
67.18219923973083  seconds  1.2025157735133 0.2555410691003912 8.0
72.80112552642822  seconds  1.2025157735133 0.2555410691003912 9.0
67.14026665687561  seconds  1.2025157735133 0.2555410691003912 11.0
73.51204323768616  seconds  1.2025157735133 0.2555410691003912 10.0
68.66515707969666  seconds  1.2025157735133 0.2555410691003912 12.0
74.82074284553528  seconds  1.2025157735133 0.2555410691003912 0.1
75.49243640899658  seconds  1.2025157735133 0.2555410691003912 1.1
78.15390920639038  seconds  1.2025157735133 0.2555410691003912 13.0
75.60860538482666  seconds  1.2025157735133 0.2555410691003912 14.0
76.52597951889038  seconds  1.2025157735133 0.2555410691003912 2.1
68.70103049278259  seconds  1.2025157735133 0.2555410691003912 4.1000000000000005
76.18813967704773  seconds  1.2025157735133 0.2555410691003912 15.0
76.58218765258789  seconds  1.2025157735133 0.2555410691003912 3.1
68.96201348304749  seconds  1.2025157735133 0.2555410691003912 17.0
77.91446304321289  seconds  1.2025157735133 0.2555410691003912 16.0
70.52386522293091  seconds  1.2025157735133 0.2555410691003912 6.1000000000000005
70.32691311836243  seconds  1.2025157735133 0.2555410691003912 18.0
75.66877746582031  seconds  1.2025157735133 0.2555410691003912 5.1000000000000005
69.75570225715637  seconds  1.2025157735133 0.2555410691003912 7.1000000000000005
69.2656774520874  seconds  1.2025157735133 0.2555410691003912 8.1
75.89222979545593  seconds  1.2025157735133 0.2555410691003912 19.0
69.9559919834137  seconds  1.2025157735133 0.2555410691003912 11.100000000000001
75.37092900276184  seconds  1.2025157735133 0.2555410691003912 9.1
75.47189402580261  seconds  1.2025157735133 0.2555410691003912 10.100000000000001
70.46999168395996  seconds  1.2025157735133 0.2555410691003912 12.100000000000001
75.14403009414673  seconds  1.2025157735133 0.2555410691003912 0.2
74.4806706905365  seconds  1.2025157735133 0.2555410691003912 1.2000000000000002
74.21342706680298  seconds  1.2025157735133 0.2555410691003912 13.100000000000001
71.11604928970337  seconds  1.2025157735133 0.2555410691003912 4.2
74.70955801010132  seconds  1.2025157735133 0.2555410691003912 14.100000000000001
74.62114524841309  seconds  1.2025157735133 0.2555410691003912 2.2
69.82577562332153  seconds  1.2025157735133 0.2555410691003912 17.1
75.01179075241089  seconds  1.2025157735133 0.2555410691003912 15.100000000000001
75.09644412994385  seconds  1.2025157735133 0.2555410691003912 3.2
70.36782360076904  seconds  1.2025157735133 0.2555410691003912 6.2
74.07515716552734  seconds  1.2025157735133 0.2555410691003912 16.1
71.04570651054382  seconds  1.2025157735133 0.2555410691003912 18.1
71.09293532371521  seconds  1.2025157735133 0.2555410691003912 7.2
74.07131791114807  seconds  1.2025157735133 0.2555410691003912 5.2
70.14270853996277  seconds  1.2025157735133 0.2555410691003912 8.200000000000001
74.26855230331421  seconds  1.2025157735133 0.2555410691003912 19.1
71.03158903121948  seconds  1.2025157735133 0.2555410691003912 11.200000000000001
74.2308235168457  seconds  1.2025157735133 0.2555410691003912 9.200000000000001
70.64517188072205  seconds  1.2025157735133 0.2555410691003912 12.200000000000001
74.34138107299805  seconds  1.2025157735133 0.2555410691003912 10.200000000000001
73.75169444084167  seconds  1.2025157735133 0.2555410691003912 0.30000000000000004
70.82734870910645  seconds  1.2025157735133 0.2555410691003912 13.200000000000001
71.006520986557  seconds  1.2025157735133 0.2555410691003912 4.3
74.32160067558289  seconds  1.2025157735133 0.2555410691003912 1.3
74.18237781524658  seconds  1.2025157735133 0.2555410691003912 14.200000000000001
74.41882872581482  seconds  1.2025157735133 0.2555410691003912 2.3000000000000003
70.28994989395142  seconds  1.2025157735133 0.2555410691003912 17.2
73.9793004989624  seconds  1.2025157735133 0.2555410691003912 15.200000000000001
74.83904385566711  seconds  1.2025157735133 0.2555410691003912 3.3000000000000003
70.8291289806366  seconds  1.2025157735133 0.2555410691003912 6.300000000000001
71.06331157684326  seconds  1.2025157735133 0.2555410691003912 18.2
74.4527895450592  seconds  1.2025157735133 0.2555410691003912 16.2
70.75053668022156  seconds  1.2025157735133 0.2555410691003912 7.300000000000001
74.30304384231567  seconds  1.2025157735133 0.2555410691003912 5.300000000000001
70.30126738548279  seconds  1.2025157735133 0.2555410691003912 8.3
74.7752103805542  seconds  1.2025157735133 0.2555410691003912 19.200000000000003
71.01579976081848  seconds  1.2025157735133 0.2555410691003912 11.3
70.99402976036072  seconds  1.2025157735133 0.2555410691003912 12.3
74.778315782547  seconds  1.2025157735133 0.2555410691003912 9.3
74.47430610656738  seconds  1.2025157735133 0.2555410691003912 10.3
74.05610728263855  seconds  1.2025157735133 0.2555410691003912 0.4
71.0357084274292  seconds  1.2025157735133 0.2555410691003912 13.3
71.53351712226868  seconds  1.2025157735133 0.2555410691003912 4.4
74.40122532844543  seconds  1.2025157735133 0.2555410691003912 1.4000000000000001
70.24588465690613  seconds  1.2025157735133 0.2555410691003912 17.3
73.9374794960022  seconds  1.2025157735133 0.2555410691003912 14.3
74.56055879592896  seconds  1.2025157735133 0.2555410691003912 2.4000000000000004
71.01572799682617  seconds  1.2025157735133 0.2555410691003912 6.4
74.59415698051453  seconds  1.2025157735133 0.2555410691003912 15.3
70.53060173988342  seconds  1.2025157735133 0.2555410691003912 18.3
74.78209972381592  seconds  1.2025157735133 0.2555410691003912 3.4000000000000004
70.81592035293579  seconds  1.2025157735133 0.2555410691003912 7.4
74.66809749603271  seconds  1.2025157735133 0.2555410691003912 16.3
70.59008741378784  seconds  1.2025157735133 0.2555410691003912 8.4
73.528249502182  seconds  1.2025157735133 0.2555410691003912 5.4
74.66024684906006  seconds  1.2025157735133 0.2555410691003912 19.3
71.18651509284973  seconds  1.2025157735133 0.2555410691003912 11.4
70.75898575782776  seconds  1.2025157735133 0.2555410691003912 12.4
74.48663210868835  seconds  1.2025157735133 0.2555410691003912 9.4
74.31067538261414  seconds  1.2025157735133 0.2555410691003912 10.4
70.87712931632996  seconds  1.2025157735133 0.2555410691003912 13.4
73.69650745391846  seconds  1.2025157735133 0.2555410691003912 0.5
71.35428214073181  seconds  1.2025157735133 0.2555410691003912 4.5
70.34352922439575  seconds  1.2025157735133 0.2555410691003912 17.400000000000002
74.04114127159119  seconds  1.2025157735133 0.2555410691003912 1.5
74.03895998001099  seconds  1.2025157735133 0.2555410691003912 14.4
73.9329571723938  seconds  1.2025157735133 0.2555410691003912 2.5
70.58733415603638  seconds  1.2025157735133 0.2555410691003912 6.5
71.21514749526978  seconds  1.2025157735133 0.2555410691003912 18.400000000000002
70.53682804107666  seconds  1.2025157735133 0.2555410691003912 7.5
74.84085154533386  seconds  1.2025157735133 0.2555410691003912 15.4
74.58189868927002  seconds  1.2025157735133 0.2555410691003912 3.5
70.59507751464844  seconds  1.2025157735133 0.2555410691003912 8.5
74.5969340801239  seconds  1.2025157735133 0.2555410691003912 16.400000000000002
74.25897645950317  seconds  1.2025157735133 0.2555410691003912 5.5
70.50231146812439  seconds  1.2025157735133 0.2555410691003912 11.5
74.57486343383789  seconds  1.2025157735133 0.2555410691003912 19.400000000000002
71.1116144657135  seconds  1.2025157735133 0.2555410691003912 12.5
74.42308735847473  seconds  1.2025157735133 0.2555410691003912 9.5
74.65796446800232  seconds  1.2025157735133 0.2555410691003912 10.5
71.40747046470642  seconds  1.2025157735133 0.2555410691003912 13.5
71.43921113014221  seconds  1.2025157735133 0.2555410691003912 4.6000000000000005
74.03167414665222  seconds  1.2025157735133 0.2555410691003912 0.6000000000000001
70.31940007209778  seconds  1.2025157735133 0.2555410691003912 17.5
74.36223673820496  seconds  1.2025157735133 0.2555410691003912 1.6
70.64659905433655  seconds  1.2025157735133 0.2555410691003912 6.6000000000000005
74.06388831138611  seconds  1.2025157735133 0.2555410691003912 14.5
74.19022583961487  seconds  1.2025157735133 0.2555410691003912 2.6
70.74221444129944  seconds  1.2025157735133 0.2555410691003912 18.5
71.26837825775146  seconds  1.2025157735133 0.2555410691003912 7.6000000000000005
74.21578049659729  seconds  1.2025157735133 0.2555410691003912 15.5
70.75692653656006  seconds  1.2025157735133 0.2555410691003912 8.6
74.33495950698853  seconds  1.2025157735133 0.2555410691003912 3.6
74.26364207267761  seconds  1.2025157735133 0.2555410691003912 16.5
73.73478507995605  seconds  1.2025157735133 0.2555410691003912 5.6000000000000005
70.92240238189697  seconds  1.2025157735133 0.2555410691003912 11.600000000000001
74.54769396781921  seconds  1.2025157735133 0.2555410691003912 19.5
71.25431418418884  seconds  1.2025157735133 0.2555410691003912 12.600000000000001
74.64890646934509  seconds  1.2025157735133 0.2555410691003912 9.600000000000001
74.78884840011597  seconds  1.2025157735133 0.2555410691003912 10.600000000000001
70.68769931793213  seconds  1.2025157735133 0.2555410691003912 13.600000000000001
71.5175552368164  seconds  1.2025157735133 0.2555410691003912 4.7
70.95234155654907  seconds  1.2025157735133 0.2555410691003912 17.6
74.18720769882202  seconds  1.2025157735133 0.2555410691003912 0.7000000000000001
74.57110357284546  seconds  1.2025157735133 0.2555410691003912 1.7000000000000002
70.79851341247559  seconds  1.2025157735133 0.2555410691003912 6.7
71.53918075561523  seconds  1.2025157735133 0.2555410691003912 18.6
74.47679352760315  seconds  1.2025157735133 0.2555410691003912 14.600000000000001
71.11979007720947  seconds  1.2025157735133 0.2555410691003912 7.7
74.27019262313843  seconds  1.2025157735133 0.2555410691003912 2.7
70.99614834785461  seconds  1.2025157735133 0.2555410691003912 8.700000000000001
74.56190514564514  seconds  1.2025157735133 0.2555410691003912 15.600000000000001
74.23814415931702  seconds  1.2025157735133 0.2555410691003912 3.7
74.40418982505798  seconds  1.2025157735133 0.2555410691003912 16.6
74.28782105445862  seconds  1.2025157735133 0.2555410691003912 5.7
70.61174702644348  seconds  1.2025157735133 0.2555410691003912 11.700000000000001
74.32671523094177  seconds  1.2025157735133 0.2555410691003912 19.6
70.7370171546936  seconds  1.2025157735133 0.2555410691003912 12.700000000000001
73.94615840911865  seconds  1.2025157735133 0.2555410691003912 9.700000000000001
70.50586700439453  seconds  1.2025157735133 0.2555410691003912 13.700000000000001
74.7432222366333  seconds  1.2025157735133 0.2555410691003912 10.700000000000001
70.83312344551086  seconds  1.2025157735133 0.2555410691003912 4.800000000000001
70.7422878742218  seconds  1.2025157735133 0.2555410691003912 17.7
73.98948001861572  seconds  1.2025157735133 0.2555410691003912 0.8
70.47022795677185  seconds  1.2025157735133 0.2555410691003912 6.800000000000001
70.81123971939087  seconds  1.2025157735133 0.2555410691003912 18.7
74.50745296478271  seconds  1.2025157735133 0.2555410691003912 1.8
70.73578071594238  seconds  1.2025157735133 0.2555410691003912 7.800000000000001
74.32093620300293  seconds  1.2025157735133 0.2555410691003912 14.700000000000001
73.9163224697113  seconds  1.2025157735133 0.2555410691003912 2.8000000000000003
71.25138235092163  seconds  1.2025157735133 0.2555410691003912 8.8
74.70513606071472  seconds  1.2025157735133 0.2555410691003912 15.700000000000001
74.63231110572815  seconds  1.2025157735133 0.2555410691003912 3.8000000000000003
74.69938158988953  seconds  1.2025157735133 0.2555410691003912 16.7
73.96037602424622  seconds  1.2025157735133 0.2555410691003912 5.800000000000001
70.82697367668152  seconds  1.2025157735133 0.2555410691003912 11.8
70.50699830055237  seconds  1.2025157735133 0.2555410691003912 12.8
74.18166279792786  seconds  1.2025157735133 0.2555410691003912 19.700000000000003
74.50401091575623  seconds  1.2025157735133 0.2555410691003912 9.8
70.6651463508606  seconds  1.2025157735133 0.2555410691003912 13.8
71.10471606254578  seconds  1.2025157735133 0.2555410691003912 4.9
74.4862916469574  seconds  1.2025157735133 0.2555410691003912 10.8
70.28104996681213  seconds  1.2025157735133 0.2555410691003912 17.8
70.3512532711029  seconds  1.2025157735133 0.2555410691003912 6.9
73.85953283309937  seconds  1.2025157735133 0.2555410691003912 0.9
70.7261118888855  seconds  1.2025157735133 0.2555410691003912 18.8
69.9791476726532  seconds  1.2025157735133 0.2555410691003912 7.9
74.03801465034485  seconds  1.2025157735133 0.2555410691003912 1.9000000000000001
70.14889216423035  seconds  1.2025157735133 0.2555410691003912 8.9
73.45726728439331  seconds  1.2025157735133 0.2555410691003912 14.8
73.60606694221497  seconds  1.2025157735133 0.2555410691003912 2.9000000000000004
72.62188529968262  seconds  1.2025157735133 0.2555410691003912 15.8
73.32434940338135  seconds  1.2025157735133 0.2555410691003912 3.9000000000000004
72.5532112121582  seconds  1.2025157735133 0.2555410691003912 16.8
67.55710673332214  seconds  1.2025157735133 0.2555410691003912 11.9
72.27501630783081  seconds  1.2025157735133 0.2555410691003912 5.9
66.23686504364014  seconds  1.2025157735133 0.2555410691003912 12.9
71.3311984539032  seconds  1.2025157735133 0.2555410691003912 19.8
63.16440558433533  seconds  1.2025157735133 0.2555410691003912 13.9
68.17581677436829  seconds  1.2025157735133 0.2555410691003912 9.9
61.49422550201416  seconds  1.2025157735133 0.2555410691003912 17.900000000000002
66.69267535209656  seconds  1.2025157735133 0.2555410691003912 10.9
59.42545938491821  seconds  1.2025157735133 0.2555410691003912 18.900000000000002
62.992762088775635  seconds  1.2025157735133 0.2555410691003912 14.9
61.50748682022095  seconds  1.2025157735133 0.2555410691003912 15.9
60.6006281375885  seconds  1.2025157735133 0.2555410691003912 16.900000000000002
58.669682025909424  seconds  1.2025157735133 0.2555410691003912 19.900000000000002
time for calc.... 836.7046155929565
energy at the point.. 1.1705621182385484 0.3807040417209908  is  -8.845611631613792e-06
200 the points 10 chunk numtheads
starting with calculation of Sigma
61.53321170806885  seconds  1.1705621182385484 0.3807040417209908 0.0
63.55838179588318  seconds  1.1705621182385484 0.3807040417209908 1.0
64.24825167655945  seconds  1.1705621182385484 0.3807040417209908 2.0
60.3837525844574  seconds  1.1705621182385484 0.3807040417209908 3.0
65.71465706825256  seconds  1.1705621182385484 0.3807040417209908 4.0
66.28410530090332  seconds  1.1705621182385484 0.3807040417209908 5.0
69.55510687828064  seconds  1.1705621182385484 0.3807040417209908 6.0
69.49312806129456  seconds  1.1705621182385484 0.3807040417209908 7.0
68.93584084510803  seconds  1.1705621182385484 0.3807040417209908 8.0
67.56602954864502  seconds  1.1705621182385484 0.3807040417209908 9.0
71.43635082244873  seconds  1.1705621182385484 0.3807040417209908 10.0
72.56483125686646  seconds  1.1705621182385484 0.3807040417209908 11.0
68.94158935546875  seconds  1.1705621182385484 0.3807040417209908 12.0
73.40903759002686  seconds  1.1705621182385484 0.3807040417209908 0.1
73.69497752189636  seconds  1.1705621182385484 0.3807040417209908 13.0
74.61421036720276  seconds  1.1705621182385484 0.3807040417209908 1.1
73.01294660568237  seconds  1.1705621182385484 0.3807040417209908 14.0
70.23805522918701  seconds  1.1705621182385484 0.3807040417209908 3.1
73.93797492980957  seconds  1.1705621182385484 0.3807040417209908 2.1
74.31843638420105  seconds  1.1705621182385484 0.3807040417209908 15.0
69.44122242927551  seconds  1.1705621182385484 0.3807040417209908 4.1000000000000005
73.87977290153503  seconds  1.1705621182385484 0.3807040417209908 16.0
70.37286424636841  seconds  1.1705621182385484 0.3807040417209908 5.1000000000000005
74.64698815345764  seconds  1.1705621182385484 0.3807040417209908 17.0
74.15865707397461  seconds  1.1705621182385484 0.3807040417209908 18.0
70.91652464866638  seconds  1.1705621182385484 0.3807040417209908 19.0
74.72980165481567  seconds  1.1705621182385484 0.3807040417209908 6.1000000000000005
74.7214732170105  seconds  1.1705621182385484 0.3807040417209908 7.1000000000000005
71.7158830165863  seconds  1.1705621182385484 0.3807040417209908 8.1
70.44413375854492  seconds  1.1705621182385484 0.3807040417209908 9.1
74.92058086395264  seconds  1.1705621182385484 0.3807040417209908 10.100000000000001
70.60602688789368  seconds  1.1705621182385484 0.3807040417209908 12.100000000000001
74.74772667884827  seconds  1.1705621182385484 0.3807040417209908 11.100000000000001
74.66034746170044  seconds  1.1705621182385484 0.3807040417209908 0.2
74.47674798965454  seconds  1.1705621182385484 0.3807040417209908 13.100000000000001
71.00986909866333  seconds  1.1705621182385484 0.3807040417209908 1.2000000000000002
71.15265369415283  seconds  1.1705621182385484 0.3807040417209908 14.100000000000001
71.60732293128967  seconds  1.1705621182385484 0.3807040417209908 3.2
74.36407470703125  seconds  1.1705621182385484 0.3807040417209908 2.2
70.11178374290466  seconds  1.1705621182385484 0.3807040417209908 4.2
74.88489651679993  seconds  1.1705621182385484 0.3807040417209908 15.100000000000001
74.48214030265808  seconds  1.1705621182385484 0.3807040417209908 16.1
70.40767931938171  seconds  1.1705621182385484 0.3807040417209908 5.2
74.44034314155579  seconds  1.1705621182385484 0.3807040417209908 17.1
69.95775508880615  seconds  1.1705621182385484 0.3807040417209908 19.1
74.04989719390869  seconds  1.1705621182385484 0.3807040417209908 18.1
74.7628538608551  seconds  1.1705621182385484 0.3807040417209908 6.2
71.10685610771179  seconds  1.1705621182385484 0.3807040417209908 8.200000000000001
74.5045280456543  seconds  1.1705621182385484 0.3807040417209908 7.2
70.7804446220398  seconds  1.1705621182385484 0.3807040417209908 9.200000000000001
74.20667886734009  seconds  1.1705621182385484 0.3807040417209908 10.200000000000001
70.76874089241028  seconds  1.1705621182385484 0.3807040417209908 12.200000000000001
74.27360391616821  seconds  1.1705621182385484 0.3807040417209908 11.200000000000001
74.26282930374146  seconds  1.1705621182385484 0.3807040417209908 0.30000000000000004
70.89773869514465  seconds  1.1705621182385484 0.3807040417209908 1.3
70.77801465988159  seconds  1.1705621182385484 0.3807040417209908 14.200000000000001
73.92585372924805  seconds  1.1705621182385484 0.3807040417209908 13.200000000000001
70.85940599441528  seconds  1.1705621182385484 0.3807040417209908 3.3000000000000003
70.30776500701904  seconds  1.1705621182385484 0.3807040417209908 4.3
74.44034361839294  seconds  1.1705621182385484 0.3807040417209908 2.3000000000000003
74.70217752456665  seconds  1.1705621182385484 0.3807040417209908 15.200000000000001
70.21966552734375  seconds  1.1705621182385484 0.3807040417209908 5.300000000000001
74.21246886253357  seconds  1.1705621182385484 0.3807040417209908 16.2
70.25983238220215  seconds  1.1705621182385484 0.3807040417209908 19.200000000000003
74.37329196929932  seconds  1.1705621182385484 0.3807040417209908 17.2
74.33897614479065  seconds  1.1705621182385484 0.3807040417209908 18.2
70.95705986022949  seconds  1.1705621182385484 0.3807040417209908 8.3
74.56175112724304  seconds  1.1705621182385484 0.3807040417209908 6.300000000000001
71.04474973678589  seconds  1.1705621182385484 0.3807040417209908 9.3
74.1816713809967  seconds  1.1705621182385484 0.3807040417209908 7.300000000000001
71.01006436347961  seconds  1.1705621182385484 0.3807040417209908 12.3
74.23466634750366  seconds  1.1705621182385484 0.3807040417209908 10.3
74.37729668617249  seconds  1.1705621182385484 0.3807040417209908 11.3
71.32539916038513  seconds  1.1705621182385484 0.3807040417209908 1.4000000000000001
70.82680010795593  seconds  1.1705621182385484 0.3807040417209908 14.3
73.92320775985718  seconds  1.1705621182385484 0.3807040417209908 0.4
71.04334592819214  seconds  1.1705621182385484 0.3807040417209908 3.4000000000000004
74.14069724082947  seconds  1.1705621182385484 0.3807040417209908 13.3
70.10000371932983  seconds  1.1705621182385484 0.3807040417209908 4.4
73.68965578079224  seconds  1.1705621182385484 0.3807040417209908 2.4000000000000004
70.19863820075989  seconds  1.1705621182385484 0.3807040417209908 5.4
74.50776052474976  seconds  1.1705621182385484 0.3807040417209908 15.3
74.48934984207153  seconds  1.1705621182385484 0.3807040417209908 16.3
70.55035781860352  seconds  1.1705621182385484 0.3807040417209908 19.3
74.2452483177185  seconds  1.1705621182385484 0.3807040417209908 17.3
74.29206943511963  seconds  1.1705621182385484 0.3807040417209908 18.3
71.14254474639893  seconds  1.1705621182385484 0.3807040417209908 8.4
70.99810028076172  seconds  1.1705621182385484 0.3807040417209908 9.4
74.74078440666199  seconds  1.1705621182385484 0.3807040417209908 6.4
74.214271068573  seconds  1.1705621182385484 0.3807040417209908 7.4
70.68364024162292  seconds  1.1705621182385484 0.3807040417209908 12.4
74.35024738311768  seconds  1.1705621182385484 0.3807040417209908 10.4
73.81340003013611  seconds  1.1705621182385484 0.3807040417209908 11.4
71.68929553031921  seconds  1.1705621182385484 0.3807040417209908 1.5
71.51705265045166  seconds  1.1705621182385484 0.3807040417209908 14.4
70.89201807975769  seconds  1.1705621182385484 0.3807040417209908 3.5
74.46188259124756  seconds  1.1705621182385484 0.3807040417209908 0.5
70.73804140090942  seconds  1.1705621182385484 0.3807040417209908 4.5
74.6360650062561  seconds  1.1705621182385484 0.3807040417209908 13.4
69.85738801956177  seconds  1.1705621182385484 0.3807040417209908 5.5
74.18930554389954  seconds  1.1705621182385484 0.3807040417209908 2.5
75.09218668937683  seconds  1.1705621182385484 0.3807040417209908 15.4
70.52167010307312  seconds  1.1705621182385484 0.3807040417209908 19.400000000000002
74.66877698898315  seconds  1.1705621182385484 0.3807040417209908 16.400000000000002
73.86610317230225  seconds  1.1705621182385484 0.3807040417209908 17.400000000000002
70.97647261619568  seconds  1.1705621182385484 0.3807040417209908 8.5
74.45476031303406  seconds  1.1705621182385484 0.3807040417209908 18.400000000000002
70.83494424819946  seconds  1.1705621182385484 0.3807040417209908 9.5
74.57387924194336  seconds  1.1705621182385484 0.3807040417209908 6.5
74.4087245464325  seconds  1.1705621182385484 0.3807040417209908 7.5
70.3594582080841  seconds  1.1705621182385484 0.3807040417209908 12.5
73.880206823349  seconds  1.1705621182385484 0.3807040417209908 10.5
70.50514936447144  seconds  1.1705621182385484 0.3807040417209908 1.6
74.12754344940186  seconds  1.1705621182385484 0.3807040417209908 11.5
71.15637111663818  seconds  1.1705621182385484 0.3807040417209908 14.5
71.194171667099  seconds  1.1705621182385484 0.3807040417209908 3.6
70.58370923995972  seconds  1.1705621182385484 0.3807040417209908 4.6000000000000005
74.67064762115479  seconds  1.1705621182385484 0.3807040417209908 0.6000000000000001
74.35456490516663  seconds  1.1705621182385484 0.3807040417209908 13.5
70.31244206428528  seconds  1.1705621182385484 0.3807040417209908 5.6000000000000005
74.06373715400696  seconds  1.1705621182385484 0.3807040417209908 2.6
70.39775681495667  seconds  1.1705621182385484 0.3807040417209908 19.5
74.02412390708923  seconds  1.1705621182385484 0.3807040417209908 15.5
74.60059928894043  seconds  1.1705621182385484 0.3807040417209908 16.5
74.12833380699158  seconds  1.1705621182385484 0.3807040417209908 17.5
71.36099696159363  seconds  1.1705621182385484 0.3807040417209908 8.6
71.0084981918335  seconds  1.1705621182385484 0.3807040417209908 9.600000000000001
73.39508152008057  seconds  1.1705621182385484 0.3807040417209908 18.5
74.72853374481201  seconds  1.1705621182385484 0.3807040417209908 6.6000000000000005
74.16643762588501  seconds  1.1705621182385484 0.3807040417209908 7.6000000000000005
70.1974687576294  seconds  1.1705621182385484 0.3807040417209908 12.600000000000001
74.5101375579834  seconds  1.1705621182385484 0.3807040417209908 10.600000000000001
71.08007478713989  seconds  1.1705621182385484 0.3807040417209908 1.7000000000000002
71.75239253044128  seconds  1.1705621182385484 0.3807040417209908 14.600000000000001
71.06021642684937  seconds  1.1705621182385484 0.3807040417209908 3.7
74.37367296218872  seconds  1.1705621182385484 0.3807040417209908 11.600000000000001
70.43657207489014  seconds  1.1705621182385484 0.3807040417209908 4.7
69.58469986915588  seconds  1.1705621182385484 0.3807040417209908 5.7
74.37041306495667  seconds  1.1705621182385484 0.3807040417209908 0.7000000000000001
74.4709005355835  seconds  1.1705621182385484 0.3807040417209908 13.600000000000001
70.81018400192261  seconds  1.1705621182385484 0.3807040417209908 19.6
73.6276524066925  seconds  1.1705621182385484 0.3807040417209908 2.7
74.28626346588135  seconds  1.1705621182385484 0.3807040417209908 15.600000000000001
74.58222389221191  seconds  1.1705621182385484 0.3807040417209908 16.6
71.22539854049683  seconds  1.1705621182385484 0.3807040417209908 8.700000000000001
74.67087006568909  seconds  1.1705621182385484 0.3807040417209908 17.6
71.14967727661133  seconds  1.1705621182385484 0.3807040417209908 9.700000000000001
74.02248549461365  seconds  1.1705621182385484 0.3807040417209908 18.6
74.37187790870667  seconds  1.1705621182385484 0.3807040417209908 6.7
71.29004788398743  seconds  1.1705621182385484 0.3807040417209908 12.700000000000001
74.42476439476013  seconds  1.1705621182385484 0.3807040417209908 7.7
71.26277947425842  seconds  1.1705621182385484 0.3807040417209908 1.8
74.51622152328491  seconds  1.1705621182385484 0.3807040417209908 10.700000000000001
71.5846598148346  seconds  1.1705621182385484 0.3807040417209908 14.700000000000001
71.03783798217773  seconds  1.1705621182385484 0.3807040417209908 3.8000000000000003
70.7258951663971  seconds  1.1705621182385484 0.3807040417209908 4.800000000000001
74.58859324455261  seconds  1.1705621182385484 0.3807040417209908 11.700000000000001
70.69566202163696  seconds  1.1705621182385484 0.3807040417209908 5.800000000000001
74.53890323638916  seconds  1.1705621182385484 0.3807040417209908 0.8
74.70579409599304  seconds  1.1705621182385484 0.3807040417209908 13.700000000000001
70.57907509803772  seconds  1.1705621182385484 0.3807040417209908 19.700000000000003
74.32888054847717  seconds  1.1705621182385484 0.3807040417209908 2.8000000000000003
74.58998489379883  seconds  1.1705621182385484 0.3807040417209908 15.700000000000001
74.93877959251404  seconds  1.1705621182385484 0.3807040417209908 16.7
71.0548746585846  seconds  1.1705621182385484 0.3807040417209908 8.8
71.49244046211243  seconds  1.1705621182385484 0.3807040417209908 9.8
74.45634174346924  seconds  1.1705621182385484 0.3807040417209908 17.7
74.26258635520935  seconds  1.1705621182385484 0.3807040417209908 18.7
70.62101554870605  seconds  1.1705621182385484 0.3807040417209908 12.8
74.45756030082703  seconds  1.1705621182385484 0.3807040417209908 6.800000000000001
74.75602293014526  seconds  1.1705621182385484 0.3807040417209908 7.800000000000001
71.15276408195496  seconds  1.1705621182385484 0.3807040417209908 1.9000000000000001
71.30274081230164  seconds  1.1705621182385484 0.3807040417209908 3.9000000000000004
72.12917923927307  seconds  1.1705621182385484 0.3807040417209908 14.8
74.31731486320496  seconds  1.1705621182385484 0.3807040417209908 10.8
70.27457666397095  seconds  1.1705621182385484 0.3807040417209908 4.9
69.39452600479126  seconds  1.1705621182385484 0.3807040417209908 5.9
74.55238676071167  seconds  1.1705621182385484 0.3807040417209908 11.8
74.08018779754639  seconds  1.1705621182385484 0.3807040417209908 0.9
68.890953540802  seconds  1.1705621182385484 0.3807040417209908 19.8
74.58851218223572  seconds  1.1705621182385484 0.3807040417209908 13.8
73.70691299438477  seconds  1.1705621182385484 0.3807040417209908 2.9000000000000004
67.78370809555054  seconds  1.1705621182385484 0.3807040417209908 8.9
73.08551597595215  seconds  1.1705621182385484 0.3807040417209908 15.8
67.6996705532074  seconds  1.1705621182385484 0.3807040417209908 9.9
72.7664520740509  seconds  1.1705621182385484 0.3807040417209908 16.8
72.44125151634216  seconds  1.1705621182385484 0.3807040417209908 17.8
71.07553100585938  seconds  1.1705621182385484 0.3807040417209908 18.8
65.6816463470459  seconds  1.1705621182385484 0.3807040417209908 12.9
71.24711322784424  seconds  1.1705621182385484 0.3807040417209908 6.9
70.86912155151367  seconds  1.1705621182385484 0.3807040417209908 7.9
62.05059361457825  seconds  1.1705621182385484 0.3807040417209908 14.9
68.58836913108826  seconds  1.1705621182385484 0.3807040417209908 10.9
67.29519200325012  seconds  1.1705621182385484 0.3807040417209908 11.9
59.70553803443909  seconds  1.1705621182385484 0.3807040417209908 19.900000000000002
65.58373188972473  seconds  1.1705621182385484 0.3807040417209908 13.9
58.93298864364624  seconds  1.1705621182385484 0.3807040417209908 15.9
62.03045654296875  seconds  1.1705621182385484 0.3807040417209908 16.900000000000002
62.29434633255005  seconds  1.1705621182385484 0.3807040417209908 17.900000000000002
61.04697251319885  seconds  1.1705621182385484 0.3807040417209908 18.900000000000002
time for calc.... 824.1227447986603
energy at the point.. 1.127900912646675 0.495969637296392  is  -2.8631012355617713e-05
200 the points 10 chunk numtheads
starting with calculation of Sigma
61.57290434837341  seconds  1.127900912646675 0.495969637296392 0.0
64.4123785495758  seconds  1.127900912646675 0.495969637296392 1.0
64.8283429145813  seconds  1.127900912646675 0.495969637296392 2.0
65.77721977233887  seconds  1.127900912646675 0.495969637296392 3.0
66.9724051952362  seconds  1.127900912646675 0.495969637296392 4.0
62.76873159408569  seconds  1.127900912646675 0.495969637296392 6.0
68.95863485336304  seconds  1.127900912646675 0.495969637296392 5.0
65.45498967170715  seconds  1.127900912646675 0.495969637296392 7.0
73.36415243148804  seconds  1.127900912646675 0.495969637296392 8.0
72.17610764503479  seconds  1.127900912646675 0.495969637296392 9.0
72.3044421672821  seconds  1.127900912646675 0.495969637296392 10.0
67.22633767127991  seconds  1.127900912646675 0.495969637296392 11.0
68.06186580657959  seconds  1.127900912646675 0.495969637296392 0.1
68.24676632881165  seconds  1.127900912646675 0.495969637296392 13.0
75.16760897636414  seconds  1.127900912646675 0.495969637296392 12.0
74.76513957977295  seconds  1.127900912646675 0.495969637296392 1.1
70.08075737953186  seconds  1.127900912646675 0.495969637296392 3.1
76.51006841659546  seconds  1.127900912646675 0.495969637296392 2.1
76.53564167022705  seconds  1.127900912646675 0.495969637296392 14.0
69.81157279014587  seconds  1.127900912646675 0.495969637296392 16.0
76.42739796638489  seconds  1.127900912646675 0.495969637296392 15.0
68.90424966812134  seconds  1.127900912646675 0.495969637296392 6.1000000000000005
75.96055436134338  seconds  1.127900912646675 0.495969637296392 4.1000000000000005
69.24911665916443  seconds  1.127900912646675 0.495969637296392 7.1000000000000005
76.71870732307434  seconds  1.127900912646675 0.495969637296392 5.1000000000000005
69.83349204063416  seconds  1.127900912646675 0.495969637296392 19.0
77.25334525108337  seconds  1.127900912646675 0.495969637296392 18.0
83.00173425674438  seconds  1.127900912646675 0.495969637296392 17.0
76.79325675964355  seconds  1.127900912646675 0.495969637296392 8.1
70.01868295669556  seconds  1.127900912646675 0.495969637296392 11.100000000000001
77.3307511806488  seconds  1.127900912646675 0.495969637296392 9.1
69.67177653312683  seconds  1.127900912646675 0.495969637296392 0.2
76.4751329421997  seconds  1.127900912646675 0.495969637296392 10.100000000000001
69.18132495880127  seconds  1.127900912646675 0.495969637296392 13.100000000000001
76.29887270927429  seconds  1.127900912646675 0.495969637296392 12.100000000000001
69.31152200698853  seconds  1.127900912646675 0.495969637296392 3.2
76.56500911712646  seconds  1.127900912646675 0.495969637296392 1.2000000000000002
69.67052459716797  seconds  1.127900912646675 0.495969637296392 16.1
76.91695642471313  seconds  1.127900912646675 0.495969637296392 14.100000000000001
78.25780868530273  seconds  1.127900912646675 0.495969637296392 2.2
69.49155950546265  seconds  1.127900912646675 0.495969637296392 6.2
76.3994026184082  seconds  1.127900912646675 0.495969637296392 15.100000000000001
76.05255079269409  seconds  1.127900912646675 0.495969637296392 4.2
70.07111382484436  seconds  1.127900912646675 0.495969637296392 7.2
69.61495971679688  seconds  1.127900912646675 0.495969637296392 19.1
76.05842351913452  seconds  1.127900912646675 0.495969637296392 5.2
78.46118712425232  seconds  1.127900912646675 0.495969637296392 18.1
78.53108716011047  seconds  1.127900912646675 0.495969637296392 17.1
69.5852620601654  seconds  1.127900912646675 0.495969637296392 11.200000000000001
75.52681136131287  seconds  1.127900912646675 0.495969637296392 8.200000000000001
70.95644354820251  seconds  1.127900912646675 0.495969637296392 0.30000000000000004
77.4946985244751  seconds  1.127900912646675 0.495969637296392 9.200000000000001
70.0640218257904  seconds  1.127900912646675 0.495969637296392 13.200000000000001
76.415030002594  seconds  1.127900912646675 0.495969637296392 10.200000000000001
70.25088906288147  seconds  1.127900912646675 0.495969637296392 3.3000000000000003
78.37177777290344  seconds  1.127900912646675 0.495969637296392 12.200000000000001
70.46759867668152  seconds  1.127900912646675 0.495969637296392 16.2
75.49841046333313  seconds  1.127900912646675 0.495969637296392 1.3
70.0837025642395  seconds  1.127900912646675 0.495969637296392 6.300000000000001
75.36706781387329  seconds  1.127900912646675 0.495969637296392 14.200000000000001
75.19259738922119  seconds  1.127900912646675 0.495969637296392 2.3000000000000003
76.33871722221375  seconds  1.127900912646675 0.495969637296392 15.200000000000001
70.91660904884338  seconds  1.127900912646675 0.495969637296392 7.300000000000001
74.91031217575073  seconds  1.127900912646675 0.495969637296392 4.3
70.52035331726074  seconds  1.127900912646675 0.495969637296392 19.200000000000003
73.93472409248352  seconds  1.127900912646675 0.495969637296392 5.300000000000001
74.84710025787354  seconds  1.127900912646675 0.495969637296392 17.2
75.25376844406128  seconds  1.127900912646675 0.495969637296392 18.2
70.76692271232605  seconds  1.127900912646675 0.495969637296392 11.3
74.19960260391235  seconds  1.127900912646675 0.495969637296392 8.3
70.7927942276001  seconds  1.127900912646675 0.495969637296392 0.4
70.92796111106873  seconds  1.127900912646675 0.495969637296392 13.3
75.04544425010681  seconds  1.127900912646675 0.495969637296392 9.3
75.17318272590637  seconds  1.127900912646675 0.495969637296392 10.3
70.64714026451111  seconds  1.127900912646675 0.495969637296392 3.4000000000000004
72.21409010887146  seconds  1.127900912646675 0.495969637296392 12.3
71.18129372596741  seconds  1.127900912646675 0.495969637296392 16.3
74.41196799278259  seconds  1.127900912646675 0.495969637296392 1.4000000000000001
71.10671424865723  seconds  1.127900912646675 0.495969637296392 6.4
74.84937858581543  seconds  1.127900912646675 0.495969637296392 14.3
74.67638039588928  seconds  1.127900912646675 0.495969637296392 2.4000000000000004
70.61054992675781  seconds  1.127900912646675 0.495969637296392 7.4
74.56479978561401  seconds  1.127900912646675 0.495969637296392 15.3
71.12173700332642  seconds  1.127900912646675 0.495969637296392 19.3
74.80025553703308  seconds  1.127900912646675 0.495969637296392 4.4
74.16894102096558  seconds  1.127900912646675 0.495969637296392 5.4
75.27337789535522  seconds  1.127900912646675 0.495969637296392 17.3
75.05942153930664  seconds  1.127900912646675 0.495969637296392 18.3
71.40969228744507  seconds  1.127900912646675 0.495969637296392 11.4
71.87025260925293  seconds  1.127900912646675 0.495969637296392 0.5
74.43394160270691  seconds  1.127900912646675 0.495969637296392 8.4
71.32364153862  seconds  1.127900912646675 0.495969637296392 13.4
75.15984082221985  seconds  1.127900912646675 0.495969637296392 9.4
74.71665120124817  seconds  1.127900912646675 0.495969637296392 10.4
70.6153302192688  seconds  1.127900912646675 0.495969637296392 3.5
70.70233845710754  seconds  1.127900912646675 0.495969637296392 12.4
71.15226292610168  seconds  1.127900912646675 0.495969637296392 16.400000000000002
70.34668827056885  seconds  1.127900912646675 0.495969637296392 6.5
74.46090483665466  seconds  1.127900912646675 0.495969637296392 1.5
70.99795508384705  seconds  1.127900912646675 0.495969637296392 7.5
74.48486113548279  seconds  1.127900912646675 0.495969637296392 14.4
74.6268801689148  seconds  1.127900912646675 0.495969637296392 2.5
70.83055782318115  seconds  1.127900912646675 0.495969637296392 19.400000000000002
74.7092719078064  seconds  1.127900912646675 0.495969637296392 15.4
74.21632409095764  seconds  1.127900912646675 0.495969637296392 4.5
74.52242732048035  seconds  1.127900912646675 0.495969637296392 5.5
70.81050300598145  seconds  1.127900912646675 0.495969637296392 11.5
74.73030161857605  seconds  1.127900912646675 0.495969637296392 17.400000000000002
75.3404951095581  seconds  1.127900912646675 0.495969637296392 18.400000000000002
71.05302953720093  seconds  1.127900912646675 0.495969637296392 0.6000000000000001
74.16836285591125  seconds  1.127900912646675 0.495969637296392 8.5
71.1044704914093  seconds  1.127900912646675 0.495969637296392 13.5
75.24438786506653  seconds  1.127900912646675 0.495969637296392 9.5
75.0006217956543  seconds  1.127900912646675 0.495969637296392 10.5
71.2948317527771  seconds  1.127900912646675 0.495969637296392 3.6
70.62986922264099  seconds  1.127900912646675 0.495969637296392 12.5
71.12733912467957  seconds  1.127900912646675 0.495969637296392 16.5
70.55878400802612  seconds  1.127900912646675 0.495969637296392 6.6000000000000005
74.42978119850159  seconds  1.127900912646675 0.495969637296392 1.6
71.20813989639282  seconds  1.127900912646675 0.495969637296392 7.6000000000000005
70.99259281158447  seconds  1.127900912646675 0.495969637296392 19.5
74.36990094184875  seconds  1.127900912646675 0.495969637296392 14.5
75.6347668170929  seconds  1.127900912646675 0.495969637296392 2.6
74.93223786354065  seconds  1.127900912646675 0.495969637296392 15.5
74.92833542823792  seconds  1.127900912646675 0.495969637296392 4.6000000000000005
74.55751609802246  seconds  1.127900912646675 0.495969637296392 5.6000000000000005
70.56674003601074  seconds  1.127900912646675 0.495969637296392 11.600000000000001
74.32781076431274  seconds  1.127900912646675 0.495969637296392 17.5
74.8835961818695  seconds  1.127900912646675 0.495969637296392 18.5
70.94538593292236  seconds  1.127900912646675 0.495969637296392 0.7000000000000001
70.83957695960999  seconds  1.127900912646675 0.495969637296392 13.600000000000001
73.90473484992981  seconds  1.127900912646675 0.495969637296392 8.6
70.67088031768799  seconds  1.127900912646675 0.495969637296392 3.7
74.67056012153625  seconds  1.127900912646675 0.495969637296392 9.600000000000001
74.17695593833923  seconds  1.127900912646675 0.495969637296392 10.600000000000001
70.92554450035095  seconds  1.127900912646675 0.495969637296392 12.600000000000001
71.15258884429932  seconds  1.127900912646675 0.495969637296392 16.6
70.38273000717163  seconds  1.127900912646675 0.495969637296392 6.7
73.87526869773865  seconds  1.127900912646675 0.495969637296392 1.7000000000000002
70.85515022277832  seconds  1.127900912646675 0.495969637296392 7.7
70.95925688743591  seconds  1.127900912646675 0.495969637296392 19.6
74.50387763977051  seconds  1.127900912646675 0.495969637296392 14.600000000000001
74.3177535533905  seconds  1.127900912646675 0.495969637296392 2.7
74.11035490036011  seconds  1.127900912646675 0.495969637296392 15.600000000000001
74.04982137680054  seconds  1.127900912646675 0.495969637296392 4.7
73.63267016410828  seconds  1.127900912646675 0.495969637296392 5.7
70.74493050575256  seconds  1.127900912646675 0.495969637296392 11.700000000000001
71.24443864822388  seconds  1.127900912646675 0.495969637296392 0.8
74.70723843574524  seconds  1.127900912646675 0.495969637296392 17.6
74.79948449134827  seconds  1.127900912646675 0.495969637296392 18.6
70.26613688468933  seconds  1.127900912646675 0.495969637296392 13.700000000000001
74.09219121932983  seconds  1.127900912646675 0.495969637296392 8.700000000000001
70.11048769950867  seconds  1.127900912646675 0.495969637296392 3.8000000000000003
74.52838373184204  seconds  1.127900912646675 0.495969637296392 9.700000000000001
71.06617999076843  seconds  1.127900912646675 0.495969637296392 12.700000000000001
74.3760097026825  seconds  1.127900912646675 0.495969637296392 10.700000000000001
71.24432754516602  seconds  1.127900912646675 0.495969637296392 16.7
70.62754321098328  seconds  1.127900912646675 0.495969637296392 6.800000000000001
70.81704998016357  seconds  1.127900912646675 0.495969637296392 7.800000000000001
74.5245988368988  seconds  1.127900912646675 0.495969637296392 1.8
71.09164261817932  seconds  1.127900912646675 0.495969637296392 19.700000000000003
74.71492004394531  seconds  1.127900912646675 0.495969637296392 14.700000000000001
74.15904021263123  seconds  1.127900912646675 0.495969637296392 2.8000000000000003
74.99109983444214  seconds  1.127900912646675 0.495969637296392 15.700000000000001
74.12300491333008  seconds  1.127900912646675 0.495969637296392 4.800000000000001
71.48298215866089  seconds  1.127900912646675 0.495969637296392 11.8
73.54673719406128  seconds  1.127900912646675 0.495969637296392 5.800000000000001
70.389723777771  seconds  1.127900912646675 0.495969637296392 0.9
70.49004197120667  seconds  1.127900912646675 0.495969637296392 13.8
74.57141208648682  seconds  1.127900912646675 0.495969637296392 17.7
74.32434725761414  seconds  1.127900912646675 0.495969637296392 18.7
73.642902135849  seconds  1.127900912646675 0.495969637296392 8.8
70.3126015663147  seconds  1.127900912646675 0.495969637296392 3.9000000000000004
70.34701871871948  seconds  1.127900912646675 0.495969637296392 12.8
70.39130473136902  seconds  1.127900912646675 0.495969637296392 16.8
74.6257791519165  seconds  1.127900912646675 0.495969637296392 9.8
69.56597399711609  seconds  1.127900912646675 0.495969637296392 6.9
74.3306736946106  seconds  1.127900912646675 0.495969637296392 10.8
70.16634821891785  seconds  1.127900912646675 0.495969637296392 7.9
69.01184940338135  seconds  1.127900912646675 0.495969637296392 19.8
73.35577726364136  seconds  1.127900912646675 0.495969637296392 1.9000000000000001
73.14193105697632  seconds  1.127900912646675 0.495969637296392 14.8
73.61327862739563  seconds  1.127900912646675 0.495969637296392 2.9000000000000004
73.47229719161987  seconds  1.127900912646675 0.495969637296392 15.8
67.0930666923523  seconds  1.127900912646675 0.495969637296392 11.9
72.75912475585938  seconds  1.127900912646675 0.495969637296392 4.9
71.69276595115662  seconds  1.127900912646675 0.495969637296392 5.9
65.80081820487976  seconds  1.127900912646675 0.495969637296392 13.9
69.7013988494873  seconds  1.127900912646675 0.495969637296392 17.8
71.1352481842041  seconds  1.127900912646675 0.495969637296392 18.8
68.95442533493042  seconds  1.127900912646675 0.495969637296392 8.9
63.8648784160614  seconds  1.127900912646675 0.495969637296392 12.9
63.45793342590332  seconds  1.127900912646675 0.495969637296392 16.900000000000002
67.2668604850769  seconds  1.127900912646675 0.495969637296392 9.9
66.67701315879822  seconds  1.127900912646675 0.495969637296392 10.9
60.641597747802734  seconds  1.127900912646675 0.495969637296392 19.900000000000002
62.02625012397766  seconds  1.127900912646675 0.495969637296392 14.9
60.63194131851196  seconds  1.127900912646675 0.495969637296392 15.9
55.7916464805603  seconds  1.127900912646675 0.495969637296392 17.900000000000002
57.8501296043396  seconds  1.127900912646675 0.495969637296392 18.900000000000002
time for calc.... 838.5251250267029
energy at the point.. 1.0700529447417388 0.6119078661451542  is  -3.803435481586348e-05
200 the points 10 chunk numtheads
starting with calculation of Sigma
61.49438405036926  seconds  1.0700529447417388 0.6119078661451542 0.0
65.41088819503784  seconds  1.0700529447417388 0.6119078661451542 1.0
66.17331886291504  seconds  1.0700529447417388 0.6119078661451542 2.0
66.68960666656494  seconds  1.0700529447417388 0.6119078661451542 3.0
67.42101335525513  seconds  1.0700529447417388 0.6119078661451542 4.0
68.45776319503784  seconds  1.0700529447417388 0.6119078661451542 5.0
63.906291484832764  seconds  1.0700529447417388 0.6119078661451542 6.0
71.01873397827148  seconds  1.0700529447417388 0.6119078661451542 7.0
72.29171848297119  seconds  1.0700529447417388 0.6119078661451542 8.0
66.6715235710144  seconds  1.0700529447417388 0.6119078661451542 10.0
72.49669814109802  seconds  1.0700529447417388 0.6119078661451542 9.0
67.98043704032898  seconds  1.0700529447417388 0.6119078661451542 0.1
73.33154678344727  seconds  1.0700529447417388 0.6119078661451542 11.0
75.53320646286011  seconds  1.0700529447417388 0.6119078661451542 12.0
69.62240529060364  seconds  1.0700529447417388 0.6119078661451542 1.1
74.55159568786621  seconds  1.0700529447417388 0.6119078661451542 13.0
69.29143571853638  seconds  1.0700529447417388 0.6119078661451542 14.0
70.78815054893494  seconds  1.0700529447417388 0.6119078661451542 15.0
76.74914526939392  seconds  1.0700529447417388 0.6119078661451542 2.1
75.51434230804443  seconds  1.0700529447417388 0.6119078661451542 3.1
76.1804563999176  seconds  1.0700529447417388 0.6119078661451542 4.1000000000000005
69.84771370887756  seconds  1.0700529447417388 0.6119078661451542 5.1000000000000005
69.80263447761536  seconds  1.0700529447417388 0.6119078661451542 6.1000000000000005
81.10969829559326  seconds  1.0700529447417388 0.6119078661451542 16.0
76.1519923210144  seconds  1.0700529447417388 0.6119078661451542 17.0
75.16672444343567  seconds  1.0700529447417388 0.6119078661451542 18.0
76.33152222633362  seconds  1.0700529447417388 0.6119078661451542 19.0
75.8523383140564  seconds  1.0700529447417388 0.6119078661451542 7.1000000000000005
69.67885041236877  seconds  1.0700529447417388 0.6119078661451542 10.100000000000001
77.42894172668457  seconds  1.0700529447417388 0.6119078661451542 8.1
76.52932906150818  seconds  1.0700529447417388 0.6119078661451542 9.1
69.93277502059937  seconds  1.0700529447417388 0.6119078661451542 0.2
70.98767328262329  seconds  1.0700529447417388 0.6119078661451542 11.100000000000001
70.19758296012878  seconds  1.0700529447417388 0.6119078661451542 1.2000000000000002
70.18667650222778  seconds  1.0700529447417388 0.6119078661451542 14.100000000000001
75.54853248596191  seconds  1.0700529447417388 0.6119078661451542 12.100000000000001
74.64202189445496  seconds  1.0700529447417388 0.6119078661451542 13.100000000000001
70.09688186645508  seconds  1.0700529447417388 0.6119078661451542 15.100000000000001
74.84672379493713  seconds  1.0700529447417388 0.6119078661451542 2.2
74.8481674194336  seconds  1.0700529447417388 0.6119078661451542 3.2
70.50881242752075  seconds  1.0700529447417388 0.6119078661451542 5.2
71.11053133010864  seconds  1.0700529447417388 0.6119078661451542 6.2
73.96300315856934  seconds  1.0700529447417388 0.6119078661451542 4.2
74.20831370353699  seconds  1.0700529447417388 0.6119078661451542 16.1
73.64085030555725  seconds  1.0700529447417388 0.6119078661451542 17.1
74.77022504806519  seconds  1.0700529447417388 0.6119078661451542 18.1
73.92090725898743  seconds  1.0700529447417388 0.6119078661451542 19.1
74.37273812294006  seconds  1.0700529447417388 0.6119078661451542 7.2
70.91510891914368  seconds  1.0700529447417388 0.6119078661451542 10.200000000000001
74.66155052185059  seconds  1.0700529447417388 0.6119078661451542 8.200000000000001
74.57907748222351  seconds  1.0700529447417388 0.6119078661451542 9.200000000000001
71.08109760284424  seconds  1.0700529447417388 0.6119078661451542 0.30000000000000004
70.46667671203613  seconds  1.0700529447417388 0.6119078661451542 11.200000000000001
70.30416369438171  seconds  1.0700529447417388 0.6119078661451542 1.3
71.24857926368713  seconds  1.0700529447417388 0.6119078661451542 14.200000000000001
74.7569682598114  seconds  1.0700529447417388 0.6119078661451542 12.200000000000001
70.58378219604492  seconds  1.0700529447417388 0.6119078661451542 15.200000000000001
74.29804277420044  seconds  1.0700529447417388 0.6119078661451542 13.200000000000001
74.08437132835388  seconds  1.0700529447417388 0.6119078661451542 2.3000000000000003
71.61741757392883  seconds  1.0700529447417388 0.6119078661451542 5.300000000000001
71.29610800743103  seconds  1.0700529447417388 0.6119078661451542 6.300000000000001
74.50827288627625  seconds  1.0700529447417388 0.6119078661451542 3.3000000000000003
74.06250858306885  seconds  1.0700529447417388 0.6119078661451542 4.3
70.26846575737  seconds  1.0700529447417388 0.6119078661451542 16.2
73.78860545158386  seconds  1.0700529447417388 0.6119078661451542 17.2
74.60762929916382  seconds  1.0700529447417388 0.6119078661451542 18.2
70.47267007827759  seconds  1.0700529447417388 0.6119078661451542 10.3
74.3596580028534  seconds  1.0700529447417388 0.6119078661451542 19.200000000000003
73.84843897819519  seconds  1.0700529447417388 0.6119078661451542 7.300000000000001
74.35000777244568  seconds  1.0700529447417388 0.6119078661451542 8.3
70.54627919197083  seconds  1.0700529447417388 0.6119078661451542 11.3
71.24753141403198  seconds  1.0700529447417388 0.6119078661451542 0.4
74.91731929779053  seconds  1.0700529447417388 0.6119078661451542 9.3
70.47263503074646  seconds  1.0700529447417388 0.6119078661451542 1.4000000000000001
70.66328263282776  seconds  1.0700529447417388 0.6119078661451542 14.3
70.66571354866028  seconds  1.0700529447417388 0.6119078661451542 15.3
74.92951226234436  seconds  1.0700529447417388 0.6119078661451542 12.3
74.43746089935303  seconds  1.0700529447417388 0.6119078661451542 13.3
73.8900625705719  seconds  1.0700529447417388 0.6119078661451542 2.4000000000000004
71.11119413375854  seconds  1.0700529447417388 0.6119078661451542 5.4
70.98439717292786  seconds  1.0700529447417388 0.6119078661451542 6.4
74.27912783622742  seconds  1.0700529447417388 0.6119078661451542 3.4000000000000004
70.49413752555847  seconds  1.0700529447417388 0.6119078661451542 16.3
74.27952671051025  seconds  1.0700529447417388 0.6119078661451542 4.4
74.00995326042175  seconds  1.0700529447417388 0.6119078661451542 17.3
74.63685488700867  seconds  1.0700529447417388 0.6119078661451542 18.3
70.7669906616211  seconds  1.0700529447417388 0.6119078661451542 10.4
74.95095086097717  seconds  1.0700529447417388 0.6119078661451542 19.3
74.64270401000977  seconds  1.0700529447417388 0.6119078661451542 7.4
70.94892191886902  seconds  1.0700529447417388 0.6119078661451542 0.5
71.07855200767517  seconds  1.0700529447417388 0.6119078661451542 11.4
74.52400255203247  seconds  1.0700529447417388 0.6119078661451542 8.4
74.85581350326538  seconds  1.0700529447417388 0.6119078661451542 9.4
70.57434105873108  seconds  1.0700529447417388 0.6119078661451542 1.5
70.26910591125488  seconds  1.0700529447417388 0.6119078661451542 14.4
70.82817101478577  seconds  1.0700529447417388 0.6119078661451542 15.4
75.19423484802246  seconds  1.0700529447417388 0.6119078661451542 12.4
74.80575323104858  seconds  1.0700529447417388 0.6119078661451542 13.4
71.01242542266846  seconds  1.0700529447417388 0.6119078661451542 5.5
70.84245252609253  seconds  1.0700529447417388 0.6119078661451542 6.5
74.22087335586548  seconds  1.0700529447417388 0.6119078661451542 2.5
70.41659593582153  seconds  1.0700529447417388 0.6119078661451542 16.400000000000002
73.92889308929443  seconds  1.0700529447417388 0.6119078661451542 3.5
74.3227870464325  seconds  1.0700529447417388 0.6119078661451542 4.5
73.72643804550171  seconds  1.0700529447417388 0.6119078661451542 17.400000000000002
70.75061058998108  seconds  1.0700529447417388 0.6119078661451542 10.5
74.26603531837463  seconds  1.0700529447417388 0.6119078661451542 18.400000000000002
74.22325205802917  seconds  1.0700529447417388 0.6119078661451542 19.400000000000002
74.32820177078247  seconds  1.0700529447417388 0.6119078661451542 7.5
71.3257966041565  seconds  1.0700529447417388 0.6119078661451542 11.5
71.45828747749329  seconds  1.0700529447417388 0.6119078661451542 0.6000000000000001
74.51678204536438  seconds  1.0700529447417388 0.6119078661451542 8.5
70.94380927085876  seconds  1.0700529447417388 0.6119078661451542 1.6
74.47621297836304  seconds  1.0700529447417388 0.6119078661451542 9.5
70.5948166847229  seconds  1.0700529447417388 0.6119078661451542 14.5
71.05558729171753  seconds  1.0700529447417388 0.6119078661451542 15.5
74.41397261619568  seconds  1.0700529447417388 0.6119078661451542 12.5
74.26360034942627  seconds  1.0700529447417388 0.6119078661451542 13.5
71.30328631401062  seconds  1.0700529447417388 0.6119078661451542 5.6000000000000005
72.0977725982666  seconds  1.0700529447417388 0.6119078661451542 6.6000000000000005
70.73306560516357  seconds  1.0700529447417388 0.6119078661451542 16.5
73.9144401550293  seconds  1.0700529447417388 0.6119078661451542 2.6
73.90433979034424  seconds  1.0700529447417388 0.6119078661451542 3.6
74.46469402313232  seconds  1.0700529447417388 0.6119078661451542 4.6000000000000005
73.93380117416382  seconds  1.0700529447417388 0.6119078661451542 17.5
70.62311792373657  seconds  1.0700529447417388 0.6119078661451542 10.600000000000001
74.00880527496338  seconds  1.0700529447417388 0.6119078661451542 18.5
74.64856338500977  seconds  1.0700529447417388 0.6119078661451542 19.5
74.38801598548889  seconds  1.0700529447417388 0.6119078661451542 7.6000000000000005
71.20215058326721  seconds  1.0700529447417388 0.6119078661451542 0.7000000000000001
71.74261093139648  seconds  1.0700529447417388 0.6119078661451542 11.600000000000001
74.0286295413971  seconds  1.0700529447417388 0.6119078661451542 8.6
70.27169632911682  seconds  1.0700529447417388 0.6119078661451542 1.7000000000000002
70.29143643379211  seconds  1.0700529447417388 0.6119078661451542 14.600000000000001
74.58489513397217  seconds  1.0700529447417388 0.6119078661451542 9.600000000000001
70.42647528648376  seconds  1.0700529447417388 0.6119078661451542 15.600000000000001
74.41897583007812  seconds  1.0700529447417388 0.6119078661451542 12.600000000000001
74.37493586540222  seconds  1.0700529447417388 0.6119078661451542 13.600000000000001
70.97795033454895  seconds  1.0700529447417388 0.6119078661451542 5.7
71.33562779426575  seconds  1.0700529447417388 0.6119078661451542 6.7
71.3456392288208  seconds  1.0700529447417388 0.6119078661451542 16.6
73.72841119766235  seconds  1.0700529447417388 0.6119078661451542 2.7
74.164386510849  seconds  1.0700529447417388 0.6119078661451542 3.7
75.48597812652588  seconds  1.0700529447417388 0.6119078661451542 4.7
70.93780517578125  seconds  1.0700529447417388 0.6119078661451542 10.700000000000001
74.58903193473816  seconds  1.0700529447417388 0.6119078661451542 17.6
74.58050227165222  seconds  1.0700529447417388 0.6119078661451542 18.6
71.20602536201477  seconds  1.0700529447417388 0.6119078661451542 0.8
71.55080962181091  seconds  1.0700529447417388 0.6119078661451542 11.700000000000001
75.12226438522339  seconds  1.0700529447417388 0.6119078661451542 19.6
74.08769750595093  seconds  1.0700529447417388 0.6119078661451542 7.7
70.78728818893433  seconds  1.0700529447417388 0.6119078661451542 1.8
74.19279789924622  seconds  1.0700529447417388 0.6119078661451542 8.700000000000001
70.67912316322327  seconds  1.0700529447417388 0.6119078661451542 14.700000000000001
74.56302499771118  seconds  1.0700529447417388 0.6119078661451542 9.700000000000001
70.50428581237793  seconds  1.0700529447417388 0.6119078661451542 15.700000000000001
71.86150407791138  seconds  1.0700529447417388 0.6119078661451542 5.800000000000001
75.02708435058594  seconds  1.0700529447417388 0.6119078661451542 12.700000000000001
71.22610092163086  seconds  1.0700529447417388 0.6119078661451542 6.800000000000001
74.96600389480591  seconds  1.0700529447417388 0.6119078661451542 13.700000000000001
70.46432280540466  seconds  1.0700529447417388 0.6119078661451542 16.7
73.81044483184814  seconds  1.0700529447417388 0.6119078661451542 2.8000000000000003
73.89508867263794  seconds  1.0700529447417388 0.6119078661451542 3.8000000000000003
71.23473381996155  seconds  1.0700529447417388 0.6119078661451542 10.8
74.55205368995667  seconds  1.0700529447417388 0.6119078661451542 4.800000000000001
74.26690626144409  seconds  1.0700529447417388 0.6119078661451542 17.7
73.97237706184387  seconds  1.0700529447417388 0.6119078661451542 18.7
70.71899247169495  seconds  1.0700529447417388 0.6119078661451542 0.9
71.14080834388733  seconds  1.0700529447417388 0.6119078661451542 11.8
74.43418025970459  seconds  1.0700529447417388 0.6119078661451542 19.700000000000003
74.3112359046936  seconds  1.0700529447417388 0.6119078661451542 7.800000000000001
70.70068740844727  seconds  1.0700529447417388 0.6119078661451542 1.9000000000000001
70.0633237361908  seconds  1.0700529447417388 0.6119078661451542 14.8
74.17127418518066  seconds  1.0700529447417388 0.6119078661451542 8.8
70.8711302280426  seconds  1.0700529447417388 0.6119078661451542 15.8
74.28413796424866  seconds  1.0700529447417388 0.6119078661451542 9.8
70.33391833305359  seconds  1.0700529447417388 0.6119078661451542 5.9
69.52421569824219  seconds  1.0700529447417388 0.6119078661451542 6.9
69.50647830963135  seconds  1.0700529447417388 0.6119078661451542 16.8
74.18365240097046  seconds  1.0700529447417388 0.6119078661451542 12.8
74.76843237876892  seconds  1.0700529447417388 0.6119078661451542 13.8
73.27114152908325  seconds  1.0700529447417388 0.6119078661451542 2.9000000000000004
73.01335573196411  seconds  1.0700529447417388 0.6119078661451542 3.9000000000000004
67.46343755722046  seconds  1.0700529447417388 0.6119078661451542 10.9
73.15471482276917  seconds  1.0700529447417388 0.6119078661451542 4.9
71.88827466964722  seconds  1.0700529447417388 0.6119078661451542 17.8
65.95793914794922  seconds  1.0700529447417388 0.6119078661451542 11.9
72.53416275978088  seconds  1.0700529447417388 0.6119078661451542 18.8
64.77556538581848  seconds  1.0700529447417388 0.6119078661451542 14.9
71.14980483055115  seconds  1.0700529447417388 0.6119078661451542 19.8
70.9657392501831  seconds  1.0700529447417388 0.6119078661451542 7.9
63.74183678627014  seconds  1.0700529447417388 0.6119078661451542 15.9
69.30924010276794  seconds  1.0700529447417388 0.6119078661451542 8.9
68.20895862579346  seconds  1.0700529447417388 0.6119078661451542 9.9
60.415578842163086  seconds  1.0700529447417388 0.6119078661451542 16.900000000000002
65.1883294582367  seconds  1.0700529447417388 0.6119078661451542 12.9
64.72554612159729  seconds  1.0700529447417388 0.6119078661451542 13.9
60.73034644126892  seconds  1.0700529447417388 0.6119078661451542 17.900000000000002
57.28842043876648  seconds  1.0700529447417388 0.6119078661451542 18.900000000000002
58.510592460632324  seconds  1.0700529447417388 0.6119078661451542 19.900000000000002
time for calc.... 837.6414575576782
60492.54user 26554.32system 1:23:38elapsed 1734%CPU (0avgtext+0avgdata 21605468maxresident)k
0inputs+131712outputs (385major+528972756minor)pagefaults 0swaps
