reading lattice from... ./Lattices/sqKgridX1000.npy
reading lattice from... ./Lattices/sqKgridY1000.npy
starting sampling in reciprocal space....
 finished sampling in reciprocal space.... 0.0653848648071289
started calculating filling for chemical potential and dispersion parameters TB_single_band..
reading lattice from... ./Lattices/KgridX400.npy
reading lattice from... ./Lattices/KgridY400.npy
reading lattice from... ./Lattices/KgridX400.npy
reading lattice from... ./Lattices/KgridY400.npy
finished calculating filling for chemical potential
Filling: 0.5021914101708863 .... chemical potential: 29.41164495334965
The fermi energy in mev is: 3064.1164088176356, and in units of J: 296.3362097502549, the bandwidth is:494.39071566731144
reading lattice from... ./Lattices/KgridX1000.npy
reading lattice from... ./Lattices/KgridY1000.npy
reading lattice from... ./Lattices/sqKgridX1000.npy
reading lattice from... ./Lattices/sqKgridY1000.npy
the fermi surface points 515 numtheads 11
starting with calculation samplinggg
the acceptance ratio for the MC walk was ... 0.3900463
time for sampling.... 582.1384155750275
starting with calculation of Sigma
time for calc.... 2111.841941356659
Successfully created the directory MC_omega_0.0dir_T_2.0_fit_SF_func_2021-12-01-01:40:40 
 plotting data from the run ...
saving data from the run ...
6152.52user 3443.80system 45:11.14elapsed 353%CPU (0avgtext+0avgdata 3191872maxresident)k
11279912inputs+126176outputs (1122923major+71589291minor)pagefaults 0swaps
