reading lattice from... ./Lattices/sqKgridX6000.npy
reading lattice from... ./Lattices/sqKgridY6000.npy
starting sampling in reciprocal space....
 finished sampling in reciprocal space.... 0.08922553062438965
started calculating filling for chemical potential and dispersion parameters TB_single_band..
reading lattice from... ./Lattices/KgridX1200.npy
reading lattice from... ./Lattices/KgridY1200.npy
reading lattice from... ./Lattices/KgridX1200.npy
reading lattice from... ./Lattices/KgridY1200.npy
sum of the hist, normed? 1.0
finished calculating filling for chemical potential
Filling: 0.5005457254054085 .... chemical potential: 27.426155987022412
reading lattice from... ./Lattices/KgridX1200.npy
reading lattice from... ./Lattices/KgridY1200.npy
sum of the hist, normed? 0.9999999999999923
The fermi energy in mev is: 3043.586452905812, and in units of J: 294.35072078392767, the bandwidth is:494.39071566731144
reading lattice from... ./Lattices/KgridX1000.npy
reading lattice from... ./Lattices/KgridY1000.npy
the effective diffusion constant is ... 0.7008405725264625 the scale C is ....  2.338398020192099
reading lattice from... ./Lattices/KgridX6000.npy
reading lattice from... ./Lattices/KgridY6000.npy
reading lattice from... ./Lattices/sqKgridX6000.npy
reading lattice from... ./Lattices/sqKgridY6000.npy
energy at the point.. 2.607302062202848 -0.0069534984789219045  is  3.923355237134274e-06
200 the points 10 chunk numtheads
starting with calculation of Sigma
113.01638126373291  seconds  2.607302062202848 -0.0069534984789219045 0.0
113.48428988456726  seconds  2.607302062202848 -0.0069534984789219045 1.0
117.48545861244202  seconds  2.607302062202848 -0.0069534984789219045 2.0
108.16470909118652  seconds  2.607302062202848 -0.0069534984789219045 5.0
125.5474123954773  seconds  2.607302062202848 -0.0069534984789219045 3.0
120.98773789405823  seconds  2.607302062202848 -0.0069534984789219045 4.0
106.59855532646179  seconds  2.607302062202848 -0.0069534984789219045 8.0
126.4479751586914  seconds  2.607302062202848 -0.0069534984789219045 6.0
127.64939403533936  seconds  2.607302062202848 -0.0069534984789219045 7.0
130.3123424053192  seconds  2.607302062202848 -0.0069534984789219045 9.0
108.84128856658936  seconds  2.607302062202848 -0.0069534984789219045 13.0
136.50885438919067  seconds  2.607302062202848 -0.0069534984789219045 10.0
140.77981305122375  seconds  2.607302062202848 -0.0069534984789219045 11.0
137.80498123168945  seconds  2.607302062202848 -0.0069534984789219045 12.0
140.88114595413208  seconds  2.607302062202848 -0.0069534984789219045 14.0
138.32936024665833  seconds  2.607302062202848 -0.0069534984789219045 0.1
113.91039252281189  seconds  2.607302062202848 -0.0069534984789219045 5.1000000000000005
115.0303750038147  seconds  2.607302062202848 -0.0069534984789219045 3.1
134.66308760643005  seconds  2.607302062202848 -0.0069534984789219045 16.0
146.23856854438782  seconds  2.607302062202848 -0.0069534984789219045 15.0
143.95481896400452  seconds  2.607302062202848 -0.0069534984789219045 1.1
140.0516197681427  seconds  2.607302062202848 -0.0069534984789219045 2.1
141.79165077209473  seconds  2.607302062202848 -0.0069534984789219045 17.0
113.97066640853882  seconds  2.607302062202848 -0.0069534984789219045 8.1
139.41733407974243  seconds  2.607302062202848 -0.0069534984789219045 18.0
139.39204216003418  seconds  2.607302062202848 -0.0069534984789219045 4.1000000000000005
140.21290731430054  seconds  2.607302062202848 -0.0069534984789219045 19.0
134.01075720787048  seconds  2.607302062202848 -0.0069534984789219045 6.1000000000000005
135.65035223960876  seconds  2.607302062202848 -0.0069534984789219045 7.1000000000000005
120.02863001823425  seconds  2.607302062202848 -0.0069534984789219045 13.100000000000001
133.33535313606262  seconds  2.607302062202848 -0.0069534984789219045 9.1
130.35240817070007  seconds  2.607302062202848 -0.0069534984789219045 10.100000000000001
126.24682450294495  seconds  2.607302062202848 -0.0069534984789219045 11.100000000000001
127.41792273521423  seconds  2.607302062202848 -0.0069534984789219045 12.100000000000001
116.92930316925049  seconds  2.607302062202848 -0.0069534984789219045 14.100000000000001
117.12234210968018  seconds  2.607302062202848 -0.0069534984789219045 5.2
126.36062908172607  seconds  2.607302062202848 -0.0069534984789219045 0.2
118.86046004295349  seconds  2.607302062202848 -0.0069534984789219045 16.1
119.28008913993835  seconds  2.607302062202848 -0.0069534984789219045 15.100000000000001
122.21496224403381  seconds  2.607302062202848 -0.0069534984789219045 3.2
121.70825362205505  seconds  2.607302062202848 -0.0069534984789219045 1.2000000000000002
125.02140212059021  seconds  2.607302062202848 -0.0069534984789219045 2.2
116.27970719337463  seconds  2.607302062202848 -0.0069534984789219045 8.200000000000001
123.81085705757141  seconds  2.607302062202848 -0.0069534984789219045 17.1
124.9403510093689  seconds  2.607302062202848 -0.0069534984789219045 18.1
124.90887641906738  seconds  2.607302062202848 -0.0069534984789219045 4.2
123.36627769470215  seconds  2.607302062202848 -0.0069534984789219045 19.1
122.929523229599  seconds  2.607302062202848 -0.0069534984789219045 6.2
119.27922201156616  seconds  2.607302062202848 -0.0069534984789219045 7.2
117.82916903495789  seconds  2.607302062202848 -0.0069534984789219045 13.200000000000001
126.33671998977661  seconds  2.607302062202848 -0.0069534984789219045 9.200000000000001
124.09505987167358  seconds  2.607302062202848 -0.0069534984789219045 10.200000000000001
124.52996277809143  seconds  2.607302062202848 -0.0069534984789219045 11.200000000000001
116.53265810012817  seconds  2.607302062202848 -0.0069534984789219045 14.200000000000001
126.16686630249023  seconds  2.607302062202848 -0.0069534984789219045 12.200000000000001
117.71708488464355  seconds  2.607302062202848 -0.0069534984789219045 5.300000000000001
123.85498237609863  seconds  2.607302062202848 -0.0069534984789219045 0.30000000000000004
120.41040277481079  seconds  2.607302062202848 -0.0069534984789219045 16.2
118.90585041046143  seconds  2.607302062202848 -0.0069534984789219045 15.200000000000001
119.00565695762634  seconds  2.607302062202848 -0.0069534984789219045 3.3000000000000003
119.36556792259216  seconds  2.607302062202848 -0.0069534984789219045 1.3
118.70790767669678  seconds  2.607302062202848 -0.0069534984789219045 8.3
126.2021734714508  seconds  2.607302062202848 -0.0069534984789219045 2.3000000000000003
122.45319080352783  seconds  2.607302062202848 -0.0069534984789219045 17.2
123.43532824516296  seconds  2.607302062202848 -0.0069534984789219045 18.2
123.75951409339905  seconds  2.607302062202848 -0.0069534984789219045 4.3
123.85807013511658  seconds  2.607302062202848 -0.0069534984789219045 19.200000000000003
124.76138472557068  seconds  2.607302062202848 -0.0069534984789219045 6.300000000000001
120.7551589012146  seconds  2.607302062202848 -0.0069534984789219045 7.300000000000001
118.22690796852112  seconds  2.607302062202848 -0.0069534984789219045 13.3
128.1388213634491  seconds  2.607302062202848 -0.0069534984789219045 9.3
123.99210405349731  seconds  2.607302062202848 -0.0069534984789219045 10.3
123.81321978569031  seconds  2.607302062202848 -0.0069534984789219045 11.3
119.47040271759033  seconds  2.607302062202848 -0.0069534984789219045 14.3
125.31290221214294  seconds  2.607302062202848 -0.0069534984789219045 12.3
116.02126955986023  seconds  2.607302062202848 -0.0069534984789219045 5.4
119.25096011161804  seconds  2.607302062202848 -0.0069534984789219045 3.4000000000000004
122.19618201255798  seconds  2.607302062202848 -0.0069534984789219045 16.3
120.53113126754761  seconds  2.607302062202848 -0.0069534984789219045 1.4000000000000001
125.88167071342468  seconds  2.607302062202848 -0.0069534984789219045 0.4
124.57969570159912  seconds  2.607302062202848 -0.0069534984789219045 15.3
115.67919492721558  seconds  2.607302062202848 -0.0069534984789219045 8.4
120.94718408584595  seconds  2.607302062202848 -0.0069534984789219045 2.4000000000000004
122.43582248687744  seconds  2.607302062202848 -0.0069534984789219045 17.3
124.29444742202759  seconds  2.607302062202848 -0.0069534984789219045 18.3
122.87904858589172  seconds  2.607302062202848 -0.0069534984789219045 4.4
126.08147311210632  seconds  2.607302062202848 -0.0069534984789219045 19.3
122.19463229179382  seconds  2.607302062202848 -0.0069534984789219045 6.4
122.47794198989868  seconds  2.607302062202848 -0.0069534984789219045 7.4
118.71061587333679  seconds  2.607302062202848 -0.0069534984789219045 13.4
124.54025483131409  seconds  2.607302062202848 -0.0069534984789219045 9.4
126.73410534858704  seconds  2.607302062202848 -0.0069534984789219045 10.4
117.45986413955688  seconds  2.607302062202848 -0.0069534984789219045 14.4
123.06410765647888  seconds  2.607302062202848 -0.0069534984789219045 11.4
117.10592198371887  seconds  2.607302062202848 -0.0069534984789219045 5.5
122.69886183738708  seconds  2.607302062202848 -0.0069534984789219045 12.4
118.60598731040955  seconds  2.607302062202848 -0.0069534984789219045 3.5
120.34019589424133  seconds  2.607302062202848 -0.0069534984789219045 16.400000000000002
118.62129998207092  seconds  2.607302062202848 -0.0069534984789219045 1.5
122.39180183410645  seconds  2.607302062202848 -0.0069534984789219045 0.5
121.93581819534302  seconds  2.607302062202848 -0.0069534984789219045 15.4
124.72805786132812  seconds  2.607302062202848 -0.0069534984789219045 8.5
127.79776954650879  seconds  2.607302062202848 -0.0069534984789219045 2.5
124.53650641441345  seconds  2.607302062202848 -0.0069534984789219045 17.400000000000002
123.56437659263611  seconds  2.607302062202848 -0.0069534984789219045 18.400000000000002
124.92349910736084  seconds  2.607302062202848 -0.0069534984789219045 4.5
124.08639359474182  seconds  2.607302062202848 -0.0069534984789219045 19.400000000000002
117.68693256378174  seconds  2.607302062202848 -0.0069534984789219045 7.5
124.26069593429565  seconds  2.607302062202848 -0.0069534984789219045 6.5
118.6838846206665  seconds  2.607302062202848 -0.0069534984789219045 13.5
124.90496349334717  seconds  2.607302062202848 -0.0069534984789219045 9.5
115.58193492889404  seconds  2.607302062202848 -0.0069534984789219045 14.5
123.12322235107422  seconds  2.607302062202848 -0.0069534984789219045 10.5
124.41631126403809  seconds  2.607302062202848 -0.0069534984789219045 11.5
121.15447688102722  seconds  2.607302062202848 -0.0069534984789219045 5.6000000000000005
123.23619365692139  seconds  2.607302062202848 -0.0069534984789219045 12.5
117.75346064567566  seconds  2.607302062202848 -0.0069534984789219045 3.6
117.53809762001038  seconds  2.607302062202848 -0.0069534984789219045 16.5
119.89108085632324  seconds  2.607302062202848 -0.0069534984789219045 1.6
121.66643738746643  seconds  2.607302062202848 -0.0069534984789219045 0.6000000000000001
123.5952615737915  seconds  2.607302062202848 -0.0069534984789219045 15.5
123.58068680763245  seconds  2.607302062202848 -0.0069534984789219045 8.6
123.36889338493347  seconds  2.607302062202848 -0.0069534984789219045 17.5
126.06901788711548  seconds  2.607302062202848 -0.0069534984789219045 2.6
122.3839807510376  seconds  2.607302062202848 -0.0069534984789219045 18.5
124.60643601417542  seconds  2.607302062202848 -0.0069534984789219045 4.6000000000000005
119.42807245254517  seconds  2.607302062202848 -0.0069534984789219045 7.6000000000000005
123.80261826515198  seconds  2.607302062202848 -0.0069534984789219045 19.5
118.24494290351868  seconds  2.607302062202848 -0.0069534984789219045 13.600000000000001
123.075186252594  seconds  2.607302062202848 -0.0069534984789219045 6.6000000000000005
117.4458954334259  seconds  2.607302062202848 -0.0069534984789219045 14.600000000000001
125.07259345054626  seconds  2.607302062202848 -0.0069534984789219045 9.600000000000001
125.24328231811523  seconds  2.607302062202848 -0.0069534984789219045 10.600000000000001
117.59928011894226  seconds  2.607302062202848 -0.0069534984789219045 5.7
124.761559009552  seconds  2.607302062202848 -0.0069534984789219045 11.600000000000001
117.99070024490356  seconds  2.607302062202848 -0.0069534984789219045 3.7
123.33268785476685  seconds  2.607302062202848 -0.0069534984789219045 12.600000000000001
118.06772637367249  seconds  2.607302062202848 -0.0069534984789219045 16.6
118.1351068019867  seconds  2.607302062202848 -0.0069534984789219045 1.7000000000000002
118.21928858757019  seconds  2.607302062202848 -0.0069534984789219045 15.600000000000001
123.12039422988892  seconds  2.607302062202848 -0.0069534984789219045 0.7000000000000001
116.50516390800476  seconds  2.607302062202848 -0.0069534984789219045 8.700000000000001
121.96458005905151  seconds  2.607302062202848 -0.0069534984789219045 17.6
124.7607741355896  seconds  2.607302062202848 -0.0069534984789219045 2.7
124.11549854278564  seconds  2.607302062202848 -0.0069534984789219045 18.6
117.51858830451965  seconds  2.607302062202848 -0.0069534984789219045 7.7
124.65832114219666  seconds  2.607302062202848 -0.0069534984789219045 4.7
118.58120536804199  seconds  2.607302062202848 -0.0069534984789219045 13.700000000000001
123.72537422180176  seconds  2.607302062202848 -0.0069534984789219045 19.6
123.3612232208252  seconds  2.607302062202848 -0.0069534984789219045 6.7
119.46843147277832  seconds  2.607302062202848 -0.0069534984789219045 14.700000000000001
116.88955116271973  seconds  2.607302062202848 -0.0069534984789219045 5.800000000000001
127.07646989822388  seconds  2.607302062202848 -0.0069534984789219045 9.700000000000001
126.26098465919495  seconds  2.607302062202848 -0.0069534984789219045 10.700000000000001
126.10595440864563  seconds  2.607302062202848 -0.0069534984789219045 11.700000000000001
120.97795581817627  seconds  2.607302062202848 -0.0069534984789219045 3.8000000000000003
118.81482481956482  seconds  2.607302062202848 -0.0069534984789219045 16.7
118.94613981246948  seconds  2.607302062202848 -0.0069534984789219045 1.8
128.18238806724548  seconds  2.607302062202848 -0.0069534984789219045 12.700000000000001
118.24911785125732  seconds  2.607302062202848 -0.0069534984789219045 15.700000000000001
118.73981356620789  seconds  2.607302062202848 -0.0069534984789219045 8.8
130.40688371658325  seconds  2.607302062202848 -0.0069534984789219045 0.8
125.91015481948853  seconds  2.607302062202848 -0.0069534984789219045 17.7
129.90292406082153  seconds  2.607302062202848 -0.0069534984789219045 2.8000000000000003
119.01598405838013  seconds  2.607302062202848 -0.0069534984789219045 7.800000000000001
129.11937403678894  seconds  2.607302062202848 -0.0069534984789219045 18.7
121.51859617233276  seconds  2.607302062202848 -0.0069534984789219045 13.8
130.2026071548462  seconds  2.607302062202848 -0.0069534984789219045 4.800000000000001
127.14937663078308  seconds  2.607302062202848 -0.0069534984789219045 19.700000000000003
129.41863322257996  seconds  2.607302062202848 -0.0069534984789219045 6.800000000000001
121.09552788734436  seconds  2.607302062202848 -0.0069534984789219045 14.8
118.99558782577515  seconds  2.607302062202848 -0.0069534984789219045 5.9
128.72090458869934  seconds  2.607302062202848 -0.0069534984789219045 9.8
120.72478246688843  seconds  2.607302062202848 -0.0069534984789219045 3.9000000000000004
122.28062391281128  seconds  2.607302062202848 -0.0069534984789219045 16.8
120.7982132434845  seconds  2.607302062202848 -0.0069534984789219045 1.9000000000000001
125.22543978691101  seconds  2.607302062202848 -0.0069534984789219045 11.8
133.88047790527344  seconds  2.607302062202848 -0.0069534984789219045 10.8
119.22796821594238  seconds  2.607302062202848 -0.0069534984789219045 15.8
118.81623029708862  seconds  2.607302062202848 -0.0069534984789219045 8.9
129.85553908348083  seconds  2.607302062202848 -0.0069534984789219045 12.8
125.06436228752136  seconds  2.607302062202848 -0.0069534984789219045 0.9
122.78076648712158  seconds  2.607302062202848 -0.0069534984789219045 17.8
116.16551065444946  seconds  2.607302062202848 -0.0069534984789219045 7.9
123.78179383277893  seconds  2.607302062202848 -0.0069534984789219045 2.9000000000000004
116.35529446601868  seconds  2.607302062202848 -0.0069534984789219045 13.9
123.9698715209961  seconds  2.607302062202848 -0.0069534984789219045 18.8
127.405832529068  seconds  2.607302062202848 -0.0069534984789219045 4.9
124.32098889350891  seconds  2.607302062202848 -0.0069534984789219045 19.8
121.6967785358429  seconds  2.607302062202848 -0.0069534984789219045 6.9
113.7190215587616  seconds  2.607302062202848 -0.0069534984789219045 14.9
112.51309537887573  seconds  2.607302062202848 -0.0069534984789219045 9.9
108.53210377693176  seconds  2.607302062202848 -0.0069534984789219045 16.900000000000002
107.349764585495  seconds  2.607302062202848 -0.0069534984789219045 15.9
110.1028699874878  seconds  2.607302062202848 -0.0069534984789219045 10.9
114.55182647705078  seconds  2.607302062202848 -0.0069534984789219045 11.9
112.82012176513672  seconds  2.607302062202848 -0.0069534984789219045 12.9
108.68161606788635  seconds  2.607302062202848 -0.0069534984789219045 17.900000000000002
108.62872767448425  seconds  2.607302062202848 -0.0069534984789219045 18.900000000000002
99.11962008476257  seconds  2.607302062202848 -0.0069534984789219045 19.900000000000002
time for calc.... 1403.7590909004211
energy at the point.. 2.6065504737387184 0.2694480660582359  is  2.9915582295814147e-06
200 the points 10 chunk numtheads
starting with calculation of Sigma
109.9686872959137  seconds  2.6065504737387184 0.2694480660582359 0.0
110.61303305625916  seconds  2.6065504737387184 0.2694480660582359 1.0
115.2867157459259  seconds  2.6065504737387184 0.2694480660582359 2.0
124.95752310752869  seconds  2.6065504737387184 0.2694480660582359 3.0
102.46241569519043  seconds  2.6065504737387184 0.2694480660582359 6.0
118.79310202598572  seconds  2.6065504737387184 0.2694480660582359 4.0
123.5152518749237  seconds  2.6065504737387184 0.2694480660582359 5.0
109.34657955169678  seconds  2.6065504737387184 0.2694480660582359 9.0
128.58538007736206  seconds  2.6065504737387184 0.2694480660582359 7.0
126.47670817375183  seconds  2.6065504737387184 0.2694480660582359 8.0
113.31079959869385  seconds  2.6065504737387184 0.2694480660582359 12.0
122.05407810211182  seconds  2.6065504737387184 0.2694480660582359 11.0
132.6187674999237  seconds  2.6065504737387184 0.2694480660582359 10.0
112.06016206741333  seconds  2.6065504737387184 0.2694480660582359 13.0
137.34971594810486  seconds  2.6065504737387184 0.2694480660582359 14.0
118.48618650436401  seconds  2.6065504737387184 0.2694480660582359 17.0
143.8448622226715  seconds  2.6065504737387184 0.2694480660582359 0.1
139.71179008483887  seconds  2.6065504737387184 0.2694480660582359 15.0
143.83176064491272  seconds  2.6065504737387184 0.2694480660582359 1.1
113.96014380455017  seconds  2.6065504737387184 0.2694480660582359 6.1000000000000005
134.8761441707611  seconds  2.6065504737387184 0.2694480660582359 16.0
136.1190483570099  seconds  2.6065504737387184 0.2694480660582359 2.1
138.2292504310608  seconds  2.6065504737387184 0.2694480660582359 18.0
140.68966555595398  seconds  2.6065504737387184 0.2694480660582359 3.1
139.86379313468933  seconds  2.6065504737387184 0.2694480660582359 4.1000000000000005
139.29374647140503  seconds  2.6065504737387184 0.2694480660582359 19.0
113.98386001586914  seconds  2.6065504737387184 0.2694480660582359 9.1
139.04222798347473  seconds  2.6065504737387184 0.2694480660582359 5.1000000000000005
115.01345348358154  seconds  2.6065504737387184 0.2694480660582359 11.100000000000001
117.03509068489075  seconds  2.6065504737387184 0.2694480660582359 12.100000000000001
114.6578221321106  seconds  2.6065504737387184 0.2694480660582359 13.100000000000001
147.5378999710083  seconds  2.6065504737387184 0.2694480660582359 7.1000000000000005
144.08991312980652  seconds  2.6065504737387184 0.2694480660582359 8.1
138.6044933795929  seconds  2.6065504737387184 0.2694480660582359 10.100000000000001
111.58322024345398  seconds  2.6065504737387184 0.2694480660582359 17.1
113.33440351486206  seconds  2.6065504737387184 0.2694480660582359 6.2
140.97434997558594  seconds  2.6065504737387184 0.2694480660582359 14.100000000000001
138.39094138145447  seconds  2.6065504737387184 0.2694480660582359 0.2
138.64421319961548  seconds  2.6065504737387184 0.2694480660582359 15.100000000000001
136.5034840106964  seconds  2.6065504737387184 0.2694480660582359 1.2000000000000002
139.71957230567932  seconds  2.6065504737387184 0.2694480660582359 16.1
137.21163082122803  seconds  2.6065504737387184 0.2694480660582359 2.2
113.3754997253418  seconds  2.6065504737387184 0.2694480660582359 9.200000000000001
132.69772720336914  seconds  2.6065504737387184 0.2694480660582359 18.1
141.40110754966736  seconds  2.6065504737387184 0.2694480660582359 3.2
142.24009251594543  seconds  2.6065504737387184 0.2694480660582359 4.2
141.83723711967468  seconds  2.6065504737387184 0.2694480660582359 19.1
137.7142744064331  seconds  2.6065504737387184 0.2694480660582359 5.2
114.48192381858826  seconds  2.6065504737387184 0.2694480660582359 12.200000000000001
116.36431527137756  seconds  2.6065504737387184 0.2694480660582359 11.200000000000001
114.50270986557007  seconds  2.6065504737387184 0.2694480660582359 13.200000000000001
137.1599485874176  seconds  2.6065504737387184 0.2694480660582359 8.200000000000001
142.1172251701355  seconds  2.6065504737387184 0.2694480660582359 7.2
115.5388298034668  seconds  2.6065504737387184 0.2694480660582359 17.2
113.57336401939392  seconds  2.6065504737387184 0.2694480660582359 6.300000000000001
141.67439079284668  seconds  2.6065504737387184 0.2694480660582359 10.200000000000001
115.69282078742981  seconds  2.6065504737387184 0.2694480660582359 9.3
138.68321990966797  seconds  2.6065504737387184 0.2694480660582359 14.200000000000001
145.1494791507721  seconds  2.6065504737387184 0.2694480660582359 0.30000000000000004
143.49245524406433  seconds  2.6065504737387184 0.2694480660582359 15.200000000000001
141.93877148628235  seconds  2.6065504737387184 0.2694480660582359 1.3
141.26058745384216  seconds  2.6065504737387184 0.2694480660582359 16.2
140.98321080207825  seconds  2.6065504737387184 0.2694480660582359 2.3000000000000003
137.22843432426453  seconds  2.6065504737387184 0.2694480660582359 18.2
114.36611127853394  seconds  2.6065504737387184 0.2694480660582359 12.3
113.94323515892029  seconds  2.6065504737387184 0.2694480660582359 11.3
119.21106505393982  seconds  2.6065504737387184 0.2694480660582359 13.3
142.0937852859497  seconds  2.6065504737387184 0.2694480660582359 3.3000000000000003
143.9452338218689  seconds  2.6065504737387184 0.2694480660582359 4.3
143.4516031742096  seconds  2.6065504737387184 0.2694480660582359 19.200000000000003
142.4473807811737  seconds  2.6065504737387184 0.2694480660582359 5.300000000000001
114.65331864356995  seconds  2.6065504737387184 0.2694480660582359 17.3
113.23931097984314  seconds  2.6065504737387184 0.2694480660582359 6.4
141.2592420578003  seconds  2.6065504737387184 0.2694480660582359 7.300000000000001
143.4777090549469  seconds  2.6065504737387184 0.2694480660582359 8.3
143.4380111694336  seconds  2.6065504737387184 0.2694480660582359 10.3
114.3854079246521  seconds  2.6065504737387184 0.2694480660582359 9.4
139.84324169158936  seconds  2.6065504737387184 0.2694480660582359 14.3
113.7520260810852  seconds  2.6065504737387184 0.2694480660582359 12.4
113.3885977268219  seconds  2.6065504737387184 0.2694480660582359 11.4
115.0751793384552  seconds  2.6065504737387184 0.2694480660582359 13.4
142.2517454624176  seconds  2.6065504737387184 0.2694480660582359 0.4
142.2425172328949  seconds  2.6065504737387184 0.2694480660582359 15.3
140.73527312278748  seconds  2.6065504737387184 0.2694480660582359 16.3
145.39071035385132  seconds  2.6065504737387184 0.2694480660582359 1.4000000000000001
142.64220428466797  seconds  2.6065504737387184 0.2694480660582359 2.4000000000000004
137.57657170295715  seconds  2.6065504737387184 0.2694480660582359 18.3
116.13072204589844  seconds  2.6065504737387184 0.2694480660582359 17.400000000000002
140.79507541656494  seconds  2.6065504737387184 0.2694480660582359 3.4000000000000004
140.82332015037537  seconds  2.6065504737387184 0.2694480660582359 19.3
115.13679099082947  seconds  2.6065504737387184 0.2694480660582359 6.5
145.5660276412964  seconds  2.6065504737387184 0.2694480660582359 4.4
139.95812106132507  seconds  2.6065504737387184 0.2694480660582359 5.4
116.42345571517944  seconds  2.6065504737387184 0.2694480660582359 9.5
141.26493859291077  seconds  2.6065504737387184 0.2694480660582359 7.4
145.9711878299713  seconds  2.6065504737387184 0.2694480660582359 8.4
143.9502251148224  seconds  2.6065504737387184 0.2694480660582359 10.4
113.66030502319336  seconds  2.6065504737387184 0.2694480660582359 11.5
114.19492053985596  seconds  2.6065504737387184 0.2694480660582359 12.5
121.0394172668457  seconds  2.6065504737387184 0.2694480660582359 13.5
138.32285714149475  seconds  2.6065504737387184 0.2694480660582359 14.4
140.50951623916626  seconds  2.6065504737387184 0.2694480660582359 0.5
141.19193696975708  seconds  2.6065504737387184 0.2694480660582359 15.4
137.7472264766693  seconds  2.6065504737387184 0.2694480660582359 1.5
140.08264875411987  seconds  2.6065504737387184 0.2694480660582359 16.400000000000002
138.1138837337494  seconds  2.6065504737387184 0.2694480660582359 18.400000000000002
118.12755346298218  seconds  2.6065504737387184 0.2694480660582359 17.5
141.0017604827881  seconds  2.6065504737387184 0.2694480660582359 2.5
117.98825454711914  seconds  2.6065504737387184 0.2694480660582359 6.6000000000000005
140.76540446281433  seconds  2.6065504737387184 0.2694480660582359 3.5
139.39660573005676  seconds  2.6065504737387184 0.2694480660582359 19.400000000000002
138.82482028007507  seconds  2.6065504737387184 0.2694480660582359 4.5
141.00742149353027  seconds  2.6065504737387184 0.2694480660582359 5.5
121.19416618347168  seconds  2.6065504737387184 0.2694480660582359 9.600000000000001
136.71743249893188  seconds  2.6065504737387184 0.2694480660582359 7.5
122.52328395843506  seconds  2.6065504737387184 0.2694480660582359 11.600000000000001
144.42869591712952  seconds  2.6065504737387184 0.2694480660582359 8.5
127.94223308563232  seconds  2.6065504737387184 0.2694480660582359 12.600000000000001
136.73674035072327  seconds  2.6065504737387184 0.2694480660582359 10.5
127.25812005996704  seconds  2.6065504737387184 0.2694480660582359 13.600000000000001
118.52810406684875  seconds  2.6065504737387184 0.2694480660582359 0.6000000000000001
118.71307849884033  seconds  2.6065504737387184 0.2694480660582359 15.5
117.24504852294922  seconds  2.6065504737387184 0.2694480660582359 16.5
119.18692636489868  seconds  2.6065504737387184 0.2694480660582359 1.6
140.76262068748474  seconds  2.6065504737387184 0.2694480660582359 14.5
119.98929691314697  seconds  2.6065504737387184 0.2694480660582359 18.5
120.05541205406189  seconds  2.6065504737387184 0.2694480660582359 2.6
127.73684334754944  seconds  2.6065504737387184 0.2694480660582359 17.6
131.23808073997498  seconds  2.6065504737387184 0.2694480660582359 6.7
116.24423503875732  seconds  2.6065504737387184 0.2694480660582359 4.6000000000000005
126.6345329284668  seconds  2.6065504737387184 0.2694480660582359 3.6
129.95872688293457  seconds  2.6065504737387184 0.2694480660582359 19.5
130.6704444885254  seconds  2.6065504737387184 0.2694480660582359 5.6000000000000005
124.7367799282074  seconds  2.6065504737387184 0.2694480660582359 9.700000000000001
125.4393196105957  seconds  2.6065504737387184 0.2694480660582359 7.6000000000000005
127.6976969242096  seconds  2.6065504737387184 0.2694480660582359 11.700000000000001
125.93492722511292  seconds  2.6065504737387184 0.2694480660582359 12.700000000000001
133.9643108844757  seconds  2.6065504737387184 0.2694480660582359 8.6
129.90779185295105  seconds  2.6065504737387184 0.2694480660582359 10.600000000000001
124.89746761322021  seconds  2.6065504737387184 0.2694480660582359 13.700000000000001
117.0711624622345  seconds  2.6065504737387184 0.2694480660582359 0.7000000000000001
118.57708883285522  seconds  2.6065504737387184 0.2694480660582359 16.6
118.38062524795532  seconds  2.6065504737387184 0.2694480660582359 1.7000000000000002
115.11533689498901  seconds  2.6065504737387184 0.2694480660582359 18.6
117.6808660030365  seconds  2.6065504737387184 0.2694480660582359 2.7
127.61497902870178  seconds  2.6065504737387184 0.2694480660582359 15.600000000000001
130.13281273841858  seconds  2.6065504737387184 0.2694480660582359 14.600000000000001
127.6315803527832  seconds  2.6065504737387184 0.2694480660582359 17.7
118.46871089935303  seconds  2.6065504737387184 0.2694480660582359 4.7
132.7819790840149  seconds  2.6065504737387184 0.2694480660582359 6.800000000000001
127.73867630958557  seconds  2.6065504737387184 0.2694480660582359 3.7
130.08219051361084  seconds  2.6065504737387184 0.2694480660582359 19.6
128.3949499130249  seconds  2.6065504737387184 0.2694480660582359 5.7
127.52327847480774  seconds  2.6065504737387184 0.2694480660582359 9.8
127.48382449150085  seconds  2.6065504737387184 0.2694480660582359 7.7
129.03027391433716  seconds  2.6065504737387184 0.2694480660582359 12.8
134.21901488304138  seconds  2.6065504737387184 0.2694480660582359 11.8
130.82922267913818  seconds  2.6065504737387184 0.2694480660582359 8.700000000000001
114.66015362739563  seconds  2.6065504737387184 0.2694480660582359 0.8
129.9326674938202  seconds  2.6065504737387184 0.2694480660582359 10.700000000000001
115.60751461982727  seconds  2.6065504737387184 0.2694480660582359 1.8
116.36465764045715  seconds  2.6065504737387184 0.2694480660582359 16.7
128.23159646987915  seconds  2.6065504737387184 0.2694480660582359 13.8
116.33122181892395  seconds  2.6065504737387184 0.2694480660582359 18.7
116.10653948783875  seconds  2.6065504737387184 0.2694480660582359 2.8000000000000003
133.60518765449524  seconds  2.6065504737387184 0.2694480660582359 15.700000000000001
128.77659487724304  seconds  2.6065504737387184 0.2694480660582359 14.700000000000001
115.13600540161133  seconds  2.6065504737387184 0.2694480660582359 4.800000000000001
128.74895811080933  seconds  2.6065504737387184 0.2694480660582359 17.8
130.12442088127136  seconds  2.6065504737387184 0.2694480660582359 6.9
127.66329789161682  seconds  2.6065504737387184 0.2694480660582359 3.8000000000000003
129.660653591156  seconds  2.6065504737387184 0.2694480660582359 19.700000000000003
130.03149437904358  seconds  2.6065504737387184 0.2694480660582359 5.800000000000001
130.9395911693573  seconds  2.6065504737387184 0.2694480660582359 9.9
130.8400206565857  seconds  2.6065504737387184 0.2694480660582359 7.800000000000001
112.72983717918396  seconds  2.6065504737387184 0.2694480660582359 0.9
112.18930292129517  seconds  2.6065504737387184 0.2694480660582359 1.9000000000000001
113.73908400535583  seconds  2.6065504737387184 0.2694480660582359 16.8
126.60617160797119  seconds  2.6065504737387184 0.2694480660582359 12.9
113.26037836074829  seconds  2.6065504737387184 0.2694480660582359 18.8
111.56613349914551  seconds  2.6065504737387184 0.2694480660582359 2.9000000000000004
127.30090022087097  seconds  2.6065504737387184 0.2694480660582359 8.8
132.2561857700348  seconds  2.6065504737387184 0.2694480660582359 11.9
125.50620150566101  seconds  2.6065504737387184 0.2694480660582359 10.8
128.4444830417633  seconds  2.6065504737387184 0.2694480660582359 13.9
111.49472951889038  seconds  2.6065504737387184 0.2694480660582359 4.9
122.65220975875854  seconds  2.6065504737387184 0.2694480660582359 14.8
126.6007969379425  seconds  2.6065504737387184 0.2694480660582359 15.8
123.15691804885864  seconds  2.6065504737387184 0.2694480660582359 17.900000000000002
120.8866446018219  seconds  2.6065504737387184 0.2694480660582359 3.9000000000000004
120.44784998893738  seconds  2.6065504737387184 0.2694480660582359 19.8
118.47481369972229  seconds  2.6065504737387184 0.2694480660582359 5.9
95.30538845062256  seconds  2.6065504737387184 0.2694480660582359 16.900000000000002
117.3448076248169  seconds  2.6065504737387184 0.2694480660582359 7.9
102.29720139503479  seconds  2.6065504737387184 0.2694480660582359 18.900000000000002
114.35075092315674  seconds  2.6065504737387184 0.2694480660582359 8.9
112.12495636940002  seconds  2.6065504737387184 0.2694480660582359 10.9
104.99125123023987  seconds  2.6065504737387184 0.2694480660582359 14.9
110.15891146659851  seconds  2.6065504737387184 0.2694480660582359 15.9
99.76785397529602  seconds  2.6065504737387184 0.2694480660582359 19.900000000000002
time for calc.... 1478.1262764930725
energy at the point.. 2.602114031264387 0.5441112559756629  is  7.517785363120311e-06
200 the points 10 chunk numtheads
starting with calculation of Sigma
115.53550362586975  seconds  2.602114031264387 0.5441112559756629 0.0
111.40809178352356  seconds  2.602114031264387 0.5441112559756629 1.0
100.41460013389587  seconds  2.602114031264387 0.5441112559756629 3.0
115.5596137046814  seconds  2.602114031264387 0.5441112559756629 2.0
102.17736196517944  seconds  2.602114031264387 0.5441112559756629 6.0
119.41898655891418  seconds  2.602114031264387 0.5441112559756629 4.0
124.13178253173828  seconds  2.602114031264387 0.5441112559756629 5.0
132.98228549957275  seconds  2.602114031264387 0.5441112559756629 7.0
139.64740562438965  seconds  2.602114031264387 0.5441112559756629 8.0
138.46257376670837  seconds  2.602114031264387 0.5441112559756629 9.0
141.70835757255554  seconds  2.602114031264387 0.5441112559756629 10.0
108.92719388008118  seconds  2.602114031264387 0.5441112559756629 3.1
148.43653869628906  seconds  2.602114031264387 0.5441112559756629 11.0
161.2102017402649  seconds  2.602114031264387 0.5441112559756629 12.0
110.07716917991638  seconds  2.602114031264387 0.5441112559756629 6.1000000000000005
158.74796533584595  seconds  2.602114031264387 0.5441112559756629 13.0
165.67103266716003  seconds  2.602114031264387 0.5441112559756629 0.1
167.3542275428772  seconds  2.602114031264387 0.5441112559756629 14.0
163.27817797660828  seconds  2.602114031264387 0.5441112559756629 1.1
169.3535966873169  seconds  2.602114031264387 0.5441112559756629 15.0
164.182959318161  seconds  2.602114031264387 0.5441112559756629 2.1
166.86689376831055  seconds  2.602114031264387 0.5441112559756629 16.0
162.24709463119507  seconds  2.602114031264387 0.5441112559756629 17.0
167.53156042099  seconds  2.602114031264387 0.5441112559756629 18.0
167.85904216766357  seconds  2.602114031264387 0.5441112559756629 4.1000000000000005
156.41397762298584  seconds  2.602114031264387 0.5441112559756629 5.1000000000000005
167.76532745361328  seconds  2.602114031264387 0.5441112559756629 19.0
110.5516529083252  seconds  2.602114031264387 0.5441112559756629 3.2
159.37770986557007  seconds  2.602114031264387 0.5441112559756629 7.1000000000000005
158.28133964538574  seconds  2.602114031264387 0.5441112559756629 8.1
110.6833143234253  seconds  2.602114031264387 0.5441112559756629 6.2
164.0857870578766  seconds  2.602114031264387 0.5441112559756629 9.1
158.398579120636  seconds  2.602114031264387 0.5441112559756629 10.100000000000001
157.27413988113403  seconds  2.602114031264387 0.5441112559756629 11.100000000000001
111.9878318309784  seconds  2.602114031264387 0.5441112559756629 17.1
158.44189190864563  seconds  2.602114031264387 0.5441112559756629 12.100000000000001
158.02591943740845  seconds  2.602114031264387 0.5441112559756629 13.100000000000001
149.26100754737854  seconds  2.602114031264387 0.5441112559756629 0.2
149.91117763519287  seconds  2.602114031264387 0.5441112559756629 14.100000000000001
148.7169370651245  seconds  2.602114031264387 0.5441112559756629 1.2000000000000002
115.12151789665222  seconds  2.602114031264387 0.5441112559756629 5.2
151.39678692817688  seconds  2.602114031264387 0.5441112559756629 15.100000000000001
150.9132821559906  seconds  2.602114031264387 0.5441112559756629 2.2
155.04890179634094  seconds  2.602114031264387 0.5441112559756629 16.1
114.98254227638245  seconds  2.602114031264387 0.5441112559756629 3.3000000000000003
145.0526282787323  seconds  2.602114031264387 0.5441112559756629 18.1
147.23095750808716  seconds  2.602114031264387 0.5441112559756629 4.2
148.2583315372467  seconds  2.602114031264387 0.5441112559756629 19.1
114.65734457969666  seconds  2.602114031264387 0.5441112559756629 6.300000000000001
145.4343147277832  seconds  2.602114031264387 0.5441112559756629 7.2
137.75341367721558  seconds  2.602114031264387 0.5441112559756629 8.200000000000001
142.08711695671082  seconds  2.602114031264387 0.5441112559756629 9.200000000000001
140.78606462478638  seconds  2.602114031264387 0.5441112559756629 10.200000000000001
135.73618483543396  seconds  2.602114031264387 0.5441112559756629 11.200000000000001
114.26561999320984  seconds  2.602114031264387 0.5441112559756629 17.2
117.01149034500122  seconds  2.602114031264387 0.5441112559756629 1.3
133.57945084571838  seconds  2.602114031264387 0.5441112559756629 12.200000000000001
121.09852433204651  seconds  2.602114031264387 0.5441112559756629 14.200000000000001
116.29995965957642  seconds  2.602114031264387 0.5441112559756629 5.300000000000001
133.94458413124084  seconds  2.602114031264387 0.5441112559756629 13.200000000000001
131.08751320838928  seconds  2.602114031264387 0.5441112559756629 0.30000000000000004
130.63131499290466  seconds  2.602114031264387 0.5441112559756629 15.200000000000001
116.68978452682495  seconds  2.602114031264387 0.5441112559756629 3.4000000000000004
133.124915599823  seconds  2.602114031264387 0.5441112559756629 2.3000000000000003
132.21618223190308  seconds  2.602114031264387 0.5441112559756629 16.2
131.41120409965515  seconds  2.602114031264387 0.5441112559756629 18.2
133.110769033432  seconds  2.602114031264387 0.5441112559756629 4.3
117.33230566978455  seconds  2.602114031264387 0.5441112559756629 6.4
131.82356595993042  seconds  2.602114031264387 0.5441112559756629 19.200000000000003
132.64557003974915  seconds  2.602114031264387 0.5441112559756629 7.300000000000001
139.98927283287048  seconds  2.602114031264387 0.5441112559756629 8.3
113.34403419494629  seconds  2.602114031264387 0.5441112559756629 17.3
132.5442337989807  seconds  2.602114031264387 0.5441112559756629 9.3
134.10261297225952  seconds  2.602114031264387 0.5441112559756629 10.3
113.73505163192749  seconds  2.602114031264387 0.5441112559756629 1.4000000000000001
135.00794172286987  seconds  2.602114031264387 0.5441112559756629 11.3
112.16972041130066  seconds  2.602114031264387 0.5441112559756629 14.3
115.76557183265686  seconds  2.602114031264387 0.5441112559756629 5.4
131.04377841949463  seconds  2.602114031264387 0.5441112559756629 12.3
131.85833930969238  seconds  2.602114031264387 0.5441112559756629 13.3
110.87867498397827  seconds  2.602114031264387 0.5441112559756629 3.5
129.9060606956482  seconds  2.602114031264387 0.5441112559756629 0.4
127.27940630912781  seconds  2.602114031264387 0.5441112559756629 15.3
134.69190645217896  seconds  2.602114031264387 0.5441112559756629 2.4000000000000004
111.32066583633423  seconds  2.602114031264387 0.5441112559756629 6.5
133.70485305786133  seconds  2.602114031264387 0.5441112559756629 16.3
132.76763033866882  seconds  2.602114031264387 0.5441112559756629 18.3
130.18298721313477  seconds  2.602114031264387 0.5441112559756629 4.4
129.21786046028137  seconds  2.602114031264387 0.5441112559756629 19.3
111.39668536186218  seconds  2.602114031264387 0.5441112559756629 17.400000000000002
129.68299794197083  seconds  2.602114031264387 0.5441112559756629 7.4
129.22059798240662  seconds  2.602114031264387 0.5441112559756629 8.4
112.06716823577881  seconds  2.602114031264387 0.5441112559756629 1.5
111.97345018386841  seconds  2.602114031264387 0.5441112559756629 14.4
112.94969248771667  seconds  2.602114031264387 0.5441112559756629 5.5
134.1719846725464  seconds  2.602114031264387 0.5441112559756629 9.4
133.22115325927734  seconds  2.602114031264387 0.5441112559756629 10.4
129.79587650299072  seconds  2.602114031264387 0.5441112559756629 11.4
109.96853804588318  seconds  2.602114031264387 0.5441112559756629 3.6
129.42804479599  seconds  2.602114031264387 0.5441112559756629 12.4
131.6757252216339  seconds  2.602114031264387 0.5441112559756629 13.4
131.17934846878052  seconds  2.602114031264387 0.5441112559756629 0.5
110.97260403633118  seconds  2.602114031264387 0.5441112559756629 6.6000000000000005
130.83713626861572  seconds  2.602114031264387 0.5441112559756629 15.4
130.2501780986786  seconds  2.602114031264387 0.5441112559756629 2.5
133.9339838027954  seconds  2.602114031264387 0.5441112559756629 16.400000000000002
132.62899589538574  seconds  2.602114031264387 0.5441112559756629 18.400000000000002
134.83020067214966  seconds  2.602114031264387 0.5441112559756629 4.5
111.29833960533142  seconds  2.602114031264387 0.5441112559756629 17.5
132.8508415222168  seconds  2.602114031264387 0.5441112559756629 19.400000000000002
111.38914489746094  seconds  2.602114031264387 0.5441112559756629 1.6
110.61281442642212  seconds  2.602114031264387 0.5441112559756629 14.5
131.47672271728516  seconds  2.602114031264387 0.5441112559756629 7.5
111.64754295349121  seconds  2.602114031264387 0.5441112559756629 5.6000000000000005
132.0630497932434  seconds  2.602114031264387 0.5441112559756629 8.5
110.65874099731445  seconds  2.602114031264387 0.5441112559756629 3.7
131.0458118915558  seconds  2.602114031264387 0.5441112559756629 9.5
133.3195903301239  seconds  2.602114031264387 0.5441112559756629 10.5
131.53582859039307  seconds  2.602114031264387 0.5441112559756629 11.5
109.86279463768005  seconds  2.602114031264387 0.5441112559756629 6.7
132.16727209091187  seconds  2.602114031264387 0.5441112559756629 12.5
130.7724905014038  seconds  2.602114031264387 0.5441112559756629 13.5
130.95752429962158  seconds  2.602114031264387 0.5441112559756629 0.6000000000000001
129.57590293884277  seconds  2.602114031264387 0.5441112559756629 15.5
129.26958107948303  seconds  2.602114031264387 0.5441112559756629 2.6
110.10856866836548  seconds  2.602114031264387 0.5441112559756629 17.6
132.84981489181519  seconds  2.602114031264387 0.5441112559756629 16.5
136.11153864860535  seconds  2.602114031264387 0.5441112559756629 18.5
132.574609041214  seconds  2.602114031264387 0.5441112559756629 4.6000000000000005
111.09743309020996  seconds  2.602114031264387 0.5441112559756629 14.600000000000001
129.16657757759094  seconds  2.602114031264387 0.5441112559756629 19.5
114.63379430770874  seconds  2.602114031264387 0.5441112559756629 1.7000000000000002
114.14279532432556  seconds  2.602114031264387 0.5441112559756629 5.7
130.12270784378052  seconds  2.602114031264387 0.5441112559756629 7.6000000000000005
111.18063831329346  seconds  2.602114031264387 0.5441112559756629 3.8000000000000003
130.33570671081543  seconds  2.602114031264387 0.5441112559756629 8.6
110.82573747634888  seconds  2.602114031264387 0.5441112559756629 6.800000000000001
140.33327984809875  seconds  2.602114031264387 0.5441112559756629 9.600000000000001
138.15402483940125  seconds  2.602114031264387 0.5441112559756629 10.600000000000001
134.25615453720093  seconds  2.602114031264387 0.5441112559756629 11.600000000000001
129.52327609062195  seconds  2.602114031264387 0.5441112559756629 12.600000000000001
133.92717909812927  seconds  2.602114031264387 0.5441112559756629 0.7000000000000001
137.4183759689331  seconds  2.602114031264387 0.5441112559756629 13.600000000000001
112.9092743396759  seconds  2.602114031264387 0.5441112559756629 17.7
139.11086702346802  seconds  2.602114031264387 0.5441112559756629 15.600000000000001
133.87307500839233  seconds  2.602114031264387 0.5441112559756629 2.7
110.7745885848999  seconds  2.602114031264387 0.5441112559756629 14.700000000000001
112.49943017959595  seconds  2.602114031264387 0.5441112559756629 1.8
130.85218834877014  seconds  2.602114031264387 0.5441112559756629 16.6
116.25883316993713  seconds  2.602114031264387 0.5441112559756629 5.800000000000001
132.51877093315125  seconds  2.602114031264387 0.5441112559756629 4.7
134.32508945465088  seconds  2.602114031264387 0.5441112559756629 18.6
111.61216735839844  seconds  2.602114031264387 0.5441112559756629 3.9000000000000004
135.95278882980347  seconds  2.602114031264387 0.5441112559756629 19.6
139.05304098129272  seconds  2.602114031264387 0.5441112559756629 7.7
110.5940260887146  seconds  2.602114031264387 0.5441112559756629 6.9
131.33445119857788  seconds  2.602114031264387 0.5441112559756629 8.700000000000001
130.16612362861633  seconds  2.602114031264387 0.5441112559756629 11.700000000000001
141.39721608161926  seconds  2.602114031264387 0.5441112559756629 9.700000000000001
137.9652955532074  seconds  2.602114031264387 0.5441112559756629 10.700000000000001
110.48620080947876  seconds  2.602114031264387 0.5441112559756629 17.8
130.76582384109497  seconds  2.602114031264387 0.5441112559756629 12.700000000000001
107.78294920921326  seconds  2.602114031264387 0.5441112559756629 14.8
129.26010966300964  seconds  2.602114031264387 0.5441112559756629 13.700000000000001
131.95218348503113  seconds  2.602114031264387 0.5441112559756629 0.8
109.31699061393738  seconds  2.602114031264387 0.5441112559756629 1.9000000000000001
106.61022305488586  seconds  2.602114031264387 0.5441112559756629 5.9
130.65657138824463  seconds  2.602114031264387 0.5441112559756629 15.700000000000001
131.89890217781067  seconds  2.602114031264387 0.5441112559756629 2.8000000000000003
130.5041582584381  seconds  2.602114031264387 0.5441112559756629 16.7
133.82942652702332  seconds  2.602114031264387 0.5441112559756629 4.800000000000001
133.44523930549622  seconds  2.602114031264387 0.5441112559756629 18.7
130.91266584396362  seconds  2.602114031264387 0.5441112559756629 19.700000000000003
135.56378555297852  seconds  2.602114031264387 0.5441112559756629 7.800000000000001
134.07785749435425  seconds  2.602114031264387 0.5441112559756629 8.8
102.7660276889801  seconds  2.602114031264387 0.5441112559756629 17.900000000000002
101.32752776145935  seconds  2.602114031264387 0.5441112559756629 14.9
139.82283854484558  seconds  2.602114031264387 0.5441112559756629 11.8
137.2321653366089  seconds  2.602114031264387 0.5441112559756629 10.8
140.59397959709167  seconds  2.602114031264387 0.5441112559756629 9.8
134.13496351242065  seconds  2.602114031264387 0.5441112559756629 12.8
129.6305296421051  seconds  2.602114031264387 0.5441112559756629 13.8
130.59179258346558  seconds  2.602114031264387 0.5441112559756629 0.9
136.3323175907135  seconds  2.602114031264387 0.5441112559756629 15.8
132.98212504386902  seconds  2.602114031264387 0.5441112559756629 2.9000000000000004
131.96708226203918  seconds  2.602114031264387 0.5441112559756629 16.8
131.35477709770203  seconds  2.602114031264387 0.5441112559756629 18.8
134.1467354297638  seconds  2.602114031264387 0.5441112559756629 4.9
131.66109442710876  seconds  2.602114031264387 0.5441112559756629 19.8
131.94099974632263  seconds  2.602114031264387 0.5441112559756629 7.9
131.18290328979492  seconds  2.602114031264387 0.5441112559756629 8.9
127.89677739143372  seconds  2.602114031264387 0.5441112559756629 11.9
127.0913074016571  seconds  2.602114031264387 0.5441112559756629 10.9
126.35505509376526  seconds  2.602114031264387 0.5441112559756629 12.9
128.41596579551697  seconds  2.602114031264387 0.5441112559756629 9.9
121.67930197715759  seconds  2.602114031264387 0.5441112559756629 13.9
117.12324023246765  seconds  2.602114031264387 0.5441112559756629 15.9
115.32617259025574  seconds  2.602114031264387 0.5441112559756629 16.900000000000002
110.4547643661499  seconds  2.602114031264387 0.5441112559756629 18.900000000000002
115.78370141983032  seconds  2.602114031264387 0.5441112559756629 19.900000000000002
time for calc.... 1527.8124785423279
energy at the point.. 2.5846892989406154 0.8396349413298569  is  1.1574406936887272e-05
200 the points 10 chunk numtheads
starting with calculation of Sigma
114.72054767608643  seconds  2.5846892989406154 0.8396349413298569 0.0
120.80970668792725  seconds  2.5846892989406154 0.8396349413298569 1.0
118.90404891967773  seconds  2.5846892989406154 0.8396349413298569 2.0
129.22223544120789  seconds  2.5846892989406154 0.8396349413298569 3.0
129.11443519592285  seconds  2.5846892989406154 0.8396349413298569 4.0
135.34639739990234  seconds  2.5846892989406154 0.8396349413298569 5.0
145.9148097038269  seconds  2.5846892989406154 0.8396349413298569 6.0
140.78855443000793  seconds  2.5846892989406154 0.8396349413298569 7.0
140.9785499572754  seconds  2.5846892989406154 0.8396349413298569 8.0
148.76978492736816  seconds  2.5846892989406154 0.8396349413298569 9.0
156.03893375396729  seconds  2.5846892989406154 0.8396349413298569 10.0
155.5409927368164  seconds  2.5846892989406154 0.8396349413298569 11.0
113.00464344024658  seconds  2.5846892989406154 0.8396349413298569 17.0
168.33234357833862  seconds  2.5846892989406154 0.8396349413298569 12.0
173.3240532875061  seconds  2.5846892989406154 0.8396349413298569 13.0
170.98143124580383  seconds  2.5846892989406154 0.8396349413298569 0.1
170.81090426445007  seconds  2.5846892989406154 0.8396349413298569 14.0
175.50039625167847  seconds  2.5846892989406154 0.8396349413298569 1.1
179.27511262893677  seconds  2.5846892989406154 0.8396349413298569 15.0
173.3765459060669  seconds  2.5846892989406154 0.8396349413298569 2.1
175.3378734588623  seconds  2.5846892989406154 0.8396349413298569 16.0
174.48264455795288  seconds  2.5846892989406154 0.8396349413298569 3.1
152.6993763446808  seconds  2.5846892989406154 0.8396349413298569 5.1000000000000005
178.24673080444336  seconds  2.5846892989406154 0.8396349413298569 18.0
176.49195837974548  seconds  2.5846892989406154 0.8396349413298569 4.1000000000000005
176.4865849018097  seconds  2.5846892989406154 0.8396349413298569 19.0
168.72920417785645  seconds  2.5846892989406154 0.8396349413298569 6.1000000000000005
174.21280479431152  seconds  2.5846892989406154 0.8396349413298569 7.1000000000000005
111.24421262741089  seconds  2.5846892989406154 0.8396349413298569 17.1
172.20500373840332  seconds  2.5846892989406154 0.8396349413298569 8.1
172.54279589653015  seconds  2.5846892989406154 0.8396349413298569 9.1
169.58206963539124  seconds  2.5846892989406154 0.8396349413298569 10.100000000000001
175.33036184310913  seconds  2.5846892989406154 0.8396349413298569 11.100000000000001
112.06572198867798  seconds  2.5846892989406154 0.8396349413298569 5.2
175.57501196861267  seconds  2.5846892989406154 0.8396349413298569 12.100000000000001
169.7550709247589  seconds  2.5846892989406154 0.8396349413298569 13.100000000000001
171.09870648384094  seconds  2.5846892989406154 0.8396349413298569 0.2
177.8528175354004  seconds  2.5846892989406154 0.8396349413298569 14.100000000000001
168.49215650558472  seconds  2.5846892989406154 0.8396349413298569 1.2000000000000002
170.7132408618927  seconds  2.5846892989406154 0.8396349413298569 15.100000000000001
170.98935961723328  seconds  2.5846892989406154 0.8396349413298569 2.2
114.152174949646  seconds  2.5846892989406154 0.8396349413298569 17.2
172.91318488121033  seconds  2.5846892989406154 0.8396349413298569 16.1
148.8086757659912  seconds  2.5846892989406154 0.8396349413298569 19.1
170.23408246040344  seconds  2.5846892989406154 0.8396349413298569 3.2
169.70541286468506  seconds  2.5846892989406154 0.8396349413298569 18.1
168.32682847976685  seconds  2.5846892989406154 0.8396349413298569 4.2
163.6869707107544  seconds  2.5846892989406154 0.8396349413298569 6.2
171.44260358810425  seconds  2.5846892989406154 0.8396349413298569 7.2
169.21436524391174  seconds  2.5846892989406154 0.8396349413298569 8.200000000000001
111.5914785861969  seconds  2.5846892989406154 0.8396349413298569 5.300000000000001
163.52930855751038  seconds  2.5846892989406154 0.8396349413298569 9.200000000000001
162.6646282672882  seconds  2.5846892989406154 0.8396349413298569 10.200000000000001
163.956116437912  seconds  2.5846892989406154 0.8396349413298569 11.200000000000001
111.94440221786499  seconds  2.5846892989406154 0.8396349413298569 17.3
111.05687236785889  seconds  2.5846892989406154 0.8396349413298569 19.200000000000003
165.02058577537537  seconds  2.5846892989406154 0.8396349413298569 12.200000000000001
162.99690341949463  seconds  2.5846892989406154 0.8396349413298569 13.200000000000001
168.6596188545227  seconds  2.5846892989406154 0.8396349413298569 0.30000000000000004
162.6036252975464  seconds  2.5846892989406154 0.8396349413298569 1.3
170.9538266658783  seconds  2.5846892989406154 0.8396349413298569 14.200000000000001
160.5975022315979  seconds  2.5846892989406154 0.8396349413298569 2.3000000000000003
164.87125611305237  seconds  2.5846892989406154 0.8396349413298569 15.200000000000001
164.68841457366943  seconds  2.5846892989406154 0.8396349413298569 16.2
166.4004147052765  seconds  2.5846892989406154 0.8396349413298569 3.3000000000000003
117.41843056678772  seconds  2.5846892989406154 0.8396349413298569 5.4
165.20123314857483  seconds  2.5846892989406154 0.8396349413298569 18.2
164.73253917694092  seconds  2.5846892989406154 0.8396349413298569 4.3
161.41536331176758  seconds  2.5846892989406154 0.8396349413298569 6.300000000000001
160.8471577167511  seconds  2.5846892989406154 0.8396349413298569 7.300000000000001
148.20654892921448  seconds  2.5846892989406154 0.8396349413298569 9.3
111.78939938545227  seconds  2.5846892989406154 0.8396349413298569 17.400000000000002
165.35216236114502  seconds  2.5846892989406154 0.8396349413298569 8.3
110.2177267074585  seconds  2.5846892989406154 0.8396349413298569 19.3
160.62496757507324  seconds  2.5846892989406154 0.8396349413298569 10.3
163.47270345687866  seconds  2.5846892989406154 0.8396349413298569 11.3
159.10593605041504  seconds  2.5846892989406154 0.8396349413298569 12.3
158.0194776058197  seconds  2.5846892989406154 0.8396349413298569 13.3
111.97128939628601  seconds  2.5846892989406154 0.8396349413298569 5.5
156.80471277236938  seconds  2.5846892989406154 0.8396349413298569 0.4
158.86942958831787  seconds  2.5846892989406154 0.8396349413298569 14.3
164.5635120868683  seconds  2.5846892989406154 0.8396349413298569 1.4000000000000001
164.01602458953857  seconds  2.5846892989406154 0.8396349413298569 2.4000000000000004
161.64206290245056  seconds  2.5846892989406154 0.8396349413298569 15.3
159.75003480911255  seconds  2.5846892989406154 0.8396349413298569 16.3
156.9240927696228  seconds  2.5846892989406154 0.8396349413298569 3.4000000000000004
115.28671717643738  seconds  2.5846892989406154 0.8396349413298569 17.5
112.27016139030457  seconds  2.5846892989406154 0.8396349413298569 19.400000000000002
163.2709677219391  seconds  2.5846892989406154 0.8396349413298569 4.4
164.61179518699646  seconds  2.5846892989406154 0.8396349413298569 18.3
160.47906160354614  seconds  2.5846892989406154 0.8396349413298569 6.4
159.182147026062  seconds  2.5846892989406154 0.8396349413298569 7.4
170.1040165424347  seconds  2.5846892989406154 0.8396349413298569 9.4
164.84507989883423  seconds  2.5846892989406154 0.8396349413298569 8.4
163.65281510353088  seconds  2.5846892989406154 0.8396349413298569 10.4
115.35183334350586  seconds  2.5846892989406154 0.8396349413298569 5.6000000000000005
168.31427264213562  seconds  2.5846892989406154 0.8396349413298569 11.4
164.35964059829712  seconds  2.5846892989406154 0.8396349413298569 12.4
163.67414498329163  seconds  2.5846892989406154 0.8396349413298569 13.4
111.3048095703125  seconds  2.5846892989406154 0.8396349413298569 19.5
115.06392884254456  seconds  2.5846892989406154 0.8396349413298569 17.6
158.25760793685913  seconds  2.5846892989406154 0.8396349413298569 0.5
165.59858107566833  seconds  2.5846892989406154 0.8396349413298569 14.4
161.42462825775146  seconds  2.5846892989406154 0.8396349413298569 15.4
167.1408932209015  seconds  2.5846892989406154 0.8396349413298569 1.5
164.86284947395325  seconds  2.5846892989406154 0.8396349413298569 2.5
162.41244554519653  seconds  2.5846892989406154 0.8396349413298569 16.400000000000002
160.0868535041809  seconds  2.5846892989406154 0.8396349413298569 3.5
160.74940466880798  seconds  2.5846892989406154 0.8396349413298569 4.5
163.5074851512909  seconds  2.5846892989406154 0.8396349413298569 18.400000000000002
112.3069121837616  seconds  2.5846892989406154 0.8396349413298569 5.7
161.96680545806885  seconds  2.5846892989406154 0.8396349413298569 6.5
159.55945253372192  seconds  2.5846892989406154 0.8396349413298569 7.5
150.65557527542114  seconds  2.5846892989406154 0.8396349413298569 8.5
157.46316838264465  seconds  2.5846892989406154 0.8396349413298569 9.5
110.10793089866638  seconds  2.5846892989406154 0.8396349413298569 19.6
111.75653171539307  seconds  2.5846892989406154 0.8396349413298569 17.7
158.0580849647522  seconds  2.5846892989406154 0.8396349413298569 10.5
153.67372941970825  seconds  2.5846892989406154 0.8396349413298569 11.5
156.58343601226807  seconds  2.5846892989406154 0.8396349413298569 13.5
162.53402471542358  seconds  2.5846892989406154 0.8396349413298569 12.5
158.44309782981873  seconds  2.5846892989406154 0.8396349413298569 0.6000000000000001
150.6947205066681  seconds  2.5846892989406154 0.8396349413298569 14.5
153.0418393611908  seconds  2.5846892989406154 0.8396349413298569 2.6
116.05436587333679  seconds  2.5846892989406154 0.8396349413298569 5.800000000000001
159.09631609916687  seconds  2.5846892989406154 0.8396349413298569 15.5
158.13835883140564  seconds  2.5846892989406154 0.8396349413298569 1.6
157.49530386924744  seconds  2.5846892989406154 0.8396349413298569 16.5
152.02756190299988  seconds  2.5846892989406154 0.8396349413298569 3.6
119.6356589794159  seconds  2.5846892989406154 0.8396349413298569 8.6
152.3533821105957  seconds  2.5846892989406154 0.8396349413298569 4.6000000000000005
151.78930950164795  seconds  2.5846892989406154 0.8396349413298569 18.5
111.86657571792603  seconds  2.5846892989406154 0.8396349413298569 19.700000000000003
113.17489385604858  seconds  2.5846892989406154 0.8396349413298569 17.8
164.48651957511902  seconds  2.5846892989406154 0.8396349413298569 6.6000000000000005
155.10549545288086  seconds  2.5846892989406154 0.8396349413298569 7.6000000000000005
151.67605423927307  seconds  2.5846892989406154 0.8396349413298569 9.600000000000001
156.1747431755066  seconds  2.5846892989406154 0.8396349413298569 10.600000000000001
159.13732242584229  seconds  2.5846892989406154 0.8396349413298569 11.600000000000001
112.57257223129272  seconds  2.5846892989406154 0.8396349413298569 5.9
156.78607320785522  seconds  2.5846892989406154 0.8396349413298569 12.600000000000001
154.1778690814972  seconds  2.5846892989406154 0.8396349413298569 0.7000000000000001
162.078266620636  seconds  2.5846892989406154 0.8396349413298569 13.600000000000001
111.09389853477478  seconds  2.5846892989406154 0.8396349413298569 8.700000000000001
152.19819808006287  seconds  2.5846892989406154 0.8396349413298569 14.600000000000001
110.75369930267334  seconds  2.5846892989406154 0.8396349413298569 19.8
153.48804235458374  seconds  2.5846892989406154 0.8396349413298569 2.7
112.03078818321228  seconds  2.5846892989406154 0.8396349413298569 17.900000000000002
156.76437759399414  seconds  2.5846892989406154 0.8396349413298569 15.600000000000001
158.42361617088318  seconds  2.5846892989406154 0.8396349413298569 1.7000000000000002
160.07002806663513  seconds  2.5846892989406154 0.8396349413298569 16.6
159.60675477981567  seconds  2.5846892989406154 0.8396349413298569 3.7
153.5384120941162  seconds  2.5846892989406154 0.8396349413298569 4.7
152.6555359363556  seconds  2.5846892989406154 0.8396349413298569 18.6
155.17163467407227  seconds  2.5846892989406154 0.8396349413298569 6.7
157.51575875282288  seconds  2.5846892989406154 0.8396349413298569 7.7
154.31507229804993  seconds  2.5846892989406154 0.8396349413298569 9.700000000000001
105.3838403224945  seconds  2.5846892989406154 0.8396349413298569 8.8
156.79642510414124  seconds  2.5846892989406154 0.8396349413298569 10.700000000000001
104.47016763687134  seconds  2.5846892989406154 0.8396349413298569 19.900000000000002
155.41212821006775  seconds  2.5846892989406154 0.8396349413298569 11.700000000000001
151.2037308216095  seconds  2.5846892989406154 0.8396349413298569 13.700000000000001
155.04184579849243  seconds  2.5846892989406154 0.8396349413298569 0.8
158.28289318084717  seconds  2.5846892989406154 0.8396349413298569 12.700000000000001
153.44781947135925  seconds  2.5846892989406154 0.8396349413298569 14.700000000000001
145.303395986557  seconds  2.5846892989406154 0.8396349413298569 2.8000000000000003
149.10062265396118  seconds  2.5846892989406154 0.8396349413298569 15.700000000000001
154.37556982040405  seconds  2.5846892989406154 0.8396349413298569 1.8
149.62951803207397  seconds  2.5846892989406154 0.8396349413298569 16.7
149.70792746543884  seconds  2.5846892989406154 0.8396349413298569 3.8000000000000003
153.77457332611084  seconds  2.5846892989406154 0.8396349413298569 4.800000000000001
152.96513772010803  seconds  2.5846892989406154 0.8396349413298569 18.7
106.26920056343079  seconds  2.5846892989406154 0.8396349413298569 8.9
148.6981086730957  seconds  2.5846892989406154 0.8396349413298569 7.800000000000001
154.5091302394867  seconds  2.5846892989406154 0.8396349413298569 6.800000000000001
150.3157079219818  seconds  2.5846892989406154 0.8396349413298569 9.8
153.7320749759674  seconds  2.5846892989406154 0.8396349413298569 10.8
157.20105004310608  seconds  2.5846892989406154 0.8396349413298569 11.8
149.43925547599792  seconds  2.5846892989406154 0.8396349413298569 13.8
148.40685606002808  seconds  2.5846892989406154 0.8396349413298569 12.8
150.05814743041992  seconds  2.5846892989406154 0.8396349413298569 0.9
148.05941438674927  seconds  2.5846892989406154 0.8396349413298569 14.8
147.55187582969666  seconds  2.5846892989406154 0.8396349413298569 2.9000000000000004
149.52101039886475  seconds  2.5846892989406154 0.8396349413298569 15.8
145.43661785125732  seconds  2.5846892989406154 0.8396349413298569 1.9000000000000001
147.80991172790527  seconds  2.5846892989406154 0.8396349413298569 16.8
150.70901441574097  seconds  2.5846892989406154 0.8396349413298569 3.9000000000000004
146.21424865722656  seconds  2.5846892989406154 0.8396349413298569 4.9
144.58868074417114  seconds  2.5846892989406154 0.8396349413298569 18.8
143.1955988407135  seconds  2.5846892989406154 0.8396349413298569 7.9
144.4679536819458  seconds  2.5846892989406154 0.8396349413298569 6.9
140.6627881526947  seconds  2.5846892989406154 0.8396349413298569 9.9
138.8557436466217  seconds  2.5846892989406154 0.8396349413298569 10.9
131.2507450580597  seconds  2.5846892989406154 0.8396349413298569 11.9
122.89857220649719  seconds  2.5846892989406154 0.8396349413298569 13.9
123.86438798904419  seconds  2.5846892989406154 0.8396349413298569 12.9
118.19403100013733  seconds  2.5846892989406154 0.8396349413298569 14.9
118.39834189414978  seconds  2.5846892989406154 0.8396349413298569 15.9
115.48286390304565  seconds  2.5846892989406154 0.8396349413298569 16.900000000000002
110.8547375202179  seconds  2.5846892989406154 0.8396349413298569 18.900000000000002
time for calc.... 1721.208781003952
energy at the point.. 2.5337077240684835 1.1368970013037814  is  2.067935501059992e-06
200 the points 10 chunk numtheads
starting with calculation of Sigma
110.22911930084229  seconds  2.5337077240684835 1.1368970013037814 0.0
104.35746765136719  seconds  2.5337077240684835 1.1368970013037814 1.0
116.09846830368042  seconds  2.5337077240684835 1.1368970013037814 2.0
120.74821925163269  seconds  2.5337077240684835 1.1368970013037814 3.0
127.0405752658844  seconds  2.5337077240684835 1.1368970013037814 4.0
122.78955411911011  seconds  2.5337077240684835 1.1368970013037814 5.0
123.28798413276672  seconds  2.5337077240684835 1.1368970013037814 6.0
129.2665855884552  seconds  2.5337077240684835 1.1368970013037814 7.0
111.56371974945068  seconds  2.5337077240684835 1.1368970013037814 10.0
127.85069990158081  seconds  2.5337077240684835 1.1368970013037814 8.0
128.38726544380188  seconds  2.5337077240684835 1.1368970013037814 9.0
115.95095634460449  seconds  2.5337077240684835 1.1368970013037814 12.0
130.8032681941986  seconds  2.5337077240684835 1.1368970013037814 11.0
113.91106796264648  seconds  2.5337077240684835 1.1368970013037814 13.0
113.11882996559143  seconds  2.5337077240684835 1.1368970013037814 1.1
114.3396589756012  seconds  2.5337077240684835 1.1368970013037814 15.0
133.12376523017883  seconds  2.5337077240684835 1.1368970013037814 0.1
116.66323781013489  seconds  2.5337077240684835 1.1368970013037814 16.0
135.0386700630188  seconds  2.5337077240684835 1.1368970013037814 14.0
133.47057175636292  seconds  2.5337077240684835 1.1368970013037814 2.1
116.69377875328064  seconds  2.5337077240684835 1.1368970013037814 19.0
135.147958278656  seconds  2.5337077240684835 1.1368970013037814 17.0
137.2198624610901  seconds  2.5337077240684835 1.1368970013037814 3.1
133.88851952552795  seconds  2.5337077240684835 1.1368970013037814 18.0
130.18711376190186  seconds  2.5337077240684835 1.1368970013037814 4.1000000000000005
136.64278268814087  seconds  2.5337077240684835 1.1368970013037814 5.1000000000000005
131.40936756134033  seconds  2.5337077240684835 1.1368970013037814 6.1000000000000005
116.56850814819336  seconds  2.5337077240684835 1.1368970013037814 10.100000000000001
135.3247265815735  seconds  2.5337077240684835 1.1368970013037814 7.1000000000000005
137.56692790985107  seconds  2.5337077240684835 1.1368970013037814 8.1
129.87318873405457  seconds  2.5337077240684835 1.1368970013037814 9.1
116.05501770973206  seconds  2.5337077240684835 1.1368970013037814 12.100000000000001
116.86780309677124  seconds  2.5337077240684835 1.1368970013037814 13.100000000000001
116.40532732009888  seconds  2.5337077240684835 1.1368970013037814 1.2000000000000002
130.51898431777954  seconds  2.5337077240684835 1.1368970013037814 11.100000000000001
115.36281228065491  seconds  2.5337077240684835 1.1368970013037814 15.100000000000001
118.57488083839417  seconds  2.5337077240684835 1.1368970013037814 0.2
118.46761584281921  seconds  2.5337077240684835 1.1368970013037814 16.1
131.09620594978333  seconds  2.5337077240684835 1.1368970013037814 14.100000000000001
118.74341464042664  seconds  2.5337077240684835 1.1368970013037814 19.1
134.16332411766052  seconds  2.5337077240684835 1.1368970013037814 2.2
134.79635548591614  seconds  2.5337077240684835 1.1368970013037814 17.1
132.25855350494385  seconds  2.5337077240684835 1.1368970013037814 3.2
132.9374098777771  seconds  2.5337077240684835 1.1368970013037814 18.1
131.59938597679138  seconds  2.5337077240684835 1.1368970013037814 4.2
116.22039723396301  seconds  2.5337077240684835 1.1368970013037814 10.200000000000001
130.72657108306885  seconds  2.5337077240684835 1.1368970013037814 5.2
133.99777102470398  seconds  2.5337077240684835 1.1368970013037814 6.2
116.11521291732788  seconds  2.5337077240684835 1.1368970013037814 12.200000000000001
135.76340675354004  seconds  2.5337077240684835 1.1368970013037814 7.2
119.57550406455994  seconds  2.5337077240684835 1.1368970013037814 13.200000000000001
129.28293681144714  seconds  2.5337077240684835 1.1368970013037814 8.200000000000001
132.51306533813477  seconds  2.5337077240684835 1.1368970013037814 9.200000000000001
120.61587524414062  seconds  2.5337077240684835 1.1368970013037814 1.3
116.67097902297974  seconds  2.5337077240684835 1.1368970013037814 15.200000000000001
129.85068702697754  seconds  2.5337077240684835 1.1368970013037814 11.200000000000001
116.0452766418457  seconds  2.5337077240684835 1.1368970013037814 16.2
120.9427764415741  seconds  2.5337077240684835 1.1368970013037814 0.30000000000000004
117.61693024635315  seconds  2.5337077240684835 1.1368970013037814 19.200000000000003
132.2798092365265  seconds  2.5337077240684835 1.1368970013037814 14.200000000000001
130.84487628936768  seconds  2.5337077240684835 1.1368970013037814 2.3000000000000003
116.82556748390198  seconds  2.5337077240684835 1.1368970013037814 10.3
130.79280734062195  seconds  2.5337077240684835 1.1368970013037814 17.2
132.3971929550171  seconds  2.5337077240684835 1.1368970013037814 18.2
133.97403287887573  seconds  2.5337077240684835 1.1368970013037814 3.3000000000000003
130.0277760028839  seconds  2.5337077240684835 1.1368970013037814 4.3
131.50714206695557  seconds  2.5337077240684835 1.1368970013037814 5.300000000000001
116.44869065284729  seconds  2.5337077240684835 1.1368970013037814 12.3
131.45686316490173  seconds  2.5337077240684835 1.1368970013037814 6.300000000000001
119.92131280899048  seconds  2.5337077240684835 1.1368970013037814 13.3
117.3627610206604  seconds  2.5337077240684835 1.1368970013037814 1.4000000000000001
129.7599582672119  seconds  2.5337077240684835 1.1368970013037814 7.300000000000001
133.39330554008484  seconds  2.5337077240684835 1.1368970013037814 8.3
120.47374677658081  seconds  2.5337077240684835 1.1368970013037814 15.3
134.74357295036316  seconds  2.5337077240684835 1.1368970013037814 9.3
119.04635310173035  seconds  2.5337077240684835 1.1368970013037814 16.3
117.28341937065125  seconds  2.5337077240684835 1.1368970013037814 0.4
130.17528247833252  seconds  2.5337077240684835 1.1368970013037814 11.3
119.01861023902893  seconds  2.5337077240684835 1.1368970013037814 19.3
127.7616674900055  seconds  2.5337077240684835 1.1368970013037814 14.3
118.07669377326965  seconds  2.5337077240684835 1.1368970013037814 10.4
128.7747437953949  seconds  2.5337077240684835 1.1368970013037814 2.4000000000000004
133.5350160598755  seconds  2.5337077240684835 1.1368970013037814 17.3
129.67497277259827  seconds  2.5337077240684835 1.1368970013037814 18.3
132.52169680595398  seconds  2.5337077240684835 1.1368970013037814 3.4000000000000004
119.00915861129761  seconds  2.5337077240684835 1.1368970013037814 12.4
131.27467393875122  seconds  2.5337077240684835 1.1368970013037814 4.4
129.74161410331726  seconds  2.5337077240684835 1.1368970013037814 5.4
118.11028242111206  seconds  2.5337077240684835 1.1368970013037814 1.5
132.8611011505127  seconds  2.5337077240684835 1.1368970013037814 6.4
124.89992189407349  seconds  2.5337077240684835 1.1368970013037814 13.4
119.90624618530273  seconds  2.5337077240684835 1.1368970013037814 15.4
131.44388628005981  seconds  2.5337077240684835 1.1368970013037814 7.4
128.68374037742615  seconds  2.5337077240684835 1.1368970013037814 8.4
119.19705200195312  seconds  2.5337077240684835 1.1368970013037814 16.400000000000002
119.57687187194824  seconds  2.5337077240684835 1.1368970013037814 0.5
129.15987968444824  seconds  2.5337077240684835 1.1368970013037814 9.4
128.69896960258484  seconds  2.5337077240684835 1.1368970013037814 11.4
122.68903923034668  seconds  2.5337077240684835 1.1368970013037814 19.400000000000002
118.2170684337616  seconds  2.5337077240684835 1.1368970013037814 14.4
117.57443356513977  seconds  2.5337077240684835 1.1368970013037814 10.5
131.6494481563568  seconds  2.5337077240684835 1.1368970013037814 2.5
124.69171595573425  seconds  2.5337077240684835 1.1368970013037814 12.5
134.10366582870483  seconds  2.5337077240684835 1.1368970013037814 17.400000000000002
129.3253664970398  seconds  2.5337077240684835 1.1368970013037814 4.5
136.2570652961731  seconds  2.5337077240684835 1.1368970013037814 18.400000000000002
133.81759023666382  seconds  2.5337077240684835 1.1368970013037814 3.5
122.60119724273682  seconds  2.5337077240684835 1.1368970013037814 1.6
131.3574619293213  seconds  2.5337077240684835 1.1368970013037814 5.5
122.68679666519165  seconds  2.5337077240684835 1.1368970013037814 13.5
128.40384006500244  seconds  2.5337077240684835 1.1368970013037814 6.5
119.36653113365173  seconds  2.5337077240684835 1.1368970013037814 15.5
118.21106600761414  seconds  2.5337077240684835 1.1368970013037814 16.5
124.88338851928711  seconds  2.5337077240684835 1.1368970013037814 8.5
128.1808979511261  seconds  2.5337077240684835 1.1368970013037814 7.5
126.82059717178345  seconds  2.5337077240684835 1.1368970013037814 0.6000000000000001
126.33920049667358  seconds  2.5337077240684835 1.1368970013037814 9.5
128.96940183639526  seconds  2.5337077240684835 1.1368970013037814 11.5
119.89419555664062  seconds  2.5337077240684835 1.1368970013037814 19.5
119.13883304595947  seconds  2.5337077240684835 1.1368970013037814 14.5
118.72943997383118  seconds  2.5337077240684835 1.1368970013037814 10.600000000000001
125.86470150947571  seconds  2.5337077240684835 1.1368970013037814 2.6
121.95229864120483  seconds  2.5337077240684835 1.1368970013037814 12.600000000000001
123.20612573623657  seconds  2.5337077240684835 1.1368970013037814 18.5
129.62793064117432  seconds  2.5337077240684835 1.1368970013037814 17.5
127.28629636764526  seconds  2.5337077240684835 1.1368970013037814 4.6000000000000005
129.69390034675598  seconds  2.5337077240684835 1.1368970013037814 3.6
124.6230890750885  seconds  2.5337077240684835 1.1368970013037814 1.7000000000000002
123.61816358566284  seconds  2.5337077240684835 1.1368970013037814 13.600000000000001
125.96234512329102  seconds  2.5337077240684835 1.1368970013037814 5.6000000000000005
120.85577702522278  seconds  2.5337077240684835 1.1368970013037814 15.600000000000001
128.28951025009155  seconds  2.5337077240684835 1.1368970013037814 6.6000000000000005
120.89095520973206  seconds  2.5337077240684835 1.1368970013037814 16.6
124.11952543258667  seconds  2.5337077240684835 1.1368970013037814 8.6
120.99145579338074  seconds  2.5337077240684835 1.1368970013037814 0.7000000000000001
125.79609632492065  seconds  2.5337077240684835 1.1368970013037814 7.6000000000000005
126.5461311340332  seconds  2.5337077240684835 1.1368970013037814 9.600000000000001
124.26644158363342  seconds  2.5337077240684835 1.1368970013037814 11.600000000000001
121.35226821899414  seconds  2.5337077240684835 1.1368970013037814 19.6
120.80940079689026  seconds  2.5337077240684835 1.1368970013037814 14.600000000000001
121.42788100242615  seconds  2.5337077240684835 1.1368970013037814 10.700000000000001
125.87710881233215  seconds  2.5337077240684835 1.1368970013037814 2.7
120.80608177185059  seconds  2.5337077240684835 1.1368970013037814 12.700000000000001
120.84850645065308  seconds  2.5337077240684835 1.1368970013037814 18.6
129.40959334373474  seconds  2.5337077240684835 1.1368970013037814 17.6
121.8845362663269  seconds  2.5337077240684835 1.1368970013037814 1.8
122.565509557724  seconds  2.5337077240684835 1.1368970013037814 13.700000000000001
132.74779272079468  seconds  2.5337077240684835 1.1368970013037814 4.7
124.16731429100037  seconds  2.5337077240684835 1.1368970013037814 5.7
129.08671760559082  seconds  2.5337077240684835 1.1368970013037814 3.7
123.2938802242279  seconds  2.5337077240684835 1.1368970013037814 15.700000000000001
120.83875060081482  seconds  2.5337077240684835 1.1368970013037814 16.7
126.4267270565033  seconds  2.5337077240684835 1.1368970013037814 6.7
121.64162421226501  seconds  2.5337077240684835 1.1368970013037814 0.8
124.32890677452087  seconds  2.5337077240684835 1.1368970013037814 8.700000000000001
123.86151552200317  seconds  2.5337077240684835 1.1368970013037814 7.7
130.52920961380005  seconds  2.5337077240684835 1.1368970013037814 9.700000000000001
122.54138827323914  seconds  2.5337077240684835 1.1368970013037814 19.700000000000003
125.81733775138855  seconds  2.5337077240684835 1.1368970013037814 11.700000000000001
122.17751502990723  seconds  2.5337077240684835 1.1368970013037814 14.700000000000001
122.10248517990112  seconds  2.5337077240684835 1.1368970013037814 10.8
120.50752067565918  seconds  2.5337077240684835 1.1368970013037814 12.8
125.83918786048889  seconds  2.5337077240684835 1.1368970013037814 2.8000000000000003
120.77887797355652  seconds  2.5337077240684835 1.1368970013037814 18.7
121.99340963363647  seconds  2.5337077240684835 1.1368970013037814 1.9000000000000001
122.17925381660461  seconds  2.5337077240684835 1.1368970013037814 13.8
125.88415098190308  seconds  2.5337077240684835 1.1368970013037814 17.7
121.78240823745728  seconds  2.5337077240684835 1.1368970013037814 15.8
126.37522864341736  seconds  2.5337077240684835 1.1368970013037814 5.800000000000001
127.8585422039032  seconds  2.5337077240684835 1.1368970013037814 4.800000000000001
128.87031292915344  seconds  2.5337077240684835 1.1368970013037814 3.8000000000000003
122.42469811439514  seconds  2.5337077240684835 1.1368970013037814 16.8
126.9942557811737  seconds  2.5337077240684835 1.1368970013037814 6.800000000000001
121.07754015922546  seconds  2.5337077240684835 1.1368970013037814 0.9
125.21262168884277  seconds  2.5337077240684835 1.1368970013037814 8.8
124.43689751625061  seconds  2.5337077240684835 1.1368970013037814 7.800000000000001
121.9782977104187  seconds  2.5337077240684835 1.1368970013037814 19.8
130.7264575958252  seconds  2.5337077240684835 1.1368970013037814 9.8
125.070627450943  seconds  2.5337077240684835 1.1368970013037814 11.8
123.32616329193115  seconds  2.5337077240684835 1.1368970013037814 14.8
119.73520064353943  seconds  2.5337077240684835 1.1368970013037814 10.9
117.63845992088318  seconds  2.5337077240684835 1.1368970013037814 12.9
122.89402031898499  seconds  2.5337077240684835 1.1368970013037814 2.9000000000000004
115.81332039833069  seconds  2.5337077240684835 1.1368970013037814 18.8
115.94352173805237  seconds  2.5337077240684835 1.1368970013037814 13.9
116.43155813217163  seconds  2.5337077240684835 1.1368970013037814 15.9
120.7559266090393  seconds  2.5337077240684835 1.1368970013037814 17.8
114.70244717597961  seconds  2.5337077240684835 1.1368970013037814 16.900000000000002
121.28727293014526  seconds  2.5337077240684835 1.1368970013037814 5.9
121.7030086517334  seconds  2.5337077240684835 1.1368970013037814 4.9
121.8115553855896  seconds  2.5337077240684835 1.1368970013037814 3.9000000000000004
121.06262707710266  seconds  2.5337077240684835 1.1368970013037814 6.9
117.95969772338867  seconds  2.5337077240684835 1.1368970013037814 7.9
120.10153818130493  seconds  2.5337077240684835 1.1368970013037814 8.9
110.40357637405396  seconds  2.5337077240684835 1.1368970013037814 19.900000000000002
113.53502249717712  seconds  2.5337077240684835 1.1368970013037814 11.9
110.33084893226624  seconds  2.5337077240684835 1.1368970013037814 14.9
119.34414792060852  seconds  2.5337077240684835 1.1368970013037814 9.9
98.25994443893433  seconds  2.5337077240684835 1.1368970013037814 18.900000000000002
98.44494938850403  seconds  2.5337077240684835 1.1368970013037814 17.900000000000002
time for calc.... 1422.2543120384216
energy at the point.. 2.421355054487129 1.409821816601478  is  6.066433012819061e-06
200 the points 10 chunk numtheads
starting with calculation of Sigma
108.95546054840088  seconds  2.421355054487129 1.409821816601478 0.0
118.98011994361877  seconds  2.421355054487129 1.409821816601478 1.0
109.57669448852539  seconds  2.421355054487129 1.409821816601478 3.0
119.32461643218994  seconds  2.421355054487129 1.409821816601478 2.0
123.61588883399963  seconds  2.421355054487129 1.409821816601478 4.0
122.59648156166077  seconds  2.421355054487129 1.409821816601478 5.0
131.7745840549469  seconds  2.421355054487129 1.409821816601478 6.0
126.6275806427002  seconds  2.421355054487129 1.409821816601478 7.0
129.2878885269165  seconds  2.421355054487129 1.409821816601478 8.0
129.8897602558136  seconds  2.421355054487129 1.409821816601478 9.0
128.87560510635376  seconds  2.421355054487129 1.409821816601478 10.0
130.37543869018555  seconds  2.421355054487129 1.409821816601478 11.0
113.27577519416809  seconds  2.421355054487129 1.409821816601478 14.0
132.85565543174744  seconds  2.421355054487129 1.409821816601478 12.0
130.03008103370667  seconds  2.421355054487129 1.409821816601478 13.0
113.30132460594177  seconds  2.421355054487129 1.409821816601478 15.0
131.19296836853027  seconds  2.421355054487129 1.409821816601478 0.1
116.38029766082764  seconds  2.421355054487129 1.409821816601478 3.1
117.02486777305603  seconds  2.421355054487129 1.409821816601478 17.0
118.59055233001709  seconds  2.421355054487129 1.409821816601478 2.1
128.0562915802002  seconds  2.421355054487129 1.409821816601478 1.1
116.47710466384888  seconds  2.421355054487129 1.409821816601478 18.0
135.51829481124878  seconds  2.421355054487129 1.409821816601478 16.0
130.75743436813354  seconds  2.421355054487129 1.409821816601478 19.0
130.75449419021606  seconds  2.421355054487129 1.409821816601478 4.1000000000000005
132.18717527389526  seconds  2.421355054487129 1.409821816601478 5.1000000000000005
129.1256458759308  seconds  2.421355054487129 1.409821816601478 6.1000000000000005
131.23169350624084  seconds  2.421355054487129 1.409821816601478 7.1000000000000005
117.04043984413147  seconds  2.421355054487129 1.409821816601478 10.100000000000001
127.67988514900208  seconds  2.421355054487129 1.409821816601478 9.1
139.0028257369995  seconds  2.421355054487129 1.409821816601478 8.1
129.26900386810303  seconds  2.421355054487129 1.409821816601478 11.100000000000001
118.77225399017334  seconds  2.421355054487129 1.409821816601478 14.100000000000001
116.90950322151184  seconds  2.421355054487129 1.409821816601478 15.100000000000001
128.54320907592773  seconds  2.421355054487129 1.409821816601478 12.100000000000001
126.20257019996643  seconds  2.421355054487129 1.409821816601478 13.100000000000001
117.74962425231934  seconds  2.421355054487129 1.409821816601478 3.2
129.00449395179749  seconds  2.421355054487129 1.409821816601478 0.2
117.85247015953064  seconds  2.421355054487129 1.409821816601478 2.2
119.20221996307373  seconds  2.421355054487129 1.409821816601478 17.1
117.52221894264221  seconds  2.421355054487129 1.409821816601478 18.1
133.1866979598999  seconds  2.421355054487129 1.409821816601478 1.2000000000000002
130.17946100234985  seconds  2.421355054487129 1.409821816601478 16.1
117.3039379119873  seconds  2.421355054487129 1.409821816601478 19.1
124.28120493888855  seconds  2.421355054487129 1.409821816601478 4.2
126.79925298690796  seconds  2.421355054487129 1.409821816601478 5.2
126.98310899734497  seconds  2.421355054487129 1.409821816601478 6.2
123.95939755439758  seconds  2.421355054487129 1.409821816601478 7.2
119.79005765914917  seconds  2.421355054487129 1.409821816601478 10.200000000000001
126.96400189399719  seconds  2.421355054487129 1.409821816601478 9.200000000000001
130.3225610256195  seconds  2.421355054487129 1.409821816601478 8.200000000000001
120.98442578315735  seconds  2.421355054487129 1.409821816601478 14.200000000000001
124.48422479629517  seconds  2.421355054487129 1.409821816601478 11.200000000000001
121.218985080719  seconds  2.421355054487129 1.409821816601478 15.200000000000001
123.12765312194824  seconds  2.421355054487129 1.409821816601478 12.200000000000001
126.40383100509644  seconds  2.421355054487129 1.409821816601478 13.200000000000001
119.76317191123962  seconds  2.421355054487129 1.409821816601478 3.3000000000000003
121.59587454795837  seconds  2.421355054487129 1.409821816601478 0.30000000000000004
121.35647344589233  seconds  2.421355054487129 1.409821816601478 2.3000000000000003
124.23038530349731  seconds  2.421355054487129 1.409821816601478 17.2
120.56277346611023  seconds  2.421355054487129 1.409821816601478 18.2
119.89526176452637  seconds  2.421355054487129 1.409821816601478 1.3
125.70963907241821  seconds  2.421355054487129 1.409821816601478 16.2
121.10315108299255  seconds  2.421355054487129 1.409821816601478 19.200000000000003
121.9800238609314  seconds  2.421355054487129 1.409821816601478 4.3
124.5443184375763  seconds  2.421355054487129 1.409821816601478 5.300000000000001
122.6071310043335  seconds  2.421355054487129 1.409821816601478 6.300000000000001
124.30511164665222  seconds  2.421355054487129 1.409821816601478 7.300000000000001
120.53602266311646  seconds  2.421355054487129 1.409821816601478 10.3
124.20850729942322  seconds  2.421355054487129 1.409821816601478 9.3
121.05785131454468  seconds  2.421355054487129 1.409821816601478 8.3
120.53811693191528  seconds  2.421355054487129 1.409821816601478 14.3
120.96524477005005  seconds  2.421355054487129 1.409821816601478 11.3
123.71497535705566  seconds  2.421355054487129 1.409821816601478 15.3
122.29017162322998  seconds  2.421355054487129 1.409821816601478 12.3
121.79738855361938  seconds  2.421355054487129 1.409821816601478 13.3
119.7431571483612  seconds  2.421355054487129 1.409821816601478 3.4000000000000004
122.75865626335144  seconds  2.421355054487129 1.409821816601478 0.4
121.74624752998352  seconds  2.421355054487129 1.409821816601478 2.4000000000000004
121.4234356880188  seconds  2.421355054487129 1.409821816601478 17.3
120.81813716888428  seconds  2.421355054487129 1.409821816601478 18.3
119.30465984344482  seconds  2.421355054487129 1.409821816601478 1.4000000000000001
121.08596205711365  seconds  2.421355054487129 1.409821816601478 19.3
124.48831820487976  seconds  2.421355054487129 1.409821816601478 16.3
123.61226487159729  seconds  2.421355054487129 1.409821816601478 4.4
124.97637677192688  seconds  2.421355054487129 1.409821816601478 5.4
123.58620476722717  seconds  2.421355054487129 1.409821816601478 6.4
120.42677354812622  seconds  2.421355054487129 1.409821816601478 10.4
125.07563209533691  seconds  2.421355054487129 1.409821816601478 7.4
122.78768253326416  seconds  2.421355054487129 1.409821816601478 9.4
122.08206152915955  seconds  2.421355054487129 1.409821816601478 8.4
120.37282872200012  seconds  2.421355054487129 1.409821816601478 14.4
122.86461925506592  seconds  2.421355054487129 1.409821816601478 11.4
120.35638475418091  seconds  2.421355054487129 1.409821816601478 15.4
125.49557709693909  seconds  2.421355054487129 1.409821816601478 12.4
120.6079432964325  seconds  2.421355054487129 1.409821816601478 3.5
123.84143400192261  seconds  2.421355054487129 1.409821816601478 13.4
120.8722631931305  seconds  2.421355054487129 1.409821816601478 2.5
123.50282406806946  seconds  2.421355054487129 1.409821816601478 0.5
120.76459574699402  seconds  2.421355054487129 1.409821816601478 17.400000000000002
122.52903342247009  seconds  2.421355054487129 1.409821816601478 18.400000000000002
121.39663052558899  seconds  2.421355054487129 1.409821816601478 1.5
121.80419039726257  seconds  2.421355054487129 1.409821816601478 19.400000000000002
128.31387901306152  seconds  2.421355054487129 1.409821816601478 16.400000000000002
123.01669549942017  seconds  2.421355054487129 1.409821816601478 4.5
126.25196170806885  seconds  2.421355054487129 1.409821816601478 5.5
122.02804183959961  seconds  2.421355054487129 1.409821816601478 10.5
127.2046468257904  seconds  2.421355054487129 1.409821816601478 6.5
127.69347214698792  seconds  2.421355054487129 1.409821816601478 7.5
123.0283133983612  seconds  2.421355054487129 1.409821816601478 9.5
120.75596809387207  seconds  2.421355054487129 1.409821816601478 8.5
120.82391667366028  seconds  2.421355054487129 1.409821816601478 14.5
121.22021222114563  seconds  2.421355054487129 1.409821816601478 15.5
125.36372566223145  seconds  2.421355054487129 1.409821816601478 11.5
119.72475576400757  seconds  2.421355054487129 1.409821816601478 3.6
125.45260906219482  seconds  2.421355054487129 1.409821816601478 12.5
126.74659776687622  seconds  2.421355054487129 1.409821816601478 13.5
122.52592277526855  seconds  2.421355054487129 1.409821816601478 2.6
123.32560610771179  seconds  2.421355054487129 1.409821816601478 17.5
122.63303279876709  seconds  2.421355054487129 1.409821816601478 18.5
127.41615700721741  seconds  2.421355054487129 1.409821816601478 0.6000000000000001
119.46546125411987  seconds  2.421355054487129 1.409821816601478 1.6
120.59749937057495  seconds  2.421355054487129 1.409821816601478 19.5
126.63690996170044  seconds  2.421355054487129 1.409821816601478 16.5
124.96769547462463  seconds  2.421355054487129 1.409821816601478 4.6000000000000005
127.82775855064392  seconds  2.421355054487129 1.409821816601478 5.6000000000000005
122.16027522087097  seconds  2.421355054487129 1.409821816601478 10.600000000000001
130.31033325195312  seconds  2.421355054487129 1.409821816601478 6.6000000000000005
132.02966904640198  seconds  2.421355054487129 1.409821816601478 7.6000000000000005
123.22150206565857  seconds  2.421355054487129 1.409821816601478 8.6
123.73777198791504  seconds  2.421355054487129 1.409821816601478 9.600000000000001
120.68753242492676  seconds  2.421355054487129 1.409821816601478 14.600000000000001
122.9316074848175  seconds  2.421355054487129 1.409821816601478 15.600000000000001
125.71140766143799  seconds  2.421355054487129 1.409821816601478 11.600000000000001
120.82666039466858  seconds  2.421355054487129 1.409821816601478 3.7
124.68137860298157  seconds  2.421355054487129 1.409821816601478 12.600000000000001
122.41331386566162  seconds  2.421355054487129 1.409821816601478 2.7
121.57239317893982  seconds  2.421355054487129 1.409821816601478 17.6
127.63084554672241  seconds  2.421355054487129 1.409821816601478 13.600000000000001
121.66104364395142  seconds  2.421355054487129 1.409821816601478 18.6
120.56438899040222  seconds  2.421355054487129 1.409821816601478 1.7000000000000002
128.1650092601776  seconds  2.421355054487129 1.409821816601478 0.7000000000000001
119.44765329360962  seconds  2.421355054487129 1.409821816601478 19.6
123.92775130271912  seconds  2.421355054487129 1.409821816601478 16.6
125.94512557983398  seconds  2.421355054487129 1.409821816601478 4.7
123.43200635910034  seconds  2.421355054487129 1.409821816601478 5.7
121.99029564857483  seconds  2.421355054487129 1.409821816601478 10.700000000000001
126.5070652961731  seconds  2.421355054487129 1.409821816601478 6.7
121.90895533561707  seconds  2.421355054487129 1.409821816601478 8.700000000000001
125.14182138442993  seconds  2.421355054487129 1.409821816601478 7.7
121.50354766845703  seconds  2.421355054487129 1.409821816601478 14.700000000000001
124.4770073890686  seconds  2.421355054487129 1.409821816601478 9.700000000000001
121.84142017364502  seconds  2.421355054487129 1.409821816601478 15.700000000000001
122.79933500289917  seconds  2.421355054487129 1.409821816601478 3.8000000000000003
129.37313961982727  seconds  2.421355054487129 1.409821816601478 11.700000000000001
125.16657781600952  seconds  2.421355054487129 1.409821816601478 12.700000000000001
123.36155271530151  seconds  2.421355054487129 1.409821816601478 2.8000000000000003
123.9983856678009  seconds  2.421355054487129 1.409821816601478 17.7
122.39480423927307  seconds  2.421355054487129 1.409821816601478 18.7
125.20760488510132  seconds  2.421355054487129 1.409821816601478 13.700000000000001
122.45825862884521  seconds  2.421355054487129 1.409821816601478 1.8
123.41462516784668  seconds  2.421355054487129 1.409821816601478 0.8
123.2042076587677  seconds  2.421355054487129 1.409821816601478 19.700000000000003
117.83038544654846  seconds  2.421355054487129 1.409821816601478 16.7
122.27964639663696  seconds  2.421355054487129 1.409821816601478 4.800000000000001
123.28406047821045  seconds  2.421355054487129 1.409821816601478 5.800000000000001
122.6472418308258  seconds  2.421355054487129 1.409821816601478 10.8
118.58988118171692  seconds  2.421355054487129 1.409821816601478 6.800000000000001
122.11617493629456  seconds  2.421355054487129 1.409821816601478 7.800000000000001
123.59616231918335  seconds  2.421355054487129 1.409821816601478 8.8
121.97449779510498  seconds  2.421355054487129 1.409821816601478 9.8
123.91527104377747  seconds  2.421355054487129 1.409821816601478 14.8
121.34069585800171  seconds  2.421355054487129 1.409821816601478 15.8
121.6803514957428  seconds  2.421355054487129 1.409821816601478 3.9000000000000004
123.47847032546997  seconds  2.421355054487129 1.409821816601478 11.8
123.55126333236694  seconds  2.421355054487129 1.409821816601478 12.8
122.82227420806885  seconds  2.421355054487129 1.409821816601478 2.9000000000000004
123.68868350982666  seconds  2.421355054487129 1.409821816601478 17.8
123.85193920135498  seconds  2.421355054487129 1.409821816601478 18.8
122.72679543495178  seconds  2.421355054487129 1.409821816601478 13.8
121.35390138626099  seconds  2.421355054487129 1.409821816601478 1.9000000000000001
121.47307562828064  seconds  2.421355054487129 1.409821816601478 0.9
121.37738800048828  seconds  2.421355054487129 1.409821816601478 19.8
124.59673643112183  seconds  2.421355054487129 1.409821816601478 16.8
122.37313055992126  seconds  2.421355054487129 1.409821816601478 4.9
119.79572105407715  seconds  2.421355054487129 1.409821816601478 5.9
119.5066876411438  seconds  2.421355054487129 1.409821816601478 10.9
118.29348635673523  seconds  2.421355054487129 1.409821816601478 6.9
118.4492244720459  seconds  2.421355054487129 1.409821816601478 7.9
120.16457271575928  seconds  2.421355054487129 1.409821816601478 9.9
119.89761900901794  seconds  2.421355054487129 1.409821816601478 14.9
121.7751829624176  seconds  2.421355054487129 1.409821816601478 8.9
117.64302921295166  seconds  2.421355054487129 1.409821816601478 15.9
113.97472381591797  seconds  2.421355054487129 1.409821816601478 11.9
112.58543372154236  seconds  2.421355054487129 1.409821816601478 12.9
109.68534636497498  seconds  2.421355054487129 1.409821816601478 13.9
113.7201189994812  seconds  2.421355054487129 1.409821816601478 17.900000000000002
112.75438284873962  seconds  2.421355054487129 1.409821816601478 18.900000000000002
110.41087198257446  seconds  2.421355054487129 1.409821816601478 19.900000000000002
106.62745189666748  seconds  2.421355054487129 1.409821816601478 16.900000000000002
time for calc.... 1382.0882620811462
112555.31user 40522.54system 2:29:17elapsed 1708%CPU (0avgtext+0avgdata 25847868maxresident)k
34784inputs+132072outputs (392major+577857749minor)pagefaults 0swaps
