reading lattice from... ./Lattices/sqKgridX6000.npy
reading lattice from... ./Lattices/sqKgridY6000.npy
starting sampling in reciprocal space....
 finished sampling in reciprocal space.... 0.05287981033325195
started calculating filling for chemical potential and dispersion parameters TB_single_band..
reading lattice from... ./Lattices/KgridX1200.npy
reading lattice from... ./Lattices/KgridY1200.npy
reading lattice from... ./Lattices/KgridX1200.npy
reading lattice from... ./Lattices/KgridY1200.npy
sum of the hist, normed? 1.0
finished calculating filling for chemical potential
Filling: 0.5005457254054085 .... chemical potential: 27.426155987022412
reading lattice from... ./Lattices/KgridX1200.npy
reading lattice from... ./Lattices/KgridY1200.npy
sum of the hist, normed? 0.9999999999999923
The fermi energy in mev is: 3043.586452905812, and in units of J: 294.35072078392767, the bandwidth is:494.39071566731144
reading lattice from... ./Lattices/KgridX1000.npy
reading lattice from... ./Lattices/KgridY1000.npy
the effective diffusion constant is ... 0.7008405725264625 the scale C is ....  2.338398020192099
reading lattice from... ./Lattices/KgridX6000.npy
reading lattice from... ./Lattices/KgridY6000.npy
reading lattice from... ./Lattices/sqKgridX6000.npy
reading lattice from... ./Lattices/sqKgridY6000.npy
energy at the point.. 2.607302062202848 -0.0069534984789219045  is  3.923355237134274e-06
200 the points 10 chunk numtheads
starting with calculation of Sigma
68.02024364471436  seconds  2.607302062202848 -0.0069534984789219045 0.0
69.53111147880554  seconds  2.607302062202848 -0.0069534984789219045 1.0
71.12638664245605  seconds  2.607302062202848 -0.0069534984789219045 2.0
71.48426604270935  seconds  2.607302062202848 -0.0069534984789219045 3.0
68.12630486488342  seconds  2.607302062202848 -0.0069534984789219045 4.0
73.66762280464172  seconds  2.607302062202848 -0.0069534984789219045 5.0
74.88627576828003  seconds  2.607302062202848 -0.0069534984789219045 6.0
72.74276423454285  seconds  2.607302062202848 -0.0069534984789219045 8.0
77.02307844161987  seconds  2.607302062202848 -0.0069534984789219045 7.0
78.46103715896606  seconds  2.607302062202848 -0.0069534984789219045 9.0
74.14592695236206  seconds  2.607302062202848 -0.0069534984789219045 10.0
74.99897265434265  seconds  2.607302062202848 -0.0069534984789219045 11.0
75.91059446334839  seconds  2.607302062202848 -0.0069534984789219045 12.0
77.85240626335144  seconds  2.607302062202848 -0.0069534984789219045 13.0
82.04774284362793  seconds  2.607302062202848 -0.0069534984789219045 0.1
83.14376378059387  seconds  2.607302062202848 -0.0069534984789219045 14.0
82.44455647468567  seconds  2.607302062202848 -0.0069534984789219045 1.1
87.13228297233582  seconds  2.607302062202848 -0.0069534984789219045 15.0
77.51210761070251  seconds  2.607302062202848 -0.0069534984789219045 4.1000000000000005
84.325763463974  seconds  2.607302062202848 -0.0069534984789219045 2.1
83.08757996559143  seconds  2.607302062202848 -0.0069534984789219045 16.0
83.02818179130554  seconds  2.607302062202848 -0.0069534984789219045 3.1
84.09478187561035  seconds  2.607302062202848 -0.0069534984789219045 17.0
87.6782021522522  seconds  2.607302062202848 -0.0069534984789219045 18.0
89.08500838279724  seconds  2.607302062202848 -0.0069534984789219045 19.0
92.0239417552948  seconds  2.607302062202848 -0.0069534984789219045 5.1000000000000005
86.44097852706909  seconds  2.607302062202848 -0.0069534984789219045 6.1000000000000005
83.21349859237671  seconds  2.607302062202848 -0.0069534984789219045 8.1
86.7876079082489  seconds  2.607302062202848 -0.0069534984789219045 7.1000000000000005
86.16444802284241  seconds  2.607302062202848 -0.0069534984789219045 10.100000000000001
88.91896367073059  seconds  2.607302062202848 -0.0069534984789219045 9.1
87.06534504890442  seconds  2.607302062202848 -0.0069534984789219045 11.100000000000001
85.18791580200195  seconds  2.607302062202848 -0.0069534984789219045 12.100000000000001
84.8075807094574  seconds  2.607302062202848 -0.0069534984789219045 13.100000000000001
87.06373572349548  seconds  2.607302062202848 -0.0069534984789219045 0.2
87.61053848266602  seconds  2.607302062202848 -0.0069534984789219045 14.100000000000001
88.69214415550232  seconds  2.607302062202848 -0.0069534984789219045 1.2000000000000002
86.31175899505615  seconds  2.607302062202848 -0.0069534984789219045 15.100000000000001
85.56615281105042  seconds  2.607302062202848 -0.0069534984789219045 4.2
87.27902412414551  seconds  2.607302062202848 -0.0069534984789219045 2.2
87.61340856552124  seconds  2.607302062202848 -0.0069534984789219045 16.1
86.80343389511108  seconds  2.607302062202848 -0.0069534984789219045 3.2
91.904452085495  seconds  2.607302062202848 -0.0069534984789219045 17.1
84.6501853466034  seconds  2.607302062202848 -0.0069534984789219045 18.1
77.2273280620575  seconds  2.607302062202848 -0.0069534984789219045 6.2
83.2771167755127  seconds  2.607302062202848 -0.0069534984789219045 5.2
83.99065804481506  seconds  2.607302062202848 -0.0069534984789219045 19.1
78.48520255088806  seconds  2.607302062202848 -0.0069534984789219045 8.200000000000001
82.4230055809021  seconds  2.607302062202848 -0.0069534984789219045 7.2
77.82298684120178  seconds  2.607302062202848 -0.0069534984789219045 10.200000000000001
82.32445693016052  seconds  2.607302062202848 -0.0069534984789219045 9.200000000000001
78.18798637390137  seconds  2.607302062202848 -0.0069534984789219045 11.200000000000001
78.19226145744324  seconds  2.607302062202848 -0.0069534984789219045 12.200000000000001
77.91238355636597  seconds  2.607302062202848 -0.0069534984789219045 13.200000000000001
82.7716612815857  seconds  2.607302062202848 -0.0069534984789219045 0.30000000000000004
86.68041801452637  seconds  2.607302062202848 -0.0069534984789219045 14.200000000000001
90.83436799049377  seconds  2.607302062202848 -0.0069534984789219045 1.3
92.66302585601807  seconds  2.607302062202848 -0.0069534984789219045 2.3000000000000003
92.47692537307739  seconds  2.607302062202848 -0.0069534984789219045 16.2
97.32457947731018  seconds  2.607302062202848 -0.0069534984789219045 15.200000000000001
96.85697984695435  seconds  2.607302062202848 -0.0069534984789219045 4.3
91.7860655784607  seconds  2.607302062202848 -0.0069534984789219045 3.3000000000000003
90.47997117042542  seconds  2.607302062202848 -0.0069534984789219045 18.2
94.41079711914062  seconds  2.607302062202848 -0.0069534984789219045 17.2
95.03899359703064  seconds  2.607302062202848 -0.0069534984789219045 6.300000000000001
93.29295563697815  seconds  2.607302062202848 -0.0069534984789219045 5.300000000000001
93.65707564353943  seconds  2.607302062202848 -0.0069534984789219045 19.200000000000003
95.84568119049072  seconds  2.607302062202848 -0.0069534984789219045 8.3
91.88133192062378  seconds  2.607302062202848 -0.0069534984789219045 7.300000000000001
93.78222370147705  seconds  2.607302062202848 -0.0069534984789219045 10.3
90.85881233215332  seconds  2.607302062202848 -0.0069534984789219045 9.3
93.72964453697205  seconds  2.607302062202848 -0.0069534984789219045 11.3
94.16006112098694  seconds  2.607302062202848 -0.0069534984789219045 12.3
94.21437668800354  seconds  2.607302062202848 -0.0069534984789219045 13.3
90.24193477630615  seconds  2.607302062202848 -0.0069534984789219045 0.4
87.82749533653259  seconds  2.607302062202848 -0.0069534984789219045 14.3
86.93832230567932  seconds  2.607302062202848 -0.0069534984789219045 1.4000000000000001
77.61320304870605  seconds  2.607302062202848 -0.0069534984789219045 15.3
78.21013855934143  seconds  2.607302062202848 -0.0069534984789219045 4.4
82.34132981300354  seconds  2.607302062202848 -0.0069534984789219045 2.4000000000000004
82.11184215545654  seconds  2.607302062202848 -0.0069534984789219045 16.3
82.05850267410278  seconds  2.607302062202848 -0.0069534984789219045 3.4000000000000004
78.08205652236938  seconds  2.607302062202848 -0.0069534984789219045 17.3
81.42038536071777  seconds  2.607302062202848 -0.0069534984789219045 18.3
77.94397068023682  seconds  2.607302062202848 -0.0069534984789219045 6.4
77.60513806343079  seconds  2.607302062202848 -0.0069534984789219045 8.4
82.27145457267761  seconds  2.607302062202848 -0.0069534984789219045 5.4
82.14856624603271  seconds  2.607302062202848 -0.0069534984789219045 19.3
81.87853813171387  seconds  2.607302062202848 -0.0069534984789219045 7.4
78.16482424736023  seconds  2.607302062202848 -0.0069534984789219045 10.4
77.97197937965393  seconds  2.607302062202848 -0.0069534984789219045 11.4
81.77587175369263  seconds  2.607302062202848 -0.0069534984789219045 9.4
77.68893051147461  seconds  2.607302062202848 -0.0069534984789219045 12.4
78.39827942848206  seconds  2.607302062202848 -0.0069534984789219045 13.4
81.63859748840332  seconds  2.607302062202848 -0.0069534984789219045 0.5
80.93815279006958  seconds  2.607302062202848 -0.0069534984789219045 14.4
83.38968324661255  seconds  2.607302062202848 -0.0069534984789219045 1.5
82.76432514190674  seconds  2.607302062202848 -0.0069534984789219045 15.4
82.96752882003784  seconds  2.607302062202848 -0.0069534984789219045 4.5
85.24462103843689  seconds  2.607302062202848 -0.0069534984789219045 2.5
85.15414524078369  seconds  2.607302062202848 -0.0069534984789219045 16.400000000000002
84.97155141830444  seconds  2.607302062202848 -0.0069534984789219045 3.5
88.51461148262024  seconds  2.607302062202848 -0.0069534984789219045 17.400000000000002
86.86824035644531  seconds  2.607302062202848 -0.0069534984789219045 18.400000000000002
89.81482577323914  seconds  2.607302062202848 -0.0069534984789219045 6.5
89.56765270233154  seconds  2.607302062202848 -0.0069534984789219045 5.5
89.39781045913696  seconds  2.607302062202848 -0.0069534984789219045 19.400000000000002
93.26497030258179  seconds  2.607302062202848 -0.0069534984789219045 8.5
90.15146493911743  seconds  2.607302062202848 -0.0069534984789219045 7.5
95.1889271736145  seconds  2.607302062202848 -0.0069534984789219045 9.5
104.72473454475403  seconds  2.607302062202848 -0.0069534984789219045 10.5
104.10243439674377  seconds  2.607302062202848 -0.0069534984789219045 11.5
101.91032552719116  seconds  2.607302062202848 -0.0069534984789219045 12.5
106.95243120193481  seconds  2.607302062202848 -0.0069534984789219045 13.5
96.61424922943115  seconds  2.607302062202848 -0.0069534984789219045 0.6000000000000001
96.65256118774414  seconds  2.607302062202848 -0.0069534984789219045 14.5
96.44152784347534  seconds  2.607302062202848 -0.0069534984789219045 1.6
95.9414119720459  seconds  2.607302062202848 -0.0069534984789219045 2.6
96.49985313415527  seconds  2.607302062202848 -0.0069534984789219045 16.5
96.06199383735657  seconds  2.607302062202848 -0.0069534984789219045 3.6
105.02431893348694  seconds  2.607302062202848 -0.0069534984789219045 15.5
105.34765148162842  seconds  2.607302062202848 -0.0069534984789219045 4.6000000000000005
92.48776030540466  seconds  2.607302062202848 -0.0069534984789219045 18.5
99.00930261611938  seconds  2.607302062202848 -0.0069534984789219045 17.5
98.56922173500061  seconds  2.607302062202848 -0.0069534984789219045 6.6000000000000005
92.19338321685791  seconds  2.607302062202848 -0.0069534984789219045 19.5
92.71889233589172  seconds  2.607302062202848 -0.0069534984789219045 5.6000000000000005
91.22705721855164  seconds  2.607302062202848 -0.0069534984789219045 7.6000000000000005
100.58599591255188  seconds  2.607302062202848 -0.0069534984789219045 8.6
82.96704459190369  seconds  2.607302062202848 -0.0069534984789219045 10.600000000000001
85.47326827049255  seconds  2.607302062202848 -0.0069534984789219045 9.600000000000001
82.66786742210388  seconds  2.607302062202848 -0.0069534984789219045 11.600000000000001
81.42609667778015  seconds  2.607302062202848 -0.0069534984789219045 12.600000000000001
79.79447484016418  seconds  2.607302062202848 -0.0069534984789219045 13.600000000000001
85.8382773399353  seconds  2.607302062202848 -0.0069534984789219045 0.7000000000000001
83.98131847381592  seconds  2.607302062202848 -0.0069534984789219045 14.600000000000001
83.67160296440125  seconds  2.607302062202848 -0.0069534984789219045 1.7000000000000002
77.5765311717987  seconds  2.607302062202848 -0.0069534984789219045 15.600000000000001
84.00147438049316  seconds  2.607302062202848 -0.0069534984789219045 2.7
78.71954441070557  seconds  2.607302062202848 -0.0069534984789219045 4.7
84.03098130226135  seconds  2.607302062202848 -0.0069534984789219045 16.6
83.70369267463684  seconds  2.607302062202848 -0.0069534984789219045 3.7
82.08127784729004  seconds  2.607302062202848 -0.0069534984789219045 18.6
78.12189435958862  seconds  2.607302062202848 -0.0069534984789219045 17.6
77.4666256904602  seconds  2.607302062202848 -0.0069534984789219045 6.7
83.074862241745  seconds  2.607302062202848 -0.0069534984789219045 19.6
83.80706334114075  seconds  2.607302062202848 -0.0069534984789219045 5.7
83.72953414916992  seconds  2.607302062202848 -0.0069534984789219045 7.7
84.9714765548706  seconds  2.607302062202848 -0.0069534984789219045 8.700000000000001
80.18852496147156  seconds  2.607302062202848 -0.0069534984789219045 10.700000000000001
82.50502324104309  seconds  2.607302062202848 -0.0069534984789219045 9.700000000000001
79.93937420845032  seconds  2.607302062202848 -0.0069534984789219045 11.700000000000001
79.1743700504303  seconds  2.607302062202848 -0.0069534984789219045 12.700000000000001
80.0755181312561  seconds  2.607302062202848 -0.0069534984789219045 13.700000000000001
82.8315703868866  seconds  2.607302062202848 -0.0069534984789219045 0.8
82.0925145149231  seconds  2.607302062202848 -0.0069534984789219045 14.700000000000001
81.82077026367188  seconds  2.607302062202848 -0.0069534984789219045 1.8
79.39431691169739  seconds  2.607302062202848 -0.0069534984789219045 15.700000000000001
79.50688195228577  seconds  2.607302062202848 -0.0069534984789219045 4.800000000000001
82.83826637268066  seconds  2.607302062202848 -0.0069534984789219045 16.7
83.62299489974976  seconds  2.607302062202848 -0.0069534984789219045 2.8000000000000003
82.96001601219177  seconds  2.607302062202848 -0.0069534984789219045 3.8000000000000003
82.36100506782532  seconds  2.607302062202848 -0.0069534984789219045 18.7
80.61233639717102  seconds  2.607302062202848 -0.0069534984789219045 17.7
81.2123920917511  seconds  2.607302062202848 -0.0069534984789219045 6.800000000000001
83.3890974521637  seconds  2.607302062202848 -0.0069534984789219045 19.700000000000003
82.82286524772644  seconds  2.607302062202848 -0.0069534984789219045 5.800000000000001
83.24550557136536  seconds  2.607302062202848 -0.0069534984789219045 7.800000000000001
82.51725912094116  seconds  2.607302062202848 -0.0069534984789219045 8.8
82.58042764663696  seconds  2.607302062202848 -0.0069534984789219045 10.8
82.89808177947998  seconds  2.607302062202848 -0.0069534984789219045 9.8
82.59074449539185  seconds  2.607302062202848 -0.0069534984789219045 11.8
83.00381898880005  seconds  2.607302062202848 -0.0069534984789219045 12.8
85.28410649299622  seconds  2.607302062202848 -0.0069534984789219045 13.8
84.80297470092773  seconds  2.607302062202848 -0.0069534984789219045 0.9
85.12173891067505  seconds  2.607302062202848 -0.0069534984789219045 14.8
85.42289352416992  seconds  2.607302062202848 -0.0069534984789219045 1.9000000000000001
88.36472034454346  seconds  2.607302062202848 -0.0069534984789219045 15.8
86.57768249511719  seconds  2.607302062202848 -0.0069534984789219045 4.9
86.27197074890137  seconds  2.607302062202848 -0.0069534984789219045 16.8
86.70364236831665  seconds  2.607302062202848 -0.0069534984789219045 2.9000000000000004
86.14531898498535  seconds  2.607302062202848 -0.0069534984789219045 3.9000000000000004
84.99474358558655  seconds  2.607302062202848 -0.0069534984789219045 18.8
90.28789520263672  seconds  2.607302062202848 -0.0069534984789219045 17.8
88.73432397842407  seconds  2.607302062202848 -0.0069534984789219045 6.9
84.98650646209717  seconds  2.607302062202848 -0.0069534984789219045 19.8
84.93178105354309  seconds  2.607302062202848 -0.0069534984789219045 5.9
83.93798184394836  seconds  2.607302062202848 -0.0069534984789219045 7.9
81.55991888046265  seconds  2.607302062202848 -0.0069534984789219045 9.9
87.34067487716675  seconds  2.607302062202848 -0.0069534984789219045 8.9
87.87351632118225  seconds  2.607302062202848 -0.0069534984789219045 10.9
86.20694661140442  seconds  2.607302062202848 -0.0069534984789219045 11.9
88.15716528892517  seconds  2.607302062202848 -0.0069534984789219045 12.9
83.41646718978882  seconds  2.607302062202848 -0.0069534984789219045 13.9
77.09698224067688  seconds  2.607302062202848 -0.0069534984789219045 14.9
74.55244469642639  seconds  2.607302062202848 -0.0069534984789219045 16.900000000000002
80.93587851524353  seconds  2.607302062202848 -0.0069534984789219045 15.9
72.93861150741577  seconds  2.607302062202848 -0.0069534984789219045 18.900000000000002
75.9842882156372  seconds  2.607302062202848 -0.0069534984789219045 17.900000000000002
70.20009589195251  seconds  2.607302062202848 -0.0069534984789219045 19.900000000000002
time for calc.... 958.7629852294922
energy at the point.. 2.6065504737387184 0.2694480660582359  is  2.9915582295814147e-06
200 the points 10 chunk numtheads
starting with calculation of Sigma
75.0410828590393  seconds  2.6065504737387184 0.2694480660582359 0.0
77.46356415748596  seconds  2.6065504737387184 0.2694480660582359 1.0
80.68705725669861  seconds  2.6065504737387184 0.2694480660582359 2.0
80.5437228679657  seconds  2.6065504737387184 0.2694480660582359 3.0
83.94651770591736  seconds  2.6065504737387184 0.2694480660582359 4.0
85.23845338821411  seconds  2.6065504737387184 0.2694480660582359 5.0
82.695392370224  seconds  2.6065504737387184 0.2694480660582359 6.0
89.56087231636047  seconds  2.6065504737387184 0.2694480660582359 7.0
88.72554802894592  seconds  2.6065504737387184 0.2694480660582359 8.0
87.83835554122925  seconds  2.6065504737387184 0.2694480660582359 9.0
90.49170446395874  seconds  2.6065504737387184 0.2694480660582359 10.0
91.71657824516296  seconds  2.6065504737387184 0.2694480660582359 11.0
81.41074728965759  seconds  2.6065504737387184 0.2694480660582359 13.0
92.07615780830383  seconds  2.6065504737387184 0.2694480660582359 12.0
95.37570142745972  seconds  2.6065504737387184 0.2694480660582359 0.1
96.04636716842651  seconds  2.6065504737387184 0.2694480660582359 14.0
95.89182329177856  seconds  2.6065504737387184 0.2694480660582359 15.0
95.9128737449646  seconds  2.6065504737387184 0.2694480660582359 1.1
95.24974536895752  seconds  2.6065504737387184 0.2694480660582359 16.0
94.96232604980469  seconds  2.6065504737387184 0.2694480660582359 2.1
95.2058653831482  seconds  2.6065504737387184 0.2694480660582359 17.0
94.91338181495667  seconds  2.6065504737387184 0.2694480660582359 3.1
96.4110860824585  seconds  2.6065504737387184 0.2694480660582359 18.0
85.45927715301514  seconds  2.6065504737387184 0.2694480660582359 6.1000000000000005
88.67167687416077  seconds  2.6065504737387184 0.2694480660582359 5.1000000000000005
96.67744588851929  seconds  2.6065504737387184 0.2694480660582359 4.1000000000000005
95.42633891105652  seconds  2.6065504737387184 0.2694480660582359 19.0
85.43596196174622  seconds  2.6065504737387184 0.2694480660582359 7.1000000000000005
84.39464473724365  seconds  2.6065504737387184 0.2694480660582359 9.1
94.78832364082336  seconds  2.6065504737387184 0.2694480660582359 8.1
84.7248969078064  seconds  2.6065504737387184 0.2694480660582359 13.100000000000001
96.76259160041809  seconds  2.6065504737387184 0.2694480660582359 10.100000000000001
95.41248631477356  seconds  2.6065504737387184 0.2694480660582359 11.100000000000001
94.7702431678772  seconds  2.6065504737387184 0.2694480660582359 12.100000000000001
93.85521054267883  seconds  2.6065504737387184 0.2694480660582359 0.2
95.29440951347351  seconds  2.6065504737387184 0.2694480660582359 14.100000000000001
94.90206789970398  seconds  2.6065504737387184 0.2694480660582359 15.100000000000001
95.12655854225159  seconds  2.6065504737387184 0.2694480660582359 1.2000000000000002
94.44770312309265  seconds  2.6065504737387184 0.2694480660582359 16.1
93.28374814987183  seconds  2.6065504737387184 0.2694480660582359 2.2
83.23851180076599  seconds  2.6065504737387184 0.2694480660582359 6.2
82.9924693107605  seconds  2.6065504737387184 0.2694480660582359 5.2
94.08634352684021  seconds  2.6065504737387184 0.2694480660582359 17.1
93.49358797073364  seconds  2.6065504737387184 0.2694480660582359 3.2
95.17447566986084  seconds  2.6065504737387184 0.2694480660582359 18.1
83.11100912094116  seconds  2.6065504737387184 0.2694480660582359 7.2
95.76224899291992  seconds  2.6065504737387184 0.2694480660582359 4.2
94.31571769714355  seconds  2.6065504737387184 0.2694480660582359 19.1
83.15446734428406  seconds  2.6065504737387184 0.2694480660582359 9.200000000000001
93.95771646499634  seconds  2.6065504737387184 0.2694480660582359 8.200000000000001
83.59275436401367  seconds  2.6065504737387184 0.2694480660582359 13.200000000000001
96.80623364448547  seconds  2.6065504737387184 0.2694480660582359 10.200000000000001
94.5637047290802  seconds  2.6065504737387184 0.2694480660582359 11.200000000000001
95.17326951026917  seconds  2.6065504737387184 0.2694480660582359 12.200000000000001
93.02030539512634  seconds  2.6065504737387184 0.2694480660582359 0.30000000000000004
93.34348034858704  seconds  2.6065504737387184 0.2694480660582359 14.200000000000001
83.92663931846619  seconds  2.6065504737387184 0.2694480660582359 6.300000000000001
94.52977347373962  seconds  2.6065504737387184 0.2694480660582359 15.200000000000001
85.43821859359741  seconds  2.6065504737387184 0.2694480660582359 5.300000000000001
94.24285244941711  seconds  2.6065504737387184 0.2694480660582359 1.3
94.38455247879028  seconds  2.6065504737387184 0.2694480660582359 16.2
93.50770592689514  seconds  2.6065504737387184 0.2694480660582359 2.3000000000000003
93.41697835922241  seconds  2.6065504737387184 0.2694480660582359 17.2
83.86551094055176  seconds  2.6065504737387184 0.2694480660582359 7.300000000000001
93.82869052886963  seconds  2.6065504737387184 0.2694480660582359 3.3000000000000003
82.4544517993927  seconds  2.6065504737387184 0.2694480660582359 9.3
93.54678630828857  seconds  2.6065504737387184 0.2694480660582359 18.2
93.54668617248535  seconds  2.6065504737387184 0.2694480660582359 4.3
95.79882979393005  seconds  2.6065504737387184 0.2694480660582359 19.200000000000003
84.1896402835846  seconds  2.6065504737387184 0.2694480660582359 13.3
94.3693060874939  seconds  2.6065504737387184 0.2694480660582359 8.3
94.1647596359253  seconds  2.6065504737387184 0.2694480660582359 10.3
94.5231876373291  seconds  2.6065504737387184 0.2694480660582359 11.3
94.39571332931519  seconds  2.6065504737387184 0.2694480660582359 12.3
82.88658952713013  seconds  2.6065504737387184 0.2694480660582359 6.4
83.14688634872437  seconds  2.6065504737387184 0.2694480660582359 5.4
94.50687551498413  seconds  2.6065504737387184 0.2694480660582359 0.4
94.23252773284912  seconds  2.6065504737387184 0.2694480660582359 14.3
83.31045651435852  seconds  2.6065504737387184 0.2694480660582359 7.4
95.44941067695618  seconds  2.6065504737387184 0.2694480660582359 15.3
95.09100317955017  seconds  2.6065504737387184 0.2694480660582359 1.4000000000000001
94.84232115745544  seconds  2.6065504737387184 0.2694480660582359 2.4000000000000004
95.76041841506958  seconds  2.6065504737387184 0.2694480660582359 16.3
84.45491003990173  seconds  2.6065504737387184 0.2694480660582359 9.4
94.45019245147705  seconds  2.6065504737387184 0.2694480660582359 17.3
94.04494524002075  seconds  2.6065504737387184 0.2694480660582359 3.4000000000000004
93.58074307441711  seconds  2.6065504737387184 0.2694480660582359 18.3
94.60786271095276  seconds  2.6065504737387184 0.2694480660582359 4.4
83.75661993026733  seconds  2.6065504737387184 0.2694480660582359 13.4
94.01735162734985  seconds  2.6065504737387184 0.2694480660582359 19.3
93.3945631980896  seconds  2.6065504737387184 0.2694480660582359 8.4
95.11231136322021  seconds  2.6065504737387184 0.2694480660582359 10.4
94.60147547721863  seconds  2.6065504737387184 0.2694480660582359 11.4
82.44962739944458  seconds  2.6065504737387184 0.2694480660582359 6.5
92.99250745773315  seconds  2.6065504737387184 0.2694480660582359 12.4
82.29661846160889  seconds  2.6065504737387184 0.2694480660582359 5.5
80.37605786323547  seconds  2.6065504737387184 0.2694480660582359 7.5
91.30345606803894  seconds  2.6065504737387184 0.2694480660582359 0.5
90.19275975227356  seconds  2.6065504737387184 0.2694480660582359 14.4
84.44480347633362  seconds  2.6065504737387184 0.2694480660582359 9.5
90.12324023246765  seconds  2.6065504737387184 0.2694480660582359 1.5
92.54101538658142  seconds  2.6065504737387184 0.2694480660582359 15.4
90.01248955726624  seconds  2.6065504737387184 0.2694480660582359 2.5
92.56079006195068  seconds  2.6065504737387184 0.2694480660582359 16.400000000000002
89.58280968666077  seconds  2.6065504737387184 0.2694480660582359 3.5
90.54852271080017  seconds  2.6065504737387184 0.2694480660582359 17.400000000000002
89.61220860481262  seconds  2.6065504737387184 0.2694480660582359 18.400000000000002
83.22121620178223  seconds  2.6065504737387184 0.2694480660582359 13.5
88.48339533805847  seconds  2.6065504737387184 0.2694480660582359 4.5
89.21238040924072  seconds  2.6065504737387184 0.2694480660582359 19.400000000000002
88.56612515449524  seconds  2.6065504737387184 0.2694480660582359 8.5
88.42667317390442  seconds  2.6065504737387184 0.2694480660582359 10.5
88.46864199638367  seconds  2.6065504737387184 0.2694480660582359 11.5
86.3551070690155  seconds  2.6065504737387184 0.2694480660582359 6.6000000000000005
86.9937264919281  seconds  2.6065504737387184 0.2694480660582359 5.6000000000000005
88.48533916473389  seconds  2.6065504737387184 0.2694480660582359 12.5
85.77120113372803  seconds  2.6065504737387184 0.2694480660582359 7.6000000000000005
87.96847248077393  seconds  2.6065504737387184 0.2694480660582359 0.6000000000000001
88.28367686271667  seconds  2.6065504737387184 0.2694480660582359 14.5
86.5031189918518  seconds  2.6065504737387184 0.2694480660582359 9.600000000000001
88.1050717830658  seconds  2.6065504737387184 0.2694480660582359 1.6
87.54566812515259  seconds  2.6065504737387184 0.2694480660582359 15.5
88.98200273513794  seconds  2.6065504737387184 0.2694480660582359 2.6
86.64242696762085  seconds  2.6065504737387184 0.2694480660582359 16.5
88.63368511199951  seconds  2.6065504737387184 0.2694480660582359 3.6
88.66031312942505  seconds  2.6065504737387184 0.2694480660582359 17.5
85.86123967170715  seconds  2.6065504737387184 0.2694480660582359 13.600000000000001
88.78760719299316  seconds  2.6065504737387184 0.2694480660582359 18.5
88.63746094703674  seconds  2.6065504737387184 0.2694480660582359 4.6000000000000005
88.0630099773407  seconds  2.6065504737387184 0.2694480660582359 19.5
88.24437093734741  seconds  2.6065504737387184 0.2694480660582359 8.6
88.03375768661499  seconds  2.6065504737387184 0.2694480660582359 10.600000000000001
86.4625997543335  seconds  2.6065504737387184 0.2694480660582359 6.7
87.85584330558777  seconds  2.6065504737387184 0.2694480660582359 11.600000000000001
87.15909457206726  seconds  2.6065504737387184 0.2694480660582359 5.7
88.46799993515015  seconds  2.6065504737387184 0.2694480660582359 12.600000000000001
86.0718584060669  seconds  2.6065504737387184 0.2694480660582359 7.7
88.30446529388428  seconds  2.6065504737387184 0.2694480660582359 14.600000000000001
90.01384735107422  seconds  2.6065504737387184 0.2694480660582359 0.7000000000000001
86.02086186408997  seconds  2.6065504737387184 0.2694480660582359 9.700000000000001
85.82848763465881  seconds  2.6065504737387184 0.2694480660582359 15.600000000000001
88.49544525146484  seconds  2.6065504737387184 0.2694480660582359 1.7000000000000002
87.37724328041077  seconds  2.6065504737387184 0.2694480660582359 16.6
87.96242666244507  seconds  2.6065504737387184 0.2694480660582359 2.7
88.54242324829102  seconds  2.6065504737387184 0.2694480660582359 3.7
88.51269602775574  seconds  2.6065504737387184 0.2694480660582359 17.6
86.18918776512146  seconds  2.6065504737387184 0.2694480660582359 13.700000000000001
88.1442334651947  seconds  2.6065504737387184 0.2694480660582359 18.6
88.78958940505981  seconds  2.6065504737387184 0.2694480660582359 4.7
87.95837473869324  seconds  2.6065504737387184 0.2694480660582359 19.6
88.31306767463684  seconds  2.6065504737387184 0.2694480660582359 8.700000000000001
89.1487467288971  seconds  2.6065504737387184 0.2694480660582359 10.700000000000001
88.12300062179565  seconds  2.6065504737387184 0.2694480660582359 6.800000000000001
89.10766816139221  seconds  2.6065504737387184 0.2694480660582359 11.700000000000001
86.45883536338806  seconds  2.6065504737387184 0.2694480660582359 5.800000000000001
88.5603449344635  seconds  2.6065504737387184 0.2694480660582359 12.700000000000001
86.39559745788574  seconds  2.6065504737387184 0.2694480660582359 7.800000000000001
88.18918037414551  seconds  2.6065504737387184 0.2694480660582359 14.700000000000001
87.84480261802673  seconds  2.6065504737387184 0.2694480660582359 0.8
87.56896901130676  seconds  2.6065504737387184 0.2694480660582359 9.8
86.80428099632263  seconds  2.6065504737387184 0.2694480660582359 15.700000000000001
87.36250615119934  seconds  2.6065504737387184 0.2694480660582359 1.8
87.33219718933105  seconds  2.6065504737387184 0.2694480660582359 16.7
88.27586936950684  seconds  2.6065504737387184 0.2694480660582359 2.8000000000000003
88.10586214065552  seconds  2.6065504737387184 0.2694480660582359 3.8000000000000003
88.91294431686401  seconds  2.6065504737387184 0.2694480660582359 17.7
86.263827085495  seconds  2.6065504737387184 0.2694480660582359 13.8
88.16975569725037  seconds  2.6065504737387184 0.2694480660582359 18.7
88.42151045799255  seconds  2.6065504737387184 0.2694480660582359 4.800000000000001
87.97151851654053  seconds  2.6065504737387184 0.2694480660582359 19.700000000000003
87.43854069709778  seconds  2.6065504737387184 0.2694480660582359 8.8
88.80337643623352  seconds  2.6065504737387184 0.2694480660582359 10.8
86.92968106269836  seconds  2.6065504737387184 0.2694480660582359 5.9
89.0505883693695  seconds  2.6065504737387184 0.2694480660582359 6.9
88.20602416992188  seconds  2.6065504737387184 0.2694480660582359 11.8
85.33808469772339  seconds  2.6065504737387184 0.2694480660582359 7.9
88.01194858551025  seconds  2.6065504737387184 0.2694480660582359 12.8
87.4752516746521  seconds  2.6065504737387184 0.2694480660582359 14.8
88.15545773506165  seconds  2.6065504737387184 0.2694480660582359 0.9
84.87465000152588  seconds  2.6065504737387184 0.2694480660582359 9.9
83.79238986968994  seconds  2.6065504737387184 0.2694480660582359 15.8
87.39841079711914  seconds  2.6065504737387184 0.2694480660582359 1.9000000000000001
84.53795790672302  seconds  2.6065504737387184 0.2694480660582359 16.8
87.18194603919983  seconds  2.6065504737387184 0.2694480660582359 2.9000000000000004
83.19749927520752  seconds  2.6065504737387184 0.2694480660582359 13.9
87.43245387077332  seconds  2.6065504737387184 0.2694480660582359 3.9000000000000004
86.49898099899292  seconds  2.6065504737387184 0.2694480660582359 17.8
85.62567973136902  seconds  2.6065504737387184 0.2694480660582359 18.8
85.0458037853241  seconds  2.6065504737387184 0.2694480660582359 4.9
84.80855703353882  seconds  2.6065504737387184 0.2694480660582359 19.8
82.44693803787231  seconds  2.6065504737387184 0.2694480660582359 8.9
79.50319981575012  seconds  2.6065504737387184 0.2694480660582359 10.9
78.44158625602722  seconds  2.6065504737387184 0.2694480660582359 11.9
77.64797186851501  seconds  2.6065504737387184 0.2694480660582359 12.9
76.3613772392273  seconds  2.6065504737387184 0.2694480660582359 14.9
76.36705136299133  seconds  2.6065504737387184 0.2694480660582359 15.9
73.73047947883606  seconds  2.6065504737387184 0.2694480660582359 16.900000000000002
71.51280045509338  seconds  2.6065504737387184 0.2694480660582359 17.900000000000002
70.76229763031006  seconds  2.6065504737387184 0.2694480660582359 18.900000000000002
69.72633028030396  seconds  2.6065504737387184 0.2694480660582359 19.900000000000002
time for calc.... 1000.7094626426697
energy at the point.. 2.602114031264387 0.5441112559756629  is  7.517785363120311e-06
200 the points 10 chunk numtheads
starting with calculation of Sigma
74.8115303516388  seconds  2.602114031264387 0.5441112559756629 0.0
76.8394410610199  seconds  2.602114031264387 0.5441112559756629 1.0
77.94001984596252  seconds  2.602114031264387 0.5441112559756629 2.0
81.44469428062439  seconds  2.602114031264387 0.5441112559756629 3.0
82.15551471710205  seconds  2.602114031264387 0.5441112559756629 4.0
84.12770318984985  seconds  2.602114031264387 0.5441112559756629 5.0
88.10460257530212  seconds  2.602114031264387 0.5441112559756629 6.0
87.13175964355469  seconds  2.602114031264387 0.5441112559756629 7.0
78.4519476890564  seconds  2.602114031264387 0.5441112559756629 9.0
89.19280529022217  seconds  2.602114031264387 0.5441112559756629 8.0
89.29817390441895  seconds  2.602114031264387 0.5441112559756629 10.0
92.43271732330322  seconds  2.602114031264387 0.5441112559756629 11.0
91.95200300216675  seconds  2.602114031264387 0.5441112559756629 12.0
91.28583192825317  seconds  2.602114031264387 0.5441112559756629 13.0
92.3908257484436  seconds  2.602114031264387 0.5441112559756629 0.1
94.0640618801117  seconds  2.602114031264387 0.5441112559756629 14.0
83.24246549606323  seconds  2.602114031264387 0.5441112559756629 16.0
92.32108473777771  seconds  2.602114031264387 0.5441112559756629 1.1
92.49661660194397  seconds  2.602114031264387 0.5441112559756629 15.0
91.56302332878113  seconds  2.602114031264387 0.5441112559756629 2.1
84.36267185211182  seconds  2.602114031264387 0.5441112559756629 4.1000000000000005
93.74834489822388  seconds  2.602114031264387 0.5441112559756629 17.0
93.69559359550476  seconds  2.602114031264387 0.5441112559756629 3.1
82.89287757873535  seconds  2.602114031264387 0.5441112559756629 19.0
92.01106405258179  seconds  2.602114031264387 0.5441112559756629 18.0
91.99360918998718  seconds  2.602114031264387 0.5441112559756629 5.1000000000000005
84.34937596321106  seconds  2.602114031264387 0.5441112559756629 9.1
86.71793460845947  seconds  2.602114031264387 0.5441112559756629 7.1000000000000005
91.6261157989502  seconds  2.602114031264387 0.5441112559756629 6.1000000000000005
91.58470797538757  seconds  2.602114031264387 0.5441112559756629 8.1
90.90637946128845  seconds  2.602114031264387 0.5441112559756629 10.100000000000001
90.34412288665771  seconds  2.602114031264387 0.5441112559756629 11.100000000000001
89.42013812065125  seconds  2.602114031264387 0.5441112559756629 12.100000000000001
88.95922064781189  seconds  2.602114031264387 0.5441112559756629 13.100000000000001
84.02134680747986  seconds  2.602114031264387 0.5441112559756629 16.1
88.08766222000122  seconds  2.602114031264387 0.5441112559756629 0.2
88.25977873802185  seconds  2.602114031264387 0.5441112559756629 14.100000000000001
89.01816391944885  seconds  2.602114031264387 0.5441112559756629 1.2000000000000002
89.57350182533264  seconds  2.602114031264387 0.5441112559756629 15.100000000000001
88.54609990119934  seconds  2.602114031264387 0.5441112559756629 2.2
83.38427662849426  seconds  2.602114031264387 0.5441112559756629 4.2
82.88424634933472  seconds  2.602114031264387 0.5441112559756629 19.1
88.1451575756073  seconds  2.602114031264387 0.5441112559756629 17.1
87.26998376846313  seconds  2.602114031264387 0.5441112559756629 3.2
91.08852672576904  seconds  2.602114031264387 0.5441112559756629 18.1
87.3468496799469  seconds  2.602114031264387 0.5441112559756629 5.2
84.37396955490112  seconds  2.602114031264387 0.5441112559756629 9.200000000000001
84.81042885780334  seconds  2.602114031264387 0.5441112559756629 7.2
87.36906170845032  seconds  2.602114031264387 0.5441112559756629 6.2
87.3286201953888  seconds  2.602114031264387 0.5441112559756629 8.200000000000001
85.46450424194336  seconds  2.602114031264387 0.5441112559756629 10.200000000000001
88.58819484710693  seconds  2.602114031264387 0.5441112559756629 11.200000000000001
86.0744526386261  seconds  2.602114031264387 0.5441112559756629 12.200000000000001
88.1402907371521  seconds  2.602114031264387 0.5441112559756629 13.200000000000001
87.40190744400024  seconds  2.602114031264387 0.5441112559756629 0.30000000000000004
87.18925714492798  seconds  2.602114031264387 0.5441112559756629 14.200000000000001
88.60069870948792  seconds  2.602114031264387 0.5441112559756629 16.2
86.83062195777893  seconds  2.602114031264387 0.5441112559756629 15.200000000000001
88.16397953033447  seconds  2.602114031264387 0.5441112559756629 1.3
87.19663619995117  seconds  2.602114031264387 0.5441112559756629 2.3000000000000003
90.31638836860657  seconds  2.602114031264387 0.5441112559756629 4.3
87.2371232509613  seconds  2.602114031264387 0.5441112559756629 19.200000000000003
86.66206216812134  seconds  2.602114031264387 0.5441112559756629 17.2
87.1275429725647  seconds  2.602114031264387 0.5441112559756629 3.3000000000000003
86.99414038658142  seconds  2.602114031264387 0.5441112559756629 5.300000000000001
90.37869000434875  seconds  2.602114031264387 0.5441112559756629 18.2
88.22877311706543  seconds  2.602114031264387 0.5441112559756629 7.300000000000001
91.20837378501892  seconds  2.602114031264387 0.5441112559756629 9.3
87.60936617851257  seconds  2.602114031264387 0.5441112559756629 6.300000000000001
87.27811789512634  seconds  2.602114031264387 0.5441112559756629 8.3
88.39942336082458  seconds  2.602114031264387 0.5441112559756629 10.3
87.30911898612976  seconds  2.602114031264387 0.5441112559756629 11.3
86.8048620223999  seconds  2.602114031264387 0.5441112559756629 12.3
87.08963370323181  seconds  2.602114031264387 0.5441112559756629 13.3
86.92022442817688  seconds  2.602114031264387 0.5441112559756629 0.4
86.6049256324768  seconds  2.602114031264387 0.5441112559756629 16.3
87.60679769515991  seconds  2.602114031264387 0.5441112559756629 14.3
86.58039259910583  seconds  2.602114031264387 0.5441112559756629 15.3
86.63151359558105  seconds  2.602114031264387 0.5441112559756629 1.4000000000000001
88.05010986328125  seconds  2.602114031264387 0.5441112559756629 2.4000000000000004
88.72538208961487  seconds  2.602114031264387 0.5441112559756629 4.4
88.31335473060608  seconds  2.602114031264387 0.5441112559756629 19.3
86.85356616973877  seconds  2.602114031264387 0.5441112559756629 17.3
86.95477771759033  seconds  2.602114031264387 0.5441112559756629 3.4000000000000004
86.70256805419922  seconds  2.602114031264387 0.5441112559756629 5.4
87.1376006603241  seconds  2.602114031264387 0.5441112559756629 18.3
88.71124982833862  seconds  2.602114031264387 0.5441112559756629 7.4
87.0761878490448  seconds  2.602114031264387 0.5441112559756629 6.4
88.35359787940979  seconds  2.602114031264387 0.5441112559756629 9.4
87.43236899375916  seconds  2.602114031264387 0.5441112559756629 8.4
88.06744289398193  seconds  2.602114031264387 0.5441112559756629 10.4
86.2275230884552  seconds  2.602114031264387 0.5441112559756629 12.4
88.80958724021912  seconds  2.602114031264387 0.5441112559756629 11.4
86.51118516921997  seconds  2.602114031264387 0.5441112559756629 13.4
86.86573696136475  seconds  2.602114031264387 0.5441112559756629 0.5
87.70320129394531  seconds  2.602114031264387 0.5441112559756629 16.400000000000002
87.48873615264893  seconds  2.602114031264387 0.5441112559756629 14.4
87.25541687011719  seconds  2.602114031264387 0.5441112559756629 15.4
87.20463109016418  seconds  2.602114031264387 0.5441112559756629 1.5
87.31716012954712  seconds  2.602114031264387 0.5441112559756629 2.5
86.49152898788452  seconds  2.602114031264387 0.5441112559756629 17.400000000000002
86.6066346168518  seconds  2.602114031264387 0.5441112559756629 3.5
89.34734559059143  seconds  2.602114031264387 0.5441112559756629 19.400000000000002
91.7631676197052  seconds  2.602114031264387 0.5441112559756629 4.5
87.20147395133972  seconds  2.602114031264387 0.5441112559756629 5.5
90.23726296424866  seconds  2.602114031264387 0.5441112559756629 18.400000000000002
87.51839518547058  seconds  2.602114031264387 0.5441112559756629 7.5
87.3704924583435  seconds  2.602114031264387 0.5441112559756629 6.5
87.23069262504578  seconds  2.602114031264387 0.5441112559756629 9.5
86.85096955299377  seconds  2.602114031264387 0.5441112559756629 8.5
87.44052910804749  seconds  2.602114031264387 0.5441112559756629 10.5
87.21827173233032  seconds  2.602114031264387 0.5441112559756629 12.5
87.90725302696228  seconds  2.602114031264387 0.5441112559756629 11.5
87.27082228660583  seconds  2.602114031264387 0.5441112559756629 13.5
86.59510469436646  seconds  2.602114031264387 0.5441112559756629 0.6000000000000001
88.13247847557068  seconds  2.602114031264387 0.5441112559756629 16.5
87.66972804069519  seconds  2.602114031264387 0.5441112559756629 14.5
87.73154878616333  seconds  2.602114031264387 0.5441112559756629 15.5
88.40926790237427  seconds  2.602114031264387 0.5441112559756629 1.6
87.96409130096436  seconds  2.602114031264387 0.5441112559756629 2.6
88.4459297657013  seconds  2.602114031264387 0.5441112559756629 17.5
87.62962222099304  seconds  2.602114031264387 0.5441112559756629 19.5
88.02413201332092  seconds  2.602114031264387 0.5441112559756629 3.6
93.45506477355957  seconds  2.602114031264387 0.5441112559756629 4.6000000000000005
87.98710417747498  seconds  2.602114031264387 0.5441112559756629 5.6000000000000005
86.99950742721558  seconds  2.602114031264387 0.5441112559756629 18.5
88.62537598609924  seconds  2.602114031264387 0.5441112559756629 7.6000000000000005
88.56927537918091  seconds  2.602114031264387 0.5441112559756629 6.6000000000000005
88.68167281150818  seconds  2.602114031264387 0.5441112559756629 9.600000000000001
88.25660133361816  seconds  2.602114031264387 0.5441112559756629 8.6
87.16651844978333  seconds  2.602114031264387 0.5441112559756629 10.600000000000001
87.01380944252014  seconds  2.602114031264387 0.5441112559756629 12.600000000000001
86.74060249328613  seconds  2.602114031264387 0.5441112559756629 11.600000000000001
88.10681343078613  seconds  2.602114031264387 0.5441112559756629 13.600000000000001
87.06435823440552  seconds  2.602114031264387 0.5441112559756629 0.7000000000000001
84.24316263198853  seconds  2.602114031264387 0.5441112559756629 16.6
87.74105954170227  seconds  2.602114031264387 0.5441112559756629 14.600000000000001
87.28257775306702  seconds  2.602114031264387 0.5441112559756629 15.600000000000001
86.43438363075256  seconds  2.602114031264387 0.5441112559756629 1.7000000000000002
87.14677453041077  seconds  2.602114031264387 0.5441112559756629 2.7
82.44640946388245  seconds  2.602114031264387 0.5441112559756629 19.6
86.57973766326904  seconds  2.602114031264387 0.5441112559756629 17.6
86.73927140235901  seconds  2.602114031264387 0.5441112559756629 3.7
80.9226746559143  seconds  2.602114031264387 0.5441112559756629 18.6
87.50440120697021  seconds  2.602114031264387 0.5441112559756629 4.7
85.85206651687622  seconds  2.602114031264387 0.5441112559756629 5.7
80.27074098587036  seconds  2.602114031264387 0.5441112559756629 7.7
79.6798963546753  seconds  2.602114031264387 0.5441112559756629 9.700000000000001
85.70824670791626  seconds  2.602114031264387 0.5441112559756629 6.7
84.55830240249634  seconds  2.602114031264387 0.5441112559756629 8.700000000000001
78.02537965774536  seconds  2.602114031264387 0.5441112559756629 10.700000000000001
76.76526808738708  seconds  2.602114031264387 0.5441112559756629 11.700000000000001
83.53442335128784  seconds  2.602114031264387 0.5441112559756629 12.700000000000001
76.56467247009277  seconds  2.602114031264387 0.5441112559756629 16.7
83.2479567527771  seconds  2.602114031264387 0.5441112559756629 13.700000000000001
83.17375564575195  seconds  2.602114031264387 0.5441112559756629 0.8
82.47918176651001  seconds  2.602114031264387 0.5441112559756629 15.700000000000001
84.12282681465149  seconds  2.602114031264387 0.5441112559756629 1.8
89.90879535675049  seconds  2.602114031264387 0.5441112559756629 14.700000000000001
77.48491168022156  seconds  2.602114031264387 0.5441112559756629 19.700000000000003
84.39457035064697  seconds  2.602114031264387 0.5441112559756629 2.8000000000000003
82.45975804328918  seconds  2.602114031264387 0.5441112559756629 17.7
83.40720248222351  seconds  2.602114031264387 0.5441112559756629 3.8000000000000003
77.81904530525208  seconds  2.602114031264387 0.5441112559756629 18.7
82.72579669952393  seconds  2.602114031264387 0.5441112559756629 4.800000000000001
82.0838897228241  seconds  2.602114031264387 0.5441112559756629 5.800000000000001
79.14028263092041  seconds  2.602114031264387 0.5441112559756629 7.800000000000001
79.03792023658752  seconds  2.602114031264387 0.5441112559756629 9.8
82.43952560424805  seconds  2.602114031264387 0.5441112559756629 6.800000000000001
78.50123620033264  seconds  2.602114031264387 0.5441112559756629 8.8
80.13872718811035  seconds  2.602114031264387 0.5441112559756629 10.8
79.40403914451599  seconds  2.602114031264387 0.5441112559756629 11.8
82.84815454483032  seconds  2.602114031264387 0.5441112559756629 12.8
83.3814013004303  seconds  2.602114031264387 0.5441112559756629 16.8
83.16864895820618  seconds  2.602114031264387 0.5441112559756629 13.8
83.25302720069885  seconds  2.602114031264387 0.5441112559756629 0.9
83.02773666381836  seconds  2.602114031264387 0.5441112559756629 15.8
83.80439853668213  seconds  2.602114031264387 0.5441112559756629 1.9000000000000001
86.70241808891296  seconds  2.602114031264387 0.5441112559756629 14.8
85.4530930519104  seconds  2.602114031264387 0.5441112559756629 19.8
83.75314807891846  seconds  2.602114031264387 0.5441112559756629 2.9000000000000004
83.26035666465759  seconds  2.602114031264387 0.5441112559756629 17.8
83.26305508613586  seconds  2.602114031264387 0.5441112559756629 3.9000000000000004
87.27000570297241  seconds  2.602114031264387 0.5441112559756629 18.8
83.03366875648499  seconds  2.602114031264387 0.5441112559756629 4.9
82.69645571708679  seconds  2.602114031264387 0.5441112559756629 5.9
87.2476019859314  seconds  2.602114031264387 0.5441112559756629 7.9
87.29327440261841  seconds  2.602114031264387 0.5441112559756629 9.9
82.1032829284668  seconds  2.602114031264387 0.5441112559756629 6.9
88.90192818641663  seconds  2.602114031264387 0.5441112559756629 8.9
87.36905670166016  seconds  2.602114031264387 0.5441112559756629 10.9
86.1422951221466  seconds  2.602114031264387 0.5441112559756629 11.9
78.6772780418396  seconds  2.602114031264387 0.5441112559756629 12.9
76.77941250801086  seconds  2.602114031264387 0.5441112559756629 13.9
83.14303588867188  seconds  2.602114031264387 0.5441112559756629 16.900000000000002
73.80060148239136  seconds  2.602114031264387 0.5441112559756629 15.9
71.53629088401794  seconds  2.602114031264387 0.5441112559756629 17.900000000000002
79.12062406539917  seconds  2.602114031264387 0.5441112559756629 19.900000000000002
80.52044987678528  seconds  2.602114031264387 0.5441112559756629 14.9
75.94626879692078  seconds  2.602114031264387 0.5441112559756629 18.900000000000002
time for calc.... 967.7059650421143
energy at the point.. 2.5846892989406154 0.8396349413298569  is  1.1574406936887272e-05
200 the points 10 chunk numtheads
starting with calculation of Sigma
75.00637578964233  seconds  2.5846892989406154 0.8396349413298569 0.0
76.64791226387024  seconds  2.5846892989406154 0.8396349413298569 1.0
78.58968663215637  seconds  2.5846892989406154 0.8396349413298569 2.0
80.20237755775452  seconds  2.5846892989406154 0.8396349413298569 3.0
84.01486563682556  seconds  2.5846892989406154 0.8396349413298569 4.0
84.84520053863525  seconds  2.5846892989406154 0.8396349413298569 5.0
87.66893029212952  seconds  2.5846892989406154 0.8396349413298569 6.0
88.43533778190613  seconds  2.5846892989406154 0.8396349413298569 7.0
91.05821084976196  seconds  2.5846892989406154 0.8396349413298569 8.0
79.43313431739807  seconds  2.5846892989406154 0.8396349413298569 11.0
92.4299418926239  seconds  2.5846892989406154 0.8396349413298569 9.0
93.63861227035522  seconds  2.5846892989406154 0.8396349413298569 10.0
81.8913221359253  seconds  2.5846892989406154 0.8396349413298569 12.0
103.3304934501648  seconds  2.5846892989406154 0.8396349413298569 0.1
103.97505640983582  seconds  2.5846892989406154 0.8396349413298569 14.0
106.71759033203125  seconds  2.5846892989406154 0.8396349413298569 1.1
101.2014684677124  seconds  2.5846892989406154 0.8396349413298569 16.0
108.75375604629517  seconds  2.5846892989406154 0.8396349413298569 15.0
123.20589923858643  seconds  2.5846892989406154 0.8396349413298569 13.0
108.67380785942078  seconds  2.5846892989406154 0.8396349413298569 2.1
107.26383256912231  seconds  2.5846892989406154 0.8396349413298569 3.1
107.83318710327148  seconds  2.5846892989406154 0.8396349413298569 17.0
107.91988015174866  seconds  2.5846892989406154 0.8396349413298569 18.0
111.78851866722107  seconds  2.5846892989406154 0.8396349413298569 4.1000000000000005
107.4479730129242  seconds  2.5846892989406154 0.8396349413298569 5.1000000000000005
107.33265042304993  seconds  2.5846892989406154 0.8396349413298569 6.1000000000000005
108.30943512916565  seconds  2.5846892989406154 0.8396349413298569 7.1000000000000005
94.6119921207428  seconds  2.5846892989406154 0.8396349413298569 11.100000000000001
127.50996446609497  seconds  2.5846892989406154 0.8396349413298569 19.0
93.35452198982239  seconds  2.5846892989406154 0.8396349413298569 12.100000000000001
112.46592783927917  seconds  2.5846892989406154 0.8396349413298569 8.1
108.77844190597534  seconds  2.5846892989406154 0.8396349413298569 9.1
107.58061599731445  seconds  2.5846892989406154 0.8396349413298569 10.100000000000001
91.4566912651062  seconds  2.5846892989406154 0.8396349413298569 16.1
105.17805981636047  seconds  2.5846892989406154 0.8396349413298569 0.2
104.1920108795166  seconds  2.5846892989406154 0.8396349413298569 14.100000000000001
102.8934051990509  seconds  2.5846892989406154 0.8396349413298569 1.2000000000000002
104.64626049995422  seconds  2.5846892989406154 0.8396349413298569 15.100000000000001
103.47293543815613  seconds  2.5846892989406154 0.8396349413298569 2.2
101.29742097854614  seconds  2.5846892989406154 0.8396349413298569 3.2
107.49686217308044  seconds  2.5846892989406154 0.8396349413298569 17.1
102.62137246131897  seconds  2.5846892989406154 0.8396349413298569 18.1
90.88380169868469  seconds  2.5846892989406154 0.8396349413298569 11.200000000000001
109.45986485481262  seconds  2.5846892989406154 0.8396349413298569 5.2
134.59545826911926  seconds  2.5846892989406154 0.8396349413298569 13.100000000000001
90.39384126663208  seconds  2.5846892989406154 0.8396349413298569 12.200000000000001
108.79040908813477  seconds  2.5846892989406154 0.8396349413298569 6.2
121.89049649238586  seconds  2.5846892989406154 0.8396349413298569 4.2
107.4119222164154  seconds  2.5846892989406154 0.8396349413298569 7.2
105.38550424575806  seconds  2.5846892989406154 0.8396349413298569 19.1
104.25614786148071  seconds  2.5846892989406154 0.8396349413298569 8.200000000000001
107.97943019866943  seconds  2.5846892989406154 0.8396349413298569 9.200000000000001
113.06326580047607  seconds  2.5846892989406154 0.8396349413298569 10.200000000000001
88.28033924102783  seconds  2.5846892989406154 0.8396349413298569 16.2
101.52002501487732  seconds  2.5846892989406154 0.8396349413298569 14.200000000000001
106.26345872879028  seconds  2.5846892989406154 0.8396349413298569 0.30000000000000004
105.79549312591553  seconds  2.5846892989406154 0.8396349413298569 1.3
102.72847318649292  seconds  2.5846892989406154 0.8396349413298569 15.200000000000001
101.51347184181213  seconds  2.5846892989406154 0.8396349413298569 3.3000000000000003
109.99580788612366  seconds  2.5846892989406154 0.8396349413298569 2.3000000000000003
87.39470911026001  seconds  2.5846892989406154 0.8396349413298569 11.3
104.63356900215149  seconds  2.5846892989406154 0.8396349413298569 17.2
87.7281608581543  seconds  2.5846892989406154 0.8396349413298569 12.3
109.83060908317566  seconds  2.5846892989406154 0.8396349413298569 18.2
102.6237530708313  seconds  2.5846892989406154 0.8396349413298569 5.300000000000001
101.91715359687805  seconds  2.5846892989406154 0.8396349413298569 13.200000000000001
104.48198366165161  seconds  2.5846892989406154 0.8396349413298569 6.300000000000001
104.54320287704468  seconds  2.5846892989406154 0.8396349413298569 4.3
109.00163102149963  seconds  2.5846892989406154 0.8396349413298569 7.300000000000001
106.92351698875427  seconds  2.5846892989406154 0.8396349413298569 8.3
86.17589545249939  seconds  2.5846892989406154 0.8396349413298569 16.3
100.63669347763062  seconds  2.5846892989406154 0.8396349413298569 9.3
120.91954207420349  seconds  2.5846892989406154 0.8396349413298569 19.200000000000003
103.50854635238647  seconds  2.5846892989406154 0.8396349413298569 10.3
101.12881588935852  seconds  2.5846892989406154 0.8396349413298569 14.3
104.69371104240417  seconds  2.5846892989406154 0.8396349413298569 0.4
100.195157289505  seconds  2.5846892989406154 0.8396349413298569 1.4000000000000001
87.41135835647583  seconds  2.5846892989406154 0.8396349413298569 11.4
100.27759671211243  seconds  2.5846892989406154 0.8396349413298569 15.3
89.47215723991394  seconds  2.5846892989406154 0.8396349413298569 12.4
104.01214003562927  seconds  2.5846892989406154 0.8396349413298569 3.4000000000000004
108.83672189712524  seconds  2.5846892989406154 0.8396349413298569 2.4000000000000004
110.86588096618652  seconds  2.5846892989406154 0.8396349413298569 17.3
100.04889011383057  seconds  2.5846892989406154 0.8396349413298569 5.4
105.94847106933594  seconds  2.5846892989406154 0.8396349413298569 13.3
99.96150517463684  seconds  2.5846892989406154 0.8396349413298569 6.4
116.77974247932434  seconds  2.5846892989406154 0.8396349413298569 18.3
87.57714748382568  seconds  2.5846892989406154 0.8396349413298569 16.400000000000002
100.15857100486755  seconds  2.5846892989406154 0.8396349413298569 7.4
109.75659513473511  seconds  2.5846892989406154 0.8396349413298569 4.4
103.24199628829956  seconds  2.5846892989406154 0.8396349413298569 9.4
108.67388439178467  seconds  2.5846892989406154 0.8396349413298569 8.4
100.54788994789124  seconds  2.5846892989406154 0.8396349413298569 19.3
101.30199217796326  seconds  2.5846892989406154 0.8396349413298569 10.4
83.11098098754883  seconds  2.5846892989406154 0.8396349413298569 11.5
99.82291293144226  seconds  2.5846892989406154 0.8396349413298569 0.5
106.86988973617554  seconds  2.5846892989406154 0.8396349413298569 14.4
87.56009674072266  seconds  2.5846892989406154 0.8396349413298569 12.5
104.30409669876099  seconds  2.5846892989406154 0.8396349413298569 1.5
102.68994307518005  seconds  2.5846892989406154 0.8396349413298569 15.4
99.3196952342987  seconds  2.5846892989406154 0.8396349413298569 3.5
102.71318078041077  seconds  2.5846892989406154 0.8396349413298569 2.5
99.26923513412476  seconds  2.5846892989406154 0.8396349413298569 5.5
88.29911684989929  seconds  2.5846892989406154 0.8396349413298569 16.5
106.4052312374115  seconds  2.5846892989406154 0.8396349413298569 17.400000000000002
101.18763375282288  seconds  2.5846892989406154 0.8396349413298569 13.4
93.06710577011108  seconds  2.5846892989406154 0.8396349413298569 4.5
103.24470210075378  seconds  2.5846892989406154 0.8396349413298569 18.400000000000002
107.88535857200623  seconds  2.5846892989406154 0.8396349413298569 6.5
98.21220350265503  seconds  2.5846892989406154 0.8396349413298569 7.5
100.92836141586304  seconds  2.5846892989406154 0.8396349413298569 9.5
101.38449549674988  seconds  2.5846892989406154 0.8396349413298569 8.5
85.0348629951477  seconds  2.5846892989406154 0.8396349413298569 11.600000000000001
101.55447149276733  seconds  2.5846892989406154 0.8396349413298569 19.400000000000002
101.19103217124939  seconds  2.5846892989406154 0.8396349413298569 10.5
88.49233937263489  seconds  2.5846892989406154 0.8396349413298569 12.600000000000001
97.38693261146545  seconds  2.5846892989406154 0.8396349413298569 0.6000000000000001
103.41171741485596  seconds  2.5846892989406154 0.8396349413298569 14.5
98.70619773864746  seconds  2.5846892989406154 0.8396349413298569 15.5
99.25977754592896  seconds  2.5846892989406154 0.8396349413298569 1.6
99.03304719924927  seconds  2.5846892989406154 0.8396349413298569 3.6
87.30702686309814  seconds  2.5846892989406154 0.8396349413298569 16.6
102.20197772979736  seconds  2.5846892989406154 0.8396349413298569 2.6
100.81315851211548  seconds  2.5846892989406154 0.8396349413298569 5.6000000000000005
87.86313438415527  seconds  2.5846892989406154 0.8396349413298569 4.6000000000000005
103.92328143119812  seconds  2.5846892989406154 0.8396349413298569 17.5
101.7804582118988  seconds  2.5846892989406154 0.8396349413298569 13.5
99.20109033584595  seconds  2.5846892989406154 0.8396349413298569 18.5
100.69830989837646  seconds  2.5846892989406154 0.8396349413298569 6.6000000000000005
99.33419513702393  seconds  2.5846892989406154 0.8396349413298569 7.6000000000000005
90.58727502822876  seconds  2.5846892989406154 0.8396349413298569 11.700000000000001
102.17273616790771  seconds  2.5846892989406154 0.8396349413298569 9.600000000000001
99.38194918632507  seconds  2.5846892989406154 0.8396349413298569 8.6
101.46884417533875  seconds  2.5846892989406154 0.8396349413298569 19.5
87.70077729225159  seconds  2.5846892989406154 0.8396349413298569 12.700000000000001
100.10210037231445  seconds  2.5846892989406154 0.8396349413298569 10.600000000000001
99.69454026222229  seconds  2.5846892989406154 0.8396349413298569 0.7000000000000001
100.332515001297  seconds  2.5846892989406154 0.8396349413298569 14.600000000000001
99.4055483341217  seconds  2.5846892989406154 0.8396349413298569 15.600000000000001
99.87724566459656  seconds  2.5846892989406154 0.8396349413298569 1.7000000000000002
101.59678387641907  seconds  2.5846892989406154 0.8396349413298569 3.7
89.94089531898499  seconds  2.5846892989406154 0.8396349413298569 16.7
98.9268000125885  seconds  2.5846892989406154 0.8396349413298569 2.7
91.39422297477722  seconds  2.5846892989406154 0.8396349413298569 4.7
98.07815837860107  seconds  2.5846892989406154 0.8396349413298569 5.7
101.40397143363953  seconds  2.5846892989406154 0.8396349413298569 17.6
99.77920055389404  seconds  2.5846892989406154 0.8396349413298569 13.600000000000001
100.84101676940918  seconds  2.5846892989406154 0.8396349413298569 18.6
99.46142864227295  seconds  2.5846892989406154 0.8396349413298569 6.7
89.14534258842468  seconds  2.5846892989406154 0.8396349413298569 11.8
100.05448365211487  seconds  2.5846892989406154 0.8396349413298569 7.7
86.5018994808197  seconds  2.5846892989406154 0.8396349413298569 12.8
98.11218404769897  seconds  2.5846892989406154 0.8396349413298569 8.700000000000001
100.14617943763733  seconds  2.5846892989406154 0.8396349413298569 9.700000000000001
99.54718899726868  seconds  2.5846892989406154 0.8396349413298569 19.6
99.91156101226807  seconds  2.5846892989406154 0.8396349413298569 10.700000000000001
98.49550914764404  seconds  2.5846892989406154 0.8396349413298569 0.8
84.82789134979248  seconds  2.5846892989406154 0.8396349413298569 16.8
97.9707338809967  seconds  2.5846892989406154 0.8396349413298569 14.700000000000001
97.53016805648804  seconds  2.5846892989406154 0.8396349413298569 15.700000000000001
97.14306306838989  seconds  2.5846892989406154 0.8396349413298569 1.8
98.7733747959137  seconds  2.5846892989406154 0.8396349413298569 3.8000000000000003
84.6720781326294  seconds  2.5846892989406154 0.8396349413298569 4.800000000000001
97.39288640022278  seconds  2.5846892989406154 0.8396349413298569 2.8000000000000003
97.22982430458069  seconds  2.5846892989406154 0.8396349413298569 5.800000000000001
82.5057761669159  seconds  2.5846892989406154 0.8396349413298569 11.9
91.9435760974884  seconds  2.5846892989406154 0.8396349413298569 17.7
94.37463331222534  seconds  2.5846892989406154 0.8396349413298569 13.700000000000001
81.30202507972717  seconds  2.5846892989406154 0.8396349413298569 12.9
94.1223578453064  seconds  2.5846892989406154 0.8396349413298569 6.800000000000001
95.01179909706116  seconds  2.5846892989406154 0.8396349413298569 18.7
94.29678773880005  seconds  2.5846892989406154 0.8396349413298569 7.800000000000001
93.9860577583313  seconds  2.5846892989406154 0.8396349413298569 8.8
93.88445782661438  seconds  2.5846892989406154 0.8396349413298569 9.8
93.38539481163025  seconds  2.5846892989406154 0.8396349413298569 19.700000000000003
92.80832076072693  seconds  2.5846892989406154 0.8396349413298569 10.8
79.30746459960938  seconds  2.5846892989406154 0.8396349413298569 16.900000000000002
92.54299712181091  seconds  2.5846892989406154 0.8396349413298569 0.9
79.2327733039856  seconds  2.5846892989406154 0.8396349413298569 4.9
92.3714280128479  seconds  2.5846892989406154 0.8396349413298569 14.8
92.20218539237976  seconds  2.5846892989406154 0.8396349413298569 15.8
92.70309567451477  seconds  2.5846892989406154 0.8396349413298569 1.9000000000000001
91.77827453613281  seconds  2.5846892989406154 0.8396349413298569 3.9000000000000004
76.60161066055298  seconds  2.5846892989406154 0.8396349413298569 17.8
89.34830212593079  seconds  2.5846892989406154 0.8396349413298569 2.9000000000000004
88.87584519386292  seconds  2.5846892989406154 0.8396349413298569 5.9
87.65307188034058  seconds  2.5846892989406154 0.8396349413298569 13.8
86.12638807296753  seconds  2.5846892989406154 0.8396349413298569 18.8
86.68040180206299  seconds  2.5846892989406154 0.8396349413298569 6.9
86.1847596168518  seconds  2.5846892989406154 0.8396349413298569 7.9
83.95894360542297  seconds  2.5846892989406154 0.8396349413298569 9.9
84.24188661575317  seconds  2.5846892989406154 0.8396349413298569 8.9
83.39414811134338  seconds  2.5846892989406154 0.8396349413298569 19.8
81.95556640625  seconds  2.5846892989406154 0.8396349413298569 10.9
76.69333076477051  seconds  2.5846892989406154 0.8396349413298569 14.9
76.68347883224487  seconds  2.5846892989406154 0.8396349413298569 15.9
74.396737575531  seconds  2.5846892989406154 0.8396349413298569 17.900000000000002
70.11074090003967  seconds  2.5846892989406154 0.8396349413298569 13.9
69.38234567642212  seconds  2.5846892989406154 0.8396349413298569 18.900000000000002
66.42654633522034  seconds  2.5846892989406154 0.8396349413298569 19.900000000000002
time for calc.... 1118.7772097587585
energy at the point.. 2.5337077240684835 1.1368970013037814  is  2.067935501059992e-06
200 the points 10 chunk numtheads
starting with calculation of Sigma
76.07230305671692  seconds  2.5337077240684835 1.1368970013037814 0.0
78.29902362823486  seconds  2.5337077240684835 1.1368970013037814 1.0
80.84310460090637  seconds  2.5337077240684835 1.1368970013037814 2.0
84.51384353637695  seconds  2.5337077240684835 1.1368970013037814 3.0
83.5599513053894  seconds  2.5337077240684835 1.1368970013037814 4.0
85.897212266922  seconds  2.5337077240684835 1.1368970013037814 5.0
86.22103428840637  seconds  2.5337077240684835 1.1368970013037814 6.0
84.96737504005432  seconds  2.5337077240684835 1.1368970013037814 7.0
88.24211525917053  seconds  2.5337077240684835 1.1368970013037814 8.0
89.8689317703247  seconds  2.5337077240684835 1.1368970013037814 9.0
90.86925768852234  seconds  2.5337077240684835 1.1368970013037814 10.0
91.73766493797302  seconds  2.5337077240684835 1.1368970013037814 11.0
83.55004572868347  seconds  2.5337077240684835 1.1368970013037814 13.0
91.55630660057068  seconds  2.5337077240684835 1.1368970013037814 12.0
80.9481098651886  seconds  2.5337077240684835 1.1368970013037814 15.0
92.15036034584045  seconds  2.5337077240684835 1.1368970013037814 0.1
92.93049311637878  seconds  2.5337077240684835 1.1368970013037814 14.0
92.84068751335144  seconds  2.5337077240684835 1.1368970013037814 1.1
84.19475388526917  seconds  2.5337077240684835 1.1368970013037814 17.0
93.33007574081421  seconds  2.5337077240684835 1.1368970013037814 2.1
93.15259718894958  seconds  2.5337077240684835 1.1368970013037814 16.0
85.2188401222229  seconds  2.5337077240684835 1.1368970013037814 18.0
92.94649362564087  seconds  2.5337077240684835 1.1368970013037814 3.1
93.38958239555359  seconds  2.5337077240684835 1.1368970013037814 4.1000000000000005
81.75260949134827  seconds  2.5337077240684835 1.1368970013037814 7.1000000000000005
94.28543853759766  seconds  2.5337077240684835 1.1368970013037814 5.1000000000000005
93.93395829200745  seconds  2.5337077240684835 1.1368970013037814 19.0
95.16882538795471  seconds  2.5337077240684835 1.1368970013037814 6.1000000000000005
94.74323463439941  seconds  2.5337077240684835 1.1368970013037814 8.1
94.53435564041138  seconds  2.5337077240684835 1.1368970013037814 9.1
95.12377285957336  seconds  2.5337077240684835 1.1368970013037814 10.100000000000001
83.6715304851532  seconds  2.5337077240684835 1.1368970013037814 13.100000000000001
95.68493056297302  seconds  2.5337077240684835 1.1368970013037814 11.100000000000001
84.20792245864868  seconds  2.5337077240684835 1.1368970013037814 15.100000000000001
95.10871648788452  seconds  2.5337077240684835 1.1368970013037814 12.100000000000001
95.77363109588623  seconds  2.5337077240684835 1.1368970013037814 0.2
97.54208827018738  seconds  2.5337077240684835 1.1368970013037814 14.100000000000001
87.55335831642151  seconds  2.5337077240684835 1.1368970013037814 17.1
95.4713499546051  seconds  2.5337077240684835 1.1368970013037814 1.2000000000000002
84.19499158859253  seconds  2.5337077240684835 1.1368970013037814 18.1
96.86595892906189  seconds  2.5337077240684835 1.1368970013037814 2.2
97.88777732849121  seconds  2.5337077240684835 1.1368970013037814 16.1
95.90505909919739  seconds  2.5337077240684835 1.1368970013037814 3.2
86.02624177932739  seconds  2.5337077240684835 1.1368970013037814 7.2
96.539071559906  seconds  2.5337077240684835 1.1368970013037814 4.2
96.49401068687439  seconds  2.5337077240684835 1.1368970013037814 19.1
97.38639736175537  seconds  2.5337077240684835 1.1368970013037814 5.2
98.2872941493988  seconds  2.5337077240684835 1.1368970013037814 6.2
98.86814308166504  seconds  2.5337077240684835 1.1368970013037814 8.200000000000001
96.71123266220093  seconds  2.5337077240684835 1.1368970013037814 9.200000000000001
90.18946528434753  seconds  2.5337077240684835 1.1368970013037814 13.200000000000001
96.9919261932373  seconds  2.5337077240684835 1.1368970013037814 10.200000000000001
88.1224274635315  seconds  2.5337077240684835 1.1368970013037814 15.200000000000001
96.74614667892456  seconds  2.5337077240684835 1.1368970013037814 11.200000000000001
97.2359049320221  seconds  2.5337077240684835 1.1368970013037814 12.200000000000001
88.52630257606506  seconds  2.5337077240684835 1.1368970013037814 17.2
96.53415012359619  seconds  2.5337077240684835 1.1368970013037814 0.30000000000000004
88.81373405456543  seconds  2.5337077240684835 1.1368970013037814 18.2
96.04094338417053  seconds  2.5337077240684835 1.1368970013037814 14.200000000000001
94.85402250289917  seconds  2.5337077240684835 1.1368970013037814 1.3
88.36177086830139  seconds  2.5337077240684835 1.1368970013037814 7.300000000000001
97.69681859016418  seconds  2.5337077240684835 1.1368970013037814 2.3000000000000003
96.59578919410706  seconds  2.5337077240684835 1.1368970013037814 16.2
94.46084833145142  seconds  2.5337077240684835 1.1368970013037814 3.3000000000000003
94.98917388916016  seconds  2.5337077240684835 1.1368970013037814 4.3
93.63096714019775  seconds  2.5337077240684835 1.1368970013037814 19.200000000000003
94.20689344406128  seconds  2.5337077240684835 1.1368970013037814 5.300000000000001
95.62351703643799  seconds  2.5337077240684835 1.1368970013037814 6.300000000000001
83.2194504737854  seconds  2.5337077240684835 1.1368970013037814 13.3
93.34812784194946  seconds  2.5337077240684835 1.1368970013037814 8.3
83.69877910614014  seconds  2.5337077240684835 1.1368970013037814 15.3
94.05542302131653  seconds  2.5337077240684835 1.1368970013037814 9.3
94.4523012638092  seconds  2.5337077240684835 1.1368970013037814 10.3
93.0065267086029  seconds  2.5337077240684835 1.1368970013037814 11.3
82.89240407943726  seconds  2.5337077240684835 1.1368970013037814 17.3
92.82981371879578  seconds  2.5337077240684835 1.1368970013037814 12.3
82.06263995170593  seconds  2.5337077240684835 1.1368970013037814 18.3
93.13930583000183  seconds  2.5337077240684835 1.1368970013037814 0.4
92.76024508476257  seconds  2.5337077240684835 1.1368970013037814 14.3
93.20847129821777  seconds  2.5337077240684835 1.1368970013037814 1.4000000000000001
82.49632477760315  seconds  2.5337077240684835 1.1368970013037814 7.4
93.04924297332764  seconds  2.5337077240684835 1.1368970013037814 2.4000000000000004
93.03984236717224  seconds  2.5337077240684835 1.1368970013037814 3.4000000000000004
96.5431661605835  seconds  2.5337077240684835 1.1368970013037814 16.3
93.57656836509705  seconds  2.5337077240684835 1.1368970013037814 4.4
93.18719577789307  seconds  2.5337077240684835 1.1368970013037814 19.3
93.16855502128601  seconds  2.5337077240684835 1.1368970013037814 5.4
82.15880727767944  seconds  2.5337077240684835 1.1368970013037814 13.4
93.28056740760803  seconds  2.5337077240684835 1.1368970013037814 6.4
82.04688668251038  seconds  2.5337077240684835 1.1368970013037814 15.4
92.94123864173889  seconds  2.5337077240684835 1.1368970013037814 8.4
92.96959209442139  seconds  2.5337077240684835 1.1368970013037814 9.4
93.05392503738403  seconds  2.5337077240684835 1.1368970013037814 10.4
83.10206747055054  seconds  2.5337077240684835 1.1368970013037814 17.400000000000002
82.93197441101074  seconds  2.5337077240684835 1.1368970013037814 18.400000000000002
92.8600594997406  seconds  2.5337077240684835 1.1368970013037814 11.4
94.04495048522949  seconds  2.5337077240684835 1.1368970013037814 12.4
85.07151675224304  seconds  2.5337077240684835 1.1368970013037814 7.5
92.97261023521423  seconds  2.5337077240684835 1.1368970013037814 0.5
92.7627055644989  seconds  2.5337077240684835 1.1368970013037814 1.5
95.29752969741821  seconds  2.5337077240684835 1.1368970013037814 14.4
93.1803605556488  seconds  2.5337077240684835 1.1368970013037814 2.5
93.99677300453186  seconds  2.5337077240684835 1.1368970013037814 3.5
93.76769280433655  seconds  2.5337077240684835 1.1368970013037814 16.400000000000002
93.88459467887878  seconds  2.5337077240684835 1.1368970013037814 4.5
83.4048843383789  seconds  2.5337077240684835 1.1368970013037814 13.5
93.68591856956482  seconds  2.5337077240684835 1.1368970013037814 19.400000000000002
93.40342092514038  seconds  2.5337077240684835 1.1368970013037814 5.5
85.83337998390198  seconds  2.5337077240684835 1.1368970013037814 15.5
94.48506808280945  seconds  2.5337077240684835 1.1368970013037814 6.5
93.99335217475891  seconds  2.5337077240684835 1.1368970013037814 8.5
94.04180550575256  seconds  2.5337077240684835 1.1368970013037814 9.5
86.3446273803711  seconds  2.5337077240684835 1.1368970013037814 17.5
84.58529591560364  seconds  2.5337077240684835 1.1368970013037814 18.5
94.62866401672363  seconds  2.5337077240684835 1.1368970013037814 10.5
94.45491790771484  seconds  2.5337077240684835 1.1368970013037814 11.5
85.18195080757141  seconds  2.5337077240684835 1.1368970013037814 7.6000000000000005
95.02895665168762  seconds  2.5337077240684835 1.1368970013037814 12.5
96.91532921791077  seconds  2.5337077240684835 1.1368970013037814 0.6000000000000001
95.33782601356506  seconds  2.5337077240684835 1.1368970013037814 1.6
94.7304801940918  seconds  2.5337077240684835 1.1368970013037814 14.5
96.06351613998413  seconds  2.5337077240684835 1.1368970013037814 2.6
85.84879779815674  seconds  2.5337077240684835 1.1368970013037814 13.600000000000001
95.35835337638855  seconds  2.5337077240684835 1.1368970013037814 16.5
96.00163292884827  seconds  2.5337077240684835 1.1368970013037814 3.6
96.4006118774414  seconds  2.5337077240684835 1.1368970013037814 4.6000000000000005
88.41718864440918  seconds  2.5337077240684835 1.1368970013037814 15.600000000000001
95.855149269104  seconds  2.5337077240684835 1.1368970013037814 19.5
96.25463271141052  seconds  2.5337077240684835 1.1368970013037814 5.6000000000000005
96.04588794708252  seconds  2.5337077240684835 1.1368970013037814 6.6000000000000005
96.87925291061401  seconds  2.5337077240684835 1.1368970013037814 8.6
89.54311990737915  seconds  2.5337077240684835 1.1368970013037814 17.6
91.1369698047638  seconds  2.5337077240684835 1.1368970013037814 18.6
96.16968655586243  seconds  2.5337077240684835 1.1368970013037814 9.600000000000001
95.24981617927551  seconds  2.5337077240684835 1.1368970013037814 10.600000000000001
88.05551719665527  seconds  2.5337077240684835 1.1368970013037814 7.7
95.07963728904724  seconds  2.5337077240684835 1.1368970013037814 11.600000000000001
96.75207495689392  seconds  2.5337077240684835 1.1368970013037814 12.600000000000001
96.30353450775146  seconds  2.5337077240684835 1.1368970013037814 0.7000000000000001
96.35500001907349  seconds  2.5337077240684835 1.1368970013037814 1.7000000000000002
96.44242072105408  seconds  2.5337077240684835 1.1368970013037814 14.600000000000001
87.72453188896179  seconds  2.5337077240684835 1.1368970013037814 13.700000000000001
95.35453224182129  seconds  2.5337077240684835 1.1368970013037814 2.7
94.66930365562439  seconds  2.5337077240684835 1.1368970013037814 16.6
96.1500072479248  seconds  2.5337077240684835 1.1368970013037814 3.7
88.74131441116333  seconds  2.5337077240684835 1.1368970013037814 15.700000000000001
96.14247298240662  seconds  2.5337077240684835 1.1368970013037814 4.7
95.57335209846497  seconds  2.5337077240684835 1.1368970013037814 19.6
95.96213293075562  seconds  2.5337077240684835 1.1368970013037814 5.7
95.95193028450012  seconds  2.5337077240684835 1.1368970013037814 6.7
87.4920105934143  seconds  2.5337077240684835 1.1368970013037814 17.7
87.72555947303772  seconds  2.5337077240684835 1.1368970013037814 18.7
96.56960272789001  seconds  2.5337077240684835 1.1368970013037814 8.700000000000001
96.27589297294617  seconds  2.5337077240684835 1.1368970013037814 9.700000000000001
89.7413558959961  seconds  2.5337077240684835 1.1368970013037814 7.800000000000001
96.43940377235413  seconds  2.5337077240684835 1.1368970013037814 10.700000000000001
97.07114434242249  seconds  2.5337077240684835 1.1368970013037814 11.700000000000001
95.91156554222107  seconds  2.5337077240684835 1.1368970013037814 12.700000000000001
97.4249849319458  seconds  2.5337077240684835 1.1368970013037814 0.8
96.94860458374023  seconds  2.5337077240684835 1.1368970013037814 1.8
96.0282871723175  seconds  2.5337077240684835 1.1368970013037814 14.700000000000001
89.26662683486938  seconds  2.5337077240684835 1.1368970013037814 13.8
96.53679943084717  seconds  2.5337077240684835 1.1368970013037814 2.8000000000000003
88.65422749519348  seconds  2.5337077240684835 1.1368970013037814 15.8
97.08558344841003  seconds  2.5337077240684835 1.1368970013037814 16.7
99.5309669971466  seconds  2.5337077240684835 1.1368970013037814 3.8000000000000003
97.9775903224945  seconds  2.5337077240684835 1.1368970013037814 4.800000000000001
96.72550344467163  seconds  2.5337077240684835 1.1368970013037814 19.700000000000003
97.76379728317261  seconds  2.5337077240684835 1.1368970013037814 5.800000000000001
89.37072372436523  seconds  2.5337077240684835 1.1368970013037814 17.8
90.41191840171814  seconds  2.5337077240684835 1.1368970013037814 18.8
96.48164701461792  seconds  2.5337077240684835 1.1368970013037814 6.800000000000001
96.7614107131958  seconds  2.5337077240684835 1.1368970013037814 8.8
91.18933248519897  seconds  2.5337077240684835 1.1368970013037814 7.9
100.10030150413513  seconds  2.5337077240684835 1.1368970013037814 9.8
100.27516388893127  seconds  2.5337077240684835 1.1368970013037814 10.8
99.77513813972473  seconds  2.5337077240684835 1.1368970013037814 11.8
97.9416618347168  seconds  2.5337077240684835 1.1368970013037814 12.8
91.93629431724548  seconds  2.5337077240684835 1.1368970013037814 13.9
103.65899991989136  seconds  2.5337077240684835 1.1368970013037814 0.9
103.4539806842804  seconds  2.5337077240684835 1.1368970013037814 1.9000000000000001
103.32087302207947  seconds  2.5337077240684835 1.1368970013037814 14.8
90.72156620025635  seconds  2.5337077240684835 1.1368970013037814 15.9
103.50279641151428  seconds  2.5337077240684835 1.1368970013037814 2.9000000000000004
105.23818182945251  seconds  2.5337077240684835 1.1368970013037814 16.8
103.7713828086853  seconds  2.5337077240684835 1.1368970013037814 3.9000000000000004
89.36533951759338  seconds  2.5337077240684835 1.1368970013037814 17.900000000000002
102.48438382148743  seconds  2.5337077240684835 1.1368970013037814 4.9
87.3686888217926  seconds  2.5337077240684835 1.1368970013037814 18.900000000000002
102.61186099052429  seconds  2.5337077240684835 1.1368970013037814 19.8
101.71004319190979  seconds  2.5337077240684835 1.1368970013037814 5.9
101.32523798942566  seconds  2.5337077240684835 1.1368970013037814 6.9
97.0911066532135  seconds  2.5337077240684835 1.1368970013037814 8.9
95.42444396018982  seconds  2.5337077240684835 1.1368970013037814 9.9
94.24310374259949  seconds  2.5337077240684835 1.1368970013037814 10.9
91.8174102306366  seconds  2.5337077240684835 1.1368970013037814 11.9
88.03141760826111  seconds  2.5337077240684835 1.1368970013037814 12.9
80.67439389228821  seconds  2.5337077240684835 1.1368970013037814 14.9
74.45380449295044  seconds  2.5337077240684835 1.1368970013037814 16.900000000000002
72.64084148406982  seconds  2.5337077240684835 1.1368970013037814 19.900000000000002
time for calc.... 1053.2768149375916
energy at the point.. 2.421355054487129 1.409821816601478  is  6.066433012819061e-06
200 the points 10 chunk numtheads
starting with calculation of Sigma
78.71564030647278  seconds  2.421355054487129 1.409821816601478 0.0
80.35771441459656  seconds  2.421355054487129 1.409821816601478 1.0
81.87386679649353  seconds  2.421355054487129 1.409821816601478 2.0
83.82812929153442  seconds  2.421355054487129 1.409821816601478 3.0
87.94691348075867  seconds  2.421355054487129 1.409821816601478 4.0
88.73227286338806  seconds  2.421355054487129 1.409821816601478 5.0
89.66217517852783  seconds  2.421355054487129 1.409821816601478 6.0
90.46434020996094  seconds  2.421355054487129 1.409821816601478 7.0
92.1953911781311  seconds  2.421355054487129 1.409821816601478 8.0
93.75008344650269  seconds  2.421355054487129 1.409821816601478 9.0
93.22018074989319  seconds  2.421355054487129 1.409821816601478 10.0
94.59086346626282  seconds  2.421355054487129 1.409821816601478 11.0
93.10856628417969  seconds  2.421355054487129 1.409821816601478 12.0
94.39741349220276  seconds  2.421355054487129 1.409821816601478 13.0
96.26713418960571  seconds  2.421355054487129 1.409821816601478 0.1
93.43992877006531  seconds  2.421355054487129 1.409821816601478 14.0
82.48737072944641  seconds  2.421355054487129 1.409821816601478 16.0
96.30562901496887  seconds  2.421355054487129 1.409821816601478 1.1
95.58005952835083  seconds  2.421355054487129 1.409821816601478 15.0
94.57343339920044  seconds  2.421355054487129 1.409821816601478 2.1
86.8584942817688  seconds  2.421355054487129 1.409821816601478 17.0
95.64653134346008  seconds  2.421355054487129 1.409821816601478 3.1
84.58571243286133  seconds  2.421355054487129 1.409821816601478 18.0
87.2670488357544  seconds  2.421355054487129 1.409821816601478 5.1000000000000005
95.17391538619995  seconds  2.421355054487129 1.409821816601478 4.1000000000000005
95.9606032371521  seconds  2.421355054487129 1.409821816601478 19.0
95.05734086036682  seconds  2.421355054487129 1.409821816601478 6.1000000000000005
96.74399662017822  seconds  2.421355054487129 1.409821816601478 7.1000000000000005
96.04933595657349  seconds  2.421355054487129 1.409821816601478 8.1
98.20269560813904  seconds  2.421355054487129 1.409821816601478 9.1
96.67510461807251  seconds  2.421355054487129 1.409821816601478 10.100000000000001
98.09472918510437  seconds  2.421355054487129 1.409821816601478 11.100000000000001
96.55755281448364  seconds  2.421355054487129 1.409821816601478 12.100000000000001
90.6990385055542  seconds  2.421355054487129 1.409821816601478 14.100000000000001
97.78701639175415  seconds  2.421355054487129 1.409821816601478 13.100000000000001
92.36725759506226  seconds  2.421355054487129 1.409821816601478 16.1
98.46238803863525  seconds  2.421355054487129 1.409821816601478 0.2
99.71334934234619  seconds  2.421355054487129 1.409821816601478 1.2000000000000002
92.41147470474243  seconds  2.421355054487129 1.409821816601478 17.1
99.13242721557617  seconds  2.421355054487129 1.409821816601478 2.2
100.33401775360107  seconds  2.421355054487129 1.409821816601478 15.100000000000001
90.1980528831482  seconds  2.421355054487129 1.409821816601478 18.1
90.83944392204285  seconds  2.421355054487129 1.409821816601478 5.2
99.94268465042114  seconds  2.421355054487129 1.409821816601478 3.2
103.11548519134521  seconds  2.421355054487129 1.409821816601478 4.2
102.92978119850159  seconds  2.421355054487129 1.409821816601478 19.1
102.72092485427856  seconds  2.421355054487129 1.409821816601478 6.2
103.83342957496643  seconds  2.421355054487129 1.409821816601478 7.2
108.33932161331177  seconds  2.421355054487129 1.409821816601478 8.200000000000001
105.59712672233582  seconds  2.421355054487129 1.409821816601478 9.200000000000001
110.50849938392639  seconds  2.421355054487129 1.409821816601478 10.200000000000001
94.95544075965881  seconds  2.421355054487129 1.409821816601478 14.200000000000001
92.81118988990784  seconds  2.421355054487129 1.409821816601478 16.2
107.92544794082642  seconds  2.421355054487129 1.409821816601478 12.200000000000001
113.97540354728699  seconds  2.421355054487129 1.409821816601478 11.200000000000001
110.8496708869934195.81590223312378   seconds  seconds   2.4213550544871292.421355054487129  1.4098218166014781.409821816601478  17.213.200000000000001

96.32604455947876  seconds  2.421355054487129 1.409821816601478 18.2
110.60546112060547  seconds  2.421355054487129 1.409821816601478 0.30000000000000004
92.64482164382935  seconds  2.421355054487129 1.409821816601478 5.300000000000001
108.49359798431396  seconds  2.421355054487129 1.409821816601478 2.3000000000000003
111.38099145889282  seconds  2.421355054487129 1.409821816601478 15.200000000000001
118.343581199646  seconds  2.421355054487129 1.409821816601478 1.3
113.12291526794434  seconds  2.421355054487129 1.409821816601478 3.3000000000000003
108.95519375801086  seconds  2.421355054487129 1.409821816601478 4.3
112.0726580619812  seconds  2.421355054487129 1.409821816601478 19.200000000000003
109.3920156955719  seconds  2.421355054487129 1.409821816601478 6.300000000000001
113.6079695224762  seconds  2.421355054487129 1.409821816601478 7.300000000000001
113.97008895874023  seconds  2.421355054487129 1.409821816601478 8.3
96.87674522399902  seconds  2.421355054487129 1.409821816601478 14.3
95.4638409614563  seconds  2.421355054487129 1.409821816601478 16.3
113.55337762832642  seconds  2.421355054487129 1.409821816601478 9.3
114.4024178981781  seconds  2.421355054487129 1.409821816601478 10.3
95.03225374221802  seconds  2.421355054487129 1.409821816601478 17.3
96.35424017906189  seconds  2.421355054487129 1.409821816601478 18.3
110.45977139472961  seconds  2.421355054487129 1.409821816601478 11.3
95.2915985584259  seconds  2.421355054487129 1.409821816601478 5.4
114.37379884719849  seconds  2.421355054487129 1.409821816601478 12.3
107.04557538032532  seconds  2.421355054487129 1.409821816601478 13.3
113.63391399383545  seconds  2.421355054487129 1.409821816601478 0.4
111.14491677284241  seconds  2.421355054487129 1.409821816601478 2.4000000000000004
110.30580854415894  seconds  2.421355054487129 1.409821816601478 1.4000000000000001
112.60107612609863  seconds  2.421355054487129 1.409821816601478 15.3
107.40892362594604  seconds  2.421355054487129 1.409821816601478 3.4000000000000004
110.9737777709961  seconds  2.421355054487129 1.409821816601478 4.4
113.88353323936462  seconds  2.421355054487129 1.409821816601478 6.4
116.0257682800293  seconds  2.421355054487129 1.409821816601478 19.3
91.97644281387329  seconds  2.421355054487129 1.409821816601478 16.400000000000002
94.39241480827332  seconds  2.421355054487129 1.409821816601478 14.4
120.36293005943298  seconds  2.421355054487129 1.409821816601478 7.4
111.57303929328918  seconds  2.421355054487129 1.409821816601478 8.4
107.9521586894989  seconds  2.421355054487129 1.409821816601478 9.4
95.86668181419373  seconds  2.421355054487129 1.409821816601478 17.400000000000002
95.1682460308075  seconds  2.421355054487129 1.409821816601478 18.400000000000002
94.43473744392395  seconds  2.421355054487129 1.409821816601478 5.5
109.6562831401825  seconds  2.421355054487129 1.409821816601478 10.4
113.52690625190735  seconds  2.421355054487129 1.409821816601478 12.4
115.12416243553162  seconds  2.421355054487129 1.409821816601478 11.4
115.55669975280762  seconds  2.421355054487129 1.409821816601478 13.4
108.11119890213013  seconds  2.421355054487129 1.409821816601478 0.5
109.810537815094  seconds  2.421355054487129 1.409821816601478 2.5
113.81565546989441  seconds  2.421355054487129 1.409821816601478 15.4
118.36684226989746  seconds  2.421355054487129 1.409821816601478 1.5
119.02156019210815  seconds  2.421355054487129 1.409821816601478 3.5
113.62045454978943  seconds  2.421355054487129 1.409821816601478 4.5
99.27644944190979  seconds  2.421355054487129 1.409821816601478 16.5
100.87320876121521  seconds  2.421355054487129 1.409821816601478 14.5
124.34844374656677  seconds  2.421355054487129 1.409821816601478 6.5
100.48840880393982  seconds  2.421355054487129 1.409821816601478 17.5
127.71210718154907  seconds  2.421355054487129 1.409821816601478 19.400000000000002
101.2393593788147  seconds  2.421355054487129 1.409821816601478 18.5
104.18003845214844  seconds  2.421355054487129 1.409821816601478 5.6000000000000005
120.39289999008179  seconds  2.421355054487129 1.409821816601478 7.5
119.88762331008911  seconds  2.421355054487129 1.409821816601478 8.5
120.15412187576294  seconds  2.421355054487129 1.409821816601478 9.5
129.25032663345337  seconds  2.421355054487129 1.409821816601478 10.5
128.8791048526764  seconds  2.421355054487129 1.409821816601478 11.5
129.41321182250977  seconds  2.421355054487129 1.409821816601478 12.5
129.5283808708191  seconds  2.421355054487129 1.409821816601478 13.5
128.6347632408142  seconds  2.421355054487129 1.409821816601478 0.6000000000000001
131.0301332473755  seconds  2.421355054487129 1.409821816601478 2.6
131.48409461975098  seconds  2.421355054487129 1.409821816601478 15.5
104.13949203491211  seconds  2.421355054487129 1.409821816601478 16.6
131.917822599411  seconds  2.421355054487129 1.409821816601478 1.6
106.45243287086487  seconds  2.421355054487129 1.409821816601478 14.600000000000001
129.68560528755188  seconds  2.421355054487129 1.409821816601478 3.6
133.39681220054626  seconds  2.421355054487129 1.409821816601478 4.6000000000000005
105.54335498809814  seconds  2.421355054487129 1.409821816601478 17.6
102.29462599754333  seconds  2.421355054487129 1.409821816601478 18.6
101.29422616958618  seconds  2.421355054487129 1.409821816601478 5.7
129.9979989528656  seconds  2.421355054487129 1.409821816601478 6.6000000000000005
126.87329483032227  seconds  2.421355054487129 1.409821816601478 19.5
125.33746099472046  seconds  2.421355054487129 1.409821816601478 7.6000000000000005
123.37310576438904  seconds  2.421355054487129 1.409821816601478 8.6
124.43704986572266  seconds  2.421355054487129 1.409821816601478 9.600000000000001
122.24802708625793  seconds  2.421355054487129 1.409821816601478 10.600000000000001
121.6007673740387  seconds  2.421355054487129 1.409821816601478 11.600000000000001
122.44213366508484  seconds  2.421355054487129 1.409821816601478 12.600000000000001
114.8911943435669  seconds  2.421355054487129 1.409821816601478 0.7000000000000001
93.49495267868042  seconds  2.421355054487129 1.409821816601478 16.7
93.73323011398315  seconds  2.421355054487129 1.409821816601478 14.700000000000001
123.98669171333313  seconds  2.421355054487129 1.409821816601478 13.600000000000001
115.43210625648499  seconds  2.421355054487129 1.409821816601478 2.7
109.58762502670288  seconds  2.421355054487129 1.409821816601478 15.600000000000001
92.38616871833801  seconds  2.421355054487129 1.409821816601478 17.7
94.47867512702942  seconds  2.421355054487129 1.409821816601478 18.7
113.86147546768188  seconds  2.421355054487129 1.409821816601478 1.7000000000000002
92.74482417106628  seconds  2.421355054487129 1.409821816601478 5.800000000000001
111.8572850227356  seconds  2.421355054487129 1.409821816601478 3.7
115.83714652061462  seconds  2.421355054487129 1.409821816601478 4.7
109.99020004272461  seconds  2.421355054487129 1.409821816601478 6.7
113.3244686126709  seconds  2.421355054487129 1.409821816601478 19.6
109.81198596954346  seconds  2.421355054487129 1.409821816601478 7.7
113.00819492340088  seconds  2.421355054487129 1.409821816601478 8.700000000000001
117.93927884101868  seconds  2.421355054487129 1.409821816601478 9.700000000000001
113.77339577674866  seconds  2.421355054487129 1.409821816601478 10.700000000000001
97.58852934837341  seconds  2.421355054487129 1.409821816601478 16.8
94.40728712081909  seconds  2.421355054487129 1.409821816601478 14.8
111.64044570922852  seconds  2.421355054487129 1.409821816601478 11.700000000000001
111.94476652145386  seconds  2.421355054487129 1.409821816601478 12.700000000000001
113.55027794837952  seconds  2.421355054487129 1.409821816601478 0.8
94.95940685272217  seconds  2.421355054487129 1.409821816601478 17.8
94.78350710868835  seconds  2.421355054487129 1.409821816601478 5.9
96.64522743225098  seconds  2.421355054487129 1.409821816601478 18.8
114.31831979751587  seconds  2.421355054487129 1.409821816601478 13.700000000000001
108.7010726928711  seconds  2.421355054487129 1.409821816601478 2.8000000000000003
115.68493342399597  seconds  2.421355054487129 1.409821816601478 15.700000000000001
110.63585352897644  seconds  2.421355054487129 1.409821816601478 3.8000000000000003
114.53356432914734  seconds  2.421355054487129 1.409821816601478 1.8
111.04736185073853  seconds  2.421355054487129 1.409821816601478 4.800000000000001
116.28144073486328  seconds  2.421355054487129 1.409821816601478 6.800000000000001
113.41607999801636  seconds  2.421355054487129 1.409821816601478 19.700000000000003
109.17798089981079  seconds  2.421355054487129 1.409821816601478 7.800000000000001
108.30373787879944  seconds  2.421355054487129 1.409821816601478 8.8
93.60023140907288  seconds  2.421355054487129 1.409821816601478 16.900000000000002
93.38107252120972  seconds  2.421355054487129 1.409821816601478 14.9
114.18954038619995  seconds  2.421355054487129 1.409821816601478 9.8
91.78942966461182  seconds  2.421355054487129 1.409821816601478 17.900000000000002
109.66284537315369  seconds  2.421355054487129 1.409821816601478 10.8
90.21266007423401  seconds  2.421355054487129 1.409821816601478 18.900000000000002
116.80924534797668  seconds  2.421355054487129 1.409821816601478 11.8
111.85573649406433  seconds  2.421355054487129 1.409821816601478 0.9
115.97269010543823  seconds  2.421355054487129 1.409821816601478 12.8
110.55607008934021  seconds  2.421355054487129 1.409821816601478 13.8
110.18769764900208  seconds  2.421355054487129 1.409821816601478 2.9000000000000004
108.16927337646484  seconds  2.421355054487129 1.409821816601478 15.8
109.92316174507141  seconds  2.421355054487129 1.409821816601478 3.9000000000000004
109.8751130104065  seconds  2.421355054487129 1.409821816601478 1.9000000000000001
106.53490948677063  seconds  2.421355054487129 1.409821816601478 4.9
101.12062358856201  seconds  2.421355054487129 1.409821816601478 19.8
104.87908029556274  seconds  2.421355054487129 1.409821816601478 6.9
104.13165497779846  seconds  2.421355054487129 1.409821816601478 7.9
102.82053828239441  seconds  2.421355054487129 1.409821816601478 8.9
95.66237115859985  seconds  2.421355054487129 1.409821816601478 9.9
91.45994067192078  seconds  2.421355054487129 1.409821816601478 10.9
86.6115300655365  seconds  2.421355054487129 1.409821816601478 11.9
87.19994401931763  seconds  2.421355054487129 1.409821816601478 12.9
85.93196105957031  seconds  2.421355054487129 1.409821816601478 13.9
83.04561948776245  seconds  2.421355054487129 1.409821816601478 15.9
73.58480525016785  seconds  2.421355054487129 1.409821816601478 19.900000000000002
time for calc.... 1208.9125032424927
75518.18user 36010.59system 1:45:24elapsed 1763%CPU (0avgtext+0avgdata 25847236maxresident)k
4907792inputs+129272outputs (2017major+583082495minor)pagefaults 0swaps
