reading lattice from... ./Lattices/sqKgridX100.npy
reading lattice from... ./Lattices/sqKgridY100.npy
started calculating filling for chemical potential and dispersion parameters TB_single_band..
reading lattice from... ./Lattices/KgridX400.npy
reading lattice from... ./Lattices/KgridY400.npy
reading lattice from... ./Lattices/KgridX400.npy
reading lattice from... ./Lattices/KgridY400.npy
finished calculating filling for chemical potential
Filling: 0.5021914101708863 .... chemical potential: 29.41164495334965
dispersion params: 54.93230174081238 	 -10.444874274661508
The fermi energy in mev is: 3064.1164088176356, and in units of J: 296.3362097502549, the bandwidth is:494.39071566731144
reading lattice from... ./Lattices/KgridX2000.npy
reading lattice from... ./Lattices/KgridY2000.npy
reading lattice from... ./Lattices/sqKgridX2000.npy
reading lattice from... ./Lattices/sqKgridY2000.npy
412 the fermi surface points 9 numtheads
starting with calculation of Sigma
9.495193481445312  seconds  1.9849630595393304 1.8569733050797659 1.6372727272727272
12.035884380340576  seconds  1.9849630595393304 1.8569733050797659 0.001
11.886812448501587  seconds  1.9849630595393304 1.8569733050797659 4.909818181818182
14.968883275985718  seconds  1.9849630595393304 1.8569733050797659 3.2735454545454545
9.650771856307983  seconds  1.9849630595393304 1.8569733050797659 16.363727272727274
14.895854711532593  seconds  1.9849630595393304 1.8569733050797659 6.54609090909091
12.687343120574951  seconds  1.9849630595393304 1.8569733050797659 13.091181818181818
15.797993898391724  seconds  1.9849630595393304 1.8569733050797659 8.182363636363636
9.442977905273438  seconds  1.9849630595393304 1.8569733050797659 1.819080808080808
15.48971962928772  seconds  1.9849630595393304 1.8569733050797659 9.818636363636363
15.077907085418701  seconds  1.9849630595393304 1.8569733050797659 11.45490909090909
13.782256841659546  seconds  1.9849630595393304 1.8569733050797659 14.727454545454545
13.632516145706177  seconds  1.9849630595393304 1.8569733050797659 18.0
13.254772186279297  seconds  1.9849630595393304 1.8569733050797659 0.1828080808080808
9.592921018600464  seconds  1.9849630595393304 1.8569733050797659 16.545535353535353
9.619881629943848  seconds  1.9849630595393304 1.8569733050797659 2.000888888888889
12.766498565673828  seconds  1.9849630595393304 1.8569733050797659 3.4553535353535354
15.492814302444458  seconds  1.9849630595393304 1.8569733050797659 5.091626262626263
12.033539295196533  seconds  1.9849630595393304 1.8569733050797659 6.72789898989899
12.312248468399048  seconds  1.9849630595393304 1.8569733050797659 13.272989898989898
12.655331134796143  seconds  1.9849630595393304 1.8569733050797659 8.364171717171716
12.090780973434448  seconds  1.9849630595393304 1.8569733050797659 14.909262626262626
12.846571445465088  seconds  1.9849630595393304 1.8569733050797659 11.636717171717171
14.600925922393799  seconds  1.9849630595393304 1.8569733050797659 10.000444444444444
9.17825174331665  seconds  1.9849630595393304 1.8569733050797659 16.727343434343435
11.953593015670776  seconds  1.9849630595393304 1.8569733050797659 0.3646161616161616
9.95211148262024  seconds  1.9849630595393304 1.8569733050797659 2.1826969696969694
11.721960544586182  seconds  1.9849630595393304 1.8569733050797659 3.6371616161616163
11.291972637176514  seconds  1.9849630595393304 1.8569733050797659 6.909707070707071
13.00764799118042  seconds  1.9849630595393304 1.8569733050797659 5.273434343434344
13.016469717025757  seconds  1.9849630595393304 1.8569733050797659 13.454797979797979
10.990084171295166  seconds  1.9849630595393304 1.8569733050797659 11.818525252525252
9.124190330505371  seconds  1.9849630595393304 1.8569733050797659 16.909151515151517
12.507157325744629  seconds  1.9849630595393304 1.8569733050797659 15.091070707070706
14.731135368347168  seconds  1.9849630595393304 1.8569733050797659 8.545979797979797
9.396109580993652  seconds  1.9849630595393304 1.8569733050797659 2.36450505050505
12.180670022964478  seconds  1.9849630595393304 1.8569733050797659 0.5464242424242424
14.932024478912354  seconds  1.9849630595393304 1.8569733050797659 10.182252525252524
12.395053386688232  seconds  1.9849630595393304 1.8569733050797659 3.8189696969696967
12.674191236495972  seconds  1.9849630595393304 1.8569733050797659 7.091515151515152
12.084384202957153  seconds  1.9849630595393304 1.8569733050797659 5.4552424242424244
9.598106145858765  seconds  1.9849630595393304 1.8569733050797659 17.090959595959596
12.50922179222107  seconds  1.9849630595393304 1.8569733050797659 12.000333333333332
9.509628772735596  seconds  1.9849630595393304 1.8569733050797659 2.546313131313131
14.486503839492798  seconds  1.9849630595393304 1.8569733050797659 13.63660606060606
15.457789182662964  seconds  1.9849630595393304 1.8569733050797659 15.272878787878787
12.084216594696045  seconds  1.9849630595393304 1.8569733050797659 0.7282323232323232
15.30210542678833  seconds  1.9849630595393304 1.8569733050797659 8.727787878787877
13.214396476745605  seconds  1.9849630595393304 1.8569733050797659 10.364060606060605
8.482014179229736  seconds  1.9849630595393304 1.8569733050797659 17.27276767676768
11.893866539001465  seconds  1.9849630595393304 1.8569733050797659 4.0007777777777775
11.898589849472046  seconds  1.9849630595393304 1.8569733050797659 5.637050505050506
9.526314973831177  seconds  1.9849630595393304 1.8569733050797659 2.728121212121212
14.572290182113647  seconds  1.9849630595393304 1.8569733050797659 7.273323232323233
12.866660356521606  seconds  1.9849630595393304 1.8569733050797659 12.182141414141414
11.892242431640625  seconds  1.9849630595393304 1.8569733050797659 13.818414141414141
9.477803707122803  seconds  1.9849630595393304 1.8569733050797659 17.454575757575757
11.878241539001465  seconds  1.9849630595393304 1.8569733050797659 0.9100404040404041
11.939741134643555  seconds  1.9849630595393304 1.8569733050797659 10.545868686868687
13.69080924987793  seconds  1.9849630595393304 1.8569733050797659 15.454686868686869
13.333725452423096  seconds  1.9849630595393304 1.8569733050797659 8.90959595959596
9.6000497341156  seconds  1.9849630595393304 1.8569733050797659 2.909929292929293
11.93739128112793  seconds  1.9849630595393304 1.8569733050797659 5.818858585858586
11.79271912574768  seconds  1.9849630595393304 1.8569733050797659 7.4551313131313135
15.0601806640625  seconds  1.9849630595393304 1.8569733050797659 4.182585858585859
12.33493161201477  seconds  1.9849630595393304 1.8569733050797659 14.000222222222222
9.844774723052979  seconds  1.9849630595393304 1.8569733050797659 17.63638383838384
13.433138847351074  seconds  1.9849630595393304 1.8569733050797659 12.363949494949495
11.604465246200562  seconds  1.9849630595393304 1.8569733050797659 1.0918484848484846
9.662615299224854  seconds  1.9849630595393304 1.8569733050797659 3.0917373737373737
12.2053542137146  seconds  1.9849630595393304 1.8569733050797659 10.727676767676767
12.255374670028687  seconds  1.9849630595393304 1.8569733050797659 15.63649494949495
11.532877206802368  seconds  1.9849630595393304 1.8569733050797659 9.09140404040404
11.716073274612427  seconds  1.9849630595393304 1.8569733050797659 6.000666666666667
11.260073900222778  seconds  1.9849630595393304 1.8569733050797659 7.636939393939394
9.68792462348938  seconds  1.9849630595393304 1.8569733050797659 17.81819191919192
12.925146579742432  seconds  1.9849630595393304 1.8569733050797659 4.364393939393939
11.788312435150146  seconds  1.9849630595393304 1.8569733050797659 12.545757575757575
12.159781694412231  seconds  1.9849630595393304 1.8569733050797659 14.182030303030302
11.429593563079834  seconds  1.9849630595393304 1.8569733050797659 1.2736565656565655
10.862277269363403  seconds  1.9849630595393304 1.8569733050797659 10.909484848484848
10.72061014175415  seconds  1.9849630595393304 1.8569733050797659 15.81830303030303
11.15640640258789  seconds  1.9849630595393304 1.8569733050797659 9.27321212121212
10.138586282730103  seconds  1.9849630595393304 1.8569733050797659 6.182474747474748
9.99507188796997  seconds  1.9849630595393304 1.8569733050797659 7.818747474747475
9.737876653671265  seconds  1.9849630595393304 1.8569733050797659 4.546202020202021
9.432053565979004  seconds  1.9849630595393304 1.8569733050797659 12.727565656565655
10.004335880279541  seconds  1.9849630595393304 1.8569733050797659 14.363838383838383
10.125447273254395  seconds  1.9849630595393304 1.8569733050797659 1.4554646464646463
9.840737581253052  seconds  1.9849630595393304 1.8569733050797659 11.091292929292928
10.025903940200806  seconds  1.9849630595393304 1.8569733050797659 16.00011111111111
9.708682298660278  seconds  1.9849630595393304 1.8569733050797659 9.4550202020202
9.311654329299927  seconds  1.9849630595393304 1.8569733050797659 6.364282828282828
10.012319326400757  seconds  1.9849630595393304 1.8569733050797659 8.000555555555556
9.507678747177124  seconds  1.9849630595393304 1.8569733050797659 4.728010101010101
8.974868535995483  seconds  1.9849630595393304 1.8569733050797659 12.909373737373738
10.0016348361969  seconds  1.9849630595393304 1.8569733050797659 14.545646464646465
9.207873582839966  seconds  1.9849630595393304 1.8569733050797659 11.27310101010101
9.236987113952637  seconds  1.9849630595393304 1.8569733050797659 16.181919191919192
9.211500883102417  seconds  1.9849630595393304 1.8569733050797659 9.636828282828283
time for calc.... 118.69148087501526
Successfully created the directory dir_T_9.0_fit_SF_func_2021-11-09-22:06:53 
 plotting data from the run ...
saving data from the run ...
879.96user 311.42system 2:10.20elapsed 914%CPU (0avgtext+0avgdata 2981348maxresident)k
0inputs+536outputs (65major+10422717minor)pagefaults 0swaps
