reading lattice from... ./Lattices/sqKgridX6000.npy
reading lattice from... ./Lattices/sqKgridY6000.npy
starting sampling in reciprocal space....
 finished sampling in reciprocal space.... 0.05439448356628418
started calculating filling for chemical potential and dispersion parameters TB_single_band..
reading lattice from... ./Lattices/KgridX400.npy
reading lattice from... ./Lattices/KgridY400.npy
reading lattice from... ./Lattices/KgridX400.npy
reading lattice from... ./Lattices/KgridY400.npy
finished calculating filling for chemical potential
Filling: 0.5021914101708863 .... chemical potential: 29.41164495334965
The fermi energy in mev is: 3064.1164088176356, and in units of J: 296.3362097502549, the bandwidth is:494.39071566731144
reading lattice from... ./Lattices/KgridX6000.npy
reading lattice from... ./Lattices/KgridY6000.npy
reading lattice from... ./Lattices/sqKgridX6000.npy
reading lattice from... ./Lattices/sqKgridY6000.npy
energy at the point.. 2.616965833149795 -0.012168622338113444  is  4.813565695371835e-06
the angle is  -0.0046498637787463866
200 the fermi surface points 10 chunk numtheads
starting with calculation of Sigma
66.11780953407288  seconds  2.616965833149795 -0.012168622338113444 0.0
69.19915390014648  seconds  2.616965833149795 -0.012168622338113444 1.0
66.82252597808838  seconds  2.616965833149795 -0.012168622338113444 2.0
69.22204351425171  seconds  2.616965833149795 -0.012168622338113444 3.0
65.39732527732849  seconds  2.616965833149795 -0.012168622338113444 5.0
71.54924845695496  seconds  2.616965833149795 -0.012168622338113444 4.0
63.629759073257446  seconds  2.616965833149795 -0.012168622338113444 7.0
74.37350416183472  seconds  2.616965833149795 -0.012168622338113444 6.0
74.26057958602905  seconds  2.616965833149795 -0.012168622338113444 8.0
69.40746665000916  seconds  2.616965833149795 -0.012168622338113444 9.0
76.91396188735962  seconds  2.616965833149795 -0.012168622338113444 10.0
73.39292860031128  seconds  2.616965833149795 -0.012168622338113444 0.1
80.5794427394867  seconds  2.616965833149795 -0.012168622338113444 11.0
78.38022661209106  seconds  2.616965833149795 -0.012168622338113444 12.0
69.3992567062378  seconds  2.616965833149795 -0.012168622338113444 2.1
78.79665732383728  seconds  2.616965833149795 -0.012168622338113444 13.0
73.43063068389893  seconds  2.616965833149795 -0.012168622338113444 14.0
78.64546275138855  seconds  2.616965833149795 -0.012168622338113444 1.1
70.55709481239319  seconds  2.616965833149795 -0.012168622338113444 5.1000000000000005
80.65304708480835  seconds  2.616965833149795 -0.012168622338113444 3.1
81.34265327453613  seconds  2.616965833149795 -0.012168622338113444 15.0
70.61939597129822  seconds  2.616965833149795 -0.012168622338113444 7.1000000000000005
81.05245113372803  seconds  2.616965833149795 -0.012168622338113444 16.0
80.35310435295105  seconds  2.616965833149795 -0.012168622338113444 4.1000000000000005
71.32218194007874  seconds  2.616965833149795 -0.012168622338113444 18.0
79.26014351844788  seconds  2.616965833149795 -0.012168622338113444 17.0
79.41713380813599  seconds  2.616965833149795 -0.012168622338113444 6.1000000000000005
70.0303041934967  seconds  2.616965833149795 -0.012168622338113444 9.1
78.70061469078064  seconds  2.616965833149795 -0.012168622338113444 19.0
80.01607632637024  seconds  2.616965833149795 -0.012168622338113444 8.1
70.36059975624084  seconds  2.616965833149795 -0.012168622338113444 0.2
81.0884895324707  seconds  2.616965833149795 -0.012168622338113444 10.100000000000001
73.85668540000916  seconds  2.616965833149795 -0.012168622338113444 11.100000000000001
71.22063040733337  seconds  2.616965833149795 -0.012168622338113444 2.2
71.37449836730957  seconds  2.616965833149795 -0.012168622338113444 14.100000000000001
79.51629209518433  seconds  2.616965833149795 -0.012168622338113444 12.100000000000001
78.14992499351501  seconds  2.616965833149795 -0.012168622338113444 13.100000000000001
77.70118165016174  seconds  2.616965833149795 -0.012168622338113444 1.2000000000000002
71.63335680961609  seconds  2.616965833149795 -0.012168622338113444 5.2
71.19170832633972  seconds  2.616965833149795 -0.012168622338113444 7.2
77.67807340621948  seconds  2.616965833149795 -0.012168622338113444 3.2
78.63777661323547  seconds  2.616965833149795 -0.012168622338113444 15.100000000000001
70.97073602676392  seconds  2.616965833149795 -0.012168622338113444 18.1
79.34659242630005  seconds  2.616965833149795 -0.012168622338113444 16.1
79.17805862426758  seconds  2.616965833149795 -0.012168622338113444 4.2
80.32150149345398  seconds  2.616965833149795 -0.012168622338113444 17.1
71.06339883804321  seconds  2.616965833149795 -0.012168622338113444 9.200000000000001
79.34131073951721  seconds  2.616965833149795 -0.012168622338113444 6.2
79.87409949302673  seconds  2.616965833149795 -0.012168622338113444 19.1
80.35949492454529  seconds  2.616965833149795 -0.012168622338113444 8.200000000000001
71.03844499588013  seconds  2.616965833149795 -0.012168622338113444 0.30000000000000004
71.87559199333191  seconds  2.616965833149795 -0.012168622338113444 11.200000000000001
70.99880814552307  seconds  2.616965833149795 -0.012168622338113444 2.3000000000000003
79.46636509895325  seconds  2.616965833149795 -0.012168622338113444 10.200000000000001
71.06496572494507  seconds  2.616965833149795 -0.012168622338113444 14.200000000000001
79.67783117294312  seconds  2.616965833149795 -0.012168622338113444 12.200000000000001
70.33380103111267  seconds  2.616965833149795 -0.012168622338113444 5.300000000000001
79.53054594993591  seconds  2.616965833149795 -0.012168622338113444 13.200000000000001
78.18587803840637  seconds  2.616965833149795 -0.012168622338113444 1.3
70.96380543708801  seconds  2.616965833149795 -0.012168622338113444 7.300000000000001
70.47833514213562  seconds  2.616965833149795 -0.012168622338113444 18.2
80.39562726020813  seconds  2.616965833149795 -0.012168622338113444 3.3000000000000003
79.77643179893494  seconds  2.616965833149795 -0.012168622338113444 15.200000000000001
70.65909957885742  seconds  2.616965833149795 -0.012168622338113444 9.3
79.56658172607422  seconds  2.616965833149795 -0.012168622338113444 16.2
78.75160074234009  seconds  2.616965833149795 -0.012168622338113444 4.3
78.35079884529114  seconds  2.616965833149795 -0.012168622338113444 17.2
79.81986284255981  seconds  2.616965833149795 -0.012168622338113444 6.300000000000001
79.52556681632996  seconds  2.616965833149795 -0.012168622338113444 19.200000000000003
72.70936632156372  seconds  2.616965833149795 -0.012168622338113444 0.4
79.31538510322571  seconds  2.616965833149795 -0.012168622338113444 8.3
71.12792634963989  seconds  2.616965833149795 -0.012168622338113444 11.3
70.75066018104553  seconds  2.616965833149795 -0.012168622338113444 2.4000000000000004
71.44032669067383  seconds  2.616965833149795 -0.012168622338113444 14.3
78.96047401428223  seconds  2.616965833149795 -0.012168622338113444 10.3
71.09541010856628  seconds  2.616965833149795 -0.012168622338113444 5.4
78.86292672157288  seconds  2.616965833149795 -0.012168622338113444 12.3
72.07256412506104  seconds  2.616965833149795 -0.012168622338113444 7.4
78.7891492843628  seconds  2.616965833149795 -0.012168622338113444 13.3
72.04169034957886  seconds  2.616965833149795 -0.012168622338113444 18.3
79.28265261650085  seconds  2.616965833149795 -0.012168622338113444 1.4000000000000001
72.57790303230286  seconds  2.616965833149795 -0.012168622338113444 9.4
78.56173419952393  seconds  2.616965833149795 -0.012168622338113444 3.4000000000000004
78.61230969429016  seconds  2.616965833149795 -0.012168622338113444 15.3
79.48323965072632  seconds  2.616965833149795 -0.012168622338113444 4.4
79.80163717269897  seconds  2.616965833149795 -0.012168622338113444 16.3
84.63758158683777  seconds  2.616965833149795 -0.012168622338113444 17.3
79.01316094398499  seconds  2.616965833149795 -0.012168622338113444 6.4
71.28576135635376  seconds  2.616965833149795 -0.012168622338113444 0.5
78.91419196128845  seconds  2.616965833149795 -0.012168622338113444 19.3
72.10290217399597  seconds  2.616965833149795 -0.012168622338113444 11.4
71.22568941116333  seconds  2.616965833149795 -0.012168622338113444 2.5
79.62758564949036  seconds  2.616965833149795 -0.012168622338113444 8.4
70.94875025749207  seconds  2.616965833149795 -0.012168622338113444 14.4
71.57776689529419  seconds  2.616965833149795 -0.012168622338113444 5.5
80.12127661705017  seconds  2.616965833149795 -0.012168622338113444 10.4
71.62596344947815  seconds  2.616965833149795 -0.012168622338113444 7.5
71.48736047744751  seconds  2.616965833149795 -0.012168622338113444 18.400000000000002
80.0360426902771  seconds  2.616965833149795 -0.012168622338113444 12.4
79.48685455322266  seconds  2.616965833149795 -0.012168622338113444 13.4
79.65648174285889  seconds  2.616965833149795 -0.012168622338113444 1.5
72.2685775756836  seconds  2.616965833149795 -0.012168622338113444 9.5
79.12763667106628  seconds  2.616965833149795 -0.012168622338113444 3.5
79.07307577133179  seconds  2.616965833149795 -0.012168622338113444 15.4
79.79644274711609  seconds  2.616965833149795 -0.012168622338113444 16.400000000000002
80.18759346008301  seconds  2.616965833149795 -0.012168622338113444 4.5
73.92648410797119  seconds  2.616965833149795 -0.012168622338113444 0.6000000000000001
81.36580896377563  seconds  2.616965833149795 -0.012168622338113444 17.400000000000002
73.05084013938904  seconds  2.616965833149795 -0.012168622338113444 11.5
81.22088503837585  seconds  2.616965833149795 -0.012168622338113444 6.5
74.53678464889526  seconds  2.616965833149795 -0.012168622338113444 2.6
79.82715225219727  seconds  2.616965833149795 -0.012168622338113444 19.400000000000002
72.07321238517761  seconds  2.616965833149795 -0.012168622338113444 14.5
82.88752508163452  seconds  2.616965833149795 -0.012168622338113444 8.5
74.19837355613708  seconds  2.616965833149795 -0.012168622338113444 5.6000000000000005
78.97898268699646  seconds  2.616965833149795 -0.012168622338113444 10.5
76.54276943206787  seconds  2.616965833149795 -0.012168622338113444 7.6000000000000005
74.45031380653381  seconds  2.616965833149795 -0.012168622338113444 18.5
81.7771372795105  seconds  2.616965833149795 -0.012168622338113444 12.5
80.11852145195007  seconds  2.616965833149795 -0.012168622338113444 13.5
74.27841138839722  seconds  2.616965833149795 -0.012168622338113444 9.600000000000001
80.74430108070374  seconds  2.616965833149795 -0.012168622338113444 1.6
79.30800700187683  seconds  2.616965833149795 -0.012168622338113444 15.5
80.66566228866577  seconds  2.616965833149795 -0.012168622338113444 3.6
79.03455090522766  seconds  2.616965833149795 -0.012168622338113444 16.5
73.63812613487244  seconds  2.616965833149795 -0.012168622338113444 0.7000000000000001
84.51872730255127  seconds  2.616965833149795 -0.012168622338113444 4.6000000000000005
72.17209196090698  seconds  2.616965833149795 -0.012168622338113444 11.600000000000001
72.40322184562683  seconds  2.616965833149795 -0.012168622338113444 2.7
78.77944874763489  seconds  2.616965833149795 -0.012168622338113444 17.5
71.93529725074768  seconds  2.616965833149795 -0.012168622338113444 14.600000000000001
79.58660507202148  seconds  2.616965833149795 -0.012168622338113444 6.6000000000000005
79.87190461158752  seconds  2.616965833149795 -0.012168622338113444 19.5
70.54304552078247  seconds  2.616965833149795 -0.012168622338113444 5.7
78.77444434165955  seconds  2.616965833149795 -0.012168622338113444 8.6
71.41638135910034  seconds  2.616965833149795 -0.012168622338113444 7.7
71.91314506530762  seconds  2.616965833149795 -0.012168622338113444 18.6
78.13444185256958  seconds  2.616965833149795 -0.012168622338113444 10.600000000000001
71.43726634979248  seconds  2.616965833149795 -0.012168622338113444 9.700000000000001
78.83327269554138  seconds  2.616965833149795 -0.012168622338113444 13.600000000000001
78.11960077285767  seconds  2.616965833149795 -0.012168622338113444 1.7000000000000002
83.23151445388794  seconds  2.616965833149795 -0.012168622338113444 12.600000000000001
80.06149697303772  seconds  2.616965833149795 -0.012168622338113444 15.600000000000001
79.41094470024109  seconds  2.616965833149795 -0.012168622338113444 3.7
73.19499063491821  seconds  2.616965833149795 -0.012168622338113444 0.8
77.7939190864563  seconds  2.616965833149795 -0.012168622338113444 16.6
72.72566246986389  seconds  2.616965833149795 -0.012168622338113444 11.700000000000001
73.12705969810486  seconds  2.616965833149795 -0.012168622338113444 2.8000000000000003
72.90812039375305  seconds  2.616965833149795 -0.012168622338113444 14.700000000000001
80.41508555412292  seconds  2.616965833149795 -0.012168622338113444 4.7
79.97809600830078  seconds  2.616965833149795 -0.012168622338113444 17.6
72.81532955169678  seconds  2.616965833149795 -0.012168622338113444 5.800000000000001
81.4258394241333  seconds  2.616965833149795 -0.012168622338113444 6.7
80.26738286018372  seconds  2.616965833149795 -0.012168622338113444 19.6
72.44762086868286  seconds  2.616965833149795 -0.012168622338113444 7.800000000000001
72.22921657562256  seconds  2.616965833149795 -0.012168622338113444 18.7
80.24245715141296  seconds  2.616965833149795 -0.012168622338113444 8.700000000000001
78.91771984100342  seconds  2.616965833149795 -0.012168622338113444 10.700000000000001
72.68962836265564  seconds  2.616965833149795 -0.012168622338113444 9.8
79.8067717552185  seconds  2.616965833149795 -0.012168622338113444 13.700000000000001
80.0492103099823  seconds  2.616965833149795 -0.012168622338113444 12.700000000000001
83.0593523979187  seconds  2.616965833149795 -0.012168622338113444 1.8
71.29839944839478  seconds  2.616965833149795 -0.012168622338113444 0.9
71.43855428695679  seconds  2.616965833149795 -0.012168622338113444 11.8
78.36512613296509  seconds  2.616965833149795 -0.012168622338113444 3.8000000000000003
78.51473903656006  seconds  2.616965833149795 -0.012168622338113444 15.700000000000001
71.17274451255798  seconds  2.616965833149795 -0.012168622338113444 2.9000000000000004
71.56865668296814  seconds  2.616965833149795 -0.012168622338113444 14.8
79.64812541007996  seconds  2.616965833149795 -0.012168622338113444 16.7
77.15180349349976  seconds  2.616965833149795 -0.012168622338113444 4.800000000000001
69.44497895240784  seconds  2.616965833149795 -0.012168622338113444 5.9
77.1736249923706  seconds  2.616965833149795 -0.012168622338113444 17.7
78.99059224128723  seconds  2.616965833149795 -0.012168622338113444 6.800000000000001
79.78130912780762  seconds  2.616965833149795 -0.012168622338113444 19.700000000000003
70.04155707359314  seconds  2.616965833149795 -0.012168622338113444 18.8
71.26695704460144  seconds  2.616965833149795 -0.012168622338113444 7.9
77.91676092147827  seconds  2.616965833149795 -0.012168622338113444 8.8
69.64266085624695  seconds  2.616965833149795 -0.012168622338113444 9.9
78.36625361442566  seconds  2.616965833149795 -0.012168622338113444 10.8
76.4196560382843  seconds  2.616965833149795 -0.012168622338113444 13.8
75.15300869941711  seconds  2.616965833149795 -0.012168622338113444 12.8
76.00841164588928  seconds  2.616965833149795 -0.012168622338113444 1.9000000000000001
67.58007860183716  seconds  2.616965833149795 -0.012168622338113444 11.9
66.0340940952301  seconds  2.616965833149795 -0.012168622338113444 14.9
74.11755800247192  seconds  2.616965833149795 -0.012168622338113444 15.8
75.1200807094574  seconds  2.616965833149795 -0.012168622338113444 3.9000000000000004
75.237717628479  seconds  2.616965833149795 -0.012168622338113444 16.8
73.08690428733826  seconds  2.616965833149795 -0.012168622338113444 4.9
72.65485453605652  seconds  2.616965833149795 -0.012168622338113444 17.8
63.98127031326294  seconds  2.616965833149795 -0.012168622338113444 18.900000000000002
71.31202483177185  seconds  2.616965833149795 -0.012168622338113444 6.9
71.99831581115723  seconds  2.616965833149795 -0.012168622338113444 19.8
70.53973150253296  seconds  2.616965833149795 -0.012168622338113444 8.9
64.08905172348022  seconds  2.616965833149795 -0.012168622338113444 10.9
69.38958978652954  seconds  2.616965833149795 -0.012168622338113444 13.9
68.35950756072998  seconds  2.616965833149795 -0.012168622338113444 12.9
64.51574993133545  seconds  2.616965833149795 -0.012168622338113444 15.9
58.50909233093262  seconds  2.616965833149795 -0.012168622338113444 16.900000000000002
62.61632227897644  seconds  2.616965833149795 -0.012168622338113444 17.900000000000002
59.99019527435303  seconds  2.616965833149795 -0.012168622338113444 19.900000000000002
time for calc.... 884.3883466720581
 plotting data from the run ...
saving data from the run ...
energy at the point.. 2.61642751975197 0.2659713168187743  is  6.169288720769828e-06
the angle is  0.10130638257107663
200 the fermi surface points 10 chunk numtheads
starting with calculation of Sigma
64.84452414512634  seconds  2.61642751975197 0.2659713168187743 0.0
67.80362439155579  seconds  2.61642751975197 0.2659713168187743 1.0
68.89621329307556  seconds  2.61642751975197 0.2659713168187743 2.0
69.80805158615112  seconds  2.61642751975197 0.2659713168187743 3.0
71.48135924339294  seconds  2.61642751975197 0.2659713168187743 4.0
72.25391030311584  seconds  2.61642751975197 0.2659713168187743 5.0
65.21513557434082  seconds  2.61642751975197 0.2659713168187743 7.0
74.55678987503052  seconds  2.61642751975197 0.2659713168187743 6.0
72.83616256713867  seconds  2.61642751975197 0.2659713168187743 8.0
78.86593532562256  seconds  2.61642751975197 0.2659713168187743 9.0
77.94083666801453  seconds  2.61642751975197 0.2659713168187743 10.0
68.11555242538452  seconds  2.61642751975197 0.2659713168187743 0.1
79.4770975112915  seconds  2.61642751975197 0.2659713168187743 11.0
78.04136514663696  seconds  2.61642751975197 0.2659713168187743 12.0
70.88141083717346  seconds  2.61642751975197 0.2659713168187743 1.1
83.09538698196411  seconds  2.61642751975197 0.2659713168187743 13.0
79.54481029510498  seconds  2.61642751975197 0.2659713168187743 14.0
82.09384989738464  seconds  2.61642751975197 0.2659713168187743 2.1
83.68044114112854  seconds  2.61642751975197 0.2659713168187743 15.0
80.39144468307495  seconds  2.61642751975197 0.2659713168187743 3.1
83.3601291179657  seconds  2.61642751975197 0.2659713168187743 16.0
70.55788230895996  seconds  2.61642751975197 0.2659713168187743 7.1000000000000005
81.21304273605347  seconds  2.61642751975197 0.2659713168187743 4.1000000000000005
81.87499475479126  seconds  2.61642751975197 0.2659713168187743 17.0
82.14610958099365  seconds  2.61642751975197 0.2659713168187743 5.1000000000000005
70.28907322883606  seconds  2.61642751975197 0.2659713168187743 8.1
85.47373509407043  seconds  2.61642751975197 0.2659713168187743 18.0
81.07169795036316  seconds  2.61642751975197 0.2659713168187743 6.1000000000000005
82.8409059047699  seconds  2.61642751975197 0.2659713168187743 19.0
72.51706290245056  seconds  2.61642751975197 0.2659713168187743 10.100000000000001
71.71383857727051  seconds  2.61642751975197 0.2659713168187743 0.2
80.97177839279175  seconds  2.61642751975197 0.2659713168187743 9.1
71.3845272064209  seconds  2.61642751975197 0.2659713168187743 12.100000000000001
70.63957095146179  seconds  2.61642751975197 0.2659713168187743 1.2000000000000002
78.66540956497192  seconds  2.61642751975197 0.2659713168187743 11.100000000000001
80.00569009780884  seconds  2.61642751975197 0.2659713168187743 13.100000000000001
80.80761122703552  seconds  2.61642751975197 0.2659713168187743 14.100000000000001
73.90102481842041  seconds  2.61642751975197 0.2659713168187743 3.2
79.46057653427124  seconds  2.61642751975197 0.2659713168187743 2.2
72.5238287448883  seconds  2.61642751975197 0.2659713168187743 7.2
80.53044295310974  seconds  2.61642751975197 0.2659713168187743 15.100000000000001
79.82211422920227  seconds  2.61642751975197 0.2659713168187743 16.1
79.18412399291992  seconds  2.61642751975197 0.2659713168187743 4.2
79.99912285804749  seconds  2.61642751975197 0.2659713168187743 17.1
72.76522016525269  seconds  2.61642751975197 0.2659713168187743 8.200000000000001
74.16035413742065  seconds  2.61642751975197 0.2659713168187743 18.1
82.48184275627136  seconds  2.61642751975197 0.2659713168187743 5.2
79.89500951766968  seconds  2.61642751975197 0.2659713168187743 6.2
79.81091523170471  seconds  2.61642751975197 0.2659713168187743 19.1
73.1337718963623  seconds  2.61642751975197 0.2659713168187743 10.200000000000001
71.92982006072998  seconds  2.61642751975197 0.2659713168187743 0.30000000000000004
73.0053813457489  seconds  2.61642751975197 0.2659713168187743 12.200000000000001
72.49217438697815  seconds  2.61642751975197 0.2659713168187743 1.3
81.29933142662048  seconds  2.61642751975197 0.2659713168187743 9.200000000000001
80.66477084159851  seconds  2.61642751975197 0.2659713168187743 11.200000000000001
80.06459188461304  seconds  2.61642751975197 0.2659713168187743 13.200000000000001
72.75076365470886  seconds  2.61642751975197 0.2659713168187743 3.3000000000000003
79.3540985584259  seconds  2.61642751975197 0.2659713168187743 14.200000000000001
72.01543402671814  seconds  2.61642751975197 0.2659713168187743 7.300000000000001
80.50003004074097  seconds  2.61642751975197 0.2659713168187743 2.3000000000000003
81.9136917591095  seconds  2.61642751975197 0.2659713168187743 15.200000000000001
80.09627628326416  seconds  2.61642751975197 0.2659713168187743 16.2
73.75971722602844  seconds  2.61642751975197 0.2659713168187743 8.3
73.99101662635803  seconds  2.61642751975197 0.2659713168187743 18.2
82.41995882987976  seconds  2.61642751975197 0.2659713168187743 4.3
80.04393219947815  seconds  2.61642751975197 0.2659713168187743 17.2
82.5143985748291  seconds  2.61642751975197 0.2659713168187743 5.300000000000001
80.4901704788208  seconds  2.61642751975197 0.2659713168187743 6.300000000000001
72.12767839431763  seconds  2.61642751975197 0.2659713168187743 10.3
71.43167424201965  seconds  2.61642751975197 0.2659713168187743 0.4
80.48145914077759  seconds  2.61642751975197 0.2659713168187743 19.200000000000003
72.40716075897217  seconds  2.61642751975197 0.2659713168187743 12.3
71.8999297618866  seconds  2.61642751975197 0.2659713168187743 1.4000000000000001
79.94043183326721  seconds  2.61642751975197 0.2659713168187743 9.3
78.53094577789307  seconds  2.61642751975197 0.2659713168187743 11.3
72.39008021354675  seconds  2.61642751975197 0.2659713168187743 3.4000000000000004
71.59706830978394  seconds  2.61642751975197 0.2659713168187743 7.4
79.4740424156189  seconds  2.61642751975197 0.2659713168187743 14.3
81.81853199005127  seconds  2.61642751975197 0.2659713168187743 13.3
79.0489571094513  seconds  2.61642751975197 0.2659713168187743 2.4000000000000004
71.17636823654175  seconds  2.61642751975197 0.2659713168187743 8.4
78.77554082870483  seconds  2.61642751975197 0.2659713168187743 15.3
71.60256719589233  seconds  2.61642751975197 0.2659713168187743 18.3
80.2488968372345  seconds  2.61642751975197 0.2659713168187743 16.3
79.4340226650238  seconds  2.61642751975197 0.2659713168187743 4.4
78.79342889785767  seconds  2.61642751975197 0.2659713168187743 17.3
73.11296653747559  seconds  2.61642751975197 0.2659713168187743 10.4
72.47867774963379  seconds  2.61642751975197 0.2659713168187743 0.5
79.99302411079407  seconds  2.61642751975197 0.2659713168187743 6.4
82.3477213382721  seconds  2.61642751975197 0.2659713168187743 5.4
80.82840609550476  seconds  2.61642751975197 0.2659713168187743 19.3
73.56488704681396  seconds  2.61642751975197 0.2659713168187743 12.4
73.71237826347351  seconds  2.61642751975197 0.2659713168187743 1.5
79.17060923576355  seconds  2.61642751975197 0.2659713168187743 9.4
80.26417803764343  seconds  2.61642751975197 0.2659713168187743 11.4
72.16338109970093  seconds  2.61642751975197 0.2659713168187743 3.5
71.81776356697083  seconds  2.61642751975197 0.2659713168187743 7.5
79.43837833404541  seconds  2.61642751975197 0.2659713168187743 14.4
71.19235825538635  seconds  2.61642751975197 0.2659713168187743 8.5
71.36187624931335  seconds  2.61642751975197 0.2659713168187743 18.400000000000002
84.86316180229187  seconds  2.61642751975197 0.2659713168187743 13.4
80.70297598838806  seconds  2.61642751975197 0.2659713168187743 2.5
78.27843451499939  seconds  2.61642751975197 0.2659713168187743 15.4
78.9771089553833  seconds  2.61642751975197 0.2659713168187743 16.400000000000002
71.20506453514099  seconds  2.61642751975197 0.2659713168187743 10.5
71.63051748275757  seconds  2.61642751975197 0.2659713168187743 0.6000000000000001
79.47237014770508  seconds  2.61642751975197 0.2659713168187743 4.5
78.90931677818298  seconds  2.61642751975197 0.2659713168187743 17.400000000000002
71.34235286712646  seconds  2.61642751975197 0.2659713168187743 12.5
71.39270257949829  seconds  2.61642751975197 0.2659713168187743 1.6
78.0240728855133  seconds  2.61642751975197 0.2659713168187743 5.5
78.93936777114868  seconds  2.61642751975197 0.2659713168187743 6.5
79.75846982002258  seconds  2.61642751975197 0.2659713168187743 19.400000000000002
78.7762987613678  seconds  2.61642751975197 0.2659713168187743 9.5
72.5816638469696  seconds  2.61642751975197 0.2659713168187743 3.6
71.69545793533325  seconds  2.61642751975197 0.2659713168187743 7.6000000000000005
77.77225041389465  seconds  2.61642751975197 0.2659713168187743 11.5
74.23161053657532  seconds  2.61642751975197 0.2659713168187743 8.6
74.06579971313477  seconds  2.61642751975197 0.2659713168187743 18.5
80.0408227443695  seconds  2.61642751975197 0.2659713168187743 14.5
79.52126049995422  seconds  2.61642751975197 0.2659713168187743 2.6
80.18823337554932  seconds  2.61642751975197 0.2659713168187743 15.5
72.96042990684509  seconds  2.61642751975197 0.2659713168187743 10.600000000000001
73.39230990409851  seconds  2.61642751975197 0.2659713168187743 0.7000000000000001
87.9014503955841  seconds  2.61642751975197 0.2659713168187743 13.5
80.47582507133484  seconds  2.61642751975197 0.2659713168187743 16.5
79.59032988548279  seconds  2.61642751975197 0.2659713168187743 4.6000000000000005
79.22399520874023  seconds  2.61642751975197 0.2659713168187743 17.5
72.08517956733704  seconds  2.61642751975197 0.2659713168187743 1.7000000000000002
73.47752809524536  seconds  2.61642751975197 0.2659713168187743 12.600000000000001
80.08618974685669  seconds  2.61642751975197 0.2659713168187743 6.6000000000000005
80.31615257263184  seconds  2.61642751975197 0.2659713168187743 5.6000000000000005
79.8363242149353  seconds  2.61642751975197 0.2659713168187743 19.5
71.49174642562866  seconds  2.61642751975197 0.2659713168187743 3.7
71.67333674430847  seconds  2.61642751975197 0.2659713168187743 7.7
81.02110004425049  seconds  2.61642751975197 0.2659713168187743 9.600000000000001
79.48681902885437  seconds  2.61642751975197 0.2659713168187743 11.600000000000001
71.64968132972717  seconds  2.61642751975197 0.2659713168187743 8.700000000000001
72.52380204200745  seconds  2.61642751975197 0.2659713168187743 18.6
80.82479190826416  seconds  2.61642751975197 0.2659713168187743 14.600000000000001
72.58397555351257  seconds  2.61642751975197 0.2659713168187743 10.700000000000001
72.1475555896759  seconds  2.61642751975197 0.2659713168187743 0.8
79.3542206287384  seconds  2.61642751975197 0.2659713168187743 2.7
80.16778135299683  seconds  2.61642751975197 0.2659713168187743 15.600000000000001
81.75242805480957  seconds  2.61642751975197 0.2659713168187743 13.600000000000001
73.01471948623657  seconds  2.61642751975197 0.2659713168187743 12.700000000000001
80.71603441238403  seconds  2.61642751975197 0.2659713168187743 16.6
73.68240261077881  seconds  2.61642751975197 0.2659713168187743 1.8
79.58137488365173  seconds  2.61642751975197 0.2659713168187743 4.7
80.57784748077393  seconds  2.61642751975197 0.2659713168187743 17.6
79.88316917419434  seconds  2.61642751975197 0.2659713168187743 6.7
79.82729983329773  seconds  2.61642751975197 0.2659713168187743 5.7
79.7516028881073  seconds  2.61642751975197 0.2659713168187743 19.6
72.61036443710327  seconds  2.61642751975197 0.2659713168187743 3.8000000000000003
72.28486847877502  seconds  2.61642751975197 0.2659713168187743 7.800000000000001
78.93843054771423  seconds  2.61642751975197 0.2659713168187743 9.700000000000001
72.55557084083557  seconds  2.61642751975197 0.2659713168187743 8.8
80.49533319473267  seconds  2.61642751975197 0.2659713168187743 11.700000000000001
71.37356948852539  seconds  2.61642751975197 0.2659713168187743 18.7
70.74554133415222  seconds  2.61642751975197 0.2659713168187743 10.8
70.77749061584473  seconds  2.61642751975197 0.2659713168187743 0.9
83.26345467567444  seconds  2.61642751975197 0.2659713168187743 14.700000000000001
78.52000665664673  seconds  2.61642751975197 0.2659713168187743 2.8000000000000003
70.83121538162231  seconds  2.61642751975197 0.2659713168187743 12.8
70.55826163291931  seconds  2.61642751975197 0.2659713168187743 1.9000000000000001
78.39037418365479  seconds  2.61642751975197 0.2659713168187743 15.700000000000001
79.1311457157135  seconds  2.61642751975197 0.2659713168187743 13.700000000000001
79.95280146598816  seconds  2.61642751975197 0.2659713168187743 16.7
78.266592502594  seconds  2.61642751975197 0.2659713168187743 4.800000000000001
78.8685040473938  seconds  2.61642751975197 0.2659713168187743 17.7
79.87753772735596  seconds  2.61642751975197 0.2659713168187743 5.800000000000001
80.17057704925537  seconds  2.61642751975197 0.2659713168187743 6.800000000000001
72.63377642631531  seconds  2.61642751975197 0.2659713168187743 3.9000000000000004
72.36589884757996  seconds  2.61642751975197 0.2659713168187743 7.9
81.7973940372467  seconds  2.61642751975197 0.2659713168187743 19.700000000000003
68.57021498680115  seconds  2.61642751975197 0.2659713168187743 8.9
78.83168244361877  seconds  2.61642751975197 0.2659713168187743 9.8
70.41350769996643  seconds  2.61642751975197 0.2659713168187743 18.8
80.49190783500671  seconds  2.61642751975197 0.2659713168187743 11.8
67.65175938606262  seconds  2.61642751975197 0.2659713168187743 10.9
67.0169837474823  seconds  2.61642751975197 0.2659713168187743 12.9
78.17907857894897  seconds  2.61642751975197 0.2659713168187743 14.8
73.21118211746216  seconds  2.61642751975197 0.2659713168187743 15.8
78.20886874198914  seconds  2.61642751975197 0.2659713168187743 2.9000000000000004
78.07018208503723  seconds  2.61642751975197 0.2659713168187743 13.8
77.61366033554077  seconds  2.61642751975197 0.2659713168187743 16.8
77.76368880271912  seconds  2.61642751975197 0.2659713168187743 4.9
77.31930994987488  seconds  2.61642751975197 0.2659713168187743 17.8
74.3269989490509  seconds  2.61642751975197 0.2659713168187743 6.9
74.81680750846863  seconds  2.61642751975197 0.2659713168187743 5.9
73.60882544517517  seconds  2.61642751975197 0.2659713168187743 19.8
62.710397720336914  seconds  2.61642751975197 0.2659713168187743 18.900000000000002
69.21020603179932  seconds  2.61642751975197 0.2659713168187743 9.9
69.4856071472168  seconds  2.61642751975197 0.2659713168187743 11.9
60.31563639640808  seconds  2.61642751975197 0.2659713168187743 15.9
67.44715023040771  seconds  2.61642751975197 0.2659713168187743 14.9
68.3360435962677  seconds  2.61642751975197 0.2659713168187743 13.9
67.09267377853394  seconds  2.61642751975197 0.2659713168187743 16.900000000000002
65.32074284553528  seconds  2.61642751975197 0.2659713168187743 17.900000000000002
61.59761714935303  seconds  2.61642751975197 0.2659713168187743 19.900000000000002
time for calc.... 892.1056580543518
 plotting data from the run ...
saving data from the run ...
energy at the point.. 2.612699153466239 0.5406345067362022  is  7.400112771449585e-06
the angle is  0.20404589651971108
200 the fermi surface points 10 chunk numtheads
starting with calculation of Sigma
64.77472639083862  seconds  2.612699153466239 0.5406345067362022 0.0
65.40645408630371  seconds  2.612699153466239 0.5406345067362022 1.0
65.69395732879639  seconds  2.612699153466239 0.5406345067362022 2.0
68.07600569725037  seconds  2.612699153466239 0.5406345067362022 3.0
62.7947895526886  seconds  2.612699153466239 0.5406345067362022 5.0
71.13517761230469  seconds  2.612699153466239 0.5406345067362022 4.0
65.47936415672302  seconds  2.612699153466239 0.5406345067362022 6.0
65.47758293151855  seconds  2.612699153466239 0.5406345067362022 8.0
74.54564929008484  seconds  2.612699153466239 0.5406345067362022 7.0
69.91283535957336  seconds  2.612699153466239 0.5406345067362022 9.0
77.730313539505  seconds  2.612699153466239 0.5406345067362022 10.0
77.73662495613098  seconds  2.612699153466239 0.5406345067362022 11.0
80.0562014579773  seconds  2.612699153466239 0.5406345067362022 12.0
79.57858562469482  seconds  2.612699153466239 0.5406345067362022 0.1
79.39420962333679  seconds  2.612699153466239 0.5406345067362022 13.0
71.82003378868103  seconds  2.612699153466239 0.5406345067362022 2.1
78.96172142028809  seconds  2.612699153466239 0.5406345067362022 1.1
78.544513463974  seconds  2.612699153466239 0.5406345067362022 14.0
68.39611577987671  seconds  2.612699153466239 0.5406345067362022 5.1000000000000005
76.36406064033508  seconds  2.612699153466239 0.5406345067362022 3.1
81.49720215797424  seconds  2.612699153466239 0.5406345067362022 15.0
69.09488320350647  seconds  2.612699153466239 0.5406345067362022 6.1000000000000005
77.86450457572937  seconds  2.612699153466239 0.5406345067362022 16.0
79.46689057350159  seconds  2.612699153466239 0.5406345067362022 4.1000000000000005
79.078786611557  seconds  2.612699153466239 0.5406345067362022 17.0
71.04928660392761  seconds  2.612699153466239 0.5406345067362022 8.1
79.54854106903076  seconds  2.612699153466239 0.5406345067362022 18.0
78.18029117584229  seconds  2.612699153466239 0.5406345067362022 19.0
70.90874767303467  seconds  2.612699153466239 0.5406345067362022 9.1
78.41023540496826  seconds  2.612699153466239 0.5406345067362022 7.1000000000000005
78.07080698013306  seconds  2.612699153466239 0.5406345067362022 10.100000000000001
77.85503149032593  seconds  2.612699153466239 0.5406345067362022 11.100000000000001
71.58261442184448  seconds  2.612699153466239 0.5406345067362022 13.100000000000001
71.56249904632568  seconds  2.612699153466239 0.5406345067362022 2.2
77.55115747451782  seconds  2.612699153466239 0.5406345067362022 12.100000000000001
77.92807841300964  seconds  2.612699153466239 0.5406345067362022 0.2
75.825838804245  seconds  2.612699153466239 0.5406345067362022 14.100000000000001
77.87214803695679  seconds  2.612699153466239 0.5406345067362022 1.2000000000000002
72.11226963996887  seconds  2.612699153466239 0.5406345067362022 5.2
72.34928297996521  seconds  2.612699153466239 0.5406345067362022 3.2
72.76254105567932  seconds  2.612699153466239 0.5406345067362022 15.100000000000001
71.86955046653748  seconds  2.612699153466239 0.5406345067362022 6.2
77.5130684375763  seconds  2.612699153466239 0.5406345067362022 16.1
76.70668268203735  seconds  2.612699153466239 0.5406345067362022 4.2
71.33017873764038  seconds  2.612699153466239 0.5406345067362022 8.200000000000001
77.05298638343811  seconds  2.612699153466239 0.5406345067362022 17.1
77.45574402809143  seconds  2.612699153466239 0.5406345067362022 18.1
73.46808767318726  seconds  2.612699153466239 0.5406345067362022 9.200000000000001
77.85003709793091  seconds  2.612699153466239 0.5406345067362022 19.1
79.48919582366943  seconds  2.612699153466239 0.5406345067362022 7.2
79.02517414093018  seconds  2.612699153466239 0.5406345067362022 10.200000000000001
77.72185254096985  seconds  2.612699153466239 0.5406345067362022 11.200000000000001
72.95340871810913  seconds  2.612699153466239 0.5406345067362022 13.200000000000001
72.48653626441956  seconds  2.612699153466239 0.5406345067362022 2.3000000000000003
77.87278151512146  seconds  2.612699153466239 0.5406345067362022 12.200000000000001
77.50602889060974  seconds  2.612699153466239 0.5406345067362022 0.30000000000000004
73.6699013710022  seconds  2.612699153466239 0.5406345067362022 1.3
73.48312044143677  seconds  2.612699153466239 0.5406345067362022 5.300000000000001
73.07828187942505  seconds  2.612699153466239 0.5406345067362022 3.3000000000000003
78.43253636360168  seconds  2.612699153466239 0.5406345067362022 14.200000000000001
73.24023056030273  seconds  2.612699153466239 0.5406345067362022 15.200000000000001
71.87666630744934  seconds  2.612699153466239 0.5406345067362022 6.300000000000001
77.28102087974548  seconds  2.612699153466239 0.5406345067362022 16.2
71.79098677635193  seconds  2.612699153466239 0.5406345067362022 8.3
77.7048077583313  seconds  2.612699153466239 0.5406345067362022 4.3
77.24632906913757  seconds  2.612699153466239 0.5406345067362022 17.2
75.38600373268127  seconds  2.612699153466239 0.5406345067362022 18.2
71.30026578903198  seconds  2.612699153466239 0.5406345067362022 9.3
75.91197347640991  seconds  2.612699153466239 0.5406345067362022 19.200000000000003
77.15302848815918  seconds  2.612699153466239 0.5406345067362022 7.300000000000001
75.73718237876892  seconds  2.612699153466239 0.5406345067362022 10.3
71.28283739089966  seconds  2.612699153466239 0.5406345067362022 13.3
72.64447975158691  seconds  2.612699153466239 0.5406345067362022 2.4000000000000004
77.13132357597351  seconds  2.612699153466239 0.5406345067362022 11.3
73.16621041297913  seconds  2.612699153466239 0.5406345067362022 1.4000000000000001
72.83863472938538  seconds  2.612699153466239 0.5406345067362022 5.4
77.29221272468567  seconds  2.612699153466239 0.5406345067362022 12.3
73.25324320793152  seconds  2.612699153466239 0.5406345067362022 3.4000000000000004
72.5777268409729  seconds  2.612699153466239 0.5406345067362022 15.3
78.25422954559326  seconds  2.612699153466239 0.5406345067362022 0.4
72.53299450874329  seconds  2.612699153466239 0.5406345067362022 6.4
77.45716762542725  seconds  2.612699153466239 0.5406345067362022 14.3
72.73898887634277  seconds  2.612699153466239 0.5406345067362022 8.4
76.63553047180176  seconds  2.612699153466239 0.5406345067362022 16.3
76.97127485275269  seconds  2.612699153466239 0.5406345067362022 4.4
76.9953179359436  seconds  2.612699153466239 0.5406345067362022 17.3
72.85363531112671  seconds  2.612699153466239 0.5406345067362022 9.4
78.0121865272522  seconds  2.612699153466239 0.5406345067362022 18.3
76.76719355583191  seconds  2.612699153466239 0.5406345067362022 19.3
77.92649340629578  seconds  2.612699153466239 0.5406345067362022 7.4
73.3639497756958  seconds  2.612699153466239 0.5406345067362022 13.4
73.52542901039124  seconds  2.612699153466239 0.5406345067362022 2.5
77.76769351959229  seconds  2.612699153466239 0.5406345067362022 10.4
76.2739007472992  seconds  2.612699153466239 0.5406345067362022 11.4
73.87385654449463  seconds  2.612699153466239 0.5406345067362022 1.5
74.21120500564575  seconds  2.612699153466239 0.5406345067362022 5.5
72.69445371627808  seconds  2.612699153466239 0.5406345067362022 3.5
77.15937352180481  seconds  2.612699153466239 0.5406345067362022 12.4
73.99737691879272  seconds  2.612699153466239 0.5406345067362022 15.4
73.4372148513794  seconds  2.612699153466239 0.5406345067362022 6.5
77.69889044761658  seconds  2.612699153466239 0.5406345067362022 0.5
77.29936456680298  seconds  2.612699153466239 0.5406345067362022 14.4
72.12423062324524  seconds  2.612699153466239 0.5406345067362022 8.5
77.1401309967041  seconds  2.612699153466239 0.5406345067362022 16.400000000000002
72.76324367523193  seconds  2.612699153466239 0.5406345067362022 9.5
77.4987440109253  seconds  2.612699153466239 0.5406345067362022 4.5
77.13585114479065  seconds  2.612699153466239 0.5406345067362022 17.400000000000002
76.36296010017395  seconds  2.612699153466239 0.5406345067362022 18.400000000000002
77.19650626182556  seconds  2.612699153466239 0.5406345067362022 19.400000000000002
76.25666689872742  seconds  2.612699153466239 0.5406345067362022 7.5
71.38290643692017  seconds  2.612699153466239 0.5406345067362022 13.5
71.45819878578186  seconds  2.612699153466239 0.5406345067362022 2.6
76.47069454193115  seconds  2.612699153466239 0.5406345067362022 10.5
77.11743712425232  seconds  2.612699153466239 0.5406345067362022 11.5
72.93089771270752  seconds  2.612699153466239 0.5406345067362022 1.6
72.93607759475708  seconds  2.612699153466239 0.5406345067362022 5.6000000000000005
74.24414587020874  seconds  2.612699153466239 0.5406345067362022 3.6
74.54209876060486  seconds  2.612699153466239 0.5406345067362022 15.5
73.78097224235535  seconds  2.612699153466239 0.5406345067362022 6.6000000000000005
77.91097331047058  seconds  2.612699153466239 0.5406345067362022 12.5
78.07534956932068  seconds  2.612699153466239 0.5406345067362022 0.6000000000000001
71.51300644874573  seconds  2.612699153466239 0.5406345067362022 8.6
77.00531077384949  seconds  2.612699153466239 0.5406345067362022 14.5
72.50168251991272  seconds  2.612699153466239 0.5406345067362022 9.600000000000001
77.34574341773987  seconds  2.612699153466239 0.5406345067362022 16.5
77.51108360290527  seconds  2.612699153466239 0.5406345067362022 4.6000000000000005
77.39021134376526  seconds  2.612699153466239 0.5406345067362022 17.5
77.95245289802551  seconds  2.612699153466239 0.5406345067362022 18.5
77.50025606155396  seconds  2.612699153466239 0.5406345067362022 19.5
77.00237727165222  seconds  2.612699153466239 0.5406345067362022 7.6000000000000005
73.05273175239563  seconds  2.612699153466239 0.5406345067362022 13.600000000000001
72.83081674575806  seconds  2.612699153466239 0.5406345067362022 2.7
75.63937902450562  seconds  2.612699153466239 0.5406345067362022 10.600000000000001
72.0464825630188  seconds  2.612699153466239 0.5406345067362022 1.7000000000000002
71.62255501747131  seconds  2.612699153466239 0.5406345067362022 5.7
75.67698454856873  seconds  2.612699153466239 0.5406345067362022 11.600000000000001
71.59268736839294  seconds  2.612699153466239 0.5406345067362022 3.7
71.89160990715027  seconds  2.612699153466239 0.5406345067362022 15.600000000000001
71.93391513824463  seconds  2.612699153466239 0.5406345067362022 6.7
75.71402764320374  seconds  2.612699153466239 0.5406345067362022 12.600000000000001
70.84631896018982  seconds  2.612699153466239 0.5406345067362022 8.700000000000001
76.53179883956909  seconds  2.612699153466239 0.5406345067362022 0.7000000000000001
75.9006404876709  seconds  2.612699153466239 0.5406345067362022 14.600000000000001
71.95493960380554  seconds  2.612699153466239 0.5406345067362022 9.700000000000001
77.5607705116272  seconds  2.612699153466239 0.5406345067362022 16.6
78.2459192276001  seconds  2.612699153466239 0.5406345067362022 4.7
80.52197861671448  seconds  2.612699153466239 0.5406345067362022 17.6
79.3513195514679  seconds  2.612699153466239 0.5406345067362022 18.6
82.96359825134277  seconds  2.612699153466239 0.5406345067362022 19.6
80.49546360969543  seconds  2.612699153466239 0.5406345067362022 7.7
77.06408405303955  seconds  2.612699153466239 0.5406345067362022 13.700000000000001
76.54290795326233  seconds  2.612699153466239 0.5406345067362022 2.8000000000000003
79.4060971736908  seconds  2.612699153466239 0.5406345067362022 1.8
81.49117994308472  seconds  2.612699153466239 0.5406345067362022 10.700000000000001
80.06793880462646  seconds  2.612699153466239 0.5406345067362022 5.800000000000001
74.75782585144043  seconds  2.612699153466239 0.5406345067362022 15.700000000000001
78.9163146018982  seconds  2.612699153466239 0.5406345067362022 11.700000000000001
78.34322261810303  seconds  2.612699153466239 0.5406345067362022 3.8000000000000003
77.92574167251587  seconds  2.612699153466239 0.5406345067362022 6.800000000000001
78.58142924308777  seconds  2.612699153466239 0.5406345067362022 8.8
81.91112613677979  seconds  2.612699153466239 0.5406345067362022 12.700000000000001
80.68300700187683  seconds  2.612699153466239 0.5406345067362022 0.8
80.28142070770264  seconds  2.612699153466239 0.5406345067362022 14.700000000000001
76.4085636138916  seconds  2.612699153466239 0.5406345067362022 9.8
79.82325339317322  seconds  2.612699153466239 0.5406345067362022 16.7
77.75809597969055  seconds  2.612699153466239 0.5406345067362022 4.800000000000001
77.26663184165955  seconds  2.612699153466239 0.5406345067362022 17.7
75.67771434783936  seconds  2.612699153466239 0.5406345067362022 18.7
76.28827333450317  seconds  2.612699153466239 0.5406345067362022 19.700000000000003
71.95430517196655  seconds  2.612699153466239 0.5406345067362022 13.8
72.29061317443848  seconds  2.612699153466239 0.5406345067362022 2.9000000000000004
76.33163666725159  seconds  2.612699153466239 0.5406345067362022 7.800000000000001
72.07022452354431  seconds  2.612699153466239 0.5406345067362022 1.9000000000000001
72.75275158882141  seconds  2.612699153466239 0.5406345067362022 5.9
72.41389441490173  seconds  2.612699153466239 0.5406345067362022 15.8
72.72151160240173  seconds  2.612699153466239 0.5406345067362022 3.9000000000000004
77.74280428886414  seconds  2.612699153466239 0.5406345067362022 10.8
73.52132081985474  seconds  2.612699153466239 0.5406345067362022 6.9
78.09593176841736  seconds  2.612699153466239 0.5406345067362022 11.8
71.27471542358398  seconds  2.612699153466239 0.5406345067362022 8.9
77.09852433204651  seconds  2.612699153466239 0.5406345067362022 12.8
71.71844244003296  seconds  2.612699153466239 0.5406345067362022 9.9
77.2545874118805  seconds  2.612699153466239 0.5406345067362022 0.9
76.24888324737549  seconds  2.612699153466239 0.5406345067362022 14.8
74.23048400878906  seconds  2.612699153466239 0.5406345067362022 16.8
74.76251292228699  seconds  2.612699153466239 0.5406345067362022 4.9
73.90524196624756  seconds  2.612699153466239 0.5406345067362022 17.8
73.28496932983398  seconds  2.612699153466239 0.5406345067362022 18.8
67.34063386917114  seconds  2.612699153466239 0.5406345067362022 13.9
71.21762180328369  seconds  2.612699153466239 0.5406345067362022 19.8
70.94377660751343  seconds  2.612699153466239 0.5406345067362022 7.9
64.17397165298462  seconds  2.612699153466239 0.5406345067362022 15.9
65.45326542854309  seconds  2.612699153466239 0.5406345067362022 10.9
63.640180349349976  seconds  2.612699153466239 0.5406345067362022 11.9
65.29978251457214  seconds  2.612699153466239 0.5406345067362022 12.9
64.54654622077942  seconds  2.612699153466239 0.5406345067362022 14.9
64.17590689659119  seconds  2.612699153466239 0.5406345067362022 16.900000000000002
59.81100583076477  seconds  2.612699153466239 0.5406345067362022 18.900000000000002
61.83822011947632  seconds  2.612699153466239 0.5406345067362022 17.900000000000002
60.071011781692505  seconds  2.612699153466239 0.5406345067362022 19.900000000000002
time for calc.... 865.3969240188599
 plotting data from the run ...
saving data from the run ...
energy at the point.. 2.5966539165555025 0.8378965667101266  is  1.0400959698841916e-05
the angle is  0.3121349978541341
200 the fermi surface points 10 chunk numtheads
starting with calculation of Sigma
66.21663570404053  seconds  2.5966539165555025 0.8378965667101266 0.0
67.60011577606201  seconds  2.5966539165555025 0.8378965667101266 1.0
69.95656752586365  seconds  2.5966539165555025 0.8378965667101266 2.0
65.22170853614807  seconds  2.5966539165555025 0.8378965667101266 3.0
69.471200466156  seconds  2.5966539165555025 0.8378965667101266 4.0
71.47360491752625  seconds  2.5966539165555025 0.8378965667101266 5.0
66.56637144088745  seconds  2.5966539165555025 0.8378965667101266 6.0
74.09621167182922  seconds  2.5966539165555025 0.8378965667101266 7.0
73.34431862831116  seconds  2.5966539165555025 0.8378965667101266 8.0
74.4071946144104  seconds  2.5966539165555025 0.8378965667101266 9.0
75.22457981109619  seconds  2.5966539165555025 0.8378965667101266 10.0
69.66758227348328  seconds  2.5966539165555025 0.8378965667101266 12.0
80.05717396736145  seconds  2.5966539165555025 0.8378965667101266 11.0
76.13893532752991  seconds  2.5966539165555025 0.8378965667101266 0.1
79.58166742324829  seconds  2.5966539165555025 0.8378965667101266 13.0
75.37008905410767  seconds  2.5966539165555025 0.8378965667101266 1.1
70.98479342460632  seconds  2.5966539165555025 0.8378965667101266 3.1
71.84908103942871  seconds  2.5966539165555025 0.8378965667101266 2.1
78.86751413345337  seconds  2.5966539165555025 0.8378965667101266 14.0
79.28318357467651  seconds  2.5966539165555025 0.8378965667101266 15.0
71.80566835403442  seconds  2.5966539165555025 0.8378965667101266 4.1000000000000005
73.57203149795532  seconds  2.5966539165555025 0.8378965667101266 17.0
80.92970776557922  seconds  2.5966539165555025 0.8378965667101266 16.0
72.14068293571472  seconds  2.5966539165555025 0.8378965667101266 6.1000000000000005
77.77666211128235  seconds  2.5966539165555025 0.8378965667101266 5.1000000000000005
78.40724730491638  seconds  2.5966539165555025 0.8378965667101266 18.0
77.84266138076782  seconds  2.5966539165555025 0.8378965667101266 19.0
74.60637664794922  seconds  2.5966539165555025 0.8378965667101266 7.1000000000000005
78.51106643676758  seconds  2.5966539165555025 0.8378965667101266 8.1
76.9086844921112  seconds  2.5966539165555025 0.8378965667101266 9.1
75.62170886993408  seconds  2.5966539165555025 0.8378965667101266 10.100000000000001
72.52539229393005  seconds  2.5966539165555025 0.8378965667101266 12.100000000000001
73.69589066505432  seconds  2.5966539165555025 0.8378965667101266 11.100000000000001
76.94214820861816  seconds  2.5966539165555025 0.8378965667101266 0.2
72.40735292434692  seconds  2.5966539165555025 0.8378965667101266 3.2
71.91057968139648  seconds  2.5966539165555025 0.8378965667101266 2.2
76.71730732917786  seconds  2.5966539165555025 0.8378965667101266 13.100000000000001
77.53687047958374  seconds  2.5966539165555025 0.8378965667101266 1.2000000000000002
76.72606897354126  seconds  2.5966539165555025 0.8378965667101266 14.100000000000001
71.26070141792297  seconds  2.5966539165555025 0.8378965667101266 4.2
76.26704740524292  seconds  2.5966539165555025 0.8378965667101266 15.100000000000001
72.8533947467804  seconds  2.5966539165555025 0.8378965667101266 17.1
72.47633123397827  seconds  2.5966539165555025 0.8378965667101266 16.1
72.19768691062927  seconds  2.5966539165555025 0.8378965667101266 6.2
76.43674850463867  seconds  2.5966539165555025 0.8378965667101266 5.2
76.30501556396484  seconds  2.5966539165555025 0.8378965667101266 18.1
70.97614312171936  seconds  2.5966539165555025 0.8378965667101266 7.2
75.29659366607666  seconds  2.5966539165555025 0.8378965667101266 19.1
75.83060002326965  seconds  2.5966539165555025 0.8378965667101266 8.200000000000001
76.20967435836792  seconds  2.5966539165555025 0.8378965667101266 9.200000000000001
72.03938102722168  seconds  2.5966539165555025 0.8378965667101266 12.200000000000001
75.39559316635132  seconds  2.5966539165555025 0.8378965667101266 10.200000000000001
71.70824384689331  seconds  2.5966539165555025 0.8378965667101266 11.200000000000001
75.07907724380493  seconds  2.5966539165555025 0.8378965667101266 0.30000000000000004
71.7185230255127  seconds  2.5966539165555025 0.8378965667101266 2.3000000000000003
72.38603782653809  seconds  2.5966539165555025 0.8378965667101266 3.3000000000000003
76.13122344017029  seconds  2.5966539165555025 0.8378965667101266 13.200000000000001
75.81585454940796  seconds  2.5966539165555025 0.8378965667101266 1.3
70.85391044616699  seconds  2.5966539165555025 0.8378965667101266 4.3
75.7435553073883  seconds  2.5966539165555025 0.8378965667101266 14.200000000000001
71.97359442710876  seconds  2.5966539165555025 0.8378965667101266 17.2
71.61564683914185  seconds  2.5966539165555025 0.8378965667101266 16.2
75.60301470756531  seconds  2.5966539165555025 0.8378965667101266 15.200000000000001
72.26902842521667  seconds  2.5966539165555025 0.8378965667101266 6.300000000000001
71.41496682167053  seconds  2.5966539165555025 0.8378965667101266 7.300000000000001
75.86391282081604  seconds  2.5966539165555025 0.8378965667101266 5.300000000000001
76.37838554382324  seconds  2.5966539165555025 0.8378965667101266 18.2
75.84691262245178  seconds  2.5966539165555025 0.8378965667101266 19.200000000000003
75.41552400588989  seconds  2.5966539165555025 0.8378965667101266 8.3
72.14457893371582  seconds  2.5966539165555025 0.8378965667101266 12.3
76.27174830436707  seconds  2.5966539165555025 0.8378965667101266 9.3
71.43805146217346  seconds  2.5966539165555025 0.8378965667101266 11.3
75.66155338287354  seconds  2.5966539165555025 0.8378965667101266 10.3
71.58301329612732  seconds  2.5966539165555025 0.8378965667101266 2.4000000000000004
71.67122769355774  seconds  2.5966539165555025 0.8378965667101266 3.4000000000000004
76.00146961212158  seconds  2.5966539165555025 0.8378965667101266 0.4
70.52705025672913  seconds  2.5966539165555025 0.8378965667101266 4.4
75.9822895526886  seconds  2.5966539165555025 0.8378965667101266 13.3
76.55652117729187  seconds  2.5966539165555025 0.8378965667101266 1.4000000000000001
76.46122884750366  seconds  2.5966539165555025 0.8378965667101266 14.3
71.85064697265625  seconds  2.5966539165555025 0.8378965667101266 17.3
72.22601652145386  seconds  2.5966539165555025 0.8378965667101266 16.3
71.23034477233887  seconds  2.5966539165555025 0.8378965667101266 6.4
76.04299187660217  seconds  2.5966539165555025 0.8378965667101266 15.3
71.35776114463806  seconds  2.5966539165555025 0.8378965667101266 7.4
78.04839587211609  seconds  2.5966539165555025 0.8378965667101266 5.4
76.82358980178833  seconds  2.5966539165555025 0.8378965667101266 18.3
78.2302474975586  seconds  2.5966539165555025 0.8378965667101266 19.3
76.30028748512268  seconds  2.5966539165555025 0.8378965667101266 8.4
73.27788186073303  seconds  2.5966539165555025 0.8378965667101266 12.4
71.73937010765076  seconds  2.5966539165555025 0.8378965667101266 11.4
76.11753058433533  seconds  2.5966539165555025 0.8378965667101266 9.4
76.9169671535492  seconds  2.5966539165555025 0.8378965667101266 10.4
72.90733647346497  seconds  2.5966539165555025 0.8378965667101266 2.5
73.29555535316467  seconds  2.5966539165555025 0.8378965667101266 3.5
72.21128296852112  seconds  2.5966539165555025 0.8378965667101266 4.5
77.01456117630005  seconds  2.5966539165555025 0.8378965667101266 0.5
78.3729236125946  seconds  2.5966539165555025 0.8378965667101266 13.4
72.3544499874115  seconds  2.5966539165555025 0.8378965667101266 16.400000000000002
77.69785070419312  seconds  2.5966539165555025 0.8378965667101266 1.5
74.59167408943176  seconds  2.5966539165555025 0.8378965667101266 17.400000000000002
71.65853548049927  seconds  2.5966539165555025 0.8378965667101266 6.5
78.03544998168945  seconds  2.5966539165555025 0.8378965667101266 14.4
76.46807622909546  seconds  2.5966539165555025 0.8378965667101266 15.4
70.90970540046692  seconds  2.5966539165555025 0.8378965667101266 7.5
76.25384950637817  seconds  2.5966539165555025 0.8378965667101266 18.400000000000002
76.59619426727295  seconds  2.5966539165555025 0.8378965667101266 5.5
76.34951210021973  seconds  2.5966539165555025 0.8378965667101266 19.400000000000002
71.83337640762329  seconds  2.5966539165555025 0.8378965667101266 12.5
71.27550220489502  seconds  2.5966539165555025 0.8378965667101266 11.5
76.49269390106201  seconds  2.5966539165555025 0.8378965667101266 8.5
76.17142963409424  seconds  2.5966539165555025 0.8378965667101266 9.5
76.06875443458557  seconds  2.5966539165555025 0.8378965667101266 10.5
71.51589226722717  seconds  2.5966539165555025 0.8378965667101266 2.6
72.32325744628906  seconds  2.5966539165555025 0.8378965667101266 3.6
70.98370480537415  seconds  2.5966539165555025 0.8378965667101266 4.6000000000000005
75.41648769378662  seconds  2.5966539165555025 0.8378965667101266 0.6000000000000001
71.5467426776886  seconds  2.5966539165555025 0.8378965667101266 16.5
71.93731617927551  seconds  2.5966539165555025 0.8378965667101266 17.5
71.85218954086304  seconds  2.5966539165555025 0.8378965667101266 6.6000000000000005
77.01454591751099  seconds  2.5966539165555025 0.8378965667101266 13.5
77.87572836875916  seconds  2.5966539165555025 0.8378965667101266 1.6
76.29421544075012  seconds  2.5966539165555025 0.8378965667101266 14.5
77.50709199905396  seconds  2.5966539165555025 0.8378965667101266 15.5
71.97509217262268  seconds  2.5966539165555025 0.8378965667101266 7.6000000000000005
76.72740507125854  seconds  2.5966539165555025 0.8378965667101266 18.5
76.93891263008118  seconds  2.5966539165555025 0.8378965667101266 5.6000000000000005
76.26552629470825  seconds  2.5966539165555025 0.8378965667101266 19.5
72.23303747177124  seconds  2.5966539165555025 0.8378965667101266 12.600000000000001
71.32937145233154  seconds  2.5966539165555025 0.8378965667101266 11.600000000000001
75.9624617099762  seconds  2.5966539165555025 0.8378965667101266 8.6
76.57429790496826  seconds  2.5966539165555025 0.8378965667101266 9.600000000000001
75.92569589614868  seconds  2.5966539165555025 0.8378965667101266 10.600000000000001
71.72511601448059  seconds  2.5966539165555025 0.8378965667101266 2.7
71.51865267753601  seconds  2.5966539165555025 0.8378965667101266 3.7
71.6569287776947  seconds  2.5966539165555025 0.8378965667101266 4.7
72.30083012580872  seconds  2.5966539165555025 0.8378965667101266 16.6
71.21087718009949  seconds  2.5966539165555025 0.8378965667101266 17.6
76.08818340301514  seconds  2.5966539165555025 0.8378965667101266 0.7000000000000001
71.15845108032227  seconds  2.5966539165555025 0.8378965667101266 6.7
75.5700511932373  seconds  2.5966539165555025 0.8378965667101266 13.600000000000001
75.56968522071838  seconds  2.5966539165555025 0.8378965667101266 1.7000000000000002
75.26421594619751  seconds  2.5966539165555025 0.8378965667101266 14.600000000000001
71.14023900032043  seconds  2.5966539165555025 0.8378965667101266 7.7
75.53918147087097  seconds  2.5966539165555025 0.8378965667101266 15.600000000000001
75.19833183288574  seconds  2.5966539165555025 0.8378965667101266 18.6
76.68527817726135  seconds  2.5966539165555025 0.8378965667101266 5.7
71.731525182724  seconds  2.5966539165555025 0.8378965667101266 12.700000000000001
75.74406599998474  seconds  2.5966539165555025 0.8378965667101266 19.6
71.56629753112793  seconds  2.5966539165555025 0.8378965667101266 11.700000000000001
75.05993485450745  seconds  2.5966539165555025 0.8378965667101266 8.700000000000001
76.30227398872375  seconds  2.5966539165555025 0.8378965667101266 9.700000000000001
72.59479713439941  seconds  2.5966539165555025 0.8378965667101266 2.8000000000000003
72.26862502098083  seconds  2.5966539165555025 0.8378965667101266 3.8000000000000003
77.47565913200378  seconds  2.5966539165555025 0.8378965667101266 10.700000000000001
72.43905282020569  seconds  2.5966539165555025 0.8378965667101266 4.800000000000001
71.76860737800598  seconds  2.5966539165555025 0.8378965667101266 16.7
71.61591696739197  seconds  2.5966539165555025 0.8378965667101266 17.7
71.83695793151855  seconds  2.5966539165555025 0.8378965667101266 6.800000000000001
74.95827722549438  seconds  2.5966539165555025 0.8378965667101266 0.8
71.91718006134033  seconds  2.5966539165555025 0.8378965667101266 7.800000000000001
77.77477097511292  seconds  2.5966539165555025 0.8378965667101266 13.700000000000001
76.99303221702576  seconds  2.5966539165555025 0.8378965667101266 1.8
77.19829726219177  seconds  2.5966539165555025 0.8378965667101266 14.700000000000001
76.09957814216614  seconds  2.5966539165555025 0.8378965667101266 15.700000000000001
76.13080263137817  seconds  2.5966539165555025 0.8378965667101266 18.7
72.11193108558655  seconds  2.5966539165555025 0.8378965667101266 12.8
76.1756112575531  seconds  2.5966539165555025 0.8378965667101266 5.800000000000001
72.31168365478516  seconds  2.5966539165555025 0.8378965667101266 11.8
76.23419618606567  seconds  2.5966539165555025 0.8378965667101266 19.700000000000003
75.28153133392334  seconds  2.5966539165555025 0.8378965667101266 8.8
71.22686195373535  seconds  2.5966539165555025 0.8378965667101266 2.9000000000000004
71.42561221122742  seconds  2.5966539165555025 0.8378965667101266 3.9000000000000004
75.40802764892578  seconds  2.5966539165555025 0.8378965667101266 9.8
70.99590682983398  seconds  2.5966539165555025 0.8378965667101266 4.9
74.50501656532288  seconds  2.5966539165555025 0.8378965667101266 10.8
71.33202743530273  seconds  2.5966539165555025 0.8378965667101266 16.8
71.18742275238037  seconds  2.5966539165555025 0.8378965667101266 17.8
70.76354122161865  seconds  2.5966539165555025 0.8378965667101266 6.9
75.74695897102356  seconds  2.5966539165555025 0.8378965667101266 0.9
68.90431523323059  seconds  2.5966539165555025 0.8378965667101266 7.9
75.5669686794281  seconds  2.5966539165555025 0.8378965667101266 13.8
74.25342345237732  seconds  2.5966539165555025 0.8378965667101266 1.9000000000000001
74.41336965560913  seconds  2.5966539165555025 0.8378965667101266 14.8
74.04816007614136  seconds  2.5966539165555025 0.8378965667101266 15.8
67.4413514137268  seconds  2.5966539165555025 0.8378965667101266 12.9
66.8231692314148  seconds  2.5966539165555025 0.8378965667101266 11.9
72.66071653366089  seconds  2.5966539165555025 0.8378965667101266 18.8
71.65401601791382  seconds  2.5966539165555025 0.8378965667101266 5.9
72.6833643913269  seconds  2.5966539165555025 0.8378965667101266 19.8
70.42582726478577  seconds  2.5966539165555025 0.8378965667101266 8.9
69.54004573822021  seconds  2.5966539165555025 0.8378965667101266 9.9
68.12007284164429  seconds  2.5966539165555025 0.8378965667101266 10.9
63.29762029647827  seconds  2.5966539165555025 0.8378965667101266 16.900000000000002
63.43582820892334  seconds  2.5966539165555025 0.8378965667101266 17.900000000000002
62.573625326156616  seconds  2.5966539165555025 0.8378965667101266 13.9
63.01201415061951  seconds  2.5966539165555025 0.8378965667101266 14.9
62.741865158081055  seconds  2.5966539165555025 0.8378965667101266 15.9
59.056169748306274  seconds  2.5966539165555025 0.8378965667101266 18.900000000000002
58.10688138008118  seconds  2.5966539165555025 0.8378965667101266 19.900000000000002
time for calc.... 852.3510382175446
 plotting data from the run ...
saving data from the run ...
energy at the point.. 2.5477213028327195 1.1368970013037814  is  9.295332997538708e-06
the angle is  0.4197233160056505
200 the fermi surface points 10 chunk numtheads
starting with calculation of Sigma
64.90999174118042  seconds  2.5477213028327195 1.1368970013037814 0.0
64.87483930587769  seconds  2.5477213028327195 1.1368970013037814 1.0
68.35527563095093  seconds  2.5477213028327195 1.1368970013037814 2.0
70.00393486022949  seconds  2.5477213028327195 1.1368970013037814 3.0
60.71382665634155  seconds  2.5477213028327195 1.1368970013037814 5.0
71.81370830535889  seconds  2.5477213028327195 1.1368970013037814 4.0
73.86347198486328  seconds  2.5477213028327195 1.1368970013037814 6.0
63.690510272979736  seconds  2.5477213028327195 1.1368970013037814 8.0
75.00151681900024  seconds  2.5477213028327195 1.1368970013037814 7.0
76.81969928741455  seconds  2.5477213028327195 1.1368970013037814 9.0
75.93273901939392  seconds  2.5477213028327195 1.1368970013037814 10.0
75.62545156478882  seconds  2.5477213028327195 1.1368970013037814 11.0
77.05890393257141  seconds  2.5477213028327195 1.1368970013037814 12.0
75.22260308265686  seconds  2.5477213028327195 1.1368970013037814 0.1
70.95444083213806  seconds  2.5477213028327195 1.1368970013037814 1.1
77.0806176662445  seconds  2.5477213028327195 1.1368970013037814 13.0
72.10719203948975  seconds  2.5477213028327195 1.1368970013037814 2.1
76.46078133583069  seconds  2.5477213028327195 1.1368970013037814 14.0
69.46591067314148  seconds  2.5477213028327195 1.1368970013037814 5.1000000000000005
75.26286268234253  seconds  2.5477213028327195 1.1368970013037814 15.0
77.30862092971802  seconds  2.5477213028327195 1.1368970013037814 3.1
77.24450278282166  seconds  2.5477213028327195 1.1368970013037814 16.0
76.65495657920837  seconds  2.5477213028327195 1.1368970013037814 4.1000000000000005
75.71422076225281  seconds  2.5477213028327195 1.1368970013037814 17.0
73.0003879070282  seconds  2.5477213028327195 1.1368970013037814 18.0
72.07162523269653  seconds  2.5477213028327195 1.1368970013037814 6.1000000000000005
71.99261856079102  seconds  2.5477213028327195 1.1368970013037814 8.1
76.33972358703613  seconds  2.5477213028327195 1.1368970013037814 19.0
76.46079087257385  seconds  2.5477213028327195 1.1368970013037814 7.1000000000000005
75.46848034858704  seconds  2.5477213028327195 1.1368970013037814 9.1
75.90037131309509  seconds  2.5477213028327195 1.1368970013037814 10.100000000000001
72.08375930786133  seconds  2.5477213028327195 1.1368970013037814 11.100000000000001
71.2049491405487  seconds  2.5477213028327195 1.1368970013037814 0.2
71.06090211868286  seconds  2.5477213028327195 1.1368970013037814 1.2000000000000002
75.57788705825806  seconds  2.5477213028327195 1.1368970013037814 12.100000000000001
73.57602262496948  seconds  2.5477213028327195 1.1368970013037814 13.100000000000001
70.7888925075531  seconds  2.5477213028327195 1.1368970013037814 2.2
71.25736546516418  seconds  2.5477213028327195 1.1368970013037814 5.2
75.7966296672821  seconds  2.5477213028327195 1.1368970013037814 14.100000000000001
75.32110142707825  seconds  2.5477213028327195 1.1368970013037814 15.100000000000001
75.50708413124084  seconds  2.5477213028327195 1.1368970013037814 3.2
76.30204272270203  seconds  2.5477213028327195 1.1368970013037814 16.1
75.2411253452301  seconds  2.5477213028327195 1.1368970013037814 4.2
72.07349896430969  seconds  2.5477213028327195 1.1368970013037814 18.1
76.16949582099915  seconds  2.5477213028327195 1.1368970013037814 17.1
72.21992921829224  seconds  2.5477213028327195 1.1368970013037814 8.200000000000001
72.53917479515076  seconds  2.5477213028327195 1.1368970013037814 6.2
75.17667365074158  seconds  2.5477213028327195 1.1368970013037814 19.1
75.83378481864929  seconds  2.5477213028327195 1.1368970013037814 7.2
75.6863317489624  seconds  2.5477213028327195 1.1368970013037814 9.200000000000001
71.500492811203  seconds  2.5477213028327195 1.1368970013037814 11.200000000000001
75.98699164390564  seconds  2.5477213028327195 1.1368970013037814 10.200000000000001
71.17631554603577  seconds  2.5477213028327195 1.1368970013037814 1.3
71.9097535610199  seconds  2.5477213028327195 1.1368970013037814 0.30000000000000004
75.26440834999084  seconds  2.5477213028327195 1.1368970013037814 12.200000000000001
71.14369034767151  seconds  2.5477213028327195 1.1368970013037814 13.200000000000001
71.311518907547  seconds  2.5477213028327195 1.1368970013037814 2.3000000000000003
71.11508774757385  seconds  2.5477213028327195 1.1368970013037814 5.300000000000001
75.76150274276733  seconds  2.5477213028327195 1.1368970013037814 14.200000000000001
75.47361779212952  seconds  2.5477213028327195 1.1368970013037814 15.200000000000001
76.35304236412048  seconds  2.5477213028327195 1.1368970013037814 3.3000000000000003
76.40067744255066  seconds  2.5477213028327195 1.1368970013037814 16.2
73.1889078617096  seconds  2.5477213028327195 1.1368970013037814 18.2
76.16865181922913  seconds  2.5477213028327195 1.1368970013037814 4.3
73.64078402519226  seconds  2.5477213028327195 1.1368970013037814 6.300000000000001
73.74003505706787  seconds  2.5477213028327195 1.1368970013037814 8.3
76.09808397293091  seconds  2.5477213028327195 1.1368970013037814 17.2
75.71124982833862  seconds  2.5477213028327195 1.1368970013037814 19.200000000000003
75.00396275520325  seconds  2.5477213028327195 1.1368970013037814 7.300000000000001
72.28105330467224  seconds  2.5477213028327195 1.1368970013037814 11.3
76.82415580749512  seconds  2.5477213028327195 1.1368970013037814 9.3
72.0773196220398  seconds  2.5477213028327195 1.1368970013037814 0.4
72.5267858505249  seconds  2.5477213028327195 1.1368970013037814 1.4000000000000001
76.44891381263733  seconds  2.5477213028327195 1.1368970013037814 10.3
72.59740900993347  seconds  2.5477213028327195 1.1368970013037814 13.3
71.55771589279175  seconds  2.5477213028327195 1.1368970013037814 2.4000000000000004
75.89188694953918  seconds  2.5477213028327195 1.1368970013037814 12.3
71.99452424049377  seconds  2.5477213028327195 1.1368970013037814 5.4
76.3720076084137  seconds  2.5477213028327195 1.1368970013037814 14.3
75.26991581916809  seconds  2.5477213028327195 1.1368970013037814 15.3
75.34179878234863  seconds  2.5477213028327195 1.1368970013037814 3.4000000000000004
71.24648022651672  seconds  2.5477213028327195 1.1368970013037814 18.3
71.86102032661438  seconds  2.5477213028327195 1.1368970013037814 6.4
71.8703920841217  seconds  2.5477213028327195 1.1368970013037814 8.4
76.21639609336853  seconds  2.5477213028327195 1.1368970013037814 16.3
76.244211435318  seconds  2.5477213028327195 1.1368970013037814 4.4
74.69625353813171  seconds  2.5477213028327195 1.1368970013037814 17.3
75.76426410675049  seconds  2.5477213028327195 1.1368970013037814 19.3
75.89652299880981  seconds  2.5477213028327195 1.1368970013037814 7.4
70.20569705963135  seconds  2.5477213028327195 1.1368970013037814 11.4
75.18176317214966  seconds  2.5477213028327195 1.1368970013037814 9.4
71.2361991405487  seconds  2.5477213028327195 1.1368970013037814 0.5
71.32305479049683  seconds  2.5477213028327195 1.1368970013037814 1.5
75.62732815742493  seconds  2.5477213028327195 1.1368970013037814 10.4
71.17583847045898  seconds  2.5477213028327195 1.1368970013037814 13.4
72.29550814628601  seconds  2.5477213028327195 1.1368970013037814 2.5
70.64922094345093  seconds  2.5477213028327195 1.1368970013037814 5.5
74.836754322052  seconds  2.5477213028327195 1.1368970013037814 12.4
75.40977835655212  seconds  2.5477213028327195 1.1368970013037814 14.4
75.6435432434082  seconds  2.5477213028327195 1.1368970013037814 15.4
71.30881476402283  seconds  2.5477213028327195 1.1368970013037814 18.400000000000002
74.9949460029602  seconds  2.5477213028327195 1.1368970013037814 3.5
72.36151623725891  seconds  2.5477213028327195 1.1368970013037814 8.5
72.49940514564514  seconds  2.5477213028327195 1.1368970013037814 6.5
75.62397408485413  seconds  2.5477213028327195 1.1368970013037814 16.400000000000002
76.57787322998047  seconds  2.5477213028327195 1.1368970013037814 4.5
75.40209794044495  seconds  2.5477213028327195 1.1368970013037814 17.400000000000002
74.9860668182373  seconds  2.5477213028327195 1.1368970013037814 19.400000000000002
75.44162392616272  seconds  2.5477213028327195 1.1368970013037814 7.5
70.65685248374939  seconds  2.5477213028327195 1.1368970013037814 11.5
71.49296998977661  seconds  2.5477213028327195 1.1368970013037814 0.6000000000000001
71.9136414527893  seconds  2.5477213028327195 1.1368970013037814 1.6
75.39746189117432  seconds  2.5477213028327195 1.1368970013037814 9.5
70.73073506355286  seconds  2.5477213028327195 1.1368970013037814 2.6
71.95845890045166  seconds  2.5477213028327195 1.1368970013037814 13.5
75.88985085487366  seconds  2.5477213028327195 1.1368970013037814 10.5
71.3319103717804  seconds  2.5477213028327195 1.1368970013037814 5.6000000000000005
75.89128398895264  seconds  2.5477213028327195 1.1368970013037814 12.5
75.61966896057129  seconds  2.5477213028327195 1.1368970013037814 14.5
72.28488206863403  seconds  2.5477213028327195 1.1368970013037814 18.5
75.1990134716034  seconds  2.5477213028327195 1.1368970013037814 15.5
72.60789132118225  seconds  2.5477213028327195 1.1368970013037814 6.6000000000000005
73.40550565719604  seconds  2.5477213028327195 1.1368970013037814 8.6
77.49033546447754  seconds  2.5477213028327195 1.1368970013037814 3.6
75.87443423271179  seconds  2.5477213028327195 1.1368970013037814 16.5
75.5330445766449  seconds  2.5477213028327195 1.1368970013037814 4.6000000000000005
75.51759624481201  seconds  2.5477213028327195 1.1368970013037814 17.5
71.60603427886963  seconds  2.5477213028327195 1.1368970013037814 11.600000000000001
76.3159704208374  seconds  2.5477213028327195 1.1368970013037814 19.5
75.95840430259705  seconds  2.5477213028327195 1.1368970013037814 7.6000000000000005
72.0931646823883  seconds  2.5477213028327195 1.1368970013037814 0.7000000000000001
71.5748519897461  seconds  2.5477213028327195 1.1368970013037814 1.7000000000000002
75.27601718902588  seconds  2.5477213028327195 1.1368970013037814 9.600000000000001
72.32854795455933  seconds  2.5477213028327195 1.1368970013037814 13.600000000000001
72.83920359611511  seconds  2.5477213028327195 1.1368970013037814 2.7
72.00740814208984  seconds  2.5477213028327195 1.1368970013037814 5.7
75.9778196811676  seconds  2.5477213028327195 1.1368970013037814 10.600000000000001
74.67130661010742  seconds  2.5477213028327195 1.1368970013037814 12.600000000000001
74.90718865394592  seconds  2.5477213028327195 1.1368970013037814 14.600000000000001
72.26374340057373  seconds  2.5477213028327195 1.1368970013037814 18.6
75.7825973033905  seconds  2.5477213028327195 1.1368970013037814 15.600000000000001
72.2067358493805  seconds  2.5477213028327195 1.1368970013037814 6.7
72.7861635684967  seconds  2.5477213028327195 1.1368970013037814 8.700000000000001
77.32170104980469  seconds  2.5477213028327195 1.1368970013037814 3.7
77.09901642799377  seconds  2.5477213028327195 1.1368970013037814 16.6
76.49549388885498  seconds  2.5477213028327195 1.1368970013037814 4.7
76.34414219856262  seconds  2.5477213028327195 1.1368970013037814 17.6
70.58152723312378  seconds  2.5477213028327195 1.1368970013037814 11.700000000000001
77.45517587661743  seconds  2.5477213028327195 1.1368970013037814 19.6
76.49773454666138  seconds  2.5477213028327195 1.1368970013037814 7.7
72.59571385383606  seconds  2.5477213028327195 1.1368970013037814 1.8
72.75649547576904  seconds  2.5477213028327195 1.1368970013037814 0.8
72.25757670402527  seconds  2.5477213028327195 1.1368970013037814 13.700000000000001
71.88712692260742  seconds  2.5477213028327195 1.1368970013037814 2.8000000000000003
76.2425229549408  seconds  2.5477213028327195 1.1368970013037814 9.700000000000001
72.05510568618774  seconds  2.5477213028327195 1.1368970013037814 5.800000000000001
76.08534216880798  seconds  2.5477213028327195 1.1368970013037814 10.700000000000001
75.07959055900574  seconds  2.5477213028327195 1.1368970013037814 12.700000000000001
71.3750638961792  seconds  2.5477213028327195 1.1368970013037814 18.7
74.51862263679504  seconds  2.5477213028327195 1.1368970013037814 14.700000000000001
71.00875687599182  seconds  2.5477213028327195 1.1368970013037814 6.800000000000001
71.44431948661804  seconds  2.5477213028327195 1.1368970013037814 8.8
74.44320750236511  seconds  2.5477213028327195 1.1368970013037814 15.700000000000001
75.28942537307739  seconds  2.5477213028327195 1.1368970013037814 3.8000000000000003
75.12611770629883  seconds  2.5477213028327195 1.1368970013037814 16.7
75.26666116714478  seconds  2.5477213028327195 1.1368970013037814 4.800000000000001
75.2816903591156  seconds  2.5477213028327195 1.1368970013037814 17.7
70.3323187828064  seconds  2.5477213028327195 1.1368970013037814 11.8
71.49748063087463  seconds  2.5477213028327195 1.1368970013037814 0.9
72.01572799682617  seconds  2.5477213028327195 1.1368970013037814 1.9000000000000001
76.28891324996948  seconds  2.5477213028327195 1.1368970013037814 19.700000000000003
75.37588047981262  seconds  2.5477213028327195 1.1368970013037814 7.800000000000001
71.69431352615356  seconds  2.5477213028327195 1.1368970013037814 2.9000000000000004
71.94549298286438  seconds  2.5477213028327195 1.1368970013037814 13.8
70.80589723587036  seconds  2.5477213028327195 1.1368970013037814 5.9
74.29807615280151  seconds  2.5477213028327195 1.1368970013037814 9.8
74.34813666343689  seconds  2.5477213028327195 1.1368970013037814 10.8
74.12396144866943  seconds  2.5477213028327195 1.1368970013037814 12.8
69.9495792388916  seconds  2.5477213028327195 1.1368970013037814 18.8
69.81935620307922  seconds  2.5477213028327195 1.1368970013037814 6.9
69.79929208755493  seconds  2.5477213028327195 1.1368970013037814 8.9
74.34790992736816  seconds  2.5477213028327195 1.1368970013037814 14.8
72.61447048187256  seconds  2.5477213028327195 1.1368970013037814 15.8
75.10079598426819  seconds  2.5477213028327195 1.1368970013037814 3.9000000000000004
67.72423720359802  seconds  2.5477213028327195 1.1368970013037814 11.9
74.43125486373901  seconds  2.5477213028327195 1.1368970013037814 16.8
75.11804246902466  seconds  2.5477213028327195 1.1368970013037814 4.9
75.11469507217407  seconds  2.5477213028327195 1.1368970013037814 17.8
64.7296769618988  seconds  2.5477213028327195 1.1368970013037814 13.9
73.08615207672119  seconds  2.5477213028327195 1.1368970013037814 7.9
73.84904909133911  seconds  2.5477213028327195 1.1368970013037814 19.8
68.78153443336487  seconds  2.5477213028327195 1.1368970013037814 9.9
67.89270448684692  seconds  2.5477213028327195 1.1368970013037814 10.9
68.61847758293152  seconds  2.5477213028327195 1.1368970013037814 12.9
65.14105796813965  seconds  2.5477213028327195 1.1368970013037814 18.900000000000002
66.24250173568726  seconds  2.5477213028327195 1.1368970013037814 14.9
67.16962432861328  seconds  2.5477213028327195 1.1368970013037814 15.9
60.478490352630615  seconds  2.5477213028327195 1.1368970013037814 16.900000000000002
58.944334268569946  seconds  2.5477213028327195 1.1368970013037814 17.900000000000002
57.52306127548218  seconds  2.5477213028327195 1.1368970013037814 19.900000000000002
time for calc.... 854.1675915718079
 plotting data from the run ...
saving data from the run ...
energy at the point.. 2.4372546507317705 1.4115601912212083  is  1.07841213363713e-05
the angle is  0.5249549448529208
200 the fermi surface points 10 chunk numtheads
starting with calculation of Sigma
65.15609002113342  seconds  2.4372546507317705 1.4115601912212083 0.0
66.45495200157166  seconds  2.4372546507317705 1.4115601912212083 1.0
65.4676628112793  seconds  2.4372546507317705 1.4115601912212083 2.0
67.77615690231323  seconds  2.4372546507317705 1.4115601912212083 3.0
65.72958898544312  seconds  2.4372546507317705 1.4115601912212083 4.0
63.83183813095093  seconds  2.4372546507317705 1.4115601912212083 6.0
71.85018920898438  seconds  2.4372546507317705 1.4115601912212083 5.0
65.05144739151001  seconds  2.4372546507317705 1.4115601912212083 8.0
72.02165794372559  seconds  2.4372546507317705 1.4115601912212083 7.0
67.91955542564392  seconds  2.4372546507317705 1.4115601912212083 9.0
74.0787103176117  seconds  2.4372546507317705 1.4115601912212083 10.0
68.07578778266907  seconds  2.4372546507317705 1.4115601912212083 12.0
73.98710441589355  seconds  2.4372546507317705 1.4115601912212083 11.0
73.54886507987976  seconds  2.4372546507317705 1.4115601912212083 0.1
74.73108744621277  seconds  2.4372546507317705 1.4115601912212083 13.0
75.3364999294281  seconds  2.4372546507317705 1.4115601912212083 1.1
76.78581166267395  seconds  2.4372546507317705 1.4115601912212083 14.0
77.01418781280518  seconds  2.4372546507317705 1.4115601912212083 2.1
75.7012677192688  seconds  2.4372546507317705 1.4115601912212083 15.0
71.49096012115479  seconds  2.4372546507317705 1.4115601912212083 16.0
71.23502683639526  seconds  2.4372546507317705 1.4115601912212083 4.1000000000000005
74.87732028961182  seconds  2.4372546507317705 1.4115601912212083 3.1
72.45884656906128  seconds  2.4372546507317705 1.4115601912212083 17.0
71.37539744377136  seconds  2.4372546507317705 1.4115601912212083 6.1000000000000005
72.35775113105774  seconds  2.4372546507317705 1.4115601912212083 5.1000000000000005
76.1669397354126  seconds  2.4372546507317705 1.4115601912212083 18.0
70.69427633285522  seconds  2.4372546507317705 1.4115601912212083 8.1
75.62072348594666  seconds  2.4372546507317705 1.4115601912212083 19.0
73.41059565544128  seconds  2.4372546507317705 1.4115601912212083 7.1000000000000005
70.66310930252075  seconds  2.4372546507317705 1.4115601912212083 9.1
74.92843413352966  seconds  2.4372546507317705 1.4115601912212083 10.100000000000001
71.63238310813904  seconds  2.4372546507317705 1.4115601912212083 12.100000000000001
75.50595569610596  seconds  2.4372546507317705 1.4115601912212083 11.100000000000001
74.94950127601624  seconds  2.4372546507317705 1.4115601912212083 0.2
74.82269644737244  seconds  2.4372546507317705 1.4115601912212083 13.100000000000001
74.93218159675598  seconds  2.4372546507317705 1.4115601912212083 1.2000000000000002
75.53808093070984  seconds  2.4372546507317705 1.4115601912212083 14.100000000000001
71.75256109237671  seconds  2.4372546507317705 1.4115601912212083 16.1
76.37962365150452  seconds  2.4372546507317705 1.4115601912212083 2.2
71.87527823448181  seconds  2.4372546507317705 1.4115601912212083 4.2
75.28237509727478  seconds  2.4372546507317705 1.4115601912212083 15.100000000000001
75.80172896385193  seconds  2.4372546507317705 1.4115601912212083 3.2
70.38737750053406  seconds  2.4372546507317705 1.4115601912212083 17.1
71.12223315238953  seconds  2.4372546507317705 1.4115601912212083 6.2
70.08851957321167  seconds  2.4372546507317705 1.4115601912212083 5.2
70.34677290916443  seconds  2.4372546507317705 1.4115601912212083 8.200000000000001
75.54497075080872  seconds  2.4372546507317705 1.4115601912212083 18.1
71.04023671150208  seconds  2.4372546507317705 1.4115601912212083 7.2
75.21594762802124  seconds  2.4372546507317705 1.4115601912212083 19.1
70.42588353157043  seconds  2.4372546507317705 1.4115601912212083 9.200000000000001
70.91391468048096  seconds  2.4372546507317705 1.4115601912212083 12.200000000000001
75.07661604881287  seconds  2.4372546507317705 1.4115601912212083 10.200000000000001
75.10278415679932  seconds  2.4372546507317705 1.4115601912212083 11.200000000000001
74.72418713569641  seconds  2.4372546507317705 1.4115601912212083 0.30000000000000004
74.58118748664856  seconds  2.4372546507317705 1.4115601912212083 13.200000000000001
75.1729588508606  seconds  2.4372546507317705 1.4115601912212083 1.3
72.83414459228516  seconds  2.4372546507317705 1.4115601912212083 4.3
73.02994060516357  seconds  2.4372546507317705 1.4115601912212083 16.2
76.21401238441467  seconds  2.4372546507317705 1.4115601912212083 14.200000000000001
76.11528468132019  seconds  2.4372546507317705 1.4115601912212083 2.3000000000000003
72.45050644874573  seconds  2.4372546507317705 1.4115601912212083 17.2
77.1288526058197  seconds  2.4372546507317705 1.4115601912212083 15.200000000000001
72.58110451698303  seconds  2.4372546507317705 1.4115601912212083 6.300000000000001
76.93634986877441  seconds  2.4372546507317705 1.4115601912212083 3.3000000000000003
71.6421890258789  seconds  2.4372546507317705 1.4115601912212083 5.300000000000001
69.94721984863281  seconds  2.4372546507317705 1.4115601912212083 8.3
71.97164273262024  seconds  2.4372546507317705 1.4115601912212083 7.300000000000001
76.19053888320923  seconds  2.4372546507317705 1.4115601912212083 18.2
72.10541844367981  seconds  2.4372546507317705 1.4115601912212083 9.3
77.09756517410278  seconds  2.4372546507317705 1.4115601912212083 19.200000000000003
72.1706292629242  seconds  2.4372546507317705 1.4115601912212083 12.3
75.64134621620178  seconds  2.4372546507317705 1.4115601912212083 10.3
75.51588916778564  seconds  2.4372546507317705 1.4115601912212083 11.3
76.0051634311676  seconds  2.4372546507317705 1.4115601912212083 0.4
75.96023607254028  seconds  2.4372546507317705 1.4115601912212083 13.3
75.20351886749268  seconds  2.4372546507317705 1.4115601912212083 1.4000000000000001
70.8810408115387  seconds  2.4372546507317705 1.4115601912212083 4.4
70.92225861549377  seconds  2.4372546507317705 1.4115601912212083 16.3
71.30783319473267  seconds  2.4372546507317705 1.4115601912212083 17.3
76.26481103897095  seconds  2.4372546507317705 1.4115601912212083 14.3
70.92143559455872  seconds  2.4372546507317705 1.4115601912212083 6.4
75.95951080322266  seconds  2.4372546507317705 1.4115601912212083 2.4000000000000004
70.36848258972168  seconds  2.4372546507317705 1.4115601912212083 5.4
76.09990882873535  seconds  2.4372546507317705 1.4115601912212083 15.3
75.5805115699768  seconds  2.4372546507317705 1.4115601912212083 3.4000000000000004
70.6119737625122  seconds  2.4372546507317705 1.4115601912212083 8.4
71.39778709411621  seconds  2.4372546507317705 1.4115601912212083 7.4
71.27635884284973  seconds  2.4372546507317705 1.4115601912212083 9.4
76.28526878356934  seconds  2.4372546507317705 1.4115601912212083 18.3
75.42315912246704  seconds  2.4372546507317705 1.4115601912212083 19.3
71.27538895606995  seconds  2.4372546507317705 1.4115601912212083 12.4
74.85608649253845  seconds  2.4372546507317705 1.4115601912212083 10.4
75.367666721344  seconds  2.4372546507317705 1.4115601912212083 11.4
74.77814745903015  seconds  2.4372546507317705 1.4115601912212083 0.5
71.24438524246216  seconds  2.4372546507317705 1.4115601912212083 4.5
74.7698106765747  seconds  2.4372546507317705 1.4115601912212083 13.4
71.38750839233398  seconds  2.4372546507317705 1.4115601912212083 16.400000000000002
75.22938084602356  seconds  2.4372546507317705 1.4115601912212083 1.5
70.92454504966736  seconds  2.4372546507317705 1.4115601912212083 17.400000000000002
71.9983811378479  seconds  2.4372546507317705 1.4115601912212083 6.5
71.31861805915833  seconds  2.4372546507317705 1.4115601912212083 5.5
75.8691418170929  seconds  2.4372546507317705 1.4115601912212083 14.4
76.29588723182678  seconds  2.4372546507317705 1.4115601912212083 2.5
70.54861855506897  seconds  2.4372546507317705 1.4115601912212083 8.5
75.31280589103699  seconds  2.4372546507317705 1.4115601912212083 15.4
75.25738573074341  seconds  2.4372546507317705 1.4115601912212083 3.5
70.96859979629517  seconds  2.4372546507317705 1.4115601912212083 7.5
71.34207582473755  seconds  2.4372546507317705 1.4115601912212083 9.5
75.40445041656494  seconds  2.4372546507317705 1.4115601912212083 18.400000000000002
75.27264261245728  seconds  2.4372546507317705 1.4115601912212083 19.400000000000002
71.23996901512146  seconds  2.4372546507317705 1.4115601912212083 12.5
75.67267441749573  seconds  2.4372546507317705 1.4115601912212083 10.5
77.64660143852234  seconds  2.4372546507317705 1.4115601912212083 11.5
75.9622962474823  seconds  2.4372546507317705 1.4115601912212083 0.6000000000000001
71.65458798408508  seconds  2.4372546507317705 1.4115601912212083 16.5
72.50864911079407  seconds  2.4372546507317705 1.4115601912212083 4.6000000000000005
71.27482056617737  seconds  2.4372546507317705 1.4115601912212083 17.5
75.43043756484985  seconds  2.4372546507317705 1.4115601912212083 13.5
75.05643820762634  seconds  2.4372546507317705 1.4115601912212083 1.6
71.62560629844666  seconds  2.4372546507317705 1.4115601912212083 6.6000000000000005
71.11056017875671  seconds  2.4372546507317705 1.4115601912212083 5.6000000000000005
71.33190774917603  seconds  2.4372546507317705 1.4115601912212083 8.6
77.45111846923828  seconds  2.4372546507317705 1.4115601912212083 14.5
76.45333933830261  seconds  2.4372546507317705 1.4115601912212083 2.6
76.29796576499939  seconds  2.4372546507317705 1.4115601912212083 15.5
76.195880651474  seconds  2.4372546507317705 1.4115601912212083 3.6
72.35920906066895  seconds  2.4372546507317705 1.4115601912212083 7.6000000000000005
73.12702751159668  seconds  2.4372546507317705 1.4115601912212083 9.600000000000001
75.90620446205139  seconds  2.4372546507317705 1.4115601912212083 18.5
76.69201827049255  seconds  2.4372546507317705 1.4115601912212083 19.5
71.9533441066742  seconds  2.4372546507317705 1.4115601912212083 12.600000000000001
74.87025618553162  seconds  2.4372546507317705 1.4115601912212083 10.600000000000001
75.2165744304657  seconds  2.4372546507317705 1.4115601912212083 11.600000000000001
70.1309928894043  seconds  2.4372546507317705 1.4115601912212083 16.6
70.66916608810425  seconds  2.4372546507317705 1.4115601912212083 4.7
74.93261623382568  seconds  2.4372546507317705 1.4115601912212083 0.7000000000000001
71.43096995353699  seconds  2.4372546507317705 1.4115601912212083 17.6
71.78128170967102  seconds  2.4372546507317705 1.4115601912212083 6.7
71.53413987159729  seconds  2.4372546507317705 1.4115601912212083 5.7
76.10747766494751  seconds  2.4372546507317705 1.4115601912212083 13.600000000000001
76.16939544677734  seconds  2.4372546507317705 1.4115601912212083 1.7000000000000002
70.696218252182  seconds  2.4372546507317705 1.4115601912212083 8.700000000000001
75.10076665878296  seconds  2.4372546507317705 1.4115601912212083 14.600000000000001
74.7121651172638  seconds  2.4372546507317705 1.4115601912212083 2.7
71.1328239440918  seconds  2.4372546507317705 1.4115601912212083 7.7
76.08354949951172  seconds  2.4372546507317705 1.4115601912212083 15.600000000000001
75.92653679847717  seconds  2.4372546507317705 1.4115601912212083 3.7
71.43193864822388  seconds  2.4372546507317705 1.4115601912212083 9.700000000000001
75.02738761901855  seconds  2.4372546507317705 1.4115601912212083 18.6
71.4581971168518  seconds  2.4372546507317705 1.4115601912212083 12.700000000000001
75.61370992660522  seconds  2.4372546507317705 1.4115601912212083 19.6
75.21904683113098  seconds  2.4372546507317705 1.4115601912212083 10.700000000000001
72.00231957435608  seconds  2.4372546507317705 1.4115601912212083 16.7
71.56153011322021  seconds  2.4372546507317705 1.4115601912212083 4.800000000000001
75.84643745422363  seconds  2.4372546507317705 1.4115601912212083 11.700000000000001
72.48771142959595  seconds  2.4372546507317705 1.4115601912212083 17.7
76.8991208076477  seconds  2.4372546507317705 1.4115601912212083 0.8
72.69596099853516  seconds  2.4372546507317705 1.4115601912212083 6.800000000000001
72.54862117767334  seconds  2.4372546507317705 1.4115601912212083 5.800000000000001
71.60144925117493  seconds  2.4372546507317705 1.4115601912212083 8.8
76.69553399085999  seconds  2.4372546507317705 1.4115601912212083 13.700000000000001
75.91877841949463  seconds  2.4372546507317705 1.4115601912212083 1.8
71.51633667945862  seconds  2.4372546507317705 1.4115601912212083 7.800000000000001
75.89314651489258  seconds  2.4372546507317705 1.4115601912212083 14.700000000000001
76.43639326095581  seconds  2.4372546507317705 1.4115601912212083 2.8000000000000003
71.39137649536133  seconds  2.4372546507317705 1.4115601912212083 9.8
76.66212296485901  seconds  2.4372546507317705 1.4115601912212083 15.700000000000001
77.04099178314209  seconds  2.4372546507317705 1.4115601912212083 3.8000000000000003
75.9245810508728  seconds  2.4372546507317705 1.4115601912212083 18.7
72.44753956794739  seconds  2.4372546507317705 1.4115601912212083 12.8
75.54650068283081  seconds  2.4372546507317705 1.4115601912212083 19.700000000000003
70.33457279205322  seconds  2.4372546507317705 1.4115601912212083 16.8
75.76401090621948  seconds  2.4372546507317705 1.4115601912212083 10.8
71.1257073879242  seconds  2.4372546507317705 1.4115601912212083 4.9
71.32904720306396  seconds  2.4372546507317705 1.4115601912212083 17.8
75.49080657958984  seconds  2.4372546507317705 1.4115601912212083 11.8
71.49582815170288  seconds  2.4372546507317705 1.4115601912212083 6.9
71.75637984275818  seconds  2.4372546507317705 1.4115601912212083 5.9
74.2993106842041  seconds  2.4372546507317705 1.4115601912212083 0.9
70.56769895553589  seconds  2.4372546507317705 1.4115601912212083 8.9
74.86916923522949  seconds  2.4372546507317705 1.4115601912212083 13.8
74.31027173995972  seconds  2.4372546507317705 1.4115601912212083 1.9000000000000001
70.19754838943481  seconds  2.4372546507317705 1.4115601912212083 7.9
69.1344404220581  seconds  2.4372546507317705 1.4115601912212083 9.9
74.75456595420837  seconds  2.4372546507317705 1.4115601912212083 14.8
74.27411794662476  seconds  2.4372546507317705 1.4115601912212083 2.9000000000000004
73.9572172164917  seconds  2.4372546507317705 1.4115601912212083 15.8
73.46003723144531  seconds  2.4372546507317705 1.4115601912212083 3.9000000000000004
66.50916767120361  seconds  2.4372546507317705 1.4115601912212083 12.9
71.2929744720459  seconds  2.4372546507317705 1.4115601912212083 18.8
70.79976296424866  seconds  2.4372546507317705 1.4115601912212083 19.8
64.08120799064636  seconds  2.4372546507317705 1.4115601912212083 16.900000000000002
66.09241342544556  seconds  2.4372546507317705 1.4115601912212083 10.9
61.16925239562988  seconds  2.4372546507317705 1.4115601912212083 17.900000000000002
66.62921333312988  seconds  2.4372546507317705 1.4115601912212083 11.9
65.12898135185242  seconds  2.4372546507317705 1.4115601912212083 13.9
63.13210725784302  seconds  2.4372546507317705 1.4115601912212083 14.9
63.450334787368774  seconds  2.4372546507317705 1.4115601912212083 15.9
61.4226655960083  seconds  2.4372546507317705 1.4115601912212083 18.900000000000002
60.589946269989014  seconds  2.4372546507317705 1.4115601912212083 19.900000000000002
time for calc.... 846.0747585296631
 plotting data from the run ...
saving data from the run ...
62988.74user 26708.15system 1:26:46elapsed 1722%CPU (0avgtext+0avgdata 21653756maxresident)k
0inputs+128600outputs (385major+620688105minor)pagefaults 0swaps
