reading lattice from... ./Lattices/sqKgridX8000.npy
reading lattice from... ./Lattices/sqKgridY8000.npy
starting sampling in reciprocal space....
 finished sampling in reciprocal space.... 0.07213759422302246
started calculating filling for chemical potential and dispersion parameters TB_single_band..
reading lattice from... ./Lattices/KgridX400.npy
reading lattice from... ./Lattices/KgridY400.npy
reading lattice from... ./Lattices/KgridX400.npy
reading lattice from... ./Lattices/KgridY400.npy
finished calculating filling for chemical potential
Filling: 0.5021914101708863 .... chemical potential: 29.41164495334965
The fermi energy in mev is: 3064.1164088176356, and in units of J: 296.3362097502549, the bandwidth is:494.39071566731144
reading lattice from... ./Lattices/KgridX8000.npy
reading lattice from... ./Lattices/KgridY8000.npy
reading lattice from... ./Lattices/sqKgridX8000.npy
reading lattice from... ./Lattices/sqKgridY8000.npy
energy at the point.. 2.616965833149795 -0.012168622338113444  is  4.813565695371835e-06
the angle is  -0.0046498637787463866
50 the fermi surface points 2 chunk numtheads
starting with calculation of Sigma
202.01758456230164  seconds  2.616965833149795 -0.012168622338113444 0.0
213.31966280937195  seconds  2.616965833149795 -0.012168622338113444 0.2
199.6170494556427  seconds  2.616965833149795 -0.012168622338113444 0.6000000000000001
216.65944242477417  seconds  2.616965833149795 -0.012168622338113444 0.4
240.99279236793518  seconds  2.616965833149795 -0.012168622338113444 0.8
198.11682510375977  seconds  2.616965833149795 -0.012168622338113444 1.8
259.2300910949707  seconds  2.616965833149795 -0.012168622338113444 1.0
239.60823678970337  seconds  2.616965833149795 -0.012168622338113444 1.6
271.0182116031647  seconds  2.616965833149795 -0.012168622338113444 1.2000000000000002
317.0808434486389  seconds  2.616965833149795 -0.012168622338113444 1.4000000000000001
262.251259803772  seconds  2.616965833149795 -0.012168622338113444 2.4000000000000004
294.379337310791  seconds  2.616965833149795 -0.012168622338113444 2.2
Traceback (most recent call last):
  File "omegaTscalingFS.py", line 1480, in <module>
    sys.exit(main())  # next section explains the use of sys.exit
  File "omegaTscalingFS.py", line 1469, in main
    [shifts, w, delsd]=SE.parInt_w( theta, w, Machine, sq)
  File "omegaTscalingFS.py", line 1071, in parInt_w
    for result in results:
  File "/home/jfm343/anaconda3/lib/python3.8/concurrent/futures/process.py", line 484, in _chain_from_iterable_of_lists
    for element in iterable:
  File "/home/jfm343/anaconda3/lib/python3.8/concurrent/futures/_base.py", line 611, in result_iterator
    yield fs.pop().result()
  File "/home/jfm343/anaconda3/lib/python3.8/concurrent/futures/_base.py", line 439, in result
    return self.__get_result()
  File "/home/jfm343/anaconda3/lib/python3.8/concurrent/futures/_base.py", line 388, in __get_result
    raise self._exception
concurrent.futures.process.BrokenProcessPool: A process in the process pool was terminated abruptly while the future was running or pending.
Command exited with non-zero status 1
3797.24user 2514.63system 10:22.51elapsed 1013%CPU (0avgtext+0avgdata 38258136maxresident)k
24553416inputs+125384outputs (376087major+176982292minor)pagefaults 0swaps
