reading lattice from... ./Lattices/sqKgridX100.npy
reading lattice from... ./Lattices/sqKgridY100.npy
started calculating filling for chemical potential and dispersion parameters TB_single_band..
reading lattice from... ./Lattices/KgridX400.npy
reading lattice from... ./Lattices/KgridY400.npy
reading lattice from... ./Lattices/KgridX400.npy
reading lattice from... ./Lattices/KgridY400.npy
finished calculating filling for chemical potential
Filling: 0.5021914101708863 .... chemical potential: 29.41164495334965
dispersion params: 54.93230174081238 	 -10.444874274661508
The fermi energy in mev is: 3064.1164088176356, and in units of J: 296.3362097502549, the bandwidth is:494.39071566731144
reading lattice from... ./Lattices/KgridX2000.npy
reading lattice from... ./Lattices/KgridY2000.npy
reading lattice from... ./Lattices/sqKgridX2000.npy
reading lattice from... ./Lattices/sqKgridY2000.npy
412 the fermi surface points 9 numtheads
starting with calculation of Sigma
9.570933103561401  seconds  2.4732452258771103 1.343763581051717 0.001
8.8689866065979  seconds  2.4732452258771103 1.343763581051717 4.909909090909091
10.018390893936157  seconds  2.4732452258771103 1.343763581051717 2.455454545454545
9.743412733078003  seconds  2.4732452258771103 1.343763581051717 7.364363636363636
9.992762088775635  seconds  2.4732452258771103 1.343763581051717 9.81881818181818
10.688142538070679  seconds  2.4732452258771103 1.343763581051717 12.273272727272726
10.179087162017822  seconds  2.4732452258771103 1.343763581051717 14.72772727272727
10.110520839691162  seconds  2.4732452258771103 1.343763581051717 17.182181818181817
9.300214529037476  seconds  2.4732452258771103 1.343763581051717 22.09109090909091
11.040124654769897  seconds  2.4732452258771103 1.343763581051717 19.636636363636363
10.220472574234009  seconds  2.4732452258771103 1.343763581051717 24.545545454545454
10.216947317123413  seconds  2.4732452258771103 1.343763581051717 27.0
8.817023754119873  seconds  2.4732452258771103 1.343763581051717 5.182626262626262
10.242504119873047  seconds  2.4732452258771103 1.343763581051717 0.2737171717171717
10.356446266174316  seconds  2.4732452258771103 1.343763581051717 2.728171717171717
10.066883563995361  seconds  2.4732452258771103 1.343763581051717 7.637080808080808
10.030526876449585  seconds  2.4732452258771103 1.343763581051717 10.091535353535352
8.822962999343872  seconds  2.4732452258771103 1.343763581051717 22.36380808080808
10.338493585586548  seconds  2.4732452258771103 1.343763581051717 15.000444444444442
9.982901096343994  seconds  2.4732452258771103 1.343763581051717 17.45489898989899
10.810133218765259  seconds  2.4732452258771103 1.343763581051717 12.545989898989896
10.073405981063843  seconds  2.4732452258771103 1.343763581051717 19.909353535353535
10.099520206451416  seconds  2.4732452258771103 1.343763581051717 24.818262626262626
8.868132829666138  seconds  2.4732452258771103 1.343763581051717 5.455343434343434
10.058497190475464  seconds  2.4732452258771103 1.343763581051717 0.5464343434343434
9.987807750701904  seconds  2.4732452258771103 1.343763581051717 3.0008888888888885
10.37798547744751  seconds  2.4732452258771103 1.343763581051717 7.90979797979798
8.841264963150024  seconds  2.4732452258771103 1.343763581051717 22.636525252525253
9.995325326919556  seconds  2.4732452258771103 1.343763581051717 10.364252525252523
9.984007835388184  seconds  2.4732452258771103 1.343763581051717 15.273161616161614
10.03128957748413  seconds  2.4732452258771103 1.343763581051717 17.72761616161616
10.423617362976074  seconds  2.4732452258771103 1.343763581051717 12.818707070707068
9.942744255065918  seconds  2.4732452258771103 1.343763581051717 20.182070707070707
9.902966022491455  seconds  2.4732452258771103 1.343763581051717 25.090979797979795
8.869150400161743  seconds  2.4732452258771103 1.343763581051717 5.728060606060606
10.232266902923584  seconds  2.4732452258771103 1.343763581051717 0.8191515151515151
10.076887607574463  seconds  2.4732452258771103 1.343763581051717 3.27360606060606
8.877765417098999  seconds  2.4732452258771103 1.343763581051717 22.909242424242425
9.929186582565308  seconds  2.4732452258771103 1.343763581051717 8.18251515151515
10.006934404373169  seconds  2.4732452258771103 1.343763581051717 10.636969696969695
10.040860891342163  seconds  2.4732452258771103 1.343763581051717 15.545878787878786
9.978107452392578  seconds  2.4732452258771103 1.343763581051717 18.000333333333334
9.973889112472534  seconds  2.4732452258771103 1.343763581051717 13.09142424242424
8.860709190368652  seconds  2.4732452258771103 1.343763581051717 6.0007777777777775
10.113598585128784  seconds  2.4732452258771103 1.343763581051717 20.45478787878788
10.022504329681396  seconds  2.4732452258771103 1.343763581051717 25.363696969696967
9.931705713272095  seconds  2.4732452258771103 1.343763581051717 1.0918686868686867
8.837818384170532  seconds  2.4732452258771103 1.343763581051717 23.181959595959594
10.010807752609253  seconds  2.4732452258771103 1.343763581051717 3.546323232323232
10.071602582931519  seconds  2.4732452258771103 1.343763581051717 8.455232323232321
10.022261142730713  seconds  2.4732452258771103 1.343763581051717 10.909686868686867
10.10515284538269  seconds  2.4732452258771103 1.343763581051717 15.818595959595958
10.079342126846313  seconds  2.4732452258771103 1.343763581051717 18.273050505050506
9.078136444091797  seconds  2.4732452258771103 1.343763581051717 6.273494949494949
10.019213438034058  seconds  2.4732452258771103 1.343763581051717 13.364141414141413
10.096904039382935  seconds  2.4732452258771103 1.343763581051717 20.727505050505048
10.125336170196533  seconds  2.4732452258771103 1.343763581051717 25.63641414141414
8.884886264801025  seconds  2.4732452258771103 1.343763581051717 23.454676767676766
10.02680230140686  seconds  2.4732452258771103 1.343763581051717 1.3645858585858583
10.09963345527649  seconds  2.4732452258771103 1.343763581051717 3.8190404040404036
10.07279658317566  seconds  2.4732452258771103 1.343763581051717 8.727949494949494
9.978202819824219  seconds  2.4732452258771103 1.343763581051717 11.18240404040404
8.835222721099854  seconds  2.4732452258771103 1.343763581051717 6.546212121212121
10.069963693618774  seconds  2.4732452258771103 1.343763581051717 16.091313131313132
10.09911298751831  seconds  2.4732452258771103 1.343763581051717 18.545767676767678
9.967265129089355  seconds  2.4732452258771103 1.343763581051717 13.636858585858585
9.91246771812439  seconds  2.4732452258771103 1.343763581051717 21.00022222222222
10.089392185211182  seconds  2.4732452258771103 1.343763581051717 25.90913131313131
8.898046493530273  seconds  2.4732452258771103 1.343763581051717 23.727393939393938
10.034909009933472  seconds  2.4732452258771103 1.343763581051717 1.63730303030303
9.970916032791138  seconds  2.4732452258771103 1.343763581051717 4.091757575757575
9.793412685394287  seconds  2.4732452258771103 1.343763581051717 11.455121212121211
10.155566215515137  seconds  2.4732452258771103 1.343763581051717 9.000666666666666
8.810511589050293  seconds  2.4732452258771103 1.343763581051717 6.818929292929293
9.876254558563232  seconds  2.4732452258771103 1.343763581051717 16.3640303030303
10.013406753540039  seconds  2.4732452258771103 1.343763581051717 18.818484848484847
9.974170684814453  seconds  2.4732452258771103 1.343763581051717 13.909575757575755
9.864522933959961  seconds  2.4732452258771103 1.343763581051717 21.272939393939392
9.975672483444214  seconds  2.4732452258771103 1.343763581051717 26.181848484848484
8.805429697036743  seconds  2.4732452258771103 1.343763581051717 24.00011111111111
9.870197296142578  seconds  2.4732452258771103 1.343763581051717 1.9100202020202017
10.015663862228394  seconds  2.4732452258771103 1.343763581051717 4.364474747474747
8.841573238372803  seconds  2.4732452258771103 1.343763581051717 7.091646464646464
9.976555585861206  seconds  2.4732452258771103 1.343763581051717 11.727838383838382
10.089522361755371  seconds  2.4732452258771103 1.343763581051717 9.273383838383838
9.798290491104126  seconds  2.4732452258771103 1.343763581051717 16.636747474747473
9.872608184814453  seconds  2.4732452258771103 1.343763581051717 19.09120202020202
9.788646459579468  seconds  2.4732452258771103 1.343763581051717 14.182292929292927
8.733873844146729  seconds  2.4732452258771103 1.343763581051717 24.272828282828282
9.95441222190857  seconds  2.4732452258771103 1.343763581051717 21.545656565656564
9.894202947616577  seconds  2.4732452258771103 1.343763581051717 26.454565656565656
9.8229238986969  seconds  2.4732452258771103 1.343763581051717 2.1827373737373734
9.850229501724243  seconds  2.4732452258771103 1.343763581051717 4.6371919191919195
9.498394966125488  seconds  2.4732452258771103 1.343763581051717 12.000555555555554
9.74300742149353  seconds  2.4732452258771103 1.343763581051717 9.546101010101008
9.535181999206543  seconds  2.4732452258771103 1.343763581051717 16.909464646464645
9.513665437698364  seconds  2.4732452258771103 1.343763581051717 19.36391919191919
9.529360294342041  seconds  2.4732452258771103 1.343763581051717 14.4550101010101
9.33606481552124  seconds  2.4732452258771103 1.343763581051717 21.818373737373737
9.426115989685059  seconds  2.4732452258771103 1.343763581051717 26.727282828282828
time for calc.... 97.06357097625732
Successfully created the directory dir_T_9.0_fit_SF_func_2021-11-09-21:16:46 
 plotting data from the run ...
saving data from the run ...
786.69user 211.25system 1:46.04elapsed 941%CPU (0avgtext+0avgdata 2981252maxresident)k
0inputs+552outputs (65major+9925369minor)pagefaults 0swaps
