reading lattice from... ./Lattices/sqKgridX8000.npy
reading lattice from... ./Lattices/sqKgridY8000.npy
starting sampling in reciprocal space....
 finished sampling in reciprocal space.... 0.09332752227783203
started calculating filling for chemical potential and dispersion parameters TB_single_band..
reading lattice from... ./Lattices/KgridX400.npy
reading lattice from... ./Lattices/KgridY400.npy
reading lattice from... ./Lattices/KgridX400.npy
reading lattice from... ./Lattices/KgridY400.npy
finished calculating filling for chemical potential
Filling: 0.5021914101708863 .... chemical potential: 29.41164495334965
The fermi energy in mev is: 3064.1164088176356, and in units of J: 296.3362097502549, the bandwidth is:494.39071566731144
reading lattice from... ./Lattices/KgridX8000.npy
reading lattice from... ./Lattices/KgridY8000.npy
reading lattice from... ./Lattices/sqKgridX8000.npy
reading lattice from... ./Lattices/sqKgridY8000.npy
energy at the point.. 2.612699153466239 0.5406345067362022  is  7.400112771449585e-06
the angle is  0.20404589651971108
20 the fermi surface points 4 chunk numtheads
starting with calculation of Sigma
170.90743589401245  seconds  2.612699153466239 0.5406345067362022 0
169.2283980846405  seconds  2.724999792452247 0.543565534643328 0
171.00670266151428  seconds  2.8373004314382544 0.546496562550454 0
170.21175527572632  seconds  2.9496010704242623 0.5494275904575798 0
173.31018328666687  seconds  3.0619017094102703 0.5523586183647058 0
169.0615382194519  seconds  2.640774313212741 0.5413672637129836 0
171.66509795188904  seconds  2.7530749521987485 0.5442982916201096 0
170.794575214386  seconds  2.8653755911847565 0.5472293195272354 0
170.62213015556335  seconds  2.9776762301707644 0.5501603474343614 0
176.4350016117096  seconds  3.0899768691567724 0.5530913753414872 0
171.38592290878296  seconds  2.6688494729592427 0.5421000206897651 0
171.99342441558838  seconds  2.7811501119452506 0.545031048596891 0
171.93487334251404  seconds  2.8934507509312586 0.5479620765040168 0
169.57141494750977  seconds  3.0057513899172665 0.5508931044111428 0
171.11769938468933  seconds  3.118052028903274 0.5538241323182687 0
168.7880630493164  seconds  2.696924632705745 0.5428327776665466 0
171.57507467269897  seconds  2.8092252716917527 0.5457638055736724 0
170.7991976737976  seconds  2.9215259106777607 0.5486948334807984 0
168.1025242805481  seconds  3.033826549663768 0.5516258613879242 0
166.58588075637817  seconds  3.146127188649776 0.5545568892950502 0
time for calc.... 751.7208609580994
 plotting data from the run ...
saving data from the run ...
energy at the point.. 2.5966539165555025 0.8378965667101266  is  1.0400959698841916e-05
the angle is  0.3121349978541341
20 the fermi surface points 4 chunk numtheads
starting with calculation of Sigma
166.87195777893066  seconds  2.5966539165555025 0.8378965667101266 0
168.03119444847107  seconds  2.711048550214725 0.8484888458529057 0
168.92855548858643  seconds  2.8254431838739467 0.8590811249956848 0
170.84244298934937  seconds  2.939837817533169 0.869673404138464 0
170.98194193840027  seconds  3.054232451192391 0.8802656832812431 0
170.98818707466125  seconds  2.625252574970308 0.8405446364958213 0
171.3468451499939  seconds  2.7396472086295303 0.8511369156386005 0
170.4797477722168  seconds  2.854041842288752 0.8617291947813797 0
172.51041460037231  seconds  2.9684364759479744 0.8723214739241587 0
173.6358458995819  seconds  3.0828311096071968 0.8829137530669379 0
173.75115656852722  seconds  2.6538512333851134 0.8431927062815161 0
171.48084998130798  seconds  2.7682458670443357 0.8537849854242953 0
171.7027404308319  seconds  2.882640500703558 0.8643772645670744 0
171.1468644142151  seconds  2.99703513436278 0.8749695437098536 0
173.48197269439697  seconds  3.111429768022002 0.8855618228526326 0
171.31825184822083  seconds  2.682449891799919 0.845840776067211 0
173.48909211158752  seconds  2.796844525459141 0.85643305520999 0
171.2392373085022  seconds  2.9112391591183635 0.8670253343527692 0
171.07683753967285  seconds  3.0256337927775854 0.8776176134955483 0
170.2622573375702  seconds  3.1400284264368077 0.8882098926383275 0
time for calc.... 750.4432876110077
 plotting data from the run ...
saving data from the run ...
energy at the point.. 2.5477213028327195 1.1368970013037814  is  9.295332997538708e-06
the angle is  0.4197233160056505
20 the fermi surface points 4 chunk numtheads
starting with calculation of Sigma
176.5954144001007  seconds  2.5477213028327195 1.1368970013037814 0
172.28532028198242  seconds  2.661467173670395 1.166235293307673 0
173.00657272338867  seconds  2.7752130445080705 1.1955735853115645 0
176.32303929328918  seconds  2.8889589153457456 1.2249118773154561 0
171.89102244377136  seconds  3.002704786183421 1.2542501693193477 0
173.61375427246094  seconds  2.5761577705421383 1.1442315743047542 0
172.4560489654541  seconds  2.689903641379814 1.1735698663086458 0
174.72530674934387  seconds  2.803649512217489 1.2029081583125374 0
174.8742480278015  seconds  2.9173953830551644 1.232246450316429 0
171.49757361412048  seconds  3.03114125389284 1.2615847423203206 0
176.6748080253601  seconds  2.6045942382515572 1.151566147305727 0
176.75002789497375  seconds  2.7183401090892327 1.1809044393096186 0
171.322340965271  seconds  2.832085979926908 1.2102427313135102 0
173.644597530365  seconds  2.9458318507645833 1.2395810233174018 0
176.92992115020752  seconds  3.059577721602259 1.2689193153212934 0
173.35638403892517  seconds  2.633030705960976 1.1589007203067 0
173.94653606414795  seconds  2.7467765767986516 1.1882390123105917 0
173.87046456336975  seconds  2.8605224476363267 1.2175773043144833 0
172.83155298233032  seconds  2.974268318474002 1.2469155963183747 0
171.33251929283142  seconds  3.0880141893116777 1.2762538883222663 0
time for calc.... 755.5233602523804
 plotting data from the run ...
saving data from the run ...
energy at the point.. 2.4372546507317705 1.4115601912212083  is  1.07841213363713e-05
the angle is  0.5249549448529208
20 the fermi surface points 4 chunk numtheads
starting with calculation of Sigma
168.46255087852478  seconds  2.4372546507317705 1.4115601912212083 0
170.42901253700256  seconds  2.539721696474669 1.4712597640507685 0
170.08455324172974  seconds  2.6421887422175674 1.5309593368803287 0
171.02272725105286  seconds  2.744655787960466 1.5906589097098889 0
169.759703874588  seconds  2.8471228337033647 1.6503584825394488 0
173.21466541290283  seconds  2.462871412167495 1.4264850844285983 0
172.90934658050537  seconds  2.5653384579103937 1.4861846572581585 0
172.94984602928162  seconds  2.667805503653292 1.5458842300877187 0
171.7560317516327  seconds  2.7702725493961906 1.6055838029172789 0
170.1871931552887  seconds  2.8727395951390893 1.665283375746839 0
169.87328910827637  seconds  2.4884881736032196 1.4414099776359883 0
168.79609537124634  seconds  2.5909552193461183 1.5011095504655485 0
169.9922857284546  seconds  2.693422265089017 1.5608091232951087 0
170.6425006389618  seconds  2.795889310831915 1.6205086961246689 0
168.88997101783752  seconds  2.898356356574814 1.680208268954229 0
170.05224752426147  seconds  2.514104935038944 1.4563348708433785 0
173.50498747825623  seconds  2.616571980781843 1.5160344436729387 0
172.04018020629883  seconds  2.7190390265247415 1.5757340165024987 0
170.92164611816406  seconds  2.8215060722676397 1.6354335893320588 0
169.0138566493988  seconds  2.9239731180105384 1.695133162161619 0
time for calc.... 742.8048250675201
 plotting data from the run ...
saving data from the run ...
11179.76user 2834.71system 50:19.89elapsed 464%CPU (0avgtext+0avgdata 38259072maxresident)k
0inputs+127160outputs (257major+122663505minor)pagefaults 0swaps
