reading lattice from... ./Lattices/sqKgridX100.npy
reading lattice from... ./Lattices/sqKgridY100.npy
started calculating filling for chemical potential and dispersion parameters TB_single_band..
reading lattice from... ./Lattices/KgridX400.npy
reading lattice from... ./Lattices/KgridY400.npy
reading lattice from... ./Lattices/KgridX400.npy
reading lattice from... ./Lattices/KgridY400.npy
finished calculating filling for chemical potential
Filling: 0.5021914101708863 .... chemical potential: 29.41164495334965
dispersion params: 54.93230174081238 	 -10.444874274661508
The fermi energy in mev is: 3064.1164088176356, and in units of J: 296.3362097502549, the bandwidth is:494.39071566731144
reading lattice from... ./Lattices/KgridX2000.npy
reading lattice from... ./Lattices/KgridY2000.npy
reading lattice from... ./Lattices/sqKgridX2000.npy
reading lattice from... ./Lattices/sqKgridY2000.npy
412 the fermi surface points 9 numtheads
starting with calculation of Sigma
9.318891048431396  seconds  1.9849630595393304 1.8569733050797659 0.001
9.82663607597351  seconds  1.9849630595393304 1.8569733050797659 1.0918181818181818
9.731712341308594  seconds  1.9849630595393304 1.8569733050797659 2.1826363636363637
9.818437337875366  seconds  1.9849630595393304 1.8569733050797659 3.2734545454545456
9.720407724380493  seconds  1.9849630595393304 1.8569733050797659 4.364272727272728
9.72576093673706  seconds  1.9849630595393304 1.8569733050797659 5.45509090909091
10.63558554649353  seconds  1.9849630595393304 1.8569733050797659 6.545909090909092
9.685415506362915  seconds  1.9849630595393304 1.8569733050797659 8.727545454545455
10.610098838806152  seconds  1.9849630595393304 1.8569733050797659 7.636727272727274
10.360450744628906  seconds  1.9849630595393304 1.8569733050797659 9.818363636363637
10.90244197845459  seconds  1.9849630595393304 1.8569733050797659 10.90918181818182
10.535642385482788  seconds  1.9849630595393304 1.8569733050797659 12.0
11.17085337638855  seconds  1.9849630595393304 1.8569733050797659 0.12220202020202021
10.873475313186646  seconds  1.9849630595393304 1.8569733050797659 1.213020202020202
10.818903684616089  seconds  1.9849630595393304 1.8569733050797659 2.303838383838384
11.452698945999146  seconds  1.9849630595393304 1.8569733050797659 3.394656565656566
9.26512098312378  seconds  1.9849630595393304 1.8569733050797659 8.848747474747475
12.167980909347534  seconds  1.9849630595393304 1.8569733050797659 4.485474747474748
12.184006690979004  seconds  1.9849630595393304 1.8569733050797659 5.57629292929293
11.617961406707764  seconds  1.9849630595393304 1.8569733050797659 6.667111111111112
11.941188335418701  seconds  1.9849630595393304 1.8569733050797659 7.757929292929294
11.659674882888794  seconds  1.9849630595393304 1.8569733050797659 9.939565656565657
12.838173866271973  seconds  1.9849630595393304 1.8569733050797659 11.03038383838384
8.673076868057251  seconds  1.9849630595393304 1.8569733050797659 8.969949494949494
10.399240255355835  seconds  1.9849630595393304 1.8569733050797659 3.5158585858585862
12.75353479385376  seconds  1.9849630595393304 1.8569733050797659 1.3342222222222222
12.5629403591156  seconds  1.9849630595393304 1.8569733050797659 2.4250404040404043
15.674365043640137  seconds  1.9849630595393304 1.8569733050797659 0.24340404040404043
12.014747142791748  seconds  1.9849630595393304 1.8569733050797659 5.69749494949495
12.157792806625366  seconds  1.9849630595393304 1.8569733050797659 6.788313131313132
12.377495527267456  seconds  1.9849630595393304 1.8569733050797659 7.879131313131314
15.04500150680542  seconds  1.9849630595393304 1.8569733050797659 4.606676767676769
12.462454319000244  seconds  1.9849630595393304 1.8569733050797659 10.060767676767677
9.025859594345093  seconds  1.9849630595393304 1.8569733050797659 9.091151515151516
8.9213285446167  seconds  1.9849630595393304 1.8569733050797659 3.637060606060606
12.55159616470337  seconds  1.9849630595393304 1.8569733050797659 11.15158585858586
12.272940397262573  seconds  1.9849630595393304 1.8569733050797659 1.4554242424242425
12.280371904373169  seconds  1.9849630595393304 1.8569733050797659 2.546242424242424
12.537754774093628  seconds  1.9849630595393304 1.8569733050797659 5.818696969696971
12.42207384109497  seconds  1.9849630595393304 1.8569733050797659 6.909515151515152
9.235514879226685  seconds  1.9849630595393304 1.8569733050797659 9.212353535353536
12.150591135025024  seconds  1.9849630595393304 1.8569733050797659 8.000333333333334
9.150193452835083  seconds  1.9849630595393304 1.8569733050797659 3.7582626262626264
15.339049816131592  seconds  1.9849630595393304 1.8569733050797659 0.36460606060606066
12.092720031738281  seconds  1.9849630595393304 1.8569733050797659 10.181969696969697
15.474138021469116  seconds  1.9849630595393304 1.8569733050797659 4.7278787878787885
12.847419738769531  seconds  1.9849630595393304 1.8569733050797659 11.272787878787879
12.21271538734436  seconds  1.9849630595393304 1.8569733050797659 1.5766262626262626
12.21560025215149  seconds  1.9849630595393304 1.8569733050797659 2.6674444444444445
9.30729055404663  seconds  1.9849630595393304 1.8569733050797659 9.333555555555556
9.349348545074463  seconds  1.9849630595393304 1.8569733050797659 3.8794646464646467
12.06260085105896  seconds  1.9849630595393304 1.8569733050797659 5.939898989898991
11.551684141159058  seconds  1.9849630595393304 1.8569733050797659 0.48580808080808086
12.475788593292236  seconds  1.9849630595393304 1.8569733050797659 8.121535353535354
12.459829330444336  seconds  1.9849630595393304 1.8569733050797659 10.303171717171718
14.516119003295898  seconds  1.9849630595393304 1.8569733050797659 7.030717171717173
11.873309850692749  seconds  1.9849630595393304 1.8569733050797659 11.393989898989899
13.509363412857056  seconds  1.9849630595393304 1.8569733050797659 4.849080808080809
9.739895105361938  seconds  1.9849630595393304 1.8569733050797659 9.454757575757576
11.98572039604187  seconds  1.9849630595393304 1.8569733050797659 1.697828282828283
9.67812442779541  seconds  1.9849630595393304 1.8569733050797659 4.0006666666666675
11.832627534866333  seconds  1.9849630595393304 1.8569733050797659 2.788646464646465
9.728255987167358  seconds  1.9849630595393304 1.8569733050797659 0.6070101010101011
12.438234329223633  seconds  1.9849630595393304 1.8569733050797659 6.061101010101011
11.819053411483765  seconds  1.9849630595393304 1.8569733050797659 8.242737373737373
11.690317630767822  seconds  1.9849630595393304 1.8569733050797659 10.424373737373738
13.101578950881958  seconds  1.9849630595393304 1.8569733050797659 7.151919191919193
12.210974931716919  seconds  1.9849630595393304 1.8569733050797659 11.51519191919192
9.944782257080078  seconds  1.9849630595393304 1.8569733050797659 9.575959595959596
12.042099475860596  seconds  1.9849630595393304 1.8569733050797659 4.970282828282829
9.966924905776978  seconds  1.9849630595393304 1.8569733050797659 4.121868686868687
11.8496253490448  seconds  1.9849630595393304 1.8569733050797659 1.819030303030303
9.502326965332031  seconds  1.9849630595393304 1.8569733050797659 0.7282121212121213
11.748592853546143  seconds  1.9849630595393304 1.8569733050797659 2.909848484848485
11.91101622581482  seconds  1.9849630595393304 1.8569733050797659 6.182303030303031
11.952336311340332  seconds  1.9849630595393304 1.8569733050797659 8.363939393939393
11.966505765914917  seconds  1.9849630595393304 1.8569733050797659 10.545575757575758
11.72697138786316  seconds  1.9849630595393304 1.8569733050797659 7.273121212121213
10.300282955169678  seconds  1.9849630595393304 1.8569733050797659 9.697161616161617
10.289151906967163  seconds  1.9849630595393304 1.8569733050797659 4.243070707070708
12.243600606918335  seconds  1.9849630595393304 1.8569733050797659 11.63639393939394
9.744385004043579  seconds  1.9849630595393304 1.8569733050797659 0.8494141414141415
11.935580968856812  seconds  1.9849630595393304 1.8569733050797659 5.091484848484849
11.687927961349487  seconds  1.9849630595393304 1.8569733050797659 3.0310505050505054
11.721091270446777  seconds  1.9849630595393304 1.8569733050797659 1.9402323232323233
11.810379266738892  seconds  1.9849630595393304 1.8569733050797659 6.303505050505051
11.672085762023926  seconds  1.9849630595393304 1.8569733050797659 8.485141414141415
11.499271392822266  seconds  1.9849630595393304 1.8569733050797659 10.666777777777778
11.669004917144775  seconds  1.9849630595393304 1.8569733050797659 7.3943232323232335
9.805769920349121  seconds  1.9849630595393304 1.8569733050797659 0.9706161616161617
11.663863897323608  seconds  1.9849630595393304 1.8569733050797659 11.75759595959596
11.472229957580566  seconds  1.9849630595393304 1.8569733050797659 5.21268686868687
9.882622957229614  seconds  1.9849630595393304 1.8569733050797659 2.0614343434343434
11.431174278259277  seconds  1.9849630595393304 1.8569733050797659 3.1522525252525253
11.342855215072632  seconds  1.9849630595393304 1.8569733050797659 6.424707070707072
11.163278341293335  seconds  1.9849630595393304 1.8569733050797659 8.606343434343435
11.307946920394897  seconds  1.9849630595393304 1.8569733050797659 10.787979797979798
11.125808477401733  seconds  1.9849630595393304 1.8569733050797659 7.515525252525253
10.63384485244751  seconds  1.9849630595393304 1.8569733050797659 5.33388888888889
10.907119750976562  seconds  1.9849630595393304 1.8569733050797659 11.87879797979798
time for calc.... 115.4990496635437
Successfully created the directory dir_T_6.0_fit_SF_func_2021-11-09-22:02:10 
 plotting data from the run ...
saving data from the run ...
857.47user 299.98system 2:05.03elapsed 925%CPU (0avgtext+0avgdata 2981108maxresident)k
0inputs+560outputs (65major+9274869minor)pagefaults 0swaps
