reading lattice from... ./Lattices/sqKgridX8000.npy
reading lattice from... ./Lattices/sqKgridY8000.npy
starting sampling in reciprocal space....
 finished sampling in reciprocal space.... 0.07379412651062012
started calculating filling for chemical potential and dispersion parameters TB_single_band..
reading lattice from... ./Lattices/KgridX400.npy
reading lattice from... ./Lattices/KgridY400.npy
reading lattice from... ./Lattices/KgridX400.npy
reading lattice from... ./Lattices/KgridY400.npy
finished calculating filling for chemical potential
Filling: 0.5021914101708863 .... chemical potential: 29.41164495334965
the fermi velocity is rough 141.4672589743371
The fermi energy in mev is: 3064.1164088176356, and in units of J: 296.3362097502549, the bandwidth is:494.39071566731144
reading lattice from... ./Lattices/KgridX8000.npy
reading lattice from... ./Lattices/KgridY8000.npy
reading lattice from... ./Lattices/sqKgridX8000.npy
reading lattice from... ./Lattices/sqKgridY8000.npy
energy at the point.. 2.612699153466239 0.5406345067362022  is  7.400112771449585e-06
the angle is  0.20404589651971108
20 the fermi surface points 4 chunk numtheads
starting with calculation of Sigma
167.8100986480713  seconds  2.612699153466239 0.5406345067362022 0.5
167.3396496772766  seconds  2.724999792452247 0.543565534643328 0.5
158.77017402648926  seconds  2.8373004314382544 0.546496562550454 0.5
171.3046576976776  seconds  2.9496010704242623 0.5494275904575798 0.5
169.963125705719  seconds  3.0619017094102703 0.5523586183647058 0.5
168.53028297424316  seconds  2.640774313212741 0.5413672637129836 0.5
162.86080646514893  seconds  2.8653755911847565 0.5472293195272354 0.5
167.01988673210144  seconds  2.7530749521987485 0.5442982916201096 0.5
168.7996530532837  seconds  2.9776762301707644 0.5501603474343614 0.5
171.0806736946106  seconds  3.0899768691567724 0.5530913753414872 0.5
165.96984910964966  seconds  2.6688494729592427 0.5421000206897651 0.5
160.94967007637024  seconds  2.8934507509312586 0.5479620765040168 0.5
165.94853830337524  seconds  2.7811501119452506 0.545031048596891 0.5
166.44243693351746  seconds  3.0057513899172665 0.5508931044111428 0.5
169.31564259529114  seconds  3.118052028903274 0.5538241323182687 0.5
167.50754165649414  seconds  2.696924632705745 0.5428327776665466 0.5
162.76469612121582  seconds  2.9215259106777607 0.5486948334807984 0.5
165.51589918136597  seconds  2.8092252716917527 0.5457638055736724 0.5
165.53602170944214  seconds  3.033826549663768 0.5516258613879242 0.5
164.42011260986328  seconds  3.146127188649776 0.5545568892950502 0.5
time for calc.... 738.0401844978333
 plotting data from the run ...
saving data from the run ...
energy at the point.. 2.5966539165555025 0.8378965667101266  is  1.0400959698841916e-05
the angle is  0.3121349978541341
20 the fermi surface points 4 chunk numtheads
starting with calculation of Sigma
166.97732615470886  seconds  2.5966539165555025 0.8378965667101266 0.5
166.82575964927673  seconds  2.711048550214725 0.8484888458529057 0.5
167.99188876152039  seconds  2.8254431838739467 0.8590811249956848 0.5
167.15441370010376  seconds  2.939837817533169 0.869673404138464 0.5
163.69186353683472  seconds  3.054232451192391 0.8802656832812431 0.5
169.2752492427826  seconds  2.625252574970308 0.8405446364958213 0.5
168.84249305725098  seconds  2.7396472086295303 0.8511369156386005 0.5
168.08505868911743  seconds  2.854041842288752 0.8617291947813797 0.5
167.73142313957214  seconds  2.9684364759479744 0.8723214739241587 0.5
162.99250626564026  seconds  3.0828311096071968 0.8829137530669379 0.5
165.27897357940674  seconds  2.6538512333851134 0.8431927062815161 0.5
167.2289764881134  seconds  2.7682458670443357 0.8537849854242953 0.5
166.40240716934204  seconds  2.882640500703558 0.8643772645670744 0.5
166.43129587173462  seconds  2.99703513436278 0.8749695437098536 0.5
161.9333531856537  seconds  3.111429768022002 0.8855618228526326 0.5
Process ForkProcess-71:
Process ForkProcess-70:
Traceback (most recent call last):
  File "/home/jfm343/anaconda3/lib/python3.8/multiprocessing/process.py", line 315, in _bootstrap
    self.run()
  File "/home/jfm343/anaconda3/lib/python3.8/multiprocessing/process.py", line 108, in run
    self._target(*self._args, **self._kwargs)
  File "/home/jfm343/anaconda3/lib/python3.8/concurrent/futures/process.py", line 233, in _process_worker
    call_item = call_queue.get(block=True)
  File "/home/jfm343/anaconda3/lib/python3.8/multiprocessing/queues.py", line 97, in get
    res = self._recv_bytes()
  File "/home/jfm343/anaconda3/lib/python3.8/multiprocessing/connection.py", line 216, in recv_bytes
    buf = self._recv_bytes(maxlength)
  File "/home/jfm343/anaconda3/lib/python3.8/multiprocessing/connection.py", line 414, in _recv_bytes
    buf = self._recv(4)
  File "/home/jfm343/anaconda3/lib/python3.8/multiprocessing/connection.py", line 379, in _recv
    chunk = read(handle, remaining)
KeyboardInterrupt
Process ForkProcess-128:
Process ForkProcess-127:
Traceback (most recent call last):
  File "/home/jfm343/anaconda3/lib/python3.8/multiprocessing/process.py", line 315, in _bootstrap
    self.run()
  File "/home/jfm343/anaconda3/lib/python3.8/multiprocessing/process.py", line 108, in run
    self._target(*self._args, **self._kwargs)
  File "/home/jfm343/anaconda3/lib/python3.8/concurrent/futures/process.py", line 233, in _process_worker
    call_item = call_queue.get(block=True)
  File "/home/jfm343/anaconda3/lib/python3.8/multiprocessing/queues.py", line 96, in get
    with self._rlock:
  File "/home/jfm343/anaconda3/lib/python3.8/multiprocessing/synchronize.py", line 95, in __enter__
    return self._semlock.__enter__()
KeyboardInterrupt
Traceback (most recent call last):
  File "/home/jfm343/anaconda3/lib/python3.8/multiprocessing/process.py", line 315, in _bootstrap
    self.run()
  File "/home/jfm343/anaconda3/lib/python3.8/multiprocessing/process.py", line 108, in run
    self._target(*self._args, **self._kwargs)
  File "/home/jfm343/anaconda3/lib/python3.8/concurrent/futures/process.py", line 233, in _process_worker
    call_item = call_queue.get(block=True)
  File "/home/jfm343/anaconda3/lib/python3.8/multiprocessing/queues.py", line 96, in get
    with self._rlock:
  File "/home/jfm343/anaconda3/lib/python3.8/multiprocessing/synchronize.py", line 95, in __enter__
    return self._semlock.__enter__()
KeyboardInterrupt
Process ForkProcess-126:
Traceback (most recent call last):
  File "/home/jfm343/anaconda3/lib/python3.8/multiprocessing/process.py", line 315, in _bootstrap
    self.run()
  File "/home/jfm343/anaconda3/lib/python3.8/multiprocessing/process.py", line 108, in run
    self._target(*self._args, **self._kwargs)
  File "/home/jfm343/anaconda3/lib/python3.8/concurrent/futures/process.py", line 233, in _process_worker
    call_item = call_queue.get(block=True)
  File "/home/jfm343/anaconda3/lib/python3.8/multiprocessing/queues.py", line 96, in get
    with self._rlock:
  File "/home/jfm343/anaconda3/lib/python3.8/multiprocessing/synchronize.py", line 95, in __enter__
    return self._semlock.__enter__()
KeyboardInterrupt
Traceback (most recent call last):
  File "MomentumScan.py", line 1720, in <module>
    sys.exit(main())  # next section explains the use of sys.exit
  File "MomentumScan.py", line 1709, in main
    [shifts, q, delsd]=SE.parInt_q( theta, w, Machine, sq)
  File "MomentumScan.py", line 1200, in parInt_q
    for result in results:
  File "/home/jfm343/anaconda3/lib/python3.8/concurrent/futures/process.py", line 484, in _chain_from_iterable_of_lists
    for element in iterable:
  File "/home/jfm343/anaconda3/lib/python3.8/concurrent/futures/_base.py", line 611, in result_iterator
    yield fs.pop().result()
  File "/home/jfm343/anaconda3/lib/python3.8/concurrent/futures/_base.py", line 434, in result
    self._condition.wait(timeout)
  File "/home/jfm343/anaconda3/lib/python3.8/threading.py", line 302, in wait
    waiter.acquire()
KeyboardInterrupt
Command terminated by signal 2
4977.24user 1250.86system 22:21.79elapsed 464%CPU (0avgtext+0avgdata 38259096maxresident)k
192inputs+125872outputs (129major+61325318minor)pagefaults 0swaps
