reading lattice from... ./Lattices/sqKgridX6000.npy
reading lattice from... ./Lattices/sqKgridY6000.npy
starting sampling in reciprocal space....
 finished sampling in reciprocal space.... 0.05901932716369629
started calculating filling for chemical potential and dispersion parameters TB_single_band..
reading lattice from... ./Lattices/KgridX400.npy
reading lattice from... ./Lattices/KgridY400.npy
reading lattice from... ./Lattices/KgridX400.npy
reading lattice from... ./Lattices/KgridY400.npy
finished calculating filling for chemical potential
Filling: 0.5021914101708863 .... chemical potential: 29.41164495334965
The fermi energy in mev is: 3064.1164088176356, and in units of J: 296.3362097502549, the bandwidth is:494.39071566731144
reading lattice from... ./Lattices/KgridX6000.npy
reading lattice from... ./Lattices/KgridY6000.npy
reading lattice from... ./Lattices/sqKgridX6000.npy
reading lattice from... ./Lattices/sqKgridY6000.npy
energy at the point.. 2.616965833149795 -0.012168622338113444  is  4.813565695371835e-06
the angle is  -0.0046498637787463866
200 the fermi surface points 10 chunk numtheads
starting with calculation of Sigma
64.18858671188354  seconds  2.616965833149795 -0.012168622338113444 0.0
66.29610538482666  seconds  2.616965833149795 -0.012168622338113444 1.0
67.73281908035278  seconds  2.616965833149795 -0.012168622338113444 2.0
67.83882713317871  seconds  2.616965833149795 -0.012168622338113444 3.0
62.94767713546753  seconds  2.616965833149795 -0.012168622338113444 4.0
66.16684198379517  seconds  2.616965833149795 -0.012168622338113444 5.0
66.8981728553772  seconds  2.616965833149795 -0.012168622338113444 7.0
74.52270555496216  seconds  2.616965833149795 -0.012168622338113444 6.0
76.60309433937073  seconds  2.616965833149795 -0.012168622338113444 8.0
79.69056487083435  seconds  2.616965833149795 -0.012168622338113444 9.0
80.06943154335022  seconds  2.616965833149795 -0.012168622338113444 10.0
71.35913562774658  seconds  2.616965833149795 -0.012168622338113444 12.0
80.51915788650513  seconds  2.616965833149795 -0.012168622338113444 11.0
82.6431987285614  seconds  2.616965833149795 -0.012168622338113444 0.1
83.40911316871643  seconds  2.616965833149795 -0.012168622338113444 13.0
73.92919826507568  seconds  2.616965833149795 -0.012168622338113444 4.1000000000000005
85.49197697639465  seconds  2.616965833149795 -0.012168622338113444 1.1
86.9723858833313  seconds  2.616965833149795 -0.012168622338113444 14.0
73.54975843429565  seconds  2.616965833149795 -0.012168622338113444 5.1000000000000005
85.69069623947144  seconds  2.616965833149795 -0.012168622338113444 15.0
88.85529899597168  seconds  2.616965833149795 -0.012168622338113444 2.1
84.32801127433777  seconds  2.616965833149795 -0.012168622338113444 3.1
83.0011510848999  seconds  2.616965833149795 -0.012168622338113444 16.0
73.088698387146  seconds  2.616965833149795 -0.012168622338113444 7.1000000000000005
83.24994087219238  seconds  2.616965833149795 -0.012168622338113444 17.0
83.83870935440063  seconds  2.616965833149795 -0.012168622338113444 18.0
81.53587031364441  seconds  2.616965833149795 -0.012168622338113444 19.0
72.15580749511719  seconds  2.616965833149795 -0.012168622338113444 8.1
85.83835101127625  seconds  2.616965833149795 -0.012168622338113444 6.1000000000000005
73.95653963088989  seconds  2.616965833149795 -0.012168622338113444 9.1
73.98041772842407  seconds  2.616965833149795 -0.012168622338113444 12.100000000000001
79.01075959205627  seconds  2.616965833149795 -0.012168622338113444 10.100000000000001
79.71858716011047  seconds  2.616965833149795 -0.012168622338113444 11.100000000000001
77.09938979148865  seconds  2.616965833149795 -0.012168622338113444 0.2
75.24953746795654  seconds  2.616965833149795 -0.012168622338113444 13.100000000000001
73.44577145576477  seconds  2.616965833149795 -0.012168622338113444 4.2
77.34859871864319  seconds  2.616965833149795 -0.012168622338113444 1.2000000000000002
72.84407210350037  seconds  2.616965833149795 -0.012168622338113444 5.2
77.55621790885925  seconds  2.616965833149795 -0.012168622338113444 14.100000000000001
76.58877849578857  seconds  2.616965833149795 -0.012168622338113444 15.100000000000001
76.0041937828064  seconds  2.616965833149795 -0.012168622338113444 2.2
77.9330005645752  seconds  2.616965833149795 -0.012168622338113444 3.2
78.20610666275024  seconds  2.616965833149795 -0.012168622338113444 16.1
74.35012984275818  seconds  2.616965833149795 -0.012168622338113444 7.2
76.94530487060547  seconds  2.616965833149795 -0.012168622338113444 17.1
77.30839943885803  seconds  2.616965833149795 -0.012168622338113444 18.1
73.47417259216309  seconds  2.616965833149795 -0.012168622338113444 8.200000000000001
77.35255002975464  seconds  2.616965833149795 -0.012168622338113444 19.1
75.73403358459473  seconds  2.616965833149795 -0.012168622338113444 6.2
72.95059323310852  seconds  2.616965833149795 -0.012168622338113444 9.200000000000001
74.19799590110779  seconds  2.616965833149795 -0.012168622338113444 12.200000000000001
77.08852362632751  seconds  2.616965833149795 -0.012168622338113444 10.200000000000001
76.85099053382874  seconds  2.616965833149795 -0.012168622338113444 11.200000000000001
76.53384828567505  seconds  2.616965833149795 -0.012168622338113444 0.30000000000000004
73.70460438728333  seconds  2.616965833149795 -0.012168622338113444 13.200000000000001
73.96985292434692  seconds  2.616965833149795 -0.012168622338113444 4.3
76.37348794937134  seconds  2.616965833149795 -0.012168622338113444 1.3
73.59498262405396  seconds  2.616965833149795 -0.012168622338113444 5.300000000000001
73.09220910072327  seconds  2.616965833149795 -0.012168622338113444 2.3000000000000003
77.35102772712708  seconds  2.616965833149795 -0.012168622338113444 14.200000000000001
76.12524962425232  seconds  2.616965833149795 -0.012168622338113444 15.200000000000001
72.5102071762085  seconds  2.616965833149795 -0.012168622338113444 7.300000000000001
77.55425357818604  seconds  2.616965833149795 -0.012168622338113444 3.3000000000000003
77.00552177429199  seconds  2.616965833149795 -0.012168622338113444 16.2
76.56804847717285  seconds  2.616965833149795 -0.012168622338113444 17.2
72.53265285491943  seconds  2.616965833149795 -0.012168622338113444 8.3
77.17226648330688  seconds  2.616965833149795 -0.012168622338113444 18.2
73.22428131103516  seconds  2.616965833149795 -0.012168622338113444 6.300000000000001
76.28380727767944  seconds  2.616965833149795 -0.012168622338113444 19.200000000000003
72.41705679893494  seconds  2.616965833149795 -0.012168622338113444 9.3
72.43319010734558  seconds  2.616965833149795 -0.012168622338113444 12.3
77.20799207687378  seconds  2.616965833149795 -0.012168622338113444 10.3
77.36072397232056  seconds  2.616965833149795 -0.012168622338113444 11.3
73.24218153953552  seconds  2.616965833149795 -0.012168622338113444 13.3
72.85122275352478  seconds  2.616965833149795 -0.012168622338113444 4.4
76.96836948394775  seconds  2.616965833149795 -0.012168622338113444 0.4
72.22046661376953  seconds  2.616965833149795 -0.012168622338113444 5.4
71.39797568321228  seconds  2.616965833149795 -0.012168622338113444 2.4000000000000004
76.62909841537476  seconds  2.616965833149795 -0.012168622338113444 1.4000000000000001
78.38546895980835  seconds  2.616965833149795 -0.012168622338113444 14.3
73.09504842758179  seconds  2.616965833149795 -0.012168622338113444 7.4
77.2961847782135  seconds  2.616965833149795 -0.012168622338113444 15.3
77.06329703330994  seconds  2.616965833149795 -0.012168622338113444 3.4000000000000004
76.70134019851685  seconds  2.616965833149795 -0.012168622338113444 16.3
71.86293649673462  seconds  2.616965833149795 -0.012168622338113444 8.4
76.41295838356018  seconds  2.616965833149795 -0.012168622338113444 17.3
72.80540132522583  seconds  2.616965833149795 -0.012168622338113444 6.4
78.03353428840637  seconds  2.616965833149795 -0.012168622338113444 18.3
73.40892672538757  seconds  2.616965833149795 -0.012168622338113444 9.4
78.06209349632263  seconds  2.616965833149795 -0.012168622338113444 19.3
73.50858449935913  seconds  2.616965833149795 -0.012168622338113444 12.4
77.99732041358948  seconds  2.616965833149795 -0.012168622338113444 10.4
73.2883951663971  seconds  2.616965833149795 -0.012168622338113444 13.4
77.7747049331665  seconds  2.616965833149795 -0.012168622338113444 11.4
73.0434238910675  seconds  2.616965833149795 -0.012168622338113444 4.5
76.57744312286377  seconds  2.616965833149795 -0.012168622338113444 0.5
73.26219940185547  seconds  2.616965833149795 -0.012168622338113444 5.5
72.90163803100586  seconds  2.616965833149795 -0.012168622338113444 2.5
76.87806248664856  seconds  2.616965833149795 -0.012168622338113444 1.5
71.9593026638031  seconds  2.616965833149795 -0.012168622338113444 7.5
76.57887196540833  seconds  2.616965833149795 -0.012168622338113444 14.4
78.8925473690033  seconds  2.616965833149795 -0.012168622338113444 15.4
77.62731194496155  seconds  2.616965833149795 -0.012168622338113444 3.5
71.97265934944153  seconds  2.616965833149795 -0.012168622338113444 8.5
77.7458291053772  seconds  2.616965833149795 -0.012168622338113444 16.400000000000002
77.11687517166138  seconds  2.616965833149795 -0.012168622338113444 17.400000000000002
72.79554629325867  seconds  2.616965833149795 -0.012168622338113444 6.5
71.75553464889526  seconds  2.616965833149795 -0.012168622338113444 9.5
76.35873436927795  seconds  2.616965833149795 -0.012168622338113444 18.400000000000002
76.87943577766418  seconds  2.616965833149795 -0.012168622338113444 19.400000000000002
73.2508749961853  seconds  2.616965833149795 -0.012168622338113444 12.5
72.11000347137451  seconds  2.616965833149795 -0.012168622338113444 13.5
76.24248170852661  seconds  2.616965833149795 -0.012168622338113444 10.5
72.29806089401245  seconds  2.616965833149795 -0.012168622338113444 4.6000000000000005
76.8323061466217  seconds  2.616965833149795 -0.012168622338113444 11.5
72.58600378036499  seconds  2.616965833149795 -0.012168622338113444 5.6000000000000005
71.8719789981842  seconds  2.616965833149795 -0.012168622338113444 2.6
77.66732478141785  seconds  2.616965833149795 -0.012168622338113444 0.6000000000000001
72.62200117111206  seconds  2.616965833149795 -0.012168622338113444 7.6000000000000005
76.12599992752075  seconds  2.616965833149795 -0.012168622338113444 1.6
76.74095845222473  seconds  2.616965833149795 -0.012168622338113444 14.5
76.54327344894409  seconds  2.616965833149795 -0.012168622338113444 15.5
73.5158383846283  seconds  2.616965833149795 -0.012168622338113444 8.6
77.63349199295044  seconds  2.616965833149795 -0.012168622338113444 3.6
76.77292776107788  seconds  2.616965833149795 -0.012168622338113444 16.5
71.97663712501526  seconds  2.616965833149795 -0.012168622338113444 6.6000000000000005
76.38669180870056  seconds  2.616965833149795 -0.012168622338113444 17.5
72.79479455947876  seconds  2.616965833149795 -0.012168622338113444 9.600000000000001
78.37570714950562  seconds  2.616965833149795 -0.012168622338113444 18.5
77.49516820907593  seconds  2.616965833149795 -0.012168622338113444 19.5
72.79628872871399  seconds  2.616965833149795 -0.012168622338113444 12.600000000000001
73.69507265090942  seconds  2.616965833149795 -0.012168622338113444 13.600000000000001
73.28146076202393  seconds  2.616965833149795 -0.012168622338113444 4.7
77.36705827713013  seconds  2.616965833149795 -0.012168622338113444 10.600000000000001
74.48227095603943  seconds  2.616965833149795 -0.012168622338113444 5.7
77.56252670288086  seconds  2.616965833149795 -0.012168622338113444 11.600000000000001
73.34497308731079  seconds  2.616965833149795 -0.012168622338113444 2.7
76.68038582801819  seconds  2.616965833149795 -0.012168622338113444 0.7000000000000001
73.89667534828186  seconds  2.616965833149795 -0.012168622338113444 7.7
77.93544912338257  seconds  2.616965833149795 -0.012168622338113444 1.7000000000000002
77.98983263969421  seconds  2.616965833149795 -0.012168622338113444 14.600000000000001
75.62281680107117  seconds  2.616965833149795 -0.012168622338113444 8.700000000000001
77.66445183753967  seconds  2.616965833149795 -0.012168622338113444 15.600000000000001
74.77241230010986  seconds  2.616965833149795 -0.012168622338113444 6.7
79.31332492828369  seconds  2.616965833149795 -0.012168622338113444 3.7
77.19372200965881  seconds  2.616965833149795 -0.012168622338113444 16.6
77.22058939933777  seconds  2.616965833149795 -0.012168622338113444 17.6
74.54755973815918  seconds  2.616965833149795 -0.012168622338113444 9.700000000000001
77.6433699131012  seconds  2.616965833149795 -0.012168622338113444 18.6
75.44161367416382  seconds  2.616965833149795 -0.012168622338113444 12.700000000000001
77.407799243927  seconds  2.616965833149795 -0.012168622338113444 19.6
74.53452897071838  seconds  2.616965833149795 -0.012168622338113444 13.700000000000001
74.64346766471863  seconds  2.616965833149795 -0.012168622338113444 4.800000000000001
76.53727436065674  seconds  2.616965833149795 -0.012168622338113444 10.700000000000001
74.91974425315857  seconds  2.616965833149795 -0.012168622338113444 5.800000000000001
75.25189113616943  seconds  2.616965833149795 -0.012168622338113444 2.8000000000000003
78.0797472000122  seconds  2.616965833149795 -0.012168622338113444 11.700000000000001
77.1629331111908  seconds  2.616965833149795 -0.012168622338113444 0.8
74.67749285697937  seconds  2.616965833149795 -0.012168622338113444 7.800000000000001
78.51580476760864  seconds  2.616965833149795 -0.012168622338113444 1.8
75.40155410766602  seconds  2.616965833149795 -0.012168622338113444 8.8
78.187668800354  seconds  2.616965833149795 -0.012168622338113444 14.700000000000001
77.16440773010254  seconds  2.616965833149795 -0.012168622338113444 15.700000000000001
74.84586691856384  seconds  2.616965833149795 -0.012168622338113444 6.800000000000001
76.11369061470032  seconds  2.616965833149795 -0.012168622338113444 9.8
80.95193815231323  seconds  2.616965833149795 -0.012168622338113444 3.8000000000000003
80.33442521095276  seconds  2.616965833149795 -0.012168622338113444 16.7
78.93108654022217  seconds  2.616965833149795 -0.012168622338113444 17.7
75.79116034507751  seconds  2.616965833149795 -0.012168622338113444 12.8
78.71296572685242  seconds  2.616965833149795 -0.012168622338113444 18.7
77.10961246490479  seconds  2.616965833149795 -0.012168622338113444 19.700000000000003
74.30318093299866  seconds  2.616965833149795 -0.012168622338113444 13.8
74.25753545761108  seconds  2.616965833149795 -0.012168622338113444 4.9
77.58478569984436  seconds  2.616965833149795 -0.012168622338113444 10.8
74.4688150882721  seconds  2.616965833149795 -0.012168622338113444 5.9
74.25372338294983  seconds  2.616965833149795 -0.012168622338113444 2.9000000000000004
78.56188464164734  seconds  2.616965833149795 -0.012168622338113444 11.8
73.8459632396698  seconds  2.616965833149795 -0.012168622338113444 7.9
76.73860359191895  seconds  2.616965833149795 -0.012168622338113444 0.9
70.63252425193787  seconds  2.616965833149795 -0.012168622338113444 8.9
78.22964119911194  seconds  2.616965833149795 -0.012168622338113444 1.9000000000000001
69.53119349479675  seconds  2.616965833149795 -0.012168622338113444 6.9
76.23761630058289  seconds  2.616965833149795 -0.012168622338113444 14.8
75.64649486541748  seconds  2.616965833149795 -0.012168622338113444 15.8
68.34808659553528  seconds  2.616965833149795 -0.012168622338113444 9.9
75.87550354003906  seconds  2.616965833149795 -0.012168622338113444 3.9000000000000004
75.9662036895752  seconds  2.616965833149795 -0.012168622338113444 16.8
74.44341230392456  seconds  2.616965833149795 -0.012168622338113444 17.8
67.37126088142395  seconds  2.616965833149795 -0.012168622338113444 12.9
73.35980653762817  seconds  2.616965833149795 -0.012168622338113444 18.8
72.60628461837769  seconds  2.616965833149795 -0.012168622338113444 19.8
63.43021583557129  seconds  2.616965833149795 -0.012168622338113444 13.9
70.43607091903687  seconds  2.616965833149795 -0.012168622338113444 10.9
69.28521704673767  seconds  2.616965833149795 -0.012168622338113444 11.9
66.8410062789917  seconds  2.616965833149795 -0.012168622338113444 14.9
66.0128972530365  seconds  2.616965833149795 -0.012168622338113444 15.9
61.271568298339844  seconds  2.616965833149795 -0.012168622338113444 16.900000000000002
63.16857409477234  seconds  2.616965833149795 -0.012168622338113444 17.900000000000002
62.26651048660278  seconds  2.616965833149795 -0.012168622338113444 18.900000000000002
63.20671081542969  seconds  2.616965833149795 -0.012168622338113444 19.900000000000002
time for calc.... 871.1288721561432
 plotting data from the run ...
saving data from the run ...
energy at the point.. 2.61642751975197 0.2659713168187743  is  6.169288720769828e-06
the angle is  0.10130638257107663
200 the fermi surface points 10 chunk numtheads
starting with calculation of Sigma
66.44339442253113  seconds  2.61642751975197 0.2659713168187743 0.0
68.29782319068909  seconds  2.61642751975197 0.2659713168187743 1.0
66.31836032867432  seconds  2.61642751975197 0.2659713168187743 2.0
69.54068779945374  seconds  2.61642751975197 0.2659713168187743 3.0
70.60771036148071  seconds  2.61642751975197 0.2659713168187743 4.0
73.29959797859192  seconds  2.61642751975197 0.2659713168187743 5.0
77.3137218952179  seconds  2.61642751975197 0.2659713168187743 6.0
78.18228602409363  seconds  2.61642751975197 0.2659713168187743 7.0
69.8187370300293  seconds  2.61642751975197 0.2659713168187743 9.0
79.75114345550537  seconds  2.61642751975197 0.2659713168187743 8.0
78.48778557777405  seconds  2.61642751975197 0.2659713168187743 10.0
80.40305781364441  seconds  2.61642751975197 0.2659713168187743 11.0
79.86639380455017  seconds  2.61642751975197 0.2659713168187743 12.0
68.58002209663391  seconds  2.61642751975197 0.2659713168187743 2.1
79.87991881370544  seconds  2.61642751975197 0.2659713168187743 0.1
83.20391488075256  seconds  2.61642751975197 0.2659713168187743 13.0
81.33011937141418  seconds  2.61642751975197 0.2659713168187743 1.1
74.73701238632202  seconds  2.61642751975197 0.2659713168187743 15.0
70.5677137374878  seconds  2.61642751975197 0.2659713168187743 3.1
79.9171154499054  seconds  2.61642751975197 0.2659713168187743 14.0
68.87155842781067  seconds  2.61642751975197 0.2659713168187743 4.1000000000000005
79.9936044216156  seconds  2.61642751975197 0.2659713168187743 16.0
74.12114882469177  seconds  2.61642751975197 0.2659713168187743 18.0
80.65158152580261  seconds  2.61642751975197 0.2659713168187743 17.0
78.6952064037323  seconds  2.61642751975197 0.2659713168187743 5.1000000000000005
80.51749062538147  seconds  2.61642751975197 0.2659713168187743 19.0
70.71740484237671  seconds  2.61642751975197 0.2659713168187743 9.1
79.95757865905762  seconds  2.61642751975197 0.2659713168187743 6.1000000000000005
79.65372204780579  seconds  2.61642751975197 0.2659713168187743 7.1000000000000005
72.759272813797  seconds  2.61642751975197 0.2659713168187743 8.1
79.63817834854126  seconds  2.61642751975197 0.2659713168187743 10.100000000000001
71.97370100021362  seconds  2.61642751975197 0.2659713168187743 2.2
81.17134475708008  seconds  2.61642751975197 0.2659713168187743 11.100000000000001
80.99867224693298  seconds  2.61642751975197 0.2659713168187743 12.100000000000001
80.38641142845154  seconds  2.61642751975197 0.2659713168187743 0.2
74.3271427154541  seconds  2.61642751975197 0.2659713168187743 3.2
74.67910742759705  seconds  2.61642751975197 0.2659713168187743 15.100000000000001
73.32086539268494  seconds  2.61642751975197 0.2659713168187743 4.2
80.81280183792114  seconds  2.61642751975197 0.2659713168187743 13.100000000000001
81.31091642379761  seconds  2.61642751975197 0.2659713168187743 1.2000000000000002
83.85070133209229  seconds  2.61642751975197 0.2659713168187743 14.100000000000001
71.98415637016296  seconds  2.61642751975197 0.2659713168187743 18.1
78.64171290397644  seconds  2.61642751975197 0.2659713168187743 16.1
72.16316819190979  seconds  2.61642751975197 0.2659713168187743 5.2
79.43597078323364  seconds  2.61642751975197 0.2659713168187743 17.1
72.93056178092957  seconds  2.61642751975197 0.2659713168187743 9.200000000000001
80.7006025314331  seconds  2.61642751975197 0.2659713168187743 19.1
73.14040851593018  seconds  2.61642751975197 0.2659713168187743 8.200000000000001
81.48672842979431  seconds  2.61642751975197 0.2659713168187743 6.2
79.51043605804443  seconds  2.61642751975197 0.2659713168187743 7.2
77.45730829238892  seconds  2.61642751975197 0.2659713168187743 10.200000000000001
73.59226250648499  seconds  2.61642751975197 0.2659713168187743 2.3000000000000003
77.4417290687561  seconds  2.61642751975197 0.2659713168187743 11.200000000000001
71.95210146903992  seconds  2.61642751975197 0.2659713168187743 3.3000000000000003
72.86858797073364  seconds  2.61642751975197 0.2659713168187743 15.200000000000001
78.40823864936829  seconds  2.61642751975197 0.2659713168187743 12.200000000000001
76.89699459075928  seconds  2.61642751975197 0.2659713168187743 0.30000000000000004
72.98010635375977  seconds  2.61642751975197 0.2659713168187743 4.3
76.60784125328064  seconds  2.61642751975197 0.2659713168187743 13.200000000000001
78.15767765045166  seconds  2.61642751975197 0.2659713168187743 1.3
75.69909405708313  seconds  2.61642751975197 0.2659713168187743 14.200000000000001
73.09923672676086  seconds  2.61642751975197 0.2659713168187743 18.2
73.37039613723755  seconds  2.61642751975197 0.2659713168187743 5.300000000000001
78.25994157791138  seconds  2.61642751975197 0.2659713168187743 16.2
72.25690984725952  seconds  2.61642751975197 0.2659713168187743 9.3
80.6494791507721  seconds  2.61642751975197 0.2659713168187743 17.2
74.48185896873474  seconds  2.61642751975197 0.2659713168187743 8.3
79.14804792404175  seconds  2.61642751975197 0.2659713168187743 19.200000000000003
80.3712990283966  seconds  2.61642751975197 0.2659713168187743 6.300000000000001
80.49239659309387  seconds  2.61642751975197 0.2659713168187743 7.300000000000001
74.27442455291748  seconds  2.61642751975197 0.2659713168187743 2.4000000000000004
78.53132367134094  seconds  2.61642751975197 0.2659713168187743 10.3
74.23930668830872  seconds  2.61642751975197 0.2659713168187743 3.4000000000000004
79.81717300415039  seconds  2.61642751975197 0.2659713168187743 11.3
74.68866777420044  seconds  2.61642751975197 0.2659713168187743 15.3
73.94625425338745  seconds  2.61642751975197 0.2659713168187743 4.4
78.92307662963867  seconds  2.61642751975197 0.2659713168187743 12.3
79.40911102294922  seconds  2.61642751975197 0.2659713168187743 0.4
74.44302415847778  seconds  2.61642751975197 0.2659713168187743 14.3
79.91399645805359  seconds  2.61642751975197 0.2659713168187743 13.3
74.11145305633545  seconds  2.61642751975197 0.2659713168187743 18.3
80.07439804077148  seconds  2.61642751975197 0.2659713168187743 1.4000000000000001
73.6549699306488  seconds  2.61642751975197 0.2659713168187743 5.4
76.75296306610107  seconds  2.61642751975197 0.2659713168187743 16.3
73.26609802246094  seconds  2.61642751975197 0.2659713168187743 9.4
76.90316700935364  seconds  2.61642751975197 0.2659713168187743 17.3
72.7181465625763  seconds  2.61642751975197 0.2659713168187743 8.4
76.66534566879272  seconds  2.61642751975197 0.2659713168187743 19.3
76.71666932106018  seconds  2.61642751975197 0.2659713168187743 6.4
76.82231640815735  seconds  2.61642751975197 0.2659713168187743 7.4
73.25787949562073  seconds  2.61642751975197 0.2659713168187743 2.5
78.8351399898529  seconds  2.61642751975197 0.2659713168187743 10.4
75.00614595413208  seconds  2.61642751975197 0.2659713168187743 3.5
75.04855585098267  seconds  2.61642751975197 0.2659713168187743 15.4
75.69653797149658  seconds  2.61642751975197 0.2659713168187743 4.5
81.068608045578  seconds  2.61642751975197 0.2659713168187743 11.4
80.06700992584229  seconds  2.61642751975197 0.2659713168187743 12.4
79.75563836097717  seconds  2.61642751975197 0.2659713168187743 0.5
75.4137225151062  seconds  2.61642751975197 0.2659713168187743 14.4
74.28458070755005  seconds  2.61642751975197 0.2659713168187743 18.400000000000002
78.13911437988281  seconds  2.61642751975197 0.2659713168187743 13.4
73.75301384925842  seconds  2.61642751975197 0.2659713168187743 5.5
76.91321110725403  seconds  2.61642751975197 0.2659713168187743 1.5
78.42170786857605  seconds  2.61642751975197 0.2659713168187743 16.400000000000002
73.51070761680603  seconds  2.61642751975197 0.2659713168187743 9.5
77.96737861633301  seconds  2.61642751975197 0.2659713168187743 17.400000000000002
74.5019302368164  seconds  2.61642751975197 0.2659713168187743 8.5
79.14423036575317  seconds  2.61642751975197 0.2659713168187743 19.400000000000002
80.29995131492615  seconds  2.61642751975197 0.2659713168187743 6.5
77.13589763641357  seconds  2.61642751975197 0.2659713168187743 7.5
73.47866654396057  seconds  2.61642751975197 0.2659713168187743 2.6
77.01883268356323  seconds  2.61642751975197 0.2659713168187743 10.5
72.16421127319336  seconds  2.61642751975197 0.2659713168187743 3.6
73.1119863986969  seconds  2.61642751975197 0.2659713168187743 15.5
72.42271780967712  seconds  2.61642751975197 0.2659713168187743 4.6000000000000005
76.06073689460754  seconds  2.61642751975197 0.2659713168187743 11.5
73.45768356323242  seconds  2.61642751975197 0.2659713168187743 14.5
73.11179089546204  seconds  2.61642751975197 0.2659713168187743 18.5
77.69908118247986  seconds  2.61642751975197 0.2659713168187743 12.5
78.73267006874084  seconds  2.61642751975197 0.2659713168187743 0.6000000000000001
73.17610669136047  seconds  2.61642751975197 0.2659713168187743 5.6000000000000005
77.8146550655365  seconds  2.61642751975197 0.2659713168187743 13.5
77.1239402294159  seconds  2.61642751975197 0.2659713168187743 1.6
74.86059379577637  seconds  2.61642751975197 0.2659713168187743 9.600000000000001
79.44546627998352  seconds  2.61642751975197 0.2659713168187743 16.5
76.2410819530487  seconds  2.61642751975197 0.2659713168187743 8.6
79.9605770111084  seconds  2.61642751975197 0.2659713168187743 17.5
78.83873462677002  seconds  2.61642751975197 0.2659713168187743 19.5
74.3392105102539  seconds  2.61642751975197 0.2659713168187743 2.7
78.94238376617432  seconds  2.61642751975197 0.2659713168187743 6.6000000000000005
81.12810134887695  seconds  2.61642751975197 0.2659713168187743 7.6000000000000005
76.11449241638184  seconds  2.61642751975197 0.2659713168187743 3.7
75.75042128562927  seconds  2.61642751975197 0.2659713168187743 15.600000000000001
79.02255868911743  seconds  2.61642751975197 0.2659713168187743 10.600000000000001
75.19710516929626  seconds  2.61642751975197 0.2659713168187743 4.7
76.2206780910492  seconds  2.61642751975197 0.2659713168187743 11.600000000000001
74.51511693000793  seconds  2.61642751975197 0.2659713168187743 14.600000000000001
74.33078360557556  seconds  2.61642751975197 0.2659713168187743 18.6
75.01380896568298  seconds  2.61642751975197 0.2659713168187743 5.7
80.23274803161621  seconds  2.61642751975197 0.2659713168187743 12.600000000000001
79.79689574241638  seconds  2.61642751975197 0.2659713168187743 0.7000000000000001
79.54623532295227  seconds  2.61642751975197 0.2659713168187743 13.600000000000001
72.224374294281  seconds  2.61642751975197 0.2659713168187743 9.700000000000001
79.81710767745972  seconds  2.61642751975197 0.2659713168187743 1.7000000000000002
78.15208768844604  seconds  2.61642751975197 0.2659713168187743 16.6
76.87582778930664  seconds  2.61642751975197 0.2659713168187743 8.700000000000001
78.93210697174072  seconds  2.61642751975197 0.2659713168187743 17.6
78.49784469604492  seconds  2.61642751975197 0.2659713168187743 19.6
78.79639005661011  seconds  2.61642751975197 0.2659713168187743 2.8000000000000003
79.1346423625946  seconds  2.61642751975197 0.2659713168187743 6.7
79.43778228759766  seconds  2.61642751975197 0.2659713168187743 7.7
78.16506242752075  seconds  2.61642751975197 0.2659713168187743 3.8000000000000003
77.76074838638306  seconds  2.61642751975197 0.2659713168187743 15.700000000000001
76.59004831314087  seconds  2.61642751975197 0.2659713168187743 4.800000000000001
78.17786693572998  seconds  2.61642751975197 0.2659713168187743 10.700000000000001
77.44439888000488  seconds  2.61642751975197 0.2659713168187743 11.700000000000001
77.6389467716217  seconds  2.61642751975197 0.2659713168187743 14.700000000000001
76.98634266853333  seconds  2.61642751975197 0.2659713168187743 18.7
76.74052572250366  seconds  2.61642751975197 0.2659713168187743 5.800000000000001
79.06343722343445  seconds  2.61642751975197 0.2659713168187743 12.700000000000001
78.41632413864136  seconds  2.61642751975197 0.2659713168187743 0.8
75.7308120727539  seconds  2.61642751975197 0.2659713168187743 9.8
79.18154263496399  seconds  2.61642751975197 0.2659713168187743 13.700000000000001
77.75022268295288  seconds  2.61642751975197 0.2659713168187743 1.8
78.90055179595947  seconds  2.61642751975197 0.2659713168187743 16.7
74.22010207176208  seconds  2.61642751975197 0.2659713168187743 8.8
79.3556158542633  seconds  2.61642751975197 0.2659713168187743 17.7
71.78626418113708  seconds  2.61642751975197 0.2659713168187743 2.9000000000000004
77.31722235679626  seconds  2.61642751975197 0.2659713168187743 19.700000000000003
77.27147078514099  seconds  2.61642751975197 0.2659713168187743 6.800000000000001
77.0510766506195  seconds  2.61642751975197 0.2659713168187743 7.800000000000001
72.71932578086853  seconds  2.61642751975197 0.2659713168187743 3.9000000000000004
72.59865951538086  seconds  2.61642751975197 0.2659713168187743 15.8
72.06869721412659  seconds  2.61642751975197 0.2659713168187743 4.9
76.5514190196991  seconds  2.61642751975197 0.2659713168187743 10.8
71.56241250038147  seconds  2.61642751975197 0.2659713168187743 14.8
71.80038213729858  seconds  2.61642751975197 0.2659713168187743 18.8
77.5387635231018  seconds  2.61642751975197 0.2659713168187743 11.8
72.64493298530579  seconds  2.61642751975197 0.2659713168187743 5.9
72.58324384689331  seconds  2.61642751975197 0.2659713168187743 9.9
79.67705512046814  seconds  2.61642751975197 0.2659713168187743 0.9
81.28916358947754  seconds  2.61642751975197 0.2659713168187743 12.8
78.99616241455078  seconds  2.61642751975197 0.2659713168187743 13.8
70.07339930534363  seconds  2.61642751975197 0.2659713168187743 8.9
81.57243299484253  seconds  2.61642751975197 0.2659713168187743 1.9000000000000001
74.71123600006104  seconds  2.61642751975197 0.2659713168187743 16.8
75.71968817710876  seconds  2.61642751975197 0.2659713168187743 17.8
76.23732686042786  seconds  2.61642751975197 0.2659713168187743 19.8
64.59395623207092  seconds  2.61642751975197 0.2659713168187743 15.9
75.07626223564148  seconds  2.61642751975197 0.2659713168187743 6.9
75.07069087028503  seconds  2.61642751975197 0.2659713168187743 7.9
64.04173135757446  seconds  2.61642751975197 0.2659713168187743 14.9
63.65562033653259  seconds  2.61642751975197 0.2659713168187743 18.900000000000002
73.73714709281921  seconds  2.61642751975197 0.2659713168187743 10.9
71.42673969268799  seconds  2.61642751975197 0.2659713168187743 11.9
67.97849678993225  seconds  2.61642751975197 0.2659713168187743 12.9
69.79393196105957  seconds  2.61642751975197 0.2659713168187743 13.9
67.13424873352051  seconds  2.61642751975197 0.2659713168187743 16.900000000000002
65.61808753013611  seconds  2.61642751975197 0.2659713168187743 17.900000000000002
62.86326313018799  seconds  2.61642751975197 0.2659713168187743 19.900000000000002
time for calc.... 882.0616919994354
 plotting data from the run ...
saving data from the run ...
energy at the point.. 2.612699153466239 0.5406345067362022  is  7.400112771449585e-06
the angle is  0.20404589651971108
200 the fermi surface points 10 chunk numtheads
starting with calculation of Sigma
64.59947681427002  seconds  2.612699153466239 0.5406345067362022 0.0
65.72232103347778  seconds  2.612699153466239 0.5406345067362022 1.0
62.23052978515625  seconds  2.612699153466239 0.5406345067362022 3.0
67.9653799533844  seconds  2.612699153466239 0.5406345067362022 2.0
70.14508175849915  seconds  2.612699153466239 0.5406345067362022 4.0
73.85889172554016  seconds  2.612699153466239 0.5406345067362022 5.0
77.51746225357056  seconds  2.612699153466239 0.5406345067362022 6.0
66.01658058166504  seconds  2.612699153466239 0.5406345067362022 8.0
75.02568936347961  seconds  2.612699153466239 0.5406345067362022 7.0
66.47629523277283  seconds  2.612699153466239 0.5406345067362022 9.0
68.88360977172852  seconds  2.612699153466239 0.5406345067362022 10.0
83.84541344642639  seconds  2.612699153466239 0.5406345067362022 11.0
83.24368929862976  seconds  2.612699153466239 0.5406345067362022 12.0
80.22317814826965  seconds  2.612699153466239 0.5406345067362022 0.1
70.54630827903748  seconds  2.612699153466239 0.5406345067362022 3.1
85.21168923377991  seconds  2.612699153466239 0.5406345067362022 13.0
82.77231550216675  seconds  2.612699153466239 0.5406345067362022 1.1
84.67816591262817  seconds  2.612699153466239 0.5406345067362022 14.0
74.79572463035583  seconds  2.612699153466239 0.5406345067362022 16.0
83.84565854072571  seconds  2.612699153466239 0.5406345067362022 2.1
83.96080112457275  seconds  2.612699153466239 0.5406345067362022 15.0
71.45255470275879  seconds  2.612699153466239 0.5406345067362022 18.0
81.97352933883667  seconds  2.612699153466239 0.5406345067362022 17.0
82.09676623344421  seconds  2.612699153466239 0.5406345067362022 4.1000000000000005
70.69761204719543  seconds  2.612699153466239 0.5406345067362022 8.1
80.99572682380676  seconds  2.612699153466239 0.5406345067362022 5.1000000000000005
82.3346381187439  seconds  2.612699153466239 0.5406345067362022 19.0
72.55400824546814  seconds  2.612699153466239 0.5406345067362022 9.1
80.72343897819519  seconds  2.612699153466239 0.5406345067362022 6.1000000000000005
78.58518648147583  seconds  2.612699153466239 0.5406345067362022 7.1000000000000005
71.08651232719421  seconds  2.612699153466239 0.5406345067362022 10.100000000000001
79.46132516860962  seconds  2.612699153466239 0.5406345067362022 11.100000000000001
73.52287292480469  seconds  2.612699153466239 0.5406345067362022 3.2
80.62739491462708  seconds  2.612699153466239 0.5406345067362022 0.2
81.07293224334717  seconds  2.612699153466239 0.5406345067362022 12.100000000000001
73.62608861923218  seconds  2.612699153466239 0.5406345067362022 16.1
81.22058773040771  seconds  2.612699153466239 0.5406345067362022 13.100000000000001
81.08299803733826  seconds  2.612699153466239 0.5406345067362022 1.2000000000000002
79.78734302520752  seconds  2.612699153466239 0.5406345067362022 14.100000000000001
74.96651196479797  seconds  2.612699153466239 0.5406345067362022 2.2
71.35385632514954  seconds  2.612699153466239 0.5406345067362022 18.1
78.24925923347473  seconds  2.612699153466239 0.5406345067362022 15.100000000000001
76.04919576644897  seconds  2.612699153466239 0.5406345067362022 8.200000000000001
83.26036763191223  seconds  2.612699153466239 0.5406345067362022 17.1
82.46252870559692  seconds  2.612699153466239 0.5406345067362022 4.2
77.27086734771729  seconds  2.612699153466239 0.5406345067362022 9.200000000000001
85.69931197166443  seconds  2.612699153466239 0.5406345067362022 5.2
86.88244676589966  seconds  2.612699153466239 0.5406345067362022 19.1
79.89031934738159  seconds  2.612699153466239 0.5406345067362022 7.2
78.39026594161987  seconds  2.612699153466239 0.5406345067362022 10.200000000000001
85.03100657463074  seconds  2.612699153466239 0.5406345067362022 6.2
77.77602171897888  seconds  2.612699153466239 0.5406345067362022 3.3000000000000003
82.95269083976746  seconds  2.612699153466239 0.5406345067362022 11.200000000000001
75.17188429832458  seconds  2.612699153466239 0.5406345067362022 16.2
74.02184176445007  seconds  2.612699153466239 0.5406345067362022 18.2
85.94375085830688  seconds  2.612699153466239 0.5406345067362022 0.30000000000000004
85.76380014419556  seconds  2.612699153466239 0.5406345067362022 12.200000000000001
77.75023984909058  seconds  2.612699153466239 0.5406345067362022 2.3000000000000003
83.72759819030762  seconds  2.612699153466239 0.5406345067362022 13.200000000000001
80.77261686325073  seconds  2.612699153466239 0.5406345067362022 14.200000000000001
83.76754331588745  seconds  2.612699153466239 0.5406345067362022 1.3
83.66087889671326  seconds  2.612699153466239 0.5406345067362022 15.200000000000001
71.70566082000732  seconds  2.612699153466239 0.5406345067362022 8.3
80.41880011558533  seconds  2.612699153466239 0.5406345067362022 17.2
72.96104073524475  seconds  2.612699153466239 0.5406345067362022 9.3
81.11488032341003  seconds  2.612699153466239 0.5406345067362022 4.3
74.38405203819275  seconds  2.612699153466239 0.5406345067362022 7.300000000000001
75.18879795074463  seconds  2.612699153466239 0.5406345067362022 10.3
82.4594795703888  seconds  2.612699153466239 0.5406345067362022 5.300000000000001
82.28329873085022  seconds  2.612699153466239 0.5406345067362022 6.300000000000001
88.28902959823608  seconds  2.612699153466239 0.5406345067362022 19.200000000000003
73.90010380744934  seconds  2.612699153466239 0.5406345067362022 3.4000000000000004
73.92179703712463  seconds  2.612699153466239 0.5406345067362022 16.3
80.9081768989563  seconds  2.612699153466239 0.5406345067362022 11.3
74.12508463859558  seconds  2.612699153466239 0.5406345067362022 18.3
73.87223219871521  seconds  2.612699153466239 0.5406345067362022 2.4000000000000004
81.55743741989136  seconds  2.612699153466239 0.5406345067362022 12.3
82.66571545600891  seconds  2.612699153466239 0.5406345067362022 0.4
80.68541169166565  seconds  2.612699153466239 0.5406345067362022 14.3
79.95632266998291  seconds  2.612699153466239 0.5406345067362022 1.4000000000000001
72.73230075836182  seconds  2.612699153466239 0.5406345067362022 8.4
81.75447297096252  seconds  2.612699153466239 0.5406345067362022 13.3
79.50497961044312  seconds  2.612699153466239 0.5406345067362022 15.3
73.05251288414001  seconds  2.612699153466239 0.5406345067362022 9.4
80.22008156776428  seconds  2.612699153466239 0.5406345067362022 17.3
79.52623128890991  seconds  2.612699153466239 0.5406345067362022 4.4
72.13675308227539  seconds  2.612699153466239 0.5406345067362022 7.4
71.38513493537903  seconds  2.612699153466239 0.5406345067362022 10.4
78.30131673812866  seconds  2.612699153466239 0.5406345067362022 5.4
80.02870321273804  seconds  2.612699153466239 0.5406345067362022 6.4
84.57080817222595  seconds  2.612699153466239 0.5406345067362022 19.3
71.59536790847778  seconds  2.612699153466239 0.5406345067362022 3.5
71.8030436038971  seconds  2.612699153466239 0.5406345067362022 16.400000000000002
73.13944339752197  seconds  2.612699153466239 0.5406345067362022 18.400000000000002
73.58227682113647  seconds  2.612699153466239 0.5406345067362022 2.5
79.60965728759766  seconds  2.612699153466239 0.5406345067362022 11.4
73.5096595287323  seconds  2.612699153466239 0.5406345067362022 8.5
80.80342483520508  seconds  2.612699153466239 0.5406345067362022 12.4
80.36234903335571  seconds  2.612699153466239 0.5406345067362022 0.5
79.25106239318848  seconds  2.612699153466239 0.5406345067362022 1.5
80.08577394485474  seconds  2.612699153466239 0.5406345067362022 14.4
79.428786277771  seconds  2.612699153466239 0.5406345067362022 13.4
76.94329023361206  seconds  2.612699153466239 0.5406345067362022 15.4
71.9247031211853  seconds  2.612699153466239 0.5406345067362022 9.5
74.61048769950867  seconds  2.612699153466239 0.5406345067362022 10.5
75.13345861434937  seconds  2.612699153466239 0.5406345067362022 7.5
79.0664587020874  seconds  2.612699153466239 0.5406345067362022 4.5
79.54543447494507  seconds  2.612699153466239 0.5406345067362022 17.400000000000002
78.63355493545532  seconds  2.612699153466239 0.5406345067362022 5.5
78.22002387046814  seconds  2.612699153466239 0.5406345067362022 6.5
75.11081552505493  seconds  2.612699153466239 0.5406345067362022 3.6
77.63079285621643  seconds  2.612699153466239 0.5406345067362022 19.400000000000002
74.30190944671631  seconds  2.612699153466239 0.5406345067362022 16.5
73.20303392410278  seconds  2.612699153466239 0.5406345067362022 18.5
73.92858028411865  seconds  2.612699153466239 0.5406345067362022 2.6
75.93149948120117  seconds  2.612699153466239 0.5406345067362022 11.5
74.66909503936768  seconds  2.612699153466239 0.5406345067362022 8.6
76.8821349143982  seconds  2.612699153466239 0.5406345067362022 12.5
78.38030767440796  seconds  2.612699153466239 0.5406345067362022 0.6000000000000001
72.96860313415527  seconds  2.612699153466239 0.5406345067362022 9.600000000000001
76.89644837379456  seconds  2.612699153466239 0.5406345067362022 1.6
78.302414894104  seconds  2.612699153466239 0.5406345067362022 13.5
78.91715931892395  seconds  2.612699153466239 0.5406345067362022 14.5
78.41999435424805  seconds  2.612699153466239 0.5406345067362022 15.5
73.43502163887024  seconds  2.612699153466239 0.5406345067362022 7.6000000000000005
74.13079357147217  seconds  2.612699153466239 0.5406345067362022 10.600000000000001
77.9354317188263  seconds  2.612699153466239 0.5406345067362022 4.6000000000000005
78.89843845367432  seconds  2.612699153466239 0.5406345067362022 17.5
76.89923143386841  seconds  2.612699153466239 0.5406345067362022 5.6000000000000005
79.8610303401947  seconds  2.612699153466239 0.5406345067362022 6.6000000000000005
76.0561785697937  seconds  2.612699153466239 0.5406345067362022 3.7
76.65011358261108  seconds  2.612699153466239 0.5406345067362022 19.5
75.43710851669312  seconds  2.612699153466239 0.5406345067362022 16.6
73.46235942840576  seconds  2.612699153466239 0.5406345067362022 18.6
76.0814459323883  seconds  2.612699153466239 0.5406345067362022 2.7
78.04835176467896  seconds  2.612699153466239 0.5406345067362022 11.600000000000001
75.34571480751038  seconds  2.612699153466239 0.5406345067362022 8.700000000000001
75.94922995567322  seconds  2.612699153466239 0.5406345067362022 9.700000000000001
78.78879380226135  seconds  2.612699153466239 0.5406345067362022 12.600000000000001
79.36521434783936  seconds  2.612699153466239 0.5406345067362022 0.7000000000000001
78.47547745704651  seconds  2.612699153466239 0.5406345067362022 1.7000000000000002
79.16424560546875  seconds  2.612699153466239 0.5406345067362022 13.600000000000001
79.03190779685974  seconds  2.612699153466239 0.5406345067362022 14.600000000000001
78.42816233634949  seconds  2.612699153466239 0.5406345067362022 15.600000000000001
74.53261184692383  seconds  2.612699153466239 0.5406345067362022 10.700000000000001
75.64031934738159  seconds  2.612699153466239 0.5406345067362022 7.7
77.94149971008301  seconds  2.612699153466239 0.5406345067362022 4.7
77.56054306030273  seconds  2.612699153466239 0.5406345067362022 17.6
76.81694626808167  seconds  2.612699153466239 0.5406345067362022 5.7
73.77912139892578  seconds  2.612699153466239 0.5406345067362022 3.8000000000000003
72.7639274597168  seconds  2.612699153466239 0.5406345067362022 19.6
75.76892304420471  seconds  2.612699153466239 0.5406345067362022 6.7
73.36553192138672  seconds  2.612699153466239 0.5406345067362022 16.7
73.63898134231567  seconds  2.612699153466239 0.5406345067362022 18.7
72.94049954414368  seconds  2.612699153466239 0.5406345067362022 2.8000000000000003
76.31878280639648  seconds  2.612699153466239 0.5406345067362022 11.700000000000001
74.63380551338196  seconds  2.612699153466239 0.5406345067362022 8.8
73.70692753791809  seconds  2.612699153466239 0.5406345067362022 9.8
76.10525751113892  seconds  2.612699153466239 0.5406345067362022 12.700000000000001
77.28109622001648  seconds  2.612699153466239 0.5406345067362022 0.8
77.14986991882324  seconds  2.612699153466239 0.5406345067362022 1.8
73.98726677894592  seconds  2.612699153466239 0.5406345067362022 10.8
78.13512802124023  seconds  2.612699153466239 0.5406345067362022 14.700000000000001
78.40715408325195  seconds  2.612699153466239 0.5406345067362022 13.700000000000001
77.62226152420044  seconds  2.612699153466239 0.5406345067362022 15.700000000000001
74.37151098251343  seconds  2.612699153466239 0.5406345067362022 7.800000000000001
76.66734528541565  seconds  2.612699153466239 0.5406345067362022 4.800000000000001
76.40207695960999  seconds  2.612699153466239 0.5406345067362022 17.7
76.36532735824585  seconds  2.612699153466239 0.5406345067362022 5.800000000000001
74.2622320652008  seconds  2.612699153466239 0.5406345067362022 19.700000000000003
74.7468159198761  seconds  2.612699153466239 0.5406345067362022 3.9000000000000004
76.72689723968506  seconds  2.612699153466239 0.5406345067362022 6.800000000000001
77.46577644348145  seconds  2.612699153466239 0.5406345067362022 16.8
78.17605304718018  seconds  2.612699153466239 0.5406345067362022 18.8
76.5226845741272  seconds  2.612699153466239 0.5406345067362022 2.9000000000000004
75.90007209777832  seconds  2.612699153466239 0.5406345067362022 11.8
73.42571973800659  seconds  2.612699153466239 0.5406345067362022 8.9
74.23218727111816  seconds  2.612699153466239 0.5406345067362022 9.9
78.2424783706665  seconds  2.612699153466239 0.5406345067362022 12.8
73.4602677822113  seconds  2.612699153466239 0.5406345067362022 10.9
77.92033386230469  seconds  2.612699153466239 0.5406345067362022 0.9
77.69919490814209  seconds  2.612699153466239 0.5406345067362022 1.9000000000000001
73.98788714408875  seconds  2.612699153466239 0.5406345067362022 7.9
77.34561061859131  seconds  2.612699153466239 0.5406345067362022 14.8
77.52162003517151  seconds  2.612699153466239 0.5406345067362022 13.8
77.59799671173096  seconds  2.612699153466239 0.5406345067362022 15.8
77.0317702293396  seconds  2.612699153466239 0.5406345067362022 4.9
77.5943329334259  seconds  2.612699153466239 0.5406345067362022 17.8
75.33610320091248  seconds  2.612699153466239 0.5406345067362022 5.9
68.30183386802673  seconds  2.612699153466239 0.5406345067362022 19.8
64.00128054618835  seconds  2.612699153466239 0.5406345067362022 16.900000000000002
72.5824408531189  seconds  2.612699153466239 0.5406345067362022 6.9
62.88461756706238  seconds  2.612699153466239 0.5406345067362022 18.900000000000002
70.43119835853577  seconds  2.612699153466239 0.5406345067362022 11.9
66.49436712265015  seconds  2.612699153466239 0.5406345067362022 12.9
66.16271352767944  seconds  2.612699153466239 0.5406345067362022 14.9
65.75476837158203  seconds  2.612699153466239 0.5406345067362022 15.9
66.54202342033386  seconds  2.612699153466239 0.5406345067362022 13.9
58.081291913986206  seconds  2.612699153466239 0.5406345067362022 19.900000000000002
66.27393817901611  seconds  2.612699153466239 0.5406345067362022 17.900000000000002
time for calc.... 877.7884168624878
 plotting data from the run ...
saving data from the run ...
energy at the point.. 2.5966539165555025 0.8378965667101266  is  1.0400959698841916e-05
the angle is  0.3121349978541341
200 the fermi surface points 10 chunk numtheads
starting with calculation of Sigma
65.678138256073  seconds  2.5966539165555025 0.8378965667101266 0.0
67.06220173835754  seconds  2.5966539165555025 0.8378965667101266 1.0
60.71486020088196  seconds  2.5966539165555025 0.8378965667101266 3.0
68.48971247673035  seconds  2.5966539165555025 0.8378965667101266 2.0
73.61869406700134  seconds  2.5966539165555025 0.8378965667101266 4.0
78.0276529788971  seconds  2.5966539165555025 0.8378965667101266 5.0
76.49780631065369  seconds  2.5966539165555025 0.8378965667101266 6.0
80.24125170707703  seconds  2.5966539165555025 0.8378965667101266 7.0
79.23800849914551  seconds  2.5966539165555025 0.8378965667101266 8.0
70.77661919593811  seconds  2.5966539165555025 0.8378965667101266 11.0
82.59351968765259  seconds  2.5966539165555025 0.8378965667101266 9.0
80.19769167900085  seconds  2.5966539165555025 0.8378965667101266 10.0
72.18147897720337  seconds  2.5966539165555025 0.8378965667101266 13.0
70.87565469741821  seconds  2.5966539165555025 0.8378965667101266 14.0
81.66140413284302  seconds  2.5966539165555025 0.8378965667101266 12.0
81.31277918815613  seconds  2.5966539165555025 0.8378965667101266 0.1
71.52495121955872  seconds  2.5966539165555025 0.8378965667101266 3.1
72.43058037757874  seconds  2.5966539165555025 0.8378965667101266 15.0
82.14629220962524  seconds  2.5966539165555025 0.8378965667101266 1.1
82.4696273803711  seconds  2.5966539165555025 0.8378965667101266 2.1
82.95549774169922  seconds  2.5966539165555025 0.8378965667101266 16.0
77.08147358894348  seconds  2.5966539165555025 0.8378965667101266 17.0
73.60217142105103  seconds  2.5966539165555025 0.8378965667101266 18.0
82.44462060928345  seconds  2.5966539165555025 0.8378965667101266 4.1000000000000005
76.86797070503235  seconds  2.5966539165555025 0.8378965667101266 5.1000000000000005
81.04907560348511  seconds  2.5966539165555025 0.8378965667101266 19.0
79.33098101615906  seconds  2.5966539165555025 0.8378965667101266 6.1000000000000005
80.49687075614929  seconds  2.5966539165555025 0.8378965667101266 7.1000000000000005
73.22024345397949  seconds  2.5966539165555025 0.8378965667101266 11.100000000000001
80.54723262786865  seconds  2.5966539165555025 0.8378965667101266 8.1
81.67613196372986  seconds  2.5966539165555025 0.8378965667101266 9.1
71.76746225357056  seconds  2.5966539165555025 0.8378965667101266 13.100000000000001
80.07692742347717  seconds  2.5966539165555025 0.8378965667101266 10.100000000000001
70.98479509353638  seconds  2.5966539165555025 0.8378965667101266 14.100000000000001
73.65304255485535  seconds  2.5966539165555025 0.8378965667101266 3.2
72.78584027290344  seconds  2.5966539165555025 0.8378965667101266 15.100000000000001
80.08966088294983  seconds  2.5966539165555025 0.8378965667101266 12.100000000000001
81.28178262710571  seconds  2.5966539165555025 0.8378965667101266 0.2
80.51766657829285  seconds  2.5966539165555025 0.8378965667101266 1.2000000000000002
74.09499883651733  seconds  2.5966539165555025 0.8378965667101266 17.1
73.14937925338745  seconds  2.5966539165555025 0.8378965667101266 18.1
80.0629494190216  seconds  2.5966539165555025 0.8378965667101266 2.2
79.5514600276947  seconds  2.5966539165555025 0.8378965667101266 16.1
73.14973330497742  seconds  2.5966539165555025 0.8378965667101266 5.2
78.80444836616516  seconds  2.5966539165555025 0.8378965667101266 4.2
79.58727693557739  seconds  2.5966539165555025 0.8378965667101266 19.1
79.70796656608582  seconds  2.5966539165555025 0.8378965667101266 6.2
71.45615673065186  seconds  2.5966539165555025 0.8378965667101266 11.200000000000001
77.55656003952026  seconds  2.5966539165555025 0.8378965667101266 7.2
78.16590642929077  seconds  2.5966539165555025 0.8378965667101266 8.200000000000001
72.284738779068  seconds  2.5966539165555025 0.8378965667101266 13.200000000000001
70.76688289642334  seconds  2.5966539165555025 0.8378965667101266 14.200000000000001
78.8373703956604  seconds  2.5966539165555025 0.8378965667101266 9.200000000000001
78.28486442565918  seconds  2.5966539165555025 0.8378965667101266 10.200000000000001
72.38242506980896  seconds  2.5966539165555025 0.8378965667101266 15.200000000000001
73.19374775886536  seconds  2.5966539165555025 0.8378965667101266 3.3000000000000003
78.70852470397949  seconds  2.5966539165555025 0.8378965667101266 12.200000000000001
78.49346399307251  seconds  2.5966539165555025 0.8378965667101266 0.30000000000000004
72.23765707015991  seconds  2.5966539165555025 0.8378965667101266 17.2
73.08935642242432  seconds  2.5966539165555025 0.8378965667101266 18.2
78.99164128303528  seconds  2.5966539165555025 0.8378965667101266 1.3
78.6583423614502  seconds  2.5966539165555025 0.8378965667101266 2.3000000000000003
78.93250846862793  seconds  2.5966539165555025 0.8378965667101266 16.2
70.9567940235138  seconds  2.5966539165555025 0.8378965667101266 5.300000000000001
78.76583623886108  seconds  2.5966539165555025 0.8378965667101266 4.3
79.53910946846008  seconds  2.5966539165555025 0.8378965667101266 19.200000000000003
72.13200187683105  seconds  2.5966539165555025 0.8378965667101266 11.3
78.72306966781616  seconds  2.5966539165555025 0.8378965667101266 6.300000000000001
78.6452112197876  seconds  2.5966539165555025 0.8378965667101266 7.300000000000001
71.20783877372742  seconds  2.5966539165555025 0.8378965667101266 14.3
72.81822657585144  seconds  2.5966539165555025 0.8378965667101266 13.3
78.41372060775757  seconds  2.5966539165555025 0.8378965667101266 8.3
77.38542318344116  seconds  2.5966539165555025 0.8378965667101266 9.3
71.6260838508606  seconds  2.5966539165555025 0.8378965667101266 3.4000000000000004
73.51387357711792  seconds  2.5966539165555025 0.8378965667101266 15.3
78.82697534561157  seconds  2.5966539165555025 0.8378965667101266 10.3
78.93936967849731  seconds  2.5966539165555025 0.8378965667101266 12.3
70.78140234947205  seconds  2.5966539165555025 0.8378965667101266 17.3
78.68647623062134  seconds  2.5966539165555025 0.8378965667101266 0.4
73.58895325660706  seconds  2.5966539165555025 0.8378965667101266 18.3
78.20629811286926  seconds  2.5966539165555025 0.8378965667101266 1.4000000000000001
71.46911716461182  seconds  2.5966539165555025 0.8378965667101266 5.4
78.05954051017761  seconds  2.5966539165555025 0.8378965667101266 2.4000000000000004
78.595543384552  seconds  2.5966539165555025 0.8378965667101266 16.3
78.17724752426147  seconds  2.5966539165555025 0.8378965667101266 4.4
71.52632808685303  seconds  2.5966539165555025 0.8378965667101266 11.4
79.4136610031128  seconds  2.5966539165555025 0.8378965667101266 19.3
78.44630837440491  seconds  2.5966539165555025 0.8378965667101266 6.4
73.48209500312805  seconds  2.5966539165555025 0.8378965667101266 14.4
74.32628774642944  seconds  2.5966539165555025 0.8378965667101266 13.4
78.54367089271545  seconds  2.5966539165555025 0.8378965667101266 7.4
78.71399974822998  seconds  2.5966539165555025 0.8378965667101266 8.4
72.18471169471741  seconds  2.5966539165555025 0.8378965667101266 3.5
73.23076820373535  seconds  2.5966539165555025 0.8378965667101266 15.4
78.54764747619629  seconds  2.5966539165555025 0.8378965667101266 9.4
77.1800434589386  seconds  2.5966539165555025 0.8378965667101266 10.4
74.30786323547363  seconds  2.5966539165555025 0.8378965667101266 17.400000000000002
72.24273300170898  seconds  2.5966539165555025 0.8378965667101266 18.400000000000002
78.6531138420105  seconds  2.5966539165555025 0.8378965667101266 12.4
78.98325204849243  seconds  2.5966539165555025 0.8378965667101266 0.5
72.01936841011047  seconds  2.5966539165555025 0.8378965667101266 5.5
79.01391768455505  seconds  2.5966539165555025 0.8378965667101266 1.5
79.08232355117798  seconds  2.5966539165555025 0.8378965667101266 2.5
79.50828719139099  seconds  2.5966539165555025 0.8378965667101266 16.400000000000002
72.19156074523926  seconds  2.5966539165555025 0.8378965667101266 11.5
78.00492453575134  seconds  2.5966539165555025 0.8378965667101266 4.5
78.71547365188599  seconds  2.5966539165555025 0.8378965667101266 19.400000000000002
70.50956845283508  seconds  2.5966539165555025 0.8378965667101266 14.5
71.11568474769592  seconds  2.5966539165555025 0.8378965667101266 13.5
77.53586912155151  seconds  2.5966539165555025 0.8378965667101266 6.5
77.22358512878418  seconds  2.5966539165555025 0.8378965667101266 7.5
72.28844952583313  seconds  2.5966539165555025 0.8378965667101266 3.6
71.37578916549683  seconds  2.5966539165555025 0.8378965667101266 15.5
77.83670330047607  seconds  2.5966539165555025 0.8378965667101266 8.5
79.23175740242004  seconds  2.5966539165555025 0.8378965667101266 9.5
77.880699634552  seconds  2.5966539165555025 0.8378965667101266 10.5
72.70189356803894  seconds  2.5966539165555025 0.8378965667101266 17.5
73.20402979850769  seconds  2.5966539165555025 0.8378965667101266 18.5
78.7379310131073  seconds  2.5966539165555025 0.8378965667101266 12.5
73.3073263168335  seconds  2.5966539165555025 0.8378965667101266 5.6000000000000005
79.73265719413757  seconds  2.5966539165555025 0.8378965667101266 0.6000000000000001
79.36708331108093  seconds  2.5966539165555025 0.8378965667101266 1.6
80.50835633277893  seconds  2.5966539165555025 0.8378965667101266 2.6
71.7704107761383  seconds  2.5966539165555025 0.8378965667101266 11.600000000000001
80.13685131072998  seconds  2.5966539165555025 0.8378965667101266 16.5
79.73503279685974  seconds  2.5966539165555025 0.8378965667101266 4.6000000000000005
72.39205598831177  seconds  2.5966539165555025 0.8378965667101266 14.600000000000001
73.08362317085266  seconds  2.5966539165555025 0.8378965667101266 13.600000000000001
79.209885597229  seconds  2.5966539165555025 0.8378965667101266 19.5
78.6462790966034  seconds  2.5966539165555025 0.8378965667101266 6.6000000000000005
72.77274465560913  seconds  2.5966539165555025 0.8378965667101266 3.7
72.30765199661255  seconds  2.5966539165555025 0.8378965667101266 15.600000000000001
79.849769115448  seconds  2.5966539165555025 0.8378965667101266 7.6000000000000005
79.16021752357483  seconds  2.5966539165555025 0.8378965667101266 8.6
78.2667944431305  seconds  2.5966539165555025 0.8378965667101266 9.600000000000001
73.37385964393616  seconds  2.5966539165555025 0.8378965667101266 17.6
72.22195076942444  seconds  2.5966539165555025 0.8378965667101266 18.6
79.6572778224945  seconds  2.5966539165555025 0.8378965667101266 10.600000000000001
71.60545539855957  seconds  2.5966539165555025 0.8378965667101266 5.7
77.93237161636353  seconds  2.5966539165555025 0.8378965667101266 12.600000000000001
78.76305198669434  seconds  2.5966539165555025 0.8378965667101266 0.7000000000000001
78.01345586776733  seconds  2.5966539165555025 0.8378965667101266 1.7000000000000002
70.81129717826843  seconds  2.5966539165555025 0.8378965667101266 11.700000000000001
77.96848320960999  seconds  2.5966539165555025 0.8378965667101266 2.7
77.72111129760742  seconds  2.5966539165555025 0.8378965667101266 16.6
70.90082120895386  seconds  2.5966539165555025 0.8378965667101266 14.700000000000001
71.04164743423462  seconds  2.5966539165555025 0.8378965667101266 13.700000000000001
76.75743198394775  seconds  2.5966539165555025 0.8378965667101266 4.7
70.73756885528564  seconds  2.5966539165555025 0.8378965667101266 3.8000000000000003
70.7605390548706  seconds  2.5966539165555025 0.8378965667101266 15.700000000000001
78.13334798812866  seconds  2.5966539165555025 0.8378965667101266 19.6
79.08519411087036  seconds  2.5966539165555025 0.8378965667101266 6.7
77.98374509811401  seconds  2.5966539165555025 0.8378965667101266 7.7
78.0375325679779  seconds  2.5966539165555025 0.8378965667101266 8.700000000000001
71.70458769798279  seconds  2.5966539165555025 0.8378965667101266 18.7
73.50043654441833  seconds  2.5966539165555025 0.8378965667101266 17.7
78.66737484931946  seconds  2.5966539165555025 0.8378965667101266 9.700000000000001
79.17065191268921  seconds  2.5966539165555025 0.8378965667101266 10.700000000000001
73.04465293884277  seconds  2.5966539165555025 0.8378965667101266 5.800000000000001
79.83884716033936  seconds  2.5966539165555025 0.8378965667101266 12.700000000000001
71.0794939994812  seconds  2.5966539165555025 0.8378965667101266 11.8
78.13047981262207  seconds  2.5966539165555025 0.8378965667101266 0.8
78.42670273780823  seconds  2.5966539165555025 0.8378965667101266 1.8
78.65645289421082  seconds  2.5966539165555025 0.8378965667101266 2.8000000000000003
72.94752478599548  seconds  2.5966539165555025 0.8378965667101266 14.8
73.31263375282288  seconds  2.5966539165555025 0.8378965667101266 13.8
79.53019952774048  seconds  2.5966539165555025 0.8378965667101266 16.7
78.41286206245422  seconds  2.5966539165555025 0.8378965667101266 4.800000000000001
73.39524126052856  seconds  2.5966539165555025 0.8378965667101266 3.9000000000000004
72.90176725387573  seconds  2.5966539165555025 0.8378965667101266 15.8
79.22841501235962  seconds  2.5966539165555025 0.8378965667101266 19.700000000000003
79.47138214111328  seconds  2.5966539165555025 0.8378965667101266 6.800000000000001
78.25258493423462  seconds  2.5966539165555025 0.8378965667101266 7.800000000000001
71.58281469345093  seconds  2.5966539165555025 0.8378965667101266 17.8
73.19798970222473  seconds  2.5966539165555025 0.8378965667101266 18.8
78.5697774887085  seconds  2.5966539165555025 0.8378965667101266 8.8
69.24129629135132  seconds  2.5966539165555025 0.8378965667101266 5.9
77.4671995639801  seconds  2.5966539165555025 0.8378965667101266 9.8
77.9169135093689  seconds  2.5966539165555025 0.8378965667101266 10.8
71.36879301071167  seconds  2.5966539165555025 0.8378965667101266 11.9
77.05096530914307  seconds  2.5966539165555025 0.8378965667101266 12.8
77.26429510116577  seconds  2.5966539165555025 0.8378965667101266 0.9
68.32705569267273  seconds  2.5966539165555025 0.8378965667101266 14.9
78.38237309455872  seconds  2.5966539165555025 0.8378965667101266 1.9000000000000001
68.03134322166443  seconds  2.5966539165555025 0.8378965667101266 13.9
76.93494439125061  seconds  2.5966539165555025 0.8378965667101266 2.9000000000000004
66.78580689430237  seconds  2.5966539165555025 0.8378965667101266 15.9
77.78042411804199  seconds  2.5966539165555025 0.8378965667101266 16.8
75.22008848190308  seconds  2.5966539165555025 0.8378965667101266 4.9
74.71739530563354  seconds  2.5966539165555025 0.8378965667101266 19.8
74.43620562553406  seconds  2.5966539165555025 0.8378965667101266 6.9
65.31813073158264  seconds  2.5966539165555025 0.8378965667101266 17.900000000000002
64.20754098892212  seconds  2.5966539165555025 0.8378965667101266 18.900000000000002
74.83974719047546  seconds  2.5966539165555025 0.8378965667101266 7.9
73.64041352272034  seconds  2.5966539165555025 0.8378965667101266 8.9
71.48830556869507  seconds  2.5966539165555025 0.8378965667101266 9.9
73.6409227848053  seconds  2.5966539165555025 0.8378965667101266 10.9
68.48004341125488  seconds  2.5966539165555025 0.8378965667101266 12.9
62.109989404678345  seconds  2.5966539165555025 0.8378965667101266 16.900000000000002
59.49220871925354  seconds  2.5966539165555025 0.8378965667101266 19.900000000000002
time for calc.... 875.318962097168
 plotting data from the run ...
saving data from the run ...
energy at the point.. 2.5477213028327195 1.1368970013037814  is  9.295332997538708e-06
the angle is  0.4197233160056505
200 the fermi surface points 10 chunk numtheads
starting with calculation of Sigma
62.884461879730225  seconds  2.5477213028327195 1.1368970013037814 0.0
63.34110903739929  seconds  2.5477213028327195 1.1368970013037814 1.0
64.98274898529053  seconds  2.5477213028327195 1.1368970013037814 2.0
67.33587217330933  seconds  2.5477213028327195 1.1368970013037814 3.0
64.21434664726257  seconds  2.5477213028327195 1.1368970013037814 4.0
71.19698143005371  seconds  2.5477213028327195 1.1368970013037814 5.0
67.95794129371643  seconds  2.5477213028327195 1.1368970013037814 6.0
68.68472075462341  seconds  2.5477213028327195 1.1368970013037814 7.0
71.58587336540222  seconds  2.5477213028327195 1.1368970013037814 8.0
72.10842728614807  seconds  2.5477213028327195 1.1368970013037814 9.0
77.4521164894104  seconds  2.5477213028327195 1.1368970013037814 10.0
77.13006067276001  seconds  2.5477213028327195 1.1368970013037814 11.0
71.8585102558136  seconds  2.5477213028327195 1.1368970013037814 12.0
72.0458459854126  seconds  2.5477213028327195 1.1368970013037814 13.0
74.77990913391113  seconds  2.5477213028327195 1.1368970013037814 0.1
75.00965118408203  seconds  2.5477213028327195 1.1368970013037814 1.1
74.4525625705719  seconds  2.5477213028327195 1.1368970013037814 14.0
75.6945595741272  seconds  2.5477213028327195 1.1368970013037814 2.1
78.07899212837219  seconds  2.5477213028327195 1.1368970013037814 15.0
74.09351468086243  seconds  2.5477213028327195 1.1368970013037814 16.0
73.31798124313354  seconds  2.5477213028327195 1.1368970013037814 4.1000000000000005
76.28636741638184  seconds  2.5477213028327195 1.1368970013037814 3.1
75.07320833206177  seconds  2.5477213028327195 1.1368970013037814 17.0
71.82312035560608  seconds  2.5477213028327195 1.1368970013037814 18.0
73.96096920967102  seconds  2.5477213028327195 1.1368970013037814 6.1000000000000005
75.97670435905457  seconds  2.5477213028327195 1.1368970013037814 5.1000000000000005
73.4513201713562  seconds  2.5477213028327195 1.1368970013037814 19.0
73.72384691238403  seconds  2.5477213028327195 1.1368970013037814 7.1000000000000005
75.69149327278137  seconds  2.5477213028327195 1.1368970013037814 8.1
73.40096735954285  seconds  2.5477213028327195 1.1368970013037814 9.1
75.01641941070557  seconds  2.5477213028327195 1.1368970013037814 10.100000000000001
73.52941226959229  seconds  2.5477213028327195 1.1368970013037814 12.100000000000001
75.60079860687256  seconds  2.5477213028327195 1.1368970013037814 11.100000000000001
74.08394980430603  seconds  2.5477213028327195 1.1368970013037814 13.100000000000001
74.94312977790833  seconds  2.5477213028327195 1.1368970013037814 0.2
74.97200989723206  seconds  2.5477213028327195 1.1368970013037814 1.2000000000000002
75.3501889705658  seconds  2.5477213028327195 1.1368970013037814 14.100000000000001
76.89672827720642  seconds  2.5477213028327195 1.1368970013037814 2.2
73.94806909561157  seconds  2.5477213028327195 1.1368970013037814 16.1
75.47797679901123  seconds  2.5477213028327195 1.1368970013037814 15.100000000000001
74.77945804595947  seconds  2.5477213028327195 1.1368970013037814 4.2
75.31252980232239  seconds  2.5477213028327195 1.1368970013037814 3.2
72.61149644851685  seconds  2.5477213028327195 1.1368970013037814 18.1
75.89918732643127  seconds  2.5477213028327195 1.1368970013037814 17.1
73.38442087173462  seconds  2.5477213028327195 1.1368970013037814 19.1
75.74261784553528  seconds  2.5477213028327195 1.1368970013037814 6.2
75.87323236465454  seconds  2.5477213028327195 1.1368970013037814 5.2
74.43432950973511  seconds  2.5477213028327195 1.1368970013037814 7.2
72.56825733184814  seconds  2.5477213028327195 1.1368970013037814 9.200000000000001
75.61086130142212  seconds  2.5477213028327195 1.1368970013037814 8.200000000000001
75.95521140098572  seconds  2.5477213028327195 1.1368970013037814 10.200000000000001
74.82697367668152  seconds  2.5477213028327195 1.1368970013037814 12.200000000000001
76.0188627243042  seconds  2.5477213028327195 1.1368970013037814 11.200000000000001
73.70973324775696  seconds  2.5477213028327195 1.1368970013037814 13.200000000000001
75.96470522880554  seconds  2.5477213028327195 1.1368970013037814 0.30000000000000004
75.72795486450195  seconds  2.5477213028327195 1.1368970013037814 1.3
75.34952735900879  seconds  2.5477213028327195 1.1368970013037814 14.200000000000001
73.71265363693237  seconds  2.5477213028327195 1.1368970013037814 16.2
76.71097207069397  seconds  2.5477213028327195 1.1368970013037814 2.3000000000000003
74.38517594337463  seconds  2.5477213028327195 1.1368970013037814 4.3
76.24040818214417  seconds  2.5477213028327195 1.1368970013037814 15.200000000000001
76.2378671169281  seconds  2.5477213028327195 1.1368970013037814 3.3000000000000003
73.4203941822052  seconds  2.5477213028327195 1.1368970013037814 18.2
76.23084831237793  seconds  2.5477213028327195 1.1368970013037814 17.2
74.25784730911255  seconds  2.5477213028327195 1.1368970013037814 6.300000000000001
74.64947080612183  seconds  2.5477213028327195 1.1368970013037814 19.200000000000003
76.34287142753601  seconds  2.5477213028327195 1.1368970013037814 5.300000000000001
73.47535753250122  seconds  2.5477213028327195 1.1368970013037814 7.300000000000001
74.25072574615479  seconds  2.5477213028327195 1.1368970013037814 9.3
76.37382793426514  seconds  2.5477213028327195 1.1368970013037814 8.3
75.54286980628967  seconds  2.5477213028327195 1.1368970013037814 12.3
77.89609980583191  seconds  2.5477213028327195 1.1368970013037814 10.3
75.14659285545349  seconds  2.5477213028327195 1.1368970013037814 13.3
76.9927442073822  seconds  2.5477213028327195 1.1368970013037814 11.3
75.67221093177795  seconds  2.5477213028327195 1.1368970013037814 0.4
74.88851022720337  seconds  2.5477213028327195 1.1368970013037814 1.4000000000000001
76.91413831710815  seconds  2.5477213028327195 1.1368970013037814 14.3
77.66294074058533  seconds  2.5477213028327195 1.1368970013037814 16.3
80.01270651817322  seconds  2.5477213028327195 1.1368970013037814 4.4
81.79570960998535  seconds  2.5477213028327195 1.1368970013037814 2.4000000000000004
82.80037450790405  seconds  2.5477213028327195 1.1368970013037814 15.3
78.03536701202393  seconds  2.5477213028327195 1.1368970013037814 18.3
81.76741743087769  seconds  2.5477213028327195 1.1368970013037814 3.4000000000000004
75.61467981338501  seconds  2.5477213028327195 1.1368970013037814 6.4
75.8284330368042  seconds  2.5477213028327195 1.1368970013037814 19.3
80.83583498001099  seconds  2.5477213028327195 1.1368970013037814 17.3
76.80176210403442  seconds  2.5477213028327195 1.1368970013037814 7.4
78.82117247581482  seconds  2.5477213028327195 1.1368970013037814 5.4
81.67570734024048  seconds  2.5477213028327195 1.1368970013037814 9.4
80.7286868095398  seconds  2.5477213028327195 1.1368970013037814 8.4
79.35474491119385  seconds  2.5477213028327195 1.1368970013037814 12.4
79.81800436973572  seconds  2.5477213028327195 1.1368970013037814 10.4
79.18262767791748  seconds  2.5477213028327195 1.1368970013037814 13.4
78.98334836959839  seconds  2.5477213028327195 1.1368970013037814 11.4
80.21695375442505  seconds  2.5477213028327195 1.1368970013037814 0.5
79.22082495689392  seconds  2.5477213028327195 1.1368970013037814 1.5
78.13490915298462  seconds  2.5477213028327195 1.1368970013037814 14.4
73.08558654785156  seconds  2.5477213028327195 1.1368970013037814 16.400000000000002
73.9069550037384  seconds  2.5477213028327195 1.1368970013037814 4.5
71.6405017375946  seconds  2.5477213028327195 1.1368970013037814 18.400000000000002
75.68315100669861  seconds  2.5477213028327195 1.1368970013037814 2.5
75.22655200958252  seconds  2.5477213028327195 1.1368970013037814 15.4
74.70902347564697  seconds  2.5477213028327195 1.1368970013037814 3.5
73.7272436618805  seconds  2.5477213028327195 1.1368970013037814 19.400000000000002
74.8530535697937  seconds  2.5477213028327195 1.1368970013037814 6.5
75.39127516746521  seconds  2.5477213028327195 1.1368970013037814 17.400000000000002
73.92859077453613  seconds  2.5477213028327195 1.1368970013037814 7.5
75.27842926979065  seconds  2.5477213028327195 1.1368970013037814 5.5
73.76952767372131  seconds  2.5477213028327195 1.1368970013037814 9.5
76.39652442932129  seconds  2.5477213028327195 1.1368970013037814 8.5
75.40361189842224  seconds  2.5477213028327195 1.1368970013037814 12.5
75.75451397895813  seconds  2.5477213028327195 1.1368970013037814 10.5
73.46496057510376  seconds  2.5477213028327195 1.1368970013037814 13.5
75.55690169334412  seconds  2.5477213028327195 1.1368970013037814 11.5
75.31514358520508  seconds  2.5477213028327195 1.1368970013037814 0.6000000000000001
75.72411894798279  seconds  2.5477213028327195 1.1368970013037814 1.6
71.90157270431519  seconds  2.5477213028327195 1.1368970013037814 16.5
75.47020888328552  seconds  2.5477213028327195 1.1368970013037814 14.5
72.98464679718018  seconds  2.5477213028327195 1.1368970013037814 4.6000000000000005
72.74124145507812  seconds  2.5477213028327195 1.1368970013037814 18.5
74.82820224761963  seconds  2.5477213028327195 1.1368970013037814 2.6
75.10754776000977  seconds  2.5477213028327195 1.1368970013037814 15.5
75.63145565986633  seconds  2.5477213028327195 1.1368970013037814 3.6
73.44321346282959  seconds  2.5477213028327195 1.1368970013037814 19.5
73.42467427253723  seconds  2.5477213028327195 1.1368970013037814 6.6000000000000005
75.69678401947021  seconds  2.5477213028327195 1.1368970013037814 17.5
74.07893633842468  seconds  2.5477213028327195 1.1368970013037814 7.6000000000000005
75.19215202331543  seconds  2.5477213028327195 1.1368970013037814 5.6000000000000005
73.1748914718628  seconds  2.5477213028327195 1.1368970013037814 9.600000000000001
75.35850358009338  seconds  2.5477213028327195 1.1368970013037814 8.6
74.18479418754578  seconds  2.5477213028327195 1.1368970013037814 12.600000000000001
74.14471983909607  seconds  2.5477213028327195 1.1368970013037814 13.600000000000001
75.3924970626831  seconds  2.5477213028327195 1.1368970013037814 10.600000000000001
74.6981565952301  seconds  2.5477213028327195 1.1368970013037814 11.600000000000001
76.21134090423584  seconds  2.5477213028327195 1.1368970013037814 0.7000000000000001
72.62187671661377  seconds  2.5477213028327195 1.1368970013037814 16.6
75.50088834762573  seconds  2.5477213028327195 1.1368970013037814 1.7000000000000002
75.11467051506042  seconds  2.5477213028327195 1.1368970013037814 14.600000000000001
73.8416211605072  seconds  2.5477213028327195 1.1368970013037814 4.7
72.71618890762329  seconds  2.5477213028327195 1.1368970013037814 18.6
76.21078062057495  seconds  2.5477213028327195 1.1368970013037814 2.7
76.27893280982971  seconds  2.5477213028327195 1.1368970013037814 15.600000000000001
72.82649183273315  seconds  2.5477213028327195 1.1368970013037814 19.6
76.05800437927246  seconds  2.5477213028327195 1.1368970013037814 3.7
72.93183064460754  seconds  2.5477213028327195 1.1368970013037814 6.7
72.6504819393158  seconds  2.5477213028327195 1.1368970013037814 7.7
75.7303352355957  seconds  2.5477213028327195 1.1368970013037814 17.6
76.00162291526794  seconds  2.5477213028327195 1.1368970013037814 5.7
73.6220874786377  seconds  2.5477213028327195 1.1368970013037814 9.700000000000001
75.57011914253235  seconds  2.5477213028327195 1.1368970013037814 8.700000000000001
74.54934000968933  seconds  2.5477213028327195 1.1368970013037814 12.700000000000001
73.42335033416748  seconds  2.5477213028327195 1.1368970013037814 13.700000000000001
75.2910315990448  seconds  2.5477213028327195 1.1368970013037814 10.700000000000001
75.38539981842041  seconds  2.5477213028327195 1.1368970013037814 11.700000000000001
72.90762686729431  seconds  2.5477213028327195 1.1368970013037814 16.7
76.145751953125  seconds  2.5477213028327195 1.1368970013037814 0.8
75.04102301597595  seconds  2.5477213028327195 1.1368970013037814 1.8
74.78928661346436  seconds  2.5477213028327195 1.1368970013037814 14.700000000000001
72.49713397026062  seconds  2.5477213028327195 1.1368970013037814 4.800000000000001
72.11841225624084  seconds  2.5477213028327195 1.1368970013037814 18.7
76.79545879364014  seconds  2.5477213028327195 1.1368970013037814 2.8000000000000003
73.99967217445374  seconds  2.5477213028327195 1.1368970013037814 19.700000000000003
75.99117255210876  seconds  2.5477213028327195 1.1368970013037814 6.800000000000001
78.10511493682861  seconds  2.5477213028327195 1.1368970013037814 15.700000000000001
76.82726669311523  seconds  2.5477213028327195 1.1368970013037814 3.8000000000000003
74.08670163154602  seconds  2.5477213028327195 1.1368970013037814 7.800000000000001
77.5516197681427  seconds  2.5477213028327195 1.1368970013037814 17.7
77.25949668884277  seconds  2.5477213028327195 1.1368970013037814 5.800000000000001
73.81015729904175  seconds  2.5477213028327195 1.1368970013037814 9.8
77.40896391868591  seconds  2.5477213028327195 1.1368970013037814 8.8
73.88636827468872  seconds  2.5477213028327195 1.1368970013037814 12.8
75.1530864238739  seconds  2.5477213028327195 1.1368970013037814 13.8
76.08102107048035  seconds  2.5477213028327195 1.1368970013037814 10.8
76.185950756073  seconds  2.5477213028327195 1.1368970013037814 11.8
72.95878767967224  seconds  2.5477213028327195 1.1368970013037814 16.8
75.80429911613464  seconds  2.5477213028327195 1.1368970013037814 0.9
76.21177935600281  seconds  2.5477213028327195 1.1368970013037814 1.9000000000000001
73.3512635231018  seconds  2.5477213028327195 1.1368970013037814 4.9
75.88349652290344  seconds  2.5477213028327195 1.1368970013037814 14.8
74.55724167823792  seconds  2.5477213028327195 1.1368970013037814 18.8
71.99771785736084  seconds  2.5477213028327195 1.1368970013037814 19.8
73.85428714752197  seconds  2.5477213028327195 1.1368970013037814 2.9000000000000004
72.15743374824524  seconds  2.5477213028327195 1.1368970013037814 6.9
71.5634834766388  seconds  2.5477213028327195 1.1368970013037814 7.9
73.88680720329285  seconds  2.5477213028327195 1.1368970013037814 15.8
74.2221667766571  seconds  2.5477213028327195 1.1368970013037814 3.9000000000000004
73.61765170097351  seconds  2.5477213028327195 1.1368970013037814 17.8
72.45779538154602  seconds  2.5477213028327195 1.1368970013037814 5.9
71.10541224479675  seconds  2.5477213028327195 1.1368970013037814 9.9
70.07731175422668  seconds  2.5477213028327195 1.1368970013037814 8.9
67.8381199836731  seconds  2.5477213028327195 1.1368970013037814 13.9
70.25714612007141  seconds  2.5477213028327195 1.1368970013037814 12.9
68.27537512779236  seconds  2.5477213028327195 1.1368970013037814 10.9
67.13214826583862  seconds  2.5477213028327195 1.1368970013037814 11.9
65.41357827186584  seconds  2.5477213028327195 1.1368970013037814 16.900000000000002
63.746310234069824  seconds  2.5477213028327195 1.1368970013037814 14.9
63.96800208091736  seconds  2.5477213028327195 1.1368970013037814 18.900000000000002
64.7279417514801  seconds  2.5477213028327195 1.1368970013037814 19.900000000000002
61.28401064872742  seconds  2.5477213028327195 1.1368970013037814 15.9
60.119901180267334  seconds  2.5477213028327195 1.1368970013037814 17.900000000000002
time for calc.... 841.9611032009125
 plotting data from the run ...
saving data from the run ...
energy at the point.. 2.4372546507317705 1.4115601912212083  is  1.07841213363713e-05
the angle is  0.5249549448529208
200 the fermi surface points 10 chunk numtheads
starting with calculation of Sigma
64.26841282844543  seconds  2.4372546507317705 1.4115601912212083 0.0
64.78978776931763  seconds  2.4372546507317705 1.4115601912212083 1.0
65.59327578544617  seconds  2.4372546507317705 1.4115601912212083 2.0
67.72330665588379  seconds  2.4372546507317705 1.4115601912212083 3.0
61.762892723083496  seconds  2.4372546507317705 1.4115601912212083 5.0
69.86060404777527  seconds  2.4372546507317705 1.4115601912212083 4.0
73.37396192550659  seconds  2.4372546507317705 1.4115601912212083 6.0
77.21043300628662  seconds  2.4372546507317705 1.4115601912212083 7.0
68.63728761672974  seconds  2.4372546507317705 1.4115601912212083 9.0
76.04239964485168  seconds  2.4372546507317705 1.4115601912212083 8.0
67.18940114974976  seconds  2.4372546507317705 1.4115601912212083 11.0
76.99154376983643  seconds  2.4372546507317705 1.4115601912212083 10.0
81.2063717842102  seconds  2.4372546507317705 1.4115601912212083 12.0
78.24863791465759  seconds  2.4372546507317705 1.4115601912212083 13.0
79.7431275844574  seconds  2.4372546507317705 1.4115601912212083 0.1
78.04331660270691  seconds  2.4372546507317705 1.4115601912212083 14.0
79.54894471168518  seconds  2.4372546507317705 1.4115601912212083 1.1
79.56265497207642  seconds  2.4372546507317705 1.4115601912212083 2.1
70.82539200782776  seconds  2.4372546507317705 1.4115601912212083 17.0
82.93511033058167  seconds  2.4372546507317705 1.4115601912212083 15.0
72.8722631931305  seconds  2.4372546507317705 1.4115601912212083 5.1000000000000005
80.76127624511719  seconds  2.4372546507317705 1.4115601912212083 16.0
80.72581148147583  seconds  2.4372546507317705 1.4115601912212083 3.1
71.38607382774353  seconds  2.4372546507317705 1.4115601912212083 18.0
79.88320684432983  seconds  2.4372546507317705 1.4115601912212083 4.1000000000000005
81.17251110076904  seconds  2.4372546507317705 1.4115601912212083 19.0
71.00366044044495  seconds  2.4372546507317705 1.4115601912212083 7.1000000000000005
80.39388823509216  seconds  2.4372546507317705 1.4115601912212083 6.1000000000000005
71.1842622756958  seconds  2.4372546507317705 1.4115601912212083 9.1
68.0934669971466  seconds  2.4372546507317705 1.4115601912212083 11.100000000000001
80.59329986572266  seconds  2.4372546507317705 1.4115601912212083 8.1
80.3315634727478  seconds  2.4372546507317705 1.4115601912212083 10.100000000000001
69.06393885612488  seconds  2.4372546507317705 1.4115601912212083 14.100000000000001
80.2324047088623  seconds  2.4372546507317705 1.4115601912212083 13.100000000000001
83.9980137348175  seconds  2.4372546507317705 1.4115601912212083 12.100000000000001
80.48612999916077  seconds  2.4372546507317705 1.4115601912212083 0.2
69.72024488449097  seconds  2.4372546507317705 1.4115601912212083 5.2
70.76048231124878  seconds  2.4372546507317705 1.4115601912212083 17.1
79.46582221984863  seconds  2.4372546507317705 1.4115601912212083 1.2000000000000002
78.40164828300476  seconds  2.4372546507317705 1.4115601912212083 2.2
69.47973203659058  seconds  2.4372546507317705 1.4115601912212083 18.1
79.87531423568726  seconds  2.4372546507317705 1.4115601912212083 15.100000000000001
80.99053263664246  seconds  2.4372546507317705 1.4115601912212083 16.1
80.52377700805664  seconds  2.4372546507317705 1.4115601912212083 3.2
79.59234714508057  seconds  2.4372546507317705 1.4115601912212083 4.2
69.89121127128601  seconds  2.4372546507317705 1.4115601912212083 7.2
70.14229726791382  seconds  2.4372546507317705 1.4115601912212083 9.200000000000001
68.81734108924866  seconds  2.4372546507317705 1.4115601912212083 11.200000000000001
80.64244818687439  seconds  2.4372546507317705 1.4115601912212083 19.1
80.93866062164307  seconds  2.4372546507317705 1.4115601912212083 6.2
79.00058317184448  seconds  2.4372546507317705 1.4115601912212083 8.200000000000001
79.55242776870728  seconds  2.4372546507317705 1.4115601912212083 10.200000000000001
71.08605909347534  seconds  2.4372546507317705 1.4115601912212083 14.200000000000001
70.49567008018494  seconds  2.4372546507317705 1.4115601912212083 5.300000000000001
71.65193486213684  seconds  2.4372546507317705 1.4115601912212083 17.2
68.79028081893921  seconds  2.4372546507317705 1.4115601912212083 18.2
79.94573521614075  seconds  2.4372546507317705 1.4115601912212083 0.30000000000000004
81.36429595947266  seconds  2.4372546507317705 1.4115601912212083 13.200000000000001
80.67342925071716  seconds  2.4372546507317705 1.4115601912212083 12.200000000000001
80.17304539680481  seconds  2.4372546507317705 1.4115601912212083 1.3
79.45407319068909  seconds  2.4372546507317705 1.4115601912212083 2.3000000000000003
80.72375011444092  seconds  2.4372546507317705 1.4115601912212083 15.200000000000001
69.3722722530365  seconds  2.4372546507317705 1.4115601912212083 7.300000000000001
70.03545761108398  seconds  2.4372546507317705 1.4115601912212083 9.3
81.20879006385803  seconds  2.4372546507317705 1.4115601912212083 3.3000000000000003
81.61656498908997  seconds  2.4372546507317705 1.4115601912212083 16.2
70.86719799041748  seconds  2.4372546507317705 1.4115601912212083 11.3
80.45178747177124  seconds  2.4372546507317705 1.4115601912212083 4.3
80.59444117546082  seconds  2.4372546507317705 1.4115601912212083 19.200000000000003
82.50762891769409  seconds  2.4372546507317705 1.4115601912212083 6.300000000000001
80.09644961357117  seconds  2.4372546507317705 1.4115601912212083 8.3
69.38699626922607  seconds  2.4372546507317705 1.4115601912212083 14.3
80.1542432308197  seconds  2.4372546507317705 1.4115601912212083 10.3
70.5513744354248  seconds  2.4372546507317705 1.4115601912212083 5.4
71.49624538421631  seconds  2.4372546507317705 1.4115601912212083 17.3
71.51189279556274  seconds  2.4372546507317705 1.4115601912212083 18.3
82.20866084098816  seconds  2.4372546507317705 1.4115601912212083 13.3
82.76781487464905  seconds  2.4372546507317705 1.4115601912212083 0.4
82.70715498924255  seconds  2.4372546507317705 1.4115601912212083 12.3
80.8070867061615  seconds  2.4372546507317705 1.4115601912212083 1.4000000000000001
70.2438645362854  seconds  2.4372546507317705 1.4115601912212083 7.4
79.73051190376282  seconds  2.4372546507317705 1.4115601912212083 2.4000000000000004
72.85585236549377  seconds  2.4372546507317705 1.4115601912212083 9.4
79.93852519989014  seconds  2.4372546507317705 1.4115601912212083 15.3
70.24467825889587  seconds  2.4372546507317705 1.4115601912212083 11.4
81.30228447914124  seconds  2.4372546507317705 1.4115601912212083 3.4000000000000004
81.95142936706543  seconds  2.4372546507317705 1.4115601912212083 16.3
81.06833696365356  seconds  2.4372546507317705 1.4115601912212083 4.4
80.8054211139679  seconds  2.4372546507317705 1.4115601912212083 19.3
81.39313340187073  seconds  2.4372546507317705 1.4115601912212083 6.4
70.38850498199463  seconds  2.4372546507317705 1.4115601912212083 14.4
80.289067029953  seconds  2.4372546507317705 1.4115601912212083 8.4
69.93133544921875  seconds  2.4372546507317705 1.4115601912212083 5.5
69.01146626472473  seconds  2.4372546507317705 1.4115601912212083 17.400000000000002
70.71514415740967  seconds  2.4372546507317705 1.4115601912212083 18.400000000000002
80.37132120132446  seconds  2.4372546507317705 1.4115601912212083 10.4
70.81116366386414  seconds  2.4372546507317705 1.4115601912212083 7.5
70.60501217842102  seconds  2.4372546507317705 1.4115601912212083 9.5
80.42263054847717  seconds  2.4372546507317705 1.4115601912212083 0.5
81.20469307899475  seconds  2.4372546507317705 1.4115601912212083 13.4
80.74393510818481  seconds  2.4372546507317705 1.4115601912212083 12.4
70.19609451293945  seconds  2.4372546507317705 1.4115601912212083 11.5
80.35630917549133  seconds  2.4372546507317705 1.4115601912212083 1.5
79.90548896789551  seconds  2.4372546507317705 1.4115601912212083 2.5
79.10459351539612  seconds  2.4372546507317705 1.4115601912212083 15.4
80.1801085472107  seconds  2.4372546507317705 1.4115601912212083 3.5
83.83426880836487  seconds  2.4372546507317705 1.4115601912212083 16.400000000000002
80.73860764503479  seconds  2.4372546507317705 1.4115601912212083 4.5
68.19549250602722  seconds  2.4372546507317705 1.4115601912212083 14.5
79.40891313552856  seconds  2.4372546507317705 1.4115601912212083 19.400000000000002
79.81160974502563  seconds  2.4372546507317705 1.4115601912212083 6.5
69.97228932380676  seconds  2.4372546507317705 1.4115601912212083 5.6000000000000005
69.50167870521545  seconds  2.4372546507317705 1.4115601912212083 17.5
69.59063005447388  seconds  2.4372546507317705 1.4115601912212083 18.5
79.68892192840576  seconds  2.4372546507317705 1.4115601912212083 8.5
80.48222947120667  seconds  2.4372546507317705 1.4115601912212083 10.5
69.34914350509644  seconds  2.4372546507317705 1.4115601912212083 7.6000000000000005
70.01907396316528  seconds  2.4372546507317705 1.4115601912212083 9.600000000000001
69.73706531524658  seconds  2.4372546507317705 1.4115601912212083 11.600000000000001
80.67625260353088  seconds  2.4372546507317705 1.4115601912212083 0.6000000000000001
81.01422548294067  seconds  2.4372546507317705 1.4115601912212083 12.5
81.54721808433533  seconds  2.4372546507317705 1.4115601912212083 13.5
81.23515248298645  seconds  2.4372546507317705 1.4115601912212083 1.6
80.61559915542603  seconds  2.4372546507317705 1.4115601912212083 2.6
79.35618948936462  seconds  2.4372546507317705 1.4115601912212083 15.5
69.18881583213806  seconds  2.4372546507317705 1.4115601912212083 14.600000000000001
79.40528583526611  seconds  2.4372546507317705 1.4115601912212083 3.6
79.32830691337585  seconds  2.4372546507317705 1.4115601912212083 4.6000000000000005
84.55621695518494  seconds  2.4372546507317705 1.4115601912212083 16.5
70.7714581489563  seconds  2.4372546507317705 1.4115601912212083 5.7
72.90973210334778  seconds  2.4372546507317705 1.4115601912212083 17.6
81.51568841934204  seconds  2.4372546507317705 1.4115601912212083 19.5
71.67856073379517  seconds  2.4372546507317705 1.4115601912212083 18.6
82.43891048431396  seconds  2.4372546507317705 1.4115601912212083 6.6000000000000005
79.09378790855408  seconds  2.4372546507317705 1.4115601912212083 8.6
71.94113898277283  seconds  2.4372546507317705 1.4115601912212083 7.7
80.38271379470825  seconds  2.4372546507317705 1.4115601912212083 10.600000000000001
71.39114832878113  seconds  2.4372546507317705 1.4115601912212083 9.700000000000001
71.90191173553467  seconds  2.4372546507317705 1.4115601912212083 11.700000000000001
81.34060430526733  seconds  2.4372546507317705 1.4115601912212083 0.7000000000000001
80.75637125968933  seconds  2.4372546507317705 1.4115601912212083 12.600000000000001
81.99922060966492  seconds  2.4372546507317705 1.4115601912212083 13.600000000000001
81.23720169067383  seconds  2.4372546507317705 1.4115601912212083 1.7000000000000002
80.83130693435669  seconds  2.4372546507317705 1.4115601912212083 2.7
70.67180728912354  seconds  2.4372546507317705 1.4115601912212083 14.700000000000001
80.41302251815796  seconds  2.4372546507317705 1.4115601912212083 15.600000000000001
79.64061975479126  seconds  2.4372546507317705 1.4115601912212083 3.7
69.97182273864746  seconds  2.4372546507317705 1.4115601912212083 5.800000000000001
79.29526448249817  seconds  2.4372546507317705 1.4115601912212083 4.7
71.44931030273438  seconds  2.4372546507317705 1.4115601912212083 17.7
69.88544631004333  seconds  2.4372546507317705 1.4115601912212083 18.7
83.18457198143005  seconds  2.4372546507317705 1.4115601912212083 16.6
80.08763909339905  seconds  2.4372546507317705 1.4115601912212083 19.6
81.27049207687378  seconds  2.4372546507317705 1.4115601912212083 6.7
69.45399284362793  seconds  2.4372546507317705 1.4115601912212083 7.800000000000001
81.3753867149353  seconds  2.4372546507317705 1.4115601912212083 8.700000000000001
70.4180748462677  seconds  2.4372546507317705 1.4115601912212083 9.8
71.63403654098511  seconds  2.4372546507317705 1.4115601912212083 11.8
80.90383696556091  seconds  2.4372546507317705 1.4115601912212083 10.700000000000001
70.62871313095093  seconds  2.4372546507317705 1.4115601912212083 14.8
80.15760469436646  seconds  2.4372546507317705 1.4115601912212083 0.8
77.70457363128662  seconds  2.4372546507317705 1.4115601912212083 1.8
80.01397275924683  seconds  2.4372546507317705 1.4115601912212083 12.700000000000001
80.43638300895691  seconds  2.4372546507317705 1.4115601912212083 13.700000000000001
79.3532817363739  seconds  2.4372546507317705 1.4115601912212083 2.8000000000000003
78.04151964187622  seconds  2.4372546507317705 1.4115601912212083 15.700000000000001
71.19800090789795  seconds  2.4372546507317705 1.4115601912212083 5.9
78.60518789291382  seconds  2.4372546507317705 1.4115601912212083 3.8000000000000003
70.48287892341614  seconds  2.4372546507317705 1.4115601912212083 17.8
70.76977825164795  seconds  2.4372546507317705 1.4115601912212083 18.8
80.27346658706665  seconds  2.4372546507317705 1.4115601912212083 4.800000000000001
80.26029205322266  seconds  2.4372546507317705 1.4115601912212083 16.7
79.83844900131226  seconds  2.4372546507317705 1.4115601912212083 19.700000000000003
72.1862461566925  seconds  2.4372546507317705 1.4115601912212083 7.9
69.73719811439514  seconds  2.4372546507317705 1.4115601912212083 9.9
77.87048530578613  seconds  2.4372546507317705 1.4115601912212083 6.800000000000001
77.21687769889832  seconds  2.4372546507317705 1.4115601912212083 8.8
71.917471408844  seconds  2.4372546507317705 1.4115601912212083 11.9
79.23913240432739  seconds  2.4372546507317705 1.4115601912212083 10.8
68.63487815856934  seconds  2.4372546507317705 1.4115601912212083 14.9
68.4214038848877  seconds  2.4372546507317705 1.4115601912212083 1.9000000000000001
77.88082337379456  seconds  2.4372546507317705 1.4115601912212083 12.8
78.66989588737488  seconds  2.4372546507317705 1.4115601912212083 0.9
65.64661979675293  seconds  2.4372546507317705 1.4115601912212083 17.900000000000002
78.80495142936707  seconds  2.4372546507317705 1.4115601912212083 13.8
65.01397061347961  seconds  2.4372546507317705 1.4115601912212083 18.900000000000002
78.5666253566742  seconds  2.4372546507317705 1.4115601912212083 2.9000000000000004
77.37260603904724  seconds  2.4372546507317705 1.4115601912212083 15.8
76.06666398048401  seconds  2.4372546507317705 1.4115601912212083 3.9000000000000004
74.24889945983887  seconds  2.4372546507317705 1.4115601912212083 4.9
73.61314058303833  seconds  2.4372546507317705 1.4115601912212083 16.8
71.97868156433105  seconds  2.4372546507317705 1.4115601912212083 19.8
72.54693913459778  seconds  2.4372546507317705 1.4115601912212083 6.9
71.72346615791321  seconds  2.4372546507317705 1.4115601912212083 8.9
69.2140166759491  seconds  2.4372546507317705 1.4115601912212083 10.9
60.51199007034302  seconds  2.4372546507317705 1.4115601912212083 13.9
65.83168935775757  seconds  2.4372546507317705 1.4115601912212083 12.9
64.64755177497864  seconds  2.4372546507317705 1.4115601912212083 15.9
61.492828130722046  seconds  2.4372546507317705 1.4115601912212083 16.900000000000002
60.851415395736694  seconds  2.4372546507317705 1.4115601912212083 19.900000000000002
time for calc.... 882.2688517570496
 plotting data from the run ...
saving data from the run ...
64301.92user 26844.02system 1:27:23elapsed 1738%CPU (0avgtext+0avgdata 21648136maxresident)k
0inputs+128608outputs (385major+580360648minor)pagefaults 0swaps
