Machine arg is, CH1
Machine arg is, CH1
started calculating filling for chemical potential and dispersion parameters TB_single_band..
Machine arg is, CH1
reading lattice from... ./Lattices/KgridX1200.npy
reading lattice from... ./Lattices/KgridY1200.npy
Machine arg is, CH1
reading lattice from... ./Lattices/KgridX1200.npy
reading lattice from... ./Lattices/KgridY1200.npy
norm of Dos, 42.97093206665365 45.58575006211245
sum of the hist, normed? 42.97093206665365
finished calculating filling for chemical potential
Filling: 0.11140361406909932 .... chemical potential: -202.3841378139506
Machine arg is, CH1
reading lattice from... ./Lattices/KgridX1200.npy
reading lattice from... ./Lattices/KgridY1200.npy
sum of the hist, normed? 0.9999999999999923
The fermi energy in mev is: 667.3480150037512, and in units of J: 64.54042698295467, the bandwidth is:494.39071566731144
starting contour.....
finished contour..... 3.9619176387786865
Machine arg is, CH1
ED starting sampling in reciprocal space....
starting high res contour.....
attempting countour of size 20520
number of sheets..... 1
contour size before interpolation..... 34793
finished high res contour..... 79.32688331604004
range of angles from marching squares -3.1414774317851766 3.1414774317851766
comparing volume elements 

0.006135923151542766
8.624605316542844e-06 8.624868518625079e-06
shapes, are they adequate? (65537, 1025) 65537 1025
finished sampling in reciprocal space....t= 80.17027521133423  s


differentials, dr= 8.624868518625079e-06   dth= 0.006135923151542766


energy at the point.. -0.6361147327249022 -1.097946680551206  is  -3.672700594847811e-05
75 the points 7 chunk numtheads
starting with calculation of Sigma
170.79101657867432  seconds  -0.6361147327249022 -1.097946680551206 0.0 0.12979128610360705
149.82831358909607  seconds  -0.6361147327249022 -1.097946680551206 3.2 0.17661201604255636
210.06507444381714  seconds  -0.6361147327249022 -1.097946680551206 0.8 0.13445457671878278
239.78310918807983  seconds  -0.6361147327249022 -1.097946680551206 1.6 0.14610687886838103
305.287850856781  seconds  -0.6361147327249022 -1.097946680551206 2.4000000000000004 0.16135173843965364
342.9028549194336  seconds  -0.6361147327249022 -1.097946680551206 4.0 0.1892542401053093
358.24196195602417  seconds  -0.6361147327249022 -1.097946680551206 4.800000000000001 0.1984056786885719
361.9498555660248  seconds  -0.6361147327249022 -1.097946680551206 5.6000000000000005 0.20443899834020213
356.9442358016968  seconds  -0.6361147327249022 -1.097946680551206 6.4 0.20822236659696927
306.61549520492554  seconds  -0.6361147327249022 -1.097946680551206 12.0 0.2163498728055872
327.6938636302948  seconds  -0.6361147327249022 -1.097946680551206 9.600000000000001 0.21413183397972815
317.06451988220215  seconds  -0.6361147327249022 -1.097946680551206 11.200000000000001 0.21564165890887554
323.36029028892517  seconds  -0.6361147327249022 -1.097946680551206 10.4 0.21491185774051735
364.06800389289856  seconds  -0.6361147327249022 -1.097946680551206 7.2 0.21058511003539476
363.4939954280853  seconds  -0.6361147327249022 -1.097946680551206 8.0 0.21213280764427964
359.51655983924866  seconds  -0.6361147327249022 -1.097946680551206 8.8 0.21324351289089583
267.7621910572052  seconds  -0.6361147327249022 -1.097946680551206 3.4000000000000004 0.18009409797584341
289.8143026828766  seconds  -0.6361147327249022 -1.097946680551206 0.2 0.13007175398200296
223.39910793304443  seconds  -0.6361147327249022 -1.097946680551206 1.8 0.149633474726505
261.7946774959564  seconds  -0.6361147327249022 -1.097946680551206 1.0 0.13667157891632004
162.35620141029358  seconds  -0.6361147327249022 -1.097946680551206 2.6 0.16533410596965742
114.08551526069641  seconds  -0.6361147327249022 -1.097946680551206 4.2 0.19187283917323092
95.28592538833618  seconds  -0.6361147327249022 -1.097946680551206 5.0 0.20017471046263724
90.22594499588013  seconds  -0.6361147327249022 -1.097946680551206 5.800000000000001 0.20556057240164402
92.89377641677856  seconds  -0.6361147327249022 -1.097946680551206 6.6000000000000005 0.2089183759001278
89.97710180282593  seconds  -0.6361147327249022 -1.097946680551206 12.200000000000001 0.2165253695256056
89.35081362724304  seconds  -0.6361147327249022 -1.097946680551206 9.8 0.2143340260126445
90.4274640083313  seconds  -0.6361147327249022 -1.097946680551206 11.4 0.21582001992698677
89.7906482219696  seconds  -0.6361147327249022 -1.097946680551206 10.600000000000001 0.2150975400226902
90.5512912273407  seconds  -0.6361147327249022 -1.097946680551206 7.4 0.21103020683161058
91.13641381263733  seconds  -0.6361147327249022 -1.097946680551206 8.200000000000001 0.2124407981372681
86.25349044799805  seconds  -0.6361147327249022 -1.097946680551206 3.6 0.18336042199275346
94.06924033164978  seconds  -0.6361147327249022 -1.097946680551206 9.0 0.2134806891105969
91.66120862960815  seconds  -0.6361147327249022 -1.097946680551206 0.4 0.1313399078711692
86.31848692893982  seconds  -0.6361147327249022 -1.097946680551206 2.0 0.15345991527416294
93.81937408447266  seconds  -0.6361147327249022 -1.097946680551206 1.2000000000000002 0.139410846002748
91.9731068611145  seconds  -0.6361147327249022 -1.097946680551206 2.8000000000000003 0.16918170045281203
95.40102553367615  seconds  -0.6361147327249022 -1.097946680551206 4.4 0.1942617631410345
93.41040897369385  seconds  -0.6361147327249022 -1.097946680551206 5.2 0.20176037016274442
92.57967638969421  seconds  -0.6361147327249022 -1.097946680551206 6.0 0.2065561935978449
92.95139026641846  seconds  -0.6361147327249022 -1.097946680551206 11.600000000000001 0.2159973672721804
94.906729221344  seconds  -0.6361147327249022 -1.097946680551206 12.4 0.21670054067139016
94.72587966918945  seconds  -0.6361147327249022 -1.097946680551206 10.0 0.21453082507188798
92.17800450325012  seconds  -0.6361147327249022 -1.097946680551206 10.8 0.21528077239091334
101.41470623016357  seconds  -0.6361147327249022 -1.097946680551206 6.800000000000001 0.2095375834951853
96.04617214202881  seconds  -0.6361147327249022 -1.097946680551206 7.6000000000000005 0.2114325738082881
93.83931946754456  seconds  -0.6361147327249022 -1.097946680551206 3.8000000000000003 0.186424843976767
99.11665177345276  seconds  -0.6361147327249022 -1.097946680551206 8.4 0.21272635573398088
99.47875261306763  seconds  -0.6361147327249022 -1.097946680551206 9.200000000000001 0.21370660567113903
92.77803492546082  seconds  -0.6361147327249022 -1.097946680551206 0.6000000000000001 0.13264381378122495
93.21721339225769  seconds  -0.6361147327249022 -1.097946680551206 2.2 0.15744278061634615
98.89907360076904  seconds  -0.6361147327249022 -1.097946680551206 1.4000000000000001 0.14263050859686516
97.63994526863098  seconds  -0.6361147327249022 -1.097946680551206 3.0 0.17296403236439323
97.4905219078064  seconds  -0.6361147327249022 -1.097946680551206 4.6000000000000005 0.19644018589356577
96.82647037506104  seconds  -0.6361147327249022 -1.097946680551206 5.4 0.2031771631932735
95.29099011421204  seconds  -0.6361147327249022 -1.097946680551206 6.2 0.20743925098261318
89.52418780326843  seconds  -0.6361147327249022 -1.097946680551206 12.600000000000001 0.21687549132095998
92.34892773628235  seconds  -0.6361147327249022 -1.097946680551206 11.0 0.21546201683315455
93.73144745826721  seconds  -0.6361147327249022 -1.097946680551206 11.8 0.21617392326777646
95.02602696418762  seconds  -0.6361147327249022 -1.097946680551206 10.200000000000001 0.21472317282913492
94.60893702507019  seconds  -0.6361147327249022 -1.097946680551206 7.0 0.21009032736744102
90.8818359375  seconds  -0.6361147327249022 -1.097946680551206 7.800000000000001 0.21179827191767236
90.45273089408875  seconds  -0.6361147327249022 -1.097946680551206 8.6 0.2129929151957123
86.83305239677429  seconds  -0.6361147327249022 -1.097946680551206 12.8 0.21705030879731696
86.24415612220764  seconds  -0.6361147327249022 -1.097946680551206 9.4 0.21392313459957435
83.98245191574097  seconds  -0.6361147327249022 -1.097946680551206 13.600000000000001 0.21774951769828044
80.53892827033997  seconds  -0.6361147327249022 -1.097946680551206 14.4 0.2184505707445302
68.39624071121216  seconds  -0.6361147327249022 -1.097946680551206 13.0 0.21722506554415608
67.6259126663208  seconds  -0.6361147327249022 -1.097946680551206 13.8 0.21792453324950833
72.10140061378479  seconds  -0.6361147327249022 -1.097946680551206 14.600000000000001 0.2186263106403821
72.0777804851532  seconds  -0.6361147327249022 -1.097946680551206 13.200000000000001 0.21739982104047842
76.71986889839172  seconds  -0.6361147327249022 -1.097946680551206 14.0 0.21809969929942077
68.97651863098145  seconds  -0.6361147327249022 -1.097946680551206 14.8 0.21880227138166755
66.47868394851685  seconds  -0.6361147327249022 -1.097946680551206 13.4 0.2175746248414245
68.88344192504883  seconds  -0.6361147327249022 -1.097946680551206 14.200000000000001 0.21827503883303323
time for calc.... 957.2550482749939
energy at the point.. -0.7430247718383312 -1.029244105682976  is  -1.0284297587759283e-05
75 the points 7 chunk numtheads
starting with calculation of Sigma
68.2902843952179  seconds  -0.7430247718383312 -1.029244105682976 0.8 0.13484157958172516
67.81640863418579  seconds  -0.7430247718383312 -1.029244105682976 2.4000000000000004 0.16136215980889093
100.24571466445923  seconds  -0.7430247718383312 -1.029244105682976 0.0 0.1299080445946179
59.78629112243652  seconds  -0.7430247718383312 -1.029244105682976 4.800000000000001 0.19842330923457155
54.19006085395813  seconds  -0.7430247718383312 -1.029244105682976 8.0 0.21215480242602444
53.31611895561218  seconds  -0.7430247718383312 -1.029244105682976 1.0 0.13706684677899023
84.70728278160095  seconds  -0.7430247718383312 -1.029244105682976 2.6 0.16529221821410595
93.83018016815186  seconds  -0.7430247718383312 -1.029244105682976 11.200000000000001 0.21566210001638614
103.46139192581177  seconds  -0.7430247718383312 -1.029244105682976 10.4 0.21493278270254154
176.60363221168518  seconds  -0.7430247718383312 -1.029244105682976 1.6 0.1460851307543394
162.92050051689148  seconds  -0.7430247718383312 -1.029244105682976 3.2 0.17663200888722455
90.09686517715454  seconds  -0.7430247718383312 -1.029244105682976 12.0 0.21636980780468168
94.26463627815247  seconds  -0.7430247718383312 -1.029244105682976 5.0 0.20019599779144193
175.31673860549927  seconds  -0.7430247718383312 -1.029244105682976 4.0 0.18927395990071486
171.17153143882751  seconds  -0.7430247718383312 -1.029244105682976 5.6000000000000005 0.2044606798049752
105.04706573486328  seconds  -0.7430247718383312 -1.029244105682976 8.200000000000001 0.2124627724661955
180.28045630455017  seconds  -0.7430247718383312 -1.029244105682976 6.4 0.2082442858740744
176.14907336235046  seconds  -0.7430247718383312 -1.029244105682976 7.2 0.21060728179892443
110.57756567001343  seconds  -0.7430247718383312 -1.029244105682976 1.2000000000000002 0.13952134634837177
187.73115754127502  seconds  -0.7430247718383312 -1.029244105682976 8.8 0.2132652627465817
189.59568691253662  seconds  -0.7430247718383312 -1.029244105682976 9.600000000000001 0.21415320245968733
98.93886733055115  seconds  -0.7430247718383312 -1.029244105682976 2.8000000000000003 0.16922181688657856
89.34790635108948  seconds  -0.7430247718383312 -1.029244105682976 10.600000000000001 0.2151183466443982
88.08145451545715  seconds  -0.7430247718383312 -1.029244105682976 12.200000000000001 0.21654517527782285
92.25993299484253  seconds  -0.7430247718383312 -1.029244105682976 11.4 0.21584033613561768
180.69991636276245  seconds  -0.7430247718383312 -1.029244105682976 0.2 0.13007139174420076
90.86839509010315  seconds  -0.7430247718383312 -1.029244105682976 5.2 0.2017820793002764
113.9545226097107  seconds  -0.7430247718383312 -1.029244105682976 3.4000000000000004 0.18010137045195274
116.00770282745361  seconds  -0.7430247718383312 -1.029244105682976 1.8 0.1496025853152188
91.79582333564758  seconds  -0.7430247718383312 -1.029244105682976 8.4 0.21274824450908175
110.87300753593445  seconds  -0.7430247718383312 -1.029244105682976 4.2 0.1918893074209527
88.55029439926147  seconds  -0.7430247718383312 -1.029244105682976 1.4000000000000001 0.14266300833735504
111.3501603603363  seconds  -0.7430247718383312 -1.029244105682976 5.800000000000001 0.20558225063813568
107.82183241844177  seconds  -0.7430247718383312 -1.029244105682976 6.6000000000000005 0.20894020555571696
108.55357122421265  seconds  -0.7430247718383312 -1.029244105682976 7.4 0.21105231110479158
96.84250593185425  seconds  -0.7430247718383312 -1.029244105682976 3.0 0.1729977829748019
109.80350685119629  seconds  -0.7430247718383312 -1.029244105682976 9.0 0.21350234792081027
92.44119715690613  seconds  -0.7430247718383312 -1.029244105682976 11.600000000000001 0.21601755740759532
95.40700697898865  seconds  -0.7430247718383312 -1.029244105682976 10.8 0.2153014588634234
97.73596024513245  seconds  -0.7430247718383312 -1.029244105682976 12.4 0.21672021614510995
91.72553324699402  seconds  -0.7430247718383312 -1.029244105682976 5.4 0.20319890081029646
110.67017602920532  seconds  -0.7430247718383312 -1.029244105682976 9.8 0.2143552878512551
106.29080510139465  seconds  -0.7430247718383312 -1.029244105682976 0.4 0.1311914317679105
104.2812910079956  seconds  -0.7430247718383312 -1.029244105682976 3.6 0.18338250256433988
102.60822463035583  seconds  -0.7430247718383312 -1.029244105682976 2.0 0.15352315532677238
90.15751528739929  seconds  -0.7430247718383312 -1.029244105682976 8.6 0.21301475460264346
101.32742118835449  seconds  -0.7430247718383312 -1.029244105682976 4.4 0.19428015178079658
97.07407593727112  seconds  -0.7430247718383312 -1.029244105682976 6.0 0.20657783897874596
93.7735915184021  seconds  -0.7430247718383312 -1.029244105682976 12.8 0.21706972167130523
94.62257313728333  seconds  -0.7430247718383312 -1.029244105682976 6.800000000000001 0.20955969863106788
96.97985744476318  seconds  -0.7430247718383312 -1.029244105682976 7.6000000000000005 0.21145460720996515
79.0883276462555  seconds  -0.7430247718383312 -1.029244105682976 11.8 0.2161939863486107
81.20424485206604  seconds  -0.7430247718383312 -1.029244105682976 11.0 0.21548258142297705
85.58527183532715  seconds  -0.7430247718383312 -1.029244105682976 13.600000000000001 0.21776839657655095
91.23718357086182  seconds  -0.7430247718383312 -1.029244105682976 12.600000000000001 0.2168950358721595
85.20577573776245  seconds  -0.7430247718383312 -1.029244105682976 14.4 0.21846890548191134
100.04014039039612  seconds  -0.7430247718383312 -1.029244105682976 9.200000000000001 0.2137281824489869
101.5245373249054  seconds  -0.7430247718383312 -1.029244105682976 10.0 0.21455197914658952
102.29309272766113  seconds  -0.7430247718383312 -1.029244105682976 0.6000000000000001 0.13238862342203592
83.81337547302246  seconds  -0.7430247718383312 -1.029244105682976 13.0 0.21724434586166733
103.25640916824341  seconds  -0.7430247718383312 -1.029244105682976 3.8000000000000003 0.186436511510523
105.2825825214386  seconds  -0.7430247718383312 -1.029244105682976 2.2 0.15743192515319782
109.1473958492279  seconds  -0.7430247718383312 -1.029244105682976 4.6000000000000005 0.19645750223049221
103.62418413162231  seconds  -0.7430247718383312 -1.029244105682976 6.2 0.20746095019302865
105.00367784500122  seconds  -0.7430247718383312 -1.029244105682976 7.0 0.21011226185514695
82.4314239025116  seconds  -0.7430247718383312 -1.029244105682976 13.8 0.2179432769884132
104.38818073272705  seconds  -0.7430247718383312 -1.029244105682976 7.800000000000001 0.21182033276928808
81.21752429008484  seconds  -0.7430247718383312 -1.029244105682976 14.600000000000001 0.21864450784793793
97.47752642631531  seconds  -0.7430247718383312 -1.029244105682976 9.4 0.21394460773087604
97.63479232788086  seconds  -0.7430247718383312 -1.029244105682976 10.200000000000001 0.2147442141089124
77.79721736907959  seconds  -0.7430247718383312 -1.029244105682976 13.200000000000001 0.21741896828133037
75.99425506591797  seconds  -0.7430247718383312 -1.029244105682976 14.0 0.21811830731676793
75.78448486328125  seconds  -0.7430247718383312 -1.029244105682976 14.8 0.21882033050936645
75.98521423339844  seconds  -0.7430247718383312 -1.029244105682976 13.4 0.21759363822260125
74.16107392311096  seconds  -0.7430247718383312 -1.029244105682976 14.200000000000001 0.21829351050102253
time for calc.... 707.4473888874054
energy at the point.. -0.8489854206137823 -0.9456757931334199  is  -3.476255395185035e-05
75 the points 7 chunk numtheads
starting with calculation of Sigma
75.31730556488037  seconds  -0.8489854206137823 -0.9456757931334199 0.0 0.13018616528517812
103.89670491218567  seconds  -0.8489854206137823 -0.9456757931334199 0.8 0.13417401724193923
110.42553687095642  seconds  -0.8489854206137823 -0.9456757931334199 1.6 0.145973168774048
118.4622871875763  seconds  -0.8489854206137823 -0.9456757931334199 2.4000000000000004 0.16138492934048784
124.23666214942932  seconds  -0.8489854206137823 -0.9456757931334199 3.2 0.17667349006885155
138.56294918060303  seconds  -0.8489854206137823 -0.9456757931334199 4.0 0.1893229418907459
148.95135688781738  seconds  -0.8489854206137823 -0.9456757931334199 4.800000000000001 0.19847905950821887
128.49595022201538  seconds  -0.8489854206137823 -0.9456757931334199 0.2 0.13008977118888487
166.7064459323883  seconds  -0.8489854206137823 -0.9456757931334199 5.6000000000000005 0.20451890208550094
169.59059166908264  seconds  -0.8489854206137823 -0.9456757931334199 6.4 0.208304868356904
140.27282691001892  seconds  -0.8489854206137823 -0.9456757931334199 9.600000000000001 0.21421246254267423
182.09889006614685  seconds  -0.8489854206137823 -0.9456757931334199 7.2 0.21066851183383056
147.029292345047  seconds  -0.8489854206137823 -0.9456757931334199 11.200000000000001 0.21571874040489938
137.00742435455322  seconds  -0.8489854206137823 -0.9456757931334199 12.0 0.21642502084364001
183.8161585330963  seconds  -0.8489854206137823 -0.9456757931334199 8.0 0.21221589423960743
188.27568221092224  seconds  -0.8489854206137823 -0.9456757931334199 8.8 0.21332559852374638
187.35703802108765  seconds  -0.8489854206137823 -0.9456757931334199 10.4 0.21499078502101984
174.22747778892517  seconds  -0.8489854206137823 -0.9456757931334199 1.0 0.13670325206885334
183.17618107795715  seconds  -0.8489854206137823 -0.9456757931334199 1.8 0.14965498184676618
107.7549479007721  seconds  -0.8489854206137823 -0.9456757931334199 0.4 0.13118568821124701
189.55269026756287  seconds  -0.8489854206137823 -0.9456757931334199 2.6 0.1653647824747166
192.4277787208557  seconds  -0.8489854206137823 -0.9456757931334199 3.4000000000000004 0.1801558826894511
124.4140305519104  seconds  -0.8489854206137823 -0.9456757931334199 9.8 0.2144142453988342
189.21680521965027  seconds  -0.8489854206137823 -0.9456757931334199 4.2 0.1919403215023183
138.41549491882324  seconds  -0.8489854206137823 -0.9456757931334199 11.4 0.2158966245570577
195.29546284675598  seconds  -0.8489854206137823 -0.9456757931334199 5.0 0.20025114719032797
171.66429662704468  seconds  -0.8489854206137823 -0.9456757931334199 5.800000000000001 0.20564149753923255
141.37129855155945  seconds  -0.8489854206137823 -0.9456757931334199 12.200000000000001 0.21660002436627382
178.22908806800842  seconds  -0.8489854206137823 -0.9456757931334199 6.6000000000000005 0.2090011563271409
175.01542782783508  seconds  -0.8489854206137823 -0.9456757931334199 7.4 0.21111363171279976
174.52538800239563  seconds  -0.8489854206137823 -0.9456757931334199 8.200000000000001 0.2125237057422155
176.01777386665344  seconds  -0.8489854206137823 -0.9456757931334199 9.0 0.21356243436129857
171.79707026481628  seconds  -0.8489854206137823 -0.9456757931334199 10.600000000000001 0.21517601540533096
139.3859748840332  seconds  -0.8489854206137823 -0.9456757931334199 0.6000000000000001 0.13239599302686178
114.28906226158142  seconds  -0.8489854206137823 -0.9456757931334199 10.0 0.21461062366822653
176.42408418655396  seconds  -0.8489854206137823 -0.9456757931334199 1.2000000000000002 0.13941438856261468
171.9947600364685  seconds  -0.8489854206137823 -0.9456757931334199 2.0 0.15356446399725862
101.33631563186646  seconds  -0.8489854206137823 -0.9456757931334199 11.600000000000001 0.2160734903438418
157.74986672401428  seconds  -0.8489854206137823 -0.9456757931334199 2.8000000000000003 0.16926264528369878
101.02469801902771  seconds  -0.8489854206137823 -0.9456757931334199 12.4 0.21677469873099964
146.12423396110535  seconds  -0.8489854206137823 -0.9456757931334199 3.6 0.18341835142604182
145.9879858493805  seconds  -0.8489854206137823 -0.9456757931334199 4.4 0.19433505075363589
128.34520506858826  seconds  -0.8489854206137823 -0.9456757931334199 6.0 0.2066374795745287
133.81302785873413  seconds  -0.8489854206137823 -0.9456757931334199 5.2 0.20183878832905602
129.25753450393677  seconds  -0.8489854206137823 -0.9456757931334199 6.800000000000001 0.20962074977659886
124.94853591918945  seconds  -0.8489854206137823 -0.9456757931334199 7.6000000000000005 0.2115159042186814
84.66559481620789  seconds  -0.8489854206137823 -0.9456757931334199 10.200000000000001 0.2148025428232506
86.47524213790894  seconds  -0.8489854206137823 -0.9456757931334199 12.8 0.21712346430187185
123.93034434318542  seconds  -0.8489854206137823 -0.9456757931334199 8.4 0.21280900832545604
123.9385735988617  seconds  -0.8489854206137823 -0.9456757931334199 9.200000000000001 0.2137880068131476
83.05103635787964  seconds  -0.8489854206137823 -0.9456757931334199 11.8 0.21624956072426968
83.49180150032043  seconds  -0.8489854206137823 -0.9456757931334199 12.600000000000001 0.21694914955002156
125.98163795471191  seconds  -0.8489854206137823 -0.9456757931334199 10.8 0.21535878976026435
123.15747141838074  seconds  -0.8489854206137823 -0.9456757931334199 1.4000000000000001 0.1425264588569805
124.11443948745728  seconds  -0.8489854206137823 -0.9456757931334199 2.2 0.15741994949732632
122.3427083492279  seconds  -0.8489854206137823 -0.9456757931334199 3.8000000000000003 0.18648126181615404
126.21712851524353  seconds  -0.8489854206137823 -0.9456757931334199 3.0 0.17303295636559346
119.77830624580383  seconds  -0.8489854206137823 -0.9456757931334199 4.6000000000000005 0.19651111590839584
120.65035152435303  seconds  -0.8489854206137823 -0.9456757931334199 6.2 0.20752096166812217
116.19678616523743  seconds  -0.8489854206137823 -0.9456757931334199 5.4 0.20325646305182998
91.58574199676514  seconds  -0.8489854206137823 -0.9456757931334199 13.0 0.21729771540566833
89.15290713310242  seconds  -0.8489854206137823 -0.9456757931334199 13.600000000000001 0.2178206352707482
113.43383169174194  seconds  -0.8489854206137823 -0.9456757931334199 7.0 0.21017356022314543
115.66697669029236  seconds  -0.8489854206137823 -0.9456757931334199 7.800000000000001 0.2118815229651745
90.1110897064209  seconds  -0.8489854206137823 -0.9456757931334199 14.4 0.21851961173441828
114.28718161582947  seconds  -0.8489854206137823 -0.9456757931334199 8.6 0.21307531123972212
110.11014676094055  seconds  -0.8489854206137823 -0.9456757931334199 9.4 0.21400415575830686
103.46278071403503  seconds  -0.8489854206137823 -0.9456757931334199 11.0 0.21553956954158995
77.1437475681305  seconds  -0.8489854206137823 -0.9456757931334199 13.200000000000001 0.2174719627410812
77.37378239631653  seconds  -0.8489854206137823 -0.9456757931334199 13.8 0.21799513512782026
77.83066821098328  seconds  -0.8489854206137823 -0.9456757931334199 14.600000000000001 0.21869482683430883
75.4637520313263  seconds  -0.8489854206137823 -0.9456757931334199 13.4 0.21764625574547602
75.82642221450806  seconds  -0.8489854206137823 -0.9456757931334199 14.0 0.21816978318408603
73.95050024986267  seconds  -0.8489854206137823 -0.9456757931334199 14.8 0.21887026060825052
72.52491617202759  seconds  -0.8489854206137823 -0.9456757931334199 14.200000000000001 0.2183446023932831
time for calc.... 876.9113013744354
energy at the point.. -0.9455781020592555 -0.8518035636679704  is  -3.1223371763644536e-05
75 the points 7 chunk numtheads
starting with calculation of Sigma
97.08165907859802  seconds  -0.9455781020592555 -0.8518035636679704 0.8 0.13427400545602114
114.89412236213684  seconds  -0.9455781020592555 -0.8518035636679704 0.0 0.1300221718850335
118.15294122695923  seconds  -0.9455781020592555 -0.8518035636679704 1.6 0.14604908896722693
131.9139289855957  seconds  -0.9455781020592555 -0.8518035636679704 2.4000000000000004 0.16143903869484033
149.83730173110962  seconds  -0.9455781020592555 -0.8518035636679704 3.2 0.17672634250067115
156.06440377235413  seconds  -0.9455781020592555 -0.8518035636679704 4.0 0.1893841439759505
174.7847990989685  seconds  -0.9455781020592555 -0.8518035636679704 4.800000000000001 0.19854888741781682
186.49958729743958  seconds  -0.9455781020592555 -0.8518035636679704 5.6000000000000005 0.20459238737557814
188.76341843605042  seconds  -0.9455781020592555 -0.8518035636679704 6.4 0.20838111070343165
139.15640544891357  seconds  -0.9455781020592555 -0.8518035636679704 1.0 0.13667941246915416
142.41054511070251  seconds  -0.9455781020592555 -0.8518035636679704 11.200000000000001 0.2157899594459386
194.4674277305603  seconds  -0.9455781020592555 -0.8518035636679704 7.2 0.2107456346928228
191.83346724510193  seconds  -0.9455781020592555 -0.8518035636679704 8.0 0.21229273971402293
186.43460655212402  seconds  -0.9455781020592555 -0.8518035636679704 8.8 0.21340148776912565
184.84805727005005  seconds  -0.9455781020592555 -0.8518035636679704 9.600000000000001 0.21428699410763272
183.650226354599  seconds  -0.9455781020592555 -0.8518035636679704 10.4 0.21506372606579688
177.9189944267273  seconds  -0.9455781020592555 -0.8518035636679704 0.2 0.13066380447092962
182.61456942558289  seconds  -0.9455781020592555 -0.8518035636679704 12.0 0.2164944358362654
147.82881045341492  seconds  -0.9455781020592555 -0.8518035636679704 2.6 0.1653792263011368
173.91398310661316  seconds  -0.9455781020592555 -0.8518035636679704 1.8 0.1497875326340714
157.3265039920807  seconds  -0.9455781020592555 -0.8518035636679704 4.2 0.19200462071791072
172.73189043998718  seconds  -0.9455781020592555 -0.8518035636679704 3.4000000000000004 0.18019663072275346
106.87946033477783  seconds  -0.9455781020592555 -0.8518035636679704 1.2000000000000002 0.13940965968838545
105.36243033409119  seconds  -0.9455781020592555 -0.8518035636679704 11.4 0.21596739863681305
138.33434915542603  seconds  -0.9455781020592555 -0.8518035636679704 5.0 0.20032146609336235
145.29595065116882  seconds  -0.9455781020592555 -0.8518035636679704 5.800000000000001 0.20571594663402612
141.9914882183075  seconds  -0.9455781020592555 -0.8518035636679704 6.6000000000000005 0.20907776458402907
142.5723352432251  seconds  -0.9455781020592555 -0.8518035636679704 7.4 0.21119076503286027
142.39942407608032  seconds  -0.9455781020592555 -0.8518035636679704 8.200000000000001 0.21260036200397814
144.7232449054718  seconds  -0.9455781020592555 -0.8518035636679704 9.0 0.21363801621414508
144.05362462997437  seconds  -0.9455781020592555 -0.8518035636679704 9.8 0.21448839662216584
119.40582489967346  seconds  -0.9455781020592555 -0.8518035636679704 2.8000000000000003 0.1692874695766322
152.49417185783386  seconds  -0.9455781020592555 -0.8518035636679704 10.600000000000001 0.21524853726427415
165.00253415107727  seconds  -0.9455781020592555 -0.8518035636679704 0.4 0.1310005708726608
116.26267004013062  seconds  -0.9455781020592555 -0.8518035636679704 1.4000000000000001 0.14259905711095006
117.40050601959229  seconds  -0.9455781020592555 -0.8518035636679704 11.600000000000001 0.21614381525042686
173.42916059494019  seconds  -0.9455781020592555 -0.8518035636679704 12.200000000000001 0.2166689789502357
170.16514492034912  seconds  -0.9455781020592555 -0.8518035636679704 2.0 0.15353519857395473
166.0870599746704  seconds  -0.9455781020592555 -0.8518035636679704 4.4 0.19439949879582233
170.01856136322021  seconds  -0.9455781020592555 -0.8518035636679704 3.6 0.18347646397284137
168.92937850952148  seconds  -0.9455781020592555 -0.8518035636679704 5.2 0.20191006067066616
157.17258667945862  seconds  -0.9455781020592555 -0.8518035636679704 6.0 0.20671260042083586
126.79133343696594  seconds  -0.9455781020592555 -0.8518035636679704 3.0 0.17309815719002336
169.5432722568512  seconds  -0.9455781020592555 -0.8518035636679704 6.800000000000001 0.20969755632941908
176.96039032936096  seconds  -0.9455781020592555 -0.8518035636679704 7.6000000000000005 0.21159299435459702
173.81671118736267  seconds  -0.9455781020592555 -0.8518035636679704 8.4 0.21288545149593568
174.83840322494507  seconds  -0.9455781020592555 -0.8518035636679704 9.200000000000001 0.21386325916736348
173.63997054100037  seconds  -0.9455781020592555 -0.8518035636679704 10.0 0.2146843825949811
126.78955793380737  seconds  -0.9455781020592555 -0.8518035636679704 11.8 0.2163194326360232
122.70675945281982  seconds  -0.9455781020592555 -0.8518035636679704 12.8 0.21719101991412737
172.88515901565552  seconds  -0.9455781020592555 -0.8518035636679704 10.8 0.21543088339401956
161.80186414718628  seconds  -0.9455781020592555 -0.8518035636679704 0.6000000000000001 0.1323647314950607
165.18003177642822  seconds  -0.9455781020592555 -0.8518035636679704 12.4 0.21684318982159242
161.19822525978088  seconds  -0.9455781020592555 -0.8518035636679704 2.2 0.1574738127689397
119.09167861938477  seconds  -0.9455781020592555 -0.8518035636679704 13.600000000000001 0.21788628931680148
153.59958124160767  seconds  -0.9455781020592555 -0.8518035636679704 3.8000000000000003 0.18654127345553612
160.24567532539368  seconds  -0.9455781020592555 -0.8518035636679704 4.6000000000000005 0.19657892999526336
157.0247447490692  seconds  -0.9455781020592555 -0.8518035636679704 5.4 0.20332914719808307
147.34258031845093  seconds  -0.9455781020592555 -0.8518035636679704 6.2 0.20759671910347902
141.89642715454102  seconds  -0.9455781020592555 -0.8518035636679704 7.0 0.21025055225115558
103.92976403236389  seconds  -0.9455781020592555 -0.8518035636679704 13.0 0.2173647992739569
124.99442768096924  seconds  -0.9455781020592555 -0.8518035636679704 8.6 0.21315149116865495
102.01454210281372  seconds  -0.9455781020592555 -0.8518035636679704 14.4 0.21858332822383475
122.59294390678406  seconds  -0.9455781020592555 -0.8518035636679704 9.4 0.21407905373895217
128.38352179527283  seconds  -0.9455781020592555 -0.8518035636679704 7.800000000000001 0.21195851754399433
121.31686902046204  seconds  -0.9455781020592555 -0.8518035636679704 10.200000000000001 0.21487589718570288
115.52656054496765  seconds  -0.9455781020592555 -0.8518035636679704 11.0 0.2156112278800328
102.26974415779114  seconds  -0.9455781020592555 -0.8518035636679704 12.600000000000001 0.2170171742716929
78.12845396995544  seconds  -0.9455781020592555 -0.8518035636679704 13.8 0.2180603080135937
76.83394742012024  seconds  -0.9455781020592555 -0.8518035636679704 13.200000000000001 0.21753857234111051
76.51016807556152  seconds  -0.9455781020592555 -0.8518035636679704 14.600000000000001 0.21875805371181356
69.0187611579895  seconds  -0.9455781020592555 -0.8518035636679704 14.0 0.21823447271124832
63.9723961353302  seconds  -0.9455781020592555 -0.8518035636679704 13.4 0.21771238870101464
63.053473234176636  seconds  -0.9455781020592555 -0.8518035636679704 14.8 0.2189329958301234
58.871350049972534  seconds  -0.9455781020592555 -0.8518035636679704 14.200000000000001 0.21840880644709731
time for calc.... 892.0417585372925
energy at the point.. -1.0316818774445893 -0.7477304260094781  is  -1.6733911934352363e-05
75 the points 7 chunk numtheads
starting with calculation of Sigma
84.77942180633545  seconds  -1.0316818774445893 -0.7477304260094781 0.0 0.12981620248325437
125.84677410125732  seconds  -1.0316818774445893 -0.7477304260094781 0.8 0.13444686500058214
126.45003461837769  seconds  -1.0316818774445893 -0.7477304260094781 1.6 0.14603414363116687
126.07769656181335  seconds  -1.0316818774445893 -0.7477304260094781 2.4000000000000004 0.16146419560023484
137.10121941566467  seconds  -1.0316818774445893 -0.7477304260094781 3.2 0.1767795682495812
134.40935254096985  seconds  -1.0316818774445893 -0.7477304260094781 4.0 0.189434598734684
136.62028980255127  seconds  -1.0316818774445893 -0.7477304260094781 4.800000000000001 0.19860483779921476
158.29019451141357  seconds  -1.0316818774445893 -0.7477304260094781 5.6000000000000005 0.20465266930811374
163.26751255989075  seconds  -1.0316818774445893 -0.7477304260094781 6.4 0.20844354623167824
137.1011335849762  seconds  -1.0316818774445893 -0.7477304260094781 0.2 0.1302526924899057
179.05852127075195  seconds  -1.0316818774445893 -0.7477304260094781 7.2 0.21080874413846598
180.86752700805664  seconds  -1.0316818774445893 -0.7477304260094781 8.0 0.21235564867762452
161.85436749458313  seconds  -1.0316818774445893 -0.7477304260094781 10.4 0.21512342060741785
158.16291761398315  seconds  -1.0316818774445893 -0.7477304260094781 11.200000000000001 0.2158482376028605
152.37908506393433  seconds  -1.0316818774445893 -0.7477304260094781 12.0 0.21655123179548696
186.96722149848938  seconds  -1.0316818774445893 -0.7477304260094781 8.8 0.21346361158609437
180.79776859283447  seconds  -1.0316818774445893 -0.7477304260094781 9.600000000000001 0.21434799424865958
163.92939925193787  seconds  -1.0316818774445893 -0.7477304260094781 1.0 0.13679097096640128
168.9220371246338  seconds  -1.0316818774445893 -0.7477304260094781 1.8 0.14980748962945725
177.50614380836487  seconds  -1.0316818774445893 -0.7477304260094781 2.6 0.1654109802925494
149.84667253494263  seconds  -1.0316818774445893 -0.7477304260094781 0.4 0.1310645125704648
211.55995774269104  seconds  -1.0316818774445893 -0.7477304260094781 3.4000000000000004 0.18025569202092576
232.97194170951843  seconds  -1.0316818774445893 -0.7477304260094781 4.2 0.19205303690010195
227.85047554969788  seconds  -1.0316818774445893 -0.7477304260094781 5.0 0.20037910294844535
159.42671012878418  seconds  -1.0316818774445893 -0.7477304260094781 10.600000000000001 0.21530788566098769
227.76226472854614  seconds  -1.0316818774445893 -0.7477304260094781 5.800000000000001 0.20577659402942186
174.65807247161865  seconds  -1.0316818774445893 -0.7477304260094781 12.200000000000001 0.21672539684182363
178.48423504829407  seconds  -1.0316818774445893 -0.7477304260094781 11.4 0.2160253116713744
224.8924081325531  seconds  -1.0316818774445893 -0.7477304260094781 6.6000000000000005 0.2091404306931277
205.33736491203308  seconds  -1.0316818774445893 -0.7477304260094781 8.200000000000001 0.21266311487125295
215.51030015945435  seconds  -1.0316818774445893 -0.7477304260094781 7.4 0.21125390792228316
213.15740275382996  seconds  -1.0316818774445893 -0.7477304260094781 9.0 0.21369988476406493
214.2153525352478  seconds  -1.0316818774445893 -0.7477304260094781 9.8 0.21454908434993386
234.01604175567627  seconds  -1.0316818774445893 -0.7477304260094781 1.2000000000000002 0.13976430931525977
178.39140725135803  seconds  -1.0316818774445893 -0.7477304260094781 0.6000000000000001 0.13268087223239866
252.14237236976624  seconds  -1.0316818774445893 -0.7477304260094781 2.0 0.1535729779894405
257.42810249328613  seconds  -1.0316818774445893 -0.7477304260094781 2.8000000000000003 0.16936351361893603
171.74494576454163  seconds  -1.0316818774445893 -0.7477304260094781 10.8 0.2154898797957997
160.42615818977356  seconds  -1.0316818774445893 -0.7477304260094781 11.600000000000001 0.2162013593766626
224.38201379776  seconds  -1.0316818774445893 -0.7477304260094781 3.6 0.18351560818780072
166.20588159561157  seconds  -1.0316818774445893 -0.7477304260094781 12.4 0.21689922690381627
208.34724712371826  seconds  -1.0316818774445893 -0.7477304260094781 5.2 0.20196808436295874
212.5642068386078  seconds  -1.0316818774445893 -0.7477304260094781 4.4 0.1944540124765631
193.37044739723206  seconds  -1.0316818774445893 -0.7477304260094781 6.0 0.20677402000254844
197.46809601783752  seconds  -1.0316818774445893 -0.7477304260094781 6.800000000000001 0.20976049992324988
191.33092832565308  seconds  -1.0316818774445893 -0.7477304260094781 7.6000000000000005 0.21165611429065573
192.26084351539612  seconds  -1.0316818774445893 -0.7477304260094781 8.4 0.21294801213115963
196.93025135993958  seconds  -1.0316818774445893 -0.7477304260094781 9.200000000000001 0.2139248471676178
193.77429366111755  seconds  -1.0316818774445893 -0.7477304260094781 10.0 0.21474474876114327
143.69160890579224  seconds  -1.0316818774445893 -0.7477304260094781 12.8 0.217246288388699
131.97948026657104  seconds  -1.0316818774445893 -0.7477304260094781 11.0 0.21566986792156478
189.87253046035767  seconds  -1.0316818774445893 -0.7477304260094781 1.4000000000000001 0.14273208254084457
130.97218132019043  seconds  -1.0316818774445893 -0.7477304260094781 12.600000000000001 0.2170728281528832
136.07701539993286  seconds  -1.0316818774445893 -0.7477304260094781 11.8 0.21637660409981177
174.79656100273132  seconds  -1.0316818774445893 -0.7477304260094781 2.2 0.1574696986453073
163.7487428188324  seconds  -1.0316818774445893 -0.7477304260094781 3.0 0.17313147480953037
159.26351404190063  seconds  -1.0316818774445893 -0.7477304260094781 3.8000000000000003 0.18659330731280752
153.69683456420898  seconds  -1.0316818774445893 -0.7477304260094781 4.6000000000000005 0.19663148753158555
154.73673248291016  seconds  -1.0316818774445893 -0.7477304260094781 5.4 0.20338801468295664
147.42104172706604  seconds  -1.0316818774445893 -0.7477304260094781 6.2 0.2076588117570655
146.71944379806519  seconds  -1.0316818774445893 -0.7477304260094781 7.0 0.2103136079546694
145.17214560508728  seconds  -1.0316818774445893 -0.7477304260094781 8.6 0.21321384290551737
147.26860737800598  seconds  -1.0316818774445893 -0.7477304260094781 7.800000000000001 0.21202154924479985
103.76288509368896  seconds  -1.0316818774445893 -0.7477304260094781 13.0 0.21741968018639715
136.5645797252655  seconds  -1.0316818774445893 -0.7477304260094781 9.4 0.21414035796996111
136.93212485313416  seconds  -1.0316818774445893 -0.7477304260094781 10.200000000000001 0.2149359295552161
91.41922187805176  seconds  -1.0316818774445893 -0.7477304260094781 13.600000000000001 0.21793999561537575
100.61398577690125  seconds  -1.0316818774445893 -0.7477304260094781 14.4 0.21863544291203185
82.71134448051453  seconds  -1.0316818774445893 -0.7477304260094781 13.200000000000001 0.21759306363997846
84.85224032402039  seconds  -1.0316818774445893 -0.7477304260094781 13.8 0.21811361904648155
87.95795798301697  seconds  -1.0316818774445893 -0.7477304260094781 14.600000000000001 0.21880976620925224
83.36074638366699  seconds  -1.0316818774445893 -0.7477304260094781 13.4 0.21776648843870103
81.97566103935242  seconds  -1.0316818774445893 -0.7477304260094781 14.0 0.21828738669605308
76.59911394119263  seconds  -1.0316818774445893 -0.7477304260094781 14.8 0.2189843044716441
77.81610131263733  seconds  -1.0316818774445893 -0.7477304260094781 14.200000000000001 0.21846132163971502
time for calc.... 1077.0144109725952
energy at the point.. -1.1065189048239894 -0.6328450837133438  is  -5.955271774382709e-06
75 the points 7 chunk numtheads
starting with calculation of Sigma
84.65725421905518  seconds  -1.1065189048239894 -0.6328450837133438 0.0 0.13001821462209248
86.17717623710632  seconds  -1.1065189048239894 -0.6328450837133438 0.8 0.13446213884091915
88.45921397209167  seconds  -1.1065189048239894 -0.6328450837133438 1.6 0.14606521047068144
97.7134108543396  seconds  -1.1065189048239894 -0.6328450837133438 2.4000000000000004 0.16149916785571852
89.72355771064758  seconds  -1.1065189048239894 -0.6328450837133438 4.0 0.18945423154264787
99.48838710784912  seconds  -1.1065189048239894 -0.6328450837133438 3.2 0.17679718833323313
89.17959094047546  seconds  -1.1065189048239894 -0.6328450837133438 4.800000000000001 0.1986261853780711
103.51752638816833  seconds  -1.1065189048239894 -0.6328450837133438 5.6000000000000005 0.2046758593148594
106.14700269699097  seconds  -1.1065189048239894 -0.6328450837133438 6.4 0.20846694843576646
118.92656564712524  seconds  -1.1065189048239894 -0.6328450837133438 7.2 0.21083232770608956
118.74911952018738  seconds  -1.1065189048239894 -0.6328450837133438 8.0 0.21237917330595368
106.69206857681274  seconds  -1.1065189048239894 -0.6328450837133438 0.2 0.13016996433043704
104.24139356613159  seconds  -1.1065189048239894 -0.6328450837133438 10.4 0.2151457351332433
109.13632082939148  seconds  -1.1065189048239894 -0.6328450837133438 1.0 0.13680401225641609
124.48391938209534  seconds  -1.1065189048239894 -0.6328450837133438 8.8 0.21348683006280866
120.28039860725403  seconds  -1.1065189048239894 -0.6328450837133438 9.600000000000001 0.21437079561144728
107.02258563041687  seconds  -1.1065189048239894 -0.6328450837133438 1.8 0.14980865330376703
126.5307719707489  seconds  -1.1065189048239894 -0.6328450837133438 11.200000000000001 0.21587002450288226
122.6585464477539  seconds  -1.1065189048239894 -0.6328450837133438 12.0 0.2165724665280419
112.21303200721741  seconds  -1.1065189048239894 -0.6328450837133438 4.2 0.19207266696195502
121.04228019714355  seconds  -1.1065189048239894 -0.6328450837133438 2.6 0.16544889082048933
116.95148205757141  seconds  -1.1065189048239894 -0.6328450837133438 3.4000000000000004 0.18026976568341613
113.5203869342804  seconds  -1.1065189048239894 -0.6328450837133438 5.0 0.20039928005164628
114.79071855545044  seconds  -1.1065189048239894 -0.6328450837133438 5.800000000000001 0.2057996769526761
113.3282880783081  seconds  -1.1065189048239894 -0.6328450837133438 6.6000000000000005 0.20916384662439788
99.28530430793762  seconds  -1.1065189048239894 -0.6328450837133438 7.4 0.21127750963239747
112.21650004386902  seconds  -1.1065189048239894 -0.6328450837133438 8.200000000000001 0.21268657648334405
109.5883731842041  seconds  -1.1065189048239894 -0.6328450837133438 0.4 0.1323597387156044
108.68220210075378  seconds  -1.1065189048239894 -0.6328450837133438 10.600000000000001 0.21533007067725363
107.03706288337708  seconds  -1.1065189048239894 -0.6328450837133438 1.2000000000000002 0.13958962366197436
108.45014142990112  seconds  -1.1065189048239894 -0.6328450837133438 9.0 0.21372300713873704
111.42482328414917  seconds  -1.1065189048239894 -0.6328450837133438 9.8 0.21457176833857583
111.04829430580139  seconds  -1.1065189048239894 -0.6328450837133438 2.0 0.1535642798927137
203.2187077999115  seconds  -1.1065189048239894 -0.6328450837133438 4.4 0.19447458907179715
Traceback (most recent call last):
  File "E_scan.py", line 606, in <module>
    sys.exit(main())  # next section explains the use of sys.exit
  File "E_scan.py", line 591, in main
    [shifts, w, delsd]=SE.parInt_w( qx, qy, w, sq, maxthreads)
  File "E_scan.py", line 299, in parInt_w
    for result in results:
  File "/home/jfm343/anaconda3/lib/python3.8/concurrent/futures/process.py", line 484, in _chain_from_iterable_of_lists
    for element in iterable:
  File "/home/jfm343/anaconda3/lib/python3.8/concurrent/futures/_base.py", line 611, in result_iterator
    yield fs.pop().result()
  File "/home/jfm343/anaconda3/lib/python3.8/concurrent/futures/_base.py", line 439, in result
    return self.__get_result()
  File "/home/jfm343/anaconda3/lib/python3.8/concurrent/futures/_base.py", line 388, in __get_result
    raise self._exception
concurrent.futures.process.BrokenProcessPool: A process in the process pool was terminated abruptly while the future was running or pending.
Command exited with non-zero status 1
26927.10user 23009.60system 1:27:07elapsed 955%CPU (0avgtext+0avgdata 25251204maxresident)k
5236984inputs+1440outputs (261713major+419556926minor)pagefaults 0swaps
