reading lattice from... ./Lattices/sqKgridX8000.npy
reading lattice from... ./Lattices/sqKgridY8000.npy
starting sampling in reciprocal space....
 finished sampling in reciprocal space.... 0.08198142051696777
started calculating filling for chemical potential and dispersion parameters TB_single_band..
reading lattice from... ./Lattices/KgridX400.npy
reading lattice from... ./Lattices/KgridY400.npy
reading lattice from... ./Lattices/KgridX400.npy
reading lattice from... ./Lattices/KgridY400.npy
finished calculating filling for chemical potential
Filling: 0.5021914101708863 .... chemical potential: 29.41164495334965
the fermi velocity is rough 141.4672589743371
The fermi energy in mev is: 3064.1164088176356, and in units of J: 296.3362097502549, the bandwidth is:494.39071566731144
reading lattice from... ./Lattices/KgridX8000.npy
reading lattice from... ./Lattices/KgridY8000.npy
reading lattice from... ./Lattices/sqKgridX8000.npy
reading lattice from... ./Lattices/sqKgridY8000.npy
energy at the point.. 2.612699153466239 0.5406345067362022  is  7.400112771449585e-06
the angle is  0.20404589651971108
20 the fermi surface points 4 chunk numtheads
starting with calculation of Sigma
171.69742131233215  seconds  2.612699153466239 0.5406345067362022 0.5
178.6399335861206  seconds  2.724999792452247 0.543565534643328 0.5
178.72407507896423  seconds  2.8373004314382544 0.546496562550454 0.5
179.3902130126953  seconds  2.9496010704242623 0.5494275904575798 0.5
178.55931544303894  seconds  3.0619017094102703 0.5523586183647058 0.5
179.5537748336792  seconds  2.640774313212741 0.5413672637129836 0.5
177.9822654724121  seconds  2.7530749521987485 0.5442982916201096 0.5
172.95961809158325  seconds  2.8653755911847565 0.5472293195272354 0.5
180.49046802520752  seconds  2.9776762301707644 0.5501603474343614 0.5
177.09166145324707  seconds  3.0899768691567724 0.5530913753414872 0.5
177.30616426467896  seconds  2.6688494729592427 0.5421000206897651 0.5
177.1457781791687  seconds  2.7811501119452506 0.545031048596891 0.5
178.70050740242004  seconds  2.8934507509312586 0.5479620765040168 0.5
176.03150939941406  seconds  3.0057513899172665 0.5508931044111428 0.5
177.3266441822052  seconds  3.118052028903274 0.5538241323182687 0.5
182.36254692077637  seconds  2.696924632705745 0.5428327776665466 0.5
172.0574128627777  seconds  2.8092252716917527 0.5457638055736724 0.5
179.92917346954346  seconds  2.9215259106777607 0.5486948334807984 0.5
182.97470211982727  seconds  3.033826549663768 0.5516258613879242 0.5
180.42605185508728  seconds  3.146127188649776 0.5545568892950502 0.5
time for calc.... 781.2584793567657
 plotting data from the run ...
saving data from the run ...
energy at the point.. 2.5966539165555025 0.8378965667101266  is  1.0400959698841916e-05
the angle is  0.3121349978541341
20 the fermi surface points 4 chunk numtheads
starting with calculation of Sigma
179.47009706497192  seconds  2.5966539165555025 0.8378965667101266 0.5
177.08185267448425  seconds  2.711048550214725 0.8484888458529057 0.5
181.78689336776733  seconds  2.8254431838739467 0.8590811249956848 0.5
178.5343234539032  seconds  2.939837817533169 0.869673404138464 0.5
181.78666710853577  seconds  3.054232451192391 0.8802656832812431 0.5
183.3489944934845  seconds  2.625252574970308 0.8405446364958213 0.5
181.9596447944641  seconds  2.7396472086295303 0.8511369156386005 0.5
183.5069296360016  seconds  2.854041842288752 0.8617291947813797 0.5
183.43739199638367  seconds  2.9684364759479744 0.8723214739241587 0.5
179.9736762046814  seconds  3.0828311096071968 0.8829137530669379 0.5
181.46645188331604  seconds  2.6538512333851134 0.8431927062815161 0.5
177.099027633667  seconds  2.7682458670443357 0.8537849854242953 0.5
180.12361335754395  seconds  2.882640500703558 0.8643772645670744 0.5
181.75531363487244  seconds  2.99703513436278 0.8749695437098536 0.5
178.9219605922699  seconds  3.111429768022002 0.8855618228526326 0.5
184.05262351036072  seconds  2.682449891799919 0.845840776067211 0.5
182.13942670822144  seconds  2.796844525459141 0.85643305520999 0.5
180.93533754348755  seconds  2.9112391591183635 0.8670253343527692 0.5
177.53171253204346  seconds  3.0256337927775854 0.8776176134955483 0.5
177.4245843887329  seconds  3.1400284264368077 0.8882098926383275 0.5
time for calc.... 783.2223749160767
 plotting data from the run ...
saving data from the run ...
energy at the point.. 2.5477213028327195 1.1368970013037814  is  9.295332997538708e-06
the angle is  0.4197233160056505
20 the fermi surface points 4 chunk numtheads
starting with calculation of Sigma
179.36792945861816  seconds  2.5477213028327195 1.1368970013037814 0.5
180.75907278060913  seconds  2.661467173670395 1.166235293307673 0.5
176.56749987602234  seconds  2.7752130445080705 1.1955735853115645 0.5
183.5686390399933  seconds  2.8889589153457456 1.2249118773154561 0.5
182.55669927597046  seconds  3.002704786183421 1.2542501693193477 0.5
183.45174717903137  seconds  2.5761577705421383 1.1442315743047542 0.5
177.49408054351807  seconds  2.689903641379814 1.1735698663086458 0.5
182.11016035079956  seconds  2.803649512217489 1.2029081583125374 0.5
180.2600018978119  seconds  2.9173953830551644 1.232246450316429 0.5
181.1772198677063  seconds  3.03114125389284 1.2615847423203206 0.5
177.78798365592957  seconds  2.6045942382515572 1.151566147305727 0.5
179.9451949596405  seconds  2.7183401090892327 1.1809044393096186 0.5
178.50422620773315  seconds  2.832085979926908 1.2102427313135102 0.5
182.57155990600586  seconds  2.9458318507645833 1.2395810233174018 0.5
180.87593269348145  seconds  3.059577721602259 1.2689193153212934 0.5
182.86845064163208  seconds  2.633030705960976 1.1589007203067 0.5
182.86417627334595  seconds  2.7467765767986516 1.1882390123105917 0.5
179.62010502815247  seconds  2.8605224476363267 1.2175773043144833 0.5
179.7480034828186  seconds  2.974268318474002 1.2469155963183747 0.5
177.86617422103882  seconds  3.0880141893116777 1.2762538883222663 0.5
time for calc.... 789.7779016494751
 plotting data from the run ...
saving data from the run ...
energy at the point.. 2.4372546507317705 1.4115601912212083  is  1.07841213363713e-05
the angle is  0.5249549448529208
20 the fermi surface points 4 chunk numtheads
starting with calculation of Sigma
182.99892950057983  seconds  2.4372546507317705 1.4115601912212083 0.5
180.34370636940002  seconds  2.539721696474669 1.4712597640507685 0.5
186.8885142803192  seconds  2.6421887422175674 1.5309593368803287 0.5
182.6852478981018  seconds  2.744655787960466 1.5906589097098889 0.5
182.33777785301208  seconds  2.8471228337033647 1.6503584825394488 0.5
178.11389589309692  seconds  2.462871412167495 1.4264850844285983 0.5
180.1720986366272  seconds  2.5653384579103937 1.4861846572581585 0.5
153.18113470077515  seconds  2.8727395951390893 1.665283375746839 0.5
181.10340070724487  seconds  2.667805503653292 1.5458842300877187 0.5
178.91227388381958  seconds  2.7702725493961906 1.6055838029172789 0.5
175.31013083457947  seconds  2.4884881736032196 1.4414099776359883 0.5
153.29081869125366  seconds  2.898356356574814 1.680208268954229 0.5
177.75166177749634  seconds  2.5909552193461183 1.5011095504655485 0.5
172.60205626487732  seconds  2.693422265089017 1.5608091232951087 0.5
173.33278107643127  seconds  2.795889310831915 1.6205086961246689 0.5
150.78962230682373  seconds  2.9239731180105384 1.695133162161619 0.5
176.12251567840576  seconds  2.514104935038944 1.4563348708433785 0.5
155.23346877098083  seconds  2.7190390265247415 1.5757340165024987 0.5
176.02238702774048  seconds  2.616571980781843 1.5160344436729387 0.5
174.32865929603577  seconds  2.8215060722676397 1.6354335893320588 0.5
time for calc.... 764.0707201957703
 plotting data from the run ...
saving data from the run ...
11597.82user 2971.99system 52:16.67elapsed 464%CPU (0avgtext+0avgdata 38258972maxresident)k
0inputs+127440outputs (257major+137746053minor)pagefaults 0swaps
