Machine arg is, CH1
Machine arg is, CH1
started calculating filling for chemical potential and dispersion parameters TB_single_band..
Machine arg is, CH1
reading lattice from... ./Lattices/KgridX400.npy
reading lattice from... ./Lattices/KgridY400.npy
Machine arg is, CH1
reading lattice from... ./Lattices/KgridX400.npy
reading lattice from... ./Lattices/KgridY400.npy
norm of Dos, 42.951937478998964 45.58575006211245
sum of the hist, normed? 42.951937478998964
finished calculating filling for chemical potential
Filling: 0.492016783147027 .... chemical potential: 25.175786209608532
Machine arg is, CH1
reading lattice from... ./Lattices/KgridX400.npy
reading lattice from... ./Lattices/KgridY400.npy
sum of the hist, normed? 1.0000000000000024
starting high res contour.....
attempting countour of size 10280
number of sheets..... 1
contour size before interpolation..... 36881
finished high res contour..... 29.057313680648804
range of angles from marching squares -3.141480243271019 3.1414802432710194
The fermi energy in mev is: 3020.3176294073523, and in units of J: 292.1003510065138, the bandwidth is:494.39071566731144
starting contour.....
finished contour..... 5.337763547897339
Machine arg is, CH1
ED starting sampling in reciprocal space....
starting high res contour.....
attempting countour of size 10280
number of sheets..... 1
contour size before interpolation..... 36881
finished high res contour..... 24.841403007507324
range of angles from marching squares -3.141480243271019 3.1414802432710194
comparing volume elements 

0.024543692606170175
0.00026168449228629396 0.00026194004354835183
shapes, are they adequate? (2049, 257) 2049 257
finished sampling in reciprocal space....t= 25.005865812301636  s


differentials, dr= 0.00026194004354835183   dth= 0.024543692606170175


PLOTTING
for error, maximum difference 30.2130030512999
number of active points (2, 96308)
for error, maximum difference 30.2130030512999
FS_scan.py:199: RuntimeWarning: divide by zero encountered in log10
  xx=np.log10(Integrand)
number of active points (2, 171803)
300 the points 30 chunk numtheads
starting with calculation of Sigma
0.5045909881591797  seconds  -2.596355801713879 -0.0002918571845511586 0.001 0.3002423845935808
0.6621401309967041  seconds  -2.22884358967787 -1.6268235907680921 0.001 0.3292536204261414
0.6413874626159668  seconds  -0.8080940071318015 -2.5236746209798064 0.001 0.30910714835556397
0.6268317699432373  seconds  0.8332858285037822 -2.5102485592518597 0.001 0.3103835872873324
0.5679354667663574  seconds  2.2497428116200386 -1.6057406251544322 0.001 0.33025969925231397
0.5982155799865723  seconds  2.5963475205293784 0.02727984832351595 0.001 0.29987242756097576
0.5700316429138184  seconds  2.207951829199001 1.6470214263775307 0.001 0.3280139007915775
0.5903856754302979  seconds  0.7833044649679938 2.536747675741398 0.001 0.34204365168346246
0.5810718536376953  seconds  -0.8578197317527634 2.4970484945486677 0.001 0.30734711358063965
0.6610791683197021  seconds  -2.5963221030358605 -0.05485716954637646 0.001 0.2996991174964395
0.6036086082458496  seconds  -2.269726050404759 1.5846540181035476 0.001 0.3308386691162425
0.6204876899719238  seconds  -2.186203106154822 -1.667221203027238 0.001 0.3280113405189741
0.5605864524841309  seconds  2.289618314422646 -1.5626420622025832 0.001 0.3372066321716454
0.6217539310455322  seconds  0.8827637572812306 -2.483512964972865 0.001 0.31470625960078435
0.6804249286651611  seconds  -0.7578382656415902 -2.5500210823074996 0.001 0.31112954319661457
0.5412278175354004  seconds  2.5962799944371953 0.08186151683482348 0.001 0.29949666917665113
0.6023375988006592  seconds  2.1645558471291273 1.686582012590134 0.001 0.3259188448583555
0.5219953060150146  seconds  0.7327674524766357 2.56291964308128 0.001 0.3156626514958248
0.5781702995300293  seconds  -0.9070682975343508 2.470223316414354 0.001 0.30589870370982203
0.579970121383667  seconds  -2.596218287252405 -0.10946658827868645 0.001 0.2997449578897222
0.6141479015350342  seconds  -2.308539895093776 1.5406299912933317 0.001 0.3309828588907435
0.6208486557006836  seconds  -2.142110946491641 -1.7059572471985205 0.001 0.3251421220301148
0.5638296604156494  seconds  2.327272324079705 -1.5176613123890081 0.001 0.33678575063006644
0.5719931125640869  seconds  0.9317915269497389 -2.456612000599187 0.001 0.30711438586720247
0.5774242877960205  seconds  2.596138105340799 0.13650882052068083 0.001 0.29995319300885365
0.6603677272796631  seconds  -0.7070012158343234 -2.575986235036216 0.001 0.3134655711815501
0.6169474124908447  seconds  2.119853608699858 1.724542738295756 0.001 0.32369842900480367
0.6931800842285156  seconds  0.6816247091363629 2.5886513491871908 0.001 0.31452667149658037
0.5899224281311035  seconds  -0.9558931749742963 2.443261567739395 0.001 0.3059451176393145
0.5826714038848877  seconds  -2.59603399933993 -0.1641634204514347 0.001 0.30024592272185
0.5770688056945801  seconds  -2.344988779496669 1.4947074793960056 0.001 0.3321972597670072
0.5939462184906006  seconds  2.3624238455532054 -1.4707775622067627 0.001 0.33296580621483185
0.6639676094055176  seconds  -2.096855054229286 -1.7431597341346308 0.001 0.3230223204795137
0.6407380104064941  seconds  0.9804225870940421 -2.429599934653114 0.001 0.30341093496582816
0.560936450958252  seconds  -0.6555344021816041 -2.6014444482468027 0.001 0.3148965580051414
0.6508831977844238  seconds  2.5959079940897682 0.19126456436432704 0.001 0.3000483469235577
0.5362927913665771  seconds  2.0741202508000796 1.7610369737680238 0.001 0.3216855078612167
0.5158405303955078  seconds  -2.595751696790825 -0.21898980370388024 0.001 0.30023431317349686
0.535947322845459  seconds  -1.0043476299354455 2.416210051926102 0.001 0.30262455076976486
0.49162960052490234  seconds  -2.378811936167766 1.446890186209306 0.001 0.33265045129268694
0.6391925811767578  seconds  0.6298297795679744 2.613804201483911 0.001 0.3163686177689812
0.645484209060669  seconds  2.394838103261867 -1.4220210555288961 0.001 0.3330145476219342
0.5920641422271729  seconds  -0.6033938797520543 -2.626243159415089 0.001 0.3174955425170555
0.5641012191772461  seconds  2.595568379378647 0.24617007448720765 0.001 0.30061872292333053
0.6227364540100098  seconds  1.0287099052750706 -2.4025165108404467 0.001 0.30223359188425925
0.661308765411377  seconds  -2.0506957081693726 -1.77896549426189 0.001 0.3210974724086157
0.5980374813079834  seconds  2.0276002674609086 1.7962032078501262 0.001 0.3195837008533098
0.55898118019104  seconds  -2.5953461419255124 -0.2739860504054556 0.001 0.3010320385747262
0.5877923965454102  seconds  -1.0524842092265343 2.389102124599858 0.001 0.3032118246808101
0.6200740337371826  seconds  -2.409805140383907 1.3972353838754805 0.001 0.3327880130088765
0.6338539123535156  seconds  0.5773416745862449 2.638211221286689 0.001 0.3184831982445578
0.5692124366760254  seconds  2.424346468201702 -1.3714768777716642 0.001 0.3328399424371823
0.5539486408233643  seconds  -2.003860466125057 -1.8135131662623702 0.001 0.3187628296380587
0.5738530158996582  seconds  -0.550542246631688 -2.6502000602739937 0.001 0.3194596394687024
0.5610911846160889  seconds  1.980504295311844 1.8301790000018179 0.001 0.31746126936952546
0.6348733901977539  seconds  1.0767054657490716 -2.3753890114505447 0.001 0.301504139500615
0.6549041271209717  seconds  2.5950899885132914 0.3012644880892471 0.001 0.30169636013025714
0.575596809387207  seconds  -2.594783724492635 -0.32918989378295316 0.001 0.3023203700322842
0.6303644180297852  seconds  -1.1003542558299093 2.3619595493110563 0.001 0.3007296616879617
0.5553889274597168  seconds  -2.437837925809655 1.34585475366538 0.001 0.332641954209176
0.573481559753418  seconds  0.5241271656591456 2.661674681562096 0.001 0.3212163603326867
0.5568816661834717  seconds  2.4508600445830258 -1.3192826159055906 0.001 0.33307436866796786
0.5067849159240723  seconds  -1.9565426551324179 -1.8469381992201672 0.001 0.31713289914268566
0.5413718223571777  seconds  -0.4969512422756486 -2.6731012714862175 0.001 0.3213872055891024
0.540412425994873  seconds  1.933008892629039 1.8630968677458979 0.001 0.3159436223560925
0.5401036739349365  seconds  1.124459861833146 -2.3482339895862463 0.001 0.30023611055888144
0.5516817569732666  seconds  2.59443474364771070.5194377899169922  seconds  -2.5940215546110914 -0.38463557582741437 0.001 0.3034661005665888
 0.35658393182558623 0.001 0.30277003066240765
0.47911787033081055  seconds  0.4701635833179178 2.6839647477958546 0.001 0.32241057490513936
0.6245326995849609  seconds  -1.148007537703926 2.3347941095656317 0.001 0.3000432312918126
0.6108665466308594  seconds  -2.4628636801263495 1.2929093790920252 0.001 0.3328312501723692
0.45217204093933105  seconds  -1.9089022168337275 -1.8793695330144011 0.001 0.31437236667331875
0.5730540752410889  seconds  2.4743756690838383 -1.2656206908353627 0.001 0.3327624970477524
0.5469338893890381  seconds  -0.4426047170593653 -2.694700785619883 0.001 0.32397157674495825
0.5405619144439697  seconds  1.8852583422784694 1.8950817772701127 0.001 0.3165053466785841
0.5428438186645508  seconds  -2.593006318912989 -0.4403527882017552 0.001 0.30500379713315734
0.4216747283935547  seconds  0.41544201177781453 2.7048199542717533 0.001 0.3255559990627848
0.5934851169586182  seconds  1.1720219377135932 -2.321058637155966 0.001 0.3008686204341942
0.631284236907959  seconds  2.593554755834053 0.4121605475072795 0.001 0.30413906469721075
0.48512697219848633  seconds  -2.484920664809192 1.2385993310341294 0.001 0.3314867617704634
0.5788156986236572  seconds  -1.1954919240542299 2.307608815853368 0.001 0.2994704117767895
0.531113862991333  seconds  -1.861068070151411 -1.910927645593808 0.001 0.3119221244735695
0.5872244834899902  seconds  2.4949718394992537 -1.2107055900067596 0.001 0.33307097951068465
0.567253589630127  seconds  -0.38750208863425484 -2.714722292612074 0.001 0.32598147505421393
0.5410380363464355  seconds  0.35997091465252534 2.723950643854376 0.001 0.3308349189620098
0.5710506439208984  seconds  -2.591672926388724 -0.49636538462055624 0.001 0.3066902471046535
0.6260530948638916  seconds  1.8373673355835345 1.926249612771188 0.001 0.3110585056188481
0.5873987674713135  seconds  1.2194384943826255 -2.2938619872852377 0.001 0.2988923790042772
0.6419823169708252  seconds  2.592391070532216 0.4680213126261637 0.001 0.30577079844835914
0.5957684516906738  seconds  -2.504123941101412 1.1831495141044626 0.001 0.3307687353192924
0.5840427875518799  seconds  -1.242853080770906 2.2803989971733243 0.001 0.2988037749425576
0.538468599319458  seconds  -1.813141296128818 -1.941723674557289 0.001 0.31016200570942454
0.4494740962982178  seconds  0.30377962183520063 2.7410459572670156 0.001 0.3366581905690352
0.47324633598327637  seconds  -2.589942924553061 -0.5526898110863707 0.001 0.3085404661740115
0.5856180191040039  seconds  2.5127972182789238 -1.154768962990033 0.001 0.3296751400779782
0.5814776420593262  seconds  -0.3316619306155736 -2.7328641886607112 0.001 0.32813753799709067
0.5391545295715332  seconds  1.266753954512131 -2.266635767201705 0.001 0.30052665655266697
0.5987751483917236  seconds  1.7894244438353286 1.9567067697431828 0.001 0.31289188945459423
0.47471141815185547  seconds  2.590872197160864 0.5241866284217256 0.001 0.30751310559644174
0.5340781211853027  seconds  -2.52065073796786 1.1267943955475033 0.001 0.32940078014443724
0.5042469501495361  seconds  -1.7651984926528956 -1.9718590598669365 0.001 0.3087994436167257
0.5632772445678711  seconds  -1.2901341367974695 2.2531530432254936 0.001 0.29923342854149776
0.5945281982421875  seconds  0.2469214935928841 2.7557853914906887 0.001 0.336321018483291
0.5696706771850586  seconds  2.5280534857409367 -1.0980445345287824 0.001 0.3282195211172287
0.5862500667572021  seconds  -0.2751253807337471 -2.7488090122328095 0.001 0.3314037215554884
0.6110520362854004  seconds  -2.587722724162682 -0.6093332535659228 0.001 0.31059099878626134
0.5813496112823486  seconds  1.7414954557110942 1.9865500179253661 0.001 0.3083888223375627
0.6231429576873779  seconds  1.3140100317608294 -2.239365104593651 0.001 0.29908938972000654
0.573918342590332  seconds  2.5889124372690677 0.5806686141966966 0.001 0.31004587314559057
0.5238173007965088  seconds  -2.534722015091118 1.0697637829233961 0.001 0.3282956415476998
0.5451927185058594  seconds  -1.3373753237658321 2.225853002676686 0.001 0.29872655268736786
0.6408159732818604  seconds  -1.7172952504106227 -2.0014259371227263 0.001 0.3070059592191323
0.6243877410888672  seconds  0.18947601894266058 2.767855742827004 0.001 0.331894440956512
0.5997977256774902  seconds  2.5409766268971903 -1.040755251016901 0.001 0.326750846635299
0.6207931041717529  seconds  -0.2179588334968724 -2.7622375709778546 0.001 0.33412703496928053
0.6207857131958008  seconds  -2.5849016706757446 -0.6662914428167602 0.001 0.3125878922723892
0.5319135189056396  seconds  -2.546583962097124 1.01227151184338 0.001 0.32612642910664097
0.5628862380981445  seconds  2.586409992456468 0.6374690906772702 0.001 0.3112399214376756
0.5832977294921875  seconds  1.3612453372520996 -2.212029003823442 0.001 0.2988147899171626
0.6253724098205566  seconds  1.6936266950602905 2.015866931951395 0.001 0.3070447590219086
0.5573909282684326  seconds  -1.384613549818607 2.1984749759714806 0.001 0.29895256743329646
0.5274548530578613  seconds  -1.6694691967139317 -2.030507405262104 0.001 0.3055718323056436
0.5245358943939209  seconds  2.5518190237485157 -0.9831036689853687 0.001 0.3240938828307948
0.534590482711792  seconds  -2.5564913763783474 0.9545076495307592 0.001 0.3244292127055317
0.66473293304443360.6202683448791504   seconds  seconds   -0.160255189206174460.1315490139833032  -2.77284785125210982.7769715164711046  0.0010.001  0.33936369379673280.3329216792158178

0.6378748416900635  seconds  -2.5813500641456373 -0.7235461156194071 0.001 0.3144614177233463
0.5840270519256592  seconds  1.4084949077640074 -2.1846006530331255 0.001 0.30038070407099177
0.6485328674316406  seconds  2.583245030489572 0.6945771988803463 0.001 0.31387087954383525
0.6231052875518799  seconds  1.64584798088297 2.044736398659057 0.001 0.30881042838251405
0.624906063079834  seconds  -1.4318818784173883 2.170989336877889 0.001 0.29927689999236196
0.5999794006347656  seconds  -1.6217428365940316 -2.0591781800947193 0.001 0.3033701926657771
0.54703688621521  seconds  2.560834645563564 -0.9252660480760505 0.001 0.3229639207951557
0.5402572154998779  seconds  -2.5769173589490206 -0.7810621165149633 0.001 0.31674416803535926
0.570659875869751  seconds  -0.10213293988463629 -2.780377237455602 0.001 0.3342530313064246
0.5999863147735596  seconds  -2.564694681603354 0.8966342922044177 0.001 0.3224278327853955
0.5976982116699219  seconds  0.07327049173708036 2.782898211570395 0.001 0.3328250774445877
0.5433545112609863  seconds  1.455789630820218 -2.1570475732079766 0.001 0.3132300778309166
0.5275661945343018  seconds  1.5981752804494056 2.0732292545553865 0.001 0.30392957811053667
0.48897242546081543  seconds  -1.5741260038071065 -2.087505255651054 0.001 0.302094804026995
0.6333115100860596  seconds  2.5792777726486085 0.751966701176615 0.001 0.31580639653625486
0.5633442401885986  seconds  -1.4792088922729494 2.1433608139967983 0.001 0.30040655763959556
0.471529483795166  seconds  2.5682679988013337 -0.8673897076265775 0.001 0.3204872465818553
0.41957736015319824  seconds  -2.5714307794323563 -0.8387842885206948 0.001 0.31913649975973946
0.5160627365112305  seconds  -0.043732596884800294 -2.7846253755589934 0.001 0.3329843355261494
0.528923511505127  seconds  1.503155535329898 -2.129331616436837 0.001 0.3015355430509985
0.5566823482513428  seconds  0.014789658181229935 2.7854737944704677 0.001 0.33323802614553527
0.5725667476654053  seconds  -2.5714307794323563 0.8387842885206931 0.001 0.3191364997597382
0.5221290588378906  seconds  1.5506129191048632 2.101408849070069 0.001 0.30391060147442717
0.5140929222106934  seconds  -1.52661790723062 -2.1155484255157333 0.001 0.30146565398749486
0.44155025482177734  seconds  2.574346787970065 -0.8095929475783856 0.001 0.31785285159276117
0.6089627742767334  seconds  2.574346787970065 0.8095929475783867 0.001 0.3178528515927609
0.5738799571990967  seconds  -1.526617907230622 2.1155484255157315 0.001 0.30146565398749575
0.5307900905609131  seconds  -2.5646946816033536 -0.8966342922044181 0.001 0.32242783278539816
0.49846649169921875  seconds  1.5506129191048643 -2.1014088490700686 0.001 0.3039106014744465
0.5928866863250732  seconds  0.014789658181230552 -2.7854737944704677 0.001 0.3332380261455331
0.5639314651489258  seconds  -2.576917358949021 0.781062116514961 0.001 0.31674416803535527
0.5514404773712158  seconds  1.503155535329896 2.1293316164368385 0.001 0.3015355430509982
0.6210346221923828  seconds  -0.04373259688480153 2.784625375558993 0.001 0.33298433552614953
0.5291092395782471  seconds  2.579277772648609 -0.7519667011766138 0.001 0.31580639653625514
0.6680724620819092  seconds  -1.4792088922729474 -2.1433608139967997 0.001 0.30040655763959134
0.6273398399353027  seconds  2.5682679988013333 0.86738970762658 0.001 0.3204872465818587
0.6202919483184814  seconds  -1.5741260038071065 2.087505255651054 0.001 0.3020948040269954
0.5617315769195557  seconds  -2.5564913763783474 -0.9545076495307587 0.001 0.3244292127055461
0.49007368087768555  seconds  -2.581350064145637 0.7235461156194066 0.001 0.3144614177233461
0.6055185794830322  seconds  0.07327049173708283 -2.7828982115703944 0.001 0.3328250774445869
0.6562421321868896  seconds  1.5981752804494067 -2.0732292545553856 0.001 0.30392957811065474
0.53367137908935550.6115305423736572  seconds   2.583245030489572 seconds   -0.6945771988803452 0.001-0.10213293988463876  0.313870879543837362.780377237455602
 0.001 0.33425303130642464
0.6633493900299072  seconds  1.4557896308202183 2.1570475732079766 0.001 0.31323007783091905
0.532597541809082  seconds  -1.4318818784173872 -2.17098933687789 0.001 0.2992768999923581
0.5800032615661621  seconds  -1.6217428365940327 2.059178180094719 0.001 0.30337019266577864
0.5265452861785889  seconds  -2.5465839620971233 -1.0122715118433818 0.001 0.3261264291066541
0.6547966003417969  seconds  2.560834645563564 0.9252660480760516 0.001 0.3229639207951754
0.563030481338501  seconds  -2.584901670675745 0.6662914428167593 0.001 0.31258789227238426
0.4797205924987793  seconds  1.64584798088297 -2.044736398659057 0.001 0.30881042838270867
0.4862849712371826  seconds  2.586409992456468 -0.637469090677269 0.001 0.31123992143767615
0.5463962554931641  seconds  1.4084949077640068 2.184600653033126 0.001 0.30038070407099193
0.67580246925354  seconds  0.13154901398330507 -2.776971516471104 0.001 0.33292167921581545
0.5757150650024414  seconds  -0.16025518920617507 2.7728478512521093 0.001 0.33936369379660764
0.5737977027893066  seconds  -1.3846135498186072 -2.1984749759714806 0.001 0.2989525674332963
0.4611961841583252  seconds  2.551819023748515 0.98310366898537 0.001 0.32409388283079343
0.49877381324768066  seconds  -2.5347220150911176 -1.0697637829233981 0.001 0.3282956415477035
0.5853621959686279  seconds  -1.6694691967139335 2.030507405262103 0.001 0.30557183230565377
0.4830656051635742  seconds  -2.587722724162682 0.60933325356592 0.001 0.3105909987862562
0.5419371128082275  seconds  1.6936266950602925 -2.015866931951394 0.001 0.30704475902191164
0.48258042335510254  seconds  2.5889124372690677 -0.5806686141966941 0.001 0.3100458731455922
0.5416996479034424  seconds  1.3612453372520974 2.212029003823443 0.001 0.29881478991716326
0.5758490562438965  seconds  -0.2179588334968736 2.7622375709778546 0.001 0.33412703496897384
0.535541296005249  seconds  -1.3373753237658303 -2.2258530026766867 0.001 0.29872655268736276
0.6230607032775879  seconds  0.1894760189426618 -2.7678557428270043 0.001 0.3318944409565139
0.4924633502960205  seconds  -2.52065073796786 -1.1267943955475028 0.001 0.3294007801444378
0.527362585067749  seconds  2.54097662689719 1.040755251016902 0.001 0.3267508466353164
0.4492969512939453  seconds  -2.589942924553061 0.552689811086371 0.001 0.308540466174003
0.5630717277526855  seconds  -1.7172952504106227 2.0014259371227263 0.001 0.3070059592191325
0.482957124710083  seconds  2.590872197160864 -0.5241866284217244 0.001 0.30751310559644185
0.5593593120574951  seconds  1.7414954557110953 -1.986550017925366 0.001 0.3083888223375618
0.5154170989990234  seconds  1.3140100317608296 2.2393651045936513 0.001 0.2990893897200092
0.519890308380127  seconds  -1.2901341367974684 -2.253153043225494 0.001 0.2992334285414951
0.5629696846008301  seconds  -0.2751253807337489 2.748809012232809 0.001 0.33140372155547965
0.573246955871582  seconds  0.2469214935928847 -2.7557853914906882 0.001 0.3363210184841014
0.5626485347747803  seconds  -2.504123941101411 -1.1831495141044654 0.001 0.3307687353192903
0.47281455993652344  seconds  -2.591672926388724 0.49636538462055474 0.001 0.30669024710464854
0.575761079788208  seconds  2.5280534857409362 1.0980445345287835 0.001 0.32821952111723307
0.5517370700836182  seconds  -1.7651984926528967 1.971859059866936 0.001 0.3087994436167355
0.4703483581542969  seconds  2.592391070532216 -0.4680213126261625 0.001 0.3057707984483585
0.5140271186828613  seconds  1.7894244438353297 -1.9567067697431824 0.001 0.31289188945456137
0.4858098030090332  seconds  1.2667539545121298 2.2666357672017052 0.001 0.3005266565527215
0.5372018814086914  seconds  -1.2428530807709062 -2.2803989971733243 0.001 0.2988037749425576
0.480083703994751  seconds  -2.593006318912989 0.44035278820175466 0.001 0.30500379713315046
0.5715301036834717  seconds  -0.331661930615576 2.732864188660711 0.001 0.32813753799709994
0.5340015888214111  seconds  0.303779621835203 -2.741045957267015 0.001 0.33665819056946106
0.5874266624450684  seconds  -2.484920664809192 -1.2385993310341301 0.001 0.33148676177046443
0.46930623054504395  seconds  2.593554755834053 -0.4121605475072782 0.001 0.3041390646972095
0.601116418838501  seconds  2.5127972182789233 1.1547689629900342 0.001 0.3296751400779781
0.5988445281982422  seconds  -1.8131412961288207 1.9417236745572874 0.001 0.3101620057094271
0.5585851669311523  seconds  1.8373673355835356 -1.9262496127711874 0.001 0.3110585056188461
0.5549352169036865  seconds  1.2194384943826244 2.2938619872852386 0.001 0.2988923790042879
0.5484013557434082  seconds  -2.5940215546110914 0.38463557582741226 0.001 0.303466100566589
0.6307916641235352  seconds  -1.195491924054228 -2.3076088158533694 0.001 0.2994704117767893
0.5701286792755127  seconds  0.3599709146525265 -2.7239506438543755 0.001 0.3308349189624002
0.6089422702789307  seconds  -0.3875020886342558 2.714722292612074 0.001 0.3259814750542144
0.5127158164978027  seconds  2.594434743647711 -0.35658393182558507 0.001 0.3027700306624061
0.5927674770355225  seconds  -2.4628636801263486 -1.2929093790920263 0.001 0.33283125017238724
0.577411413192749  seconds  2.4949718394992533 1.210705590006761 0.001 0.3330709795106826
0.6235709190368652  seconds  -1.861068070151413 1.9109276455938067 0.001 0.31192212447357026
0.5938749313354492  seconds  1.8852583422784703 -1.8950817772701118 0.001 0.31650534667855923
0.5795252323150635  seconds  1.1720219377135908 2.321058637155967 0.001 0.30086862043421864
0.5267164707183838  seconds  -2.5947837244926353 0.3291898937829539 0.001 0.30232037003228446
0.522454023361206  seconds  -1.1480075377039238 -2.334794109565633 0.001 0.300043231291813
0.5420839786529541  seconds  0.4154420117778151 -2.704819954271753 0.001 0.3255559990627846
0.5105328559875488  seconds  2.5950899885132914 -0.30126448808924594 0.001 0.3016963601302566
0.5905191898345947  seconds  -0.44260471705936727 2.694700785619882 0.001 0.323971576744958
0.5625443458557129  seconds  -2.437837925809654 -1.3458547536653824 0.001 0.3326419542091753
0.6095972061157227  seconds  2.4743756690838374 1.265620690835365 0.001 0.33276249704775185
0.5721292495727539  seconds  -1.9089022168337273 1.879369533014401 0.001 0.3143723666733193
0.526108980178833  seconds  1.93300889262904 -1.8630968677458972 0.001 0.31594362235609164
0.5702705383300781  seconds  1.124459861833146 2.3482339895862463 0.001 0.3002361105588827
0.4672420024871826  seconds  -1.1003542558299084 -2.361959549311057 0.001 0.30072966168796283
0.4651944637298584  seconds  2.595568379378647 -0.24617007448720649 0.001 0.3006187229233299
0.5430412292480469  seconds  -2.595346141925513 0.27398605040545404 0.001 0.3010320385747245
0.5492744445800781  seconds  0.4701635833179201 -2.6839647477958537 0.001 0.3224105749051403
0.5147910118103027  seconds  -0.4969512422756507 2.673101271486217 0.001 0.32138720558910083
0.5264427661895752  seconds  2.4508600445830253 1.319282615905592 0.001 0.3330743686679676
0.6285316944122314  seconds  -2.409805140383906 -1.3972353838754827 0.001 0.33278801300887373
0.5780048370361328  seconds  -1.9565426551324188 1.8469381992201663 0.001 0.3171328991426866
0.5758171081542969  seconds  1.9805042953118448 -1.8301790000018172 0.001 0.3174612693695252
0.47124600410461426  seconds  -2.595751696790825 0.21898980370387772 0.001 0.3002343131734956
0.5758709907531738  seconds  1.0767054657490704 2.375389011450546 0.001 0.301504139500617
0.5794713497161865  seconds  -1.052484209226534 -2.389102124599858 0.001 0.30321182468082986
0.5000014305114746  seconds  0.5241271656591474 -2.6616746815620957 0.001 0.32121636033269674
0.6022307872772217  seconds  2.5959079940897682 -0.19126456436432474 0.001 0.30004834692355575
0.506152868270874  seconds  -0.5505422466316886 2.650200060273993 0.001 0.3194596394687009
0.4718499183654785  seconds  -2.3788119361677653 -1.4468901862093075 0.001 0.33265045129268406
0.5375685691833496  seconds  2.4243464682017017 1.3714768777716653 0.001 0.3328399424371793
0.4988558292388916  seconds  -2.0038604661250603 1.8135131662623685 0.001 0.3187628296380626
0.4651918411254883  seconds  -2.59603399933993 0.16416342045143414 0.001 0.3002459227218408
0.6039037704467773  seconds  2.027600267460911 -1.7962032078501249 0.001 0.3195837008533085
0.5025372505187988  seconds  -1.004347629935444 -2.416210051926103 0.001 0.302624550769777
0.5469601154327393  seconds  1.028709905275069 2.4025165108404476 0.001 0.3022335918842604
0.5006313323974609  seconds  0.577341674586246 -2.6382112212866886 0.001 0.3184831982445631
0.49692201614379883  seconds  -0.6033938797520554 2.6262431594150883 0.001 0.31749554251705486
0.5183537006378174  seconds  2.596138105340799 -0.13650882052067967 0.001 0.299953193008852
0.5150678157806396  seconds  -2.344988779496669 -1.4947074793960058 0.001 0.33219725976700726
0.5848844051361084  seconds  2.3948381032618666 1.4220210555288972 0.001 0.33301454762193333
0.5320513248443604  seconds  -2.0506957081693726 1.7789654942618904 0.001 0.3210974724086161
0.4555537700653076  seconds  -0.9558931749742953 -2.4432615677393956 0.001 0.305945117639352
0.5165219306945801  seconds  2.0741202508000804 -1.7610369737680232 0.001 0.3216855078612152
0.5617761611938477  seconds  -2.596218287252405 0.10946658827868484 0.001 0.29974495788970307
0.4151909351348877  seconds  2.5962799944371957 -0.08186151683482235 0.001 0.2994966691766508
0.4997413158416748  seconds  0.6298297795679749 -2.613804201483911 0.001 0.3163686177689999
0.5618364810943604  seconds  0.9804225870940422 2.4295999346531145 0.001 0.3034109349658288
0.48100781440734863  seconds  -0.6555344021816056 2.601444448246802 0.001 0.3148965580051402
0.5021216869354248  seconds  -2.3085398950937743 -1.5406299912933332 0.001 0.33098285889074275
0.4973154067993164  seconds  -2.096855054229288 1.7431597341346297 0.001 0.3230223204795174
0.5639452934265137  seconds  2.3624238455532045 1.470777562206764 0.001 0.3329658062148232
0.4477255344390869  seconds  -0.9070682975343503 -2.4702233164143546 0.001 0.30589870370982936
0.46715569496154785  seconds  2.1198536086998594 -1.7245427382957554 0.001 0.3236984290048034
0.4295506477355957  seconds  2.5963475205293784 -0.027279848323514797 0.001 0.2998724275609757
0.49207377433776855  seconds  -2.5963221030358605 0.054857169546374866 0.001 0.29969911749644157
0.43181896209716797  seconds  0.9317915269497379 2.456612000599188 0.001 0.3071143858672045
0.44539451599121094  seconds  -0.7070012158343234 2.575986235036216 0.001 0.3134655711815494
0.472456693649292  seconds  0.6816247091363646 -2.5886513491871894 0.001 0.31452667149658486
0.42473888397216797  seconds  -2.269726050404758 -1.5846540181035484 0.001 0.33083866911624105
0.5183732509613037  seconds  -2.142110946491643 1.7059572471985187 0.001 0.32514212203011605
0.49010682106018066  seconds  -0.8578197317527613 -2.497048494548669 0.001 0.3073471135806434
0.505657434463501  seconds  2.327272324079704 1.517661312389009 0.001 0.3367857506298081
0.48454737663269043  seconds  2.1645558471291286 -1.6865820125901332 0.001 0.3259188448583562
0.45586204528808594  seconds  -2.596355801713879 0.0002918571845507145 0.001 0.3002423845935808
0.5044674873352051  seconds  -0.7578382656415907 2.5500210823074996 0.001 0.31112954319660785
0.5465633869171143  seconds  0.882763757281229 2.483512964972866 0.001 0.31470625960082227
0.5256197452545166  seconds  0.7327674524766367 -2.56291964308128 0.001 0.3156626514958313
0.3811454772949219  seconds  2.207951829199002 -1.64702142637753 0.001 0.3280139007915767
0.4224686622619629  seconds  2.289618314422645 1.562642062202584 0.001 0.33720663217125146
0.5162479877471924  seconds  -2.186203106154824 1.6672212030272362 0.001 0.32801134051897385
0.3643035888671875  seconds  0.8332858285037801 2.510248559251861 0.001 0.31038358728733845
0.5798583030700684  seconds  -0.808094007131803 2.5236746209798055 0.001 0.3091071483555618
0.5579867362976074  seconds  0.7833044649679943 -2.5367476757413976 0.001 0.3420436516858559
0.3852810859680176  seconds  2.249742811620037 1.605740625154434 0.001 0.33025969925231285
0.5272808074951172  seconds  -2.2288435896778704 1.6268235907680915 0.001 0.3292536204261418
time for calc.... 18.545873880386353
205.67user 41.22system 1:40.18elapsed 246%CPU (0avgtext+0avgdata 9608292maxresident)k
0inputs+2960outputs (65major+5421729minor)pagefaults 0swaps
