Machine arg is, CH1
Machine arg is, CH1
started calculating filling for chemical potential and dispersion parameters TB_single_band..
Machine arg is, CH1
reading lattice from... ./Lattices/KgridX400.npy
reading lattice from... ./Lattices/KgridY400.npy
Machine arg is, CH1
reading lattice from... ./Lattices/KgridX400.npy
reading lattice from... ./Lattices/KgridY400.npy
norm of Dos, 42.951937478998964 45.58575006211245
sum of the hist, normed? 42.951937478998964
finished calculating filling for chemical potential
Filling: 0.11117899737529534 .... chemical potential: -202.01251028424417
Machine arg is, CH1
reading lattice from... ./Lattices/KgridX400.npy
reading lattice from... ./Lattices/KgridY400.npy
sum of the hist, normed? 1.0000000000000024
starting high res contour.....
attempting countour of size 10280
number of sheets..... 1
contour size before interpolation..... 17481
finished high res contour..... 17.825371503829956
range of angles from marching squares -3.1413632526240227 3.141363252624023
The fermi energy in mev is: 671.1906436609156, and in units of J: 64.91205451266109, the bandwidth is:494.39071566731144
starting contour.....
finished contour..... 3.706271171569824
Machine arg is, CH1
ED starting sampling in reciprocal space....
starting high res contour.....
attempting countour of size 10280
number of sheets..... 1
contour size before interpolation..... 17481
finished high res contour..... 19.038409948349
range of angles from marching squares -3.1413632526240227 3.141363252624023
comparing volume elements 

0.024543692606170175
0.0005523776512098447 0.0005534565138098798
shapes, are they adequate? (1025, 257) 1025 257
finished sampling in reciprocal space....t= 19.17661952972412  s


differentials, dr= 0.0005534565138098798   dth= 0.024543692606170175


PLOTTING
300 the points 30 chunk numtheads
starting with calculation of Sigma
0.2593874931335449  seconds  -1.2722578497049464 -0.0002918571845511586 0.001 0.13114322892058838
0.2500319480895996  seconds  -1.031824872078138 -0.7532725544574449 0.001 0.13079286757589315
0.2428452968597412  seconds  -0.3885249249857683 -1.2136545887845727 0.001 0.13040181454615477
0.23712968826293945  seconds  0.40147554289484993 -1.2092447198008378 0.001 0.13061130683624847
0.28224897384643555  seconds  1.039941921727511 -0.7422161629727884 0.001 0.13039790610320678
0.2308213710784912  seconds  -1.2719940625724229 -0.02702358983045408 0.001 0.13278005784733846
0.23021411895751953  seconds  -1.0155761929221467 -0.7746379134021644 0.001 0.13104056646491374
0.2753000259399414  seconds  1.2721933387720945 0.01336644973275063 0.001 0.13147890174290214
0.224043607711792  seconds  -0.3630412414418827 -1.2218935114529839 0.001 0.12921374218539436
0.27339816093444824  seconds  1.0239372169655916 0.763767818434163 0.001 0.13120554916735344
0.22674059867858887  seconds  0.4266820351494754 -1.2002267368513138 0.001 0.13019992610929604
0.2218782901763916  seconds  -0.41382730672691503 1.204897757106799 0.001 0.13110077993294497
0.2734816074371338  seconds  0.3760834114395543 1.217749363778262 0.001 0.129137791200405
0.257657527923584  seconds  -1.0475931535895406 0.7315447731349323 0.001 0.12955291583636788
0.23196864128112793  seconds  -1.2712138221528864 -0.05374627580131759 0.001 0.1306314365946084
0.28197622299194336  seconds  1.0554603357996348 -0.7203068319467295 0.001 0.12897526232911458
0.23174619674682617  seconds  -0.9988591585459662 -0.7956322557913516 0.001 0.12968203542455572
0.21443605422973633  seconds  -0.3373851024318625 -1.2296055076067938 0.001 0.1313177625892738
0.2644340991973877  seconds  1.2716770577194787 0.040094879229963847 0.001 0.13290738295615692
0.23205184936523438  seconds  1.007457944549402 0.7849527472387241 0.001 0.1309883730735442
0.20665192604064941  seconds  0.4516947098978375 -1.190704201329317 0.001 0.12958184642610177
0.20773100852966309  seconds  -0.4389400136826283 1.1956319498384267 0.001 0.12985496087196088
0.21761822700500488  seconds  0.35051425520547247 1.2257317291990404 0.001 0.12975509924994244
0.21634697914123535  seconds  -1.0628697425552227 0.7094641188920646 0.001 0.1287384990427592
0.23565173149108887  seconds  -1.2699163053730358 -0.0804508979014222 0.001 0.13345279737494273
0.23705720901489258  seconds  1.07048152240698 -0.6980498022990478 0.001 0.12892414234553096
0.2350597381591797  seconds  -0.9816861665033895 -0.8162477293665438 0.001 0.12909650187398233
0.22212862968444824  seconds  -0.3115657959607335 -1.2367813394451637 0.001 0.13041385919620754
0.2303304672241211  seconds  1.2706439440111412 0.06680986367276219 0.001 0.12959662742197964
0.22013020515441895  seconds  0.9905163373876588 0.8057627232235374 0.001 0.12915260963090477
0.23858356475830078  seconds  0.4765057165105712 -1.1806855368316256 0.001 0.12981684109620706
0.23059630393981934  seconds  -0.46385502377819327 1.1858657486289086 0.001 0.12960239727453077
0.21788954734802246  seconds  0.32477712001777176 1.2331826518773488 0.001 0.13065813999649284
0.2345268726348877  seconds  -1.2681001461563965 -0.10712829823808315 0.001 0.13184311065449555
0.2700972557067871  seconds  -1.0776439119890897 0.6870408606508289 0.001 0.12942393872001798
0.23723244667053223  seconds  1.084995168631007 -0.6754557601438175 0.001 0.13015151899234684
0.23198318481445312  seconds  -0.9640699446838514 -0.8364772760978505 0.001 0.1302506147877996
0.21893835067749023  seconds  -0.28559317395032024 -1.2434119019832188 0.001 0.12951509033101757
0.21250629425048828  seconds  1.2690929168081193 0.0935023242448059 0.001 0.1330830880015712
0.21126914024353027  seconds  0.5011074697289369 -1.1701787554359429 0.001 0.13072457982114585
0.23677992820739746  seconds  0.9731249533295647 0.8261902722514664 0.001 0.1298757325707605
0.2334442138671875  seconds  -0.488564598344667 1.175607325008535 0.001 0.1302225707121264
0.2182610034942627  seconds  0.29888156860882525 1.2400929466406856 0.001 0.1299222376496739
0.23978161811828613  seconds  -1.2657634570545282 -0.1337691107265833 0.001 0.1301330187607188
0.23493313789367676  seconds  1.098991821894201 -0.6525361665363505 0.001 0.13076487865126313
0.23995375633239746  seconds  -0.9460234969010586 -0.856314652805409 0.001 0.13035188695328703
0.23877573013305664  seconds  -0.2594776264763813 -1.2494881736347285 0.001 0.1290639586591373
0.2208101749420166  seconds  1.2670224464763213 0.12016301559967688 0.001 0.13076450197253442
0.2856709957122803  seconds  -1.0919058401485788 0.6642861252228686 0.001 0.13045661715106255
0.22639012336730957  seconds  0.9552966951535629 0.8462287612962601 0.001 0.1307357977980097
0.23774266242980957  seconds  -0.5130613185108791 1.164864618828014 0.001 0.13113528908761174
0.22657561302185059  seconds  0.2728377082510383 1.2464535220612243 0.001 0.1292247352196354
0.2918996810913086  seconds  0.5254925801840197 -1.1591914174118805 0.001 0.13120044023460456
0.24413418769836426  seconds  -1.2629040427637723 -0.1603637157832188 0.001 0.12948534042277482
0.21062588691711426  seconds  -1.1056465033141802 0.6412117152594542 0.001 0.13097713151534035
0.2465651035308838  seconds  1.112462979967521 -0.6293032037184709 0.001 0.1312948627813399
0.24406218528747559  seconds  -0.9275599195791944 -0.8757543333128852 0.001 0.13098400964064058
0.23520255088806152  seconds  -0.2332300890041549 -1.2550012472321614 0.001 0.12952701759919297
0.253720760345459  seconds  1.2644304295485929 0.14678245100661325 0.001 0.12971651932398037
0.22591233253479004  seconds  0.24665619857610446 1.2522554120236116 0.001 0.12914410890464753
0.2506875991821289  seconds  -0.5373378630521318 1.1536449411318557 0.001 0.13076711778108185
0.309309720993042  seconds  0.9370446012951339 0.8658722830510182 0.001 0.13034448622728764
0.28134942054748535  seconds  0.5496538433010087 -1.1477307184724126 0.001 0.13015797944173585
0.2424168586730957  seconds  -1.2595191807194366 -0.1869021613429252 0.001 0.12945146469889107
0.2236034870147705  seconds  -0.20686212726257092 -1.2599428294442292 0.001 0.1308157583845098
0.24087810516357422  seconds  -0.908692283468179 -0.8947914345619558 0.001 0.15640306541816715
0.26386141777038574  seconds  -1.1188578535209854 0.6178301199078114 0.001 0.1310677803619175
0.26003170013427734  seconds  1.1254011384195723 -0.605769692826135 0.001 0.13049677614119334
0.22083616256713867  seconds  0.22034828772450415 1.2574900085511653 0.001 0.13011647847533772
0.20139598846435547  seconds  -0.561387004504273 1.1419551155475893 0.001 0.12969442658712094
0.26618480682373047  seconds  1.261314367900397 0.17335085225139182 0.001 0.1293775976426172
0.25272512435913086  seconds  0.9183817753157367 0.8851156393853782 0.001 0.13169129618138237
0.23274827003479004  seconds  0.5735840437302341 -1.135803203394613 0.001 0.1295071961243414
0.2431044578552246  seconds  -1.2556059400539703 -0.21337414024217016 0.001 0.13033845821162834
0.2425229549407959  seconds  -0.8894335731453127 -0.9134216889671025 0.001 0.13861671776862025
0.2746419906616211  seconds  -0.1803858233548627 -1.264304844390879 0.001 0.1304957569598521
0.2271275520324707  seconds  -0.5852015954195541 1.1298015745425913 0.001 0.12971184143856057
0.272097110748291  seconds  -1.1315329106672918 0.5941544545602558 0.001 0.12947241404338025
0.2478654384613037  seconds  0.19392578691254161 1.2621490737896284 0.001 0.13081156943281894
0.2788529396057129  seconds  1.1377998270951046 -0.581949006424917 0.001 0.12891079125218274
0.2826237678527832  seconds  1.2576715249552057 0.19985811016826951 0.001 0.12965738201955562
0.21709918975830078  seconds  0.8993212619580322 0.9039542611997766 0.001 0.12863892930286827
0.2433028221130371  seconds  0.597275989236444 -1.1234149858255604 0.001 0.13028140218382156
0.2503037452697754  seconds  -1.2511610307460315 -0.23976892307269818 0.001 0.12956933585476496
0.250856876373291  seconds  -0.8697965507210532 -0.9316413186174876 0.001 0.13030447174634463
0.2307887077331543  seconds  -0.6087743297617527 1.1171900256326066 0.001 0.13094373222147138
0.21925878524780273  seconds  0.16740108732737075 1.266225025664356 0.001 0.1295661406853879
0.25363898277282715  seconds  -0.15381386685080503 -1.2680801909882224 0.001 0.1293198263187886
0.24159979820251465  seconds  1.1496536820277459 -0.5578549988084152 0.001 0.12930907695381266
0.27325439453125  seconds  -1.1436657006928053 0.5701983187406269 0.001 0.1288255035158265
0.22138357162475586  seconds  0.6207223717047665 -1.1105716082291908 0.001 0.13154609571343795
0.2753794193267822  seconds  0.87987594031707 0.9223841234303047 0.001 0.13113120309867152
0.30361437797546387  seconds  1.2534986612000893 0.22629369931293494 0.001 0.1298949704730698
0.21380186080932617  seconds  0.14078709663791186 1.2697108788746636 0.001 0.1295163895980674
0.2547163963317871  seconds  -1.2461809892946611 -0.26607533046131143 0.001 0.13092885543834798
0.22829890251159668  seconds  -0.12715939363223003 -1.2712620667646528 0.001 0.13041091081917885
0.25374460220336914  seconds  -0.8497937367542476 -0.9494470209618034 0.001 0.12958551749228722
0.24582600593566895  seconds  -0.6320979108706323 1.1041259146999651 0.001 0.1314111291519772
0.24949860572814941  seconds  1.160958293427246 -0.5335018323141808 0.001 0.13095204244647174
0.2370903491973877  seconds  -1.1552514078354914 0.5459757692854832 0.001 0.13005611508952727
0.24197983741760254  seconds  0.6439156974663387 -1.097278065525296 0.001 0.13094759210978957
0.2259197235107422  seconds  1.2487924544303033 0.25264668194363193 0.001 0.1288141412873196
0.2601509094238281  seconds  0.8600584686999365 0.9404016952859621 0.001 0.12977429765097875
0.2524244785308838  seconds  -1.2406624458678348 -0.2922817564371114 0.001 0.13015670750855327
0.2582399845123291  seconds  0.11409722140825071 1.2726004984686674 0.001 0.13034483655031442
0.24366521835327148  seconds  -0.655164721962646 1.0906139543476836 0.001 0.13019627311999726
0.2513115406036377  seconds  -0.8294372260602688 -0.9668357384915658 0.001 0.12920358022857822
0.283400297164917  seconds  -0.10043606157460438 -1.2738449428222163 0.001 0.130224392387249
0.24555468559265137  seconds  1.1717105509725698 -0.5089040404691116 0.001 0.130692565886744
0.2333226203918457  seconds  -1.1662862271017016 0.5215011469176601 0.001 0.1309423863136803
0.2342052459716797  seconds  0.666848323448355 -1.083539001293734 0.001 0.12963932091564404
0.2381877899169922  seconds  1.2435494791284991 0.27890567272218963 0.001 0.13017108638319067
0.2685070037841797  seconds  0.8398811633556423 0.9580038006734883 0.001 0.12931373866602017
0.22944426536560059  seconds  0.08734529434920903 1.2748885600045754 0.001 0.12967728572152662
0.25657057762145996  seconds  -1.234601811174042 -0.3183760694838495 0.001 0.1299123696538301
0.2514686584472656  seconds  -0.6779669382785989 1.0766584786541744 0.001 0.12933243305339512
0.2205491065979004  seconds  -0.07365789941876592 -1.2758239848183657 0.001 0.1294194768787774
0.25629210472106934  seconds  -0.8087388160559874 -0.983804786219717 0.001 0.12922587787133627
0.23627924919128418  seconds  -1.1767674065077 0.49678900613770915 0.001 0.1301805982115615
0.2527186870574951  seconds  1.1819081789440191 -0.4840762221219036 0.001 0.12981402298408085
0.23870015144348145  seconds  0.6895122029316023 -1.0693584089054116 0.001 0.12932613347178948
0.24400019645690918  seconds  1.2377662513176857 0.30505881182978734 0.001 0.13003241212186384
0.22967290878295898  seconds  0.8193559974170378 0.9751876004767834 0.001 0.12913703527344886
0.23604345321655273  seconds  0.06054553004416904 1.2765708431493794 0.001 0.12927427872740566
0.25475049018859863  seconds  -1.227995823567532 -0.34434571061944985 0.001 0.12926210212240816
0.25066208839416504  seconds  -0.700496360411795 1.0622632958468283 0.001 0.12958584639152196
0.25653648376464844  seconds  -0.04683927636163769 -1.2771954589158856 0.001 0.1293368379688831
0.23633074760437012  seconds  -1.1866933044554535 0.47185404818876114 0.001 0.1295558765977672
0.25161051750183105  seconds  -0.7877097321022638 -1.0003514736597416 0.001 0.12960676826909387
0.25366640090942383  seconds  1.1915500109636918 -0.45903308610302634 0.001 0.12945723643564688
0.22852349281311035  seconds  0.711899041090952 -1.0547400306683499 0.001 0.13009742835431312
0.23877835273742676  seconds  1.2314392788332806 0.331093746004688 0.001 0.12993824132481593
0.24930381774902344  seconds  0.7984944675700243 0.9919503852951043 0.001 0.12939065083168497
0.24174952507019043  seconds  0.03371243070093678 1.2776441604557887 0.001 0.12946370850124544
0.2394399642944336  seconds  -1.1960631134574522 0.4467109318379942 0.001 0.12946397773684945
0.24346232414245605  seconds  -0.019994813964600965 -1.2779567863135197 0.001 0.12965548091405857
0.2588510513305664  seconds  -1.2208414560398622 -0.37017766417976006 0.001 0.1287490647181323
0.2530555725097656  seconds  -0.7227445463551169 1.047432024494482 0.001 0.13049040327854364
0.24866628646850586  seconds  -0.7663608443818097 -1.0164733097511094 0.001 0.13023085260025097
0.2303447723388672  seconds  0.7340000867415407 -1.039687143753062 0.001 0.13075011014623691
0.2622036933898926  seconds  1.2006356911945866 -0.4337892552442961 0.001 0.12967116532742715
0.21433258056640625  seconds  0.7773076707695089 1.0082896285138452 0.001 0.1298484531774958
0.2607998847961426  seconds  1.2245654427240091 0.35699769806722675 0.001 0.12894880064460934
0.21468186378479004  seconds  0.006860706503288163 1.2781064522805623 0.001 0.12975715606038662
0.2086477279663086  seconds  -1.2048769935176409 0.4213742594383112 0.001 0.12965415880995362
0.24706459045410156  seconds  -1.2131358986783212 -0.3958584521023644 0.001 0.12914865969844438
0.22239041328430176  seconds  0.755806165343423 -1.0242027419771005 0.001 0.13045760769827994
0.25095343589782715  seconds  -0.7447024948642584 1.0321677205611395 0.001 0.1306876668851601
0.2639787197113037  seconds  0.006860706503288447 -1.2781064522805623 0.001 0.12975715606039834
0.25606393814086914  seconds  -0.7447024948642584 -1.0321677205611401 0.001 0.13068766688516145
0.21474719047546387  seconds  0.7558061653434222 1.0242027419771014 0.001 0.13045760769828713
0.2564849853515625  seconds  1.2091659128069001 -0.4083592895552191 0.001 0.12977309346071322
0.24909353256225586  seconds  1.2171417949413819 0.3827574208761192 0.001 0.1289009777583187
0.2272171974182129  seconds  -0.019994813964601815 1.2779567863135195 0.001 0.12965548091405107
0.23282861709594727  seconds  -1.2131358986783214 0.395858452102364 0.001 0.12914865969845576
0.23853516578674316  seconds  0.777307670769509 -1.0082896285138445 0.001 0.12984845317749097
0.18466997146606445  seconds  0.7340000867415407 1.039687143753062 0.001 0.13075011014625093
0.26322436332702637  seconds  -1.2048769935176402 -0.4213742594383122 0.001 0.12965415880994136
0.2612919807434082  seconds  -0.7663608443818098 1.0164733097511092 0.001 0.13023085260025025
0.26226139068603516  seconds  -0.7227445463551162 -1.0474320244944828 0.001 0.13049040327854544
0.27539682388305664  seconds  0.03371243070093791 -1.2776441604557887 0.001 0.12946370850125496
0.2817990779876709  seconds  1.217141794941382 -0.38275742087611864 0.001 0.12890097775832018
0.27623987197875977  seconds  1.2091659128069 0.4083592895552196 0.001 0.1297730934606791
0.2589132785797119  seconds  -0.04683927636163769 1.2771954589158858 0.001 0.12933683796888087
0.23875689506530762  seconds  -1.2208414560398622 0.3701776641797596 0.001 0.12874906471813516
0.23091435432434082  seconds  0.7984944675700244 -0.9919503852951043 0.001 0.12939065083168383
0.26152968406677246  seconds  -1.196063113457452 -0.4467109318379946 0.001 0.12946397773684667
0.2964057922363281  seconds  0.7118990410909517 1.0547400306683503 0.001 0.1300974283543244
0.2593822479248047  seconds  -0.7004963604117941 -1.062263295846829 0.001 0.12958584639152382
0.2842376232147217  seconds  -0.7877097321022642 1.000351473659741 0.001 0.12960676826909368
0.2760732173919678  seconds  0.060545530044169606 -1.2765708431493792 0.001 0.12927427872741082
0.27475619316101074  seconds  1.2245654427240094 -0.35699769806722625 0.001 0.12894880064461273
0.24362564086914062  seconds  1.2006356911945866 0.4337892552442967 0.001 0.12967116532741674
0.2337033748626709  seconds  -0.07365789941876649 1.2758239848183661 0.001 0.12941947687878
0.22869420051574707  seconds  -1.2279958235675321 0.34434571061944885 0.001 0.12926210212241981
0.23142743110656738  seconds  0.8193559974170384 -0.9751876004767831 0.001 0.12913703527345047
0.25331902503967285  seconds  -1.1866933044554533 -0.47185404818876103 0.001 0.12955587659776677
0.2537064552307129  seconds  -0.6779669382785983 -1.0766584786541744 0.001 0.1293324330533979
0.23834729194641113  seconds  0.08734529434920932 -1.2748885600045754 0.001 0.12967728572153794
0.25915098190307617  seconds  -0.8087388160559879 0.9838047862197162 0.001 0.12922587787133683
0.27297353744506836  seconds  0.6895122029316013 1.069358408905412 0.001 0.1293261334717904
0.22801876068115234  seconds  -0.10043606157460536 1.2738449428222165 0.001 0.13022439238727287
0.2535851001739502  seconds  1.1915500109636916 0.4590330861030269 0.001 0.12945723643564544
0.25853753089904785  seconds  1.2314392788332809 -0.33109374600468744 0.001 0.1299382413248502
0.22214841842651367  seconds  -1.2346018111740424 0.31837606948384917 0.001 0.12991236965384195
0.23945283889770508  seconds  0.8398811633556433 -0.9580038006734877 0.001 0.12931373866601864
0.2525348663330078  seconds  -1.1767674065076996 -0.4967890061377096 0.001 0.13018059821156083
0.25073838233947754  seconds  -0.6551647219626455 -1.090613954347684 0.001 0.1301962731200027
0.24139666557312012  seconds  0.11409722140825154 -1.2726004984686667 0.001 0.13034483655036763
0.2462468147277832  seconds  -0.8294372260602695 0.9668357384915655 0.001 0.12920358022857992
0.26267504692077637  seconds  0.6668483234483545 1.0835390012937345 0.001 0.12963932091564684
0.23573780059814453  seconds  1.181908178944019 0.4840762221219041 0.001 0.12981402298408024
0.2548253536224365  seconds  -0.1271593936322303 1.271262066764653 0.001 0.1304109108192514
0.23346638679504395  seconds  -1.2406624458678348 0.2922817564371104 0.001 0.130156707508549
0.256486177444458  seconds  1.237766251317686 -0.3050588118297867 0.001 0.13003241212187053
0.225907564163208  seconds  0.860058468699937 -0.9404016952859616 0.001 0.1297742976509767
0.22064995765686035  seconds  0.14078709663791242 -1.2697108788746634 0.001 0.12951638959809492
0.25293827056884766  seconds  -1.1662862271017012 -0.5215011469176611 0.001 0.1309423863136789
0.24539995193481445  seconds  -0.6320979108706317 -1.1041259146999651 0.001 0.13141112915198946
0.24935126304626465  seconds  -0.8497937367542477 0.949447020961803 0.001 0.12958551749229008
0.23199701309204102  seconds  1.1717105509725696 0.5089040404691122 0.001 0.13069256588673733
0.22540950775146484  seconds  -1.246180989294661 0.2660753304613112 0.001 0.13092885543816535
0.24540305137634277  seconds  -0.15381386685080564 1.2680801909882224 0.001 0.12931982631878727
0.29853200912475586  seconds  0.643915697466338 1.0972780655252963 0.001 0.1309475921098015
0.2447500228881836  seconds  1.2435494791284993 -0.2789056727221885 0.001 0.1301710863831528
0.23088335990905762  seconds  0.8798759403170704 -0.9223841234303044 0.001 0.1311312030986712
0.24713802337646484  seconds  0.16740108732737188 -1.2662250256643557 0.001 0.12956614068540637
0.26229333877563477  seconds  -1.155251407835491 -0.5459757692854842 0.001 0.130056115089526
0.2491140365600586  seconds  -0.869796550721053 0.9316413186174878 0.001 0.13030447174634766
0.2719132900238037  seconds  -0.6087743297617522 -1.1171900256326066 0.001 0.13094373222148614
0.23881316184997559  seconds  1.1609582934272458 0.5335018323141811 0.001 0.13095204244644781
0.24026274681091309  seconds  -1.2511610307460317 0.2397689230726977 0.001 0.12956933585467023
0.23880410194396973  seconds  -0.1803858233548638 1.2643048443908786 0.001 0.13049575695991655
0.25348734855651855  seconds  1.2487924544303035 -0.2526466819436313 0.001 0.1288141412873138
0.23567557334899902  seconds  0.8993212619580329 -0.9039542611997764 0.001 0.12863892930286874
0.2692081928253174  seconds  0.6207223717047665 1.110571608229191 0.001 0.13154609571344733
0.24720311164855957  seconds  0.19392578691254195 -1.262149073789628 0.001 0.1308115694328803
0.2554454803466797  seconds  -1.1436657006928048 -0.5701983187406273 0.001 0.12882550351582647
0.25475406646728516  seconds  -0.8894335731453135 0.9134216889671021 0.001 0.13861671776862186
0.2536334991455078  seconds  -0.5852015954195541 -1.1298015745425913 0.001 0.12971184143856418
0.2407524585723877  seconds  1.1496536820277454 0.5578549988084157 0.001 0.12930907695380645
0.23987579345703125  seconds  -1.2556059400539703 0.21337414024216916 0.001 0.13033845821160675
0.2375621795654297  seconds  -0.2068621272625711 1.2599428294442294 0.001 0.13081575838454979
0.2367537021636963  seconds  0.9183817753157374 -0.8851156393853781 0.001 0.13169129618138514
0.24499845504760742  seconds  0.5972759892364431 1.1234149858255607 0.001 0.13028140218382409
0.2620816230773926  seconds  1.2534986612000893 -0.2262936993129344 0.001 0.12989497047301235
0.2517862319946289  seconds  0.22034828772450443 -1.257490008551165 0.001 0.13011647847535499
0.2513563632965088  seconds  -1.1315329106672918 -0.5941544545602556 0.001 0.12947241404338125
0.24496841430664062  seconds  1.1377998270951044 0.5819490064249175 0.001 0.12891079125218158
0.2580592632293701  seconds  -0.9086922834681798 0.8947914345619551 0.001 0.15640306541816737
0.24492788314819336  seconds  -1.2595191807194366 0.18690216134292428 0.001 0.12945146469889104
0.2538156509399414  seconds  -0.5613870045042725 -1.1419551155475895 0.001 0.12969442658712485
0.2416062355041504  seconds  -0.23323008900415573 1.2550012472321612 0.001 0.12952701759919835
0.2371208667755127  seconds  0.9370446012951341 -0.8658722830510175 0.001 0.1303444862272996
0.22621488571166992  seconds  0.5735840437302331 1.135803203394614 0.001 0.1295071961243416
0.25054097175598145  seconds  1.2576715249552062 -0.19985811016826902 0.001 0.12965738201954444
0.2270374298095703  seconds  0.24665619857610532 -1.2522554120236116 0.001 0.12914410890465128
0.2138960361480713  seconds  -1.262904042763772 0.16036371578321842 0.001 0.12948534042277562
0.23664140701293945  seconds  1.1254011384195721 0.6057696928261362 0.001 0.13049677614116606
0.2323460578918457  seconds  -0.2594776264763813 1.2494881736347285 0.001 0.12906395865913797
0.25638437271118164  seconds  -1.1188578535209854 -0.6178301199078118 0.001 0.13106778036191855
0.24501705169677734  seconds  -0.9275599195791946 0.8757543333128848 0.001 0.13098400964064025
0.24898242950439453  seconds  -0.5373378630521313 -1.1536449411318557 0.001 0.13076711778109765
0.22085261344909668  seconds  0.9552966951535633 -0.8462287612962597 0.001 0.1307357977980789
0.2548356056213379  seconds  0.5496538433010086 1.1477307184724126 0.001 0.1301579794417363
0.24889087677001953  seconds  1.2613143679003973 -0.17335085225139074 0.001 0.12937759764261245
0.16773009300231934  seconds  1.112462979967521 0.6293032037184714 0.001 0.13129486278132205
0.2284846305847168  seconds  0.27283770825103865 -1.2464535220612238 0.001 0.1292247352196366
0.23276519775390625  seconds  -1.2657634570545282 0.13376911072658315 0.001 0.13013301876071956
0.23261237144470215  seconds  -0.2855931739503208 1.2434119019832186 0.001 0.12951509033102226
0.24951386451721191  seconds  -1.10564650331418 -0.6412117152594551 0.001 0.13097713151533888
0.2489628791809082  seconds  -0.9460234969010589 0.856314652805409 0.001 0.13035188695328725
0.23548102378845215  seconds  0.9731249533295651 -0.8261902722514659 0.001 0.12987573257084906
0.24953055381774902  seconds  -0.513061318510878 -1.1648646188280145 0.001 0.1311352890876258
0.2403090000152588  seconds  0.5254925801840189 1.159191417411881 0.001 0.13120044023460523
0.2473001480102539  seconds  1.264430429548593 -0.1467824510066127 0.001 0.12971651932397413
0.20364761352539062  seconds  1.0989918218942007 0.652536166536351 0.001 0.13076487865126496
0.22916078567504883  seconds  0.2988815686088252 -1.2400929466406856 0.001 0.12992223764967448
0.21473073959350586  seconds  -1.2681001461563968 0.10712829823808216 0.001 0.13184311065449622
0.2143545150756836  seconds  -0.3115657959607346 1.2367813394451632 0.001 0.1304138591962101
0.22154712677001953  seconds  0.9905163373876593 -0.8057627232235371 0.001 0.12915260963091307
0.24285244941711426  seconds  -0.9640699446838521 0.8364772760978497 0.001 0.1302506147878008
0.24520182609558105  seconds  -1.0919058401485788 -0.6642861252228686 0.001 0.13045661715105186
0.2538623809814453  seconds  -0.4885645983446666 -1.1756073250085355 0.001 0.13022257071213122
0.24162721633911133  seconds  0.5011074697289359 1.1701787554359433 0.001 0.13072457982114613
0.2513751983642578  seconds  1.2670224464763211 -0.1201630155996763 0.001 0.13076450197251227
0.25579190254211426  seconds  1.0849951686310066 0.6754557601438178 0.001 0.13015151899236527
0.23375511169433594  seconds  0.3247771200177728 -1.2331826518773485 0.001 0.13065813999649328
0.23057317733764648  seconds  -1.269916305373036 0.08045089790142108 0.001 0.13345279737494323
0.21921181678771973  seconds  -0.33738510243186287 1.2296055076067933 0.001 0.1313177625892747
0.22469162940979004  seconds  1.0074579445494023 -0.7849527472387235 0.001 0.13098837307366745
0.24441289901733398  seconds  -0.9816861665033897 0.8162477293665433 0.001 0.12909650187398417
0.24890780448913574  seconds  -1.0776439119890895 -0.6870408606508294 0.001 0.1294239387200081
0.24612212181091309  seconds  -0.46385502377819304 -1.1858657486289084 0.001 0.12960239727453196
0.22614312171936035  seconds  0.4765057165105707 1.1806855368316258 0.001 0.12981684109620686
0.2433180809020996  seconds  1.2690929168081193 -0.09350232424480533 0.001 0.13308308800125682
0.22550225257873535  seconds  0.35051425520547275 -1.22573172919904 0.001 0.1297550992499428
0.24061799049377441  seconds  1.0704815224069797 0.6980498022990483 0.001 0.12892414234553573
0.2189619541168213  seconds  -1.2712138221528864 0.05374627580131722 0.001 0.13063143659460885
0.22024083137512207  seconds  -0.36304124144188354 1.2218935114529836 0.001 0.12921374218539464
0.22687411308288574  seconds  1.0239372169655918 -0.7637678184341624 0.001 0.13120554916737937
0.24266529083251953  seconds  -1.0628697425552225 -0.7094641188920651 0.001 0.12873849904276138
0.25008296966552734  seconds  -0.9988591585459666 0.7956322557913513 0.001 0.12968203542455745
0.23155713081359863  seconds  0.45169470989783644 1.1907042013293172 0.001 0.12958184642610115
0.24046921730041504  seconds  -0.4389400136826275 -1.195631949838427 0.001 0.1298549608719612
0.24575567245483398  seconds  1.2706439440111414 -0.06680986367276164 0.001 0.12959662742192724
0.23222613334655762  seconds  0.37608341143955515 -1.2177493637782613 0.001 0.12913779120040542
0.23142695426940918  seconds  1.0554603357996346 0.72030683194673 0.001 0.1289752623291171
0.22545814514160156  seconds  -1.2719940625724229 0.02702358983045366 0.001 0.13278005784733868
0.22769975662231445  seconds  -0.38852492498576935 1.2136545887845724 0.001 0.13040181454615474
0.22650837898254395  seconds  0.4266820351494751 1.2002267368513138 0.001 0.1301999261092953
0.24477672576904297  seconds  -1.0475931535895402 -0.7315447731349332 0.001 0.1295529158363592
0.24404668807983398  seconds  -1.0155761929221467 0.7746379134021645 0.001 0.13104056646491652
0.24422621726989746  seconds  -0.41382730672691453 -1.2048977571067991 0.001 0.13110077993294525
0.2399733066558838  seconds  1.2716770577194787 -0.040094879229963284 0.001 0.13290738295556043
0.21723413467407227  seconds  -1.2722578497049464 0.0002918571845507145 0.001 0.1311432289205884
0.22180771827697754  seconds  1.0399419217275105 0.7422161629727886 0.001 0.13039790610321975
0.22275185585021973  seconds  0.4014755428948495 1.209244719800838 0.001 0.13061130683624791
0.2262873649597168  seconds  -1.0318248720781384 0.753272554457444 0.001 0.13079286757590416
0.1982436180114746  seconds  1.2721933387720945 -0.013366449732750064 0.001 0.13147890174286794
time for calc.... 9.130430459976196
112.32user 17.63system 1:04.74elapsed 200%CPU (0avgtext+0avgdata 9608684maxresident)k
0inputs+2488outputs (65major+3006366minor)pagefaults 0swaps
