reading lattice from... ./Lattices/sqKgridX6000.npy
reading lattice from... ./Lattices/sqKgridY6000.npy
starting sampling in reciprocal space....
 finished sampling in reciprocal space.... 0.05370497703552246
started calculating filling for chemical potential and dispersion parameters TB_single_band..
reading lattice from... ./Lattices/KgridX400.npy
reading lattice from... ./Lattices/KgridY400.npy
reading lattice from... ./Lattices/KgridX400.npy
reading lattice from... ./Lattices/KgridY400.npy
finished calculating filling for chemical potential
Filling: 0.5021914101708863 .... chemical potential: 29.41164495334965
The fermi energy in mev is: 3064.1164088176356, and in units of J: 296.3362097502549, the bandwidth is:494.39071566731144
reading lattice from... ./Lattices/KgridX6000.npy
reading lattice from... ./Lattices/KgridY6000.npy
reading lattice from... ./Lattices/sqKgridX6000.npy
reading lattice from... ./Lattices/sqKgridY6000.npy
energy at the point.. 2.616965833149795 -0.012168622338113444  is  4.813565695371835e-06
the angle is  -0.0046498637787463866
200 the fermi surface points 10 chunk numtheads
starting with calculation of Sigma
64.78043389320374  seconds  2.616965833149795 -0.012168622338113444 0.0
66.71544194221497  seconds  2.616965833149795 -0.012168622338113444 1.0
67.57781434059143  seconds  2.616965833149795 -0.012168622338113444 2.0
69.53041291236877  seconds  2.616965833149795 -0.012168622338113444 3.0
70.43362951278687  seconds  2.616965833149795 -0.012168622338113444 4.0
72.98888373374939  seconds  2.616965833149795 -0.012168622338113444 5.0
72.54954719543457  seconds  2.616965833149795 -0.012168622338113444 6.0
66.25589179992676  seconds  2.616965833149795 -0.012168622338113444 8.0
75.75903844833374  seconds  2.616965833149795 -0.012168622338113444 7.0
69.29677391052246  seconds  2.616965833149795 -0.012168622338113444 9.0
75.78134965896606  seconds  2.616965833149795 -0.012168622338113444 10.0
70.06214261054993  seconds  2.616965833149795 -0.012168622338113444 0.1
79.44009685516357  seconds  2.616965833149795 -0.012168622338113444 11.0
78.74860644340515  seconds  2.616965833149795 -0.012168622338113444 12.0
77.96276688575745  seconds  2.616965833149795 -0.012168622338113444 1.1
79.29238367080688  seconds  2.616965833149795 -0.012168622338113444 13.0
72.49041891098022  seconds  2.616965833149795 -0.012168622338113444 3.1
80.06166219711304  seconds  2.616965833149795 -0.012168622338113444 14.0
80.06690502166748  seconds  2.616965833149795 -0.012168622338113444 2.1
79.36198019981384  seconds  2.616965833149795 -0.012168622338113444 15.0
79.04380679130554  seconds  2.616965833149795 -0.012168622338113444 4.1000000000000005
79.85945916175842  seconds  2.616965833149795 -0.012168622338113444 16.0
79.81547141075134  seconds  2.616965833149795 -0.012168622338113444 5.1000000000000005
76.90663290023804  seconds  2.616965833149795 -0.012168622338113444 18.0
72.04193806648254  seconds  2.616965833149795 -0.012168622338113444 8.1
80.67939901351929  seconds  2.616965833149795 -0.012168622338113444 6.1000000000000005
88.06633973121643  seconds  2.616965833149795 -0.012168622338113444 17.0
73.83606243133545  seconds  2.616965833149795 -0.012168622338113444 7.1000000000000005
79.04523944854736  seconds  2.616965833149795 -0.012168622338113444 19.0
73.75089311599731  seconds  2.616965833149795 -0.012168622338113444 9.1
72.09980463981628  seconds  2.616965833149795 -0.012168622338113444 10.100000000000001
72.34136748313904  seconds  2.616965833149795 -0.012168622338113444 0.2
76.88827967643738  seconds  2.616965833149795 -0.012168622338113444 11.100000000000001
79.0167875289917  seconds  2.616965833149795 -0.012168622338113444 12.100000000000001
77.64434027671814  seconds  2.616965833149795 -0.012168622338113444 1.2000000000000002
76.91052150726318  seconds  2.616965833149795 -0.012168622338113444 13.100000000000001
72.30521750450134  seconds  2.616965833149795 -0.012168622338113444 3.2
76.14769172668457  seconds  2.616965833149795 -0.012168622338113444 2.2
77.3244264125824  seconds  2.616965833149795 -0.012168622338113444 14.100000000000001
76.0379467010498  seconds  2.616965833149795 -0.012168622338113444 15.100000000000001
72.34371137619019  seconds  2.616965833149795 -0.012168622338113444 4.2
75.5687506198883  seconds  2.616965833149795 -0.012168622338113444 16.1
71.91428327560425  seconds  2.616965833149795 -0.012168622338113444 18.1
71.65536546707153  seconds  2.616965833149795 -0.012168622338113444 8.200000000000001
74.68190217018127  seconds  2.616965833149795 -0.012168622338113444 5.2
72.4115583896637  seconds  2.616965833149795 -0.012168622338113444 7.2
75.30276107788086  seconds  2.616965833149795 -0.012168622338113444 6.2
76.40500473976135  seconds  2.616965833149795 -0.012168622338113444 17.1
71.98110818862915  seconds  2.616965833149795 -0.012168622338113444 9.200000000000001
79.84841680526733  seconds  2.616965833149795 -0.012168622338113444 19.1
73.2538194656372  seconds  2.616965833149795 -0.012168622338113444 10.200000000000001
73.0173590183258  seconds  2.616965833149795 -0.012168622338113444 0.30000000000000004
73.42125916481018  seconds  2.616965833149795 -0.012168622338113444 11.200000000000001
73.50322461128235  seconds  2.616965833149795 -0.012168622338113444 12.200000000000001
73.60944676399231  seconds  2.616965833149795 -0.012168622338113444 1.3
73.26928687095642  seconds  2.616965833149795 -0.012168622338113444 13.200000000000001
72.86824560165405  seconds  2.616965833149795 -0.012168622338113444 3.3000000000000003
73.87731766700745  seconds  2.616965833149795 -0.012168622338113444 2.3000000000000003
73.19805645942688  seconds  2.616965833149795 -0.012168622338113444 14.200000000000001
74.47604656219482  seconds  2.616965833149795 -0.012168622338113444 15.200000000000001
74.5257019996643  seconds  2.616965833149795 -0.012168622338113444 4.3
73.5623390674591  seconds  2.616965833149795 -0.012168622338113444 16.2
73.56018471717834  seconds  2.616965833149795 -0.012168622338113444 8.3
73.86483716964722  seconds  2.616965833149795 -0.012168622338113444 18.2
73.12329745292664  seconds  2.616965833149795 -0.012168622338113444 5.300000000000001
73.54999542236328  seconds  2.616965833149795 -0.012168622338113444 7.300000000000001
74.76461172103882  seconds  2.616965833149795 -0.012168622338113444 6.300000000000001
73.67508316040039  seconds  2.616965833149795 -0.012168622338113444 17.2
73.89085841178894  seconds  2.616965833149795 -0.012168622338113444 9.3
74.84025859832764  seconds  2.616965833149795 -0.012168622338113444 19.200000000000003
74.40711188316345  seconds  2.616965833149795 -0.012168622338113444 10.3
73.99511313438416  seconds  2.616965833149795 -0.012168622338113444 0.4
73.22831702232361  seconds  2.616965833149795 -0.012168622338113444 11.3
73.9791316986084  seconds  2.616965833149795 -0.012168622338113444 12.3
73.90570855140686  seconds  2.616965833149795 -0.012168622338113444 1.4000000000000001
72.98557209968567  seconds  2.616965833149795 -0.012168622338113444 3.4000000000000004
73.88112902641296  seconds  2.616965833149795 -0.012168622338113444 13.3
73.82458186149597  seconds  2.616965833149795 -0.012168622338113444 2.4000000000000004
74.32290935516357  seconds  2.616965833149795 -0.012168622338113444 14.3
73.380779504776  seconds  2.616965833149795 -0.012168622338113444 15.3
72.79407525062561  seconds  2.616965833149795 -0.012168622338113444 4.4
72.53995847702026  seconds  2.616965833149795 -0.012168622338113444 16.3
73.7024929523468  seconds  2.616965833149795 -0.012168622338113444 8.4
73.79217314720154  seconds  2.616965833149795 -0.012168622338113444 18.3
74.2552707195282  seconds  2.616965833149795 -0.012168622338113444 5.4
73.64683175086975  seconds  2.616965833149795 -0.012168622338113444 7.4
72.6660304069519  seconds  2.616965833149795 -0.012168622338113444 17.3
73.54734134674072  seconds  2.616965833149795 -0.012168622338113444 6.4
73.09515738487244  seconds  2.616965833149795 -0.012168622338113444 9.4
73.73720288276672  seconds  2.616965833149795 -0.012168622338113444 19.3
73.79558491706848  seconds  2.616965833149795 -0.012168622338113444 10.4
73.28219604492188  seconds  2.616965833149795 -0.012168622338113444 0.5
74.10734581947327  seconds  2.616965833149795 -0.012168622338113444 11.4
74.6138961315155  seconds  2.616965833149795 -0.012168622338113444 12.4
73.9715096950531  seconds  2.616965833149795 -0.012168622338113444 3.5
74.39776706695557  seconds  2.616965833149795 -0.012168622338113444 1.5
74.66456365585327  seconds  2.616965833149795 -0.012168622338113444 13.4
73.27717900276184  seconds  2.616965833149795 -0.012168622338113444 2.5
73.42344164848328  seconds  2.616965833149795 -0.012168622338113444 14.4
73.73977208137512  seconds  2.616965833149795 -0.012168622338113444 15.4
74.4280834197998  seconds  2.616965833149795 -0.012168622338113444 4.5
74.74149942398071  seconds  2.616965833149795 -0.012168622338113444 16.400000000000002
73.89861941337585  seconds  2.616965833149795 -0.012168622338113444 8.5
73.92346143722534  seconds  2.616965833149795 -0.012168622338113444 18.400000000000002
73.67755556106567  seconds  2.616965833149795 -0.012168622338113444 5.5
74.15829586982727  seconds  2.616965833149795 -0.012168622338113444 7.5
74.68090963363647  seconds  2.616965833149795 -0.012168622338113444 17.400000000000002
74.66136240959167  seconds  2.616965833149795 -0.012168622338113444 6.5
74.39277195930481  seconds  2.616965833149795 -0.012168622338113444 9.5
73.24089789390564  seconds  2.616965833149795 -0.012168622338113444 19.400000000000002
74.33566880226135  seconds  2.616965833149795 -0.012168622338113444 10.5
74.23730611801147  seconds  2.616965833149795 -0.012168622338113444 0.6000000000000001
73.03787159919739  seconds  2.616965833149795 -0.012168622338113444 11.5
73.56643056869507  seconds  2.616965833149795 -0.012168622338113444 12.5
73.40838503837585  seconds  2.616965833149795 -0.012168622338113444 3.6
73.70406150817871  seconds  2.616965833149795 -0.012168622338113444 1.6
73.21470260620117  seconds  2.616965833149795 -0.012168622338113444 13.5
73.91556811332703  seconds  2.616965833149795 -0.012168622338113444 2.6
73.72236609458923  seconds  2.616965833149795 -0.012168622338113444 14.5
73.7291374206543  seconds  2.616965833149795 -0.012168622338113444 15.5
73.13237476348877  seconds  2.616965833149795 -0.012168622338113444 4.6000000000000005
73.35439586639404  seconds  2.616965833149795 -0.012168622338113444 16.5
73.78797745704651  seconds  2.616965833149795 -0.012168622338113444 8.6
73.70508122444153  seconds  2.616965833149795 -0.012168622338113444 18.5
73.0235013961792  seconds  2.616965833149795 -0.012168622338113444 5.6000000000000005
73.4926655292511  seconds  2.616965833149795 -0.012168622338113444 7.6000000000000005
73.64462065696716  seconds  2.616965833149795 -0.012168622338113444 6.6000000000000005
74.43834829330444  seconds  2.616965833149795 -0.012168622338113444 17.5
73.6587986946106  seconds  2.616965833149795 -0.012168622338113444 9.600000000000001
73.71324586868286  seconds  2.616965833149795 -0.012168622338113444 19.5
73.97973394393921  seconds  2.616965833149795 -0.012168622338113444 10.600000000000001
72.85489773750305  seconds  2.616965833149795 -0.012168622338113444 0.7000000000000001
73.21565794944763  seconds  2.616965833149795 -0.012168622338113444 11.600000000000001
73.80420994758606  seconds  2.616965833149795 -0.012168622338113444 12.600000000000001
73.51091074943542  seconds  2.616965833149795 -0.012168622338113444 3.7
73.80030369758606  seconds  2.616965833149795 -0.012168622338113444 13.600000000000001
74.03939056396484  seconds  2.616965833149795 -0.012168622338113444 1.7000000000000002
74.13811779022217  seconds  2.616965833149795 -0.012168622338113444 14.600000000000001
75.0397596359253  seconds  2.616965833149795 -0.012168622338113444 2.7
72.76947140693665  seconds  2.616965833149795 -0.012168622338113444 15.600000000000001
73.45745062828064  seconds  2.616965833149795 -0.012168622338113444 4.7
73.3917007446289  seconds  2.616965833149795 -0.012168622338113444 16.6
72.766352891922  seconds  2.616965833149795 -0.012168622338113444 5.7
74.33859348297119  seconds  2.616965833149795 -0.012168622338113444 18.6
74.71694993972778  seconds  2.616965833149795 -0.012168622338113444 8.700000000000001
73.40321850776672  seconds  2.616965833149795 -0.012168622338113444 7.7
74.04431414604187  seconds  2.616965833149795 -0.012168622338113444 6.7
74.1810929775238  seconds  2.616965833149795 -0.012168622338113444 17.6
73.5349714756012  seconds  2.616965833149795 -0.012168622338113444 9.700000000000001
72.91868424415588  seconds  2.616965833149795 -0.012168622338113444 19.6
74.62321925163269  seconds  2.616965833149795 -0.012168622338113444 10.700000000000001
73.58983421325684  seconds  2.616965833149795 -0.012168622338113444 0.8
73.66112017631531  seconds  2.616965833149795 -0.012168622338113444 11.700000000000001
73.60878086090088  seconds  2.616965833149795 -0.012168622338113444 12.700000000000001
73.96305108070374  seconds  2.616965833149795 -0.012168622338113444 3.8000000000000003
74.22459983825684  seconds  2.616965833149795 -0.012168622338113444 13.700000000000001
74.39223623275757  seconds  2.616965833149795 -0.012168622338113444 1.8
73.31973648071289  seconds  2.616965833149795 -0.012168622338113444 2.8000000000000003
74.43895530700684  seconds  2.616965833149795 -0.012168622338113444 14.700000000000001
74.03488802909851  seconds  2.616965833149795 -0.012168622338113444 15.700000000000001
73.91817140579224  seconds  2.616965833149795 -0.012168622338113444 4.800000000000001
73.89391851425171  seconds  2.616965833149795 -0.012168622338113444 16.7
73.28076481819153  seconds  2.616965833149795 -0.012168622338113444 5.800000000000001
74.1450719833374  seconds  2.616965833149795 -0.012168622338113444 18.7
73.99423837661743  seconds  2.616965833149795 -0.012168622338113444 8.8
74.65014553070068  seconds  2.616965833149795 -0.012168622338113444 7.800000000000001
73.43768286705017  seconds  2.616965833149795 -0.012168622338113444 6.800000000000001
74.48024845123291  seconds  2.616965833149795 -0.012168622338113444 17.7
73.89096474647522  seconds  2.616965833149795 -0.012168622338113444 9.8
73.92645072937012  seconds  2.616965833149795 -0.012168622338113444 19.700000000000003
75.12687516212463  seconds  2.616965833149795 -0.012168622338113444 10.8
74.79575228691101  seconds  2.616965833149795 -0.012168622338113444 0.9
74.25853443145752  seconds  2.616965833149795 -0.012168622338113444 11.8
75.05550765991211  seconds  2.616965833149795 -0.012168622338113444 12.8
73.73534750938416  seconds  2.616965833149795 -0.012168622338113444 3.9000000000000004
75.04336714744568  seconds  2.616965833149795 -0.012168622338113444 13.8
75.00659108161926  seconds  2.616965833149795 -0.012168622338113444 1.9000000000000001
74.6444296836853  seconds  2.616965833149795 -0.012168622338113444 2.9000000000000004
74.4629909992218  seconds  2.616965833149795 -0.012168622338113444 14.8
75.10195112228394  seconds  2.616965833149795 -0.012168622338113444 15.8
72.92983341217041  seconds  2.616965833149795 -0.012168622338113444 4.9
74.66419434547424  seconds  2.616965833149795 -0.012168622338113444 16.8
74.19297075271606  seconds  2.616965833149795 -0.012168622338113444 5.9
73.78390765190125  seconds  2.616965833149795 -0.012168622338113444 18.8
74.13584756851196  seconds  2.616965833149795 -0.012168622338113444 8.9
72.42984175682068  seconds  2.616965833149795 -0.012168622338113444 7.9
74.20824265480042  seconds  2.616965833149795 -0.012168622338113444 6.9
72.77382135391235  seconds  2.616965833149795 -0.012168622338113444 17.8
72.62717080116272  seconds  2.616965833149795 -0.012168622338113444 9.9
71.26729106903076  seconds  2.616965833149795 -0.012168622338113444 19.8
69.44837546348572  seconds  2.616965833149795 -0.012168622338113444 10.9
71.80385947227478  seconds  2.616965833149795 -0.012168622338113444 11.9
69.76513147354126  seconds  2.616965833149795 -0.012168622338113444 12.9
67.88668370246887  seconds  2.616965833149795 -0.012168622338113444 13.9
67.13180613517761  seconds  2.616965833149795 -0.012168622338113444 14.9
65.43535733222961  seconds  2.616965833149795 -0.012168622338113444 15.9
66.21389818191528  seconds  2.616965833149795 -0.012168622338113444 16.900000000000002
62.632239818573  seconds  2.616965833149795 -0.012168622338113444 18.900000000000002
60.76650309562683  seconds  2.616965833149795 -0.012168622338113444 17.900000000000002
62.05033040046692  seconds  2.616965833149795 -0.012168622338113444 19.900000000000002
time for calc.... 849.5435585975647
 plotting data from the run ...
saving data from the run ...
energy at the point.. 2.61642751975197 0.2659713168187743  is  6.169288720769828e-06
the angle is  0.10130638257107663
200 the fermi surface points 10 chunk numtheads
starting with calculation of Sigma
70.04594945907593  seconds  2.61642751975197 0.2659713168187743 0.0
71.19463562965393  seconds  2.61642751975197 0.2659713168187743 1.0
71.30672597885132  seconds  2.61642751975197 0.2659713168187743 2.0
75.54343771934509  seconds  2.61642751975197 0.2659713168187743 3.0
67.37367796897888  seconds  2.61642751975197 0.2659713168187743 6.0
71.86637091636658  seconds  2.61642751975197 0.2659713168187743 5.0
77.75721859931946  seconds  2.61642751975197 0.2659713168187743 4.0
81.57072949409485  seconds  2.61642751975197 0.2659713168187743 7.0
82.21429777145386  seconds  2.61642751975197 0.2659713168187743 8.0
84.5457329750061  seconds  2.61642751975197 0.2659713168187743 9.0
86.80216526985168  seconds  2.61642751975197 0.2659713168187743 10.0
87.00220012664795  seconds  2.61642751975197 0.2659713168187743 11.0
88.59842610359192  seconds  2.61642751975197 0.2659713168187743 12.0
74.43507885932922  seconds  2.61642751975197 0.2659713168187743 2.1
80.17642188072205  seconds  2.61642751975197 0.2659713168187743 14.0
87.60108876228333  seconds  2.61642751975197 0.2659713168187743 13.0
90.0145046710968  seconds  2.61642751975197 0.2659713168187743 0.1
90.3426456451416  seconds  2.61642751975197 0.2659713168187743 1.1
89.68202638626099  seconds  2.61642751975197 0.2659713168187743 15.0
73.10311245918274  seconds  2.61642751975197 0.2659713168187743 6.1000000000000005
73.39614748954773  seconds  2.61642751975197 0.2659713168187743 5.1000000000000005
76.97186326980591  seconds  2.61642751975197 0.2659713168187743 18.0
92.71292734146118  seconds  2.61642751975197 0.2659713168187743 16.0
90.904296875  seconds  2.61642751975197 0.2659713168187743 3.1
93.82956671714783  seconds  2.61642751975197 0.2659713168187743 17.0
92.0093777179718  seconds  2.61642751975197 0.2659713168187743 4.1000000000000005
95.61914277076721  seconds  2.61642751975197 0.2659713168187743 19.0
90.70472693443298  seconds  2.61642751975197 0.2659713168187743 7.1000000000000005
88.55851125717163  seconds  2.61642751975197 0.2659713168187743 8.1
90.95828199386597  seconds  2.61642751975197 0.2659713168187743 9.1
90.83681178092957  seconds  2.61642751975197 0.2659713168187743 10.100000000000001
76.44893789291382  seconds  2.61642751975197 0.2659713168187743 14.100000000000001
76.69440698623657  seconds  2.61642751975197 0.2659713168187743 2.2
91.67676019668579  seconds  2.61642751975197 0.2659713168187743 11.100000000000001
92.21187710762024  seconds  2.61642751975197 0.2659713168187743 12.100000000000001
75.1241660118103  seconds  2.61642751975197 0.2659713168187743 5.2
75.63790822029114  seconds  2.61642751975197 0.2659713168187743 6.2
90.00484085083008  seconds  2.61642751975197 0.2659713168187743 0.2
92.80177092552185  seconds  2.61642751975197 0.2659713168187743 13.100000000000001
73.8987832069397  seconds  2.61642751975197 0.2659713168187743 18.1
87.946129322052  seconds  2.61642751975197 0.2659713168187743 1.2000000000000002
90.84335899353027  seconds  2.61642751975197 0.2659713168187743 15.100000000000001
89.63085055351257  seconds  2.61642751975197 0.2659713168187743 3.2
94.60478568077087  seconds  2.61642751975197 0.2659713168187743 16.1
90.57446527481079  seconds  2.61642751975197 0.2659713168187743 17.1
90.48915934562683  seconds  2.61642751975197 0.2659713168187743 4.2
95.26231074333191  seconds  2.61642751975197 0.2659713168187743 19.1
91.44373989105225  seconds  2.61642751975197 0.2659713168187743 7.2
89.36107134819031  seconds  2.61642751975197 0.2659713168187743 8.200000000000001
74.06937527656555  seconds  2.61642751975197 0.2659713168187743 14.200000000000001
74.81099200248718  seconds  2.61642751975197 0.2659713168187743 2.3000000000000003
90.26247715950012  seconds  2.61642751975197 0.2659713168187743 9.200000000000001
73.74939513206482  seconds  2.61642751975197 0.2659713168187743 6.300000000000001
90.29511451721191  seconds  2.61642751975197 0.2659713168187743 10.200000000000001
75.3988904953003  seconds  2.61642751975197 0.2659713168187743 5.300000000000001
89.29214715957642  seconds  2.61642751975197 0.2659713168187743 11.200000000000001
75.06317090988159  seconds  2.61642751975197 0.2659713168187743 18.2
90.48533654212952  seconds  2.61642751975197 0.2659713168187743 12.200000000000001
93.17105722427368  seconds  2.61642751975197 0.2659713168187743 0.30000000000000004
91.99448132514954  seconds  2.61642751975197 0.2659713168187743 13.200000000000001
91.09139633178711  seconds  2.61642751975197 0.2659713168187743 1.3
88.6881058216095  seconds  2.61642751975197 0.2659713168187743 15.200000000000001
87.72704243659973  seconds  2.61642751975197 0.2659713168187743 3.3000000000000003
90.6034300327301  seconds  2.61642751975197 0.2659713168187743 17.2
89.34104800224304  seconds  2.61642751975197 0.2659713168187743 4.3
98.92320466041565  seconds  2.61642751975197 0.2659713168187743 16.2
73.50063896179199  seconds  2.61642751975197 0.2659713168187743 14.3
72.8995008468628  seconds  2.61642751975197 0.2659713168187743 2.4000000000000004
90.59204387664795  seconds  2.61642751975197 0.2659713168187743 7.300000000000001
89.53038692474365  seconds  2.61642751975197 0.2659713168187743 8.3
72.32064080238342  seconds  2.61642751975197 0.2659713168187743 6.4
95.73435139656067  seconds  2.61642751975197 0.2659713168187743 19.200000000000003
74.00828337669373  seconds  2.61642751975197 0.2659713168187743 5.4
73.2875189781189  seconds  2.61642751975197 0.2659713168187743 18.3
88.83396816253662  seconds  2.61642751975197 0.2659713168187743 9.3
92.42633986473083  seconds  2.61642751975197 0.2659713168187743 10.3
91.02516674995422  seconds  2.61642751975197 0.2659713168187743 11.3
93.14335250854492  seconds  2.61642751975197 0.2659713168187743 12.3
89.19048476219177  seconds  2.61642751975197 0.2659713168187743 0.4
89.85856366157532  seconds  2.61642751975197 0.2659713168187743 13.3
89.66262340545654  seconds  2.61642751975197 0.2659713168187743 1.4000000000000001
89.96473431587219  seconds  2.61642751975197 0.2659713168187743 15.3
89.90135884284973  seconds  2.61642751975197 0.2659713168187743 3.4000000000000004
79.39200329780579  seconds  2.61642751975197 0.2659713168187743 16.3
74.9167594909668  seconds  2.61642751975197 0.2659713168187743 14.4
75.14257526397705  seconds  2.61642751975197 0.2659713168187743 2.5
90.91210985183716  seconds  2.61642751975197 0.2659713168187743 17.3
92.5192232131958  seconds  2.61642751975197 0.2659713168187743 4.4
74.11760091781616  seconds  2.61642751975197 0.2659713168187743 6.5
72.28576135635376  seconds  2.61642751975197 0.2659713168187743 5.5
74.54689979553223  seconds  2.61642751975197 0.2659713168187743 18.400000000000002
89.4386396408081  seconds  2.61642751975197 0.2659713168187743 7.4
88.29096865653992  seconds  2.61642751975197 0.2659713168187743 8.4
89.31989550590515  seconds  2.61642751975197 0.2659713168187743 19.3
87.77283430099487  seconds  2.61642751975197 0.2659713168187743 9.4
89.99499154090881  seconds  2.61642751975197 0.2659713168187743 10.4
88.96586847305298  seconds  2.61642751975197 0.2659713168187743 11.4
87.4202778339386  seconds  2.61642751975197 0.2659713168187743 0.5
92.51803469657898  seconds  2.61642751975197 0.2659713168187743 12.4
88.21035122871399  seconds  2.61642751975197 0.2659713168187743 1.5
91.21760106086731  seconds  2.61642751975197 0.2659713168187743 13.4
76.57314324378967  seconds  2.61642751975197 0.2659713168187743 16.400000000000002
90.23163628578186  seconds  2.61642751975197 0.2659713168187743 15.4
77.56625008583069  seconds  2.61642751975197 0.2659713168187743 14.5
79.25718212127686  seconds  2.61642751975197 0.2659713168187743 2.6
87.8674578666687  seconds  2.61642751975197 0.2659713168187743 3.5
75.9715223312378  seconds  2.61642751975197 0.2659713168187743 6.6000000000000005
77.08133912086487  seconds  2.61642751975197 0.2659713168187743 5.6000000000000005
88.30941700935364  seconds  2.61642751975197 0.2659713168187743 17.400000000000002
88.04469537734985  seconds  2.61642751975197 0.2659713168187743 4.5
76.88206338882446  seconds  2.61642751975197 0.2659713168187743 18.5
91.64839029312134  seconds  2.61642751975197 0.2659713168187743 7.5
91.85925841331482  seconds  2.61642751975197 0.2659713168187743 8.5
92.03842091560364  seconds  2.61642751975197 0.2659713168187743 19.400000000000002
88.52187395095825  seconds  2.61642751975197 0.2659713168187743 9.5
88.83111715316772  seconds  2.61642751975197 0.2659713168187743 10.5
88.93668293952942  seconds  2.61642751975197 0.2659713168187743 11.5
77.58731937408447  seconds  2.61642751975197 0.2659713168187743 16.5
89.79710936546326  seconds  2.61642751975197 0.2659713168187743 0.6000000000000001
78.40861058235168  seconds  2.61642751975197 0.2659713168187743 14.600000000000001
76.58765935897827  seconds  2.61642751975197 0.2659713168187743 2.7
88.16679763793945  seconds  2.61642751975197 0.2659713168187743 13.5
91.92135977745056  seconds  2.61642751975197 0.2659713168187743 12.5
92.15240001678467  seconds  2.61642751975197 0.2659713168187743 1.6
88.55213069915771  seconds  2.61642751975197 0.2659713168187743 15.5
76.70349431037903  seconds  2.61642751975197 0.2659713168187743 6.7
76.95030331611633  seconds  2.61642751975197 0.2659713168187743 5.7
88.18930125236511  seconds  2.61642751975197 0.2659713168187743 3.6
77.0385992527008  seconds  2.61642751975197 0.2659713168187743 18.6
87.30538082122803  seconds  2.61642751975197 0.2659713168187743 4.6000000000000005
90.3753981590271  seconds  2.61642751975197 0.2659713168187743 17.5
87.72302293777466  seconds  2.61642751975197 0.2659713168187743 8.6
88.03930282592773  seconds  2.61642751975197 0.2659713168187743 19.5
92.03478503227234  seconds  2.61642751975197 0.2659713168187743 7.6000000000000005
86.68900752067566  seconds  2.61642751975197 0.2659713168187743 9.600000000000001
88.87661504745483  seconds  2.61642751975197 0.2659713168187743 10.600000000000001
74.70705080032349  seconds  2.61642751975197 0.2659713168187743 16.6
87.07698631286621  seconds  2.61642751975197 0.2659713168187743 11.600000000000001
74.68199968338013  seconds  2.61642751975197 0.2659713168187743 14.700000000000001
75.35866904258728  seconds  2.61642751975197 0.2659713168187743 2.8000000000000003
75.43258500099182  seconds  2.61642751975197 0.2659713168187743 6.800000000000001
88.47948908805847  seconds  2.61642751975197 0.2659713168187743 0.7000000000000001
76.32953023910522  seconds  2.61642751975197 0.2659713168187743 5.800000000000001
88.29492473602295  seconds  2.61642751975197 0.2659713168187743 13.600000000000001
89.88319087028503  seconds  2.61642751975197 0.2659713168187743 12.600000000000001
88.4396333694458  seconds  2.61642751975197 0.2659713168187743 1.7000000000000002
76.10249209403992  seconds  2.61642751975197 0.2659713168187743 18.7
89.4298357963562  seconds  2.61642751975197 0.2659713168187743 15.600000000000001
89.37607026100159  seconds  2.61642751975197 0.2659713168187743 3.7
89.66065120697021  seconds  2.61642751975197 0.2659713168187743 4.7
89.38943910598755  seconds  2.61642751975197 0.2659713168187743 17.6
90.86090517044067  seconds  2.61642751975197 0.2659713168187743 8.700000000000001
89.10543751716614  seconds  2.61642751975197 0.2659713168187743 19.6
89.905757188797  seconds  2.61642751975197 0.2659713168187743 9.700000000000001
97.09005665779114  seconds  2.61642751975197 0.2659713168187743 7.7
80.70973515510559  seconds  2.61642751975197 0.2659713168187743 16.7
81.52611827850342  seconds  2.61642751975197 0.2659713168187743 14.8
81.25095748901367  seconds  2.61642751975197 0.2659713168187743 2.9000000000000004
90.87222909927368  seconds  2.61642751975197 0.2659713168187743 10.700000000000001
89.57532477378845  seconds  2.61642751975197 0.2659713168187743 11.700000000000001
78.09788393974304  seconds  2.61642751975197 0.2659713168187743 6.9
76.49405074119568  seconds  2.61642751975197 0.2659713168187743 5.9
77.74614691734314  seconds  2.61642751975197 0.2659713168187743 18.8
91.28157186508179  seconds  2.61642751975197 0.2659713168187743 0.8
89.34227752685547  seconds  2.61642751975197 0.2659713168187743 13.700000000000001
88.64701533317566  seconds  2.61642751975197 0.2659713168187743 12.700000000000001
89.48862528800964  seconds  2.61642751975197 0.2659713168187743 1.8
88.12562656402588  seconds  2.61642751975197 0.2659713168187743 15.700000000000001
86.72779726982117  seconds  2.61642751975197 0.2659713168187743 3.8000000000000003
85.56110787391663  seconds  2.61642751975197 0.2659713168187743 4.800000000000001
86.6577353477478  seconds  2.61642751975197 0.2659713168187743 17.7
82.85423183441162  seconds  2.61642751975197 0.2659713168187743 8.8
71.72840142250061  seconds  2.61642751975197 0.2659713168187743 16.8
84.46014428138733  seconds  2.61642751975197 0.2659713168187743 19.700000000000003
80.9761574268341  seconds  2.61642751975197 0.2659713168187743 9.8
72.11003971099854  seconds  2.61642751975197 0.2659713168187743 14.9
82.20012164115906  seconds  2.61642751975197 0.2659713168187743 7.800000000000001
81.0636715888977  seconds  2.61642751975197 0.2659713168187743 10.8
80.6841356754303  seconds  2.61642751975197 0.2659713168187743 11.8
72.19247364997864  seconds  2.61642751975197 0.2659713168187743 18.900000000000002
73.18871927261353  seconds  2.61642751975197 0.2659713168187743 0.9
80.99208784103394  seconds  2.61642751975197 0.2659713168187743 13.8
82.0525643825531  seconds  2.61642751975197 0.2659713168187743 12.8
81.89175057411194  seconds  2.61642751975197 0.2659713168187743 1.9000000000000001
81.55729603767395  seconds  2.61642751975197 0.2659713168187743 15.8
79.45598721504211  seconds  2.61642751975197 0.2659713168187743 3.9000000000000004
80.44022107124329  seconds  2.61642751975197 0.2659713168187743 17.8
81.90919923782349  seconds  2.61642751975197 0.2659713168187743 4.9
66.81779289245605  seconds  2.61642751975197 0.2659713168187743 8.9
67.5379068851471  seconds  2.61642751975197 0.2659713168187743 16.900000000000002
78.95639419555664  seconds  2.61642751975197 0.2659713168187743 19.8
81.07096529006958  seconds  2.61642751975197 0.2659713168187743 9.9
76.63102078437805  seconds  2.61642751975197 0.2659713168187743 7.9
75.49975991249084  seconds  2.61642751975197 0.2659713168187743 10.9
75.29714751243591  seconds  2.61642751975197 0.2659713168187743 11.9
74.48980641365051  seconds  2.61642751975197 0.2659713168187743 13.9
76.42405891418457  seconds  2.61642751975197 0.2659713168187743 12.9
75.61005425453186  seconds  2.61642751975197 0.2659713168187743 15.9
77.2821433544159  seconds  2.61642751975197 0.2659713168187743 17.900000000000002
79.1442301273346  seconds  2.61642751975197 0.2659713168187743 19.900000000000002
time for calc.... 1003.4570834636688
 plotting data from the run ...
saving data from the run ...
energy at the point.. 2.612699153466239 0.5406345067362022  is  7.400112771449585e-06
the angle is  0.20404589651971108
200 the fermi surface points 10 chunk numtheads
starting with calculation of Sigma
102.16140365600586  seconds  2.612699153466239 0.5406345067362022 0.0
107.41498279571533  seconds  2.612699153466239 0.5406345067362022 1.0
109.09543824195862  seconds  2.612699153466239 0.5406345067362022 2.0
112.69282650947571  seconds  2.612699153466239 0.5406345067362022 3.0
113.48678255081177  seconds  2.612699153466239 0.5406345067362022 4.0
120.39116430282593  seconds  2.612699153466239 0.5406345067362022 5.0
117.62859749794006  seconds  2.612699153466239 0.5406345067362022 6.0
121.28814792633057  seconds  2.612699153466239 0.5406345067362022 7.0
124.66692924499512  seconds  2.612699153466239 0.5406345067362022 8.0
121.45583534240723  seconds  2.612699153466239 0.5406345067362022 9.0
104.80928659439087  seconds  2.612699153466239 0.5406345067362022 12.0
128.42749691009521  seconds  2.612699153466239 0.5406345067362022 10.0
125.63984489440918  seconds  2.612699153466239 0.5406345067362022 11.0
127.53020715713501  seconds  2.612699153466239 0.5406345067362022 13.0
131.26395654678345  seconds  2.612699153466239 0.5406345067362022 14.0
137.717116355896  seconds  2.612699153466239 0.5406345067362022 0.1
109.95864057540894  seconds  2.612699153466239 0.5406345067362022 17.0
134.41524720191956  seconds  2.612699153466239 0.5406345067362022 15.0
108.18735527992249  seconds  2.612699153466239 0.5406345067362022 18.0
135.2820897102356  seconds  2.612699153466239 0.5406345067362022 1.1
133.9044327735901  seconds  2.612699153466239 0.5406345067362022 16.0
134.37348556518555  seconds  2.612699153466239 0.5406345067362022 2.1
136.61319041252136  seconds  2.612699153466239 0.5406345067362022 3.1
144.0224187374115  seconds  2.612699153466239 0.5406345067362022 4.1000000000000005
136.3135015964508  seconds  2.612699153466239 0.5406345067362022 19.0
136.98641705513  seconds  2.612699153466239 0.5406345067362022 5.1000000000000005
136.16455364227295  seconds  2.612699153466239 0.5406345067362022 6.1000000000000005
109.11721730232239  seconds  2.612699153466239 0.5406345067362022 12.100000000000001
133.51100611686707  seconds  2.612699153466239 0.5406345067362022 7.1000000000000005
138.10905575752258  seconds  2.612699153466239 0.5406345067362022 8.1
138.14286279678345  seconds  2.612699153466239 0.5406345067362022 9.1
141.21983337402344  seconds  2.612699153466239 0.5406345067362022 10.100000000000001
117.42120790481567  seconds  2.612699153466239 0.5406345067362022 13.100000000000001
137.14103722572327  seconds  2.612699153466239 0.5406345067362022 11.100000000000001
111.37393474578857  seconds  2.612699153466239 0.5406345067362022 17.1
108.26754856109619  seconds  2.612699153466239 0.5406345067362022 18.1
136.73793816566467  seconds  2.612699153466239 0.5406345067362022 14.100000000000001
136.4273636341095  seconds  2.612699153466239 0.5406345067362022 0.2
134.8510890007019  seconds  2.612699153466239 0.5406345067362022 15.100000000000001
136.48621702194214  seconds  2.612699153466239 0.5406345067362022 1.2000000000000002
139.39163756370544  seconds  2.612699153466239 0.5406345067362022 2.2
141.8930697441101  seconds  2.612699153466239 0.5406345067362022 16.1
133.5884029865265  seconds  2.612699153466239 0.5406345067362022 3.2
110.82484126091003  seconds  2.612699153466239 0.5406345067362022 12.200000000000001
134.60619115829468  seconds  2.612699153466239 0.5406345067362022 19.1
132.3095920085907  seconds  2.612699153466239 0.5406345067362022 5.2
143.14102506637573  seconds  2.612699153466239 0.5406345067362022 4.2
141.58931398391724  seconds  2.612699153466239 0.5406345067362022 6.2
144.7662329673767  seconds  2.612699153466239 0.5406345067362022 7.2
133.4754457473755  seconds  2.612699153466239 0.5406345067362022 8.200000000000001
117.92039155960083  seconds  2.612699153466239 0.5406345067362022 13.200000000000001
138.4776930809021  seconds  2.612699153466239 0.5406345067362022 9.200000000000001
118.34981799125671  seconds  2.612699153466239 0.5406345067362022 17.2
134.68791270256042  seconds  2.612699153466239 0.5406345067362022 10.200000000000001
119.17166709899902  seconds  2.612699153466239 0.5406345067362022 18.2
135.8981330394745  seconds  2.612699153466239 0.5406345067362022 11.200000000000001
134.00527167320251  seconds  2.612699153466239 0.5406345067362022 14.200000000000001
128.46971583366394  seconds  2.612699153466239 0.5406345067362022 0.30000000000000004
129.17316102981567  seconds  2.612699153466239 0.5406345067362022 15.200000000000001
133.117981672287  seconds  2.612699153466239 0.5406345067362022 1.3
126.2434287071228  seconds  2.612699153466239 0.5406345067362022 3.3000000000000003
132.9198455810547  seconds  2.612699153466239 0.5406345067362022 2.3000000000000003
133.10490894317627  seconds  2.612699153466239 0.5406345067362022 16.2
120.10779857635498  seconds  2.612699153466239 0.5406345067362022 12.3
119.83604550361633  seconds  2.612699153466239 0.5406345067362022 4.3
124.92688393592834  seconds  2.612699153466239 0.5406345067362022 5.300000000000001
129.96543979644775  seconds  2.612699153466239 0.5406345067362022 19.200000000000003
127.61530947685242  seconds  2.612699153466239 0.5406345067362022 6.300000000000001
123.85783767700195  seconds  2.612699153466239 0.5406345067362022 8.3
129.56925916671753  seconds  2.612699153466239 0.5406345067362022 7.300000000000001
119.94949579238892  seconds  2.612699153466239 0.5406345067362022 13.3
126.01212668418884  seconds  2.612699153466239 0.5406345067362022 9.3
119.08320307731628  seconds  2.612699153466239 0.5406345067362022 17.3
115.45293951034546  seconds  2.612699153466239 0.5406345067362022 18.3
127.44335699081421  seconds  2.612699153466239 0.5406345067362022 10.3
128.21353363990784  seconds  2.612699153466239 0.5406345067362022 11.3
127.53446245193481  seconds  2.612699153466239 0.5406345067362022 14.3
128.0778784751892  seconds  2.612699153466239 0.5406345067362022 15.3
136.11149954795837  seconds  2.612699153466239 0.5406345067362022 0.4
120.65203857421875  seconds  2.612699153466239 0.5406345067362022 2.4000000000000004
120.38134264945984  seconds  2.612699153466239 0.5406345067362022 12.4
133.86472511291504  seconds  2.612699153466239 0.5406345067362022 1.4000000000000001
126.69629549980164  seconds  2.612699153466239 0.5406345067362022 3.4000000000000004
131.15029072761536  seconds  2.612699153466239 0.5406345067362022 16.3
118.9562771320343  seconds  2.612699153466239 0.5406345067362022 4.4
129.69409012794495  seconds  2.612699153466239 0.5406345067362022 5.4
131.07076907157898  seconds  2.612699153466239 0.5406345067362022 19.3
128.50418257713318  seconds  2.612699153466239 0.5406345067362022 6.4
124.63640666007996  seconds  2.612699153466239 0.5406345067362022 8.4
123.41135287284851  seconds  2.612699153466239 0.5406345067362022 13.4
130.23511052131653  seconds  2.612699153466239 0.5406345067362022 7.4
119.89332246780396  seconds  2.612699153466239 0.5406345067362022 17.400000000000002
127.81122946739197  seconds  2.612699153466239 0.5406345067362022 9.4
123.16677212715149  seconds  2.612699153466239 0.5406345067362022 18.400000000000002
131.91292357444763  seconds  2.612699153466239 0.5406345067362022 10.4
129.27706122398376  seconds  2.612699153466239 0.5406345067362022 11.4
134.4353141784668  seconds  2.612699153466239 0.5406345067362022 14.4
128.1227307319641  seconds  2.612699153466239 0.5406345067362022 15.4
129.33687901496887  seconds  2.612699153466239 0.5406345067362022 0.5
124.50018525123596  seconds  2.612699153466239 0.5406345067362022 2.5
126.05558705329895  seconds  2.612699153466239 0.5406345067362022 12.5
129.9918737411499  seconds  2.612699153466239 0.5406345067362022 1.5
130.81720352172852  seconds  2.612699153466239 0.5406345067362022 3.5
125.77547788619995  seconds  2.612699153466239 0.5406345067362022 4.5
133.41665840148926  seconds  2.612699153466239 0.5406345067362022 16.400000000000002
125.23795461654663  seconds  2.612699153466239 0.5406345067362022 19.400000000000002
129.56730461120605  seconds  2.612699153466239 0.5406345067362022 5.5
124.89365863800049  seconds  2.612699153466239 0.5406345067362022 8.5
127.48226571083069  seconds  2.612699153466239 0.5406345067362022 13.5
122.75105547904968  seconds  2.612699153466239 0.5406345067362022 7.5
139.7219741344452  seconds  2.612699153466239 0.5406345067362022 6.5
125.14712429046631  seconds  2.612699153466239 0.5406345067362022 9.5
126.22000193595886  seconds  2.612699153466239 0.5406345067362022 18.5
132.31504130363464  seconds  2.612699153466239 0.5406345067362022 17.5
121.42438745498657  seconds  2.612699153466239 0.5406345067362022 10.5
126.40577960014343  seconds  2.612699153466239 0.5406345067362022 11.5
122.78186321258545  seconds  2.612699153466239 0.5406345067362022 15.5
125.67975544929504  seconds  2.612699153466239 0.5406345067362022 14.5
123.2809522151947  seconds  2.612699153466239 0.5406345067362022 0.6000000000000001
117.23472356796265  seconds  2.612699153466239 0.5406345067362022 12.600000000000001
128.48788404464722  seconds  2.612699153466239 0.5406345067362022 2.6
123.14495921134949  seconds  2.612699153466239 0.5406345067362022 1.6
121.78842377662659  seconds  2.612699153466239 0.5406345067362022 3.6
123.02393579483032  seconds  2.612699153466239 0.5406345067362022 4.6000000000000005
120.43553590774536  seconds  2.612699153466239 0.5406345067362022 16.5
118.5818030834198  seconds  2.612699153466239 0.5406345067362022 5.6000000000000005
121.79572367668152  seconds  2.612699153466239 0.5406345067362022 19.5
117.26885461807251  seconds  2.612699153466239 0.5406345067362022 8.6
120.00983715057373  seconds  2.612699153466239 0.5406345067362022 7.6000000000000005
124.41575217247009  seconds  2.612699153466239 0.5406345067362022 13.600000000000001
127.66058301925659  seconds  2.612699153466239 0.5406345067362022 6.6000000000000005
121.47066736221313  seconds  2.612699153466239 0.5406345067362022 9.600000000000001
123.06027245521545  seconds  2.612699153466239 0.5406345067362022 18.6
122.79278588294983  seconds  2.612699153466239 0.5406345067362022 17.6
121.77013158798218  seconds  2.612699153466239 0.5406345067362022 10.600000000000001
124.20207667350769  seconds  2.612699153466239 0.5406345067362022 11.600000000000001
124.0289511680603  seconds  2.612699153466239 0.5406345067362022 15.600000000000001
124.56945204734802  seconds  2.612699153466239 0.5406345067362022 14.600000000000001
125.0412368774414  seconds  2.612699153466239 0.5406345067362022 0.7000000000000001
134.69645500183105  seconds  2.612699153466239 0.5406345067362022 12.700000000000001
128.53101563453674  seconds  2.612699153466239 0.5406345067362022 2.7
123.75269365310669  seconds  2.612699153466239 0.5406345067362022 3.7
127.1526529788971  seconds  2.612699153466239 0.5406345067362022 1.7000000000000002
120.89949941635132  seconds  2.612699153466239 0.5406345067362022 16.6
129.88275241851807  seconds  2.612699153466239 0.5406345067362022 4.7
122.53634095191956  seconds  2.612699153466239 0.5406345067362022 5.7
125.08162569999695  seconds  2.612699153466239 0.5406345067362022 19.6
125.77019381523132  seconds  2.612699153466239 0.5406345067362022 8.700000000000001
125.28032922744751  seconds  2.612699153466239 0.5406345067362022 7.7
126.40117597579956  seconds  2.612699153466239 0.5406345067362022 13.700000000000001
124.28130865097046  seconds  2.612699153466239 0.5406345067362022 6.7
126.27640509605408  seconds  2.612699153466239 0.5406345067362022 9.700000000000001
126.84475231170654  seconds  2.612699153466239 0.5406345067362022 17.7
131.39644503593445  seconds  2.612699153466239 0.5406345067362022 18.7
125.13292694091797  seconds  2.612699153466239 0.5406345067362022 10.700000000000001
129.4850709438324  seconds  2.612699153466239 0.5406345067362022 11.700000000000001
123.8406822681427  seconds  2.612699153466239 0.5406345067362022 15.700000000000001
124.30755138397217  seconds  2.612699153466239 0.5406345067362022 14.700000000000001
125.47954630851746  seconds  2.612699153466239 0.5406345067362022 0.8
120.65839529037476  seconds  2.612699153466239 0.5406345067362022 1.8
124.51955032348633  seconds  2.612699153466239 0.5406345067362022 12.8
123.48410391807556  seconds  2.612699153466239 0.5406345067362022 2.8000000000000003
125.8643581867218  seconds  2.612699153466239 0.5406345067362022 3.8000000000000003
120.92200779914856  seconds  2.612699153466239 0.5406345067362022 16.7
127.13148093223572  seconds  2.612699153466239 0.5406345067362022 4.800000000000001
121.67191553115845  seconds  2.612699153466239 0.5406345067362022 19.700000000000003
128.99090790748596  seconds  2.612699153466239 0.5406345067362022 5.800000000000001
123.10214567184448  seconds  2.612699153466239 0.5406345067362022 8.8
122.92030739784241  seconds  2.612699153466239 0.5406345067362022 7.800000000000001
122.76829266548157  seconds  2.612699153466239 0.5406345067362022 13.8
125.66725373268127  seconds  2.612699153466239 0.5406345067362022 6.800000000000001
124.31345462799072  seconds  2.612699153466239 0.5406345067362022 9.8
120.90400218963623  seconds  2.612699153466239 0.5406345067362022 17.8
125.12013649940491  seconds  2.612699153466239 0.5406345067362022 18.8
123.59461426734924  seconds  2.612699153466239 0.5406345067362022 10.8
122.77733206748962  seconds  2.612699153466239 0.5406345067362022 11.8
119.38402128219604  seconds  2.612699153466239 0.5406345067362022 15.8
123.67863774299622  seconds  2.612699153466239 0.5406345067362022 14.8
125.46544027328491  seconds  2.612699153466239 0.5406345067362022 0.9
123.63578963279724  seconds  2.612699153466239 0.5406345067362022 1.9000000000000001
122.0665557384491  seconds  2.612699153466239 0.5406345067362022 3.9000000000000004
121.85203289985657  seconds  2.612699153466239 0.5406345067362022 16.8
128.079115152359  seconds  2.612699153466239 0.5406345067362022 12.9
128.8717873096466  seconds  2.612699153466239 0.5406345067362022 2.9000000000000004
119.60849261283875  seconds  2.612699153466239 0.5406345067362022 4.9
119.4281108379364  seconds  2.612699153466239 0.5406345067362022 19.8
119.30835938453674  seconds  2.612699153466239 0.5406345067362022 5.9
123.21511101722717  seconds  2.612699153466239 0.5406345067362022 8.9
117.88323044776917  seconds  2.612699153466239 0.5406345067362022 7.9
115.4677357673645  seconds  2.612699153466239 0.5406345067362022 13.9
117.56488990783691  seconds  2.612699153466239 0.5406345067362022 6.9
113.56055021286011  seconds  2.612699153466239 0.5406345067362022 17.900000000000002
118.88742280006409  seconds  2.612699153466239 0.5406345067362022 9.9
112.18864941596985  seconds  2.612699153466239 0.5406345067362022 18.900000000000002
114.43013715744019  seconds  2.612699153466239 0.5406345067362022 10.9
111.43736100196838  seconds  2.612699153466239 0.5406345067362022 11.9
110.33863806724548  seconds  2.612699153466239 0.5406345067362022 15.9
107.54130506515503  seconds  2.612699153466239 0.5406345067362022 14.9
104.12300658226013  seconds  2.612699153466239 0.5406345067362022 16.900000000000002
101.0290732383728  seconds  2.612699153466239 0.5406345067362022 19.900000000000002
time for calc.... 1401.5810933113098
 plotting data from the run ...
saving data from the run ...
energy at the point.. 2.5966539165555025 0.8378965667101266  is  1.0400959698841916e-05
the angle is  0.3121349978541341
200 the fermi surface points 10 chunk numtheads
starting with calculation of Sigma
107.3839647769928  seconds  2.5966539165555025 0.8378965667101266 0.0
111.05964040756226  seconds  2.5966539165555025 0.8378965667101266 1.0
110.22424125671387  seconds  2.5966539165555025 0.8378965667101266 2.0
111.14241766929626  seconds  2.5966539165555025 0.8378965667101266 3.0
117.36210083961487  seconds  2.5966539165555025 0.8378965667101266 4.0
116.14826893806458  seconds  2.5966539165555025 0.8378965667101266 5.0
120.26431465148926  seconds  2.5966539165555025 0.8378965667101266 6.0
123.70578789710999  seconds  2.5966539165555025 0.8378965667101266 7.0
123.58438777923584  seconds  2.5966539165555025 0.8378965667101266 8.0
124.84898018836975  seconds  2.5966539165555025 0.8378965667101266 9.0
142.8489146232605  seconds  2.5966539165555025 0.8378965667101266 10.0
138.2460527420044  seconds  2.5966539165555025 0.8378965667101266 11.0
160.86304640769958  seconds  2.5966539165555025 0.8378965667101266 12.0
157.64104390144348  seconds  2.5966539165555025 0.8378965667101266 13.0
170.59868788719177  seconds  2.5966539165555025 0.8378965667101266 0.1
173.380704164505  seconds  2.5966539165555025 0.8378965667101266 14.0
173.37155628204346  seconds  2.5966539165555025 0.8378965667101266 15.0
171.83284997940063  seconds  2.5966539165555025 0.8378965667101266 1.1
173.1750988960266  seconds  2.5966539165555025 0.8378965667101266 16.0
108.63990521430969  seconds  2.5966539165555025 0.8378965667101266 9.1
174.55635237693787  seconds  2.5966539165555025 0.8378965667101266 2.1
175.86141967773438  seconds  2.5966539165555025 0.8378965667101266 17.0
179.85370063781738  seconds  2.5966539165555025 0.8378965667101266 3.1
171.30540990829468  seconds  2.5966539165555025 0.8378965667101266 18.0
172.16232299804688  seconds  2.5966539165555025 0.8378965667101266 4.1000000000000005
172.87621212005615  seconds  2.5966539165555025 0.8378965667101266 5.1000000000000005
175.62684154510498  seconds  2.5966539165555025 0.8378965667101266 19.0
177.27422523498535  seconds  2.5966539165555025 0.8378965667101266 6.1000000000000005
177.42339372634888  seconds  2.5966539165555025 0.8378965667101266 7.1000000000000005
174.85814356803894  seconds  2.5966539165555025 0.8378965667101266 8.1
164.29200983047485  seconds  2.5966539165555025 0.8378965667101266 10.100000000000001
170.43396401405334  seconds  2.5966539165555025 0.8378965667101266 11.100000000000001
158.41009998321533  seconds  2.5966539165555025 0.8378965667101266 12.100000000000001
139.08604073524475  seconds  2.5966539165555025 0.8378965667101266 14.100000000000001
165.17504048347473  seconds  2.5966539165555025 0.8378965667101266 13.100000000000001
122.94406700134277  seconds  2.5966539165555025 0.8378965667101266 9.200000000000001
149.44795894622803  seconds  2.5966539165555025 0.8378965667101266 15.100000000000001
160.03356432914734  seconds  2.5966539165555025 0.8378965667101266 0.2
139.94303131103516  seconds  2.5966539165555025 0.8378965667101266 2.2
143.1496241092682  seconds  2.5966539165555025 0.8378965667101266 16.1
141.86429023742676  seconds  2.5966539165555025 0.8378965667101266 17.1
161.30706214904785  seconds  2.5966539165555025 0.8378965667101266 1.2000000000000002
140.93035650253296  seconds  2.5966539165555025 0.8378965667101266 18.1
144.07714200019836  seconds  2.5966539165555025 0.8378965667101266 3.2
144.4797682762146  seconds  2.5966539165555025 0.8378965667101266 4.2
141.51937341690063  seconds  2.5966539165555025 0.8378965667101266 19.1
145.16259717941284  seconds  2.5966539165555025 0.8378965667101266 5.2
144.27044582366943  seconds  2.5966539165555025 0.8378965667101266 6.2
139.99710178375244  seconds  2.5966539165555025 0.8378965667101266 8.200000000000001
146.75419640541077  seconds  2.5966539165555025 0.8378965667101266 7.2
141.43654370307922  seconds  2.5966539165555025 0.8378965667101266 10.200000000000001
139.41433095932007  seconds  2.5966539165555025 0.8378965667101266 11.200000000000001
115.46335172653198  seconds  2.5966539165555025 0.8378965667101266 9.3
142.6256561279297  seconds  2.5966539165555025 0.8378965667101266 12.200000000000001
140.37692260742188  seconds  2.5966539165555025 0.8378965667101266 13.200000000000001
142.81077075004578  seconds  2.5966539165555025 0.8378965667101266 14.200000000000001
137.8123116493225  seconds  2.5966539165555025 0.8378965667101266 15.200000000000001
141.22417974472046  seconds  2.5966539165555025 0.8378965667101266 2.3000000000000003
142.0178346633911  seconds  2.5966539165555025 0.8378965667101266 0.30000000000000004
140.8549427986145  seconds  2.5966539165555025 0.8378965667101266 16.2
140.00111532211304  seconds  2.5966539165555025 0.8378965667101266 1.3
142.04288244247437  seconds  2.5966539165555025 0.8378965667101266 17.2
140.2753381729126  seconds  2.5966539165555025 0.8378965667101266 18.2
138.73938703536987  seconds  2.5966539165555025 0.8378965667101266 3.3000000000000003
140.8883113861084  seconds  2.5966539165555025 0.8378965667101266 4.3
139.7282326221466  seconds  2.5966539165555025 0.8378965667101266 5.300000000000001
141.95596551895142  seconds  2.5966539165555025 0.8378965667101266 19.200000000000003
141.43052411079407  seconds  2.5966539165555025 0.8378965667101266 6.300000000000001
141.25493836402893  seconds  2.5966539165555025 0.8378965667101266 8.3
140.70293307304382  seconds  2.5966539165555025 0.8378965667101266 7.300000000000001
123.62027716636658  seconds  2.5966539165555025 0.8378965667101266 9.4
143.86831879615784  seconds  2.5966539165555025 0.8378965667101266 10.3
141.4232189655304  seconds  2.5966539165555025 0.8378965667101266 11.3
136.91300225257874  seconds  2.5966539165555025 0.8378965667101266 12.3
134.57388925552368  seconds  2.5966539165555025 0.8378965667101266 14.3
139.93162631988525  seconds  2.5966539165555025 0.8378965667101266 13.3
139.09176325798035  seconds  2.5966539165555025 0.8378965667101266 15.3
136.28604912757874  seconds  2.5966539165555025 0.8378965667101266 2.4000000000000004
139.1571843624115  seconds  2.5966539165555025 0.8378965667101266 0.4
139.15951347351074  seconds  2.5966539165555025 0.8378965667101266 16.3
135.2655918598175  seconds  2.5966539165555025 0.8378965667101266 1.4000000000000001
134.64454221725464  seconds  2.5966539165555025 0.8378965667101266 18.3
138.91448998451233  seconds  2.5966539165555025 0.8378965667101266 17.3
139.73984479904175  seconds  2.5966539165555025 0.8378965667101266 3.4000000000000004
139.69967794418335  seconds  2.5966539165555025 0.8378965667101266 4.4
134.94053626060486  seconds  2.5966539165555025 0.8378965667101266 19.3
137.0055570602417  seconds  2.5966539165555025 0.8378965667101266 5.4
137.95147061347961  seconds  2.5966539165555025 0.8378965667101266 6.4
113.49095916748047  seconds  2.5966539165555025 0.8378965667101266 9.5
137.38443517684937  seconds  2.5966539165555025 0.8378965667101266 8.4
140.1311182975769  seconds  2.5966539165555025 0.8378965667101266 7.4
139.24261021614075  seconds  2.5966539165555025 0.8378965667101266 10.4
139.80903482437134  seconds  2.5966539165555025 0.8378965667101266 11.4
138.18112802505493  seconds  2.5966539165555025 0.8378965667101266 12.4
140.44731092453003  seconds  2.5966539165555025 0.8378965667101266 14.4
139.6541657447815  seconds  2.5966539165555025 0.8378965667101266 13.4
144.69448685646057  seconds  2.5966539165555025 0.8378965667101266 15.4
139.07993960380554  seconds  2.5966539165555025 0.8378965667101266 16.400000000000002
143.65537810325623  seconds  2.5966539165555025 0.8378965667101266 2.5
142.04184460639954  seconds  2.5966539165555025 0.8378965667101266 0.5
141.88337469100952  seconds  2.5966539165555025 0.8378965667101266 1.5
142.24281334877014  seconds  2.5966539165555025 0.8378965667101266 18.400000000000002
141.39607787132263  seconds  2.5966539165555025 0.8378965667101266 17.400000000000002
141.75206995010376  seconds  2.5966539165555025 0.8378965667101266 3.5
142.37918162345886  seconds  2.5966539165555025 0.8378965667101266 4.5
140.345130443573  seconds  2.5966539165555025 0.8378965667101266 5.5
143.40502905845642  seconds  2.5966539165555025 0.8378965667101266 19.400000000000002
123.11516833305359  seconds  2.5966539165555025 0.8378965667101266 9.600000000000001
140.58991360664368  seconds  2.5966539165555025 0.8378965667101266 6.5
141.49206447601318  seconds  2.5966539165555025 0.8378965667101266 8.5
141.5103325843811  seconds  2.5966539165555025 0.8378965667101266 7.5
145.84931564331055  seconds  2.5966539165555025 0.8378965667101266 10.5
143.54894399642944  seconds  2.5966539165555025 0.8378965667101266 11.5
140.81451725959778  seconds  2.5966539165555025 0.8378965667101266 12.5
142.03966569900513  seconds  2.5966539165555025 0.8378965667101266 13.5
146.56700372695923  seconds  2.5966539165555025 0.8378965667101266 14.5
137.65821599960327  seconds  2.5966539165555025 0.8378965667101266 0.6000000000000001
141.12179803848267  seconds  2.5966539165555025 0.8378965667101266 16.5
143.22130155563354  seconds  2.5966539165555025 0.8378965667101266 15.5
142.54042601585388  seconds  2.5966539165555025 0.8378965667101266 2.6
140.46872878074646  seconds  2.5966539165555025 0.8378965667101266 1.6
140.4373381137848  seconds  2.5966539165555025 0.8378965667101266 17.5
141.39145016670227  seconds  2.5966539165555025 0.8378965667101266 18.5
118.90741300582886  seconds  2.5966539165555025 0.8378965667101266 9.700000000000001
142.89468097686768  seconds  2.5966539165555025 0.8378965667101266 3.6
141.61161494255066  seconds  2.5966539165555025 0.8378965667101266 5.6000000000000005
141.33675479888916  seconds  2.5966539165555025 0.8378965667101266 19.5
145.34488439559937  seconds  2.5966539165555025 0.8378965667101266 4.6000000000000005
139.50873017311096  seconds  2.5966539165555025 0.8378965667101266 6.6000000000000005
139.2275791168213  seconds  2.5966539165555025 0.8378965667101266 8.6
143.88784670829773  seconds  2.5966539165555025 0.8378965667101266 7.6000000000000005
143.51179718971252  seconds  2.5966539165555025 0.8378965667101266 10.600000000000001
147.03271055221558  seconds  2.5966539165555025 0.8378965667101266 11.600000000000001
142.72486877441406  seconds  2.5966539165555025 0.8378965667101266 12.600000000000001
140.15219116210938  seconds  2.5966539165555025 0.8378965667101266 13.600000000000001
141.70677614212036  seconds  2.5966539165555025 0.8378965667101266 14.600000000000001
120.07145929336548  seconds  2.5966539165555025 0.8378965667101266 9.8
142.60626029968262  seconds  2.5966539165555025 0.8378965667101266 0.7000000000000001
143.0569224357605  seconds  2.5966539165555025 0.8378965667101266 16.6
141.42876553535461  seconds  2.5966539165555025 0.8378965667101266 2.7
143.37081575393677  seconds  2.5966539165555025 0.8378965667101266 15.600000000000001
143.06183433532715  seconds  2.5966539165555025 0.8378965667101266 1.7000000000000002
142.98818016052246  seconds  2.5966539165555025 0.8378965667101266 17.6
143.2893407344818  seconds  2.5966539165555025 0.8378965667101266 18.6
145.74440622329712  seconds  2.5966539165555025 0.8378965667101266 3.7
139.55555844306946  seconds  2.5966539165555025 0.8378965667101266 19.6
144.01955771446228  seconds  2.5966539165555025 0.8378965667101266 5.7
141.41838836669922  seconds  2.5966539165555025 0.8378965667101266 4.7
142.38245725631714  seconds  2.5966539165555025 0.8378965667101266 6.7
143.243412733078  seconds  2.5966539165555025 0.8378965667101266 8.700000000000001
140.40546011924744  seconds  2.5966539165555025 0.8378965667101266 7.7
141.952889919281  seconds  2.5966539165555025 0.8378965667101266 10.700000000000001
142.4312448501587  seconds  2.5966539165555025 0.8378965667101266 11.700000000000001
115.19967770576477  seconds  2.5966539165555025 0.8378965667101266 9.9
144.03782773017883  seconds  2.5966539165555025 0.8378965667101266 12.700000000000001
143.48633646965027  seconds  2.5966539165555025 0.8378965667101266 13.700000000000001
142.88422346115112  seconds  2.5966539165555025 0.8378965667101266 14.700000000000001
137.61218881607056  seconds  2.5966539165555025 0.8378965667101266 16.7
139.592378616333  seconds  2.5966539165555025 0.8378965667101266 0.8
137.5520453453064  seconds  2.5966539165555025 0.8378965667101266 2.8000000000000003
142.27177047729492  seconds  2.5966539165555025 0.8378965667101266 15.700000000000001
143.57065868377686  seconds  2.5966539165555025 0.8378965667101266 1.8
140.89724683761597  seconds  2.5966539165555025 0.8378965667101266 18.7
141.649028301239  seconds  2.5966539165555025 0.8378965667101266 17.7
143.65753984451294  seconds  2.5966539165555025 0.8378965667101266 3.8000000000000003
142.2987518310547  seconds  2.5966539165555025 0.8378965667101266 19.700000000000003
139.93301701545715  seconds  2.5966539165555025 0.8378965667101266 4.800000000000001
141.2300682067871  seconds  2.5966539165555025 0.8378965667101266 5.800000000000001
141.26935577392578  seconds  2.5966539165555025 0.8378965667101266 6.800000000000001
136.59402418136597  seconds  2.5966539165555025 0.8378965667101266 8.8
140.99153447151184  seconds  2.5966539165555025 0.8378965667101266 7.800000000000001
145.8916802406311  seconds  2.5966539165555025 0.8378965667101266 10.8
146.6009202003479  seconds  2.5966539165555025 0.8378965667101266 11.8
138.3242700099945  seconds  2.5966539165555025 0.8378965667101266 12.8
143.8129301071167  seconds  2.5966539165555025 0.8378965667101266 13.8
145.60883688926697  seconds  2.5966539165555025 0.8378965667101266 14.8
139.84348249435425  seconds  2.5966539165555025 0.8378965667101266 16.8
139.5065336227417  seconds  2.5966539165555025 0.8378965667101266 2.9000000000000004
141.8355016708374  seconds  2.5966539165555025 0.8378965667101266 0.9
138.98447585105896  seconds  2.5966539165555025 0.8378965667101266 15.8
137.41323614120483  seconds  2.5966539165555025 0.8378965667101266 17.8
139.09306287765503  seconds  2.5966539165555025 0.8378965667101266 1.9000000000000001
139.90588331222534  seconds  2.5966539165555025 0.8378965667101266 18.8
139.91105771064758  seconds  2.5966539165555025 0.8378965667101266 3.9000000000000004
138.5541718006134  seconds  2.5966539165555025 0.8378965667101266 4.9
141.2595705986023  seconds  2.5966539165555025 0.8378965667101266 19.8
139.15703988075256  seconds  2.5966539165555025 0.8378965667101266 5.9
136.27018570899963  seconds  2.5966539165555025 0.8378965667101266 6.9
132.20379853248596  seconds  2.5966539165555025 0.8378965667101266 8.9
133.3554449081421  seconds  2.5966539165555025 0.8378965667101266 7.9
128.52559661865234  seconds  2.5966539165555025 0.8378965667101266 10.9
126.50264406204224  seconds  2.5966539165555025 0.8378965667101266 11.9
123.83979654312134  seconds  2.5966539165555025 0.8378965667101266 12.9
114.05796217918396  seconds  2.5966539165555025 0.8378965667101266 13.9
116.29638767242432  seconds  2.5966539165555025 0.8378965667101266 14.9
114.23346328735352  seconds  2.5966539165555025 0.8378965667101266 16.900000000000002
114.27182841300964  seconds  2.5966539165555025 0.8378965667101266 15.9
110.63331508636475  seconds  2.5966539165555025 0.8378965667101266 17.900000000000002
108.86549234390259  seconds  2.5966539165555025 0.8378965667101266 18.900000000000002
106.26389145851135  seconds  2.5966539165555025 0.8378965667101266 19.900000000000002
time for calc.... 1567.8906025886536
 plotting data from the run ...
saving data from the run ...
energy at the point.. 2.5477213028327195 1.1368970013037814  is  9.295332997538708e-06
the angle is  0.4197233160056505
200 the fermi surface points 10 chunk numtheads
starting with calculation of Sigma
103.43454504013062  seconds  2.5477213028327195 1.1368970013037814 0.0
105.52312111854553  seconds  2.5477213028327195 1.1368970013037814 1.0
105.46090054512024  seconds  2.5477213028327195 1.1368970013037814 2.0
99.70634579658508  seconds  2.5477213028327195 1.1368970013037814 3.0
109.87656545639038  seconds  2.5477213028327195 1.1368970013037814 4.0
107.8179121017456  seconds  2.5477213028327195 1.1368970013037814 5.0
103.03469109535217  seconds  2.5477213028327195 1.1368970013037814 6.0
109.6069688796997  seconds  2.5477213028327195 1.1368970013037814 7.0
111.23639845848083  seconds  2.5477213028327195 1.1368970013037814 8.0
119.0129828453064  seconds  2.5477213028327195 1.1368970013037814 9.0
117.92530274391174  seconds  2.5477213028327195 1.1368970013037814 10.0
118.56645607948303  seconds  2.5477213028327195 1.1368970013037814 11.0
116.04386782646179  seconds  2.5477213028327195 1.1368970013037814 13.0
127.9329183101654  seconds  2.5477213028327195 1.1368970013037814 12.0
121.479012966156  seconds  2.5477213028327195 1.1368970013037814 0.1
123.13816118240356  seconds  2.5477213028327195 1.1368970013037814 14.0
118.3163685798645  seconds  2.5477213028327195 1.1368970013037814 1.1
126.61261105537415  seconds  2.5477213028327195 1.1368970013037814 3.1
132.51866102218628  seconds  2.5477213028327195 1.1368970013037814 2.1
141.69385266304016  seconds  2.5477213028327195 1.1368970013037814 15.0
126.14784598350525  seconds  2.5477213028327195 1.1368970013037814 17.0
121.01513624191284  seconds  2.5477213028327195 1.1368970013037814 18.0
122.65110158920288  seconds  2.5477213028327195 1.1368970013037814 4.1000000000000005
142.45695757865906  seconds  2.5477213028327195 1.1368970013037814 16.0
124.09147047996521  seconds  2.5477213028327195 1.1368970013037814 19.0
117.13956069946289  seconds  2.5477213028327195 1.1368970013037814 7.1000000000000005
134.6354377269745  seconds  2.5477213028327195 1.1368970013037814 5.1000000000000005
143.1529712677002  seconds  2.5477213028327195 1.1368970013037814 6.1000000000000005
116.09936881065369  seconds  2.5477213028327195 1.1368970013037814 9.1
116.16540694236755  seconds  2.5477213028327195 1.1368970013037814 10.100000000000001
138.66283869743347  seconds  2.5477213028327195 1.1368970013037814 8.1
122.76605939865112  seconds  2.5477213028327195 1.1368970013037814 11.100000000000001
113.35338401794434  seconds  2.5477213028327195 1.1368970013037814 1.2000000000000002
119.00226068496704  seconds  2.5477213028327195 1.1368970013037814 0.2
136.6287443637848  seconds  2.5477213028327195 1.1368970013037814 13.100000000000001
142.2944779396057  seconds  2.5477213028327195 1.1368970013037814 12.100000000000001
142.7311568260193  seconds  2.5477213028327195 1.1368970013037814 14.100000000000001
115.75482058525085  seconds  2.5477213028327195 1.1368970013037814 18.1
114.3730115890503  seconds  2.5477213028327195 1.1368970013037814 4.2
139.83585786819458  seconds  2.5477213028327195 1.1368970013037814 3.2
112.52303838729858  seconds  2.5477213028327195 1.1368970013037814 7.2
136.09104681015015  seconds  2.5477213028327195 1.1368970013037814 2.2
138.82351565361023  seconds  2.5477213028327195 1.1368970013037814 15.100000000000001
139.40057468414307  seconds  2.5477213028327195 1.1368970013037814 17.1
134.72304725646973  seconds  2.5477213028327195 1.1368970013037814 16.1
140.96216678619385  seconds  2.5477213028327195 1.1368970013037814 19.1
114.24379014968872  seconds  2.5477213028327195 1.1368970013037814 9.200000000000001
142.74102640151978  seconds  2.5477213028327195 1.1368970013037814 5.2
136.93428683280945  seconds  2.5477213028327195 1.1368970013037814 6.2
119.07750749588013  seconds  2.5477213028327195 1.1368970013037814 10.200000000000001
137.83246564865112  seconds  2.5477213028327195 1.1368970013037814 8.200000000000001
113.28968954086304  seconds  2.5477213028327195 1.1368970013037814 0.30000000000000004
116.6576156616211  seconds  2.5477213028327195 1.1368970013037814 1.3
142.9148919582367  seconds  2.5477213028327195 1.1368970013037814 11.200000000000001
111.4754524230957  seconds  2.5477213028327195 1.1368970013037814 18.2
138.82082319259644  seconds  2.5477213028327195 1.1368970013037814 13.200000000000001
113.85598111152649  seconds  2.5477213028327195 1.1368970013037814 4.3
142.2247223854065  seconds  2.5477213028327195 1.1368970013037814 12.200000000000001
141.81756687164307  seconds  2.5477213028327195 1.1368970013037814 14.200000000000001
105.73897242546082  seconds  2.5477213028327195 1.1368970013037814 9.3
144.63042616844177  seconds  2.5477213028327195 1.1368970013037814 3.3000000000000003
108.16501808166504  seconds  2.5477213028327195 1.1368970013037814 10.3
149.67484068870544  seconds  2.5477213028327195 1.1368970013037814 2.3000000000000003
144.5077691078186  seconds  2.5477213028327195 1.1368970013037814 16.2
155.34364652633667  seconds  2.5477213028327195 1.1368970013037814 7.300000000000001
151.47084784507751  seconds  2.5477213028327195 1.1368970013037814 15.200000000000001
148.63854217529297  seconds  2.5477213028327195 1.1368970013037814 17.2
141.2568814754486  seconds  2.5477213028327195 1.1368970013037814 19.200000000000003
142.25245785713196  seconds  2.5477213028327195 1.1368970013037814 5.300000000000001
139.42436599731445  seconds  2.5477213028327195 1.1368970013037814 6.300000000000001
107.61255311965942  seconds  2.5477213028327195 1.1368970013037814 0.4
108.74043250083923  seconds  2.5477213028327195 1.1368970013037814 1.4000000000000001
146.26100993156433  seconds  2.5477213028327195 1.1368970013037814 8.3
108.5432813167572  seconds  2.5477213028327195 1.1368970013037814 18.3
109.55764245986938  seconds  2.5477213028327195 1.1368970013037814 4.4
151.3075888156891  seconds  2.5477213028327195 1.1368970013037814 11.3
109.47370672225952  seconds  2.5477213028327195 1.1368970013037814 9.4
143.19515347480774  seconds  2.5477213028327195 1.1368970013037814 13.3
141.4450614452362  seconds  2.5477213028327195 1.1368970013037814 12.3
110.7125072479248  seconds  2.5477213028327195 1.1368970013037814 10.4
144.01404905319214  seconds  2.5477213028327195 1.1368970013037814 14.3
136.3292863368988  seconds  2.5477213028327195 1.1368970013037814 2.4000000000000004
143.97197151184082  seconds  2.5477213028327195 1.1368970013037814 3.4000000000000004
111.49656319618225  seconds  2.5477213028327195 1.1368970013037814 0.5
108.93539881706238  seconds  2.5477213028327195 1.1368970013037814 1.5
147.31426882743835  seconds  2.5477213028327195 1.1368970013037814 16.3
146.9688320159912  seconds  2.5477213028327195 1.1368970013037814 7.4
147.48002648353577  seconds  2.5477213028327195 1.1368970013037814 17.3
151.17502331733704  seconds  2.5477213028327195 1.1368970013037814 15.3
150.78265929222107  seconds  2.5477213028327195 1.1368970013037814 19.3
142.6610507965088  seconds  2.5477213028327195 1.1368970013037814 5.4
143.2667200565338  seconds  2.5477213028327195 1.1368970013037814 6.4
115.3833520412445  seconds  2.5477213028327195 1.1368970013037814 18.400000000000002
112.09474992752075  seconds  2.5477213028327195 1.1368970013037814 4.5
110.66891479492188  seconds  2.5477213028327195 1.1368970013037814 9.5
152.418447971344  seconds  2.5477213028327195 1.1368970013037814 8.4
113.03749561309814  seconds  2.5477213028327195 1.1368970013037814 10.5
146.72170662879944  seconds  2.5477213028327195 1.1368970013037814 11.4
138.27842831611633  seconds  2.5477213028327195 1.1368970013037814 13.4
148.25387239456177  seconds  2.5477213028327195 1.1368970013037814 12.4
111.77612471580505  seconds  2.5477213028327195 1.1368970013037814 1.6
114.87508630752563  seconds  2.5477213028327195 1.1368970013037814 0.6000000000000001
141.61197686195374  seconds  2.5477213028327195 1.1368970013037814 14.4
138.9308819770813  seconds  2.5477213028327195 1.1368970013037814 2.5
113.23622512817383  seconds  2.5477213028327195 1.1368970013037814 4.6000000000000005
114.54301500320435  seconds  2.5477213028327195 1.1368970013037814 18.5
151.7787823677063  seconds  2.5477213028327195 1.1368970013037814 3.5
144.052654504776  seconds  2.5477213028327195 1.1368970013037814 16.400000000000002
144.8442623615265  seconds  2.5477213028327195 1.1368970013037814 17.400000000000002
150.05949354171753  seconds  2.5477213028327195 1.1368970013037814 7.5
148.54365801811218  seconds  2.5477213028327195 1.1368970013037814 15.4
141.17474675178528  seconds  2.5477213028327195 1.1368970013037814 5.5
143.78448390960693  seconds  2.5477213028327195 1.1368970013037814 19.400000000000002
113.58390593528748  seconds  2.5477213028327195 1.1368970013037814 9.600000000000001
146.75199699401855  seconds  2.5477213028327195 1.1368970013037814 6.5
152.45761609077454  seconds  2.5477213028327195 1.1368970013037814 8.5
107.0612370967865  seconds  2.5477213028327195 1.1368970013037814 1.7000000000000002
110.66756248474121  seconds  2.5477213028327195 1.1368970013037814 0.7000000000000001
147.09672093391418  seconds  2.5477213028327195 1.1368970013037814 10.600000000000001
147.68755960464478  seconds  2.5477213028327195 1.1368970013037814 11.5
149.16639065742493  seconds  2.5477213028327195 1.1368970013037814 13.5
109.64026522636414  seconds  2.5477213028327195 1.1368970013037814 4.7
110.76240301132202  seconds  2.5477213028327195 1.1368970013037814 18.6
149.36793994903564  seconds  2.5477213028327195 1.1368970013037814 12.5
154.67205691337585  seconds  2.5477213028327195 1.1368970013037814 14.5
143.7943296432495  seconds  2.5477213028327195 1.1368970013037814 2.6
109.80516815185547  seconds  2.5477213028327195 1.1368970013037814 9.700000000000001
140.42412066459656  seconds  2.5477213028327195 1.1368970013037814 7.6000000000000005
148.22232151031494  seconds  2.5477213028327195 1.1368970013037814 16.5
157.25058031082153  seconds  2.5477213028327195 1.1368970013037814 3.6
141.0927324295044  seconds  2.5477213028327195 1.1368970013037814 5.6000000000000005
146.73875665664673  seconds  2.5477213028327195 1.1368970013037814 15.5
153.88290333747864  seconds  2.5477213028327195 1.1368970013037814 17.5
154.2510097026825  seconds  2.5477213028327195 1.1368970013037814 19.5
151.6566298007965  seconds  2.5477213028327195 1.1368970013037814 6.6000000000000005
111.53049850463867  seconds  2.5477213028327195 1.1368970013037814 1.8
108.36334896087646  seconds  2.5477213028327195 1.1368970013037814 0.8
112.16851115226746  seconds  2.5477213028327195 1.1368970013037814 4.800000000000001
110.92003202438354  seconds  2.5477213028327195 1.1368970013037814 18.7
158.44949865341187  seconds  2.5477213028327195 1.1368970013037814 8.6
145.4093997478485  seconds  2.5477213028327195 1.1368970013037814 11.600000000000001
153.14550924301147  seconds  2.5477213028327195 1.1368970013037814 10.700000000000001
102.97357559204102  seconds  2.5477213028327195 1.1368970013037814 9.8
148.73335313796997  seconds  2.5477213028327195 1.1368970013037814 13.600000000000001
144.58255195617676  seconds  2.5477213028327195 1.1368970013037814 12.600000000000001
149.50438237190247  seconds  2.5477213028327195 1.1368970013037814 14.600000000000001
150.96341037750244  seconds  2.5477213028327195 1.1368970013037814 2.7
108.91190695762634  seconds  2.5477213028327195 1.1368970013037814 1.9000000000000001
108.697838306427  seconds  2.5477213028327195 1.1368970013037814 0.9
139.56828618049622  seconds  2.5477213028327195 1.1368970013037814 16.6
147.94366192817688  seconds  2.5477213028327195 1.1368970013037814 3.7
156.75601482391357  seconds  2.5477213028327195 1.1368970013037814 7.7
151.9983787536621  seconds  2.5477213028327195 1.1368970013037814 5.7
149.15975308418274  seconds  2.5477213028327195 1.1368970013037814 15.600000000000001
153.79049968719482  seconds  2.5477213028327195 1.1368970013037814 17.6
140.05511784553528  seconds  2.5477213028327195 1.1368970013037814 6.7
147.7717022895813  seconds  2.5477213028327195 1.1368970013037814 19.6
105.37693619728088  seconds  2.5477213028327195 1.1368970013037814 18.8
106.80154466629028  seconds  2.5477213028327195 1.1368970013037814 4.9
102.14058470726013  seconds  2.5477213028327195 1.1368970013037814 9.9
136.80708646774292  seconds  2.5477213028327195 1.1368970013037814 11.700000000000001
140.14058089256287  seconds  2.5477213028327195 1.1368970013037814 10.8
143.6078896522522  seconds  2.5477213028327195 1.1368970013037814 8.700000000000001
133.24354314804077  seconds  2.5477213028327195 1.1368970013037814 13.700000000000001
139.55089712142944  seconds  2.5477213028327195 1.1368970013037814 12.700000000000001
127.80521583557129  seconds  2.5477213028327195 1.1368970013037814 14.700000000000001
136.43505787849426  seconds  2.5477213028327195 1.1368970013037814 2.8000000000000003
95.4430603981018  seconds  2.5477213028327195 1.1368970013037814 18.900000000000002
135.38046097755432  seconds  2.5477213028327195 1.1368970013037814 16.7
128.0671694278717  seconds  2.5477213028327195 1.1368970013037814 5.800000000000001
134.9566683769226  seconds  2.5477213028327195 1.1368970013037814 3.8000000000000003
132.99021530151367  seconds  2.5477213028327195 1.1368970013037814 7.800000000000001
135.15170335769653  seconds  2.5477213028327195 1.1368970013037814 15.700000000000001
129.35142278671265  seconds  2.5477213028327195 1.1368970013037814 6.800000000000001
133.31642484664917  seconds  2.5477213028327195 1.1368970013037814 17.7
133.51426362991333  seconds  2.5477213028327195 1.1368970013037814 19.700000000000003
122.06560683250427  seconds  2.5477213028327195 1.1368970013037814 11.8
123.27446055412292  seconds  2.5477213028327195 1.1368970013037814 10.9
128.89833903312683  seconds  2.5477213028327195 1.1368970013037814 13.8
131.413147687912  seconds  2.5477213028327195 1.1368970013037814 8.8
122.81203603744507  seconds  2.5477213028327195 1.1368970013037814 12.8
123.60110521316528  seconds  2.5477213028327195 1.1368970013037814 14.8
130.03275656700134  seconds  2.5477213028327195 1.1368970013037814 2.9000000000000004
119.84258913993835  seconds  2.5477213028327195 1.1368970013037814 16.8
115.7977077960968  seconds  2.5477213028327195 1.1368970013037814 5.9
118.33005452156067  seconds  2.5477213028327195 1.1368970013037814 3.9000000000000004
120.53368473052979  seconds  2.5477213028327195 1.1368970013037814 7.9
116.85710096359253  seconds  2.5477213028327195 1.1368970013037814 17.8
122.96420311927795  seconds  2.5477213028327195 1.1368970013037814 6.9
118.12380194664001  seconds  2.5477213028327195 1.1368970013037814 19.8
126.14454364776611  seconds  2.5477213028327195 1.1368970013037814 15.8
118.86797833442688  seconds  2.5477213028327195 1.1368970013037814 11.9
109.92237043380737  seconds  2.5477213028327195 1.1368970013037814 8.9
111.51539421081543  seconds  2.5477213028327195 1.1368970013037814 13.9
102.9784643650055  seconds  2.5477213028327195 1.1368970013037814 12.9
110.2476921081543  seconds  2.5477213028327195 1.1368970013037814 14.9
103.79647517204285  seconds  2.5477213028327195 1.1368970013037814 16.900000000000002
96.03667259216309  seconds  2.5477213028327195 1.1368970013037814 17.900000000000002
96.43211627006531  seconds  2.5477213028327195 1.1368970013037814 19.900000000000002
96.79628944396973  seconds  2.5477213028327195 1.1368970013037814 15.9
time for calc.... 1507.3717443943024
 plotting data from the run ...
saving data from the run ...
energy at the point.. 2.4372546507317705 1.4115601912212083  is  1.07841213363713e-05
the angle is  0.5249549448529208
200 the fermi surface points 10 chunk numtheads
starting with calculation of Sigma
102.28066420555115  seconds  2.4372546507317705 1.4115601912212083 0.0
101.5241060256958  seconds  2.4372546507317705 1.4115601912212083 1.0
98.83698344230652  seconds  2.4372546507317705 1.4115601912212083 2.0
104.12605595588684  seconds  2.4372546507317705 1.4115601912212083 3.0
109.20073986053467  seconds  2.4372546507317705 1.4115601912212083 4.0
105.29255390167236  seconds  2.4372546507317705 1.4115601912212083 5.0
107.74940919876099  seconds  2.4372546507317705 1.4115601912212083 6.0
108.35504412651062  seconds  2.4372546507317705 1.4115601912212083 7.0
113.31812310218811  seconds  2.4372546507317705 1.4115601912212083 8.0
114.50334405899048  seconds  2.4372546507317705 1.4115601912212083 9.0
115.23977899551392  seconds  2.4372546507317705 1.4115601912212083 10.0
113.7969617843628  seconds  2.4372546507317705 1.4115601912212083 11.0
121.8866012096405  seconds  2.4372546507317705 1.4115601912212083 12.0
120.04140067100525  seconds  2.4372546507317705 1.4115601912212083 13.0
121.47359657287598  seconds  2.4372546507317705 1.4115601912212083 14.0
122.73235058784485  seconds  2.4372546507317705 1.4115601912212083 0.1
121.95924663543701  seconds  2.4372546507317705 1.4115601912212083 1.1
126.9974250793457  seconds  2.4372546507317705 1.4115601912212083 15.0
127.59088063240051  seconds  2.4372546507317705 1.4115601912212083 2.1
119.04067707061768  seconds  2.4372546507317705 1.4115601912212083 3.1
130.65112257003784  seconds  2.4372546507317705 1.4115601912212083 16.0
128.29498267173767  seconds  2.4372546507317705 1.4115601912212083 17.0
121.29865980148315  seconds  2.4372546507317705 1.4115601912212083 4.1000000000000005
118.52471351623535  seconds  2.4372546507317705 1.4115601912212083 19.0
128.07297563552856  seconds  2.4372546507317705 1.4115601912212083 5.1000000000000005
133.08250260353088  seconds  2.4372546507317705 1.4115601912212083 18.0
137.00314712524414  seconds  2.4372546507317705 1.4115601912212083 6.1000000000000005
120.91851425170898  seconds  2.4372546507317705 1.4115601912212083 8.1
134.1772804260254  seconds  2.4372546507317705 1.4115601912212083 7.1000000000000005
122.15057444572449  seconds  2.4372546507317705 1.4115601912212083 10.100000000000001
134.27118158340454  seconds  2.4372546507317705 1.4115601912212083 9.1
120.16623282432556  seconds  2.4372546507317705 1.4115601912212083 11.100000000000001
120.66562676429749  seconds  2.4372546507317705 1.4115601912212083 12.100000000000001
117.72791171073914  seconds  2.4372546507317705 1.4115601912212083 14.100000000000001
119.43545770645142  seconds  2.4372546507317705 1.4115601912212083 0.2
135.5501470565796  seconds  2.4372546507317705 1.4115601912212083 13.100000000000001
115.99122309684753  seconds  2.4372546507317705 1.4115601912212083 3.2
131.16564273834229  seconds  2.4372546507317705 1.4115601912212083 1.2000000000000002
130.56421637535095  seconds  2.4372546507317705 1.4115601912212083 15.100000000000001
129.92132139205933  seconds  2.4372546507317705 1.4115601912212083 2.2
120.84038162231445  seconds  2.4372546507317705 1.4115601912212083 4.2
125.7438600063324  seconds  2.4372546507317705 1.4115601912212083 17.1
118.3002073764801  seconds  2.4372546507317705 1.4115601912212083 19.1
133.8273503780365  seconds  2.4372546507317705 1.4115601912212083 16.1
128.98205518722534  seconds  2.4372546507317705 1.4115601912212083 18.1
140.2255847454071  seconds  2.4372546507317705 1.4115601912212083 5.2
117.88756084442139  seconds  2.4372546507317705 1.4115601912212083 8.200000000000001
131.80117559432983  seconds  2.4372546507317705 1.4115601912212083 6.2
112.09913110733032  seconds  2.4372546507317705 1.4115601912212083 11.200000000000001
120.67981314659119  seconds  2.4372546507317705 1.4115601912212083 10.200000000000001
140.62437772750854  seconds  2.4372546507317705 1.4115601912212083 7.2
116.84231901168823  seconds  2.4372546507317705 1.4115601912212083 12.200000000000001
139.26514077186584  seconds  2.4372546507317705 1.4115601912212083 9.200000000000001
116.53812956809998  seconds  2.4372546507317705 1.4115601912212083 14.200000000000001
115.50612163543701  seconds  2.4372546507317705 1.4115601912212083 0.30000000000000004
119.75496506690979  seconds  2.4372546507317705 1.4115601912212083 3.3000000000000003
140.26276087760925  seconds  2.4372546507317705 1.4115601912212083 13.200000000000001
117.4761209487915  seconds  2.4372546507317705 1.4115601912212083 4.3
141.83157396316528  seconds  2.4372546507317705 1.4115601912212083 1.3
136.14927434921265  seconds  2.4372546507317705 1.4115601912212083 2.3000000000000003
139.76728534698486  seconds  2.4372546507317705 1.4115601912212083 15.200000000000001
136.87593793869019  seconds  2.4372546507317705 1.4115601912212083 17.2
136.96921062469482  seconds  2.4372546507317705 1.4115601912212083 19.200000000000003
135.57116413116455  seconds  2.4372546507317705 1.4115601912212083 16.2
112.7540352344513  seconds  2.4372546507317705 1.4115601912212083 8.3
107.61695957183838  seconds  2.4372546507317705 1.4115601912212083 11.3
137.7444293498993  seconds  2.4372546507317705 1.4115601912212083 18.2
114.10065960884094  seconds  2.4372546507317705 1.4115601912212083 10.3
146.29588437080383  seconds  2.4372546507317705 1.4115601912212083 5.300000000000001
137.4217758178711  seconds  2.4372546507317705 1.4115601912212083 6.300000000000001
112.80463695526123  seconds  2.4372546507317705 1.4115601912212083 12.3
106.80037832260132  seconds  2.4372546507317705 1.4115601912212083 0.4
110.81638741493225  seconds  2.4372546507317705 1.4115601912212083 14.3
136.48410749435425  seconds  2.4372546507317705 1.4115601912212083 7.300000000000001
109.9294171333313  seconds  2.4372546507317705 1.4115601912212083 3.4000000000000004
143.6157467365265  seconds  2.4372546507317705 1.4115601912212083 9.3
111.38905072212219  seconds  2.4372546507317705 1.4115601912212083 4.4
136.42012286186218  seconds  2.4372546507317705 1.4115601912212083 13.3
111.82751727104187  seconds  2.4372546507317705 1.4115601912212083 8.4
128.22520971298218  seconds  2.4372546507317705 1.4115601912212083 15.3
105.03254055976868  seconds  2.4372546507317705 1.4115601912212083 11.4
137.35944414138794  seconds  2.4372546507317705 1.4115601912212083 1.4000000000000001
146.31686902046204  seconds  2.4372546507317705 1.4115601912212083 2.4000000000000004
136.57906675338745  seconds  2.4372546507317705 1.4115601912212083 17.3
117.09399652481079  seconds  2.4372546507317705 1.4115601912212083 10.4
142.87155413627625  seconds  2.4372546507317705 1.4115601912212083 19.3
144.37430000305176  seconds  2.4372546507317705 1.4115601912212083 16.3
134.73976063728333  seconds  2.4372546507317705 1.4115601912212083 18.3
113.23393487930298  seconds  2.4372546507317705 1.4115601912212083 12.4
115.31889033317566  seconds  2.4372546507317705 1.4115601912212083 0.5
116.75336337089539  seconds  2.4372546507317705 1.4115601912212083 14.4
137.26906991004944  seconds  2.4372546507317705 1.4115601912212083 5.4
140.4970738887787  seconds  2.4372546507317705 1.4115601912212083 6.4
133.6875855922699  seconds  2.4372546507317705 1.4115601912212083 7.4
115.41842079162598  seconds  2.4372546507317705 1.4115601912212083 4.5
139.2278242111206  seconds  2.4372546507317705 1.4115601912212083 3.5
141.56781816482544  seconds  2.4372546507317705 1.4115601912212083 9.4
107.85023546218872  seconds  2.4372546507317705 1.4115601912212083 11.5
114.65085530281067  seconds  2.4372546507317705 1.4115601912212083 8.5
133.60461711883545  seconds  2.4372546507317705 1.4115601912212083 15.4
143.47080039978027  seconds  2.4372546507317705 1.4115601912212083 13.4
112.072194814682  seconds  2.4372546507317705 1.4115601912212083 10.5
137.6715636253357  seconds  2.4372546507317705 1.4115601912212083 1.5
131.26230573654175  seconds  2.4372546507317705 1.4115601912212083 17.400000000000002
113.51712846755981  seconds  2.4372546507317705 1.4115601912212083 12.5
111.23735642433167  seconds  2.4372546507317705 1.4115601912212083 0.6000000000000001
144.53526091575623  seconds  2.4372546507317705 1.4115601912212083 2.5
139.29137349128723  seconds  2.4372546507317705 1.4115601912212083 19.400000000000002
117.9657416343689  seconds  2.4372546507317705 1.4115601912212083 14.5
141.6976923942566  seconds  2.4372546507317705 1.4115601912212083 16.400000000000002
140.64228630065918  seconds  2.4372546507317705 1.4115601912212083 18.400000000000002
134.66255164146423  seconds  2.4372546507317705 1.4115601912212083 6.5
112.7971568107605  seconds  2.4372546507317705 1.4115601912212083 4.6000000000000005
147.44990944862366  seconds  2.4372546507317705 1.4115601912212083 5.5
143.63740849494934  seconds  2.4372546507317705 1.4115601912212083 7.5
105.7864043712616  seconds  2.4372546507317705 1.4115601912212083 11.600000000000001
108.35867357254028  seconds  2.4372546507317705 1.4115601912212083 8.6
141.6329734325409  seconds  2.4372546507317705 1.4115601912212083 3.6
142.00295734405518  seconds  2.4372546507317705 1.4115601912212083 9.5
107.99411797523499  seconds  2.4372546507317705 1.4115601912212083 10.600000000000001
107.23424315452576  seconds  2.4372546507317705 1.4115601912212083 12.600000000000001
109.41374969482422  seconds  2.4372546507317705 1.4115601912212083 0.7000000000000001
141.50158286094666  seconds  2.4372546507317705 1.4115601912212083 13.5
112.05200409889221  seconds  2.4372546507317705 1.4115601912212083 14.600000000000001
146.8530912399292  seconds  2.4372546507317705 1.4115601912212083 15.5
140.34346771240234  seconds  2.4372546507317705 1.4115601912212083 1.6
145.72889232635498  seconds  2.4372546507317705 1.4115601912212083 17.5
135.57703018188477  seconds  2.4372546507317705 1.4115601912212083 19.5
145.37534880638123  seconds  2.4372546507317705 1.4115601912212083 2.6
107.16264319419861  seconds  2.4372546507317705 1.4115601912212083 4.7
142.64232516288757  seconds  2.4372546507317705 1.4115601912212083 18.5
104.43029952049255  seconds  2.4372546507317705 1.4115601912212083 11.700000000000001
153.87687993049622  seconds  2.4372546507317705 1.4115601912212083 16.5
105.99291372299194  seconds  2.4372546507317705 1.4115601912212083 8.700000000000001
142.8630781173706  seconds  2.4372546507317705 1.4115601912212083 6.6000000000000005
141.67366003990173  seconds  2.4372546507317705 1.4115601912212083 7.6000000000000005
109.29574513435364  seconds  2.4372546507317705 1.4115601912212083 10.700000000000001
153.28998398780823  seconds  2.4372546507317705 1.4115601912212083 5.6000000000000005
109.31057643890381  seconds  2.4372546507317705 1.4115601912212083 12.700000000000001
116.2629246711731  seconds  2.4372546507317705 1.4115601912212083 0.8
149.11524772644043  seconds  2.4372546507317705 1.4115601912212083 3.7
149.02452421188354  seconds  2.4372546507317705 1.4115601912212083 9.600000000000001
110.85508704185486  seconds  2.4372546507317705 1.4115601912212083 4.800000000000001
139.07199883460999  seconds  2.4372546507317705 1.4115601912212083 15.600000000000001
145.58967471122742  seconds  2.4372546507317705 1.4115601912212083 13.600000000000001
138.42972826957703  seconds  2.4372546507317705 1.4115601912212083 1.7000000000000002
142.7952082157135  seconds  2.4372546507317705 1.4115601912212083 14.700000000000001
101.93164372444153  seconds  2.4372546507317705 1.4115601912212083 11.8
140.98644042015076  seconds  2.4372546507317705 1.4115601912212083 17.6
112.53471732139587  seconds  2.4372546507317705 1.4115601912212083 8.8
138.8868591785431  seconds  2.4372546507317705 1.4115601912212083 19.6
150.0848286151886  seconds  2.4372546507317705 1.4115601912212083 2.7
145.51715183258057  seconds  2.4372546507317705 1.4115601912212083 18.6
109.66820669174194  seconds  2.4372546507317705 1.4115601912212083 10.8
141.77686023712158  seconds  2.4372546507317705 1.4115601912212083 16.6
108.66635465621948  seconds  2.4372546507317705 1.4115601912212083 12.8
142.06857299804688  seconds  2.4372546507317705 1.4115601912212083 6.7
150.75805044174194  seconds  2.4372546507317705 1.4115601912212083 7.7
147.7926607131958  seconds  2.4372546507317705 1.4115601912212083 5.7
105.23638796806335  seconds  2.4372546507317705 1.4115601912212083 11.9
110.07862377166748  seconds  2.4372546507317705 1.4115601912212083 4.9
146.0619020462036  seconds  2.4372546507317705 1.4115601912212083 0.9
146.9616367816925  seconds  2.4372546507317705 1.4115601912212083 3.8000000000000003
142.0088427066803  seconds  2.4372546507317705 1.4115601912212083 9.700000000000001
107.12830233573914  seconds  2.4372546507317705 1.4115601912212083 8.9
142.21223831176758  seconds  2.4372546507317705 1.4115601912212083 13.700000000000001
142.8316786289215  seconds  2.4372546507317705 1.4115601912212083 14.8
145.65784668922424  seconds  2.4372546507317705 1.4115601912212083 1.8
148.83662748336792  seconds  2.4372546507317705 1.4115601912212083 15.700000000000001
106.06983971595764  seconds  2.4372546507317705 1.4115601912212083 10.9
134.45176434516907  seconds  2.4372546507317705 1.4115601912212083 19.700000000000003
101.42785835266113  seconds  2.4372546507317705 1.4115601912212083 12.9
144.24073910713196  seconds  2.4372546507317705 1.4115601912212083 17.7
133.32291793823242  seconds  2.4372546507317705 1.4115601912212083 2.8000000000000003
127.50319218635559  seconds  2.4372546507317705 1.4115601912212083 16.7
138.6613895893097  seconds  2.4372546507317705 1.4115601912212083 18.7
132.62102270126343  seconds  2.4372546507317705 1.4115601912212083 6.800000000000001
129.59037232398987  seconds  2.4372546507317705 1.4115601912212083 7.800000000000001
129.91910409927368  seconds  2.4372546507317705 1.4115601912212083 5.800000000000001
126.34662675857544  seconds  2.4372546507317705 1.4115601912212083 3.9000000000000004
126.04884767532349  seconds  2.4372546507317705 1.4115601912212083 9.8
117.12332129478455  seconds  2.4372546507317705 1.4115601912212083 14.9
115.96553015708923  seconds  2.4372546507317705 1.4115601912212083 15.8
120.59443044662476  seconds  2.4372546507317705 1.4115601912212083 13.8
116.87814831733704  seconds  2.4372546507317705 1.4115601912212083 1.9000000000000001
119.82310461997986  seconds  2.4372546507317705 1.4115601912212083 19.8
111.04225587844849  seconds  2.4372546507317705 1.4115601912212083 2.9000000000000004
122.31184434890747  seconds  2.4372546507317705 1.4115601912212083 17.8
113.49306201934814  seconds  2.4372546507317705 1.4115601912212083 16.8
109.66477823257446  seconds  2.4372546507317705 1.4115601912212083 18.8
110.364098072052  seconds  2.4372546507317705 1.4115601912212083 6.9
107.53144311904907  seconds  2.4372546507317705 1.4115601912212083 7.9
111.31817507743835  seconds  2.4372546507317705 1.4115601912212083 5.9
103.29890394210815  seconds  2.4372546507317705 1.4115601912212083 9.9
99.2689859867096  seconds  2.4372546507317705 1.4115601912212083 15.9
101.37307572364807  seconds  2.4372546507317705 1.4115601912212083 13.9
97.93048214912415  seconds  2.4372546507317705 1.4115601912212083 19.900000000000002
94.07076072692871  seconds  2.4372546507317705 1.4115601912212083 17.900000000000002
97.33139157295227  seconds  2.4372546507317705 1.4115601912212083 16.900000000000002
95.41027593612671  seconds  2.4372546507317705 1.4115601912212083 18.900000000000002
time for calc.... 1452.9062798023224
 plotting data from the run ...
saving data from the run ...
92095.37user 31866.73system 2:09:56elapsed 1589%CPU (0avgtext+0avgdata 21653280maxresident)k
11466336inputs+129912outputs (278915major+592788380minor)pagefaults 0swaps
