reading lattice from... ./Lattices/sqKgridX8000.npy
reading lattice from... ./Lattices/sqKgridY8000.npy
starting sampling in reciprocal space....
 finished sampling in reciprocal space.... 0.07261085510253906
started calculating filling for chemical potential and dispersion parameters TB_single_band..
reading lattice from... ./Lattices/KgridX400.npy
reading lattice from... ./Lattices/KgridY400.npy
reading lattice from... ./Lattices/KgridX400.npy
reading lattice from... ./Lattices/KgridY400.npy
finished calculating filling for chemical potential
Filling: 0.5021914101708863 .... chemical potential: 29.41164495334965
the fermi velocity is rough 141.4672589743371
The fermi energy in mev is: 3064.1164088176356, and in units of J: 296.3362097502549, the bandwidth is:494.39071566731144
reading lattice from... ./Lattices/KgridX8000.npy
reading lattice from... ./Lattices/KgridY8000.npy
reading lattice from... ./Lattices/sqKgridX8000.npy
reading lattice from... ./Lattices/sqKgridY8000.npy
energy at the point.. 2.612699153466239 0.5406345067362022  is  7.400112771449585e-06
the angle is  0.20404589651971108
20 the fermi surface points 4 chunk numtheads
starting with calculation of Sigma
172.42481136322021  seconds  2.612699153466239 0.5406345067362022 0.5
173.5841498374939  seconds  2.724999792452247 0.543565534643328 0.5
176.68838047981262  seconds  2.8373004314382544 0.546496562550454 0.5
175.71175360679626  seconds  2.9496010704242623 0.5494275904575798 0.5
178.94948267936707  seconds  3.0619017094102703 0.5523586183647058 0.5
176.68750381469727  seconds  2.640774313212741 0.5413672637129836 0.5
173.7436773777008  seconds  2.7530749521987485 0.5442982916201096 0.5
174.7326397895813  seconds  2.8653755911847565 0.5472293195272354 0.5
176.51803922653198  seconds  2.9776762301707644 0.5501603474343614 0.5
176.17835068702698  seconds  3.0899768691567724 0.5530913753414872 0.5
177.0332055091858  seconds  2.6688494729592427 0.5421000206897651 0.5
182.5393533706665  seconds  2.7811501119452506 0.545031048596891 0.5
176.31267666816711  seconds  2.8934507509312586 0.5479620765040168 0.5
178.66718006134033  seconds  3.0057513899172665 0.5508931044111428 0.5
180.46144938468933  seconds  3.118052028903274 0.5538241323182687 0.5
177.67492651939392  seconds  2.696924632705745 0.5428327776665466 0.5
182.75467538833618  seconds  2.8092252716917527 0.5457638055736724 0.5
177.5132143497467  seconds  2.9215259106777607 0.5486948334807984 0.5
175.66301369667053  seconds  3.033826549663768 0.5516258613879242 0.5
173.02415347099304  seconds  3.146127188649776 0.5545568892950502 0.5
time for calc.... 775.3197515010834
 plotting data from the run ...
saving data from the run ...
energy at the point.. 2.5966539165555025 0.8378965667101266  is  1.0400959698841916e-05
the angle is  0.3121349978541341
20 the fermi surface points 4 chunk numtheads
starting with calculation of Sigma
156.21895742416382  seconds  2.711048550214725 0.8484888458529057 0.5
171.65237140655518  seconds  2.5966539165555025 0.8378965667101266 0.5
172.63627886772156  seconds  2.8254431838739467 0.8590811249956848 0.5
179.224285364151  seconds  2.939837817533169 0.869673404138464 0.5
172.6195182800293  seconds  3.054232451192391 0.8802656832812431 0.5
163.09156370162964  seconds  2.7396472086295303 0.8511369156386005 0.5
174.1553018093109  seconds  2.625252574970308 0.8405446364958213 0.5
173.1464328765869  seconds  2.854041842288752 0.8617291947813797 0.5
171.6868393421173  seconds  2.9684364759479744 0.8723214739241587 0.5
172.42384672164917  seconds  3.0828311096071968 0.8829137530669379 0.5
156.4167468547821  seconds  2.7682458670443357 0.8537849854242953 0.5
171.19432592391968  seconds  2.6538512333851134 0.8431927062815161 0.5
171.8370931148529  seconds  2.882640500703558 0.8643772645670744 0.5
173.49201440811157  seconds  2.99703513436278 0.8749695437098536 0.5
175.32323956489563  seconds  3.111429768022002 0.8855618228526326 0.5
162.01166796684265  seconds  2.796844525459141 0.85643305520999 0.5
174.0382697582245  seconds  2.682449891799919 0.845840776067211 0.5
172.97088980674744  seconds  2.9112391591183635 0.8670253343527692 0.5
177.10461282730103  seconds  3.0256337927775854 0.8776176134955483 0.5
170.3331651687622  seconds  3.1400284264368077 0.8882098926383275 0.5
time for calc.... 760.1613998413086
 plotting data from the run ...
saving data from the run ...
energy at the point.. 2.5477213028327195 1.1368970013037814  is  9.295332997538708e-06
the angle is  0.4197233160056505
20 the fermi surface points 4 chunk numtheads
starting with calculation of Sigma
174.3882327079773  seconds  2.5477213028327195 1.1368970013037814 0.5
181.40876722335815  seconds  2.661467173670395 1.166235293307673 0.5
175.54185676574707  seconds  2.7752130445080705 1.1955735853115645 0.5
177.23859238624573  seconds  2.8889589153457456 1.2249118773154561 0.5
177.36754250526428  seconds  3.002704786183421 1.2542501693193477 0.5
175.4926962852478  seconds  2.5761577705421383 1.1442315743047542 0.5
182.01798486709595  seconds  2.689903641379814 1.1735698663086458 0.5
177.16041254997253  seconds  2.803649512217489 1.2029081583125374 0.5
176.82776975631714  seconds  2.9173953830551644 1.232246450316429 0.5
176.59446048736572  seconds  3.03114125389284 1.2615847423203206 0.5
179.4623453617096  seconds  2.6045942382515572 1.151566147305727 0.5
177.63613963127136  seconds  2.832085979926908 1.2102427313135102 0.5
183.52451491355896  seconds  2.7183401090892327 1.1809044393096186 0.5
178.5899956226349  seconds  2.9458318507645833 1.2395810233174018 0.5
175.7042896747589  seconds  3.059577721602259 1.2689193153212934 0.5
178.168110370636  seconds  2.633030705960976 1.1589007203067 0.5
177.0775671005249  seconds  2.8605224476363267 1.2175773043144833 0.5
182.57016468048096  seconds  2.7467765767986516 1.1882390123105917 0.5
175.7034158706665  seconds  2.974268318474002 1.2469155963183747 0.5
174.8687710762024  seconds  3.0880141893116777 1.2762538883222663 0.5
time for calc.... 767.8672115802765
 plotting data from the run ...
saving data from the run ...
energy at the point.. 2.4372546507317705 1.4115601912212083  is  1.07841213363713e-05
the angle is  0.5249549448529208
20 the fermi surface points 4 chunk numtheads
starting with calculation of Sigma
170.39696526527405  seconds  2.4372546507317705 1.4115601912212083 0.5
172.42009806632996  seconds  2.539721696474669 1.4712597640507685 0.5
167.25031232833862  seconds  2.6421887422175674 1.5309593368803287 0.5
163.99508953094482  seconds  2.744655787960466 1.5906589097098889 0.5
171.41773462295532  seconds  2.8471228337033647 1.6503584825394488 0.5
173.2479681968689  seconds  2.462871412167495 1.4264850844285983 0.5
156.9617576599121  seconds  2.7702725493961906 1.6055838029172789 0.5
175.8021948337555  seconds  2.5653384579103937 1.4861846572581585 0.5
175.2738173007965  seconds  2.667805503653292 1.5458842300877187 0.5
171.26057982444763  seconds  2.8727395951390893 1.665283375746839 0.5
156.10324025154114  seconds  2.795889310831915 1.6205086961246689 0.5
172.91818475723267  seconds  2.4884881736032196 1.4414099776359883 0.5
174.00684332847595  seconds  2.5909552193461183 1.5011095504655485 0.5
173.665625333786  seconds  2.693422265089017 1.5608091232951087 0.5
172.11513137817383  seconds  2.898356356574814 1.680208268954229 0.5
177.98727107048035  seconds  2.514104935038944 1.4563348708433785 0.5
181.0646390914917  seconds  2.8215060722676397 1.6354335893320588 0.5
177.12708806991577  seconds  2.616571980781843 1.5160344436729387 0.5
176.06259298324585  seconds  2.7190390265247415 1.5757340165024987 0.5
174.99026942253113  seconds  2.9239731180105384 1.695133162161619 0.5
time for calc.... 752.3451769351959
 plotting data from the run ...
saving data from the run ...
11344.66user 2897.15system 51:15.00elapsed 463%CPU (0avgtext+0avgdata 38258876maxresident)k
0inputs+127128outputs (257major+129360261minor)pagefaults 0swaps
