reading lattice from... ./Lattices/sqKgridX100.npy
reading lattice from... ./Lattices/sqKgridY100.npy
started calculating filling for chemical potential and dispersion parameters TB_single_band..
reading lattice from... ./Lattices/KgridX400.npy
reading lattice from... ./Lattices/KgridY400.npy
reading lattice from... ./Lattices/KgridX400.npy
reading lattice from... ./Lattices/KgridY400.npy
finished calculating filling for chemical potential
Filling: 0.5021914101708863 .... chemical potential: 29.41164495334965
dispersion params: 54.93230174081238 	 -10.444874274661508
The fermi energy in mev is: 3064.1164088176356, and in units of J: 296.3362097502549, the bandwidth is:494.39071566731144
reading lattice from... ./Lattices/KgridX2000.npy
reading lattice from... ./Lattices/KgridY2000.npy
reading lattice from... ./Lattices/sqKgridX2000.npy
reading lattice from... ./Lattices/sqKgridY2000.npy
412 the fermi surface points 9 numtheads
starting with calculation of Sigma
10.387226343154907  seconds  1.9849630595393304 1.8569733050797659 0.001
10.829626560211182  seconds  1.9849630595393304 1.8569733050797659 1.6372727272727272
10.909519672393799  seconds  1.9849630595393304 1.8569733050797659 3.2735454545454545
10.690173625946045  seconds  1.9849630595393304 1.8569733050797659 4.909818181818182
10.90117335319519  seconds  1.9849630595393304 1.8569733050797659 6.54609090909091
11.152755498886108  seconds  1.9849630595393304 1.8569733050797659 8.182363636363636
10.76153016090393  seconds  1.9849630595393304 1.8569733050797659 11.45490909090909
11.404650688171387  seconds  1.9849630595393304 1.8569733050797659 9.818636363636363
11.008026361465454  seconds  1.9849630595393304 1.8569733050797659 13.091181818181818
10.953388929367065  seconds  1.9849630595393304 1.8569733050797659 14.727454545454545
10.866349697113037  seconds  1.9849630595393304 1.8569733050797659 16.363727272727274
10.460094928741455  seconds  1.9849630595393304 1.8569733050797659 18.0
11.733843326568604  seconds  1.9849630595393304 1.8569733050797659 0.1828080808080808
10.9805428981781  seconds  1.9849630595393304 1.8569733050797659 1.819080808080808
11.070924043655396  seconds  1.9849630595393304 1.8569733050797659 3.4553535353535354
10.827269077301025  seconds  1.9849630595393304 1.8569733050797659 5.091626262626263
10.730209827423096  seconds  1.9849630595393304 1.8569733050797659 6.72789898989899
10.712177038192749  seconds  1.9849630595393304 1.8569733050797659 8.364171717171716
11.249895095825195  seconds  1.9849630595393304 1.8569733050797659 11.636717171717171
11.496084928512573  seconds  1.9849630595393304 1.8569733050797659 10.000444444444444
11.051865339279175  seconds  1.9849630595393304 1.8569733050797659 13.272989898989898
10.8321692943573  seconds  1.9849630595393304 1.8569733050797659 14.909262626262626
10.666357517242432  seconds  1.9849630595393304 1.8569733050797659 16.545535353535353
10.912226915359497  seconds  1.9849630595393304 1.8569733050797659 0.3646161616161616
10.931005716323853  seconds  1.9849630595393304 1.8569733050797659 2.000888888888889
11.050952196121216  seconds  1.9849630595393304 1.8569733050797659 3.6371616161616163
11.07463550567627  seconds  1.9849630595393304 1.8569733050797659 5.273434343434344
11.020380020141602  seconds  1.9849630595393304 1.8569733050797659 6.909707070707071
10.727958679199219  seconds  1.9849630595393304 1.8569733050797659 8.545979797979797
11.188929080963135  seconds  1.9849630595393304 1.8569733050797659 11.818525252525252
11.015786170959473  seconds  1.9849630595393304 1.8569733050797659 10.182252525252524
10.98276972770691  seconds  1.9849630595393304 1.8569733050797659 13.454797979797979
10.802323818206787  seconds  1.9849630595393304 1.8569733050797659 15.091070707070706
10.94271731376648  seconds  1.9849630595393304 1.8569733050797659 16.727343434343435
10.935218811035156  seconds  1.9849630595393304 1.8569733050797659 0.5464242424242424
11.062541723251343  seconds  1.9849630595393304 1.8569733050797659 2.1826969696969694
11.111867666244507  seconds  1.9849630595393304 1.8569733050797659 3.8189696969696967
11.096226453781128  seconds  1.9849630595393304 1.8569733050797659 5.4552424242424244
10.86722445487976  seconds  1.9849630595393304 1.8569733050797659 7.091515151515152
10.747450828552246  seconds  1.9849630595393304 1.8569733050797659 8.727787878787877
11.116037607192993  seconds  1.9849630595393304 1.8569733050797659 12.000333333333332
11.046038389205933  seconds  1.9849630595393304 1.8569733050797659 10.364060606060605
11.071589231491089  seconds  1.9849630595393304 1.8569733050797659 13.63660606060606
10.924151182174683  seconds  1.9849630595393304 1.8569733050797659 15.272878787878787
10.843948125839233  seconds  1.9849630595393304 1.8569733050797659 16.909151515151517
10.836329221725464  seconds  1.9849630595393304 1.8569733050797659 0.7282323232323232
11.036151885986328  seconds  1.9849630595393304 1.8569733050797659 2.36450505050505
11.184846878051758  seconds  1.9849630595393304 1.8569733050797659 5.637050505050506
11.444468021392822  seconds  1.9849630595393304 1.8569733050797659 4.0007777777777775
11.174767255783081  seconds  1.9849630595393304 1.8569733050797659 7.273323232323233
11.038378238677979  seconds  1.9849630595393304 1.8569733050797659 8.90959595959596
10.96765685081482  seconds  1.9849630595393304 1.8569733050797659 10.545868686868687
11.158337593078613  seconds  1.9849630595393304 1.8569733050797659 12.182141414141414
11.047160625457764  seconds  1.9849630595393304 1.8569733050797659 13.818414141414141
11.061798095703125  seconds  1.9849630595393304 1.8569733050797659 15.454686868686869
11.028953075408936  seconds  1.9849630595393304 1.8569733050797659 17.090959595959596
10.605680227279663  seconds  1.9849630595393304 1.8569733050797659 0.9100404040404041
10.608797788619995  seconds  1.9849630595393304 1.8569733050797659 2.546313131313131
11.067816257476807  seconds  1.9849630595393304 1.8569733050797659 5.818858585858586
11.267756223678589  seconds  1.9849630595393304 1.8569733050797659 4.182585858585859
11.154996156692505  seconds  1.9849630595393304 1.8569733050797659 7.4551313131313135
11.117917537689209  seconds  1.9849630595393304 1.8569733050797659 9.09140404040404
11.024131298065186  seconds  1.9849630595393304 1.8569733050797659 10.727676767676767
11.117385625839233  seconds  1.9849630595393304 1.8569733050797659 12.363949494949495
11.139397859573364  seconds  1.9849630595393304 1.8569733050797659 14.000222222222222
11.083243370056152  seconds  1.9849630595393304 1.8569733050797659 15.63649494949495
11.15433406829834  seconds  1.9849630595393304 1.8569733050797659 17.27276767676768
10.72807502746582  seconds  1.9849630595393304 1.8569733050797659 1.0918484848484846
10.729690313339233  seconds  1.9849630595393304 1.8569733050797659 2.728121212121212
10.747320413589478  seconds  1.9849630595393304 1.8569733050797659 6.000666666666667
11.060876369476318  seconds  1.9849630595393304 1.8569733050797659 4.364393939393939
10.906129598617554  seconds  1.9849630595393304 1.8569733050797659 7.636939393939394
10.907702207565308  seconds  1.9849630595393304 1.8569733050797659 9.27321212121212
10.787200212478638  seconds  1.9849630595393304 1.8569733050797659 10.909484848484848
11.088919162750244  seconds  1.9849630595393304 1.8569733050797659 12.545757575757575
10.945385694503784  seconds  1.9849630595393304 1.8569733050797659 15.81830303030303
11.024381160736084  seconds  1.9849630595393304 1.8569733050797659 14.182030303030302
10.962934494018555  seconds  1.9849630595393304 1.8569733050797659 17.454575757575757
10.644135236740112  seconds  1.9849630595393304 1.8569733050797659 1.2736565656565655
10.80493450164795  seconds  1.9849630595393304 1.8569733050797659 2.909929292929293
10.758588790893555  seconds  1.9849630595393304 1.8569733050797659 6.182474747474748
11.025379419326782  seconds  1.9849630595393304 1.8569733050797659 4.546202020202021
11.083251953125  seconds  1.9849630595393304 1.8569733050797659 7.818747474747475
10.982372999191284  seconds  1.9849630595393304 1.8569733050797659 9.4550202020202
10.747774839401245  seconds  1.9849630595393304 1.8569733050797659 11.091292929292928
10.9753258228302  seconds  1.9849630595393304 1.8569733050797659 12.727565656565655
11.028079271316528  seconds  1.9849630595393304 1.8569733050797659 14.363838383838383
11.140379905700684  seconds  1.9849630595393304 1.8569733050797659 16.00011111111111
10.937432527542114  seconds  1.9849630595393304 1.8569733050797659 17.63638383838384
10.799651145935059  seconds  1.9849630595393304 1.8569733050797659 1.4554646464646463
10.72473955154419  seconds  1.9849630595393304 1.8569733050797659 3.0917373737373737
10.678090333938599  seconds  1.9849630595393304 1.8569733050797659 6.364282828282828
10.976566791534424  seconds  1.9849630595393304 1.8569733050797659 4.728010101010101
10.986782550811768  seconds  1.9849630595393304 1.8569733050797659 8.000555555555556
10.892640590667725  seconds  1.9849630595393304 1.8569733050797659 9.636828282828283
10.157332420349121  seconds  1.9849630595393304 1.8569733050797659 11.27310101010101
10.474351406097412  seconds  1.9849630595393304 1.8569733050797659 14.545646464646465
10.935034275054932  seconds  1.9849630595393304 1.8569733050797659 12.909373737373738
10.504260301589966  seconds  1.9849630595393304 1.8569733050797659 16.181919191919192
10.391161918640137  seconds  1.9849630595393304 1.8569733050797659 17.81819191919192
time for calc.... 104.9735951423645
Successfully created the directory dir_T_9.0_fit_SF_func_2021-11-09-22:08:35 
 plotting data from the run ...
saving data from the run ...
835.22user 275.07system 1:54.77elapsed 967%CPU (0avgtext+0avgdata 2981528maxresident)k
0inputs+528outputs (65major+9168914minor)pagefaults 0swaps
