reading lattice from... ./Lattices/sqKgridX6000.npy
reading lattice from... ./Lattices/sqKgridY6000.npy
starting sampling in reciprocal space....
 finished sampling in reciprocal space.... 0.07322192192077637
started calculating filling for chemical potential and dispersion parameters TB_single_band..
reading lattice from... ./Lattices/KgridX400.npy
reading lattice from... ./Lattices/KgridY400.npy
reading lattice from... ./Lattices/KgridX400.npy
reading lattice from... ./Lattices/KgridY400.npy
finished calculating filling for chemical potential
Filling: 0.5021914101708863 .... chemical potential: 29.41164495334965
The fermi energy in mev is: 3064.1164088176356, and in units of J: 296.3362097502549, the bandwidth is:494.39071566731144
reading lattice from... ./Lattices/KgridX6000.npy
reading lattice from... ./Lattices/KgridY6000.npy
reading lattice from... ./Lattices/sqKgridX6000.npy
reading lattice from... ./Lattices/sqKgridY6000.npy
energy at the point.. 2.616965833149795 -0.012168622338113444  is  4.813565695371835e-06
the angle is  -0.0046498637787463866
150 the fermi surface points 7 chunk numtheads
starting with calculation of Sigma
105.689936876297  seconds  2.616965833149795 -0.012168622338113444 0.0
106.77744817733765  seconds  2.616965833149795 -0.012168622338113444 0.7000000000000001
112.15026879310608  seconds  2.616965833149795 -0.012168622338113444 1.4000000000000001
117.36922574043274  seconds  2.616965833149795 -0.012168622338113444 2.1
123.68711471557617  seconds  2.616965833149795 -0.012168622338113444 2.8000000000000003
125.28919124603271  seconds  2.616965833149795 -0.012168622338113444 3.5
131.97639966011047  seconds  2.616965833149795 -0.012168622338113444 4.2
132.52913570404053  seconds  2.616965833149795 -0.012168622338113444 4.9
147.74680590629578  seconds  2.616965833149795 -0.012168622338113444 5.6000000000000005
140.43781328201294  seconds  2.616965833149795 -0.012168622338113444 6.300000000000001
155.92889857292175  seconds  2.616965833149795 -0.012168622338113444 7.0
164.32203221321106  seconds  2.616965833149795 -0.012168622338113444 7.7
177.9076795578003  seconds  2.616965833149795 -0.012168622338113444 8.4
187.13610005378723  seconds  2.616965833149795 -0.012168622338113444 9.1
184.4212670326233  seconds  2.616965833149795 -0.012168622338113444 0.1
188.80948543548584  seconds  2.616965833149795 -0.012168622338113444 9.8
190.42629623413086  seconds  2.616965833149795 -0.012168622338113444 0.8
190.84107303619385  seconds  2.616965833149795 -0.012168622338113444 10.5
197.5170726776123  seconds  2.616965833149795 -0.012168622338113444 11.200000000000001
204.79626202583313  seconds  2.616965833149795 -0.012168622338113444 1.5
202.0516848564148  seconds  2.616965833149795 -0.012168622338113444 11.9
198.0000865459442  seconds  2.616965833149795 -0.012168622338113444 2.2
199.1445574760437  seconds  2.616965833149795 -0.012168622338113444 12.600000000000001
196.74343490600586  seconds  2.616965833149795 -0.012168622338113444 2.9000000000000004
202.7232608795166  seconds  2.616965833149795 -0.012168622338113444 3.6
206.60528993606567  seconds  2.616965833149795 -0.012168622338113444 13.3
208.97622418403625  seconds  2.616965833149795 -0.012168622338113444 14.0
205.69986176490784  seconds  2.616965833149795 -0.012168622338113444 4.3
206.06996417045593  seconds  2.616965833149795 -0.012168622338113444 5.0
211.19183683395386  seconds  2.616965833149795 -0.012168622338113444 14.700000000000001
204.82438135147095  seconds  2.616965833149795 -0.012168622338113444 5.7
205.33389806747437  seconds  2.616965833149795 -0.012168622338113444 6.4
200.57532453536987  seconds  2.616965833149795 -0.012168622338113444 7.1000000000000005
197.77398538589478  seconds  2.616965833149795 -0.012168622338113444 7.800000000000001
213.26619410514832  seconds  2.616965833149795 -0.012168622338113444 8.5
206.64254236221313  seconds  2.616965833149795 -0.012168622338113444 9.200000000000001
201.32214522361755  seconds  2.616965833149795 -0.012168622338113444 9.9
205.02907967567444  seconds  2.616965833149795 -0.012168622338113444 0.2
208.37672877311707  seconds  2.616965833149795 -0.012168622338113444 0.9
208.66359329223633  seconds  2.616965833149795 -0.012168622338113444 10.600000000000001
203.68298435211182  seconds  2.616965833149795 -0.012168622338113444 11.3
200.55702662467957  seconds  2.616965833149795 -0.012168622338113444 1.6
206.94509315490723  seconds  2.616965833149795 -0.012168622338113444 12.0
207.33306646347046  seconds  2.616965833149795 -0.012168622338113444 2.3000000000000003
208.55516481399536  seconds  2.616965833149795 -0.012168622338113444 12.700000000000001
205.40455508232117  seconds  2.616965833149795 -0.012168622338113444 3.0
199.46555471420288  seconds  2.616965833149795 -0.012168622338113444 3.7
206.64589500427246  seconds  2.616965833149795 -0.012168622338113444 13.4
199.81653380393982  seconds  2.616965833149795 -0.012168622338113444 4.4
202.86884570121765  seconds  2.616965833149795 -0.012168622338113444 14.100000000000001
201.7712414264679  seconds  2.616965833149795 -0.012168622338113444 14.8
210.10035634040833  seconds  2.616965833149795 -0.012168622338113444 5.1000000000000005
205.0867931842804  seconds  2.616965833149795 -0.012168622338113444 6.5
206.92969727516174  seconds  2.616965833149795 -0.012168622338113444 5.800000000000001
211.56042981147766  seconds  2.616965833149795 -0.012168622338113444 7.2
211.38075613975525  seconds  2.616965833149795 -0.012168622338113444 7.9
210.12422227859497  seconds  2.616965833149795 -0.012168622338113444 8.6
207.8402705192566  seconds  2.616965833149795 -0.012168622338113444 9.3
206.27503967285156  seconds  2.616965833149795 -0.012168622338113444 0.30000000000000004
208.38680720329285  seconds  2.616965833149795 -0.012168622338113444 10.0
208.60856366157532  seconds  2.616965833149795 -0.012168622338113444 1.0
208.2962839603424  seconds  2.616965833149795 -0.012168622338113444 10.700000000000001
208.73918867111206  seconds  2.616965833149795 -0.012168622338113444 11.4
209.05544924736023  seconds  2.616965833149795 -0.012168622338113444 1.7000000000000002
203.93775177001953  seconds  2.616965833149795 -0.012168622338113444 12.100000000000001
208.81597089767456  seconds  2.616965833149795 -0.012168622338113444 2.4000000000000004
209.60638856887817  seconds  2.616965833149795 -0.012168622338113444 3.1
212.60185289382935  seconds  2.616965833149795 -0.012168622338113444 12.8
209.10685324668884  seconds  2.616965833149795 -0.012168622338113444 3.8000000000000003
205.77150893211365  seconds  2.616965833149795 -0.012168622338113444 13.5
204.45117831230164  seconds  2.616965833149795 -0.012168622338113444 4.5
208.81317281723022  seconds  2.616965833149795 -0.012168622338113444 14.200000000000001
203.12425804138184  seconds  2.616965833149795 -0.012168622338113444 5.2
212.98638916015625  seconds  2.616965833149795 -0.012168622338113444 14.9
203.39479064941406  seconds  2.616965833149795 -0.012168622338113444 5.9
204.8591136932373  seconds  2.616965833149795 -0.012168622338113444 6.6000000000000005
207.39530658721924  seconds  2.616965833149795 -0.012168622338113444 7.300000000000001
201.74132633209229  seconds  2.616965833149795 -0.012168622338113444 8.0
202.45907998085022  seconds  2.616965833149795 -0.012168622338113444 8.700000000000001
198.5533812046051  seconds  2.616965833149795 -0.012168622338113444 0.4
203.49991035461426  seconds  2.616965833149795 -0.012168622338113444 9.4
198.98491501808167  seconds  2.616965833149795 -0.012168622338113444 10.100000000000001
195.76227474212646  seconds  2.616965833149795 -0.012168622338113444 10.8
197.43106985092163  seconds  2.616965833149795 -0.012168622338113444 11.5
210.99442505836487  seconds  2.616965833149795 -0.012168622338113444 1.1
201.96756029129028  seconds  2.616965833149795 -0.012168622338113444 1.8
196.6002116203308  seconds  2.616965833149795 -0.012168622338113444 12.200000000000001
200.18075156211853  seconds  2.616965833149795 -0.012168622338113444 2.5
193.05923700332642  seconds  2.616965833149795 -0.012168622338113444 3.2
192.6338551044464  seconds  2.616965833149795 -0.012168622338113444 12.9
194.01016426086426  seconds  2.616965833149795 -0.012168622338113444 3.9000000000000004
195.20205402374268  seconds  2.616965833149795 -0.012168622338113444 13.600000000000001
189.18294596672058  seconds  2.616965833149795 -0.012168622338113444 14.3
199.11368417739868  seconds  2.616965833149795 -0.012168622338113444 4.6000000000000005
195.84800601005554  seconds  2.616965833149795 -0.012168622338113444 5.300000000000001
191.31598949432373  seconds  2.616965833149795 -0.012168622338113444 6.0
194.00532484054565  seconds  2.616965833149795 -0.012168622338113444 6.7
196.9458451271057  seconds  2.616965833149795 -0.012168622338113444 7.4
193.79487442970276  seconds  2.616965833149795 -0.012168622338113444 8.1
185.43935370445251  seconds  2.616965833149795 -0.012168622338113444 8.8
181.49003624916077  seconds  2.616965833149795 -0.012168622338113444 0.5
185.38306999206543  seconds  2.616965833149795 -0.012168622338113444 9.5
191.83596229553223  seconds  2.616965833149795 -0.012168622338113444 10.200000000000001
197.60586261749268  seconds  2.616965833149795 -0.012168622338113444 10.9
187.64565014839172  seconds  2.616965833149795 -0.012168622338113444 11.600000000000001
193.2485728263855  seconds  2.616965833149795 -0.012168622338113444 1.2000000000000002
186.74633288383484  seconds  2.616965833149795 -0.012168622338113444 12.3
187.7338104248047  seconds  2.616965833149795 -0.012168622338113444 1.9000000000000001
190.7626130580902  seconds  2.616965833149795 -0.012168622338113444 2.6
190.73666501045227  seconds  2.616965833149795 -0.012168622338113444 13.0
193.49308156967163  seconds  2.616965833149795 -0.012168622338113444 3.3000000000000003
185.53244352340698  seconds  2.616965833149795 -0.012168622338113444 4.0
195.26785516738892  seconds  2.616965833149795 -0.012168622338113444 13.700000000000001
195.88710522651672  seconds  2.616965833149795 -0.012168622338113444 14.4
193.48171257972717  seconds  2.616965833149795 -0.012168622338113444 4.7
189.1372036933899  seconds  2.616965833149795 -0.012168622338113444 5.4
194.49898862838745  seconds  2.616965833149795 -0.012168622338113444 6.1000000000000005
194.21165323257446  seconds  2.616965833149795 -0.012168622338113444 6.800000000000001
197.62315249443054  seconds  2.616965833149795 -0.012168622338113444 7.5
198.04709029197693  seconds  2.616965833149795 -0.012168622338113444 8.200000000000001
196.7080795764923  seconds  2.616965833149795 -0.012168622338113444 0.6000000000000001
193.02580165863037  seconds  2.616965833149795 -0.012168622338113444 9.600000000000001
206.54637718200684  seconds  2.616965833149795 -0.012168622338113444 8.9
190.85640287399292  seconds  2.616965833149795 -0.012168622338113444 10.3
185.76022577285767  seconds  2.616965833149795 -0.012168622338113444 11.700000000000001
191.27539777755737  seconds  2.616965833149795 -0.012168622338113444 11.0
193.76879453659058  seconds  2.616965833149795 -0.012168622338113444 1.3
194.79995369911194  seconds  2.616965833149795 -0.012168622338113444 12.4
196.41918873786926  seconds  2.616965833149795 -0.012168622338113444 2.0
189.0418164730072  seconds  2.616965833149795 -0.012168622338113444 2.7
188.06907439231873  seconds  2.616965833149795 -0.012168622338113444 13.100000000000001
190.73041915893555  seconds  2.616965833149795 -0.012168622338113444 3.4000000000000004
194.38190174102783  seconds  2.616965833149795 -0.012168622338113444 4.1000000000000005
184.2215657234192  seconds  2.616965833149795 -0.012168622338113444 13.8
177.71084761619568  seconds  2.616965833149795 -0.012168622338113444 4.800000000000001
181.2898006439209  seconds  2.616965833149795 -0.012168622338113444 14.5
174.61838293075562  seconds  2.616965833149795 -0.012168622338113444 5.5
168.55960249900818  seconds  2.616965833149795 -0.012168622338113444 6.9
174.7088384628296  seconds  2.616965833149795 -0.012168622338113444 6.2
152.62856245040894  seconds  2.616965833149795 -0.012168622338113444 8.3
158.11037373542786  seconds  2.616965833149795 -0.012168622338113444 7.6000000000000005
133.54201459884644  seconds  2.616965833149795 -0.012168622338113444 9.700000000000001
130.02424836158752  seconds  2.616965833149795 -0.012168622338113444 9.0
130.00339102745056  seconds  2.616965833149795 -0.012168622338113444 10.4
120.50741338729858  seconds  2.616965833149795 -0.012168622338113444 11.8
120.00999140739441  seconds  2.616965833149795 -0.012168622338113444 11.100000000000001
116.53443193435669  seconds  2.616965833149795 -0.012168622338113444 12.5
107.2983193397522  seconds  2.616965833149795 -0.012168622338113444 13.200000000000001
100.40948843955994  seconds  2.616965833149795 -0.012168622338113444 14.600000000000001
107.9739396572113  seconds  2.616965833149795 -0.012168622338113444 13.9
time for calc.... 1465.389024734497
 plotting data from the run ...
saving data from the run ...
energy at the point.. 2.61642751975197 0.2659713168187743  is  6.169288720769828e-06
the angle is  0.10130638257107663
150 the fermi surface points 7 chunk numtheads
starting with calculation of Sigma
102.04137372970581  seconds  2.61642751975197 0.2659713168187743 0.0
104.5725610256195  seconds  2.61642751975197 0.2659713168187743 0.7000000000000001
110.74776530265808  seconds  2.61642751975197 0.2659713168187743 1.4000000000000001
114.42718172073364  seconds  2.61642751975197 0.2659713168187743 2.1
123.21237421035767  seconds  2.61642751975197 0.2659713168187743 2.8000000000000003
128.50972986221313  seconds  2.61642751975197 0.2659713168187743 4.2
138.11107277870178  seconds  2.61642751975197 0.2659713168187743 4.9
150.05282187461853  seconds  2.61642751975197 0.2659713168187743 5.6000000000000005
165.5673747062683  seconds  2.61642751975197 0.2659713168187743 6.300000000000001
162.16929817199707  seconds  2.61642751975197 0.2659713168187743 7.7
171.83600878715515  seconds  2.61642751975197 0.2659713168187743 7.0
208.20586466789246  seconds  2.61642751975197 0.2659713168187743 3.5
177.3167209625244  seconds  2.61642751975197 0.2659713168187743 8.4
182.45176649093628  seconds  2.61642751975197 0.2659713168187743 9.1
181.65810179710388  seconds  2.61642751975197 0.2659713168187743 0.1
187.72813272476196  seconds  2.61642751975197 0.2659713168187743 9.8
192.23677849769592  seconds  2.61642751975197 0.2659713168187743 10.5
188.49339747428894  seconds  2.61642751975197 0.2659713168187743 11.200000000000001
197.46027898788452  seconds  2.61642751975197 0.2659713168187743 0.8
199.08394241333008  seconds  2.61642751975197 0.2659713168187743 1.5
200.58710145950317  seconds  2.61642751975197 0.2659713168187743 11.9
201.3298270702362  seconds  2.61642751975197 0.2659713168187743 2.2
202.52267265319824  seconds  2.61642751975197 0.2659713168187743 12.600000000000001
214.7204167842865  seconds  2.61642751975197 0.2659713168187743 2.9000000000000004
216.31448483467102  seconds  2.61642751975197 0.2659713168187743 13.3
208.51040887832642  seconds  2.61642751975197 0.2659713168187743 14.0
208.04434251785278  seconds  2.61642751975197 0.2659713168187743 4.3
213.2574200630188  seconds  2.61642751975197 0.2659713168187743 14.700000000000001
204.31786847114563  seconds  2.61642751975197 0.2659713168187743 5.0
207.29701280593872  seconds  2.61642751975197 0.2659713168187743 5.7
206.03320693969727  seconds  2.61642751975197 0.2659713168187743 6.4
200.31173729896545  seconds  2.61642751975197 0.2659713168187743 7.1000000000000005
205.50144124031067  seconds  2.61642751975197 0.2659713168187743 7.800000000000001
203.6673276424408  seconds  2.61642751975197 0.2659713168187743 3.6
198.60987305641174  seconds  2.61642751975197 0.2659713168187743 8.5
207.28636479377747  seconds  2.61642751975197 0.2659713168187743 9.200000000000001
201.27241015434265  seconds  2.61642751975197 0.2659713168187743 0.2
210.70599722862244  seconds  2.61642751975197 0.2659713168187743 9.9
201.51038718223572  seconds  2.61642751975197 0.2659713168187743 11.3
206.3727958202362  seconds  2.61642751975197 0.2659713168187743 10.600000000000001
202.6093578338623  seconds  2.61642751975197 0.2659713168187743 0.9
203.3660523891449  seconds  2.61642751975197 0.2659713168187743 1.6
198.8486328125  seconds  2.61642751975197 0.2659713168187743 12.0
202.47696542739868  seconds  2.61642751975197 0.2659713168187743 12.700000000000001
208.58663892745972  seconds  2.61642751975197 0.2659713168187743 2.3000000000000003
203.1290774345398  seconds  2.61642751975197 0.2659713168187743 13.4
205.80434155464172  seconds  2.61642751975197 0.2659713168187743 14.100000000000001
214.0260365009308  seconds  2.61642751975197 0.2659713168187743 3.0
204.2303283214569  seconds  2.61642751975197 0.2659713168187743 4.4
204.03683400154114  seconds  2.61642751975197 0.2659713168187743 14.8
203.35963940620422  seconds  2.61642751975197 0.2659713168187743 5.1000000000000005
203.5545871257782  seconds  2.61642751975197 0.2659713168187743 5.800000000000001
191.06503105163574  seconds  2.61642751975197 0.2659713168187743 7.9
204.35061025619507  seconds  2.61642751975197 0.2659713168187743 6.5
196.98905420303345  seconds  2.61642751975197 0.2659713168187743 3.7
209.1490499973297  seconds  2.61642751975197 0.2659713168187743 7.2
203.98895454406738  seconds  2.61642751975197 0.2659713168187743 8.6
202.10249257087708  seconds  2.61642751975197 0.2659713168187743 9.3
200.6231300830841  seconds  2.61642751975197 0.2659713168187743 0.30000000000000004
205.74209070205688  seconds  2.61642751975197 0.2659713168187743 10.0
199.44521975517273  seconds  2.61642751975197 0.2659713168187743 11.4
203.541277885437  seconds  2.61642751975197 0.2659713168187743 10.700000000000001
204.3031678199768  seconds  2.61642751975197 0.2659713168187743 1.0
206.82235860824585  seconds  2.61642751975197 0.2659713168187743 1.7000000000000002
216.1357364654541  seconds  2.61642751975197 0.2659713168187743 12.100000000000001
209.36739444732666  seconds  2.61642751975197 0.2659713168187743 2.4000000000000004
209.8223569393158  seconds  2.61642751975197 0.2659713168187743 12.8
199.6705060005188  seconds  2.61642751975197 0.2659713168187743 13.5
191.11684560775757  seconds  2.61642751975197 0.2659713168187743 4.5
203.21839785575867  seconds  2.61642751975197 0.2659713168187743 14.200000000000001
206.64853930473328  seconds  2.61642751975197 0.2659713168187743 3.1
206.78602814674377  seconds  2.61642751975197 0.2659713168187743 14.9
206.9047737121582  seconds  2.61642751975197 0.2659713168187743 5.2
203.42896389961243  seconds  2.61642751975197 0.2659713168187743 5.9
206.93854570388794  seconds  2.61642751975197 0.2659713168187743 8.0
201.04341912269592  seconds  2.61642751975197 0.2659713168187743 3.8000000000000003
204.83577275276184  seconds  2.61642751975197 0.2659713168187743 6.6000000000000005
206.6861755847931  seconds  2.61642751975197 0.2659713168187743 7.300000000000001
201.197035074234  seconds  2.61642751975197 0.2659713168187743 8.700000000000001
196.61876773834229  seconds  2.61642751975197 0.2659713168187743 0.4
198.3776731491089  seconds  2.61642751975197 0.2659713168187743 9.4
199.4510097503662  seconds  2.61642751975197 0.2659713168187743 10.100000000000001
204.20653462409973  seconds  2.61642751975197 0.2659713168187743 11.5
199.01263737678528  seconds  2.61642751975197 0.2659713168187743 1.1
203.50573182106018  seconds  2.61642751975197 0.2659713168187743 10.8
185.8050262928009  seconds  2.61642751975197 0.2659713168187743 1.8
200.22135496139526  seconds  2.61642751975197 0.2659713168187743 12.200000000000001
198.12037873268127  seconds  2.61642751975197 0.2659713168187743 2.5
199.60486817359924  seconds  2.61642751975197 0.2659713168187743 12.9
189.7789397239685  seconds  2.61642751975197 0.2659713168187743 13.600000000000001
195.0003113746643  seconds  2.61642751975197 0.2659713168187743 4.6000000000000005
186.99199891090393  seconds  2.61642751975197 0.2659713168187743 3.2
193.25880980491638  seconds  2.61642751975197 0.2659713168187743 14.3
196.56900024414062  seconds  2.61642751975197 0.2659713168187743 5.300000000000001
201.1892523765564  seconds  2.61642751975197 0.2659713168187743 6.0
191.00670981407166  seconds  2.61642751975197 0.2659713168187743 8.1
192.93286871910095  seconds  2.61642751975197 0.2659713168187743 3.9000000000000004
193.6930012702942  seconds  2.61642751975197 0.2659713168187743 6.7
191.87635493278503  seconds  2.61642751975197 0.2659713168187743 7.4
194.35226345062256  seconds  2.61642751975197 0.2659713168187743 8.8
186.18721270561218  seconds  2.61642751975197 0.2659713168187743 9.5
192.36436009407043  seconds  2.61642751975197 0.2659713168187743 0.5
191.1508502960205  seconds  2.61642751975197 0.2659713168187743 10.200000000000001
193.04255604743958  seconds  2.61642751975197 0.2659713168187743 1.2000000000000002
194.9525043964386  seconds  2.61642751975197 0.2659713168187743 10.9
199.81257319450378  seconds  2.61642751975197 0.2659713168187743 11.600000000000001
193.38234639167786  seconds  2.61642751975197 0.2659713168187743 1.9000000000000001
186.2516052722931  seconds  2.61642751975197 0.2659713168187743 12.3
190.75016331672668  seconds  2.61642751975197 0.2659713168187743 13.0
201.22459983825684  seconds  2.61642751975197 0.2659713168187743 2.6
196.9442949295044  seconds  2.61642751975197 0.2659713168187743 13.700000000000001
192.6495542526245  seconds  2.61642751975197 0.2659713168187743 4.7
194.2416853904724  seconds  2.61642751975197 0.2659713168187743 3.3000000000000003
195.13947129249573  seconds  2.61642751975197 0.2659713168187743 14.4
190.2078549861908  seconds  2.61642751975197 0.2659713168187743 5.4
192.3140857219696  seconds  2.61642751975197 0.2659713168187743 6.1000000000000005
183.80821132659912  seconds  2.61642751975197 0.2659713168187743 8.200000000000001
192.27438950538635  seconds  2.61642751975197 0.2659713168187743 6.800000000000001
197.791978597641  seconds  2.61642751975197 0.2659713168187743 4.0
203.33845782279968  seconds  2.61642751975197 0.2659713168187743 7.5
200.48511338233948  seconds  2.61642751975197 0.2659713168187743 8.9
196.11518549919128  seconds  2.61642751975197 0.2659713168187743 9.600000000000001
197.12061858177185  seconds  2.61642751975197 0.2659713168187743 0.6000000000000001
188.7807354927063  seconds  2.61642751975197 0.2659713168187743 10.3
186.4796178340912  seconds  2.61642751975197 0.2659713168187743 1.3
184.97936463356018  seconds  2.61642751975197 0.2659713168187743 11.700000000000001
194.11962890625  seconds  2.61642751975197 0.2659713168187743 11.0
196.7110357284546  seconds  2.61642751975197 0.2659713168187743 2.0
183.28831553459167  seconds  2.61642751975197 0.2659713168187743 12.4
178.65699410438538  seconds  2.61642751975197 0.2659713168187743 13.100000000000001
179.31639218330383  seconds  2.61642751975197 0.2659713168187743 2.7
180.32286953926086  seconds  2.61642751975197 0.2659713168187743 13.8
183.81891298294067  seconds  2.61642751975197 0.2659713168187743 4.800000000000001
176.52166366577148  seconds  2.61642751975197 0.2659713168187743 14.5
181.01659417152405  seconds  2.61642751975197 0.2659713168187743 3.4000000000000004
176.47136425971985  seconds  2.61642751975197 0.2659713168187743 5.5
158.1437406539917  seconds  2.61642751975197 0.2659713168187743 8.3
167.86142086982727  seconds  2.61642751975197 0.2659713168187743 6.2
156.35060334205627  seconds  2.61642751975197 0.2659713168187743 6.9
161.47779297828674  seconds  2.61642751975197 0.2659713168187743 4.1000000000000005
147.61802577972412  seconds  2.61642751975197 0.2659713168187743 7.6000000000000005
137.6949281692505  seconds  2.61642751975197 0.2659713168187743 9.700000000000001
143.56344532966614  seconds  2.61642751975197 0.2659713168187743 9.0
127.94573330879211  seconds  2.61642751975197 0.2659713168187743 10.4
123.88485717773438  seconds  2.61642751975197 0.2659713168187743 11.8
121.03458094596863  seconds  2.61642751975197 0.2659713168187743 11.100000000000001
115.17688941955566  seconds  2.61642751975197 0.2659713168187743 12.5
113.05682420730591  seconds  2.61642751975197 0.2659713168187743 13.200000000000001
108.87705945968628  seconds  2.61642751975197 0.2659713168187743 13.9
104.38345241546631  seconds  2.61642751975197 0.2659713168187743 14.600000000000001
time for calc.... 1456.1337294578552
 plotting data from the run ...
saving data from the run ...
energy at the point.. 2.612699153466239 0.5406345067362022  is  7.400112771449585e-06
the angle is  0.20404589651971108
150 the fermi surface points 7 chunk numtheads
starting with calculation of Sigma
97.51185965538025  seconds  2.612699153466239 0.5406345067362022 0.7000000000000001
106.76167225837708  seconds  2.612699153466239 0.5406345067362022 0.0
104.2016134262085  seconds  2.612699153466239 0.5406345067362022 1.4000000000000001
105.86074638366699  seconds  2.612699153466239 0.5406345067362022 2.1
107.77928113937378  seconds  2.612699153466239 0.5406345067362022 2.8000000000000003
108.21298432350159  seconds  2.612699153466239 0.5406345067362022 3.5
111.53950190544128  seconds  2.612699153466239 0.5406345067362022 4.2
112.13186550140381  seconds  2.612699153466239 0.5406345067362022 4.9
110.88576579093933  seconds  2.612699153466239 0.5406345067362022 5.6000000000000005
129.5783269405365  seconds  2.612699153466239 0.5406345067362022 6.300000000000001
133.1797230243683  seconds  2.612699153466239 0.5406345067362022 7.0
116.02831363677979  seconds  2.612699153466239 0.5406345067362022 9.1
144.30240082740784  seconds  2.612699153466239 0.5406345067362022 7.7
146.58887267112732  seconds  2.612699153466239 0.5406345067362022 8.4
118.7678120136261  seconds  2.612699153466239 0.5406345067362022 2.2
120.35421228408813  seconds  2.612699153466239 0.5406345067362022 11.9
144.2633798122406  seconds  2.612699153466239 0.5406345067362022 0.8
150.9523675441742  seconds  2.612699153466239 0.5406345067362022 9.8
119.38709306716919  seconds  2.612699153466239 0.5406345067362022 12.600000000000001
156.47650384902954  seconds  2.612699153466239 0.5406345067362022 0.1
154.64587378501892  seconds  2.612699153466239 0.5406345067362022 10.5
150.56206011772156  seconds  2.612699153466239 0.5406345067362022 1.5
119.90476655960083  seconds  2.612699153466239 0.5406345067362022 4.3
157.6432294845581  seconds  2.612699153466239 0.5406345067362022 11.200000000000001
151.2287244796753  seconds  2.612699153466239 0.5406345067362022 2.9000000000000004
118.48241019248962  seconds  2.612699153466239 0.5406345067362022 5.7
123.04716658592224  seconds  2.612699153466239 0.5406345067362022 14.700000000000001
157.65166449546814  seconds  2.612699153466239 0.5406345067362022 3.6
174.42117023468018  seconds  2.612699153466239 0.5406345067362022 13.3
164.38668203353882  seconds  2.612699153466239 0.5406345067362022 14.0
118.23335361480713  seconds  2.612699153466239 0.5406345067362022 9.200000000000001
171.68281197547913  seconds  2.612699153466239 0.5406345067362022 5.0
162.13013648986816  seconds  2.612699153466239 0.5406345067362022 6.4
125.74878144264221  seconds  2.612699153466239 0.5406345067362022 2.3000000000000003
165.03222560882568  seconds  2.612699153466239 0.5406345067362022 7.1000000000000005
126.08615374565125  seconds  2.612699153466239 0.5406345067362022 12.0
128.6238133907318  seconds  2.612699153466239 0.5406345067362022 12.700000000000001
166.90803384780884  seconds  2.612699153466239 0.5406345067362022 7.800000000000001
123.86897945404053  seconds  2.612699153466239 0.5406345067362022 4.4
165.41275811195374  seconds  2.612699153466239 0.5406345067362022 8.5
129.22169589996338  seconds  2.612699153466239 0.5406345067362022 5.800000000000001
161.9937732219696  seconds  2.612699153466239 0.5406345067362022 9.9
168.1827654838562  seconds  2.612699153466239 0.5406345067362022 0.9
123.53544807434082  seconds  2.612699153466239 0.5406345067362022 14.8
165.51732087135315  seconds  2.612699153466239 0.5406345067362022 0.2
166.5418758392334  seconds  2.612699153466239 0.5406345067362022 1.6
167.64879179000854  seconds  2.612699153466239 0.5406345067362022 10.600000000000001
167.51715111732483  seconds  2.612699153466239 0.5406345067362022 11.3
158.9032597541809  seconds  2.612699153466239 0.5406345067362022 3.0
120.78193163871765  seconds  2.612699153466239 0.5406345067362022 9.3
160.86255264282227  seconds  2.612699153466239 0.5406345067362022 3.7
113.46520924568176  seconds  2.612699153466239 0.5406345067362022 2.4000000000000004
111.49243927001953  seconds  2.612699153466239 0.5406345067362022 12.100000000000001
164.60400414466858  seconds  2.612699153466239 0.5406345067362022 13.4
164.3376989364624  seconds  2.612699153466239 0.5406345067362022 14.100000000000001
165.73076057434082  seconds  2.612699153466239 0.5406345067362022 5.1000000000000005
114.37323546409607  seconds  2.612699153466239 0.5406345067362022 12.8
113.55875754356384  seconds  2.612699153466239 0.5406345067362022 4.5
161.50980257987976  seconds  2.612699153466239 0.5406345067362022 6.5
112.24062395095825  seconds  2.612699153466239 0.5406345067362022 14.9
115.39694309234619  seconds  2.612699153466239 0.5406345067362022 5.9
162.72466230392456  seconds  2.612699153466239 0.5406345067362022 7.2
162.16275668144226  seconds  2.612699153466239 0.5406345067362022 7.9
163.80593585968018  seconds  2.612699153466239 0.5406345067362022 8.6
116.37501192092896  seconds  2.612699153466239 0.5406345067362022 9.4
152.54312562942505  seconds  2.612699153466239 0.5406345067362022 10.0
157.62084460258484  seconds  2.612699153466239 0.5406345067362022 1.0
160.65697407722473  seconds  2.612699153466239 0.5406345067362022 0.30000000000000004
113.65612506866455  seconds  2.612699153466239 0.5406345067362022 12.200000000000001
166.90279388427734  seconds  2.612699153466239 0.5406345067362022 10.700000000000001
117.96348261833191  seconds  2.612699153466239 0.5406345067362022 2.5
159.41914439201355  seconds  2.612699153466239 0.5406345067362022 3.1
171.33687376976013  seconds  2.612699153466239 0.5406345067362022 1.7000000000000002
165.4126558303833  seconds  2.612699153466239 0.5406345067362022 11.4
112.36161017417908  seconds  2.612699153466239 0.5406345067362022 12.9
162.34821033477783  seconds  2.612699153466239 0.5406345067362022 3.8000000000000003
118.52953600883484  seconds  2.612699153466239 0.5406345067362022 4.6000000000000005
114.3373613357544  seconds  2.612699153466239 0.5406345067362022 6.0
160.68970847129822  seconds  2.612699153466239 0.5406345067362022 14.200000000000001
150.88774609565735  seconds  2.612699153466239 0.5406345067362022 5.2
162.8997302055359  seconds  2.612699153466239 0.5406345067362022 13.5
152.35006046295166  seconds  2.612699153466239 0.5406345067362022 6.6000000000000005
112.54907011985779  seconds  2.612699153466239 0.5406345067362022 9.5
157.01190090179443  seconds  2.612699153466239 0.5406345067362022 7.300000000000001
152.7072732448578  seconds  2.612699153466239 0.5406345067362022 8.0
117.32080578804016  seconds  2.612699153466239 0.5406345067362022 12.3
115.2552719116211  seconds  2.612699153466239 0.5406345067362022 2.6
155.86251783370972  seconds  2.612699153466239 0.5406345067362022 10.100000000000001
162.66386079788208  seconds  2.612699153466239 0.5406345067362022 8.700000000000001
116.25953269004822  seconds  2.612699153466239 0.5406345067362022 13.0
162.22720766067505  seconds  2.612699153466239 0.5406345067362022 1.1
112.56758975982666  seconds  2.612699153466239 0.5406345067362022 4.7
158.74815940856934  seconds  2.612699153466239 0.5406345067362022 0.4
153.61394548416138  seconds  2.612699153466239 0.5406345067362022 3.2
113.1489109992981  seconds  2.612699153466239 0.5406345067362022 6.1000000000000005
150.64891910552979  seconds  2.612699153466239 0.5406345067362022 11.5
161.80786061286926  seconds  2.612699153466239 0.5406345067362022 10.8
162.41262292861938  seconds  2.612699153466239 0.5406345067362022 1.8
153.91495299339294  seconds  2.612699153466239 0.5406345067362022 3.9000000000000004
114.18764209747314  seconds  2.612699153466239 0.5406345067362022 9.600000000000001
150.69759845733643  seconds  2.612699153466239 0.5406345067362022 5.300000000000001
161.30066061019897  seconds  2.612699153466239 0.5406345067362022 14.3
168.07755589485168  seconds  2.612699153466239 0.5406345067362022 13.600000000000001
115.788170337677  seconds  2.612699153466239 0.5406345067362022 12.4
115.14427185058594  seconds  2.612699153466239 0.5406345067362022 2.7
166.96854519844055  seconds  2.612699153466239 0.5406345067362022 6.7
114.3377149105072  seconds  2.612699153466239 0.5406345067362022 13.100000000000001
159.51929020881653  seconds  2.612699153466239 0.5406345067362022 7.4
113.43597149848938  seconds  2.612699153466239 0.5406345067362022 4.800000000000001
163.83811902999878  seconds  2.612699153466239 0.5406345067362022 8.1
114.35986852645874  seconds  2.612699153466239 0.5406345067362022 6.2
153.8822853565216  seconds  2.612699153466239 0.5406345067362022 10.200000000000001
147.88869166374207  seconds  2.612699153466239 0.5406345067362022 1.2000000000000002
161.8446750640869  seconds  2.612699153466239 0.5406345067362022 8.8
154.15809774398804  seconds  2.612699153466239 0.5406345067362022 0.5
109.25084471702576  seconds  2.612699153466239 0.5406345067362022 9.700000000000001
153.42388939857483  seconds  2.612699153466239 0.5406345067362022 3.3000000000000003
151.19200897216797  seconds  2.612699153466239 0.5406345067362022 11.600000000000001
153.4861319065094  seconds  2.612699153466239 0.5406345067362022 10.9
142.45330333709717  seconds  2.612699153466239 0.5406345067362022 4.0
155.51366472244263  seconds  2.612699153466239 0.5406345067362022 1.9000000000000001
104.8511233329773  seconds  2.612699153466239 0.5406345067362022 12.5
138.8593270778656  seconds  2.612699153466239 0.5406345067362022 5.4
104.07707214355469  seconds  2.612699153466239 0.5406345067362022 13.200000000000001
144.57763981819153  seconds  2.612699153466239 0.5406345067362022 14.4
144.2812111377716  seconds  2.612699153466239 0.5406345067362022 13.700000000000001
138.46993780136108  seconds  2.612699153466239 0.5406345067362022 6.800000000000001
140.7669813632965  seconds  2.612699153466239 0.5406345067362022 7.5
134.1723349094391  seconds  2.612699153466239 0.5406345067362022 8.200000000000001
132.46468377113342  seconds  2.612699153466239 0.5406345067362022 1.3
138.12360405921936  seconds  2.612699153466239 0.5406345067362022 10.3
132.7814781665802  seconds  2.612699153466239 0.5406345067362022 8.9
126.08237528800964  seconds  2.612699153466239 0.5406345067362022 0.6000000000000001
127.60832166671753  seconds  2.612699153466239 0.5406345067362022 3.4000000000000004
128.34497928619385  seconds  2.612699153466239 0.5406345067362022 11.700000000000001
132.53818726539612  seconds  2.612699153466239 0.5406345067362022 11.0
129.17206716537476  seconds  2.612699153466239 0.5406345067362022 4.1000000000000005
127.16338396072388  seconds  2.612699153466239 0.5406345067362022 2.0
123.55846762657166  seconds  2.612699153466239 0.5406345067362022 5.5
122.30725741386414  seconds  2.612699153466239 0.5406345067362022 14.5
123.77791261672974  seconds  2.612699153466239 0.5406345067362022 13.8
119.22604966163635  seconds  2.612699153466239 0.5406345067362022 6.9
114.91884255409241  seconds  2.612699153466239 0.5406345067362022 7.6000000000000005
107.62829947471619  seconds  2.612699153466239 0.5406345067362022 8.3
106.27443027496338  seconds  2.612699153466239 0.5406345067362022 10.4
108.9586923122406  seconds  2.612699153466239 0.5406345067362022 9.0
105.70322871208191  seconds  2.612699153466239 0.5406345067362022 11.8
101.8029272556305  seconds  2.612699153466239 0.5406345067362022 11.100000000000001
97.92997717857361  seconds  2.612699153466239 0.5406345067362022 14.600000000000001
95.5005738735199  seconds  2.612699153466239 0.5406345067362022 13.9
time for calc.... 1192.5981178283691
 plotting data from the run ...
saving data from the run ...
energy at the point.. 2.5966539165555025 0.8378965667101266  is  1.0400959698841916e-05
the angle is  0.3121349978541341
150 the fermi surface points 7 chunk numtheads
starting with calculation of Sigma
103.71144247055054  seconds  2.5966539165555025 0.8378965667101266 0.0
106.35883164405823  seconds  2.5966539165555025 0.8378965667101266 0.7000000000000001
109.173175573349  seconds  2.5966539165555025 0.8378965667101266 1.4000000000000001
115.5494933128357  seconds  2.5966539165555025 0.8378965667101266 2.1
121.12179780006409  seconds  2.5966539165555025 0.8378965667101266 2.8000000000000003
126.52067136764526  seconds  2.5966539165555025 0.8378965667101266 3.5
144.63139033317566  seconds  2.5966539165555025 0.8378965667101266 4.2
145.8610782623291  seconds  2.5966539165555025 0.8378965667101266 4.9
141.45179224014282  seconds  2.5966539165555025 0.8378965667101266 5.6000000000000005
144.29235363006592  seconds  2.5966539165555025 0.8378965667101266 6.300000000000001
161.7719168663025  seconds  2.5966539165555025 0.8378965667101266 7.7
169.73763370513916  seconds  2.5966539165555025 0.8378965667101266 7.0
174.81937265396118  seconds  2.5966539165555025 0.8378965667101266 8.4
183.87698793411255  seconds  2.5966539165555025 0.8378965667101266 9.1
183.2787880897522  seconds  2.5966539165555025 0.8378965667101266 0.1
194.36712074279785  seconds  2.5966539165555025 0.8378965667101266 9.8
191.26848459243774  seconds  2.5966539165555025 0.8378965667101266 10.5
198.85547828674316  seconds  2.5966539165555025 0.8378965667101266 0.8
200.6505537033081  seconds  2.5966539165555025 0.8378965667101266 1.5
200.64340782165527  seconds  2.5966539165555025 0.8378965667101266 11.200000000000001
202.7070062160492  seconds  2.5966539165555025 0.8378965667101266 11.9
209.66892766952515  seconds  2.5966539165555025 0.8378965667101266 2.2
203.01884412765503  seconds  2.5966539165555025 0.8378965667101266 12.600000000000001
200.87719202041626  seconds  2.5966539165555025 0.8378965667101266 2.9000000000000004
206.9386899471283  seconds  2.5966539165555025 0.8378965667101266 13.3
204.73202896118164  seconds  2.5966539165555025 0.8378965667101266 14.0
211.74209332466125  seconds  2.5966539165555025 0.8378965667101266 3.6
206.50817608833313  seconds  2.5966539165555025 0.8378965667101266 14.700000000000001
208.571147441864  seconds  2.5966539165555025 0.8378965667101266 4.3
208.14982748031616  seconds  2.5966539165555025 0.8378965667101266 5.0
209.84857034683228  seconds  2.5966539165555025 0.8378965667101266 5.7
210.36844062805176  seconds  2.5966539165555025 0.8378965667101266 6.4
196.12347531318665  seconds  2.5966539165555025 0.8378965667101266 7.800000000000001
207.13894248008728  seconds  2.5966539165555025 0.8378965667101266 7.1000000000000005
200.64958119392395  seconds  2.5966539165555025 0.8378965667101266 8.5
206.31197237968445  seconds  2.5966539165555025 0.8378965667101266 0.2
207.62638449668884  seconds  2.5966539165555025 0.8378965667101266 9.9
201.79264950752258  seconds  2.5966539165555025 0.8378965667101266 10.600000000000001
205.32817554473877  seconds  2.5966539165555025 0.8378965667101266 0.9
240.36758852005005  seconds  2.5966539165555025 0.8378965667101266 9.200000000000001
203.90630674362183  seconds  2.5966539165555025 0.8378965667101266 11.3
204.8798177242279  seconds  2.5966539165555025 0.8378965667101266 1.6
205.9813141822815  seconds  2.5966539165555025 0.8378965667101266 12.0
207.18586444854736  seconds  2.5966539165555025 0.8378965667101266 12.700000000000001
211.63289427757263  seconds  2.5966539165555025 0.8378965667101266 2.3000000000000003
200.47227358818054  seconds  2.5966539165555025 0.8378965667101266 14.100000000000001
210.61474752426147  seconds  2.5966539165555025 0.8378965667101266 13.4
208.6934893131256  seconds  2.5966539165555025 0.8378965667101266 3.7
202.26697659492493  seconds  2.5966539165555025 0.8378965667101266 14.8
202.4659764766693  seconds  2.5966539165555025 0.8378965667101266 4.4
208.81484508514404  seconds  2.5966539165555025 0.8378965667101266 5.1000000000000005
208.22521328926086  seconds  2.5966539165555025 0.8378965667101266 5.800000000000001
269.1549913883209  seconds  2.5966539165555025 0.8378965667101266 3.0
210.4267282485962  seconds  2.5966539165555025 0.8378965667101266 6.5
211.12168550491333  seconds  2.5966539165555025 0.8378965667101266 7.9
216.1136016845703  seconds  2.5966539165555025 0.8378965667101266 7.2
205.48609352111816  seconds  2.5966539165555025 0.8378965667101266 8.6
199.48519921302795  seconds  2.5966539165555025 0.8378965667101266 0.30000000000000004
197.3197979927063  seconds  2.5966539165555025 0.8378965667101266 10.0
200.53160738945007  seconds  2.5966539165555025 0.8378965667101266 10.700000000000001
214.1421720981598  seconds  2.5966539165555025 0.8378965667101266 1.0
204.31814646720886  seconds  2.5966539165555025 0.8378965667101266 1.7000000000000002
205.63946270942688  seconds  2.5966539165555025 0.8378965667101266 11.4
203.46095633506775  seconds  2.5966539165555025 0.8378965667101266 12.100000000000001
203.96307611465454  seconds  2.5966539165555025 0.8378965667101266 12.8
203.57851123809814  seconds  2.5966539165555025 0.8378965667101266 2.4000000000000004
208.45680284500122  seconds  2.5966539165555025 0.8378965667101266 13.5
211.50566339492798  seconds  2.5966539165555025 0.8378965667101266 14.200000000000001
205.08928847312927  seconds  2.5966539165555025 0.8378965667101266 3.8000000000000003
205.22181606292725  seconds  2.5966539165555025 0.8378965667101266 14.9
272.89906454086304  seconds  2.5966539165555025 0.8378965667101266 9.3
200.13782811164856  seconds  2.5966539165555025 0.8378965667101266 4.5
205.53144574165344  seconds  2.5966539165555025 0.8378965667101266 5.2
211.43871593475342  seconds  2.5966539165555025 0.8378965667101266 5.9
206.46526408195496  seconds  2.5966539165555025 0.8378965667101266 6.6000000000000005
209.29389548301697  seconds  2.5966539165555025 0.8378965667101266 8.0
196.93167567253113  seconds  2.5966539165555025 0.8378965667101266 8.700000000000001
203.86829948425293  seconds  2.5966539165555025 0.8378965667101266 7.300000000000001
275.5647358894348  seconds  2.5966539165555025 0.8378965667101266 3.1
203.7624192237854  seconds  2.5966539165555025 0.8378965667101266 0.4
197.79803085327148  seconds  2.5966539165555025 0.8378965667101266 10.100000000000001
197.4440050125122  seconds  2.5966539165555025 0.8378965667101266 10.8
192.6203556060791  seconds  2.5966539165555025 0.8378965667101266 1.8
199.40290999412537  seconds  2.5966539165555025 0.8378965667101266 11.5
205.29000878334045  seconds  2.5966539165555025 0.8378965667101266 1.1
197.55726885795593  seconds  2.5966539165555025 0.8378965667101266 12.200000000000001
195.22178030014038  seconds  2.5966539165555025 0.8378965667101266 12.9
191.38370037078857  seconds  2.5966539165555025 0.8378965667101266 2.5
190.6580331325531  seconds  2.5966539165555025 0.8378965667101266 13.600000000000001
196.45720624923706  seconds  2.5966539165555025 0.8378965667101266 14.3
197.12380981445312  seconds  2.5966539165555025 0.8378965667101266 3.9000000000000004
196.59070801734924  seconds  2.5966539165555025 0.8378965667101266 4.6000000000000005
190.53461933135986  seconds  2.5966539165555025 0.8378965667101266 5.300000000000001
193.36332082748413  seconds  2.5966539165555025 0.8378965667101266 6.0
198.25331664085388  seconds  2.5966539165555025 0.8378965667101266 6.7
190.10938787460327  seconds  2.5966539165555025 0.8378965667101266 8.1
257.404913187027  seconds  2.5966539165555025 0.8378965667101266 9.4
189.2811210155487  seconds  2.5966539165555025 0.8378965667101266 7.4
193.48411512374878  seconds  2.5966539165555025 0.8378965667101266 8.8
185.57247614860535  seconds  2.5966539165555025 0.8378965667101266 10.9
192.1821208000183  seconds  2.5966539165555025 0.8378965667101266 0.5
191.20710611343384  seconds  2.5966539165555025 0.8378965667101266 10.200000000000001
188.2679784297943  seconds  2.5966539165555025 0.8378965667101266 1.9000000000000001
182.8396987915039  seconds  2.5966539165555025 0.8378965667101266 11.600000000000001
185.40811491012573  seconds  2.5966539165555025 0.8378965667101266 1.2000000000000002
193.7115776538849  seconds  2.5966539165555025 0.8378965667101266 12.3
187.4600110054016  seconds  2.5966539165555025 0.8378965667101266 13.0
187.72625517845154  seconds  2.5966539165555025 0.8378965667101266 2.6
255.62470960617065  seconds  2.5966539165555025 0.8378965667101266 3.2
181.1468904018402  seconds  2.5966539165555025 0.8378965667101266 13.700000000000001
189.07297492027283  seconds  2.5966539165555025 0.8378965667101266 14.4
190.53047013282776  seconds  2.5966539165555025 0.8378965667101266 4.0
192.05843210220337  seconds  2.5966539165555025 0.8378965667101266 4.7
187.47582530975342  seconds  2.5966539165555025 0.8378965667101266 5.4
185.2204828262329  seconds  2.5966539165555025 0.8378965667101266 6.1000000000000005
193.45540261268616  seconds  2.5966539165555025 0.8378965667101266 6.800000000000001
194.12204504013062  seconds  2.5966539165555025 0.8378965667101266 8.200000000000001
186.4530794620514  seconds  2.5966539165555025 0.8378965667101266 8.9
189.87078070640564  seconds  2.5966539165555025 0.8378965667101266 7.5
202.2821364402771  seconds  2.5966539165555025 0.8378965667101266 9.5
186.93481826782227  seconds  2.5966539165555025 0.8378965667101266 10.3
190.77916383743286  seconds  2.5966539165555025 0.8378965667101266 11.0
193.16641640663147  seconds  2.5966539165555025 0.8378965667101266 0.6000000000000001
183.48804759979248  seconds  2.5966539165555025 0.8378965667101266 2.0
182.21159982681274  seconds  2.5966539165555025 0.8378965667101266 11.700000000000001
183.80004787445068  seconds  2.5966539165555025 0.8378965667101266 1.3
182.09107303619385  seconds  2.5966539165555025 0.8378965667101266 12.4
182.36550760269165  seconds  2.5966539165555025 0.8378965667101266 13.100000000000001
184.37671327590942  seconds  2.5966539165555025 0.8378965667101266 2.7
182.4821310043335  seconds  2.5966539165555025 0.8378965667101266 13.8
175.2126224040985  seconds  2.5966539165555025 0.8378965667101266 14.5
175.17808485031128  seconds  2.5966539165555025 0.8378965667101266 4.1000000000000005
176.31874752044678  seconds  2.5966539165555025 0.8378965667101266 4.800000000000001
175.31509375572205  seconds  2.5966539165555025 0.8378965667101266 5.5
167.1897096633911  seconds  2.5966539165555025 0.8378965667101266 6.2
226.15811896324158  seconds  2.5966539165555025 0.8378965667101266 3.3000000000000003
157.52514481544495  seconds  2.5966539165555025 0.8378965667101266 6.9
147.53775715827942  seconds  2.5966539165555025 0.8378965667101266 8.3
148.69453263282776  seconds  2.5966539165555025 0.8378965667101266 7.6000000000000005
152.99237155914307  seconds  2.5966539165555025 0.8378965667101266 9.0
149.57705545425415  seconds  2.5966539165555025 0.8378965667101266 9.600000000000001
132.9115173816681  seconds  2.5966539165555025 0.8378965667101266 11.100000000000001
136.80156087875366  seconds  2.5966539165555025 0.8378965667101266 10.4
127.94427561759949  seconds  2.5966539165555025 0.8378965667101266 11.8
117.97790861129761  seconds  2.5966539165555025 0.8378965667101266 12.5
116.21552562713623  seconds  2.5966539165555025 0.8378965667101266 13.200000000000001
107.56201004981995  seconds  2.5966539165555025 0.8378965667101266 13.9
108.18582487106323  seconds  2.5966539165555025 0.8378965667101266 14.600000000000001
93.77900791168213  seconds  2.5966539165555025 0.8378965667101266 9.700000000000001
135.69455218315125  seconds  2.5966539165555025 0.8378965667101266 3.4000000000000004
time for calc.... 1518.4606530666351
 plotting data from the run ...
saving data from the run ...
energy at the point.. 2.5477213028327195 1.1368970013037814  is  9.295332997538708e-06
the angle is  0.4197233160056505
150 the fermi surface points 7 chunk numtheads
starting with calculation of Sigma
112.31041169166565  seconds  2.5477213028327195 1.1368970013037814 0.0
113.18696022033691  seconds  2.5477213028327195 1.1368970013037814 0.7000000000000001
113.61384320259094  seconds  2.5477213028327195 1.1368970013037814 1.4000000000000001
116.78693389892578  seconds  2.5477213028327195 1.1368970013037814 2.1
122.58366441726685  seconds  2.5477213028327195 1.1368970013037814 2.8000000000000003
131.7260284423828  seconds  2.5477213028327195 1.1368970013037814 3.5
128.46552205085754  seconds  2.5477213028327195 1.1368970013037814 4.2
148.2799985408783  seconds  2.5477213028327195 1.1368970013037814 4.9
149.77877068519592  seconds  2.5477213028327195 1.1368970013037814 5.6000000000000005
146.0331916809082  seconds  2.5477213028327195 1.1368970013037814 6.300000000000001
153.0140163898468  seconds  2.5477213028327195 1.1368970013037814 7.0
169.25937795639038  seconds  2.5477213028327195 1.1368970013037814 7.7
170.58513474464417  seconds  2.5477213028327195 1.1368970013037814 8.4
175.91107630729675  seconds  2.5477213028327195 1.1368970013037814 9.1
185.62163829803467  seconds  2.5477213028327195 1.1368970013037814 9.8
191.01468110084534  seconds  2.5477213028327195 1.1368970013037814 10.5
190.23054695129395  seconds  2.5477213028327195 1.1368970013037814 11.200000000000001
196.85194873809814  seconds  2.5477213028327195 1.1368970013037814 0.1
198.08702421188354  seconds  2.5477213028327195 1.1368970013037814 0.8
200.04973149299622  seconds  2.5477213028327195 1.1368970013037814 1.5
201.04699540138245  seconds  2.5477213028327195 1.1368970013037814 11.9
192.6603844165802  seconds  2.5477213028327195 1.1368970013037814 12.600000000000001
194.8033742904663  seconds  2.5477213028327195 1.1368970013037814 2.2
201.94726300239563  seconds  2.5477213028327195 1.1368970013037814 2.9000000000000004
205.1840217113495  seconds  2.5477213028327195 1.1368970013037814 13.3
205.4387662410736  seconds  2.5477213028327195 1.1368970013037814 14.0
201.16224265098572  seconds  2.5477213028327195 1.1368970013037814 3.6
206.14855098724365  seconds  2.5477213028327195 1.1368970013037814 14.700000000000001
209.12517952919006  seconds  2.5477213028327195 1.1368970013037814 4.3
198.1646168231964  seconds  2.5477213028327195 1.1368970013037814 5.0
199.00000953674316  seconds  2.5477213028327195 1.1368970013037814 5.7
205.81644821166992  seconds  2.5477213028327195 1.1368970013037814 6.4
207.1405918598175  seconds  2.5477213028327195 1.1368970013037814 7.1000000000000005
198.63499855995178  seconds  2.5477213028327195 1.1368970013037814 7.800000000000001
207.0517771244049  seconds  2.5477213028327195 1.1368970013037814 8.5
200.59590458869934  seconds  2.5477213028327195 1.1368970013037814 9.200000000000001
202.1801381111145  seconds  2.5477213028327195 1.1368970013037814 9.9
200.2569191455841  seconds  2.5477213028327195 1.1368970013037814 0.2
211.29346466064453  seconds  2.5477213028327195 1.1368970013037814 10.600000000000001
203.61519145965576  seconds  2.5477213028327195 1.1368970013037814 11.3
200.07644939422607  seconds  2.5477213028327195 1.1368970013037814 0.9
204.80579137802124  seconds  2.5477213028327195 1.1368970013037814 12.0
205.6194143295288  seconds  2.5477213028327195 1.1368970013037814 2.3000000000000003
208.1758017539978  seconds  2.5477213028327195 1.1368970013037814 12.700000000000001
210.06540060043335  seconds  2.5477213028327195 1.1368970013037814 1.6
200.66944479942322  seconds  2.5477213028327195 1.1368970013037814 3.0
203.99839782714844  seconds  2.5477213028327195 1.1368970013037814 13.4
204.5625822544098  seconds  2.5477213028327195 1.1368970013037814 3.7
208.09829378128052  seconds  2.5477213028327195 1.1368970013037814 14.100000000000001
199.6191427707672  seconds  2.5477213028327195 1.1368970013037814 14.8
202.25213956832886  seconds  2.5477213028327195 1.1368970013037814 4.4
204.74547219276428  seconds  2.5477213028327195 1.1368970013037814 5.1000000000000005
203.66276144981384  seconds  2.5477213028327195 1.1368970013037814 5.800000000000001
208.86810898780823  seconds  2.5477213028327195 1.1368970013037814 6.5
198.3833713531494  seconds  2.5477213028327195 1.1368970013037814 7.2
208.039568901062  seconds  2.5477213028327195 1.1368970013037814 7.9
208.53128671646118  seconds  2.5477213028327195 1.1368970013037814 8.6
213.571759223938  seconds  2.5477213028327195 1.1368970013037814 9.3
206.7730643749237  seconds  2.5477213028327195 1.1368970013037814 10.0
202.1517312526703  seconds  2.5477213028327195 1.1368970013037814 0.30000000000000004
202.28379583358765  seconds  2.5477213028327195 1.1368970013037814 10.700000000000001
205.81136202812195  seconds  2.5477213028327195 1.1368970013037814 11.4
206.26068592071533  seconds  2.5477213028327195 1.1368970013037814 1.0
197.11592602729797  seconds  2.5477213028327195 1.1368970013037814 12.8
201.6975131034851  seconds  2.5477213028327195 1.1368970013037814 2.4000000000000004
207.59418058395386  seconds  2.5477213028327195 1.1368970013037814 12.100000000000001
204.04054975509644  seconds  2.5477213028327195 1.1368970013037814 1.7000000000000002
200.81690979003906  seconds  2.5477213028327195 1.1368970013037814 3.1
207.6848828792572  seconds  2.5477213028327195 1.1368970013037814 13.5
199.57703351974487  seconds  2.5477213028327195 1.1368970013037814 3.8000000000000003
199.9300675392151  seconds  2.5477213028327195 1.1368970013037814 14.200000000000001
198.15700507164001  seconds  2.5477213028327195 1.1368970013037814 4.5
206.79754757881165  seconds  2.5477213028327195 1.1368970013037814 14.9
198.03699684143066  seconds  2.5477213028327195 1.1368970013037814 5.2
200.8769063949585  seconds  2.5477213028327195 1.1368970013037814 5.9
200.98105692863464  seconds  2.5477213028327195 1.1368970013037814 6.6000000000000005
207.91294360160828  seconds  2.5477213028327195 1.1368970013037814 7.300000000000001
200.16436076164246  seconds  2.5477213028327195 1.1368970013037814 8.0
193.4655737876892  seconds  2.5477213028327195 1.1368970013037814 8.700000000000001
201.47593998908997  seconds  2.5477213028327195 1.1368970013037814 9.4
198.27011442184448  seconds  2.5477213028327195 1.1368970013037814 10.100000000000001
188.7834508419037  seconds  2.5477213028327195 1.1368970013037814 10.8
195.42851972579956  seconds  2.5477213028327195 1.1368970013037814 0.4
193.7405390739441  seconds  2.5477213028327195 1.1368970013037814 11.5
193.89322066307068  seconds  2.5477213028327195 1.1368970013037814 1.1
191.98389101028442  seconds  2.5477213028327195 1.1368970013037814 2.5
191.41133403778076  seconds  2.5477213028327195 1.1368970013037814 1.8
198.67028212547302  seconds  2.5477213028327195 1.1368970013037814 12.9
196.52686738967896  seconds  2.5477213028327195 1.1368970013037814 12.200000000000001
196.76062488555908  seconds  2.5477213028327195 1.1368970013037814 3.2
185.27799916267395  seconds  2.5477213028327195 1.1368970013037814 13.600000000000001
192.5015354156494  seconds  2.5477213028327195 1.1368970013037814 3.9000000000000004
191.8713939189911  seconds  2.5477213028327195 1.1368970013037814 14.3
192.1545765399933  seconds  2.5477213028327195 1.1368970013037814 4.6000000000000005
190.04903292655945  seconds  2.5477213028327195 1.1368970013037814 5.300000000000001
194.42529392242432  seconds  2.5477213028327195 1.1368970013037814 6.0
193.7345540523529  seconds  2.5477213028327195 1.1368970013037814 6.7
194.60221910476685  seconds  2.5477213028327195 1.1368970013037814 7.4
192.98829531669617  seconds  2.5477213028327195 1.1368970013037814 8.1
186.66454219818115  seconds  2.5477213028327195 1.1368970013037814 8.8
192.38657522201538  seconds  2.5477213028327195 1.1368970013037814 9.5
195.9588704109192  seconds  2.5477213028327195 1.1368970013037814 10.200000000000001
188.60744428634644  seconds  2.5477213028327195 1.1368970013037814 0.5
194.7303433418274  seconds  2.5477213028327195 1.1368970013037814 10.9
187.09148573875427  seconds  2.5477213028327195 1.1368970013037814 11.600000000000001
189.14210772514343  seconds  2.5477213028327195 1.1368970013037814 1.2000000000000002
193.2142686843872  seconds  2.5477213028327195 1.1368970013037814 1.9000000000000001
197.1618139743805  seconds  2.5477213028327195 1.1368970013037814 2.6
195.56071519851685  seconds  2.5477213028327195 1.1368970013037814 13.0
185.30529022216797  seconds  2.5477213028327195 1.1368970013037814 3.3000000000000003
196.9000186920166  seconds  2.5477213028327195 1.1368970013037814 12.3
192.22378158569336  seconds  2.5477213028327195 1.1368970013037814 13.700000000000001
185.6993305683136  seconds  2.5477213028327195 1.1368970013037814 14.4
191.0497190952301  seconds  2.5477213028327195 1.1368970013037814 4.0
192.19035148620605  seconds  2.5477213028327195 1.1368970013037814 4.7
197.79801440238953  seconds  2.5477213028327195 1.1368970013037814 5.4
195.96707153320312  seconds  2.5477213028327195 1.1368970013037814 6.1000000000000005
191.771897315979  seconds  2.5477213028327195 1.1368970013037814 6.800000000000001
195.91835379600525  seconds  2.5477213028327195 1.1368970013037814 7.5
190.52558660507202  seconds  2.5477213028327195 1.1368970013037814 8.200000000000001
196.28983426094055  seconds  2.5477213028327195 1.1368970013037814 8.9
199.3700408935547  seconds  2.5477213028327195 1.1368970013037814 9.600000000000001
187.15672278404236  seconds  2.5477213028327195 1.1368970013037814 10.3
183.2827591896057  seconds  2.5477213028327195 1.1368970013037814 11.0
186.82714104652405  seconds  2.5477213028327195 1.1368970013037814 11.700000000000001
190.257155418396  seconds  2.5477213028327195 1.1368970013037814 0.6000000000000001
188.894793510437  seconds  2.5477213028327195 1.1368970013037814 1.3
183.83319473266602  seconds  2.5477213028327195 1.1368970013037814 2.7
181.20328736305237  seconds  2.5477213028327195 1.1368970013037814 12.4
189.76038026809692  seconds  2.5477213028327195 1.1368970013037814 2.0
192.81403517723083  seconds  2.5477213028327195 1.1368970013037814 13.100000000000001
191.57778573036194  seconds  2.5477213028327195 1.1368970013037814 3.4000000000000004
184.23569703102112  seconds  2.5477213028327195 1.1368970013037814 13.8
183.76812624931335  seconds  2.5477213028327195 1.1368970013037814 14.5
172.88322710990906  seconds  2.5477213028327195 1.1368970013037814 4.800000000000001
181.04935574531555  seconds  2.5477213028327195 1.1368970013037814 4.1000000000000005
170.83027124404907  seconds  2.5477213028327195 1.1368970013037814 5.5
163.5500078201294  seconds  2.5477213028327195 1.1368970013037814 6.2
165.68194365501404  seconds  2.5477213028327195 1.1368970013037814 6.9
154.44582676887512  seconds  2.5477213028327195 1.1368970013037814 7.6000000000000005
149.23813438415527  seconds  2.5477213028327195 1.1368970013037814 8.3
143.56393003463745  seconds  2.5477213028327195 1.1368970013037814 9.0
130.1255533695221  seconds  2.5477213028327195 1.1368970013037814 10.4
133.63722467422485  seconds  2.5477213028327195 1.1368970013037814 9.700000000000001
125.38524723052979  seconds  2.5477213028327195 1.1368970013037814 11.8
132.16962575912476  seconds  2.5477213028327195 1.1368970013037814 11.100000000000001
107.55956625938416  seconds  2.5477213028327195 1.1368970013037814 12.5
109.26213574409485  seconds  2.5477213028327195 1.1368970013037814 13.200000000000001
106.57239437103271  seconds  2.5477213028327195 1.1368970013037814 13.9
105.53123140335083  seconds  2.5477213028327195 1.1368970013037814 14.600000000000001
time for calc.... 1445.1090297698975
 plotting data from the run ...
saving data from the run ...
energy at the point.. 2.4372546507317705 1.4115601912212083  is  1.07841213363713e-05
the angle is  0.5249549448529208
150 the fermi surface points 7 chunk numtheads
starting with calculation of Sigma
100.41367173194885  seconds  2.4372546507317705 1.4115601912212083 0.0
106.47209692001343  seconds  2.4372546507317705 1.4115601912212083 0.7000000000000001
108.63580918312073  seconds  2.4372546507317705 1.4115601912212083 1.4000000000000001
118.33056855201721  seconds  2.4372546507317705 1.4115601912212083 2.1
120.3630850315094  seconds  2.4372546507317705 1.4115601912212083 2.8000000000000003
119.05208683013916  seconds  2.4372546507317705 1.4115601912212083 3.5
126.20709323883057  seconds  2.4372546507317705 1.4115601912212083 4.2
132.4066104888916  seconds  2.4372546507317705 1.4115601912212083 4.9
145.57844829559326  seconds  2.4372546507317705 1.4115601912212083 5.6000000000000005
156.6119680404663  seconds  2.4372546507317705 1.4115601912212083 6.300000000000001
167.488046169281  seconds  2.4372546507317705 1.4115601912212083 7.0
164.22633957862854  seconds  2.4372546507317705 1.4115601912212083 7.7
163.9387538433075  seconds  2.4372546507317705 1.4115601912212083 8.4
173.4732437133789  seconds  2.4372546507317705 1.4115601912212083 9.1
180.56216478347778  seconds  2.4372546507317705 1.4115601912212083 0.1
188.02040791511536  seconds  2.4372546507317705 1.4115601912212083 9.8
186.45971822738647  seconds  2.4372546507317705 1.4115601912212083 0.8
189.33043026924133  seconds  2.4372546507317705 1.4115601912212083 10.5
191.23987221717834  seconds  2.4372546507317705 1.4115601912212083 1.5
195.07850170135498  seconds  2.4372546507317705 1.4115601912212083 11.200000000000001
199.05703043937683  seconds  2.4372546507317705 1.4115601912212083 11.9
195.1873972415924  seconds  2.4372546507317705 1.4115601912212083 2.2
201.87951850891113  seconds  2.4372546507317705 1.4115601912212083 12.600000000000001
199.61491060256958  seconds  2.4372546507317705 1.4115601912212083 2.9000000000000004
198.23099637031555  seconds  2.4372546507317705 1.4115601912212083 3.6
205.54456448554993  seconds  2.4372546507317705 1.4115601912212083 13.3
203.00688481330872  seconds  2.4372546507317705 1.4115601912212083 14.0
201.39700293540955  seconds  2.4372546507317705 1.4115601912212083 4.3
202.84897327423096  seconds  2.4372546507317705 1.4115601912212083 14.700000000000001
203.10193514823914  seconds  2.4372546507317705 1.4115601912212083 5.0
199.13668990135193  seconds  2.4372546507317705 1.4115601912212083 5.7
197.00624346733093  seconds  2.4372546507317705 1.4115601912212083 6.4
205.4729883670807  seconds  2.4372546507317705 1.4115601912212083 7.1000000000000005
204.1187026500702  seconds  2.4372546507317705 1.4115601912212083 7.800000000000001
201.50795555114746  seconds  2.4372546507317705 1.4115601912212083 8.5
198.89376139640808  seconds  2.4372546507317705 1.4115601912212083 9.200000000000001
198.99532079696655  seconds  2.4372546507317705 1.4115601912212083 0.2
198.9552125930786  seconds  2.4372546507317705 1.4115601912212083 9.9
200.94260025024414  seconds  2.4372546507317705 1.4115601912212083 10.600000000000001
203.06730318069458  seconds  2.4372546507317705 1.4115601912212083 0.9
199.3989028930664  seconds  2.4372546507317705 1.4115601912212083 1.6
200.618971824646  seconds  2.4372546507317705 1.4115601912212083 11.3
194.8573443889618  seconds  2.4372546507317705 1.4115601912212083 12.0
195.71719932556152  seconds  2.4372546507317705 1.4115601912212083 2.3000000000000003
197.45380783081055  seconds  2.4372546507317705 1.4115601912212083 3.0
202.7810525894165  seconds  2.4372546507317705 1.4115601912212083 12.700000000000001
195.67277574539185  seconds  2.4372546507317705 1.4115601912212083 3.7
197.04999375343323  seconds  2.4372546507317705 1.4115601912212083 13.4
199.07143211364746  seconds  2.4372546507317705 1.4115601912212083 4.4
203.75141263008118  seconds  2.4372546507317705 1.4115601912212083 14.100000000000001
195.77254581451416  seconds  2.4372546507317705 1.4115601912212083 14.8
203.0068016052246  seconds  2.4372546507317705 1.4115601912212083 5.1000000000000005
206.40364694595337  seconds  2.4372546507317705 1.4115601912212083 5.800000000000001
196.3802969455719  seconds  2.4372546507317705 1.4115601912212083 6.5
202.2737274169922  seconds  2.4372546507317705 1.4115601912212083 7.2
201.0683491230011  seconds  2.4372546507317705 1.4115601912212083 7.9
198.42248058319092  seconds  2.4372546507317705 1.4115601912212083 8.6
195.69710683822632  seconds  2.4372546507317705 1.4115601912212083 9.3
197.21425223350525  seconds  2.4372546507317705 1.4115601912212083 0.30000000000000004
203.7945363521576  seconds  2.4372546507317705 1.4115601912212083 10.0
203.15799736976624  seconds  2.4372546507317705 1.4115601912212083 1.0
205.78069281578064  seconds  2.4372546507317705 1.4115601912212083 10.700000000000001
203.63419771194458  seconds  2.4372546507317705 1.4115601912212083 1.7000000000000002
199.29542541503906  seconds  2.4372546507317705 1.4115601912212083 11.4
195.92520761489868  seconds  2.4372546507317705 1.4115601912212083 12.100000000000001
197.60548090934753  seconds  2.4372546507317705 1.4115601912212083 2.4000000000000004
202.81621193885803  seconds  2.4372546507317705 1.4115601912212083 12.8
205.93264651298523  seconds  2.4372546507317705 1.4115601912212083 3.1
211.93656277656555  seconds  2.4372546507317705 1.4115601912212083 3.8000000000000003
205.21971917152405  seconds  2.4372546507317705 1.4115601912212083 13.5
197.5496211051941  seconds  2.4372546507317705 1.4115601912212083 14.200000000000001
197.85591101646423  seconds  2.4372546507317705 1.4115601912212083 14.9
201.10228443145752  seconds  2.4372546507317705 1.4115601912212083 4.5
197.87407636642456  seconds  2.4372546507317705 1.4115601912212083 5.2
196.20268535614014  seconds  2.4372546507317705 1.4115601912212083 5.9
196.94336199760437  seconds  2.4372546507317705 1.4115601912212083 6.6000000000000005
195.73947143554688  seconds  2.4372546507317705 1.4115601912212083 8.0
202.09225225448608  seconds  2.4372546507317705 1.4115601912212083 7.300000000000001
204.38519310951233  seconds  2.4372546507317705 1.4115601912212083 8.700000000000001
194.4299192428589  seconds  2.4372546507317705 1.4115601912212083 9.4
188.94614791870117  seconds  2.4372546507317705 1.4115601912212083 0.4
189.81202340126038  seconds  2.4372546507317705 1.4115601912212083 10.100000000000001
184.91047430038452  seconds  2.4372546507317705 1.4115601912212083 1.8
195.52768087387085  seconds  2.4372546507317705 1.4115601912212083 1.1
200.72236323356628  seconds  2.4372546507317705 1.4115601912212083 10.8
194.13976430892944  seconds  2.4372546507317705 1.4115601912212083 11.5
192.15130853652954  seconds  2.4372546507317705 1.4115601912212083 12.200000000000001
187.23279738426208  seconds  2.4372546507317705 1.4115601912212083 2.5
194.49695420265198  seconds  2.4372546507317705 1.4115601912212083 12.9
194.86412858963013  seconds  2.4372546507317705 1.4115601912212083 3.2
188.23191952705383  seconds  2.4372546507317705 1.4115601912212083 3.9000000000000004
194.10777044296265  seconds  2.4372546507317705 1.4115601912212083 13.600000000000001
193.9637529850006  seconds  2.4372546507317705 1.4115601912212083 14.3
192.81037044525146  seconds  2.4372546507317705 1.4115601912212083 4.6000000000000005
180.97476768493652  seconds  2.4372546507317705 1.4115601912212083 5.300000000000001
193.44734382629395  seconds  2.4372546507317705 1.4115601912212083 6.7
200.89940810203552  seconds  2.4372546507317705 1.4115601912212083 6.0
188.3291449546814  seconds  2.4372546507317705 1.4115601912212083 8.1
191.79578733444214  seconds  2.4372546507317705 1.4115601912212083 7.4
193.6540403366089  seconds  2.4372546507317705 1.4115601912212083 8.8
193.2466595172882  seconds  2.4372546507317705 1.4115601912212083 9.5
190.62314820289612  seconds  2.4372546507317705 1.4115601912212083 0.5
190.4061577320099  seconds  2.4372546507317705 1.4115601912212083 10.200000000000001
184.847265958786  seconds  2.4372546507317705 1.4115601912212083 1.9000000000000001
180.51507353782654  seconds  2.4372546507317705 1.4115601912212083 10.9
194.72811245918274  seconds  2.4372546507317705 1.4115601912212083 1.2000000000000002
192.25747847557068  seconds  2.4372546507317705 1.4115601912212083 11.600000000000001
191.00176072120667  seconds  2.4372546507317705 1.4115601912212083 12.3
192.9006748199463  seconds  2.4372546507317705 1.4115601912212083 2.6
194.43699383735657  seconds  2.4372546507317705 1.4115601912212083 13.0
187.47827196121216  seconds  2.4372546507317705 1.4115601912212083 13.700000000000001
196.51428055763245  seconds  2.4372546507317705 1.4115601912212083 3.3000000000000003
195.2063615322113  seconds  2.4372546507317705 1.4115601912212083 4.0
192.5574185848236  seconds  2.4372546507317705 1.4115601912212083 4.7
195.3416748046875  seconds  2.4372546507317705 1.4115601912212083 14.4
190.6666419506073  seconds  2.4372546507317705 1.4115601912212083 5.4
190.59434938430786  seconds  2.4372546507317705 1.4115601912212083 6.1000000000000005
193.88268446922302  seconds  2.4372546507317705 1.4115601912212083 6.800000000000001
191.57516360282898  seconds  2.4372546507317705 1.4115601912212083 8.200000000000001
190.47646474838257  seconds  2.4372546507317705 1.4115601912212083 7.5
183.57416129112244  seconds  2.4372546507317705 1.4115601912212083 8.9
194.41660618782043  seconds  2.4372546507317705 1.4115601912212083 9.600000000000001
189.3296182155609  seconds  2.4372546507317705 1.4115601912212083 0.6000000000000001
196.55622601509094  seconds  2.4372546507317705 1.4115601912212083 10.3
191.81855034828186  seconds  2.4372546507317705 1.4115601912212083 2.0
189.18519926071167  seconds  2.4372546507317705 1.4115601912212083 11.0
190.98370337486267  seconds  2.4372546507317705 1.4115601912212083 1.3
184.48028087615967  seconds  2.4372546507317705 1.4115601912212083 11.700000000000001
188.84533762931824  seconds  2.4372546507317705 1.4115601912212083 2.7
191.42856121063232  seconds  2.4372546507317705 1.4115601912212083 12.4
173.72078108787537  seconds  2.4372546507317705 1.4115601912212083 3.4000000000000004
182.74180603027344  seconds  2.4372546507317705 1.4115601912212083 13.100000000000001
180.83595442771912  seconds  2.4372546507317705 1.4115601912212083 4.1000000000000005
183.10432028770447  seconds  2.4372546507317705 1.4115601912212083 13.8
169.3412868976593  seconds  2.4372546507317705 1.4115601912212083 5.5
175.78724145889282  seconds  2.4372546507317705 1.4115601912212083 14.5
178.5344500541687  seconds  2.4372546507317705 1.4115601912212083 4.800000000000001
150.77783584594727  seconds  2.4372546507317705 1.4115601912212083 6.2
156.84742879867554  seconds  2.4372546507317705 1.4115601912212083 6.9
144.17268753051758  seconds  2.4372546507317705 1.4115601912212083 8.3
143.68850088119507  seconds  2.4372546507317705 1.4115601912212083 7.6000000000000005
145.33088850975037  seconds  2.4372546507317705 1.4115601912212083 9.0
132.13817858695984  seconds  2.4372546507317705 1.4115601912212083 9.700000000000001
120.39715528488159  seconds  2.4372546507317705 1.4115601912212083 10.4
123.59296774864197  seconds  2.4372546507317705 1.4115601912212083 11.100000000000001
121.82043170928955  seconds  2.4372546507317705 1.4115601912212083 11.8
116.52288746833801  seconds  2.4372546507317705 1.4115601912212083 12.5
104.2033543586731  seconds  2.4372546507317705 1.4115601912212083 13.200000000000001
103.75623297691345  seconds  2.4372546507317705 1.4115601912212083 13.9
100.37543082237244  seconds  2.4372546507317705 1.4115601912212083 14.600000000000001
time for calc.... 1439.3359220027924
 plotting data from the run ...
saving data from the run ...
80164.38user 33283.51system 2:22:13elapsed 1329%CPU (0avgtext+0avgdata 21666152maxresident)k
864inputs+133040outputs (387major+554141745minor)pagefaults 0swaps
