Machine arg is, CH1
Machine arg is, CH1
started calculating filling for chemical potential and dispersion parameters TB_single_band..
Machine arg is, CH1
reading lattice from... ./Lattices/KgridX1200.npy
reading lattice from... ./Lattices/KgridY1200.npy
Machine arg is, CH1
reading lattice from... ./Lattices/KgridX1200.npy
reading lattice from... ./Lattices/KgridY1200.npy
norm of Dos, 42.97093206665365 45.58575006211245
sum of the hist, normed? 42.97093206665365
finished calculating filling for chemical potential
Filling: 0.06097483973436045 .... chemical potential: -233.10534693634725
Machine arg is, CH1
reading lattice from... ./Lattices/KgridX1200.npy
reading lattice from... ./Lattices/KgridY1200.npy
sum of the hist, normed? 0.9999999999999923
The fermi energy in mev is: 349.69071267816986, and in units of J: 33.81921786055801, the bandwidth is:494.39071566731144
starting contour.....
finished contour..... 4.214594841003418
Machine arg is, CH1
ED starting sampling in reciprocal space....
starting high res contour.....
attempting countour of size 20520
number of sheets..... 1
contour size before interpolation..... 25741
finished high res contour..... 125.750403881073
range of angles from marching squares -3.141437150413398 3.1414371504133984
comparing volume elements 

0.006135923151542766
1.148576430038414e-05 1.1486114818030822e-05
shapes, are they adequate? (65537, 1025) 65537 1025
finished sampling in reciprocal space....t= 127.26707744598389  s


differentials, dr= 1.1486114818030822e-05   dth= 0.006135923151542766


energy at the point.. -0.46684050412863964 -0.8161238444984666  is  -3.537894173177847e-05
75 the points 7 chunk numtheads
starting with calculation of Sigma
185.71875834465027  seconds  -0.46684050412863964 -0.8161238444984666 0.0 0.11386799347702907
180.69088530540466  seconds  -0.46684050412863964 -0.8161238444984666 0.8 0.11696882258650428
176.56875371932983  seconds  -0.46684050412863964 -0.8161238444984666 1.6 0.1243772949719842
179.17573380470276  seconds  -0.46684050412863964 -0.8161238444984666 2.4000000000000004 0.1339271108776056
172.06047868728638  seconds  -0.46684050412863964 -0.8161238444984666 4.0 0.15003350931457743
175.0425488948822  seconds  -0.46684050412863964 -0.8161238444984666 4.800000000000001 0.1549536910737772
188.14817452430725  seconds  -0.46684050412863964 -0.8161238444984666 3.2 0.14294672252401777
172.50768613815308  seconds  -0.46684050412863964 -0.8161238444984666 5.6000000000000005 0.15810934522812156
147.96151995658875  seconds  -0.46684050412863964 -0.8161238444984666 1.0 0.1189120952655549
144.92343759536743  seconds  -0.46684050412863964 -0.8161238444984666 2.6 0.1363208838994958
160.238130569458  seconds  -0.46684050412863964 -0.8161238444984666 0.2 0.11397144267989275
146.9562795162201  seconds  -0.46684050412863964 -0.8161238444984666 4.2 0.15145716496133416
145.0464870929718  seconds  -0.46684050412863964 -0.8161238444984666 5.0 0.15588595297336114
142.11921405792236  seconds  -0.46684050412863964 -0.8161238444984666 5.800000000000001 0.15868963768872454
147.79725074768066  seconds  -0.46684050412863964 -0.8161238444984666 3.4000000000000004 0.14492300551924767
171.28424215316772  seconds  -0.46684050412863964 -0.8161238444984666 1.8 0.1267938308435669
114.66408705711365  seconds  -0.46684050412863964 -0.8161238444984666 1.2000000000000002 0.12016582613948845
111.87544393539429  seconds  -0.46684050412863964 -0.8161238444984666 2.8000000000000003 0.1386262800369935
112.46736454963684  seconds  -0.46684050412863964 -0.8161238444984666 6.0 0.1592038221039575
114.5331883430481  seconds  -0.46684050412863964 -0.8161238444984666 5.2 0.15671657041663925
112.59513807296753  seconds  -0.46684050412863964 -0.8161238444984666 3.6 0.14676828438296147
123.98916149139404  seconds  -0.46684050412863964 -0.8161238444984666 4.4 0.15274738522352527
142.0093731880188  seconds  -0.46684050412863964 -0.8161238444984666 0.4 0.11447847340392818
142.306067943573  seconds  -0.46684050412863964 -0.8161238444984666 2.0 0.12912333870253803
116.16467118263245  seconds  -0.46684050412863964 -0.8161238444984666 1.4000000000000001 0.1222638108184309
117.72017979621887  seconds  -0.46684050412863964 -0.8161238444984666 3.0 0.14084170333260207
121.49107813835144  seconds  -0.46684050412863964 -0.8161238444984666 6.2 0.1596596919934233
123.2238667011261  seconds  -0.46684050412863964 -0.8161238444984666 5.4 0.15745458620824038
121.43081498146057  seconds  -0.46684050412863964 -0.8161238444984666 4.6000000000000005 0.15391036863038823
122.32235836982727  seconds  -0.46684050412863964 -0.8161238444984666 3.8000000000000003 0.1484711695631087
145.50107598304749  seconds  -0.46684050412863964 -0.8161238444984666 0.6000000000000001 0.115730710671136
155.09491872787476  seconds  -0.46684050412863964 -0.8161238444984666 2.2 0.13156378702280352
121.31149864196777  seconds  -0.46684050412863964 -0.8161238444984666 6.4 0.16006441607464975
120.42102098464966  seconds  -0.46684050412863964 -0.8161238444984666 7.2 0.1612932194041183
118.9565372467041  seconds  -0.46684050412863964 -0.8161238444984666 8.0 0.16211730095129956
118.8321430683136  seconds  -0.46684050412863964 -0.8161238444984666 8.8 0.16272908486112053
122.982008934021  seconds  -0.46684050412863964 -0.8161238444984666 9.600000000000001 0.16323487281690657
121.55362439155579  seconds  -0.46684050412863964 -0.8161238444984666 10.4 0.1636902908328192
160.1122636795044  seconds  -0.46684050412863964 -0.8161238444984666 11.200000000000001 0.1641233601555938
123.34519958496094  seconds  -0.46684050412863964 -0.8161238444984666 6.6000000000000005 0.16042455239527864
157.27162885665894  seconds  -0.46684050412863964 -0.8161238444984666 12.0 0.16454781536654425
125.78358578681946  seconds  -0.46684050412863964 -0.8161238444984666 7.4 0.16152778946635488
121.46584153175354  seconds  -0.46684050412863964 -0.8161238444984666 8.200000000000001 0.16228484249132683
122.22671723365784  seconds  -0.46684050412863964 -0.8161238444984666 9.0 0.1628626489842089
117.83370304107666  seconds  -0.46684050412863964 -0.8161238444984666 9.8 0.16335201373896024
122.91752982139587  seconds  -0.46684050412863964 -0.8161238444984666 10.600000000000001 0.16379994415168134
127.85490083694458  seconds  -0.46684050412863964 -0.8161238444984666 11.4 0.1642299389009438
121.01981258392334  seconds  -0.46684050412863964 -0.8161238444984666 6.800000000000001 0.16074599434671435
120.81919312477112  seconds  -0.46684050412863964 -0.8161238444984666 7.6000000000000005 0.16174130727788646
124.41142392158508  seconds  -0.46684050412863964 -0.8161238444984666 8.4 0.1624415452562671
121.53973889350891  seconds  -0.46684050412863964 -0.8161238444984666 9.200000000000001 0.16299089139025105
148.8812174797058  seconds  -0.46684050412863964 -0.8161238444984666 12.200000000000001 0.16465345128339345
122.70894408226013  seconds  -0.46684050412863964 -0.8161238444984666 10.0 0.16346667410616791
124.92825651168823  seconds  -0.46684050412863964 -0.8161238444984666 10.8 0.16390853196439684
125.26899242401123  seconds  -0.46684050412863964 -0.8161238444984666 7.0 0.1610339886797919
145.7783408164978  seconds  -0.46684050412863964 -0.8161238444984666 11.600000000000001 0.16433613985823656
124.05128312110901  seconds  -0.46684050412863964 -0.8161238444984666 7.800000000000001 0.16193690451319775
126.06571984291077  seconds  -0.46684050412863964 -0.8161238444984666 8.6 0.16258913475309641
123.24171566963196  seconds  -0.46684050412863964 -0.8161238444984666 9.4 0.16311471242242906
130.26142764091492  seconds  -0.46684050412863964 -0.8161238444984666 10.200000000000001 0.16357930667534762
126.50305080413818  seconds  -0.46684050412863964 -0.8161238444984666 11.0 0.16401627575398495
165.7602071762085  seconds  -0.46684050412863964 -0.8161238444984666 12.4 0.16475903765976513
122.81046438217163  seconds  -0.46684050412863964 -0.8161238444984666 12.8 0.16497025395893747
119.81729650497437  seconds  -0.46684050412863964 -0.8161238444984666 13.600000000000001 0.1653937965380458
134.77642917633057  seconds  -0.46684050412863964 -0.8161238444984666 11.8 0.16444206927828395
119.45394921302795  seconds  -0.46684050412863964 -0.8161238444984666 14.4 0.16581990063252838
126.36184310913086  seconds  -0.46684050412863964 -0.8161238444984666 12.600000000000001 0.16486462470328037
89.12956285476685  seconds  -0.46684050412863964 -0.8161238444984666 13.0 0.16507595977799158
87.56403684616089  seconds  -0.46684050412863964 -0.8161238444984666 13.8 0.165500047047438
87.41401982307434  seconds  -0.46684050412863964 -0.8161238444984666 14.600000000000001 0.16592691582620653
94.45756220817566  seconds  -0.46684050412863964 -0.8161238444984666 13.200000000000001 0.1651817705419444
96.21509337425232  seconds  -0.46684050412863964 -0.8161238444984666 14.0 0.16560647434491166
99.21143078804016  seconds  -0.46684050412863964 -0.8161238444984666 14.8 0.16603414082399107
98.02478265762329  seconds  -0.46684050412863964 -0.8161238444984666 13.4 0.16528770968369103
97.25433659553528  seconds  -0.46684050412863964 -0.8161238444984666 14.200000000000001 0.16571308924170003
time for calc.... 1491.0702126026154
energy at the point.. -0.5494051427471868 -0.763146458061712  is  -3.015605346945449e-05
75 the points 7 chunk numtheads
starting with calculation of Sigma
109.12168192863464  seconds  -0.5494051427471868 -0.763146458061712 0.0 0.11382238479121069
117.03009963035583  seconds  -0.5494051427471868 -0.763146458061712 3.2 0.14295178765413422
148.94789338111877  seconds  -0.5494051427471868 -0.763146458061712 0.8 0.11690262727400387
150.06722378730774  seconds  -0.5494051427471868 -0.763146458061712 2.4000000000000004 0.13395279746553118
156.15665864944458  seconds  -0.5494051427471868 -0.763146458061712 1.6 0.12442935644349432
136.99432349205017  seconds  -0.5494051427471868 -0.763146458061712 4.0 0.15003865188611132
136.67736792564392  seconds  -0.5494051427471868 -0.763146458061712 4.800000000000001 0.15495953974544494
153.96811866760254  seconds  -0.5494051427471868 -0.763146458061712 5.6000000000000005 0.15811566606819513
125.97220659255981  seconds  -0.5494051427471868 -0.763146458061712 0.2 0.11410206790962166
127.68013167381287  seconds  -0.5494051427471868 -0.763146458061712 3.4000000000000004 0.1449295465671466
137.0925498008728  seconds  -0.5494051427471868 -0.763146458061712 4.2 0.15146272917836526
143.85306358337402  seconds  -0.5494051427471868 -0.763146458061712 5.0 0.15589201415450815
168.74100184440613  seconds  -0.5494051427471868 -0.763146458061712 1.0 0.1184483201897742
168.6049098968506  seconds  -0.5494051427471868 -0.763146458061712 1.8 0.12673522494826417
169.06179809570312  seconds  -0.5494051427471868 -0.763146458061712 2.6 0.136329079145368
126.93126893043518  seconds  -0.5494051427471868 -0.763146458061712 0.4 0.11461460086226229
177.42485547065735  seconds  -0.5494051427471868 -0.763146458061712 5.800000000000001 0.1586960179696923
126.42134666442871  seconds  -0.5494051427471868 -0.763146458061712 3.6 0.14677288716002412
130.22006177902222  seconds  -0.5494051427471868 -0.763146458061712 5.2 0.1567226334003658
153.54316782951355  seconds  -0.5494051427471868 -0.763146458061712 4.4 0.15275317718474624
129.08216452598572  seconds  -0.5494051427471868 -0.763146458061712 0.6000000000000001 0.11582988844804293
168.22247791290283  seconds  -0.5494051427471868 -0.763146458061712 1.2000000000000002 0.1203261900092121
163.8448474407196  seconds  -0.5494051427471868 -0.763146458061712 2.8000000000000003 0.13863549421443172
165.5823836326599  seconds  -0.5494051427471868 -0.763146458061712 2.0 0.129119875004527
124.67298173904419  seconds  -0.5494051427471868 -0.763146458061712 3.8000000000000003 0.1484760838641129
154.58991479873657  seconds  -0.5494051427471868 -0.763146458061712 6.0 0.15921024862954425
122.11978149414062  seconds  -0.5494051427471868 -0.763146458061712 5.4 0.15746082058307828
125.12051939964294  seconds  -0.5494051427471868 -0.763146458061712 4.6000000000000005 0.15391614933249173
117.1240611076355  seconds  -0.5494051427471868 -0.763146458061712 6.4 0.16007093846134027
126.76175737380981  seconds  -0.5494051427471868 -0.763146458061712 1.4000000000000001 0.12224825212843399
133.82484650611877  seconds  -0.5494051427471868 -0.763146458061712 3.0 0.14084855487521508
137.4089069366455  seconds  -0.5494051427471868 -0.763146458061712 2.2 0.1315351758588264
123.12428665161133  seconds  -0.5494051427471868 -0.763146458061712 7.2 0.16129985962391913
157.91904950141907  seconds  -0.5494051427471868 -0.763146458061712 6.2 0.15966616004373946
128.16140866279602  seconds  -0.5494051427471868 -0.763146458061712 8.0 0.1621239965583514
132.12168383598328  seconds  -0.5494051427471868 -0.763146458061712 8.8 0.16273579811897165
125.49379920959473  seconds  -0.5494051427471868 -0.763146458061712 6.6000000000000005 0.1604311151530155
137.80174827575684  seconds  -0.5494051427471868 -0.763146458061712 7.4 0.1615344497253074
174.59935116767883  seconds  -0.5494051427471868 -0.763146458061712 9.600000000000001 0.16324158380013037
167.82542395591736  seconds  -0.5494051427471868 -0.763146458061712 10.4 0.16369698882179973
174.72983622550964  seconds  -0.5494051427471868 -0.763146458061712 11.200000000000001 0.16413003944145763
132.44570088386536  seconds  -0.5494051427471868 -0.763146458061712 8.200000000000001 0.16229154538375518
138.39709877967834  seconds  -0.5494051427471868 -0.763146458061712 9.0 0.1628693631025526
176.51336097717285  seconds  -0.5494051427471868 -0.763146458061712 12.0 0.16455447280047622
132.42422223091125  seconds  -0.5494051427471868 -0.763146458061712 6.800000000000001 0.160752583968304
122.72799825668335  seconds  -0.5494051427471868 -0.763146458061712 7.6000000000000005 0.16174798097787746
143.2409381866455  seconds  -0.5494051427471868 -0.763146458061712 9.8 0.16335872216669378
137.36535048484802  seconds  -0.5494051427471868 -0.763146458061712 10.600000000000001 0.16380663786216837
127.44327926635742  seconds  -0.5494051427471868 -0.763146458061712 11.4 0.16423661295602396
118.55713319778442  seconds  -0.5494051427471868 -0.763146458061712 8.4 0.16244825305307783
115.3679461479187  seconds  -0.5494051427471868 -0.763146458061712 9.200000000000001 0.16299760519665346
115.461186170578  seconds  -0.5494051427471868 -0.763146458061712 7.0 0.1610406088258414
145.7365005016327  seconds  -0.5494051427471868 -0.763146458061712 12.200000000000001 0.16466010292546218
118.18098449707031  seconds  -0.5494051427471868 -0.763146458061712 7.800000000000001 0.16194359040458
124.07919192314148  seconds  -0.5494051427471868 -0.763146458061712 10.0 0.16347337950882673
118.94757318496704  seconds  -0.5494051427471868 -0.763146458061712 11.600000000000001 0.1643428085145896
122.32337546348572  seconds  -0.5494051427471868 -0.763146458061712 10.8 0.16391522110611345
121.2172327041626  seconds  -0.5494051427471868 -0.763146458061712 8.6 0.1625958460960841
118.2231912612915  seconds  -0.5494051427471868 -0.763146458061712 9.4 0.16312142517804265
120.8504090309143  seconds  -0.5494051427471868 -0.763146458061712 12.8 0.1649768876423915
111.71059966087341  seconds  -0.5494051427471868 -0.763146458061712 13.600000000000001 0.16540040518524543
132.13753414154053  seconds  -0.5494051427471868 -0.763146458061712 12.4 0.16476568340656936
107.57440137863159  seconds  -0.5494051427471868 -0.763146458061712 11.8 0.16444873238849353
110.00705432891846  seconds  -0.5494051427471868 -0.763146458061712 10.200000000000001 0.163586008567838
109.64795541763306  seconds  -0.5494051427471868 -0.763146458061712 11.0 0.16402296007816347
105.06191110610962  seconds  -0.5494051427471868 -0.763146458061712 14.4 0.16582648325308494
106.67219829559326  seconds  -0.5494051427471868 -0.763146458061712 13.0 0.16508258730719272
110.14045286178589  seconds  -0.5494051427471868 -0.763146458061712 13.8 0.16550664927365516
132.5828456878662  seconds  -0.5494051427471868 -0.763146458061712 12.600000000000001 0.16487126446134112
99.1254997253418  seconds  -0.5494051427471868 -0.763146458061712 14.600000000000001 0.1659334918031508
99.18212652206421  seconds  -0.5494051427471868 -0.763146458061712 13.200000000000001 0.1651883918435166
92.09546709060669  seconds  -0.5494051427471868 -0.763146458061712 14.0 0.16561307009142293
94.15808653831482  seconds  -0.5494051427471868 -0.763146458061712 14.8 0.16604071010542096
96.18867492675781  seconds  -0.5494051427471868 -0.763146458061712 13.4 0.16529432468999827
97.59593439102173  seconds  -0.5494051427471868 -0.763146458061712 14.200000000000001 0.1657196784527468
time for calc.... 1458.9689021110535
energy at the point.. -0.6316946223386433 -0.697088222511951  is  -3.426924013183452e-05
75 the points 7 chunk numtheads
starting with calculation of Sigma
187.18035006523132  seconds  -0.6316946223386433 -0.697088222511951 0.0 0.11407271742652876
151.22799253463745  seconds  -0.6316946223386433 -0.697088222511951 4.0 0.15005443079833722
154.77724933624268  seconds  -0.6316946223386433 -0.697088222511951 4.800000000000001 0.1549771395617056
189.80653524398804  seconds  -0.6316946223386433 -0.697088222511951 0.8 0.11699646308287794
187.65296602249146  seconds  -0.6316946223386433 -0.697088222511951 1.6 0.12443320529488103
156.52402234077454  seconds  -0.6316946223386433 -0.697088222511951 5.6000000000000005 0.15813437225602708
185.98182725906372  seconds  -0.6316946223386433 -0.697088222511951 2.4000000000000004 0.13396142067603822
185.91936659812927  seconds  -0.6316946223386433 -0.697088222511951 3.2 0.14296590495843586
116.17325139045715  seconds  -0.6316946223386433 -0.697088222511951 4.2 0.15147917106762052
121.0900068283081  seconds  -0.6316946223386433 -0.697088222511951 0.2 0.11427893010319427
114.48622941970825  seconds  -0.6316946223386433 -0.697088222511951 5.0 0.1559099039092059
121.23045539855957  seconds  -0.6316946223386433 -0.697088222511951 5.800000000000001 0.15871493002329912
125.74397921562195  seconds  -0.6316946223386433 -0.697088222511951 1.8 0.1267587399090444
125.09232449531555  seconds  -0.6316946223386433 -0.697088222511951 2.6 0.13633864036533658
136.43756890296936  seconds  -0.6316946223386433 -0.697088222511951 1.0 0.11845277362385762
136.74802041053772  seconds  -0.6316946223386433 -0.697088222511951 3.4000000000000004 0.14494402031806203
122.13666796684265  seconds  -0.6316946223386433 -0.697088222511951 4.4 0.1527700323902064
121.08765053749084  seconds  -0.6316946223386433 -0.697088222511951 5.2 0.15674086065205328
119.32716083526611  seconds  -0.6316946223386433 -0.697088222511951 2.0 0.12913211340832756
139.65659880638123  seconds  -0.6316946223386433 -0.697088222511951 0.4 0.11476178779729791
122.3004674911499  seconds  -0.6316946223386433 -0.697088222511951 6.0 0.15922933995945496
119.41529607772827  seconds  -0.6316946223386433 -0.697088222511951 2.8000000000000003 0.13864672607877757
148.65799260139465  seconds  -0.6316946223386433 -0.697088222511951 1.2000000000000002 0.12030840550724235
154.21204113960266  seconds  -0.6316946223386433 -0.697088222511951 3.6 0.1467874496441718
119.69764256477356  seconds  -0.6316946223386433 -0.697088222511951 4.6000000000000005 0.15393340622657775
118.82181453704834  seconds  -0.6316946223386433 -0.697088222511951 5.4 0.15747929577842423
120.3703043460846  seconds  -0.6316946223386433 -0.697088222511951 2.2 0.1315497934919881
117.8732430934906  seconds  -0.6316946223386433 -0.697088222511951 3.0 0.14086260669923842
121.39967775344849  seconds  -0.6316946223386433 -0.697088222511951 6.2 0.15968540695446515
142.15236520767212  seconds  -0.6316946223386433 -0.697088222511951 0.6000000000000001 0.11604246928122966
135.84968757629395  seconds  -0.6316946223386433 -0.697088222511951 1.4000000000000001 0.12229580199182694
129.3885531425476  seconds  -0.6316946223386433 -0.697088222511951 3.8000000000000003 0.14849122069982854
111.78696131706238  seconds  -0.6316946223386433 -0.697088222511951 6.4 0.16009031527696338
113.31758141517639  seconds  -0.6316946223386433 -0.697088222511951 7.2 0.16131958665720028
110.19555830955505  seconds  -0.6316946223386433 -0.697088222511951 8.0 0.16214388124517395
112.82311916351318  seconds  -0.6316946223386433 -0.697088222511951 8.8 0.16275573108596816
115.62291550636292  seconds  -0.6316946223386433 -0.697088222511951 9.600000000000001 0.16326150491832037
142.07626342773438  seconds  -0.6316946223386433 -0.697088222511951 10.4 0.16371686608329422
138.76485800743103  seconds  -0.6316946223386433 -0.697088222511951 11.200000000000001 0.16414985567394133
121.67415261268616  seconds  -0.6316946223386433 -0.697088222511951 6.6000000000000005 0.16045060406864245
147.87879037857056  seconds  -0.6316946223386433 -0.697088222511951 12.0 0.1645742184992504
121.98339366912842  seconds  -0.6316946223386433 -0.697088222511951 7.4 0.16155423005324074
119.22301506996155  seconds  -0.6316946223386433 -0.697088222511951 8.200000000000001 0.1623114500995389
119.56691765785217  seconds  -0.6316946223386433 -0.697088222511951 9.0 0.1628892973544577
122.83499956130981  seconds  -0.6316946223386433 -0.697088222511951 9.8 0.1633786345822055
149.3339171409607  seconds  -0.6316946223386433 -0.697088222511951 10.600000000000001 0.16382650108176613
152.72923731803894  seconds  -0.6316946223386433 -0.697088222511951 11.4 0.1642564122503063
130.4881932735443  seconds  -0.6316946223386433 -0.697088222511951 6.800000000000001 0.1607721665010973
125.1696150302887  seconds  -0.6316946223386433 -0.697088222511951 7.6000000000000005 0.1617678049447742
124.73241448402405  seconds  -0.6316946223386433 -0.697088222511951 8.4 0.16246817193911728
125.01370644569397  seconds  -0.6316946223386433 -0.697088222511951 9.200000000000001 0.16301753760717808
153.39010858535767  seconds  -0.6316946223386433 -0.697088222511951 12.200000000000001 0.1646798300048076
124.66656231880188  seconds  -0.6316946223386433 -0.697088222511951 10.0 0.16349328156028362
123.16705203056335  seconds  -0.6316946223386433 -0.697088222511951 10.8 0.16393506939787741
99.37597894668579  seconds  -0.6316946223386433 -0.697088222511951 7.0 0.1610602700799346
99.6266028881073  seconds  -0.6316946223386433 -0.697088222511951 7.800000000000001 0.1619634485094568
108.39990139007568  seconds  -0.6316946223386433 -0.697088222511951 11.600000000000001 0.1643625903680579
95.82363271713257  seconds  -0.6316946223386433 -0.697088222511951 8.6 0.1626157741490521
94.0327639579773  seconds  -0.6316946223386433 -0.697088222511951 9.4 0.1631413530826103
96.24622893333435  seconds  -0.6316946223386433 -0.697088222511951 10.200000000000001 0.16360589882328114
106.08471536636353  seconds  -0.6316946223386433 -0.697088222511951 12.4 0.16478539155529467
120.43813872337341  seconds  -0.6316946223386433 -0.697088222511951 11.0 0.16404279267321947
108.87790989875793  seconds  -0.6316946223386433 -0.697088222511951 12.8 0.16499655711060263
109.74059915542603  seconds  -0.6316946223386433 -0.697088222511951 13.600000000000001 0.1654199945752295
110.78659081459045  seconds  -0.6316946223386433 -0.697088222511951 14.4 0.16584598959272778
124.00444197654724  seconds  -0.6316946223386433 -0.697088222511951 11.8 0.1644684963596459
124.54294109344482  seconds  -0.6316946223386433 -0.697088222511951 12.600000000000001 0.16489095339809814
95.620530128479  seconds  -0.6316946223386433 -0.697088222511951 13.0 0.16510223707081229
95.05893468856812  seconds  -0.6316946223386433 -0.697088222511951 13.8 0.16552621815843885
94.65987873077393  seconds  -0.6316946223386433 -0.697088222511951 14.600000000000001 0.16595297696909989
82.37639474868774  seconds  -0.6316946223386433 -0.697088222511951 13.200000000000001 0.16520802168355087
81.92254638671875  seconds  -0.6316946223386433 -0.697088222511951 14.0 0.16563261829526946
82.70059823989868  seconds  -0.6316946223386433 -0.697088222511951 14.8 0.16606017394156167
86.41684055328369  seconds  -0.6316946223386433 -0.697088222511951 13.4 0.16531393440159262
88.96107602119446  seconds  -0.6316946223386433 -0.697088222511951 14.200000000000001 0.1657392058064487
time for calc.... 1415.788601398468
energy at the point.. -0.6998534126458442 -0.6292916123424597  is  -2.4675983667066248e-05
75 the points 7 chunk numtheads
starting with calculation of Sigma
130.58898639678955  seconds  -0.6998534126458442 -0.6292916123424597 2.4000000000000004 0.1339740184560617
150.96426510810852  seconds  -0.6998534126458442 -0.6292916123424597 0.0 0.11416676758492844
154.06886100769043  seconds  -0.6998534126458442 -0.6292916123424597 0.8 0.11699743050864057
161.31096363067627  seconds  -0.6998534126458442 -0.6292916123424597 1.6 0.1244537534367685
149.81462693214417  seconds  -0.6998534126458442 -0.6292916123424597 3.2 0.14298144336107993
133.149090051651  seconds  -0.6998534126458442 -0.6292916123424597 5.6000000000000005 0.15815560303225762
153.4091875553131  seconds  -0.6998534126458442 -0.6292916123424597 4.0 0.15007238249518234
164.05124878883362  seconds  -0.6998534126458442 -0.6292916123424597 4.800000000000001 0.154997073388467
108.07375717163086  seconds  -0.6998534126458442 -0.6292916123424597 2.6 0.13635182128401344
128.1168909072876  seconds  -0.6998534126458442 -0.6292916123424597 0.2 0.11448473758869207
129.7456295490265  seconds  -0.6998534126458442 -0.6292916123424597 1.0 0.1185043627320175
112.02341413497925  seconds  -0.6998534126458442 -0.6292916123424597 5.800000000000001 0.15873639201169487
116.49477458000183  seconds  -0.6998534126458442 -0.6292916123424597 3.4000000000000004 0.14496004592418904
112.88802409172058  seconds  -0.6998534126458442 -0.6292916123424597 4.2 0.15149768661697985
130.760986328125  seconds  -0.6998534126458442 -0.6292916123424597 1.8 0.12675446830119907
131.7110013961792  seconds  -0.6998534126458442 -0.6292916123424597 5.0 0.15593022806083393
119.6145601272583  seconds  -0.6998534126458442 -0.6292916123424597 2.8000000000000003 0.13866024035137234
121.8106119632721  seconds  -0.6998534126458442 -0.6292916123424597 6.0 0.1592510027341292
122.28061270713806  seconds  -0.6998534126458442 -0.6292916123424597 3.6 0.14680407384318453
139.93029236793518  seconds  -0.6998534126458442 -0.6292916123424597 0.4 0.11484689309780341
123.88387799263  seconds  -0.6998534126458442 -0.6292916123424597 4.4 0.15278907058204855
137.9005126953125  seconds  -0.6998534126458442 -0.6292916123424597 1.2000000000000002 0.12035531221659472
141.27685475349426  seconds  -0.6998534126458442 -0.6292916123424597 2.0 0.12914071887802656
142.06493306159973  seconds  -0.6998534126458442 -0.6292916123424597 5.2 0.15676152593913667
121.14040637016296  seconds  -0.6998534126458442 -0.6292916123424597 3.0 0.14087666207445382
118.33339262008667  seconds  -0.6998534126458442 -0.6292916123424597 6.2 0.15970724310262552
118.05683946609497  seconds  -0.6998534126458442 -0.6292916123424597 3.8000000000000003 0.14850858339420603
116.37400197982788  seconds  -0.6998534126458442 -0.6292916123424597 4.6000000000000005 0.15395291063698
143.42364120483398  seconds  -0.6998534126458442 -0.6292916123424597 0.6000000000000001 0.11562661544470966
139.900324344635  seconds  -0.6998534126458442 -0.6292916123424597 1.4000000000000001 0.12225477741687733
142.18351554870605  seconds  -0.6998534126458442 -0.6292916123424597 2.2 0.13155831282568187
137.25510382652283  seconds  -0.6998534126458442 -0.6292916123424597 5.4 0.15750026023244426
115.10751843452454  seconds  -0.6998534126458442 -0.6292916123424597 6.4 0.16011230007159108
105.0032696723938  seconds  -0.6998534126458442 -0.6292916123424597 7.2 0.16134196781933124
107.5193977355957  seconds  -0.6998534126458442 -0.6292916123424597 8.0 0.1621664411346
103.88318371772766  seconds  -0.6998534126458442 -0.6292916123424597 8.8 0.16277834471856756
117.04246282577515  seconds  -0.6998534126458442 -0.6292916123424597 9.600000000000001 0.16328410441009514
119.91940665245056  seconds  -0.6998534126458442 -0.6292916123424597 10.4 0.16373941498308706
121.76765036582947  seconds  -0.6998534126458442 -0.6292916123424597 11.200000000000001 0.16417233449770816
98.1669590473175  seconds  -0.6998534126458442 -0.6292916123424597 6.6000000000000005 0.16047271518099349
116.92496538162231  seconds  -0.6998534126458442 -0.6292916123424597 12.0 0.16459661644831478
99.15702104568481  seconds  -0.6998534126458442 -0.6292916123424597 7.4 0.16157667205040724
98.43056273460388  seconds  -0.6998534126458442 -0.6292916123424597 9.0 0.1629119122636833
102.86623859405518  seconds  -0.6998534126458442 -0.6292916123424597 8.200000000000001 0.16233403220108492
113.28476333618164  seconds  -0.6998534126458442 -0.6292916123424597 9.8 0.16340122398834891
111.45563697814941  seconds  -0.6998534126458442 -0.6292916123424597 10.600000000000001 0.16384903384764196
90.01513075828552  seconds  -0.6998534126458442 -0.6292916123424597 6.800000000000001 0.16079438435855697
108.5401885509491  seconds  -0.6998534126458442 -0.6292916123424597 11.4 0.1642788716455381
91.58274531364441  seconds  -0.6998534126458442 -0.6292916123424597 7.6000000000000005 0.16179029573078968
107.83745050430298  seconds  -0.6998534126458442 -0.6292916123424597 12.200000000000001 0.16470220661544177
90.0322732925415  seconds  -0.6998534126458442 -0.6292916123424597 9.200000000000001 0.16304015024690677
91.69146728515625  seconds  -0.6998534126458442 -0.6292916123424597 8.4 0.16249076984264638
107.28492712974548  seconds  -0.6998534126458442 -0.6292916123424597 10.0 0.16351585899485369
95.29881834983826  seconds  -0.6998534126458442 -0.6292916123424597 7.0 0.1610825772464157
107.25219893455505  seconds  -0.6998534126458442 -0.6292916123424597 10.8 0.16395758501669477
94.27257990837097  seconds  -0.6998534126458442 -0.6292916123424597 7.800000000000001 0.16198597817295624
109.4079487323761  seconds  -0.6998534126458442 -0.6292916123424597 11.600000000000001 0.16438502976287797
93.57783818244934  seconds  -0.6998534126458442 -0.6292916123424597 9.4 0.16316396043597758
91.27383661270142  seconds  -0.6998534126458442 -0.6292916123424597 8.6 0.16263838233514066
103.16718578338623  seconds  -0.6998534126458442 -0.6292916123424597 12.4 0.16480774647402535
73.77646255493164  seconds  -0.6998534126458442 -0.6292916123424597 12.8 0.16501886771497853
86.78827238082886  seconds  -0.6998534126458442 -0.6292916123424597 10.200000000000001 0.1636284626790361
87.35474252700806  seconds  -0.6998534126458442 -0.6292916123424597 11.0 0.1640652902693686
67.93446898460388  seconds  -0.6998534126458442 -0.6292916123424597 13.600000000000001 0.1654422134656022
77.73326253890991  seconds  -0.6998534126458442 -0.6292916123424597 11.8 0.16449091525299248
71.05985307693481  seconds  -0.6998534126458442 -0.6292916123424597 14.4 0.16586811339391255
75.59257650375366  seconds  -0.6998534126458442 -0.6292916123424597 12.600000000000001 0.16491328630534363
71.15024924278259  seconds  -0.6998534126458442 -0.6292916123424597 13.0 0.1651245251043365
72.97495579719543  seconds  -0.6998534126458442 -0.6292916123424597 13.8 0.16554841356877914
69.25780034065247  seconds  -0.6998534126458442 -0.6292916123424597 14.600000000000001 0.1659750765311369
65.6883692741394  seconds  -0.6998534126458442 -0.6292916123424597 13.200000000000001 0.16523028689758487
67.9300274848938  seconds  -0.6998534126458442 -0.6292916123424597 14.0 0.16565479002606134
68.0521330833435  seconds  -0.6998534126458442 -0.6292916123424597 14.8 0.16608224908715002
61.462055921554565  seconds  -0.6998534126458442 -0.6292916123424597 13.4 0.16533617656349744
59.442148208618164  seconds  -0.6998534126458442 -0.6292916123424597 14.200000000000001 0.16576135366551947
time for calc.... 1213.7016446590424
energy at the point.. -0.7608431116905692 -0.5546176199473045  is  -5.582056928687962e-06
75 the points 7 chunk numtheads
starting with calculation of Sigma
78.92634701728821  seconds  -0.7608431116905692 -0.5546176199473045 0.0 0.11385175228409894
75.37238550186157  seconds  -0.7608431116905692 -0.5546176199473045 0.8 0.11692903127845324
88.64268445968628  seconds  -0.7608431116905692 -0.5546176199473045 1.6 0.12446991965951444
84.34416437149048  seconds  -0.7608431116905692 -0.5546176199473045 2.4000000000000004 0.1339860745176443
89.59297394752502  seconds  -0.7608431116905692 -0.5546176199473045 3.2 0.1429929787648543
88.46554207801819  seconds  -0.7608431116905692 -0.5546176199473045 4.0 0.1500868216050322
89.31927537918091  seconds  -0.7608431116905692 -0.5546176199473045 4.800000000000001 0.1550134127340731
87.6526825428009  seconds  -0.7608431116905692 -0.5546176199473045 5.6000000000000005 0.1581729617881294
74.75584292411804  seconds  -0.7608431116905692 -0.5546176199473045 0.2 0.11416688839168272
77.73939538002014  seconds  -0.7608431116905692 -0.5546176199473045 1.0 0.11860178964479579
82.04085326194763  seconds  -0.7608431116905692 -0.5546176199473045 1.8 0.12676919432751815
82.63810443878174  seconds  -0.7608431116905692 -0.5546176199473045 2.6 0.13636036070223245
75.51450729370117  seconds  -0.7608431116905692 -0.5546176199473045 3.4000000000000004 0.14497308664510328
77.21398663520813  seconds  -0.7608431116905692 -0.5546176199473045 4.2 0.15151295120373734
77.92992353439331  seconds  -0.7608431116905692 -0.5546176199473045 5.0 0.1559468646673034
79.48602986335754  seconds  -0.7608431116905692 -0.5546176199473045 5.800000000000001 0.1587539373070767
71.31641459465027  seconds  -0.7608431116905692 -0.5546176199473045 0.4 0.11459443379161055
68.14752674102783  seconds  -0.7608431116905692 -0.5546176199473045 1.2000000000000002 0.12023209330017393
60.95749759674072  seconds  -0.7608431116905692 -0.5546176199473045 2.0 0.12915622576857994
60.64240312576294  seconds  -0.7608431116905692 -0.5546176199473045 2.8000000000000003 0.13867069084624115
58.9953978061676  seconds  -0.7608431116905692 -0.5546176199473045 3.6 0.1468179415695127
59.336960792541504  seconds  -0.7608431116905692 -0.5546176199473045 4.4 0.15280454956713493
58.34286308288574  seconds  -0.7608431116905692 -0.5546176199473045 5.2 0.1567784336214662
59.18035697937012  seconds  -0.7608431116905692 -0.5546176199473045 6.0 0.15926871591129219
61.303101778030396  seconds  -0.7608431116905692 -0.5546176199473045 1.4000000000000001 0.12225052230861139
64.08091974258423  seconds  -0.7608431116905692 -0.5546176199473045 0.6000000000000001 0.11574067764880441
66.05752182006836  seconds  -0.7608431116905692 -0.5546176199473045 2.2 0.13156412890098357
65.9432144165039  seconds  -0.7608431116905692 -0.5546176199473045 3.0 0.14088843783848473
64.9148018360138  seconds  -0.7608431116905692 -0.5546176199473045 3.8000000000000003 0.14852273480699713
62.523468017578125  seconds  -0.7608431116905692 -0.5546176199473045 4.6000000000000005 0.15396891189976109
65.69912815093994  seconds  -0.7608431116905692 -0.5546176199473045 5.4 0.15751739610008392
65.07459568977356  seconds  -0.7608431116905692 -0.5546176199473045 6.2 0.15972509743684773
60.09809875488281  seconds  -0.7608431116905692 -0.5546176199473045 7.2 0.16136026642674192
66.76127791404724  seconds  -0.7608431116905692 -0.5546176199473045 6.4 0.16013027521041534
59.199570417404175  seconds  -0.7608431116905692 -0.5546176199473045 8.0 0.16218488580402976
60.56619882583618  seconds  -0.7608431116905692 -0.5546176199473045 8.8 0.16279683368204054
61.31074237823486  seconds  -0.7608431116905692 -0.5546176199473045 9.600000000000001 0.1633025818994214
60.86389946937561  seconds  -0.7608431116905692 -0.5546176199473045 10.4 0.16375785123115488
59.39757061004639  seconds  -0.7608431116905692 -0.5546176199473045 11.200000000000001 0.16419071359276088
60.11059021949768  seconds  -0.7608431116905692 -0.5546176199473045 12.0 0.1646149295654055
55.87946677207947  seconds  -0.7608431116905692 -0.5546176199473045 7.4 0.16159502053057673
55.35438823699951  seconds  -0.7608431116905692 -0.5546176199473045 6.6000000000000005 0.1604907930852007
51.78790879249573  seconds  -0.7608431116905692 -0.5546176199473045 8.200000000000001 0.16235249533270363
49.50414729118347  seconds  -0.7608431116905692 -0.5546176199473045 9.0 0.16293040228614106
48.7997510433197  seconds  -0.7608431116905692 -0.5546176199473045 9.8 0.1634196932516878
48.579996824264526  seconds  -0.7608431116905692 -0.5546176199473045 10.600000000000001 0.1638674569409335
48.448779582977295  seconds  -0.7608431116905692 -0.5546176199473045 11.4 0.16429723489142223
49.32838797569275  seconds  -0.7608431116905692 -0.5546176199473045 12.200000000000001 0.16472050232289842
50.224435567855835  seconds  -0.7608431116905692 -0.5546176199473045 7.6000000000000005 0.16180868413961774
51.31017518043518  seconds  -0.7608431116905692 -0.5546176199473045 6.800000000000001 0.16081254942801473
48.536972999572754  seconds  -0.7608431116905692 -0.5546176199473045 8.4 0.16250924601228967
55.40255808830261  seconds  -0.7608431116905692 -0.5546176199473045 9.200000000000001 0.1630586384476776
54.26041841506958  seconds  -0.7608431116905692 -0.5546176199473045 10.0 0.16353431850191727
54.845370054244995  seconds  -0.7608431116905692 -0.5546176199473045 10.8 0.16397599412290922
55.70013761520386  seconds  -0.7608431116905692 -0.5546176199473045 11.600000000000001 0.1644033766931379
59.2900972366333  seconds  -0.7608431116905692 -0.5546176199473045 12.4 0.1648260244830532
57.48767924308777  seconds  -0.7608431116905692 -0.5546176199473045 7.0 0.16110081577457938
60.19232130050659  seconds  -0.7608431116905692 -0.5546176199473045 7.800000000000001 0.16200439847050102
56.0342481136322  seconds  -0.7608431116905692 -0.5546176199473045 8.6 0.16265686687311579
56.31659960746765  seconds  -0.7608431116905692 -0.5546176199473045 9.4 0.16318244434034096
56.42550301551819  seconds  -0.7608431116905692 -0.5546176199473045 10.200000000000001 0.16364691112656235
54.84774470329285  seconds  -0.7608431116905692 -0.5546176199473045 11.0 0.1640836846794986
54.87741804122925  seconds  -0.7608431116905692 -0.5546176199473045 11.8 0.16450924545767584
54.64715886116028  seconds  -0.7608431116905692 -0.5546176199473045 12.600000000000001 0.16493154635481466
50.16176128387451  seconds  -0.7608431116905692 -0.5546176199473045 12.8 0.16503710956676784
49.077428579330444  seconds  -0.7608431116905692 -0.5546176199473045 13.600000000000001 0.1654603804814708
57.298099994659424  seconds  -0.7608431116905692 -0.5546176199473045 14.4 0.16588620281574223
45.213836431503296  seconds  -0.7608431116905692 -0.5546176199473045 13.0 0.1651427485394167
44.749199628829956  seconds  -0.7608431116905692 -0.5546176199473045 13.8 0.16556656142498016
45.23550868034363  seconds  -0.7608431116905692 -0.5546176199473045 14.600000000000001 0.165993146172936
44.27343678474426  seconds  -0.7608431116905692 -0.5546176199473045 13.200000000000001 0.16524849171275824
44.58499097824097  seconds  -0.7608431116905692 -0.5546176199473045 14.0 0.16567291855954847
52.51444911956787  seconds  -0.7608431116905692 -0.5546176199473045 14.8 0.16610029880403315
46.73269462585449  seconds  -0.7608431116905692 -0.5546176199473045 13.4 0.16535436256866232
46.292402505874634  seconds  -0.7608431116905692 -0.5546176199473045 14.200000000000001 0.16577946271924657
time for calc.... 724.3137381076813
energy at the point.. -0.8142981312472837 -0.47294240603332466  is  -7.358967195614241e-06
75 the points 7 chunk numtheads
starting with calculation of Sigma
61.388577938079834  seconds  -0.8142981312472837 -0.47294240603332466 0.0 0.11446701422393661
62.30390381813049  seconds  -0.8142981312472837 -0.47294240603332466 0.8 0.11696983875413555
63.27851343154907  seconds  -0.8142981312472837 -0.47294240603332466 1.6 0.1245633594968948
64.50634121894836  seconds  -0.8142981312472837 -0.47294240603332466 2.4000000000000004 0.13397543398695558
67.67030572891235  seconds  -0.8142981312472837 -0.47294240603332466 3.2 0.1429979452782668
54.05479860305786  seconds  -0.8142981312472837 -0.47294240603332466 5.6000000000000005 0.1581799940163936
64.37012839317322  seconds  -0.8142981312472837 -0.47294240603332466 4.0 0.1500928074342376
68.0475287437439  seconds  -0.8142981312472837 -0.47294240603332466 4.800000000000001 0.1550198969243673
56.22456383705139  seconds  -0.8142981312472837 -0.47294240603332466 0.2 0.11396925624024161
54.48500919342041  seconds  -0.8142981312472837 -0.47294240603332466 1.0 0.118809211182099
54.66564321517944  seconds  -0.8142981312472837 -0.47294240603332466 1.8 0.12672215467887
54.76160383224487  seconds  -0.8142981312472837 -0.47294240603332466 2.6 0.136359186493867
49.10718512535095  seconds  -0.8142981312472837 -0.47294240603332466 5.800000000000001 0.1587610459889299
55.48826622962952  seconds  -0.8142981312472837 -0.47294240603332466 3.4000000000000004 0.1449780555057246
58.440208435058594  seconds  -0.8142981312472837 -0.47294240603332466 4.2 0.15151877889441878
58.95743131637573  seconds  -0.8142981312472837 -0.47294240603332466 5.0 0.15595354000457537
64.96305179595947  seconds  -0.8142981312472837 -0.47294240603332466 0.4 0.11485122078654415
62.10303211212158  seconds  -0.8142981312472837 -0.47294240603332466 1.2000000000000002 0.12020893270646316
65.81786513328552  seconds  -0.8142981312472837 -0.47294240603332466 2.0 0.12913906706942083
56.76950645446777  seconds  -0.8142981312472837 -0.47294240603332466 6.0 0.159275893708486
70.3306987285614  seconds  -0.8142981312472837 -0.47294240603332466 2.8000000000000003 0.1386823453729753
66.94853854179382  seconds  -0.8142981312472837 -0.47294240603332466 3.6 0.14682386739598363
69.95865726470947  seconds  -0.8142981312472837 -0.47294240603332466 4.4 0.15281101783345694
72.36463451385498  seconds  -0.8142981312472837 -0.47294240603332466 5.2 0.15678523478182663
65.33792924880981  seconds  -0.8142981312472837 -0.47294240603332466 1.4000000000000001 0.12224636580028346
57.232454776763916  seconds  -0.8142981312472837 -0.47294240603332466 6.2 0.1597323395435958
69.77985215187073  seconds  -0.8142981312472837 -0.47294240603332466 0.6000000000000001 0.11636624516216272
63.051071882247925  seconds  -0.8142981312472837 -0.47294240603332466 2.2 0.13159756395575803
61.34617233276367  seconds  -0.8142981312472837 -0.47294240603332466 3.8000000000000003 0.14852886085446632
67.14724445343018  seconds  -0.8142981312472837 -0.47294240603332466 3.0 0.14089475602618767
60.7574245929718  seconds  -0.8142981312472837 -0.47294240603332466 4.6000000000000005 0.15397540328920736
60.95374274253845  seconds  -0.8142981312472837 -0.47294240603332466 5.4 0.15752437890249596
48.77142834663391  seconds  -0.8142981312472837 -0.47294240603332466 7.2 0.16136768841386276
56.91672492027283  seconds  -0.8142981312472837 -0.47294240603332466 6.4 0.16013756685832906
57.166579484939575  seconds  -0.8142981312472837 -0.47294240603332466 8.0 0.16219236663185765
59.01116704940796  seconds  -0.8142981312472837 -0.47294240603332466 8.8 0.16280433335866418
58.55427646636963  seconds  -0.8142981312472837 -0.47294240603332466 9.600000000000001 0.16331007767130928
59.18931603431702  seconds  -0.8142981312472837 -0.47294240603332466 10.4 0.16376533102749835
59.9054434299469  seconds  -0.8142981312472837 -0.47294240603332466 11.200000000000001 0.16419817100705517
65.95767188072205  seconds  -0.8142981312472837 -0.47294240603332466 12.0 0.16462236103085393
55.879852533340454  seconds  -0.8142981312472837 -0.47294240603332466 7.4 0.16160246285900753
62.701274394989014  seconds  -0.8142981312472837 -0.47294240603332466 6.6000000000000005 0.16049812479582548
59.52107501029968  seconds  -0.8142981312472837 -0.47294240603332466 8.200000000000001 0.1623599842094402
60.285483598709106  seconds  -0.8142981312472837 -0.47294240603332466 9.0 0.16293790253788862
63.127474308013916  seconds  -0.8142981312472837 -0.47294240603332466 9.8 0.16342718584190918
62.18893504142761  seconds  -0.8142981312472837 -0.47294240603332466 10.600000000000001 0.1638749316090142
62.5056688785553  seconds  -0.8142981312472837 -0.47294240603332466 11.4 0.1643046860820297
57.992589712142944  seconds  -0.8142981312472837 -0.47294240603332466 7.6000000000000005 0.16181614176138984
62.600645780563354  seconds  -0.8142981312472837 -0.47294240603332466 12.200000000000001 0.1647279269299684
60.19187521934509  seconds  -0.8142981312472837 -0.47294240603332466 6.800000000000001 0.16081991487242656
59.57918453216553  seconds  -0.8142981312472837 -0.47294240603332466 8.4 0.1625167403164361
59.165273666381836  seconds  -0.8142981312472837 -0.47294240603332466 9.200000000000001 0.16306613821188082
61.970248222351074  seconds  -0.8142981312472837 -0.47294240603332466 10.0 0.16354180735873183
60.42197895050049  seconds  -0.8142981312472837 -0.47294240603332466 10.8 0.16398346331690067
61.32835102081299  seconds  -0.8142981312472837 -0.47294240603332466 11.600000000000001 0.16441082146884078
55.925495862960815  seconds  -0.8142981312472837 -0.47294240603332466 7.800000000000001 0.16201186996908432
59.583306074142456  seconds  -0.8142981312472837 -0.47294240603332466 12.4 0.16483344211540468
58.438021421432495  seconds  -0.8142981312472837 -0.47294240603332466 7.0 0.16110821089718447
57.92725586891174  seconds  -0.8142981312472837 -0.47294240603332466 8.6 0.162664364495096
55.72152042388916  seconds  -0.8142981312472837 -0.47294240603332466 9.4 0.16318994249409577
55.87191891670227  seconds  -0.8142981312472837 -0.47294240603332466 10.200000000000001 0.1636543956860107
54.92799353599548  seconds  -0.8142981312472837 -0.47294240603332466 11.0 0.16409114810225198
55.92684292793274  seconds  -0.8142981312472837 -0.47294240603332466 11.8 0.1645166836516278
49.54497051239014  seconds  -0.8142981312472837 -0.47294240603332466 12.8 0.16504451294279834
53.313074827194214  seconds  -0.8142981312472837 -0.47294240603332466 12.600000000000001 0.16493895690710358
49.605000257492065  seconds  -0.8142981312472837 -0.47294240603332466 13.600000000000001 0.16546775432488617
49.50566220283508  seconds  -0.8142981312472837 -0.47294240603332466 14.4 0.16589354600969597
46.51077342033386  seconds  -0.8142981312472837 -0.47294240603332466 13.0 0.16515014465063202
44.50209665298462  seconds  -0.8142981312472837 -0.47294240603332466 13.8 0.16557392770258347
44.73699593544006  seconds  -0.8142981312472837 -0.47294240603332466 14.600000000000001 0.16600048155009928
48.45253086090088  seconds  -0.8142981312472837 -0.47294240603332466 13.200000000000001 0.1652558804769385
48.11518478393555  seconds  -0.8142981312472837 -0.47294240603332466 14.0 0.16568027720535858
48.487757205963135  seconds  -0.8142981312472837 -0.47294240603332466 14.8 0.1661076263056421
42.81149649620056  seconds  -0.8142981312472837 -0.47294240603332466 13.4 0.16536174390880778
42.125213623046875  seconds  -0.8142981312472837 -0.47294240603332466 14.200000000000001 0.16578681366987139
time for calc.... 686.621356010437
28199.58user 18078.19system 2:01:25elapsed 635%CPU (0avgtext+0avgdata 24552664maxresident)k
5103816inputs+4848outputs (168075major+353447495minor)pagefaults 0swaps
