reading lattice from... ./Lattices/sqKgridX6000.npy
reading lattice from... ./Lattices/sqKgridY6000.npy
starting sampling in reciprocal space....
 finished sampling in reciprocal space.... 0.08293485641479492
started calculating filling for chemical potential and dispersion parameters TB_single_band..
reading lattice from... ./Lattices/KgridX400.npy
reading lattice from... ./Lattices/KgridY400.npy
reading lattice from... ./Lattices/KgridX400.npy
reading lattice from... ./Lattices/KgridY400.npy
finished calculating filling for chemical potential
Filling: 0.5021914101708863 .... chemical potential: 29.41164495334965
The fermi energy in mev is: 3064.1164088176356, and in units of J: 296.3362097502549, the bandwidth is:494.39071566731144
reading lattice from... ./Lattices/KgridX6000.npy
reading lattice from... ./Lattices/KgridY6000.npy
reading lattice from... ./Lattices/sqKgridX6000.npy
reading lattice from... ./Lattices/sqKgridY6000.npy
energy at the point.. 2.616965833149795 -0.012168622338113444  is  4.813565695371835e-06
the angle is  -0.0046498637787463866
200 the fermi surface points 10 chunk numtheads
starting with calculation of Sigma
100.54586982727051  seconds  2.616965833149795 -0.012168622338113444 0.0
105.02068161964417  seconds  2.616965833149795 -0.012168622338113444 1.0
105.55460619926453  seconds  2.616965833149795 -0.012168622338113444 2.0
108.65169095993042  seconds  2.616965833149795 -0.012168622338113444 3.0
116.69553589820862  seconds  2.616965833149795 -0.012168622338113444 4.0
122.64033269882202  seconds  2.616965833149795 -0.012168622338113444 5.0
128.24938559532166  seconds  2.616965833149795 -0.012168622338113444 6.0
127.84775900840759  seconds  2.616965833149795 -0.012168622338113444 7.0
136.34576964378357  seconds  2.616965833149795 -0.012168622338113444 8.0
145.27985763549805  seconds  2.616965833149795 -0.012168622338113444 9.0
145.2161774635315  seconds  2.616965833149795 -0.012168622338113444 10.0
160.1403205394745  seconds  2.616965833149795 -0.012168622338113444 11.0
159.88261795043945  seconds  2.616965833149795 -0.012168622338113444 12.0
153.3322274684906  seconds  2.616965833149795 -0.012168622338113444 14.0
164.21743845939636  seconds  2.616965833149795 -0.012168622338113444 13.0
169.7227394580841  seconds  2.616965833149795 -0.012168622338113444 0.1
170.7243549823761  seconds  2.616965833149795 -0.012168622338113444 15.0
176.5490415096283  seconds  2.616965833149795 -0.012168622338113444 1.1
172.4444556236267  seconds  2.616965833149795 -0.012168622338113444 2.1
176.25284624099731  seconds  2.616965833149795 -0.012168622338113444 16.0
172.54214572906494  seconds  2.616965833149795 -0.012168622338113444 3.1
179.26062321662903  seconds  2.616965833149795 -0.012168622338113444 17.0
176.18212628364563  seconds  2.616965833149795 -0.012168622338113444 4.1000000000000005
176.3632628917694  seconds  2.616965833149795 -0.012168622338113444 18.0
173.34474778175354  seconds  2.616965833149795 -0.012168622338113444 5.1000000000000005
179.6034815311432  seconds  2.616965833149795 -0.012168622338113444 19.0
171.94263410568237  seconds  2.616965833149795 -0.012168622338113444 6.1000000000000005
171.27456831932068  seconds  2.616965833149795 -0.012168622338113444 7.1000000000000005
180.5785071849823  seconds  2.616965833149795 -0.012168622338113444 8.1
173.1637740135193  seconds  2.616965833149795 -0.012168622338113444 9.1
171.71384453773499  seconds  2.616965833149795 -0.012168622338113444 10.100000000000001
181.1804051399231  seconds  2.616965833149795 -0.012168622338113444 11.100000000000001
181.13649129867554  seconds  2.616965833149795 -0.012168622338113444 12.100000000000001
171.96959781646729  seconds  2.616965833149795 -0.012168622338113444 14.100000000000001
177.76171898841858  seconds  2.616965833149795 -0.012168622338113444 13.100000000000001
170.29380440711975  seconds  2.616965833149795 -0.012168622338113444 0.2
172.24813866615295  seconds  2.616965833149795 -0.012168622338113444 2.2
180.3140161037445  seconds  2.616965833149795 -0.012168622338113444 15.100000000000001
179.63400769233704  seconds  2.616965833149795 -0.012168622338113444 1.2000000000000002
169.61280941963196  seconds  2.616965833149795 -0.012168622338113444 16.1
170.80929279327393  seconds  2.616965833149795 -0.012168622338113444 17.1
184.77437734603882  seconds  2.616965833149795 -0.012168622338113444 3.2
172.42889523506165  seconds  2.616965833149795 -0.012168622338113444 18.1
182.41953825950623  seconds  2.616965833149795 -0.012168622338113444 4.2
175.8045699596405  seconds  2.616965833149795 -0.012168622338113444 19.1
183.3736629486084  seconds  2.616965833149795 -0.012168622338113444 5.2
178.65203189849854  seconds  2.616965833149795 -0.012168622338113444 6.2
177.31937956809998  seconds  2.616965833149795 -0.012168622338113444 7.2
189.3661663532257  seconds  2.616965833149795 -0.012168622338113444 8.200000000000001
181.48398280143738  seconds  2.616965833149795 -0.012168622338113444 9.200000000000001
182.44738793373108  seconds  2.616965833149795 -0.012168622338113444 10.200000000000001
175.53924012184143  seconds  2.616965833149795 -0.012168622338113444 12.200000000000001
185.2094020843506  seconds  2.616965833149795 -0.012168622338113444 11.200000000000001
178.86997747421265  seconds  2.616965833149795 -0.012168622338113444 14.200000000000001
176.58240342140198  seconds  2.616965833149795 -0.012168622338113444 13.200000000000001
177.96283435821533  seconds  2.616965833149795 -0.012168622338113444 0.30000000000000004
178.28921794891357  seconds  2.616965833149795 -0.012168622338113444 2.3000000000000003
179.22048234939575  seconds  2.616965833149795 -0.012168622338113444 15.200000000000001
181.25874638557434  seconds  2.616965833149795 -0.012168622338113444 1.3
183.42920327186584  seconds  2.616965833149795 -0.012168622338113444 16.2
171.1839771270752  seconds  2.616965833149795 -0.012168622338113444 17.2
175.60559606552124  seconds  2.616965833149795 -0.012168622338113444 3.3000000000000003
176.07449197769165  seconds  2.616965833149795 -0.012168622338113444 18.2
176.0790500640869  seconds  2.616965833149795 -0.012168622338113444 4.3
181.47866535186768  seconds  2.616965833149795 -0.012168622338113444 19.200000000000003
179.90552496910095  seconds  2.616965833149795 -0.012168622338113444 5.300000000000001
173.10033321380615  seconds  2.616965833149795 -0.012168622338113444 7.300000000000001
177.8478102684021  seconds  2.616965833149795 -0.012168622338113444 6.300000000000001
181.13614344596863  seconds  2.616965833149795 -0.012168622338113444 8.3
179.98659253120422  seconds  2.616965833149795 -0.012168622338113444 9.3
175.4404239654541  seconds  2.616965833149795 -0.012168622338113444 10.3
176.9546980857849  seconds  2.616965833149795 -0.012168622338113444 11.3
174.11638045310974  seconds  2.616965833149795 -0.012168622338113444 14.3
173.2647669315338  seconds  2.616965833149795 -0.012168622338113444 13.3
186.39340138435364  seconds  2.616965833149795 -0.012168622338113444 12.3
180.98021388053894  seconds  2.616965833149795 -0.012168622338113444 0.4
175.3149540424347  seconds  2.616965833149795 -0.012168622338113444 2.4000000000000004
172.55982971191406  seconds  2.616965833149795 -0.012168622338113444 15.3
172.77032923698425  seconds  2.616965833149795 -0.012168622338113444 1.4000000000000001
176.8377525806427  seconds  2.616965833149795 -0.012168622338113444 16.3
176.3310031890869  seconds  2.616965833149795 -0.012168622338113444 17.3
174.48937797546387  seconds  2.616965833149795 -0.012168622338113444 3.4000000000000004
173.4598832130432  seconds  2.616965833149795 -0.012168622338113444 18.3
175.543705701828  seconds  2.616965833149795 -0.012168622338113444 4.4
175.9446587562561  seconds  2.616965833149795 -0.012168622338113444 7.4
185.0747685432434  seconds  2.616965833149795 -0.012168622338113444 19.3
182.1114182472229  seconds  2.616965833149795 -0.012168622338113444 5.4
183.30620193481445  seconds  2.616965833149795 -0.012168622338113444 6.4
168.88937163352966  seconds  2.616965833149795 -0.012168622338113444 9.4
185.64121770858765  seconds  2.616965833149795 -0.012168622338113444 8.4
182.44628357887268  seconds  2.616965833149795 -0.012168622338113444 10.4
180.5154161453247  seconds  2.616965833149795 -0.012168622338113444 14.4
183.84507155418396  seconds  2.616965833149795 -0.012168622338113444 11.4
184.32906651496887  seconds  2.616965833149795 -0.012168622338113444 13.4
181.7218198776245  seconds  2.616965833149795 -0.012168622338113444 12.4
183.41956996917725  seconds  2.616965833149795 -0.012168622338113444 0.5
177.58327078819275  seconds  2.616965833149795 -0.012168622338113444 2.5
179.73985505104065  seconds  2.616965833149795 -0.012168622338113444 15.4
179.93227767944336  seconds  2.616965833149795 -0.012168622338113444 1.5
177.0514624118805  seconds  2.616965833149795 -0.012168622338113444 17.400000000000002
179.89475631713867  seconds  2.616965833149795 -0.012168622338113444 16.400000000000002
177.1965789794922  seconds  2.616965833149795 -0.012168622338113444 18.400000000000002
183.20874524116516  seconds  2.616965833149795 -0.012168622338113444 3.5
171.0839602947235  seconds  2.616965833149795 -0.012168622338113444 4.5
171.5591607093811  seconds  2.616965833149795 -0.012168622338113444 19.400000000000002
176.781108379364  seconds  2.616965833149795 -0.012168622338113444 7.5
180.74658274650574  seconds  2.616965833149795 -0.012168622338113444 5.5
182.80145025253296  seconds  2.616965833149795 -0.012168622338113444 6.5
182.61841821670532  seconds  2.616965833149795 -0.012168622338113444 9.5
173.48069405555725  seconds  2.616965833149795 -0.012168622338113444 8.5
176.47529697418213  seconds  2.616965833149795 -0.012168622338113444 10.5
174.08311319351196  seconds  2.616965833149795 -0.012168622338113444 14.5
179.69777631759644  seconds  2.616965833149795 -0.012168622338113444 11.5
177.36451530456543  seconds  2.616965833149795 -0.012168622338113444 13.5
176.70585584640503  seconds  2.616965833149795 -0.012168622338113444 12.5
169.90425777435303  seconds  2.616965833149795 -0.012168622338113444 0.6000000000000001
172.90548849105835  seconds  2.616965833149795 -0.012168622338113444 15.5
176.70149278640747  seconds  2.616965833149795 -0.012168622338113444 2.6
178.584055185318  seconds  2.616965833149795 -0.012168622338113444 1.6
173.77209424972534  seconds  2.616965833149795 -0.012168622338113444 16.5
176.32384204864502  seconds  2.616965833149795 -0.012168622338113444 17.5
171.7357578277588  seconds  2.616965833149795 -0.012168622338113444 18.5
172.57104563713074  seconds  2.616965833149795 -0.012168622338113444 4.6000000000000005
178.428364276886  seconds  2.616965833149795 -0.012168622338113444 3.6
175.00272011756897  seconds  2.616965833149795 -0.012168622338113444 7.6000000000000005
179.7083330154419  seconds  2.616965833149795 -0.012168622338113444 19.5
176.80465126037598  seconds  2.616965833149795 -0.012168622338113444 5.6000000000000005
178.7854824066162  seconds  2.616965833149795 -0.012168622338113444 6.6000000000000005
183.26450872421265  seconds  2.616965833149795 -0.012168622338113444 9.600000000000001
178.66950368881226  seconds  2.616965833149795 -0.012168622338113444 8.6
180.7736418247223  seconds  2.616965833149795 -0.012168622338113444 10.600000000000001
175.40821290016174  seconds  2.616965833149795 -0.012168622338113444 11.600000000000001
185.51589012145996  seconds  2.616965833149795 -0.012168622338113444 14.600000000000001
177.38579034805298  seconds  2.616965833149795 -0.012168622338113444 13.600000000000001
175.99876928329468  seconds  2.616965833149795 -0.012168622338113444 0.7000000000000001
181.06996083259583  seconds  2.616965833149795 -0.012168622338113444 12.600000000000001
176.04930782318115  seconds  2.616965833149795 -0.012168622338113444 15.600000000000001
166.111065864563  seconds  2.616965833149795 -0.012168622338113444 17.6
178.8597571849823  seconds  2.616965833149795 -0.012168622338113444 2.7
178.20584297180176  seconds  2.616965833149795 -0.012168622338113444 1.7000000000000002
175.3132610321045  seconds  2.616965833149795 -0.012168622338113444 18.6
184.3909387588501  seconds  2.616965833149795 -0.012168622338113444 16.6
170.85151314735413  seconds  2.616965833149795 -0.012168622338113444 3.7
177.99305129051208  seconds  2.616965833149795 -0.012168622338113444 4.7
170.6076934337616  seconds  2.616965833149795 -0.012168622338113444 7.7
182.90687918663025  seconds  2.616965833149795 -0.012168622338113444 19.6
178.2069809436798  seconds  2.616965833149795 -0.012168622338113444 5.7
181.08854699134827  seconds  2.616965833149795 -0.012168622338113444 6.7
179.51207900047302  seconds  2.616965833149795 -0.012168622338113444 8.700000000000001
182.96234679222107  seconds  2.616965833149795 -0.012168622338113444 9.700000000000001
180.90177488327026  seconds  2.616965833149795 -0.012168622338113444 10.700000000000001
180.62205481529236  seconds  2.616965833149795 -0.012168622338113444 11.700000000000001
175.4258542060852  seconds  2.616965833149795 -0.012168622338113444 0.8
175.53169655799866  seconds  2.616965833149795 -0.012168622338113444 12.700000000000001
183.4191563129425  seconds  2.616965833149795 -0.012168622338113444 14.700000000000001
182.39672780036926  seconds  2.616965833149795 -0.012168622338113444 13.700000000000001
172.67070984840393  seconds  2.616965833149795 -0.012168622338113444 15.700000000000001
172.44789266586304  seconds  2.616965833149795 -0.012168622338113444 17.7
167.26242780685425  seconds  2.616965833149795 -0.012168622338113444 1.8
180.44902324676514  seconds  2.616965833149795 -0.012168622338113444 2.8000000000000003
173.6108741760254  seconds  2.616965833149795 -0.012168622338113444 18.7
170.9246051311493  seconds  2.616965833149795 -0.012168622338113444 3.8000000000000003
173.99877166748047  seconds  2.616965833149795 -0.012168622338113444 4.800000000000001
182.2108016014099  seconds  2.616965833149795 -0.012168622338113444 16.7
181.80568885803223  seconds  2.616965833149795 -0.012168622338113444 7.800000000000001
175.4714171886444  seconds  2.616965833149795 -0.012168622338113444 5.800000000000001
177.8979024887085  seconds  2.616965833149795 -0.012168622338113444 19.700000000000003
176.5494167804718  seconds  2.616965833149795 -0.012168622338113444 6.800000000000001
180.0199453830719  seconds  2.616965833149795 -0.012168622338113444 9.8
182.7340865135193  seconds  2.616965833149795 -0.012168622338113444 8.8
181.81354975700378  seconds  2.616965833149795 -0.012168622338113444 10.8
172.83576726913452  seconds  2.616965833149795 -0.012168622338113444 12.8
178.14645624160767  seconds  2.616965833149795 -0.012168622338113444 0.9
185.40227484703064  seconds  2.616965833149795 -0.012168622338113444 11.8
181.92661499977112  seconds  2.616965833149795 -0.012168622338113444 14.8
181.0143895149231  seconds  2.616965833149795 -0.012168622338113444 13.8
166.8479905128479  seconds  2.616965833149795 -0.012168622338113444 1.9000000000000001
178.9787392616272  seconds  2.616965833149795 -0.012168622338113444 15.8
178.32298183441162  seconds  2.616965833149795 -0.012168622338113444 17.8
180.28581380844116  seconds  2.616965833149795 -0.012168622338113444 2.9000000000000004
173.48267889022827  seconds  2.616965833149795 -0.012168622338113444 18.8
175.53026294708252  seconds  2.616965833149795 -0.012168622338113444 3.9000000000000004
171.86515307426453  seconds  2.616965833149795 -0.012168622338113444 16.8
174.6033935546875  seconds  2.616965833149795 -0.012168622338113444 4.9
161.0257761478424  seconds  2.616965833149795 -0.012168622338113444 5.9
169.24103593826294  seconds  2.616965833149795 -0.012168622338113444 7.9
164.5114495754242  seconds  2.616965833149795 -0.012168622338113444 19.8
164.89693546295166  seconds  2.616965833149795 -0.012168622338113444 6.9
142.30083417892456  seconds  2.616965833149795 -0.012168622338113444 9.9
141.2280023097992  seconds  2.616965833149795 -0.012168622338113444 8.9
140.23094654083252  seconds  2.616965833149795 -0.012168622338113444 10.9
122.59232664108276  seconds  2.616965833149795 -0.012168622338113444 12.9
117.72361969947815  seconds  2.616965833149795 -0.012168622338113444 14.9
119.7228217124939  seconds  2.616965833149795 -0.012168622338113444 11.9
125.57943749427795  seconds  2.616965833149795 -0.012168622338113444 13.9
116.49796414375305  seconds  2.616965833149795 -0.012168622338113444 17.900000000000002
118.93437719345093  seconds  2.616965833149795 -0.012168622338113444 15.9
109.69328045845032  seconds  2.616965833149795 -0.012168622338113444 18.900000000000002
107.60035967826843  seconds  2.616965833149795 -0.012168622338113444 16.900000000000002
97.43949508666992  seconds  2.616965833149795 -0.012168622338113444 19.900000000000002
time for calc.... 1857.586262702942
 plotting data from the run ...
saving data from the run ...
energy at the point.. 2.61642751975197 0.2659713168187743  is  6.169288720769828e-06
the angle is  0.10130638257107663
200 the fermi surface points 10 chunk numtheads
starting with calculation of Sigma
98.10503554344177  seconds  2.61642751975197 0.2659713168187743 0.0
105.54632687568665  seconds  2.61642751975197 0.2659713168187743 1.0
111.84665083885193  seconds  2.61642751975197 0.2659713168187743 2.0
116.00137209892273  seconds  2.61642751975197 0.2659713168187743 3.0
120.65411686897278  seconds  2.61642751975197 0.2659713168187743 4.0
120.63084101676941  seconds  2.61642751975197 0.2659713168187743 5.0
123.36177468299866  seconds  2.61642751975197 0.2659713168187743 6.0
133.11062264442444  seconds  2.61642751975197 0.2659713168187743 7.0
131.55167365074158  seconds  2.61642751975197 0.2659713168187743 8.0
137.71066164970398  seconds  2.61642751975197 0.2659713168187743 9.0
147.99590134620667  seconds  2.61642751975197 0.2659713168187743 10.0
152.04024648666382  seconds  2.61642751975197 0.2659713168187743 11.0
158.93708181381226  seconds  2.61642751975197 0.2659713168187743 12.0
163.362646818161  seconds  2.61642751975197 0.2659713168187743 13.0
159.8763997554779  seconds  2.61642751975197 0.2659713168187743 0.1
163.2041072845459  seconds  2.61642751975197 0.2659713168187743 14.0
164.2597427368164  seconds  2.61642751975197 0.2659713168187743 1.1
170.4685845375061  seconds  2.61642751975197 0.2659713168187743 15.0
177.8350841999054  seconds  2.61642751975197 0.2659713168187743 16.0
175.4518644809723  seconds  2.61642751975197 0.2659713168187743 2.1
173.45281147956848  seconds  2.61642751975197 0.2659713168187743 17.0
169.4201910495758  seconds  2.61642751975197 0.2659713168187743 3.1
177.24536561965942  seconds  2.61642751975197 0.2659713168187743 18.0
166.89074683189392  seconds  2.61642751975197 0.2659713168187743 5.1000000000000005
176.16868138313293  seconds  2.61642751975197 0.2659713168187743 19.0
182.4391803741455  seconds  2.61642751975197 0.2659713168187743 4.1000000000000005
178.92083406448364  seconds  2.61642751975197 0.2659713168187743 6.1000000000000005
175.0515742301941  seconds  2.61642751975197 0.2659713168187743 7.1000000000000005
170.60261464118958  seconds  2.61642751975197 0.2659713168187743 8.1
181.6045982837677  seconds  2.61642751975197 0.2659713168187743 9.1
179.35488843917847  seconds  2.61642751975197 0.2659713168187743 10.100000000000001
171.17971396446228  seconds  2.61642751975197 0.2659713168187743 11.100000000000001
170.53245520591736  seconds  2.61642751975197 0.2659713168187743 12.100000000000001
171.88823652267456  seconds  2.61642751975197 0.2659713168187743 0.2
177.21172261238098  seconds  2.61642751975197 0.2659713168187743 13.100000000000001
180.07054734230042  seconds  2.61642751975197 0.2659713168187743 14.100000000000001
177.39663219451904  seconds  2.61642751975197 0.2659713168187743 1.2000000000000002
177.89192271232605  seconds  2.61642751975197 0.2659713168187743 15.100000000000001
171.688658952713  seconds  2.61642751975197 0.2659713168187743 2.2
176.9984529018402  seconds  2.61642751975197 0.2659713168187743 16.1
172.3553614616394  seconds  2.61642751975197 0.2659713168187743 17.1
175.35433959960938  seconds  2.61642751975197 0.2659713168187743 3.2
170.80562734603882  seconds  2.61642751975197 0.2659713168187743 5.2
176.67351841926575  seconds  2.61642751975197 0.2659713168187743 18.1
168.50084018707275  seconds  2.61642751975197 0.2659713168187743 4.2
180.58457732200623  seconds  2.61642751975197 0.2659713168187743 19.1
174.58738231658936  seconds  2.61642751975197 0.2659713168187743 6.2
176.20994520187378  seconds  2.61642751975197 0.2659713168187743 7.2
185.0136477947235  seconds  2.61642751975197 0.2659713168187743 8.200000000000001
170.28874897956848  seconds  2.61642751975197 0.2659713168187743 9.200000000000001
172.28398180007935  seconds  2.61642751975197 0.2659713168187743 10.200000000000001
180.00135040283203  seconds  2.61642751975197 0.2659713168187743 11.200000000000001
175.05225920677185  seconds  2.61642751975197 0.2659713168187743 12.200000000000001
179.38499879837036  seconds  2.61642751975197 0.2659713168187743 0.30000000000000004
181.66367721557617  seconds  2.61642751975197 0.2659713168187743 13.200000000000001
170.27508807182312  seconds  2.61642751975197 0.2659713168187743 1.3
182.40900230407715  seconds  2.61642751975197 0.2659713168187743 14.200000000000001
179.09204983711243  seconds  2.61642751975197 0.2659713168187743 15.200000000000001
172.7390217781067  seconds  2.61642751975197 0.2659713168187743 17.2
175.91393661499023  seconds  2.61642751975197 0.2659713168187743 2.3000000000000003
175.95762085914612  seconds  2.61642751975197 0.2659713168187743 16.2
179.72251915931702  seconds  2.61642751975197 0.2659713168187743 3.3000000000000003
171.0919704437256  seconds  2.61642751975197 0.2659713168187743 18.2
173.97064399719238  seconds  2.61642751975197 0.2659713168187743 5.300000000000001
181.65422868728638  seconds  2.61642751975197 0.2659713168187743 4.3
177.32699394226074  seconds  2.61642751975197 0.2659713168187743 19.200000000000003
176.056250333786  seconds  2.61642751975197 0.2659713168187743 6.300000000000001
180.69587779045105  seconds  2.61642751975197 0.2659713168187743 7.300000000000001
174.62377190589905  seconds  2.61642751975197 0.2659713168187743 8.3
171.9876868724823  seconds  2.61642751975197 0.2659713168187743 9.3
179.12196350097656  seconds  2.61642751975197 0.2659713168187743 10.3
183.22271633148193  seconds  2.61642751975197 0.2659713168187743 11.3
176.9458134174347  seconds  2.61642751975197 0.2659713168187743 12.3
172.88115739822388  seconds  2.61642751975197 0.2659713168187743 13.3
177.1360456943512  seconds  2.61642751975197 0.2659713168187743 0.4
169.85638451576233  seconds  2.61642751975197 0.2659713168187743 14.3
176.7453088760376  seconds  2.61642751975197 0.2659713168187743 1.4000000000000001
170.43201637268066  seconds  2.61642751975197 0.2659713168187743 15.3
172.19690537452698  seconds  2.61642751975197 0.2659713168187743 16.3
174.39921021461487  seconds  2.61642751975197 0.2659713168187743 2.4000000000000004
179.4515721797943  seconds  2.61642751975197 0.2659713168187743 17.3
174.77410769462585  seconds  2.61642751975197 0.2659713168187743 3.4000000000000004
172.3833487033844  seconds  2.61642751975197 0.2659713168187743 5.4
177.46303629875183  seconds  2.61642751975197 0.2659713168187743 18.3
168.23569440841675  seconds  2.61642751975197 0.2659713168187743 19.3
175.07619619369507  seconds  2.61642751975197 0.2659713168187743 4.4
171.04252076148987  seconds  2.61642751975197 0.2659713168187743 6.4
173.43587183952332  seconds  2.61642751975197 0.2659713168187743 7.4
177.1029772758484  seconds  2.61642751975197 0.2659713168187743 8.4
178.08362936973572  seconds  2.61642751975197 0.2659713168187743 9.4
166.99355053901672  seconds  2.61642751975197 0.2659713168187743 10.4
173.42439651489258  seconds  2.61642751975197 0.2659713168187743 11.4
175.1234951019287  seconds  2.61642751975197 0.2659713168187743 12.4
169.42159867286682  seconds  2.61642751975197 0.2659713168187743 13.4
178.67654371261597  seconds  2.61642751975197 0.2659713168187743 0.5
165.80057573318481  seconds  2.61642751975197 0.2659713168187743 15.4
178.89424014091492  seconds  2.61642751975197 0.2659713168187743 14.4
180.09470081329346  seconds  2.61642751975197 0.2659713168187743 1.5
168.57218289375305  seconds  2.61642751975197 0.2659713168187743 2.5
168.42158722877502  seconds  2.61642751975197 0.2659713168187743 17.400000000000002
181.9591362476349  seconds  2.61642751975197 0.2659713168187743 16.400000000000002
172.58163380622864  seconds  2.61642751975197 0.2659713168187743 3.5
180.67026662826538  seconds  2.61642751975197 0.2659713168187743 5.5
172.646981716156  seconds  2.61642751975197 0.2659713168187743 19.400000000000002
186.225106716156  seconds  2.61642751975197 0.2659713168187743 18.400000000000002
183.2986240386963  seconds  2.61642751975197 0.2659713168187743 4.5
178.40791010856628  seconds  2.61642751975197 0.2659713168187743 6.5
172.07124257087708  seconds  2.61642751975197 0.2659713168187743 7.5
173.1871461868286  seconds  2.61642751975197 0.2659713168187743 8.5
182.46299743652344  seconds  2.61642751975197 0.2659713168187743 9.5
178.3638916015625  seconds  2.61642751975197 0.2659713168187743 10.5
168.98221945762634  seconds  2.61642751975197 0.2659713168187743 11.5
180.29700827598572  seconds  2.61642751975197 0.2659713168187743 12.5
175.91165566444397  seconds  2.61642751975197 0.2659713168187743 13.5
171.83902788162231  seconds  2.61642751975197 0.2659713168187743 0.6000000000000001
176.18873620033264  seconds  2.61642751975197 0.2659713168187743 14.5
178.37248349189758  seconds  2.61642751975197 0.2659713168187743 15.5
181.26658749580383  seconds  2.61642751975197 0.2659713168187743 1.6
169.76630473136902  seconds  2.61642751975197 0.2659713168187743 17.5
175.391099691391  seconds  2.61642751975197 0.2659713168187743 2.6
176.23208808898926  seconds  2.61642751975197 0.2659713168187743 16.5
179.64740920066833  seconds  2.61642751975197 0.2659713168187743 3.6
168.779372215271  seconds  2.61642751975197 0.2659713168187743 5.6000000000000005
174.87223601341248  seconds  2.61642751975197 0.2659713168187743 19.5
179.41645216941833  seconds  2.61642751975197 0.2659713168187743 18.5
171.78246998786926  seconds  2.61642751975197 0.2659713168187743 6.6000000000000005
177.8486819267273  seconds  2.61642751975197 0.2659713168187743 4.6000000000000005
175.25839042663574  seconds  2.61642751975197 0.2659713168187743 7.6000000000000005
174.2674880027771  seconds  2.61642751975197 0.2659713168187743 8.6
179.20992159843445  seconds  2.61642751975197 0.2659713168187743 9.600000000000001
183.35966682434082  seconds  2.61642751975197 0.2659713168187743 10.600000000000001
172.59286618232727  seconds  2.61642751975197 0.2659713168187743 11.600000000000001
177.89559316635132  seconds  2.61642751975197 0.2659713168187743 12.600000000000001
171.0611972808838  seconds  2.61642751975197 0.2659713168187743 0.7000000000000001
178.8117048740387  seconds  2.61642751975197 0.2659713168187743 13.600000000000001
166.5946650505066  seconds  2.61642751975197 0.2659713168187743 14.600000000000001
178.84817552566528  seconds  2.61642751975197 0.2659713168187743 15.600000000000001
178.24650835990906  seconds  2.61642751975197 0.2659713168187743 1.7000000000000002
174.94151377677917  seconds  2.61642751975197 0.2659713168187743 2.7
181.09332585334778  seconds  2.61642751975197 0.2659713168187743 17.6
175.0693657398224  seconds  2.61642751975197 0.2659713168187743 16.6
174.39190101623535  seconds  2.61642751975197 0.2659713168187743 3.7
177.44428634643555  seconds  2.61642751975197 0.2659713168187743 5.7
176.55342173576355  seconds  2.61642751975197 0.2659713168187743 19.6
170.8918468952179  seconds  2.61642751975197 0.2659713168187743 18.6
169.41131687164307  seconds  2.61642751975197 0.2659713168187743 4.7
177.30172181129456  seconds  2.61642751975197 0.2659713168187743 6.7
174.89587473869324  seconds  2.61642751975197 0.2659713168187743 7.7
182.78514790534973  seconds  2.61642751975197 0.2659713168187743 8.700000000000001
175.84467792510986  seconds  2.61642751975197 0.2659713168187743 9.700000000000001
178.20364022254944  seconds  2.61642751975197 0.2659713168187743 11.700000000000001
180.7158501148224  seconds  2.61642751975197 0.2659713168187743 10.700000000000001
173.84104537963867  seconds  2.61642751975197 0.2659713168187743 13.700000000000001
175.50785374641418  seconds  2.61642751975197 0.2659713168187743 0.8
188.04681658744812  seconds  2.61642751975197 0.2659713168187743 12.700000000000001
176.8386995792389  seconds  2.61642751975197 0.2659713168187743 14.700000000000001
164.2166428565979  seconds  2.61642751975197 0.2659713168187743 15.700000000000001
177.33402705192566  seconds  2.61642751975197 0.2659713168187743 1.8
176.08269953727722  seconds  2.61642751975197 0.2659713168187743 17.7
181.04268097877502  seconds  2.61642751975197 0.2659713168187743 2.8000000000000003
178.32905459403992  seconds  2.61642751975197 0.2659713168187743 16.7
171.6744773387909  seconds  2.61642751975197 0.2659713168187743 5.800000000000001
175.80626487731934  seconds  2.61642751975197 0.2659713168187743 3.8000000000000003
173.67469477653503  seconds  2.61642751975197 0.2659713168187743 18.7
177.8486168384552  seconds  2.61642751975197 0.2659713168187743 19.700000000000003
182.4101357460022  seconds  2.61642751975197 0.2659713168187743 4.800000000000001
178.52501726150513  seconds  2.61642751975197 0.2659713168187743 6.800000000000001
178.94365406036377  seconds  2.61642751975197 0.2659713168187743 7.800000000000001
168.70904231071472  seconds  2.61642751975197 0.2659713168187743 8.8
181.37739849090576  seconds  2.61642751975197 0.2659713168187743 9.8
172.12474656105042  seconds  2.61642751975197 0.2659713168187743 11.8
175.03660607337952  seconds  2.61642751975197 0.2659713168187743 10.8
164.15595698356628  seconds  2.61642751975197 0.2659713168187743 12.8
171.54365181922913  seconds  2.61642751975197 0.2659713168187743 13.8
176.24593782424927  seconds  2.61642751975197 0.2659713168187743 0.9
168.21816086769104  seconds  2.61642751975197 0.2659713168187743 15.8
176.0380756855011  seconds  2.61642751975197 0.2659713168187743 14.8
172.26742100715637  seconds  2.61642751975197 0.2659713168187743 17.8
179.6781358718872  seconds  2.61642751975197 0.2659713168187743 1.9000000000000001
178.72001934051514  seconds  2.61642751975197 0.2659713168187743 2.9000000000000004
168.85808539390564  seconds  2.61642751975197 0.2659713168187743 16.8
168.0173008441925  seconds  2.61642751975197 0.2659713168187743 5.9
174.26765203475952  seconds  2.61642751975197 0.2659713168187743 3.9000000000000004
164.08766913414001  seconds  2.61642751975197 0.2659713168187743 18.8
164.15816140174866  seconds  2.61642751975197 0.2659713168187743 19.8
163.72270822525024  seconds  2.61642751975197 0.2659713168187743 6.9
166.45348238945007  seconds  2.61642751975197 0.2659713168187743 4.9
158.22126483917236  seconds  2.61642751975197 0.2659713168187743 7.9
157.86388540267944  seconds  2.61642751975197 0.2659713168187743 8.9
146.1688666343689  seconds  2.61642751975197 0.2659713168187743 9.9
143.56698632240295  seconds  2.61642751975197 0.2659713168187743 11.9
144.44656920433044  seconds  2.61642751975197 0.2659713168187743 10.9
125.05621862411499  seconds  2.61642751975197 0.2659713168187743 13.9
135.54910397529602  seconds  2.61642751975197 0.2659713168187743 12.9
123.11047577857971  seconds  2.61642751975197 0.2659713168187743 15.9
125.575838804245  seconds  2.61642751975197 0.2659713168187743 14.9
110.05326867103577  seconds  2.61642751975197 0.2659713168187743 17.900000000000002
111.98968815803528  seconds  2.61642751975197 0.2659713168187743 16.900000000000002
101.87822532653809  seconds  2.61642751975197 0.2659713168187743 18.900000000000002
104.7647602558136  seconds  2.61642751975197 0.2659713168187743 19.900000000000002
time for calc.... 1827.9061019420624
 plotting data from the run ...
saving data from the run ...
energy at the point.. 2.612699153466239 0.5406345067362022  is  7.400112771449585e-06
the angle is  0.20404589651971108
200 the fermi surface points 10 chunk numtheads
starting with calculation of Sigma
105.90035390853882  seconds  2.612699153466239 0.5406345067362022 0.0
104.86249804496765  seconds  2.612699153466239 0.5406345067362022 1.0
112.03068947792053  seconds  2.612699153466239 0.5406345067362022 2.0
107.86885786056519  seconds  2.612699153466239 0.5406345067362022 3.0
118.0951075553894  seconds  2.612699153466239 0.5406345067362022 4.0
116.69201683998108  seconds  2.612699153466239 0.5406345067362022 5.0
131.41133427619934  seconds  2.612699153466239 0.5406345067362022 6.0
127.69009613990784  seconds  2.612699153466239 0.5406345067362022 7.0
141.34617400169373  seconds  2.612699153466239 0.5406345067362022 8.0
143.16663813591003  seconds  2.612699153466239 0.5406345067362022 9.0
149.58466291427612  seconds  2.612699153466239 0.5406345067362022 10.0
153.9773509502411  seconds  2.612699153466239 0.5406345067362022 11.0
153.54663729667664  seconds  2.612699153466239 0.5406345067362022 12.0
165.09970474243164  seconds  2.612699153466239 0.5406345067362022 13.0
173.38304471969604  seconds  2.612699153466239 0.5406345067362022 0.1
168.5481195449829  seconds  2.612699153466239 0.5406345067362022 1.1
176.92710161209106  seconds  2.612699153466239 0.5406345067362022 14.0
173.53749632835388  seconds  2.612699153466239 0.5406345067362022 15.0
165.53292298316956  seconds  2.612699153466239 0.5406345067362022 2.1
175.42384576797485  seconds  2.612699153466239 0.5406345067362022 3.1
180.42930483818054  seconds  2.612699153466239 0.5406345067362022 16.0
177.99629044532776  seconds  2.612699153466239 0.5406345067362022 17.0
180.8356671333313  seconds  2.612699153466239 0.5406345067362022 18.0
182.00878071784973  seconds  2.612699153466239 0.5406345067362022 4.1000000000000005
179.2489709854126  seconds  2.612699153466239 0.5406345067362022 5.1000000000000005
178.79776287078857  seconds  2.612699153466239 0.5406345067362022 19.0
174.37075066566467  seconds  2.612699153466239 0.5406345067362022 6.1000000000000005
174.92576837539673  seconds  2.612699153466239 0.5406345067362022 7.1000000000000005
173.83797526359558  seconds  2.612699153466239 0.5406345067362022 8.1
184.5555956363678  seconds  2.612699153466239 0.5406345067362022 9.1
182.08982348442078  seconds  2.612699153466239 0.5406345067362022 10.100000000000001
171.97070336341858  seconds  2.612699153466239 0.5406345067362022 11.100000000000001
171.60563969612122  seconds  2.612699153466239 0.5406345067362022 12.100000000000001
174.3021833896637  seconds  2.612699153466239 0.5406345067362022 13.100000000000001
174.5313138961792  seconds  2.612699153466239 0.5406345067362022 1.2000000000000002
175.11074376106262  seconds  2.612699153466239 0.5406345067362022 14.100000000000001
181.20734691619873  seconds  2.612699153466239 0.5406345067362022 0.2
175.40060472488403  seconds  2.612699153466239 0.5406345067362022 15.100000000000001
175.93218684196472  seconds  2.612699153466239 0.5406345067362022 2.2
168.2071602344513  seconds  2.612699153466239 0.5406345067362022 3.2
179.2840223312378  seconds  2.612699153466239 0.5406345067362022 16.1
173.03552865982056  seconds  2.612699153466239 0.5406345067362022 17.1
175.7848880290985  seconds  2.612699153466239 0.5406345067362022 18.1
176.42468976974487  seconds  2.612699153466239 0.5406345067362022 19.1
179.82917022705078  seconds  2.612699153466239 0.5406345067362022 5.2
185.71355366706848  seconds  2.612699153466239 0.5406345067362022 4.2
168.55989122390747  seconds  2.612699153466239 0.5406345067362022 7.2
176.99449062347412  seconds  2.612699153466239 0.5406345067362022 6.2
180.85160398483276  seconds  2.612699153466239 0.5406345067362022 8.200000000000001
186.5187132358551  seconds  2.612699153466239 0.5406345067362022 9.200000000000001
178.03414344787598  seconds  2.612699153466239 0.5406345067362022 10.200000000000001
179.67780590057373  seconds  2.612699153466239 0.5406345067362022 11.200000000000001
177.23075795173645  seconds  2.612699153466239 0.5406345067362022 12.200000000000001
172.71029615402222  seconds  2.612699153466239 0.5406345067362022 13.200000000000001
174.04310369491577  seconds  2.612699153466239 0.5406345067362022 14.200000000000001
176.9351143836975  seconds  2.612699153466239 0.5406345067362022 1.3
170.54117155075073  seconds  2.612699153466239 0.5406345067362022 15.200000000000001
178.2925627231598  seconds  2.612699153466239 0.5406345067362022 0.30000000000000004
175.3543028831482  seconds  2.612699153466239 0.5406345067362022 2.3000000000000003
179.42913484573364  seconds  2.612699153466239 0.5406345067362022 3.3000000000000003
170.49338960647583  seconds  2.612699153466239 0.5406345067362022 16.2
172.85981154441833  seconds  2.612699153466239 0.5406345067362022 17.2
167.5712549686432  seconds  2.612699153466239 0.5406345067362022 19.200000000000003
177.51813459396362  seconds  2.612699153466239 0.5406345067362022 18.2
175.68914771080017  seconds  2.612699153466239 0.5406345067362022 5.300000000000001
170.73388004302979  seconds  2.612699153466239 0.5406345067362022 7.300000000000001
177.85894131660461  seconds  2.612699153466239 0.5406345067362022 4.3
173.98250079154968  seconds  2.612699153466239 0.5406345067362022 6.300000000000001
177.4976224899292  seconds  2.612699153466239 0.5406345067362022 8.3
173.52813863754272  seconds  2.612699153466239 0.5406345067362022 9.3
175.26170086860657  seconds  2.612699153466239 0.5406345067362022 10.3
172.14808011054993  seconds  2.612699153466239 0.5406345067362022 11.3
169.36399292945862  seconds  2.612699153466239 0.5406345067362022 12.3
174.3836760520935  seconds  2.612699153466239 0.5406345067362022 13.3
162.6391201019287  seconds  2.612699153466239 0.5406345067362022 14.3
170.45823192596436  seconds  2.612699153466239 0.5406345067362022 1.4000000000000001
168.08649396896362  seconds  2.612699153466239 0.5406345067362022 15.3
172.69056057929993  seconds  2.612699153466239 0.5406345067362022 2.4000000000000004
178.34194445610046  seconds  2.612699153466239 0.5406345067362022 0.4
176.38546657562256  seconds  2.612699153466239 0.5406345067362022 3.4000000000000004
174.1680145263672  seconds  2.612699153466239 0.5406345067362022 16.3
180.58171796798706  seconds  2.612699153466239 0.5406345067362022 17.3
164.13633275032043  seconds  2.612699153466239 0.5406345067362022 18.3
171.40537667274475  seconds  2.612699153466239 0.5406345067362022 19.3
174.24250674247742  seconds  2.612699153466239 0.5406345067362022 5.4
184.23520255088806  seconds  2.612699153466239 0.5406345067362022 4.4
184.7736930847168  seconds  2.612699153466239 0.5406345067362022 7.4
177.52719402313232  seconds  2.612699153466239 0.5406345067362022 6.4
178.58207297325134  seconds  2.612699153466239 0.5406345067362022 8.4
177.16894698143005  seconds  2.612699153466239 0.5406345067362022 9.4
180.4499180316925  seconds  2.612699153466239 0.5406345067362022 10.4
177.436585187912  seconds  2.612699153466239 0.5406345067362022 12.4
179.9935393333435  seconds  2.612699153466239 0.5406345067362022 11.4
178.9682388305664  seconds  2.612699153466239 0.5406345067362022 13.4
174.2173731327057  seconds  2.612699153466239 0.5406345067362022 14.4
177.31095552444458  seconds  2.612699153466239 0.5406345067362022 15.4
179.3001413345337  seconds  2.612699153466239 0.5406345067362022 1.5
174.74107837677002  seconds  2.612699153466239 0.5406345067362022 0.5
180.20204043388367  seconds  2.612699153466239 0.5406345067362022 2.5
171.441312789917  seconds  2.612699153466239 0.5406345067362022 3.5
170.45780968666077  seconds  2.612699153466239 0.5406345067362022 16.400000000000002
178.10766220092773  seconds  2.612699153466239 0.5406345067362022 17.400000000000002
180.03448486328125  seconds  2.612699153466239 0.5406345067362022 18.400000000000002
179.21011924743652  seconds  2.612699153466239 0.5406345067362022 19.400000000000002
174.50027680397034  seconds  2.612699153466239 0.5406345067362022 5.5
175.93031358718872  seconds  2.612699153466239 0.5406345067362022 7.5
177.13180708885193  seconds  2.612699153466239 0.5406345067362022 6.5
181.97459173202515  seconds  2.612699153466239 0.5406345067362022 4.5
179.43208265304565  seconds  2.612699153466239 0.5406345067362022 8.5
185.10777616500854  seconds  2.612699153466239 0.5406345067362022 9.5
176.9457139968872  seconds  2.612699153466239 0.5406345067362022 11.5
178.29259371757507  seconds  2.612699153466239 0.5406345067362022 10.5
179.92601776123047  seconds  2.612699153466239 0.5406345067362022 12.5
175.64562845230103  seconds  2.612699153466239 0.5406345067362022 13.5
174.26988220214844  seconds  2.612699153466239 0.5406345067362022 14.5
177.25752115249634  seconds  2.612699153466239 0.5406345067362022 15.5
187.9279944896698  seconds  2.612699153466239 0.5406345067362022 1.6
171.2257080078125  seconds  2.612699153466239 0.5406345067362022 3.6
171.13739323616028  seconds  2.612699153466239 0.5406345067362022 16.5
183.92558693885803  seconds  2.612699153466239 0.5406345067362022 0.6000000000000001
182.94668245315552  seconds  2.612699153466239 0.5406345067362022 2.6
176.10823106765747  seconds  2.612699153466239 0.5406345067362022 17.5
175.30400681495667  seconds  2.612699153466239 0.5406345067362022 19.5
180.78347420692444  seconds  2.612699153466239 0.5406345067362022 18.5
182.27915143966675  seconds  2.612699153466239 0.5406345067362022 5.6000000000000005
176.5402603149414  seconds  2.612699153466239 0.5406345067362022 6.6000000000000005
182.56480312347412  seconds  2.612699153466239 0.5406345067362022 7.6000000000000005
180.56124925613403  seconds  2.612699153466239 0.5406345067362022 4.6000000000000005
183.00259351730347  seconds  2.612699153466239 0.5406345067362022 8.6
173.24204015731812  seconds  2.612699153466239 0.5406345067362022 11.600000000000001
180.14653134346008  seconds  2.612699153466239 0.5406345067362022 9.600000000000001
182.56917929649353  seconds  2.612699153466239 0.5406345067362022 10.600000000000001
183.69274377822876  seconds  2.612699153466239 0.5406345067362022 12.600000000000001
170.61600494384766  seconds  2.612699153466239 0.5406345067362022 13.600000000000001
171.1560821533203  seconds  2.612699153466239 0.5406345067362022 14.600000000000001
176.46624326705933  seconds  2.612699153466239 0.5406345067362022 15.600000000000001
176.2756848335266  seconds  2.612699153466239 0.5406345067362022 3.7
180.06027269363403  seconds  2.612699153466239 0.5406345067362022 16.6
182.06246852874756  seconds  2.612699153466239 0.5406345067362022 1.7000000000000002
178.34857058525085  seconds  2.612699153466239 0.5406345067362022 2.7
183.29867315292358  seconds  2.612699153466239 0.5406345067362022 0.7000000000000001
171.36296463012695  seconds  2.612699153466239 0.5406345067362022 17.6
176.68178868293762  seconds  2.612699153466239 0.5406345067362022 18.6
179.54369640350342  seconds  2.612699153466239 0.5406345067362022 19.6
172.67370629310608  seconds  2.612699153466239 0.5406345067362022 5.7
173.55682039260864  seconds  2.612699153466239 0.5406345067362022 6.7
175.67606210708618  seconds  2.612699153466239 0.5406345067362022 4.7
184.11639428138733  seconds  2.612699153466239 0.5406345067362022 7.7
180.69977259635925  seconds  2.612699153466239 0.5406345067362022 8.700000000000001
175.2940058708191  seconds  2.612699153466239 0.5406345067362022 11.700000000000001
178.81305122375488  seconds  2.612699153466239 0.5406345067362022 9.700000000000001
175.8154423236847  seconds  2.612699153466239 0.5406345067362022 10.700000000000001
175.52118849754333  seconds  2.612699153466239 0.5406345067362022 12.700000000000001
176.23271083831787  seconds  2.612699153466239 0.5406345067362022 13.700000000000001
172.48723340034485  seconds  2.612699153466239 0.5406345067362022 14.700000000000001
179.5300841331482  seconds  2.612699153466239 0.5406345067362022 15.700000000000001
175.59100723266602  seconds  2.612699153466239 0.5406345067362022 3.8000000000000003
174.02736163139343  seconds  2.612699153466239 0.5406345067362022 1.8
186.88042378425598  seconds  2.612699153466239 0.5406345067362022 16.7
183.08980083465576  seconds  2.612699153466239 0.5406345067362022 2.8000000000000003
176.67858028411865  seconds  2.612699153466239 0.5406345067362022 17.7
186.9509778022766  seconds  2.612699153466239 0.5406345067362022 0.8
180.8303942680359  seconds  2.612699153466239 0.5406345067362022 18.7
181.84866309165955  seconds  2.612699153466239 0.5406345067362022 19.700000000000003
175.47701358795166  seconds  2.612699153466239 0.5406345067362022 5.800000000000001
178.5212116241455  seconds  2.612699153466239 0.5406345067362022 6.800000000000001
173.86159896850586  seconds  2.612699153466239 0.5406345067362022 7.800000000000001
178.71447610855103  seconds  2.612699153466239 0.5406345067362022 4.800000000000001
175.8831386566162  seconds  2.612699153466239 0.5406345067362022 8.8
175.5892195701599  seconds  2.612699153466239 0.5406345067362022 11.8
179.74230575561523  seconds  2.612699153466239 0.5406345067362022 9.8
167.13633799552917  seconds  2.612699153466239 0.5406345067362022 13.8
182.8992350101471  seconds  2.612699153466239 0.5406345067362022 10.8
186.52377104759216  seconds  2.612699153466239 0.5406345067362022 12.8
180.36316514015198  seconds  2.612699153466239 0.5406345067362022 14.8
172.28154230117798  seconds  2.612699153466239 0.5406345067362022 15.8
178.0580837726593  seconds  2.612699153466239 0.5406345067362022 3.9000000000000004
174.87790036201477  seconds  2.612699153466239 0.5406345067362022 1.9000000000000001
169.80576300621033  seconds  2.612699153466239 0.5406345067362022 17.8
175.88649702072144  seconds  2.612699153466239 0.5406345067362022 2.9000000000000004
177.744562625885  seconds  2.612699153466239 0.5406345067362022 16.8
175.01412844657898  seconds  2.612699153466239 0.5406345067362022 0.9
172.1609537601471  seconds  2.612699153466239 0.5406345067362022 18.8
171.605220079422  seconds  2.612699153466239 0.5406345067362022 5.9
176.09272289276123  seconds  2.612699153466239 0.5406345067362022 19.8
167.81386995315552  seconds  2.612699153466239 0.5406345067362022 6.9
164.83843970298767  seconds  2.612699153466239 0.5406345067362022 4.9
165.26626682281494  seconds  2.612699153466239 0.5406345067362022 7.9
153.62871646881104  seconds  2.612699153466239 0.5406345067362022 8.9
146.1578221321106  seconds  2.612699153466239 0.5406345067362022 11.9
139.81554412841797  seconds  2.612699153466239 0.5406345067362022 13.9
140.96389770507812  seconds  2.612699153466239 0.5406345067362022 9.9
138.05853915214539  seconds  2.612699153466239 0.5406345067362022 10.9
129.93398714065552  seconds  2.612699153466239 0.5406345067362022 14.9
136.51648426055908  seconds  2.612699153466239 0.5406345067362022 12.9
117.37430477142334  seconds  2.612699153466239 0.5406345067362022 15.9
104.8253870010376  seconds  2.612699153466239 0.5406345067362022 16.900000000000002
110.58802342414856  seconds  2.612699153466239 0.5406345067362022 17.900000000000002
100.7510814666748  seconds  2.612699153466239 0.5406345067362022 18.900000000000002
100.93256449699402  seconds  2.612699153466239 0.5406345067362022 19.900000000000002
time for calc.... 1849.1768007278442
 plotting data from the run ...
saving data from the run ...
energy at the point.. 2.5966539165555025 0.8378965667101266  is  1.0400959698841916e-05
the angle is  0.3121349978541341
200 the fermi surface points 10 chunk numtheads
starting with calculation of Sigma
100.91653943061829  seconds  2.5966539165555025 0.8378965667101266 0.0
105.30382466316223  seconds  2.5966539165555025 0.8378965667101266 1.0
110.96455359458923  seconds  2.5966539165555025 0.8378965667101266 2.0
113.56586456298828  seconds  2.5966539165555025 0.8378965667101266 3.0
117.00879502296448  seconds  2.5966539165555025 0.8378965667101266 5.0
123.79982233047485  seconds  2.5966539165555025 0.8378965667101266 4.0
127.83894062042236  seconds  2.5966539165555025 0.8378965667101266 6.0
130.8028564453125  seconds  2.5966539165555025 0.8378965667101266 7.0
134.56101179122925  seconds  2.5966539165555025 0.8378965667101266 8.0
139.98169541358948  seconds  2.5966539165555025 0.8378965667101266 9.0
157.93793725967407  seconds  2.5966539165555025 0.8378965667101266 10.0
152.96473097801208  seconds  2.5966539165555025 0.8378965667101266 11.0
166.3703691959381  seconds  2.5966539165555025 0.8378965667101266 12.0
160.81877851486206  seconds  2.5966539165555025 0.8378965667101266 13.0
169.0522220134735  seconds  2.5966539165555025 0.8378965667101266 14.0
171.08467388153076  seconds  2.5966539165555025 0.8378965667101266 0.1
173.11529183387756  seconds  2.5966539165555025 0.8378965667101266 15.0
175.07141995429993  seconds  2.5966539165555025 0.8378965667101266 1.1
172.4653480052948  seconds  2.5966539165555025 0.8378965667101266 16.0
170.59286785125732  seconds  2.5966539165555025 0.8378965667101266 2.1
181.68320870399475  seconds  2.5966539165555025 0.8378965667101266 17.0
178.42193627357483  seconds  2.5966539165555025 0.8378965667101266 3.1
171.4846637248993  seconds  2.5966539165555025 0.8378965667101266 18.0
170.88265800476074  seconds  2.5966539165555025 0.8378965667101266 5.1000000000000005
173.86518001556396  seconds  2.5966539165555025 0.8378965667101266 19.0
179.78287291526794  seconds  2.5966539165555025 0.8378965667101266 4.1000000000000005
175.04941749572754  seconds  2.5966539165555025 0.8378965667101266 6.1000000000000005
171.5404942035675  seconds  2.5966539165555025 0.8378965667101266 7.1000000000000005
181.01916909217834  seconds  2.5966539165555025 0.8378965667101266 8.1
170.95185017585754  seconds  2.5966539165555025 0.8378965667101266 9.1
182.49733352661133  seconds  2.5966539165555025 0.8378965667101266 10.100000000000001
185.11948919296265  seconds  2.5966539165555025 0.8378965667101266 11.100000000000001
173.39356994628906  seconds  2.5966539165555025 0.8378965667101266 12.100000000000001
174.33080387115479  seconds  2.5966539165555025 0.8378965667101266 13.100000000000001
181.0290756225586  seconds  2.5966539165555025 0.8378965667101266 14.100000000000001
179.18005418777466  seconds  2.5966539165555025 0.8378965667101266 0.2
180.57799077033997  seconds  2.5966539165555025 0.8378965667101266 15.100000000000001
174.217383146286  seconds  2.5966539165555025 0.8378965667101266 16.1
183.2507266998291  seconds  2.5966539165555025 0.8378965667101266 1.2000000000000002
178.9930818080902  seconds  2.5966539165555025 0.8378965667101266 2.2
173.35516953468323  seconds  2.5966539165555025 0.8378965667101266 3.2
183.94151067733765  seconds  2.5966539165555025 0.8378965667101266 18.1
185.49753165245056  seconds  2.5966539165555025 0.8378965667101266 17.1
172.4028718471527  seconds  2.5966539165555025 0.8378965667101266 4.2
182.68585538864136  seconds  2.5966539165555025 0.8378965667101266 5.2
181.13646054267883  seconds  2.5966539165555025 0.8378965667101266 19.1
176.33068013191223  seconds  2.5966539165555025 0.8378965667101266 6.2
173.3099880218506  seconds  2.5966539165555025 0.8378965667101266 7.2
179.9689404964447  seconds  2.5966539165555025 0.8378965667101266 9.200000000000001
184.86637020111084  seconds  2.5966539165555025 0.8378965667101266 8.200000000000001
181.56493258476257  seconds  2.5966539165555025 0.8378965667101266 10.200000000000001
181.40890192985535  seconds  2.5966539165555025 0.8378965667101266 11.200000000000001
175.62749004364014  seconds  2.5966539165555025 0.8378965667101266 13.200000000000001
185.80694437026978  seconds  2.5966539165555025 0.8378965667101266 12.200000000000001
180.52097153663635  seconds  2.5966539165555025 0.8378965667101266 14.200000000000001
183.09998631477356  seconds  2.5966539165555025 0.8378965667101266 0.30000000000000004
177.15450358390808  seconds  2.5966539165555025 0.8378965667101266 16.2
180.15217518806458  seconds  2.5966539165555025 0.8378965667101266 15.200000000000001
173.86520051956177  seconds  2.5966539165555025 0.8378965667101266 1.3
174.4304232597351  seconds  2.5966539165555025 0.8378965667101266 2.3000000000000003
169.25013303756714  seconds  2.5966539165555025 0.8378965667101266 3.3000000000000003
177.44244146347046  seconds  2.5966539165555025 0.8378965667101266 18.2
179.1023349761963  seconds  2.5966539165555025 0.8378965667101266 17.2
182.79992485046387  seconds  2.5966539165555025 0.8378965667101266 4.3
181.92957663536072  seconds  2.5966539165555025 0.8378965667101266 5.300000000000001
182.32628226280212  seconds  2.5966539165555025 0.8378965667101266 19.200000000000003
177.37446856498718  seconds  2.5966539165555025 0.8378965667101266 6.300000000000001
176.6211760044098  seconds  2.5966539165555025 0.8378965667101266 7.300000000000001
170.51156854629517  seconds  2.5966539165555025 0.8378965667101266 9.3
181.63055777549744  seconds  2.5966539165555025 0.8378965667101266 8.3
185.12086844444275  seconds  2.5966539165555025 0.8378965667101266 10.3
180.9255928993225  seconds  2.5966539165555025 0.8378965667101266 11.3
182.62282538414001  seconds  2.5966539165555025 0.8378965667101266 13.3
175.9167160987854  seconds  2.5966539165555025 0.8378965667101266 12.3
181.63004159927368  seconds  2.5966539165555025 0.8378965667101266 14.3
170.7931456565857  seconds  2.5966539165555025 0.8378965667101266 1.4000000000000001
180.54115200042725  seconds  2.5966539165555025 0.8378965667101266 0.4
174.04734706878662  seconds  2.5966539165555025 0.8378965667101266 16.3
178.63748908042908  seconds  2.5966539165555025 0.8378965667101266 15.3
176.98283338546753  seconds  2.5966539165555025 0.8378965667101266 2.4000000000000004
178.3546085357666  seconds  2.5966539165555025 0.8378965667101266 3.4000000000000004
175.64071536064148  seconds  2.5966539165555025 0.8378965667101266 18.3
166.15430212020874  seconds  2.5966539165555025 0.8378965667101266 4.4
176.12956476211548  seconds  2.5966539165555025 0.8378965667101266 17.3
177.37561130523682  seconds  2.5966539165555025 0.8378965667101266 5.4
175.04981207847595  seconds  2.5966539165555025 0.8378965667101266 19.3
175.4608542919159  seconds  2.5966539165555025 0.8378965667101266 6.4
179.59548258781433  seconds  2.5966539165555025 0.8378965667101266 7.4
183.71289992332458  seconds  2.5966539165555025 0.8378965667101266 9.4
184.3768424987793  seconds  2.5966539165555025 0.8378965667101266 8.4
173.9829614162445  seconds  2.5966539165555025 0.8378965667101266 10.4
165.13307976722717  seconds  2.5966539165555025 0.8378965667101266 13.4
181.19099926948547  seconds  2.5966539165555025 0.8378965667101266 11.4
175.6245379447937  seconds  2.5966539165555025 0.8378965667101266 12.4
172.155366897583  seconds  2.5966539165555025 0.8378965667101266 0.5
179.65448784828186  seconds  2.5966539165555025 0.8378965667101266 14.4
181.68114757537842  seconds  2.5966539165555025 0.8378965667101266 1.5
180.71095395088196  seconds  2.5966539165555025 0.8378965667101266 16.400000000000002
176.448575258255  seconds  2.5966539165555025 0.8378965667101266 15.4
175.9494709968567  seconds  2.5966539165555025 0.8378965667101266 2.5
173.01746654510498  seconds  2.5966539165555025 0.8378965667101266 3.5
174.6470663547516  seconds  2.5966539165555025 0.8378965667101266 18.400000000000002
176.7028419971466  seconds  2.5966539165555025 0.8378965667101266 17.400000000000002
178.7470121383667  seconds  2.5966539165555025 0.8378965667101266 4.5
176.86188411712646  seconds  2.5966539165555025 0.8378965667101266 19.400000000000002
182.05996465682983  seconds  2.5966539165555025 0.8378965667101266 5.5
174.69092893600464  seconds  2.5966539165555025 0.8378965667101266 6.5
173.0489227771759  seconds  2.5966539165555025 0.8378965667101266 7.5
170.41639518737793  seconds  2.5966539165555025 0.8378965667101266 9.5
183.54828906059265  seconds  2.5966539165555025 0.8378965667101266 8.5
172.65105867385864  seconds  2.5966539165555025 0.8378965667101266 10.5
179.32339668273926  seconds  2.5966539165555025 0.8378965667101266 13.5
173.02088975906372  seconds  2.5966539165555025 0.8378965667101266 11.5
170.99402570724487  seconds  2.5966539165555025 0.8378965667101266 12.5
176.82806611061096  seconds  2.5966539165555025 0.8378965667101266 0.6000000000000001
173.26018261909485  seconds  2.5966539165555025 0.8378965667101266 15.5
177.5350227355957  seconds  2.5966539165555025 0.8378965667101266 1.6
177.02809953689575  seconds  2.5966539165555025 0.8378965667101266 16.5
184.4128701686859  seconds  2.5966539165555025 0.8378965667101266 14.5
176.30650162696838  seconds  2.5966539165555025 0.8378965667101266 2.6
174.69488310813904  seconds  2.5966539165555025 0.8378965667101266 3.6
174.14557528495789  seconds  2.5966539165555025 0.8378965667101266 17.5
179.49252343177795  seconds  2.5966539165555025 0.8378965667101266 18.5
183.6214792728424  seconds  2.5966539165555025 0.8378965667101266 4.6000000000000005
175.16150617599487  seconds  2.5966539165555025 0.8378965667101266 19.5
174.77745151519775  seconds  2.5966539165555025 0.8378965667101266 6.6000000000000005
179.8285572528839  seconds  2.5966539165555025 0.8378965667101266 5.6000000000000005
178.50517535209656  seconds  2.5966539165555025 0.8378965667101266 7.6000000000000005
182.46393704414368  seconds  2.5966539165555025 0.8378965667101266 9.600000000000001
167.28355598449707  seconds  2.5966539165555025 0.8378965667101266 8.6
177.31547093391418  seconds  2.5966539165555025 0.8378965667101266 10.600000000000001
174.1380295753479  seconds  2.5966539165555025 0.8378965667101266 11.600000000000001
176.2149314880371  seconds  2.5966539165555025 0.8378965667101266 12.600000000000001
181.67988514900208  seconds  2.5966539165555025 0.8378965667101266 13.600000000000001
170.578937292099  seconds  2.5966539165555025 0.8378965667101266 0.7000000000000001
168.99053597450256  seconds  2.5966539165555025 0.8378965667101266 15.600000000000001
180.16034293174744  seconds  2.5966539165555025 0.8378965667101266 1.7000000000000002
174.59450459480286  seconds  2.5966539165555025 0.8378965667101266 3.7
179.60229396820068  seconds  2.5966539165555025 0.8378965667101266 2.7
185.2257263660431  seconds  2.5966539165555025 0.8378965667101266 16.6
185.74536442756653  seconds  2.5966539165555025 0.8378965667101266 14.600000000000001
175.4804334640503  seconds  2.5966539165555025 0.8378965667101266 17.6
187.0139000415802  seconds  2.5966539165555025 0.8378965667101266 18.6
176.80496072769165  seconds  2.5966539165555025 0.8378965667101266 19.6
177.3432536125183  seconds  2.5966539165555025 0.8378965667101266 6.7
185.53825664520264  seconds  2.5966539165555025 0.8378965667101266 4.7
173.3656883239746  seconds  2.5966539165555025 0.8378965667101266 7.7
180.87180972099304  seconds  2.5966539165555025 0.8378965667101266 5.7
175.74401140213013  seconds  2.5966539165555025 0.8378965667101266 9.700000000000001
182.49830436706543  seconds  2.5966539165555025 0.8378965667101266 8.700000000000001
175.29779195785522  seconds  2.5966539165555025 0.8378965667101266 11.700000000000001
172.72004580497742  seconds  2.5966539165555025 0.8378965667101266 12.700000000000001
172.255699634552  seconds  2.5966539165555025 0.8378965667101266 13.700000000000001
183.99315738677979  seconds  2.5966539165555025 0.8378965667101266 10.700000000000001
180.43624258041382  seconds  2.5966539165555025 0.8378965667101266 0.8
180.2001187801361  seconds  2.5966539165555025 0.8378965667101266 15.700000000000001
179.60108137130737  seconds  2.5966539165555025 0.8378965667101266 1.8
177.87386178970337  seconds  2.5966539165555025 0.8378965667101266 2.8000000000000003
177.9440393447876  seconds  2.5966539165555025 0.8378965667101266 16.7
176.60678267478943  seconds  2.5966539165555025 0.8378965667101266 14.700000000000001
184.52270483970642  seconds  2.5966539165555025 0.8378965667101266 3.8000000000000003
178.7603633403778  seconds  2.5966539165555025 0.8378965667101266 17.7
182.8059060573578  seconds  2.5966539165555025 0.8378965667101266 18.7
182.26779341697693  seconds  2.5966539165555025 0.8378965667101266 19.700000000000003
178.18570756912231  seconds  2.5966539165555025 0.8378965667101266 7.800000000000001
186.76451206207275  seconds  2.5966539165555025 0.8378965667101266 6.800000000000001
185.93761014938354  seconds  2.5966539165555025 0.8378965667101266 4.800000000000001
184.81898307800293  seconds  2.5966539165555025 0.8378965667101266 5.800000000000001
179.71178102493286  seconds  2.5966539165555025 0.8378965667101266 9.8
180.33542227745056  seconds  2.5966539165555025 0.8378965667101266 8.8
176.0902338027954  seconds  2.5966539165555025 0.8378965667101266 12.8
178.20200777053833  seconds  2.5966539165555025 0.8378965667101266 11.8
177.13884043693542  seconds  2.5966539165555025 0.8378965667101266 13.8
182.88335704803467  seconds  2.5966539165555025 0.8378965667101266 10.8
176.62736749649048  seconds  2.5966539165555025 0.8378965667101266 0.9
182.24084877967834  seconds  2.5966539165555025 0.8378965667101266 15.8
169.16516375541687  seconds  2.5966539165555025 0.8378965667101266 16.8
183.57876753807068  seconds  2.5966539165555025 0.8378965667101266 2.9000000000000004
179.23890376091003  seconds  2.5966539165555025 0.8378965667101266 3.9000000000000004
180.32898092269897  seconds  2.5966539165555025 0.8378965667101266 14.8
184.81050539016724  seconds  2.5966539165555025 0.8378965667101266 1.9000000000000001
170.14800024032593  seconds  2.5966539165555025 0.8378965667101266 17.8
170.21830201148987  seconds  2.5966539165555025 0.8378965667101266 19.8
174.99180006980896  seconds  2.5966539165555025 0.8378965667101266 18.8
161.12165760993958  seconds  2.5966539165555025 0.8378965667101266 5.9
166.73592281341553  seconds  2.5966539165555025 0.8378965667101266 4.9
170.61753511428833  seconds  2.5966539165555025 0.8378965667101266 7.9
167.13472938537598  seconds  2.5966539165555025 0.8378965667101266 6.9
157.31584358215332  seconds  2.5966539165555025 0.8378965667101266 9.9
152.79464888572693  seconds  2.5966539165555025 0.8378965667101266 8.9
138.15048837661743  seconds  2.5966539165555025 0.8378965667101266 11.9
139.05703902244568  seconds  2.5966539165555025 0.8378965667101266 13.9
143.06058382987976  seconds  2.5966539165555025 0.8378965667101266 12.9
137.263897895813  seconds  2.5966539165555025 0.8378965667101266 10.9
116.11024403572083  seconds  2.5966539165555025 0.8378965667101266 15.9
118.09122633934021  seconds  2.5966539165555025 0.8378965667101266 16.900000000000002
108.5213725566864  seconds  2.5966539165555025 0.8378965667101266 14.9
104.53361296653748  seconds  2.5966539165555025 0.8378965667101266 17.900000000000002
105.60826635360718  seconds  2.5966539165555025 0.8378965667101266 19.900000000000002
103.18282341957092  seconds  2.5966539165555025 0.8378965667101266 18.900000000000002
time for calc.... 1859.4340960979462
 plotting data from the run ...
saving data from the run ...
energy at the point.. 2.5477213028327195 1.1368970013037814  is  9.295332997538708e-06
the angle is  0.4197233160056505
200 the fermi surface points 10 chunk numtheads
starting with calculation of Sigma
100.13119554519653  seconds  2.5477213028327195 1.1368970013037814 0.0
111.36180090904236  seconds  2.5477213028327195 1.1368970013037814 1.0
109.4122052192688  seconds  2.5477213028327195 1.1368970013037814 2.0
116.57057356834412  seconds  2.5477213028327195 1.1368970013037814 3.0
122.42070484161377  seconds  2.5477213028327195 1.1368970013037814 4.0
126.29638385772705  seconds  2.5477213028327195 1.1368970013037814 5.0
127.73434114456177  seconds  2.5477213028327195 1.1368970013037814 6.0
134.53185606002808  seconds  2.5477213028327195 1.1368970013037814 7.0
129.5560233592987  seconds  2.5477213028327195 1.1368970013037814 8.0
143.45526909828186  seconds  2.5477213028327195 1.1368970013037814 9.0
151.79239749908447  seconds  2.5477213028327195 1.1368970013037814 10.0
157.49216890335083  seconds  2.5477213028327195 1.1368970013037814 11.0
157.71015787124634  seconds  2.5477213028327195 1.1368970013037814 12.0
165.5574243068695  seconds  2.5477213028327195 1.1368970013037814 13.0
165.27014923095703  seconds  2.5477213028327195 1.1368970013037814 0.1
170.29442954063416  seconds  2.5477213028327195 1.1368970013037814 14.0
166.25027751922607  seconds  2.5477213028327195 1.1368970013037814 15.0
165.3149929046631  seconds  2.5477213028327195 1.1368970013037814 2.1
169.25448942184448  seconds  2.5477213028327195 1.1368970013037814 16.0
176.54599618911743  seconds  2.5477213028327195 1.1368970013037814 1.1
176.61358213424683  seconds  2.5477213028327195 1.1368970013037814 17.0
174.89038014411926  seconds  2.5477213028327195 1.1368970013037814 3.1
175.62721943855286  seconds  2.5477213028327195 1.1368970013037814 18.0
174.57860374450684  seconds  2.5477213028327195 1.1368970013037814 4.1000000000000005
183.4435315132141  seconds  2.5477213028327195 1.1368970013037814 19.0
171.7529649734497  seconds  2.5477213028327195 1.1368970013037814 6.1000000000000005
183.63157296180725  seconds  2.5477213028327195 1.1368970013037814 5.1000000000000005
169.56542944908142  seconds  2.5477213028327195 1.1368970013037814 7.1000000000000005
181.75718927383423  seconds  2.5477213028327195 1.1368970013037814 8.1
175.6187937259674  seconds  2.5477213028327195 1.1368970013037814 9.1
179.17758989334106  seconds  2.5477213028327195 1.1368970013037814 10.100000000000001
171.5952923297882  seconds  2.5477213028327195 1.1368970013037814 12.100000000000001
179.77856349945068  seconds  2.5477213028327195 1.1368970013037814 11.100000000000001
183.38256287574768  seconds  2.5477213028327195 1.1368970013037814 13.100000000000001
185.46811747550964  seconds  2.5477213028327195 1.1368970013037814 0.2
182.67281126976013  seconds  2.5477213028327195 1.1368970013037814 14.100000000000001
178.49357342720032  seconds  2.5477213028327195 1.1368970013037814 15.100000000000001
172.3310055732727  seconds  2.5477213028327195 1.1368970013037814 2.2
176.59114742279053  seconds  2.5477213028327195 1.1368970013037814 16.1
178.0875997543335  seconds  2.5477213028327195 1.1368970013037814 1.2000000000000002
174.2715573310852  seconds  2.5477213028327195 1.1368970013037814 17.1
182.90379858016968  seconds  2.5477213028327195 1.1368970013037814 3.2
177.15502834320068  seconds  2.5477213028327195 1.1368970013037814 18.1
175.6649146080017  seconds  2.5477213028327195 1.1368970013037814 4.2
168.44797134399414  seconds  2.5477213028327195 1.1368970013037814 5.2
176.18410325050354  seconds  2.5477213028327195 1.1368970013037814 19.1
176.6437087059021  seconds  2.5477213028327195 1.1368970013037814 6.2
179.97594118118286  seconds  2.5477213028327195 1.1368970013037814 7.2
178.40982699394226  seconds  2.5477213028327195 1.1368970013037814 8.200000000000001
183.63539719581604  seconds  2.5477213028327195 1.1368970013037814 9.200000000000001
177.47679781913757  seconds  2.5477213028327195 1.1368970013037814 10.200000000000001
176.1220350265503  seconds  2.5477213028327195 1.1368970013037814 12.200000000000001
176.50847578048706  seconds  2.5477213028327195 1.1368970013037814 11.200000000000001
179.93463110923767  seconds  2.5477213028327195 1.1368970013037814 13.200000000000001
178.491779088974  seconds  2.5477213028327195 1.1368970013037814 0.30000000000000004
177.282808303833  seconds  2.5477213028327195 1.1368970013037814 14.200000000000001
177.31893229484558  seconds  2.5477213028327195 1.1368970013037814 15.200000000000001
178.35328769683838  seconds  2.5477213028327195 1.1368970013037814 2.3000000000000003
172.033620595932  seconds  2.5477213028327195 1.1368970013037814 16.2
175.02419877052307  seconds  2.5477213028327195 1.1368970013037814 1.3
179.25271677970886  seconds  2.5477213028327195 1.1368970013037814 17.2
174.60316443443298  seconds  2.5477213028327195 1.1368970013037814 3.3000000000000003
180.1821677684784  seconds  2.5477213028327195 1.1368970013037814 18.2
177.25404167175293  seconds  2.5477213028327195 1.1368970013037814 4.3
169.45772671699524  seconds  2.5477213028327195 1.1368970013037814 19.200000000000003
177.14373207092285  seconds  2.5477213028327195 1.1368970013037814 5.300000000000001
173.32501673698425  seconds  2.5477213028327195 1.1368970013037814 6.300000000000001
177.51423525810242  seconds  2.5477213028327195 1.1368970013037814 7.300000000000001
171.9591100215912  seconds  2.5477213028327195 1.1368970013037814 8.3
180.69526505470276  seconds  2.5477213028327195 1.1368970013037814 9.3
183.32120513916016  seconds  2.5477213028327195 1.1368970013037814 10.3
177.34899258613586  seconds  2.5477213028327195 1.1368970013037814 11.3
178.91317296028137  seconds  2.5477213028327195 1.1368970013037814 12.3
179.44316124916077  seconds  2.5477213028327195 1.1368970013037814 0.4
185.875905752182  seconds  2.5477213028327195 1.1368970013037814 13.3
177.60697293281555  seconds  2.5477213028327195 1.1368970013037814 15.3
174.7581663131714  seconds  2.5477213028327195 1.1368970013037814 16.3
180.7789008617401  seconds  2.5477213028327195 1.1368970013037814 14.3
176.64072799682617  seconds  2.5477213028327195 1.1368970013037814 2.4000000000000004
181.03186058998108  seconds  2.5477213028327195 1.1368970013037814 1.4000000000000001
181.51040387153625  seconds  2.5477213028327195 1.1368970013037814 17.3
177.51756262779236  seconds  2.5477213028327195 1.1368970013037814 3.4000000000000004
178.0039038658142  seconds  2.5477213028327195 1.1368970013037814 18.3
187.55719637870789  seconds  2.5477213028327195 1.1368970013037814 4.4
181.58380222320557  seconds  2.5477213028327195 1.1368970013037814 19.3
178.0310914516449  seconds  2.5477213028327195 1.1368970013037814 6.4
184.08619594573975  seconds  2.5477213028327195 1.1368970013037814 5.4
181.27589511871338  seconds  2.5477213028327195 1.1368970013037814 7.4
174.5657515525818  seconds  2.5477213028327195 1.1368970013037814 8.4
183.7147572040558  seconds  2.5477213028327195 1.1368970013037814 9.4
180.37802600860596  seconds  2.5477213028327195 1.1368970013037814 10.4
178.3111617565155  seconds  2.5477213028327195 1.1368970013037814 11.4
184.98948788642883  seconds  2.5477213028327195 1.1368970013037814 12.4
169.82387614250183  seconds  2.5477213028327195 1.1368970013037814 15.4
172.3733720779419  seconds  2.5477213028327195 1.1368970013037814 13.4
176.26438856124878  seconds  2.5477213028327195 1.1368970013037814 14.4
180.5857651233673  seconds  2.5477213028327195 1.1368970013037814 16.400000000000002
185.85542249679565  seconds  2.5477213028327195 1.1368970013037814 0.5
180.3098783493042  seconds  2.5477213028327195 1.1368970013037814 2.5
172.15562224388123  seconds  2.5477213028327195 1.1368970013037814 1.5
168.26416540145874  seconds  2.5477213028327195 1.1368970013037814 3.5
176.82413053512573  seconds  2.5477213028327195 1.1368970013037814 17.400000000000002
171.23691368103027  seconds  2.5477213028327195 1.1368970013037814 18.400000000000002
173.39252066612244  seconds  2.5477213028327195 1.1368970013037814 19.400000000000002
178.66552567481995  seconds  2.5477213028327195 1.1368970013037814 4.5
178.57406759262085  seconds  2.5477213028327195 1.1368970013037814 6.5
178.59433770179749  seconds  2.5477213028327195 1.1368970013037814 5.5
170.92049980163574  seconds  2.5477213028327195 1.1368970013037814 7.5
177.80029344558716  seconds  2.5477213028327195 1.1368970013037814 8.5
180.07609915733337  seconds  2.5477213028327195 1.1368970013037814 9.5
180.71694350242615  seconds  2.5477213028327195 1.1368970013037814 10.5
177.55461883544922  seconds  2.5477213028327195 1.1368970013037814 11.5
180.614670753479  seconds  2.5477213028327195 1.1368970013037814 12.5
175.61456894874573  seconds  2.5477213028327195 1.1368970013037814 15.5
175.8367121219635  seconds  2.5477213028327195 1.1368970013037814 13.5
165.68111324310303  seconds  2.5477213028327195 1.1368970013037814 0.6000000000000001
173.61803579330444  seconds  2.5477213028327195 1.1368970013037814 14.5
173.3465609550476  seconds  2.5477213028327195 1.1368970013037814 16.5
174.56222105026245  seconds  2.5477213028327195 1.1368970013037814 2.6
177.89560556411743  seconds  2.5477213028327195 1.1368970013037814 1.6
165.7350754737854  seconds  2.5477213028327195 1.1368970013037814 17.5
175.85817670822144  seconds  2.5477213028327195 1.1368970013037814 3.6
176.03618836402893  seconds  2.5477213028327195 1.1368970013037814 18.5
182.0157971382141  seconds  2.5477213028327195 1.1368970013037814 19.5
174.56901383399963  seconds  2.5477213028327195 1.1368970013037814 6.6000000000000005
180.0968792438507  seconds  2.5477213028327195 1.1368970013037814 4.6000000000000005
175.95969152450562  seconds  2.5477213028327195 1.1368970013037814 5.6000000000000005
174.9177918434143  seconds  2.5477213028327195 1.1368970013037814 7.6000000000000005
177.65173959732056  seconds  2.5477213028327195 1.1368970013037814 8.6
181.34478330612183  seconds  2.5477213028327195 1.1368970013037814 9.600000000000001
168.26717329025269  seconds  2.5477213028327195 1.1368970013037814 12.600000000000001
182.18205738067627  seconds  2.5477213028327195 1.1368970013037814 10.600000000000001
180.28274631500244  seconds  2.5477213028327195 1.1368970013037814 11.600000000000001
169.6395435333252  seconds  2.5477213028327195 1.1368970013037814 15.600000000000001
177.22827005386353  seconds  2.5477213028327195 1.1368970013037814 13.600000000000001
177.35281586647034  seconds  2.5477213028327195 1.1368970013037814 0.7000000000000001
169.68092107772827  seconds  2.5477213028327195 1.1368970013037814 2.7
176.11091136932373  seconds  2.5477213028327195 1.1368970013037814 16.6
180.66933631896973  seconds  2.5477213028327195 1.1368970013037814 14.600000000000001
180.95380425453186  seconds  2.5477213028327195 1.1368970013037814 1.7000000000000002
174.61387825012207  seconds  2.5477213028327195 1.1368970013037814 17.6
172.34226155281067  seconds  2.5477213028327195 1.1368970013037814 3.7
170.77560353279114  seconds  2.5477213028327195 1.1368970013037814 18.6
174.92933416366577  seconds  2.5477213028327195 1.1368970013037814 19.6
173.72127103805542  seconds  2.5477213028327195 1.1368970013037814 6.7
175.35457181930542  seconds  2.5477213028327195 1.1368970013037814 4.7
174.70331573486328  seconds  2.5477213028327195 1.1368970013037814 5.7
173.50643634796143  seconds  2.5477213028327195 1.1368970013037814 7.7
177.44695401191711  seconds  2.5477213028327195 1.1368970013037814 8.700000000000001
173.8922414779663  seconds  2.5477213028327195 1.1368970013037814 9.700000000000001
169.8948004245758  seconds  2.5477213028327195 1.1368970013037814 11.700000000000001
172.72110986709595  seconds  2.5477213028327195 1.1368970013037814 12.700000000000001
172.5291519165039  seconds  2.5477213028327195 1.1368970013037814 10.700000000000001
161.79525423049927  seconds  2.5477213028327195 1.1368970013037814 0.8
173.3719620704651  seconds  2.5477213028327195 1.1368970013037814 15.700000000000001
170.44477653503418  seconds  2.5477213028327195 1.1368970013037814 13.700000000000001
180.0363063812256  seconds  2.5477213028327195 1.1368970013037814 2.8000000000000003
179.88954329490662  seconds  2.5477213028327195 1.1368970013037814 16.7
179.56415367126465  seconds  2.5477213028327195 1.1368970013037814 14.700000000000001
170.92138934135437  seconds  2.5477213028327195 1.1368970013037814 1.8
176.23151564598083  seconds  2.5477213028327195 1.1368970013037814 3.8000000000000003
179.0532202720642  seconds  2.5477213028327195 1.1368970013037814 17.7
178.64216947555542  seconds  2.5477213028327195 1.1368970013037814 18.7
176.49378871917725  seconds  2.5477213028327195 1.1368970013037814 6.800000000000001
176.8102467060089  seconds  2.5477213028327195 1.1368970013037814 19.700000000000003
174.66954684257507  seconds  2.5477213028327195 1.1368970013037814 4.800000000000001
176.06820583343506  seconds  2.5477213028327195 1.1368970013037814 5.800000000000001
181.50316715240479  seconds  2.5477213028327195 1.1368970013037814 7.800000000000001
177.6405463218689  seconds  2.5477213028327195 1.1368970013037814 8.8
180.8884539604187  seconds  2.5477213028327195 1.1368970013037814 9.8
171.78422713279724  seconds  2.5477213028327195 1.1368970013037814 11.8
171.08959698677063  seconds  2.5477213028327195 1.1368970013037814 10.8
179.14536786079407  seconds  2.5477213028327195 1.1368970013037814 12.8
168.89874291419983  seconds  2.5477213028327195 1.1368970013037814 15.8
182.75774312019348  seconds  2.5477213028327195 1.1368970013037814 0.9
176.4223599433899  seconds  2.5477213028327195 1.1368970013037814 13.8
166.49628567695618  seconds  2.5477213028327195 1.1368970013037814 2.9000000000000004
175.10296416282654  seconds  2.5477213028327195 1.1368970013037814 14.8
179.5642762184143  seconds  2.5477213028327195 1.1368970013037814 16.8
176.6527066230774  seconds  2.5477213028327195 1.1368970013037814 1.9000000000000001
170.55686116218567  seconds  2.5477213028327195 1.1368970013037814 3.9000000000000004
175.6887822151184  seconds  2.5477213028327195 1.1368970013037814 17.8
169.3752031326294  seconds  2.5477213028327195 1.1368970013037814 18.8
160.09897422790527  seconds  2.5477213028327195 1.1368970013037814 19.8
165.10045766830444  seconds  2.5477213028327195 1.1368970013037814 6.9
164.79966163635254  seconds  2.5477213028327195 1.1368970013037814 4.9
167.45576333999634  seconds  2.5477213028327195 1.1368970013037814 5.9
158.18930387496948  seconds  2.5477213028327195 1.1368970013037814 7.9
156.54310297966003  seconds  2.5477213028327195 1.1368970013037814 8.9
135.40330243110657  seconds  2.5477213028327195 1.1368970013037814 11.9
140.27734923362732  seconds  2.5477213028327195 1.1368970013037814 9.9
138.63016414642334  seconds  2.5477213028327195 1.1368970013037814 10.9
135.35130977630615  seconds  2.5477213028327195 1.1368970013037814 12.9
123.11146330833435  seconds  2.5477213028327195 1.1368970013037814 15.9
121.0254898071289  seconds  2.5477213028327195 1.1368970013037814 13.9
109.55780005455017  seconds  2.5477213028327195 1.1368970013037814 16.900000000000002
114.33441972732544  seconds  2.5477213028327195 1.1368970013037814 14.9
107.87383389472961  seconds  2.5477213028327195 1.1368970013037814 17.900000000000002
104.32948422431946  seconds  2.5477213028327195 1.1368970013037814 18.900000000000002
100.771324634552  seconds  2.5477213028327195 1.1368970013037814 19.900000000000002
time for calc.... 1840.1909675598145
 plotting data from the run ...
saving data from the run ...
energy at the point.. 2.4372546507317705 1.4115601912212083  is  1.07841213363713e-05
the angle is  0.5249549448529208
200 the fermi surface points 10 chunk numtheads
starting with calculation of Sigma
102.21117973327637  seconds  2.4372546507317705 1.4115601912212083 0.0
106.53883409500122  seconds  2.4372546507317705 1.4115601912212083 1.0
109.1236355304718  seconds  2.4372546507317705 1.4115601912212083 2.0
120.46059131622314  seconds  2.4372546507317705 1.4115601912212083 3.0
118.40380048751831  seconds  2.4372546507317705 1.4115601912212083 4.0
129.95275831222534  seconds  2.4372546507317705 1.4115601912212083 5.0
136.30107641220093  seconds  2.4372546507317705 1.4115601912212083 6.0
136.31085920333862  seconds  2.4372546507317705 1.4115601912212083 7.0
146.44150590896606  seconds  2.4372546507317705 1.4115601912212083 8.0
142.91824865341187  seconds  2.4372546507317705 1.4115601912212083 9.0
145.2422730922699  seconds  2.4372546507317705 1.4115601912212083 10.0
150.6667194366455  seconds  2.4372546507317705 1.4115601912212083 11.0
157.8428738117218  seconds  2.4372546507317705 1.4115601912212083 12.0
170.59854578971863  seconds  2.4372546507317705 1.4115601912212083 13.0
164.17970418930054  seconds  2.4372546507317705 1.4115601912212083 0.1
167.8864028453827  seconds  2.4372546507317705 1.4115601912212083 14.0
171.30069160461426  seconds  2.4372546507317705 1.4115601912212083 15.0
170.05117273330688  seconds  2.4372546507317705 1.4115601912212083 1.1
173.44673490524292  seconds  2.4372546507317705 1.4115601912212083 2.1
183.2233591079712  seconds  2.4372546507317705 1.4115601912212083 16.0
180.49461102485657  seconds  2.4372546507317705 1.4115601912212083 17.0
175.47207307815552  seconds  2.4372546507317705 1.4115601912212083 3.1
180.7173810005188  seconds  2.4372546507317705 1.4115601912212083 18.0
170.49130177497864  seconds  2.4372546507317705 1.4115601912212083 19.0
181.54609870910645  seconds  2.4372546507317705 1.4115601912212083 4.1000000000000005
178.78011655807495  seconds  2.4372546507317705 1.4115601912212083 5.1000000000000005
180.29866313934326  seconds  2.4372546507317705 1.4115601912212083 6.1000000000000005
175.6413700580597  seconds  2.4372546507317705 1.4115601912212083 7.1000000000000005
185.29253101348877  seconds  2.4372546507317705 1.4115601912212083 8.1
188.88022828102112  seconds  2.4372546507317705 1.4115601912212083 9.1
180.23649716377258  seconds  2.4372546507317705 1.4115601912212083 10.100000000000001
175.07843804359436  seconds  2.4372546507317705 1.4115601912212083 11.100000000000001
169.5161647796631  seconds  2.4372546507317705 1.4115601912212083 12.100000000000001
173.3352563381195  seconds  2.4372546507317705 1.4115601912212083 13.100000000000001
171.56992101669312  seconds  2.4372546507317705 1.4115601912212083 14.100000000000001
182.96508479118347  seconds  2.4372546507317705 1.4115601912212083 0.2
173.12378764152527  seconds  2.4372546507317705 1.4115601912212083 1.2000000000000002
174.3989450931549  seconds  2.4372546507317705 1.4115601912212083 15.100000000000001
171.95966744422913  seconds  2.4372546507317705 1.4115601912212083 2.2
179.3525595664978  seconds  2.4372546507317705 1.4115601912212083 16.1
175.91447281837463  seconds  2.4372546507317705 1.4115601912212083 17.1
176.7644648551941  seconds  2.4372546507317705 1.4115601912212083 3.2
174.469379901886  seconds  2.4372546507317705 1.4115601912212083 19.1
176.3108355998993  seconds  2.4372546507317705 1.4115601912212083 18.1
176.0840847492218  seconds  2.4372546507317705 1.4115601912212083 4.2
177.88870239257812  seconds  2.4372546507317705 1.4115601912212083 5.2
172.19348978996277  seconds  2.4372546507317705 1.4115601912212083 6.2
173.6092324256897  seconds  2.4372546507317705 1.4115601912212083 7.2
168.2732834815979  seconds  2.4372546507317705 1.4115601912212083 10.200000000000001
171.5888156890869  seconds  2.4372546507317705 1.4115601912212083 9.200000000000001
185.12490367889404  seconds  2.4372546507317705 1.4115601912212083 8.200000000000001
177.23474526405334  seconds  2.4372546507317705 1.4115601912212083 11.200000000000001
173.89246463775635  seconds  2.4372546507317705 1.4115601912212083 12.200000000000001
179.37255907058716  seconds  2.4372546507317705 1.4115601912212083 13.200000000000001
177.50507140159607  seconds  2.4372546507317705 1.4115601912212083 14.200000000000001
177.75190329551697  seconds  2.4372546507317705 1.4115601912212083 0.30000000000000004
174.74710965156555  seconds  2.4372546507317705 1.4115601912212083 1.3
182.80867981910706  seconds  2.4372546507317705 1.4115601912212083 15.200000000000001
172.62325286865234  seconds  2.4372546507317705 1.4115601912212083 2.3000000000000003
176.97025680541992  seconds  2.4372546507317705 1.4115601912212083 17.2
183.60754799842834  seconds  2.4372546507317705 1.4115601912212083 16.2
177.37623572349548  seconds  2.4372546507317705 1.4115601912212083 3.3000000000000003
177.11016726493835  seconds  2.4372546507317705 1.4115601912212083 19.200000000000003
176.02954745292664  seconds  2.4372546507317705 1.4115601912212083 18.2
176.28208112716675  seconds  2.4372546507317705 1.4115601912212083 4.3
169.53795337677002  seconds  2.4372546507317705 1.4115601912212083 5.300000000000001
173.65628933906555  seconds  2.4372546507317705 1.4115601912212083 6.300000000000001
182.41824197769165  seconds  2.4372546507317705 1.4115601912212083 7.300000000000001
176.9277548789978  seconds  2.4372546507317705 1.4115601912212083 10.3
175.55424213409424  seconds  2.4372546507317705 1.4115601912212083 9.3
176.82973790168762  seconds  2.4372546507317705 1.4115601912212083 8.3
171.7652449607849  seconds  2.4372546507317705 1.4115601912212083 11.3
174.13028407096863  seconds  2.4372546507317705 1.4115601912212083 12.3
184.8991403579712  seconds  2.4372546507317705 1.4115601912212083 13.3
183.18300342559814  seconds  2.4372546507317705 1.4115601912212083 14.3
177.75616836547852  seconds  2.4372546507317705 1.4115601912212083 0.4
182.37513184547424  seconds  2.4372546507317705 1.4115601912212083 1.4000000000000001
176.41105961799622  seconds  2.4372546507317705 1.4115601912212083 15.3
176.87150812149048  seconds  2.4372546507317705 1.4115601912212083 2.4000000000000004
175.35318756103516  seconds  2.4372546507317705 1.4115601912212083 17.3
172.3914396762848  seconds  2.4372546507317705 1.4115601912212083 16.3
176.806542634964  seconds  2.4372546507317705 1.4115601912212083 19.3
179.20506048202515  seconds  2.4372546507317705 1.4115601912212083 18.3
180.645610332489  seconds  2.4372546507317705 1.4115601912212083 3.4000000000000004
180.2975459098816  seconds  2.4372546507317705 1.4115601912212083 4.4
176.29126358032227  seconds  2.4372546507317705 1.4115601912212083 5.4
164.24084377288818  seconds  2.4372546507317705 1.4115601912212083 6.4
174.40234231948853  seconds  2.4372546507317705 1.4115601912212083 7.4
172.99094676971436  seconds  2.4372546507317705 1.4115601912212083 9.4
185.49150204658508  seconds  2.4372546507317705 1.4115601912212083 10.4
179.72588181495667  seconds  2.4372546507317705 1.4115601912212083 11.4
183.62249994277954  seconds  2.4372546507317705 1.4115601912212083 8.4
181.1222460269928  seconds  2.4372546507317705 1.4115601912212083 12.4
173.3931486606598  seconds  2.4372546507317705 1.4115601912212083 13.4
176.64621210098267  seconds  2.4372546507317705 1.4115601912212083 14.4
178.62388586997986  seconds  2.4372546507317705 1.4115601912212083 0.5
176.344007730484  seconds  2.4372546507317705 1.4115601912212083 2.5
179.6043152809143  seconds  2.4372546507317705 1.4115601912212083 15.4
182.49209141731262  seconds  2.4372546507317705 1.4115601912212083 1.5
178.5579173564911  seconds  2.4372546507317705 1.4115601912212083 17.400000000000002
176.30859756469727  seconds  2.4372546507317705 1.4115601912212083 16.400000000000002
177.0988552570343  seconds  2.4372546507317705 1.4115601912212083 19.400000000000002
177.1294026374817  seconds  2.4372546507317705 1.4115601912212083 3.5
182.50716280937195  seconds  2.4372546507317705 1.4115601912212083 18.400000000000002
175.2497055530548  seconds  2.4372546507317705 1.4115601912212083 4.5
172.98375129699707  seconds  2.4372546507317705 1.4115601912212083 6.5
176.5334231853485  seconds  2.4372546507317705 1.4115601912212083 5.5
174.9923436641693  seconds  2.4372546507317705 1.4115601912212083 7.5
175.2825870513916  seconds  2.4372546507317705 1.4115601912212083 9.5
180.53683733940125  seconds  2.4372546507317705 1.4115601912212083 10.5
176.6954379081726  seconds  2.4372546507317705 1.4115601912212083 11.5
184.31105995178223  seconds  2.4372546507317705 1.4115601912212083 8.5
183.86901760101318  seconds  2.4372546507317705 1.4115601912212083 12.5
181.28669261932373  seconds  2.4372546507317705 1.4115601912212083 13.5
184.73688340187073  seconds  2.4372546507317705 1.4115601912212083 14.5
184.83824133872986  seconds  2.4372546507317705 1.4115601912212083 0.6000000000000001
178.45539212226868  seconds  2.4372546507317705 1.4115601912212083 2.6
178.5974986553192  seconds  2.4372546507317705 1.4115601912212083 1.6
180.5816035270691  seconds  2.4372546507317705 1.4115601912212083 15.5
169.70389914512634  seconds  2.4372546507317705 1.4115601912212083 17.5
175.26871800422668  seconds  2.4372546507317705 1.4115601912212083 16.5
170.34807229042053  seconds  2.4372546507317705 1.4115601912212083 19.5
173.6529405117035  seconds  2.4372546507317705 1.4115601912212083 18.5
179.23500990867615  seconds  2.4372546507317705 1.4115601912212083 3.6
179.4001452922821  seconds  2.4372546507317705 1.4115601912212083 4.6000000000000005
177.12790060043335  seconds  2.4372546507317705 1.4115601912212083 6.6000000000000005
179.77648210525513  seconds  2.4372546507317705 1.4115601912212083 5.6000000000000005
171.97733426094055  seconds  2.4372546507317705 1.4115601912212083 7.6000000000000005
181.41925311088562  seconds  2.4372546507317705 1.4115601912212083 9.600000000000001
174.37390303611755  seconds  2.4372546507317705 1.4115601912212083 11.600000000000001
179.60994791984558  seconds  2.4372546507317705 1.4115601912212083 10.600000000000001
176.29594779014587  seconds  2.4372546507317705 1.4115601912212083 8.6
172.4729700088501  seconds  2.4372546507317705 1.4115601912212083 12.600000000000001
172.6997585296631  seconds  2.4372546507317705 1.4115601912212083 14.600000000000001
180.52397656440735  seconds  2.4372546507317705 1.4115601912212083 13.600000000000001
171.0580291748047  seconds  2.4372546507317705 1.4115601912212083 2.7
178.9059202671051  seconds  2.4372546507317705 1.4115601912212083 0.7000000000000001
177.67650294303894  seconds  2.4372546507317705 1.4115601912212083 15.600000000000001
182.1004922389984  seconds  2.4372546507317705 1.4115601912212083 1.7000000000000002
173.39739561080933  seconds  2.4372546507317705 1.4115601912212083 17.6
169.98979878425598  seconds  2.4372546507317705 1.4115601912212083 19.6
178.87809443473816  seconds  2.4372546507317705 1.4115601912212083 16.6
173.71549439430237  seconds  2.4372546507317705 1.4115601912212083 3.7
182.84504175186157  seconds  2.4372546507317705 1.4115601912212083 18.6
180.45372438430786  seconds  2.4372546507317705 1.4115601912212083 4.7
178.87238669395447  seconds  2.4372546507317705 1.4115601912212083 6.7
177.25638890266418  seconds  2.4372546507317705 1.4115601912212083 5.7
175.77436065673828  seconds  2.4372546507317705 1.4115601912212083 7.7
179.17431926727295  seconds  2.4372546507317705 1.4115601912212083 9.700000000000001
173.6509132385254  seconds  2.4372546507317705 1.4115601912212083 11.700000000000001
174.3435823917389  seconds  2.4372546507317705 1.4115601912212083 10.700000000000001
171.63902139663696  seconds  2.4372546507317705 1.4115601912212083 8.700000000000001
179.844970703125  seconds  2.4372546507317705 1.4115601912212083 12.700000000000001
170.91065526008606  seconds  2.4372546507317705 1.4115601912212083 13.700000000000001
173.97629594802856  seconds  2.4372546507317705 1.4115601912212083 14.700000000000001
171.1288058757782  seconds  2.4372546507317705 1.4115601912212083 0.8
184.19456458091736  seconds  2.4372546507317705 1.4115601912212083 2.8000000000000003
177.66042470932007  seconds  2.4372546507317705 1.4115601912212083 15.700000000000001
174.47022199630737  seconds  2.4372546507317705 1.4115601912212083 17.7
179.88969016075134  seconds  2.4372546507317705 1.4115601912212083 1.8
178.246835231781  seconds  2.4372546507317705 1.4115601912212083 19.700000000000003
179.42837643623352  seconds  2.4372546507317705 1.4115601912212083 16.7
178.12995672225952  seconds  2.4372546507317705 1.4115601912212083 3.8000000000000003
170.14395833015442  seconds  2.4372546507317705 1.4115601912212083 4.800000000000001
177.2559552192688  seconds  2.4372546507317705 1.4115601912212083 18.7
178.66492462158203  seconds  2.4372546507317705 1.4115601912212083 6.800000000000001
177.99974131584167  seconds  2.4372546507317705 1.4115601912212083 5.800000000000001
168.21708154678345  seconds  2.4372546507317705 1.4115601912212083 7.800000000000001
173.09614658355713  seconds  2.4372546507317705 1.4115601912212083 9.8
167.71001482009888  seconds  2.4372546507317705 1.4115601912212083 11.8
178.1446397304535  seconds  2.4372546507317705 1.4115601912212083 10.8
180.8404107093811  seconds  2.4372546507317705 1.4115601912212083 8.8
172.30026936531067  seconds  2.4372546507317705 1.4115601912212083 12.8
179.5697798728943  seconds  2.4372546507317705 1.4115601912212083 13.8
163.25126338005066  seconds  2.4372546507317705 1.4115601912212083 2.9000000000000004
181.4982545375824  seconds  2.4372546507317705 1.4115601912212083 14.8
179.37159061431885  seconds  2.4372546507317705 1.4115601912212083 0.9
177.23711395263672  seconds  2.4372546507317705 1.4115601912212083 15.8
176.6494607925415  seconds  2.4372546507317705 1.4115601912212083 17.8
174.85648369789124  seconds  2.4372546507317705 1.4115601912212083 1.9000000000000001
172.89651083946228  seconds  2.4372546507317705 1.4115601912212083 19.8
172.19963669776917  seconds  2.4372546507317705 1.4115601912212083 16.8
173.31625938415527  seconds  2.4372546507317705 1.4115601912212083 3.9000000000000004
171.10414290428162  seconds  2.4372546507317705 1.4115601912212083 18.8
178.2674491405487  seconds  2.4372546507317705 1.4115601912212083 4.9
168.00683569908142  seconds  2.4372546507317705 1.4115601912212083 5.9
170.91561818122864  seconds  2.4372546507317705 1.4115601912212083 6.9
167.10259318351746  seconds  2.4372546507317705 1.4115601912212083 7.9
148.4663257598877  seconds  2.4372546507317705 1.4115601912212083 11.9
155.2585527896881  seconds  2.4372546507317705 1.4115601912212083 9.9
146.42572951316833  seconds  2.4372546507317705 1.4115601912212083 10.9
142.5471272468567  seconds  2.4372546507317705 1.4115601912212083 12.9
147.42374801635742  seconds  2.4372546507317705 1.4115601912212083 8.9
118.84728693962097  seconds  2.4372546507317705 1.4115601912212083 14.9
123.3983039855957  seconds  2.4372546507317705 1.4115601912212083 13.9
111.3660500049591  seconds  2.4372546507317705 1.4115601912212083 17.900000000000002
114.41751885414124  seconds  2.4372546507317705 1.4115601912212083 15.9
109.38386678695679  seconds  2.4372546507317705 1.4115601912212083 19.900000000000002
103.90080785751343  seconds  2.4372546507317705 1.4115601912212083 16.900000000000002
95.71922469139099  seconds  2.4372546507317705 1.4115601912212083 18.900000000000002
time for calc.... 1841.3578686714172
 plotting data from the run ...
saving data from the run ...
105828.00user 43400.99system 3:04:53elapsed 1345%CPU (0avgtext+0avgdata 21648808maxresident)k
0inputs+134512outputs (385major+541602192minor)pagefaults 0swaps
