reading lattice from... ./Lattices/sqKgridX6000.npy
reading lattice from... ./Lattices/sqKgridY6000.npy
starting sampling in reciprocal space....
 finished sampling in reciprocal space.... 0.0764312744140625
started calculating filling for chemical potential and dispersion parameters TB_single_band..
reading lattice from... ./Lattices/KgridX1200.npy
reading lattice from... ./Lattices/KgridY1200.npy
reading lattice from... ./Lattices/KgridX1200.npy
reading lattice from... ./Lattices/KgridY1200.npy
sum of the hist, normed? 1.0
finished calculating filling for chemical potential
Filling: 0.5005457254054085 .... chemical potential: 27.426155987022412
reading lattice from... ./Lattices/KgridX1200.npy
reading lattice from... ./Lattices/KgridY1200.npy
sum of the hist, normed? 0.9999999999999923
The fermi energy in mev is: 3043.586452905812, and in units of J: 294.35072078392767, the bandwidth is:494.39071566731144
reading lattice from... ./Lattices/KgridX6000.npy
reading lattice from... ./Lattices/KgridY6000.npy
reading lattice from... ./Lattices/sqKgridX6000.npy
reading lattice from... ./Lattices/sqKgridY6000.npy
energy at the point.. 2.607302062202848 -0.0069534984789219045  is  3.923355237134274e-06
200 the points 10 chunk numtheads
starting with calculation of Sigma
112.143878698349  seconds  2.607302062202848 -0.0069534984789219045 0.0
113.58358407020569  seconds  2.607302062202848 -0.0069534984789219045 1.0
116.26917266845703  seconds  2.607302062202848 -0.0069534984789219045 2.0
117.38411450386047  seconds  2.607302062202848 -0.0069534984789219045 3.0
120.38710474967957  seconds  2.607302062202848 -0.0069534984789219045 4.0
120.5831024646759  seconds  2.607302062202848 -0.0069534984789219045 5.0
123.7708535194397  seconds  2.607302062202848 -0.0069534984789219045 6.0
126.1796863079071  seconds  2.607302062202848 -0.0069534984789219045 7.0
128.90182900428772  seconds  2.607302062202848 -0.0069534984789219045 8.0
132.44432425498962  seconds  2.607302062202848 -0.0069534984789219045 9.0
139.30868458747864  seconds  2.607302062202848 -0.0069534984789219045 10.0
141.41839218139648  seconds  2.607302062202848 -0.0069534984789219045 11.0
137.49980473518372  seconds  2.607302062202848 -0.0069534984789219045 12.0
147.09991240501404  seconds  2.607302062202848 -0.0069534984789219045 13.0
147.83881449699402  seconds  2.607302062202848 -0.0069534984789219045 0.1
149.9215371608734  seconds  2.607302062202848 -0.0069534984789219045 14.0
147.9209372997284  seconds  2.607302062202848 -0.0069534984789219045 1.1
153.10305333137512  seconds  2.607302062202848 -0.0069534984789219045 15.0
151.7311990261078  seconds  2.607302062202848 -0.0069534984789219045 2.1
149.62356781959534  seconds  2.607302062202848 -0.0069534984789219045 16.0
146.70276927947998  seconds  2.607302062202848 -0.0069534984789219045 3.1
154.95745873451233  seconds  2.607302062202848 -0.0069534984789219045 17.0
153.57870864868164  seconds  2.607302062202848 -0.0069534984789219045 18.0
154.94283175468445  seconds  2.607302062202848 -0.0069534984789219045 4.1000000000000005
151.0695674419403  seconds  2.607302062202848 -0.0069534984789219045 5.1000000000000005
151.62804055213928  seconds  2.607302062202848 -0.0069534984789219045 19.0
155.93371748924255  seconds  2.607302062202848 -0.0069534984789219045 6.1000000000000005
148.22725629806519  seconds  2.607302062202848 -0.0069534984789219045 7.1000000000000005
154.56300854682922  seconds  2.607302062202848 -0.0069534984789219045 8.1
147.63176608085632  seconds  2.607302062202848 -0.0069534984789219045 9.1
140.1494448184967  seconds  2.607302062202848 -0.0069534984789219045 10.100000000000001
142.47487664222717  seconds  2.607302062202848 -0.0069534984789219045 11.100000000000001
140.5888066291809  seconds  2.607302062202848 -0.0069534984789219045 12.100000000000001
136.45519590377808  seconds  2.607302062202848 -0.0069534984789219045 15.100000000000001
132.9380922317505  seconds  2.607302062202848 -0.0069534984789219045 16.1
152.44098448753357  seconds  2.607302062202848 -0.0069534984789219045 14.100000000000001
136.83399605751038  seconds  2.607302062202848 -0.0069534984789219045 2.2
155.31719422340393  seconds  2.607302062202848 -0.0069534984789219045 1.2000000000000002
166.7485053539276  seconds  2.607302062202848 -0.0069534984789219045 0.2
140.3348686695099  seconds  2.607302062202848 -0.0069534984789219045 3.2
180.34463906288147  seconds  2.607302062202848 -0.0069534984789219045 13.100000000000001
141.3784019947052  seconds  2.607302062202848 -0.0069534984789219045 17.1
134.08440136909485  seconds  2.607302062202848 -0.0069534984789219045 4.2
137.60352325439453  seconds  2.607302062202848 -0.0069534984789219045 18.1
134.14041805267334  seconds  2.607302062202848 -0.0069534984789219045 5.2
137.9123923778534  seconds  2.607302062202848 -0.0069534984789219045 19.1
141.62742376327515  seconds  2.607302062202848 -0.0069534984789219045 6.2
139.10066032409668  seconds  2.607302062202848 -0.0069534984789219045 7.2
142.689781665802  seconds  2.607302062202848 -0.0069534984789219045 8.200000000000001
137.29474115371704  seconds  2.607302062202848 -0.0069534984789219045 9.200000000000001
132.7473063468933  seconds  2.607302062202848 -0.0069534984789219045 10.200000000000001
136.40501809120178  seconds  2.607302062202848 -0.0069534984789219045 12.200000000000001
141.68702793121338  seconds  2.607302062202848 -0.0069534984789219045 11.200000000000001
133.7434365749359  seconds  2.607302062202848 -0.0069534984789219045 16.2
135.86980366706848  seconds  2.607302062202848 -0.0069534984789219045 14.200000000000001
136.73597121238708  seconds  2.607302062202848 -0.0069534984789219045 2.3000000000000003
144.65823817253113  seconds  2.607302062202848 -0.0069534984789219045 15.200000000000001
133.0272057056427  seconds  2.607302062202848 -0.0069534984789219045 3.3000000000000003
138.2646300792694  seconds  2.607302062202848 -0.0069534984789219045 1.3
138.95753526687622  seconds  2.607302062202848 -0.0069534984789219045 0.30000000000000004
130.94731044769287  seconds  2.607302062202848 -0.0069534984789219045 13.200000000000001
133.61251783370972  seconds  2.607302062202848 -0.0069534984789219045 17.2
138.79086875915527  seconds  2.607302062202848 -0.0069534984789219045 4.3
139.74171543121338  seconds  2.607302062202848 -0.0069534984789219045 5.300000000000001
143.01252150535583  seconds  2.607302062202848 -0.0069534984789219045 18.2
136.8188087940216  seconds  2.607302062202848 -0.0069534984789219045 19.200000000000003
133.71123337745667  seconds  2.607302062202848 -0.0069534984789219045 7.300000000000001
134.66330122947693  seconds  2.607302062202848 -0.0069534984789219045 6.300000000000001
134.47110676765442  seconds  2.607302062202848 -0.0069534984789219045 10.3
139.13162541389465  seconds  2.607302062202848 -0.0069534984789219045 9.3
140.72033071517944  seconds  2.607302062202848 -0.0069534984789219045 8.3
136.18277430534363  seconds  2.607302062202848 -0.0069534984789219045 12.3
140.33281683921814  seconds  2.607302062202848 -0.0069534984789219045 11.3
133.87250757217407  seconds  2.607302062202848 -0.0069534984789219045 3.4000000000000004
143.60233449935913  seconds  2.607302062202848 -0.0069534984789219045 16.3
134.68173265457153  seconds  2.607302062202848 -0.0069534984789219045 1.4000000000000001
142.10609579086304  seconds  2.607302062202848 -0.0069534984789219045 14.3
140.82457518577576  seconds  2.607302062202848 -0.0069534984789219045 2.4000000000000004
142.59986996650696  seconds  2.607302062202848 -0.0069534984789219045 15.3
141.55573105812073  seconds  2.607302062202848 -0.0069534984789219045 0.4
141.22814393043518  seconds  2.607302062202848 -0.0069534984789219045 13.3
137.6830871105194  seconds  2.607302062202848 -0.0069534984789219045 17.3
132.47244882583618  seconds  2.607302062202848 -0.0069534984789219045 4.4
130.66364669799805  seconds  2.607302062202848 -0.0069534984789219045 5.4
138.70807790756226  seconds  2.607302062202848 -0.0069534984789219045 18.3
140.48512816429138  seconds  2.607302062202848 -0.0069534984789219045 19.3
132.38939428329468  seconds  2.607302062202848 -0.0069534984789219045 6.4
137.32164001464844  seconds  2.607302062202848 -0.0069534984789219045 7.4
135.05118680000305  seconds  2.607302062202848 -0.0069534984789219045 10.4
135.6325306892395  seconds  2.607302062202848 -0.0069534984789219045 9.4
142.7138967514038  seconds  2.607302062202848 -0.0069534984789219045 8.4
134.8023362159729  seconds  2.607302062202848 -0.0069534984789219045 12.4
139.33198022842407  seconds  2.607302062202848 -0.0069534984789219045 11.4
139.10330533981323  seconds  2.607302062202848 -0.0069534984789219045 3.5
139.6060812473297  seconds  2.607302062202848 -0.0069534984789219045 16.400000000000002
132.87869358062744  seconds  2.607302062202848 -0.0069534984789219045 15.4
134.93057513237  seconds  2.607302062202848 -0.0069534984789219045 0.5
145.49375224113464  seconds  2.607302062202848 -0.0069534984789219045 1.5
146.00888109207153  seconds  2.607302062202848 -0.0069534984789219045 14.4
135.76569867134094  seconds  2.607302062202848 -0.0069534984789219045 13.4
147.18607592582703  seconds  2.607302062202848 -0.0069534984789219045 2.5
133.37898921966553  seconds  2.607302062202848 -0.0069534984789219045 4.5
136.88809895515442  seconds  2.607302062202848 -0.0069534984789219045 17.400000000000002
133.11424136161804  seconds  2.607302062202848 -0.0069534984789219045 18.400000000000002
142.87826442718506  seconds  2.607302062202848 -0.0069534984789219045 5.5
139.06982851028442  seconds  2.607302062202848 -0.0069534984789219045 19.400000000000002
144.80097079277039  seconds  2.607302062202848 -0.0069534984789219045 6.5
144.71911215782166  seconds  2.607302062202848 -0.0069534984789219045 7.5
132.7672634124756  seconds  2.607302062202848 -0.0069534984789219045 10.5
134.54885053634644  seconds  2.607302062202848 -0.0069534984789219045 9.5
144.67771744728088  seconds  2.607302062202848 -0.0069534984789219045 8.5
145.2322449684143  seconds  2.607302062202848 -0.0069534984789219045 12.5
145.02952527999878  seconds  2.607302062202848 -0.0069534984789219045 11.5
133.95954012870789  seconds  2.607302062202848 -0.0069534984789219045 3.6
134.64633917808533  seconds  2.607302062202848 -0.0069534984789219045 16.5
134.14294266700745  seconds  2.607302062202848 -0.0069534984789219045 15.5
133.1639211177826  seconds  2.607302062202848 -0.0069534984789219045 0.6000000000000001
132.23053240776062  seconds  2.607302062202848 -0.0069534984789219045 2.6
137.45370817184448  seconds  2.607302062202848 -0.0069534984789219045 14.5
136.85765862464905  seconds  2.607302062202848 -0.0069534984789219045 4.6000000000000005
143.33810830116272  seconds  2.607302062202848 -0.0069534984789219045 1.6
144.0867669582367  seconds  2.607302062202848 -0.0069534984789219045 13.5
143.25406455993652  seconds  2.607302062202848 -0.0069534984789219045 17.5
134.53179383277893  seconds  2.607302062202848 -0.0069534984789219045 5.6000000000000005
136.0919370651245  seconds  2.607302062202848 -0.0069534984789219045 18.5
132.3048906326294  seconds  2.607302062202848 -0.0069534984789219045 19.5
140.94373202323914  seconds  2.607302062202848 -0.0069534984789219045 6.6000000000000005
142.40567922592163  seconds  2.607302062202848 -0.0069534984789219045 7.6000000000000005
134.45133328437805  seconds  2.607302062202848 -0.0069534984789219045 10.600000000000001
138.56708884239197  seconds  2.607302062202848 -0.0069534984789219045 9.600000000000001
138.6296727657318  seconds  2.607302062202848 -0.0069534984789219045 8.6
139.83257579803467  seconds  2.607302062202848 -0.0069534984789219045 12.600000000000001
134.2764368057251  seconds  2.607302062202848 -0.0069534984789219045 11.600000000000001
133.89475846290588  seconds  2.607302062202848 -0.0069534984789219045 3.7
132.8728575706482  seconds  2.607302062202848 -0.0069534984789219045 15.600000000000001
136.96714687347412  seconds  2.607302062202848 -0.0069534984789219045 0.7000000000000001
136.59482097625732  seconds  2.607302062202848 -0.0069534984789219045 2.7
144.7479841709137  seconds  2.607302062202848 -0.0069534984789219045 16.6
139.33887887001038  seconds  2.607302062202848 -0.0069534984789219045 14.600000000000001
132.43119955062866  seconds  2.607302062202848 -0.0069534984789219045 13.600000000000001
141.43321657180786  seconds  2.607302062202848 -0.0069534984789219045 4.7
132.6647288799286  seconds  2.607302062202848 -0.0069534984789219045 5.7
143.21214127540588  seconds  2.607302062202848 -0.0069534984789219045 1.7000000000000002
136.0502791404724  seconds  2.607302062202848 -0.0069534984789219045 18.6
146.47818398475647  seconds  2.607302062202848 -0.0069534984789219045 17.6
138.74677419662476  seconds  2.607302062202848 -0.0069534984789219045 19.6
131.4240312576294  seconds  2.607302062202848 -0.0069534984789219045 6.7
138.7936372756958  seconds  2.607302062202848 -0.0069534984789219045 10.700000000000001
144.7732174396515  seconds  2.607302062202848 -0.0069534984789219045 7.7
144.33070492744446  seconds  2.607302062202848 -0.0069534984789219045 9.700000000000001
137.21271753311157  seconds  2.607302062202848 -0.0069534984789219045 8.700000000000001
133.54323816299438  seconds  2.607302062202848 -0.0069534984789219045 12.700000000000001
133.08395051956177  seconds  2.607302062202848 -0.0069534984789219045 11.700000000000001
131.89013838768005  seconds  2.607302062202848 -0.0069534984789219045 3.8000000000000003
139.12556147575378  seconds  2.607302062202848 -0.0069534984789219045 15.700000000000001
132.32346200942993  seconds  2.607302062202848 -0.0069534984789219045 0.8
135.29824495315552  seconds  2.607302062202848 -0.0069534984789219045 2.8000000000000003
131.32884979248047  seconds  2.607302062202848 -0.0069534984789219045 14.700000000000001
131.58611536026  seconds  2.607302062202848 -0.0069534984789219045 13.700000000000001
131.85285472869873  seconds  2.607302062202848 -0.0069534984789219045 5.800000000000001
143.6876358985901  seconds  2.607302062202848 -0.0069534984789219045 16.7
131.47133350372314  seconds  2.607302062202848 -0.0069534984789219045 1.8
139.2335033416748  seconds  2.607302062202848 -0.0069534984789219045 4.800000000000001
136.09122586250305  seconds  2.607302062202848 -0.0069534984789219045 18.7
139.9345326423645  seconds  2.607302062202848 -0.0069534984789219045 17.7
140.5276906490326  seconds  2.607302062202848 -0.0069534984789219045 19.700000000000003
132.1046142578125  seconds  2.607302062202848 -0.0069534984789219045 6.800000000000001
137.08105421066284  seconds  2.607302062202848 -0.0069534984789219045 10.8
137.95349502563477  seconds  2.607302062202848 -0.0069534984789219045 7.800000000000001
143.8529942035675  seconds  2.607302062202848 -0.0069534984789219045 9.8
134.31288146972656  seconds  2.607302062202848 -0.0069534984789219045 12.8
143.82393670082092  seconds  2.607302062202848 -0.0069534984789219045 8.8
139.12517428398132  seconds  2.607302062202848 -0.0069534984789219045 11.8
139.31686806678772  seconds  2.607302062202848 -0.0069534984789219045 3.9000000000000004
135.25920176506042  seconds  2.607302062202848 -0.0069534984789219045 0.9
141.38410305976868  seconds  2.607302062202848 -0.0069534984789219045 15.8
137.46782636642456  seconds  2.607302062202848 -0.0069534984789219045 2.9000000000000004
136.54789113998413  seconds  2.607302062202848 -0.0069534984789219045 13.8
142.91059756278992  seconds  2.607302062202848 -0.0069534984789219045 14.8
137.39314723014832  seconds  2.607302062202848 -0.0069534984789219045 5.9
134.45450520515442  seconds  2.607302062202848 -0.0069534984789219045 4.9
142.3914978504181  seconds  2.607302062202848 -0.0069534984789219045 1.9000000000000001
144.60811972618103  seconds  2.607302062202848 -0.0069534984789219045 16.8
138.69313979148865  seconds  2.607302062202848 -0.0069534984789219045 18.8
132.8950309753418  seconds  2.607302062202848 -0.0069534984789219045 17.8
134.504567861557  seconds  2.607302062202848 -0.0069534984789219045 19.8
138.83144879341125  seconds  2.607302062202848 -0.0069534984789219045 6.9
130.36110281944275  seconds  2.607302062202848 -0.0069534984789219045 7.9
137.75612330436707  seconds  2.607302062202848 -0.0069534984789219045 10.9
128.78552508354187  seconds  2.607302062202848 -0.0069534984789219045 9.9
130.1983711719513  seconds  2.607302062202848 -0.0069534984789219045 12.9
130.1217257976532  seconds  2.607302062202848 -0.0069534984789219045 8.9
124.88621401786804  seconds  2.607302062202848 -0.0069534984789219045 11.9
112.79195976257324  seconds  2.607302062202848 -0.0069534984789219045 15.9
111.90840578079224  seconds  2.607302062202848 -0.0069534984789219045 13.9
110.16616535186768  seconds  2.607302062202848 -0.0069534984789219045 14.9
110.08778691291809  seconds  2.607302062202848 -0.0069534984789219045 16.900000000000002
109.97693800926208  seconds  2.607302062202848 -0.0069534984789219045 18.900000000000002
108.66436886787415  seconds  2.607302062202848 -0.0069534984789219045 17.900000000000002
107.92048692703247  seconds  2.607302062202848 -0.0069534984789219045 19.900000000000002
time for calc.... 1535.405782699585
energy at the point.. 2.6065504737387184 0.2694480660582359  is  2.9915582295814147e-06
200 the points 10 chunk numtheads
starting with calculation of Sigma
99.79832029342651  seconds  2.6065504737387184 0.2694480660582359 1.0
109.8900294303894  seconds  2.6065504737387184 0.2694480660582359 0.0
99.79896235466003  seconds  2.6065504737387184 0.2694480660582359 2.0
100.7567081451416  seconds  2.6065504737387184 0.2694480660582359 3.0
100.62081861495972  seconds  2.6065504737387184 0.2694480660582359 4.0
112.31606411933899  seconds  2.6065504737387184 0.2694480660582359 5.0
114.58569383621216  seconds  2.6065504737387184 0.2694480660582359 6.0
115.58858346939087  seconds  2.6065504737387184 0.2694480660582359 7.0
116.90700197219849  seconds  2.6065504737387184 0.2694480660582359 8.0
105.74985694885254  seconds  2.6065504737387184 0.2694480660582359 10.0
120.36764478683472  seconds  2.6065504737387184 0.2694480660582359 9.0
106.55263710021973  seconds  2.6065504737387184 0.2694480660582359 1.1
107.30141949653625  seconds  2.6065504737387184 0.2694480660582359 2.1
126.95215010643005  seconds  2.6065504737387184 0.2694480660582359 11.0
108.74714541435242  seconds  2.6065504737387184 0.2694480660582359 3.1
122.03089165687561  seconds  2.6065504737387184 0.2694480660582359 0.1
123.52216410636902  seconds  2.6065504737387184 0.2694480660582359 12.0
106.38605618476868  seconds  2.6065504737387184 0.2694480660582359 4.1000000000000005
124.29940843582153  seconds  2.6065504737387184 0.2694480660582359 13.0
121.64766049385071  seconds  2.6065504737387184 0.2694480660582359 14.0
131.62843585014343  seconds  2.6065504737387184 0.2694480660582359 15.0
128.77247834205627  seconds  2.6065504737387184 0.2694480660582359 16.0
127.44086575508118  seconds  2.6065504737387184 0.2694480660582359 5.1000000000000005
123.81808638572693  seconds  2.6065504737387184 0.2694480660582359 6.1000000000000005
127.12961268424988  seconds  2.6065504737387184 0.2694480660582359 17.0
125.24523401260376  seconds  2.6065504737387184 0.2694480660582359 18.0
124.90737104415894  seconds  2.6065504737387184 0.2694480660582359 7.1000000000000005
108.40060043334961  seconds  2.6065504737387184 0.2694480660582359 10.100000000000001
124.74767827987671  seconds  2.6065504737387184 0.2694480660582359 19.0
128.0825173854828  seconds  2.6065504737387184 0.2694480660582359 8.1
108.68101072311401  seconds  2.6065504737387184 0.2694480660582359 1.2000000000000002
127.46362519264221  seconds  2.6065504737387184 0.2694480660582359 9.1
109.35238647460938  seconds  2.6065504737387184 0.2694480660582359 2.2
109.46546673774719  seconds  2.6065504737387184 0.2694480660582359 3.2
109.81824779510498  seconds  2.6065504737387184 0.2694480660582359 4.2
126.19890522956848  seconds  2.6065504737387184 0.2694480660582359 11.100000000000001
125.80097436904907  seconds  2.6065504737387184 0.2694480660582359 0.2
125.28016424179077  seconds  2.6065504737387184 0.2694480660582359 12.100000000000001
130.95020699501038  seconds  2.6065504737387184 0.2694480660582359 13.100000000000001
123.75115513801575  seconds  2.6065504737387184 0.2694480660582359 14.100000000000001
123.35692167282104  seconds  2.6065504737387184 0.2694480660582359 15.100000000000001
126.78028964996338  seconds  2.6065504737387184 0.2694480660582359 16.1
131.68595695495605  seconds  2.6065504737387184 0.2694480660582359 5.2
125.15034580230713  seconds  2.6065504737387184 0.2694480660582359 17.1
126.23218250274658  seconds  2.6065504737387184 0.2694480660582359 6.2
109.68857383728027  seconds  2.6065504737387184 0.2694480660582359 10.200000000000001
124.19814252853394  seconds  2.6065504737387184 0.2694480660582359 7.2
129.38856387138367  seconds  2.6065504737387184 0.2694480660582359 18.1
106.38744449615479  seconds  2.6065504737387184 0.2694480660582359 1.3
126.2936704158783  seconds  2.6065504737387184 0.2694480660582359 19.1
108.59545087814331  seconds  2.6065504737387184 0.2694480660582359 2.3000000000000003
124.20947337150574  seconds  2.6065504737387184 0.2694480660582359 8.200000000000001
107.83934712409973  seconds  2.6065504737387184 0.2694480660582359 3.3000000000000003
124.7222888469696  seconds  2.6065504737387184 0.2694480660582359 9.200000000000001
109.11950087547302  seconds  2.6065504737387184 0.2694480660582359 4.3
128.48470211029053  seconds  2.6065504737387184 0.2694480660582359 11.200000000000001
124.69344162940979  seconds  2.6065504737387184 0.2694480660582359 0.30000000000000004
127.66019535064697  seconds  2.6065504737387184 0.2694480660582359 12.200000000000001
123.9273293018341  seconds  2.6065504737387184 0.2694480660582359 14.200000000000001
127.03166460990906  seconds  2.6065504737387184 0.2694480660582359 13.200000000000001
125.230783700943  seconds  2.6065504737387184 0.2694480660582359 15.200000000000001
110.60474896430969  seconds  2.6065504737387184 0.2694480660582359 10.3
131.28427004814148  seconds  2.6065504737387184 0.2694480660582359 16.2
125.20095038414001  seconds  2.6065504737387184 0.2694480660582359 17.2
125.90774488449097  seconds  2.6065504737387184 0.2694480660582359 5.300000000000001
129.9808964729309  seconds  2.6065504737387184 0.2694480660582359 6.300000000000001
111.77989888191223  seconds  2.6065504737387184 0.2694480660582359 1.4000000000000001
124.55990028381348  seconds  2.6065504737387184 0.2694480660582359 7.300000000000001
111.94059944152832  seconds  2.6065504737387184 0.2694480660582359 2.4000000000000004
129.35031080245972  seconds  2.6065504737387184 0.2694480660582359 18.2
110.21402716636658  seconds  2.6065504737387184 0.2694480660582359 3.4000000000000004
124.84377932548523  seconds  2.6065504737387184 0.2694480660582359 19.200000000000003
123.65776348114014  seconds  2.6065504737387184 0.2694480660582359 8.3
110.18743562698364  seconds  2.6065504737387184 0.2694480660582359 4.4
128.16881465911865  seconds  2.6065504737387184 0.2694480660582359 9.3
124.4934446811676  seconds  2.6065504737387184 0.2694480660582359 0.4
129.1995723247528  seconds  2.6065504737387184 0.2694480660582359 11.3
126.10530090332031  seconds  2.6065504737387184 0.2694480660582359 12.3
124.61685538291931  seconds  2.6065504737387184 0.2694480660582359 13.3
127.81596374511719  seconds  2.6065504737387184 0.2694480660582359 14.3
111.35020041465759  seconds  2.6065504737387184 0.2694480660582359 10.4
129.2138330936432  seconds  2.6065504737387184 0.2694480660582359 15.3
110.86503529548645  seconds  2.6065504737387184 0.2694480660582359 1.5
107.49061751365662  seconds  2.6065504737387184 0.2694480660582359 2.5
124.85937523841858  seconds  2.6065504737387184 0.2694480660582359 5.4
126.62973594665527  seconds  2.6065504737387184 0.2694480660582359 17.3
127.18578553199768  seconds  2.6065504737387184 0.2694480660582359 16.3
125.29189920425415  seconds  2.6065504737387184 0.2694480660582359 6.4
127.6214804649353  seconds  2.6065504737387184 0.2694480660582359 7.4
115.3675103187561  seconds  2.6065504737387184 0.2694480660582359 3.5
122.93455934524536  seconds  2.6065504737387184 0.2694480660582359 18.3
110.00555157661438  seconds  2.6065504737387184 0.2694480660582359 4.5
127.99229955673218  seconds  2.6065504737387184 0.2694480660582359 19.3
128.30470371246338  seconds  2.6065504737387184 0.2694480660582359 8.4
124.18041491508484  seconds  2.6065504737387184 0.2694480660582359 9.4
124.16184782981873  seconds  2.6065504737387184 0.2694480660582359 0.5
124.28785729408264  seconds  2.6065504737387184 0.2694480660582359 12.4
128.43246150016785  seconds  2.6065504737387184 0.2694480660582359 11.4
108.83922982215881  seconds  2.6065504737387184 0.2694480660582359 10.5
123.29508328437805  seconds  2.6065504737387184 0.2694480660582359 13.4
126.12031817436218  seconds  2.6065504737387184 0.2694480660582359 14.4
108.1617431640625  seconds  2.6065504737387184 0.2694480660582359 1.6
109.0294337272644  seconds  2.6065504737387184 0.2694480660582359 2.6
124.52599811553955  seconds  2.6065504737387184 0.2694480660582359 15.4
107.42301535606384  seconds  2.6065504737387184 0.2694480660582359 3.6
109.56762361526489  seconds  2.6065504737387184 0.2694480660582359 4.6000000000000005
125.07230138778687  seconds  2.6065504737387184 0.2694480660582359 17.400000000000002
127.08876633644104  seconds  2.6065504737387184 0.2694480660582359 5.5
138.91767835617065  seconds  2.6065504737387184 0.2694480660582359 16.400000000000002
127.85369443893433  seconds  2.6065504737387184 0.2694480660582359 18.400000000000002
129.46975350379944  seconds  2.6065504737387184 0.2694480660582359 7.5
138.53851175308228  seconds  2.6065504737387184 0.2694480660582359 6.5
126.21192479133606  seconds  2.6065504737387184 0.2694480660582359 19.400000000000002
128.22087860107422  seconds  2.6065504737387184 0.2694480660582359 8.5
124.22610116004944  seconds  2.6065504737387184 0.2694480660582359 9.5
125.9644546508789  seconds  2.6065504737387184 0.2694480660582359 0.6000000000000001
115.07461047172546  seconds  2.6065504737387184 0.2694480660582359 10.600000000000001
125.07870173454285  seconds  2.6065504737387184 0.2694480660582359 12.5
124.2687394618988  seconds  2.6065504737387184 0.2694480660582359 11.5
111.21044707298279  seconds  2.6065504737387184 0.2694480660582359 1.7000000000000002
123.97302770614624  seconds  2.6065504737387184 0.2694480660582359 13.5
124.58420586585999  seconds  2.6065504737387184 0.2694480660582359 14.5
109.26295185089111  seconds  2.6065504737387184 0.2694480660582359 2.7
114.41316151618958  seconds  2.6065504737387184 0.2694480660582359 3.7
124.34649753570557  seconds  2.6065504737387184 0.2694480660582359 15.5
115.49667143821716  seconds  2.6065504737387184 0.2694480660582359 4.7
123.5130705833435  seconds  2.6065504737387184 0.2694480660582359 5.6000000000000005
129.7336871623993  seconds  2.6065504737387184 0.2694480660582359 17.5
125.46335649490356  seconds  2.6065504737387184 0.2694480660582359 18.5
126.67251205444336  seconds  2.6065504737387184 0.2694480660582359 16.5
127.81875586509705  seconds  2.6065504737387184 0.2694480660582359 7.6000000000000005
129.5544867515564  seconds  2.6065504737387184 0.2694480660582359 6.6000000000000005
126.23978233337402  seconds  2.6065504737387184 0.2694480660582359 19.5
130.1385624408722  seconds  2.6065504737387184 0.2694480660582359 8.6
126.42600059509277  seconds  2.6065504737387184 0.2694480660582359 9.600000000000001
108.1502902507782  seconds  2.6065504737387184 0.2694480660582359 10.700000000000001
108.20970034599304  seconds  2.6065504737387184 0.2694480660582359 1.8
125.11218190193176  seconds  2.6065504737387184 0.2694480660582359 0.7000000000000001
109.99316787719727  seconds  2.6065504737387184 0.2694480660582359 2.8000000000000003
124.646488904953  seconds  2.6065504737387184 0.2694480660582359 11.600000000000001
135.19491410255432  seconds  2.6065504737387184 0.2694480660582359 12.600000000000001
127.06701588630676  seconds  2.6065504737387184 0.2694480660582359 13.600000000000001
126.20547270774841  seconds  2.6065504737387184 0.2694480660582359 14.600000000000001
110.3905098438263  seconds  2.6065504737387184 0.2694480660582359 3.8000000000000003
119.23323345184326  seconds  2.6065504737387184 0.2694480660582359 4.800000000000001
129.30252170562744  seconds  2.6065504737387184 0.2694480660582359 15.600000000000001
126.89071130752563  seconds  2.6065504737387184 0.2694480660582359 5.7
129.25655937194824  seconds  2.6065504737387184 0.2694480660582359 17.6
123.76774430274963  seconds  2.6065504737387184 0.2694480660582359 18.6
125.31772756576538  seconds  2.6065504737387184 0.2694480660582359 16.6
126.8246488571167  seconds  2.6065504737387184 0.2694480660582359 7.7
122.9929780960083  seconds  2.6065504737387184 0.2694480660582359 19.6
134.9224100112915  seconds  2.6065504737387184 0.2694480660582359 6.7
123.53140354156494  seconds  2.6065504737387184 0.2694480660582359 8.700000000000001
107.62013530731201  seconds  2.6065504737387184 0.2694480660582359 10.8
126.25852036476135  seconds  2.6065504737387184 0.2694480660582359 9.700000000000001
106.49604725837708  seconds  2.6065504737387184 0.2694480660582359 1.9000000000000001
106.92595052719116  seconds  2.6065504737387184 0.2694480660582359 2.9000000000000004
122.90190815925598  seconds  2.6065504737387184 0.2694480660582359 0.8
124.43330264091492  seconds  2.6065504737387184 0.2694480660582359 11.700000000000001
107.45981693267822  seconds  2.6065504737387184 0.2694480660582359 3.9000000000000004
106.95681023597717  seconds  2.6065504737387184 0.2694480660582359 4.9
123.49714279174805  seconds  2.6065504737387184 0.2694480660582359 14.700000000000001
130.28321623802185  seconds  2.6065504737387184 0.2694480660582359 13.700000000000001
134.38740253448486  seconds  2.6065504737387184 0.2694480660582359 12.700000000000001
124.25179195404053  seconds  2.6065504737387184 0.2694480660582359 15.700000000000001
126.58260726928711  seconds  2.6065504737387184 0.2694480660582359 5.800000000000001
125.22938227653503  seconds  2.6065504737387184 0.2694480660582359 17.7
97.00181722640991  seconds  2.6065504737387184 0.2694480660582359 10.9
125.87355494499207  seconds  2.6065504737387184 0.2694480660582359 18.7
129.56138372421265  seconds  2.6065504737387184 0.2694480660582359 16.7
125.910893201828  seconds  2.6065504737387184 0.2694480660582359 7.800000000000001
127.00776648521423  seconds  2.6065504737387184 0.2694480660582359 19.700000000000003
129.93519258499146  seconds  2.6065504737387184 0.2694480660582359 6.800000000000001
126.20643591880798  seconds  2.6065504737387184 0.2694480660582359 8.8
124.88234114646912  seconds  2.6065504737387184 0.2694480660582359 9.8
129.25529670715332  seconds  2.6065504737387184 0.2694480660582359 0.9
127.77642583847046  seconds  2.6065504737387184 0.2694480660582359 11.8
124.29153847694397  seconds  2.6065504737387184 0.2694480660582359 14.8
124.01574683189392  seconds  2.6065504737387184 0.2694480660582359 13.8
124.33433079719543  seconds  2.6065504737387184 0.2694480660582359 12.8
127.41644096374512  seconds  2.6065504737387184 0.2694480660582359 15.8
124.62484192848206  seconds  2.6065504737387184 0.2694480660582359 5.9
124.09662675857544  seconds  2.6065504737387184 0.2694480660582359 17.8
123.83679676055908  seconds  2.6065504737387184 0.2694480660582359 18.8
123.10865116119385  seconds  2.6065504737387184 0.2694480660582359 16.8
123.22451996803284  seconds  2.6065504737387184 0.2694480660582359 7.9
125.14490938186646  seconds  2.6065504737387184 0.2694480660582359 19.8
122.4674460887909  seconds  2.6065504737387184 0.2694480660582359 8.9
125.3677921295166  seconds  2.6065504737387184 0.2694480660582359 6.9
122.35277771949768  seconds  2.6065504737387184 0.2694480660582359 9.9
119.65250420570374  seconds  2.6065504737387184 0.2694480660582359 11.9
117.62024664878845  seconds  2.6065504737387184 0.2694480660582359 14.9
116.50790739059448  seconds  2.6065504737387184 0.2694480660582359 13.9
116.78404879570007  seconds  2.6065504737387184 0.2694480660582359 12.9
111.26722002029419  seconds  2.6065504737387184 0.2694480660582359 15.9
108.02519035339355  seconds  2.6065504737387184 0.2694480660582359 17.900000000000002
108.07468914985657  seconds  2.6065504737387184 0.2694480660582359 18.900000000000002
105.95018768310547  seconds  2.6065504737387184 0.2694480660582359 16.900000000000002
106.46189570426941  seconds  2.6065504737387184 0.2694480660582359 19.900000000000002
time for calc.... 1448.125241279602
energy at the point.. 2.602114031264387 0.5441112559756629  is  7.517785363120311e-06
200 the points 10 chunk numtheads
starting with calculation of Sigma
107.57870984077454  seconds  2.602114031264387 0.5441112559756629 0.0
107.28362131118774  seconds  2.602114031264387 0.5441112559756629 1.0
100.55890655517578  seconds  2.602114031264387 0.5441112559756629 3.0
108.45641994476318  seconds  2.602114031264387 0.5441112559756629 2.0
100.89227342605591  seconds  2.602114031264387 0.5441112559756629 4.0
113.37492728233337  seconds  2.602114031264387 0.5441112559756629 5.0
114.75101637840271  seconds  2.602114031264387 0.5441112559756629 6.0
119.39856195449829  seconds  2.602114031264387 0.5441112559756629 7.0
121.26098918914795  seconds  2.602114031264387 0.5441112559756629 8.0
124.48834252357483  seconds  2.602114031264387 0.5441112559756629 9.0
124.90710496902466  seconds  2.602114031264387 0.5441112559756629 10.0
103.79295110702515  seconds  2.602114031264387 0.5441112559756629 0.1
121.86894106864929  seconds  2.602114031264387 0.5441112559756629 11.0
123.49413228034973  seconds  2.602114031264387 0.5441112559756629 12.0
104.16022658348083  seconds  2.602114031264387 0.5441112559756629 3.1
123.32729172706604  seconds  2.602114031264387 0.5441112559756629 1.1
106.4324266910553  seconds  2.602114031264387 0.5441112559756629 4.1000000000000005
131.37003636360168  seconds  2.602114031264387 0.5441112559756629 13.0
125.69537949562073  seconds  2.602114031264387 0.5441112559756629 14.0
125.34731245040894  seconds  2.602114031264387 0.5441112559756629 2.1
127.23932361602783  seconds  2.602114031264387 0.5441112559756629 15.0
124.28146362304688  seconds  2.602114031264387 0.5441112559756629 16.0
125.67622375488281  seconds  2.602114031264387 0.5441112559756629 5.1000000000000005
133.74375867843628  seconds  2.602114031264387 0.5441112559756629 17.0
130.35944843292236  seconds  2.602114031264387 0.5441112559756629 6.1000000000000005
131.0159628391266  seconds  2.602114031264387 0.5441112559756629 18.0
127.96380400657654  seconds  2.602114031264387 0.5441112559756629 19.0
129.30327320098877  seconds  2.602114031264387 0.5441112559756629 7.1000000000000005
125.8566517829895  seconds  2.602114031264387 0.5441112559756629 8.1
106.80413246154785  seconds  2.602114031264387 0.5441112559756629 0.2
131.97898983955383  seconds  2.602114031264387 0.5441112559756629 9.1
127.35326099395752  seconds  2.602114031264387 0.5441112559756629 10.100000000000001
107.64349102973938  seconds  2.602114031264387 0.5441112559756629 3.2
125.83569598197937  seconds  2.602114031264387 0.5441112559756629 11.100000000000001
106.32284593582153  seconds  2.602114031264387 0.5441112559756629 4.2
132.56906533241272  seconds  2.602114031264387 0.5441112559756629 12.100000000000001
130.32681441307068  seconds  2.602114031264387 0.5441112559756629 1.2000000000000002
131.07979083061218  seconds  2.602114031264387 0.5441112559756629 13.100000000000001
126.61118507385254  seconds  2.602114031264387 0.5441112559756629 2.2
131.56061553955078  seconds  2.602114031264387 0.5441112559756629 14.100000000000001
125.89197111129761  seconds  2.602114031264387 0.5441112559756629 15.100000000000001
125.80572509765625  seconds  2.602114031264387 0.5441112559756629 16.1
124.95920610427856  seconds  2.602114031264387 0.5441112559756629 5.2
128.32184195518494  seconds  2.602114031264387 0.5441112559756629 17.1
104.43975925445557  seconds  2.602114031264387 0.5441112559756629 0.30000000000000004
127.58399486541748  seconds  2.602114031264387 0.5441112559756629 6.2
127.63554525375366  seconds  2.602114031264387 0.5441112559756629 18.1
134.26676630973816  seconds  2.602114031264387 0.5441112559756629 19.1
127.23607015609741  seconds  2.602114031264387 0.5441112559756629 7.2
105.68800687789917  seconds  2.602114031264387 0.5441112559756629 3.3000000000000003
133.84388256072998  seconds  2.602114031264387 0.5441112559756629 8.200000000000001
105.7126841545105  seconds  2.602114031264387 0.5441112559756629 4.3
129.5312933921814  seconds  2.602114031264387 0.5441112559756629 10.200000000000001
135.0466685295105  seconds  2.602114031264387 0.5441112559756629 9.200000000000001
130.6720232963562  seconds  2.602114031264387 0.5441112559756629 11.200000000000001
132.9643337726593  seconds  2.602114031264387 0.5441112559756629 12.200000000000001
126.79243683815002  seconds  2.602114031264387 0.5441112559756629 13.200000000000001
130.0941481590271  seconds  2.602114031264387 0.5441112559756629 1.3
126.26884841918945  seconds  2.602114031264387 0.5441112559756629 2.3000000000000003
125.96285367012024  seconds  2.602114031264387 0.5441112559756629 15.200000000000001
133.6401391029358  seconds  2.602114031264387 0.5441112559756629 14.200000000000001
124.7302474975586  seconds  2.602114031264387 0.5441112559756629 16.2
104.33664464950562  seconds  2.602114031264387 0.5441112559756629 0.4
131.41104388237  seconds  2.602114031264387 0.5441112559756629 5.300000000000001
127.47112107276917  seconds  2.602114031264387 0.5441112559756629 17.2
125.71324324607849  seconds  2.602114031264387 0.5441112559756629 6.300000000000001
126.4107723236084  seconds  2.602114031264387 0.5441112559756629 18.2
107.524338722229  seconds  2.602114031264387 0.5441112559756629 3.4000000000000004
106.60504031181335  seconds  2.602114031264387 0.5441112559756629 4.4
126.0696907043457  seconds  2.602114031264387 0.5441112559756629 7.300000000000001
127.82601737976074  seconds  2.602114031264387 0.5441112559756629 19.200000000000003
132.5489628314972  seconds  2.602114031264387 0.5441112559756629 8.3
127.45801448822021  seconds  2.602114031264387 0.5441112559756629 9.3
132.96826767921448  seconds  2.602114031264387 0.5441112559756629 10.3
132.81971216201782  seconds  2.602114031264387 0.5441112559756629 11.3
126.17766761779785  seconds  2.602114031264387 0.5441112559756629 13.3
126.6761085987091  seconds  2.602114031264387 0.5441112559756629 1.4000000000000001
138.55953693389893  seconds  2.602114031264387 0.5441112559756629 12.3
107.08080625534058  seconds  2.602114031264387 0.5441112559756629 0.5
129.28272533416748  seconds  2.602114031264387 0.5441112559756629 2.4000000000000004
127.83331561088562  seconds  2.602114031264387 0.5441112559756629 15.3
127.33406925201416  seconds  2.602114031264387 0.5441112559756629 16.3
134.36281538009644  seconds  2.602114031264387 0.5441112559756629 14.3
106.50494194030762  seconds  2.602114031264387 0.5441112559756629 3.5
106.85906481742859  seconds  2.602114031264387 0.5441112559756629 4.5
137.36286091804504  seconds  2.602114031264387 0.5441112559756629 5.4
133.60456800460815  seconds  2.602114031264387 0.5441112559756629 17.3
129.68240761756897  seconds  2.602114031264387 0.5441112559756629 6.4
129.2187943458557  seconds  2.602114031264387 0.5441112559756629 18.3
126.19064331054688  seconds  2.602114031264387 0.5441112559756629 7.4
128.8690230846405  seconds  2.602114031264387 0.5441112559756629 19.3
138.1978280544281  seconds  2.602114031264387 0.5441112559756629 8.4
125.88086485862732  seconds  2.602114031264387 0.5441112559756629 9.4
134.90192866325378  seconds  2.602114031264387 0.5441112559756629 10.4
130.7351953983307  seconds  2.602114031264387 0.5441112559756629 11.4
105.68099546432495  seconds  2.602114031264387 0.5441112559756629 0.6000000000000001
125.2985258102417  seconds  2.602114031264387 0.5441112559756629 1.5
126.74785685539246  seconds  2.602114031264387 0.5441112559756629 12.4
127.13172721862793  seconds  2.602114031264387 0.5441112559756629 2.5
104.78820729255676  seconds  2.602114031264387 0.5441112559756629 3.6
138.51598501205444  seconds  2.602114031264387 0.5441112559756629 13.4
127.16052532196045  seconds  2.602114031264387 0.5441112559756629 15.4
105.01128196716309  seconds  2.602114031264387 0.5441112559756629 4.6000000000000005
126.17077898979187  seconds  2.602114031264387 0.5441112559756629 16.400000000000002
126.53332018852234  seconds  2.602114031264387 0.5441112559756629 14.4
128.50328516960144  seconds  2.602114031264387 0.5441112559756629 5.5
128.0315706729889  seconds  2.602114031264387 0.5441112559756629 17.400000000000002
127.15286111831665  seconds  2.602114031264387 0.5441112559756629 18.400000000000002
134.51667189598083  seconds  2.602114031264387 0.5441112559756629 6.5
126.23408150672913  seconds  2.602114031264387 0.5441112559756629 7.5
128.12268996238708  seconds  2.602114031264387 0.5441112559756629 19.400000000000002
106.64190530776978  seconds  2.602114031264387 0.5441112559756629 0.7000000000000001
126.38385128974915  seconds  2.602114031264387 0.5441112559756629 9.5
137.70969557762146  seconds  2.602114031264387 0.5441112559756629 8.5
129.2110629081726  seconds  2.602114031264387 0.5441112559756629 10.5
104.06283807754517  seconds  2.602114031264387 0.5441112559756629 3.7
132.28754782676697  seconds  2.602114031264387 0.5441112559756629 11.5
105.18160891532898  seconds  2.602114031264387 0.5441112559756629 4.7
125.37870597839355  seconds  2.602114031264387 0.5441112559756629 1.6
126.36100959777832  seconds  2.602114031264387 0.5441112559756629 2.6
131.35072827339172  seconds  2.602114031264387 0.5441112559756629 12.5
130.8445155620575  seconds  2.602114031264387 0.5441112559756629 15.5
132.9898545742035  seconds  2.602114031264387 0.5441112559756629 13.5
126.53131151199341  seconds  2.602114031264387 0.5441112559756629 14.5
132.26905417442322  seconds  2.602114031264387 0.5441112559756629 16.5
127.30653285980225  seconds  2.602114031264387 0.5441112559756629 5.6000000000000005
127.64643502235413  seconds  2.602114031264387 0.5441112559756629 17.5
127.89404821395874  seconds  2.602114031264387 0.5441112559756629 18.5
126.05333757400513  seconds  2.602114031264387 0.5441112559756629 6.6000000000000005
126.87147736549377  seconds  2.602114031264387 0.5441112559756629 7.6000000000000005
125.03474378585815  seconds  2.602114031264387 0.5441112559756629 19.5
106.36367583274841  seconds  2.602114031264387 0.5441112559756629 0.8
105.97821402549744  seconds  2.602114031264387 0.5441112559756629 3.8000000000000003
126.88768672943115  seconds  2.602114031264387 0.5441112559756629 9.600000000000001
104.96877384185791  seconds  2.602114031264387 0.5441112559756629 4.800000000000001
125.5550811290741  seconds  2.602114031264387 0.5441112559756629 10.600000000000001
132.85315608978271  seconds  2.602114031264387 0.5441112559756629 8.6
132.3686649799347  seconds  2.602114031264387 0.5441112559756629 11.600000000000001
126.27800488471985  seconds  2.602114031264387 0.5441112559756629 1.7000000000000002
129.016450881958  seconds  2.602114031264387 0.5441112559756629 2.7
131.22157168388367  seconds  2.602114031264387 0.5441112559756629 12.600000000000001
128.81868433952332  seconds  2.602114031264387 0.5441112559756629 13.600000000000001
131.51652216911316  seconds  2.602114031264387 0.5441112559756629 15.600000000000001
127.89676928520203  seconds  2.602114031264387 0.5441112559756629 16.6
131.59034037590027  seconds  2.602114031264387 0.5441112559756629 14.600000000000001
104.48185467720032  seconds  2.602114031264387 0.5441112559756629 0.9
128.84211993217468  seconds  2.602114031264387 0.5441112559756629 5.7
134.4684977531433  seconds  2.602114031264387 0.5441112559756629 17.6
127.48636245727539  seconds  2.602114031264387 0.5441112559756629 7.7
135.02904891967773  seconds  2.602114031264387 0.5441112559756629 18.6
132.09446740150452  seconds  2.602114031264387 0.5441112559756629 6.7
127.39391851425171  seconds  2.602114031264387 0.5441112559756629 19.6
104.77129101753235  seconds  2.602114031264387 0.5441112559756629 3.9000000000000004
105.61701893806458  seconds  2.602114031264387 0.5441112559756629 4.9
125.82488989830017  seconds  2.602114031264387 0.5441112559756629 9.700000000000001
126.85852789878845  seconds  2.602114031264387 0.5441112559756629 10.700000000000001
128.95999813079834  seconds  2.602114031264387 0.5441112559756629 8.700000000000001
125.53731489181519  seconds  2.602114031264387 0.5441112559756629 11.700000000000001
128.29184865951538  seconds  2.602114031264387 0.5441112559756629 1.8
125.55189251899719  seconds  2.602114031264387 0.5441112559756629 12.700000000000001
134.6346035003662  seconds  2.602114031264387 0.5441112559756629 2.8000000000000003
128.21759486198425  seconds  2.602114031264387 0.5441112559756629 15.700000000000001
132.18719482421875  seconds  2.602114031264387 0.5441112559756629 13.700000000000001
126.8878104686737  seconds  2.602114031264387 0.5441112559756629 14.700000000000001
130.97972321510315  seconds  2.602114031264387 0.5441112559756629 16.7
128.15384912490845  seconds  2.602114031264387 0.5441112559756629 5.800000000000001
127.14074754714966  seconds  2.602114031264387 0.5441112559756629 17.7
126.10467314720154  seconds  2.602114031264387 0.5441112559756629 19.700000000000003
128.80000829696655  seconds  2.602114031264387 0.5441112559756629 6.800000000000001
136.73755884170532  seconds  2.602114031264387 0.5441112559756629 7.800000000000001
136.0253164768219  seconds  2.602114031264387 0.5441112559756629 18.7
128.06027746200562  seconds  2.602114031264387 0.5441112559756629 9.8
130.45617961883545  seconds  2.602114031264387 0.5441112559756629 10.8
128.19017267227173  seconds  2.602114031264387 0.5441112559756629 8.8
126.10938763618469  seconds  2.602114031264387 0.5441112559756629 11.8
126.34831762313843  seconds  2.602114031264387 0.5441112559756629 1.9000000000000001
124.22754621505737  seconds  2.602114031264387 0.5441112559756629 12.8
129.58535385131836  seconds  2.602114031264387 0.5441112559756629 15.8
135.9860463142395  seconds  2.602114031264387 0.5441112559756629 2.9000000000000004
129.34919667243958  seconds  2.602114031264387 0.5441112559756629 13.8
133.1682858467102  seconds  2.602114031264387 0.5441112559756629 14.8
130.43982028961182  seconds  2.602114031264387 0.5441112559756629 16.8
125.95104050636292  seconds  2.602114031264387 0.5441112559756629 5.9
128.68099761009216  seconds  2.602114031264387 0.5441112559756629 17.8
124.61742997169495  seconds  2.602114031264387 0.5441112559756629 19.8
125.19965314865112  seconds  2.602114031264387 0.5441112559756629 6.9
124.96779537200928  seconds  2.602114031264387 0.5441112559756629 7.9
129.89018511772156  seconds  2.602114031264387 0.5441112559756629 18.8
129.38049578666687  seconds  2.602114031264387 0.5441112559756629 9.9
121.51117897033691  seconds  2.602114031264387 0.5441112559756629 10.9
122.80505275726318  seconds  2.602114031264387 0.5441112559756629 8.9
120.87552571296692  seconds  2.602114031264387 0.5441112559756629 11.9
117.8476767539978  seconds  2.602114031264387 0.5441112559756629 12.9
116.33677411079407  seconds  2.602114031264387 0.5441112559756629 15.9
116.19871401786804  seconds  2.602114031264387 0.5441112559756629 13.9
115.31012558937073  seconds  2.602114031264387 0.5441112559756629 14.9
117.01736807823181  seconds  2.602114031264387 0.5441112559756629 16.900000000000002
109.5618314743042  seconds  2.602114031264387 0.5441112559756629 17.900000000000002
110.14719939231873  seconds  2.602114031264387 0.5441112559756629 19.900000000000002
105.14718532562256  seconds  2.602114031264387 0.5441112559756629 18.900000000000002
time for calc.... 1460.2620630264282
energy at the point.. 2.5846892989406154 0.8396349413298569  is  1.1574406936887272e-05
200 the points 10 chunk numtheads
starting with calculation of Sigma
105.48344612121582  seconds  2.5846892989406154 0.8396349413298569 0.0
103.02219915390015  seconds  2.5846892989406154 0.8396349413298569 1.0
106.98547101020813  seconds  2.5846892989406154 0.8396349413298569 2.0
107.10653972625732  seconds  2.5846892989406154 0.8396349413298569 3.0
106.64640688896179  seconds  2.5846892989406154 0.8396349413298569 4.0
112.103196144104  seconds  2.5846892989406154 0.8396349413298569 5.0
111.52155613899231  seconds  2.5846892989406154 0.8396349413298569 6.0
115.72245073318481  seconds  2.5846892989406154 0.8396349413298569 7.0
109.77722668647766  seconds  2.5846892989406154 0.8396349413298569 8.0
115.44991612434387  seconds  2.5846892989406154 0.8396349413298569 10.0
140.47481489181519  seconds  2.5846892989406154 0.8396349413298569 9.0
123.80402994155884  seconds  2.5846892989406154 0.8396349413298569 11.0
112.95075011253357  seconds  2.5846892989406154 0.8396349413298569 13.0
124.73585653305054  seconds  2.5846892989406154 0.8396349413298569 12.0
113.02878499031067  seconds  2.5846892989406154 0.8396349413298569 0.1
128.91958022117615  seconds  2.5846892989406154 0.8396349413298569 14.0
130.71675944328308  seconds  2.5846892989406154 0.8396349413298569 1.1
113.96603870391846  seconds  2.5846892989406154 0.8396349413298569 3.1
115.05495929718018  seconds  2.5846892989406154 0.8396349413298569 16.0
110.50023341178894  seconds  2.5846892989406154 0.8396349413298569 4.1000000000000005
131.07895302772522  seconds  2.5846892989406154 0.8396349413298569 2.1
131.48296999931335  seconds  2.5846892989406154 0.8396349413298569 15.0
117.02510094642639  seconds  2.5846892989406154 0.8396349413298569 17.0
114.72669124603271  seconds  2.5846892989406154 0.8396349413298569 18.0
115.52778935432434  seconds  2.5846892989406154 0.8396349413298569 19.0
127.35566091537476  seconds  2.5846892989406154 0.8396349413298569 5.1000000000000005
128.16143155097961  seconds  2.5846892989406154 0.8396349413298569 6.1000000000000005
113.9945809841156  seconds  2.5846892989406154 0.8396349413298569 8.1
128.2997636795044  seconds  2.5846892989406154 0.8396349413298569 7.1000000000000005
128.61201214790344  seconds  2.5846892989406154 0.8396349413298569 10.100000000000001
115.45905470848083  seconds  2.5846892989406154 0.8396349413298569 13.100000000000001
115.26730465888977  seconds  2.5846892989406154 0.8396349413298569 0.2
126.7423586845398  seconds  2.5846892989406154 0.8396349413298569 12.100000000000001
136.44177293777466  seconds  2.5846892989406154 0.8396349413298569 11.100000000000001
114.93164348602295  seconds  2.5846892989406154 0.8396349413298569 3.2
149.18012356758118  seconds  2.5846892989406154 0.8396349413298569 9.1
111.82039451599121  seconds  2.5846892989406154 0.8396349413298569 4.2
115.95718359947205  seconds  2.5846892989406154 0.8396349413298569 16.1
121.18882250785828  seconds  2.5846892989406154 0.8396349413298569 14.100000000000001
125.48663592338562  seconds  2.5846892989406154 0.8396349413298569 1.2000000000000002
117.18234038352966  seconds  2.5846892989406154 0.8396349413298569 17.1
115.23094177246094  seconds  2.5846892989406154 0.8396349413298569 18.1
126.71877312660217  seconds  2.5846892989406154 0.8396349413298569 2.2
129.2603464126587  seconds  2.5846892989406154 0.8396349413298569 15.100000000000001
115.81949162483215  seconds  2.5846892989406154 0.8396349413298569 19.1
115.02842450141907  seconds  2.5846892989406154 0.8396349413298569 8.200000000000001
127.67850279808044  seconds  2.5846892989406154 0.8396349413298569 5.2
127.32536244392395  seconds  2.5846892989406154 0.8396349413298569 6.2
124.91198229789734  seconds  2.5846892989406154 0.8396349413298569 7.2
123.42630052566528  seconds  2.5846892989406154 0.8396349413298569 10.200000000000001
119.48740720748901  seconds  2.5846892989406154 0.8396349413298569 13.200000000000001
116.46565270423889  seconds  2.5846892989406154 0.8396349413298569 0.30000000000000004
118.64209508895874  seconds  2.5846892989406154 0.8396349413298569 11.200000000000001
122.98132562637329  seconds  2.5846892989406154 0.8396349413298569 12.200000000000001
112.68883967399597  seconds  2.5846892989406154 0.8396349413298569 4.3
116.3169960975647  seconds  2.5846892989406154 0.8396349413298569 3.3000000000000003
120.70066547393799  seconds  2.5846892989406154 0.8396349413298569 16.2
120.34820914268494  seconds  2.5846892989406154 0.8396349413298569 1.3
116.77964448928833  seconds  2.5846892989406154 0.8396349413298569 17.2
128.70650935173035  seconds  2.5846892989406154 0.8396349413298569 14.200000000000001
115.40202760696411  seconds  2.5846892989406154 0.8396349413298569 18.2
116.80909442901611  seconds  2.5846892989406154 0.8396349413298569 19.200000000000003
123.95088243484497  seconds  2.5846892989406154 0.8396349413298569 2.3000000000000003
146.09564018249512  seconds  2.5846892989406154 0.8396349413298569 9.200000000000001
121.61496162414551  seconds  2.5846892989406154 0.8396349413298569 15.200000000000001
116.91213035583496  seconds  2.5846892989406154 0.8396349413298569 8.3
128.1583652496338  seconds  2.5846892989406154 0.8396349413298569 5.300000000000001
121.41045689582825  seconds  2.5846892989406154 0.8396349413298569 6.300000000000001
120.00399446487427  seconds  2.5846892989406154 0.8396349413298569 7.300000000000001
116.62171959877014  seconds  2.5846892989406154 0.8396349413298569 13.3
122.74262499809265  seconds  2.5846892989406154 0.8396349413298569 10.3
121.94299674034119  seconds  2.5846892989406154 0.8396349413298569 0.4
117.54289865493774  seconds  2.5846892989406154 0.8396349413298569 11.3
111.40749788284302  seconds  2.5846892989406154 0.8396349413298569 4.4
115.16128444671631  seconds  2.5846892989406154 0.8396349413298569 3.4000000000000004
122.78308296203613  seconds  2.5846892989406154 0.8396349413298569 12.3
114.97052383422852  seconds  2.5846892989406154 0.8396349413298569 16.3
115.54862952232361  seconds  2.5846892989406154 0.8396349413298569 18.3
123.76183462142944  seconds  2.5846892989406154 0.8396349413298569 1.4000000000000001
123.12141251564026  seconds  2.5846892989406154 0.8396349413298569 14.3
124.77420568466187  seconds  2.5846892989406154 0.8396349413298569 17.3
116.85396313667297  seconds  2.5846892989406154 0.8396349413298569 19.3
122.28845405578613  seconds  2.5846892989406154 0.8396349413298569 15.3
124.52708697319031  seconds  2.5846892989406154 0.8396349413298569 2.4000000000000004
116.79919695854187  seconds  2.5846892989406154 0.8396349413298569 8.4
145.4450385570526  seconds  2.5846892989406154 0.8396349413298569 9.3
126.24816703796387  seconds  2.5846892989406154 0.8396349413298569 5.4
126.13882184028625  seconds  2.5846892989406154 0.8396349413298569 6.4
121.74023270606995  seconds  2.5846892989406154 0.8396349413298569 7.4
115.09450030326843  seconds  2.5846892989406154 0.8396349413298569 13.4
121.966237783432  seconds  2.5846892989406154 0.8396349413298569 10.4
112.31006217002869  seconds  2.5846892989406154 0.8396349413298569 4.5
115.97904586791992  seconds  2.5846892989406154 0.8396349413298569 11.4
125.317862033844  seconds  2.5846892989406154 0.8396349413298569 0.5
116.16366338729858  seconds  2.5846892989406154 0.8396349413298569 3.5
115.66906380653381  seconds  2.5846892989406154 0.8396349413298569 16.400000000000002
125.1732530593872  seconds  2.5846892989406154 0.8396349413298569 12.4
114.60305285453796  seconds  2.5846892989406154 0.8396349413298569 18.400000000000002
119.25603008270264  seconds  2.5846892989406154 0.8396349413298569 14.4
124.98577117919922  seconds  2.5846892989406154 0.8396349413298569 1.5
117.71265602111816  seconds  2.5846892989406154 0.8396349413298569 19.400000000000002
125.13811016082764  seconds  2.5846892989406154 0.8396349413298569 17.400000000000002
119.6329698562622  seconds  2.5846892989406154 0.8396349413298569 2.5
115.68315005302429  seconds  2.5846892989406154 0.8396349413298569 8.5
126.14227557182312  seconds  2.5846892989406154 0.8396349413298569 15.4
120.71372818946838  seconds  2.5846892989406154 0.8396349413298569 5.5
122.77092719078064  seconds  2.5846892989406154 0.8396349413298569 6.5
129.33604836463928  seconds  2.5846892989406154 0.8396349413298569 7.5
142.998055934906  seconds  2.5846892989406154 0.8396349413298569 9.4
116.06989192962646  seconds  2.5846892989406154 0.8396349413298569 13.5
115.01961898803711  seconds  2.5846892989406154 0.8396349413298569 4.6000000000000005
125.25944805145264  seconds  2.5846892989406154 0.8396349413298569 10.5
116.84090280532837  seconds  2.5846892989406154 0.8396349413298569 11.5
119.58544635772705  seconds  2.5846892989406154 0.8396349413298569 0.6000000000000001
117.97933197021484  seconds  2.5846892989406154 0.8396349413298569 3.6
116.85052371025085  seconds  2.5846892989406154 0.8396349413298569 16.5
115.55740165710449  seconds  2.5846892989406154 0.8396349413298569 18.5
131.7462673187256  seconds  2.5846892989406154 0.8396349413298569 12.5
116.50194525718689  seconds  2.5846892989406154 0.8396349413298569 19.5
121.87412738800049  seconds  2.5846892989406154 0.8396349413298569 14.5
117.3311140537262  seconds  2.5846892989406154 0.8396349413298569 17.5
126.09213304519653  seconds  2.5846892989406154 0.8396349413298569 1.6
119.34481310844421  seconds  2.5846892989406154 0.8396349413298569 8.6
123.10564804077148  seconds  2.5846892989406154 0.8396349413298569 2.6
121.534015417099  seconds  2.5846892989406154 0.8396349413298569 15.5
119.9845085144043  seconds  2.5846892989406154 0.8396349413298569 5.6000000000000005
125.864004611969  seconds  2.5846892989406154 0.8396349413298569 6.6000000000000005
115.33530020713806  seconds  2.5846892989406154 0.8396349413298569 13.600000000000001
125.91281723976135  seconds  2.5846892989406154 0.8396349413298569 7.6000000000000005
117.75212264060974  seconds  2.5846892989406154 0.8396349413298569 4.7
141.59035754203796  seconds  2.5846892989406154 0.8396349413298569 9.5
121.06092262268066  seconds  2.5846892989406154 0.8396349413298569 10.600000000000001
116.84285163879395  seconds  2.5846892989406154 0.8396349413298569 0.7000000000000001
121.15812563896179  seconds  2.5846892989406154 0.8396349413298569 11.600000000000001
115.90373539924622  seconds  2.5846892989406154 0.8396349413298569 3.7
116.45703077316284  seconds  2.5846892989406154 0.8396349413298569 16.6
115.78216290473938  seconds  2.5846892989406154 0.8396349413298569 18.6
116.19627451896667  seconds  2.5846892989406154 0.8396349413298569 19.6
116.39493060112  seconds  2.5846892989406154 0.8396349413298569 17.6
125.56130456924438  seconds  2.5846892989406154 0.8396349413298569 12.600000000000001
127.37028646469116  seconds  2.5846892989406154 0.8396349413298569 14.600000000000001
126.24549150466919  seconds  2.5846892989406154 0.8396349413298569 1.7000000000000002
120.6212477684021  seconds  2.5846892989406154 0.8396349413298569 8.700000000000001
120.87423944473267  seconds  2.5846892989406154 0.8396349413298569 15.600000000000001
129.3097698688507  seconds  2.5846892989406154 0.8396349413298569 2.7
121.79883480072021  seconds  2.5846892989406154 0.8396349413298569 5.7
117.2280912399292  seconds  2.5846892989406154 0.8396349413298569 13.700000000000001
123.52951288223267  seconds  2.5846892989406154 0.8396349413298569 6.7
128.59402656555176  seconds  2.5846892989406154 0.8396349413298569 7.7
119.02479648590088  seconds  2.5846892989406154 0.8396349413298569 11.700000000000001
126.19225549697876  seconds  2.5846892989406154 0.8396349413298569 4.800000000000001
117.98088550567627  seconds  2.5846892989406154 0.8396349413298569 3.8000000000000003
124.40761804580688  seconds  2.5846892989406154 0.8396349413298569 10.700000000000001
116.34849691390991  seconds  2.5846892989406154 0.8396349413298569 16.7
126.29461073875427  seconds  2.5846892989406154 0.8396349413298569 0.8
115.96338677406311  seconds  2.5846892989406154 0.8396349413298569 18.7
145.86275267601013  seconds  2.5846892989406154 0.8396349413298569 9.600000000000001
115.99495005607605  seconds  2.5846892989406154 0.8396349413298569 19.700000000000003
116.58850193023682  seconds  2.5846892989406154 0.8396349413298569 17.7
125.25949764251709  seconds  2.5846892989406154 0.8396349413298569 12.700000000000001
117.14582896232605  seconds  2.5846892989406154 0.8396349413298569 8.8
122.88832545280457  seconds  2.5846892989406154 0.8396349413298569 1.8
129.2790367603302  seconds  2.5846892989406154 0.8396349413298569 14.700000000000001
120.30510330200195  seconds  2.5846892989406154 0.8396349413298569 15.700000000000001
124.84140062332153  seconds  2.5846892989406154 0.8396349413298569 2.8000000000000003
117.14168334007263  seconds  2.5846892989406154 0.8396349413298569 13.8
126.9150447845459  seconds  2.5846892989406154 0.8396349413298569 5.800000000000001
128.90361642837524  seconds  2.5846892989406154 0.8396349413298569 6.800000000000001
124.22711038589478  seconds  2.5846892989406154 0.8396349413298569 7.800000000000001
116.60032367706299  seconds  2.5846892989406154 0.8396349413298569 11.8
117.199880361557  seconds  2.5846892989406154 0.8396349413298569 3.9000000000000004
116.31961369514465  seconds  2.5846892989406154 0.8396349413298569 16.8
124.51563119888306  seconds  2.5846892989406154 0.8396349413298569 4.9
116.0014877319336  seconds  2.5846892989406154 0.8396349413298569 18.8
123.4705171585083  seconds  2.5846892989406154 0.8396349413298569 0.9
126.25885534286499  seconds  2.5846892989406154 0.8396349413298569 10.8
114.54693102836609  seconds  2.5846892989406154 0.8396349413298569 19.8
115.3964159488678  seconds  2.5846892989406154 0.8396349413298569 17.8
139.49691724777222  seconds  2.5846892989406154 0.8396349413298569 9.700000000000001
123.49382138252258  seconds  2.5846892989406154 0.8396349413298569 12.8
115.26836109161377  seconds  2.5846892989406154 0.8396349413298569 8.9
119.59615349769592  seconds  2.5846892989406154 0.8396349413298569 14.8
120.15097093582153  seconds  2.5846892989406154 0.8396349413298569 1.9000000000000001
121.62210822105408  seconds  2.5846892989406154 0.8396349413298569 15.8
115.982736825943  seconds  2.5846892989406154 0.8396349413298569 2.9000000000000004
113.19536137580872  seconds  2.5846892989406154 0.8396349413298569 13.9
113.67495489120483  seconds  2.5846892989406154 0.8396349413298569 5.9
115.05999302864075  seconds  2.5846892989406154 0.8396349413298569 6.9
109.26212978363037  seconds  2.5846892989406154 0.8396349413298569 7.9
111.87823224067688  seconds  2.5846892989406154 0.8396349413298569 11.9
111.03835034370422  seconds  2.5846892989406154 0.8396349413298569 16.900000000000002
106.68304467201233  seconds  2.5846892989406154 0.8396349413298569 10.9
110.27006340026855  seconds  2.5846892989406154 0.8396349413298569 18.900000000000002
109.39425587654114  seconds  2.5846892989406154 0.8396349413298569 19.900000000000002
108.91147208213806  seconds  2.5846892989406154 0.8396349413298569 17.900000000000002
104.07285022735596  seconds  2.5846892989406154 0.8396349413298569 12.9
101.15420436859131  seconds  2.5846892989406154 0.8396349413298569 14.9
117.78045773506165  seconds  2.5846892989406154 0.8396349413298569 9.8
106.87192368507385  seconds  2.5846892989406154 0.8396349413298569 15.9
95.65005278587341  seconds  2.5846892989406154 0.8396349413298569 9.9
time for calc.... 1446.5283086299896
energy at the point.. 2.5337077240684835 1.1368970013037814  is  2.067935501059992e-06
200 the points 10 chunk numtheads
starting with calculation of Sigma
95.83133816719055  seconds  2.5337077240684835 1.1368970013037814 0.0
109.77656650543213  seconds  2.5337077240684835 1.1368970013037814 1.0
110.36190843582153  seconds  2.5337077240684835 1.1368970013037814 2.0
100.32120418548584  seconds  2.5337077240684835 1.1368970013037814 4.0
112.32470679283142  seconds  2.5337077240684835 1.1368970013037814 3.0
114.74852466583252  seconds  2.5337077240684835 1.1368970013037814 5.0
114.93906116485596  seconds  2.5337077240684835 1.1368970013037814 6.0
108.21846604347229  seconds  2.5337077240684835 1.1368970013037814 7.0
105.27957653999329  seconds  2.5337077240684835 1.1368970013037814 8.0
117.8158586025238  seconds  2.5337077240684835 1.1368970013037814 9.0
118.63063359260559  seconds  2.5337077240684835 1.1368970013037814 10.0
106.41918396949768  seconds  2.5337077240684835 1.1368970013037814 0.1
115.79005551338196  seconds  2.5337077240684835 1.1368970013037814 11.0
109.07642698287964  seconds  2.5337077240684835 1.1368970013037814 12.0
124.35447835922241  seconds  2.5337077240684835 1.1368970013037814 13.0
121.28120112419128  seconds  2.5337077240684835 1.1368970013037814 1.1
125.17423939704895  seconds  2.5337077240684835 1.1368970013037814 14.0
112.3055624961853  seconds  2.5337077240684835 1.1368970013037814 4.1000000000000005
123.86245012283325  seconds  2.5337077240684835 1.1368970013037814 15.0
127.29211401939392  seconds  2.5337077240684835 1.1368970013037814 2.1
122.3752326965332  seconds  2.5337077240684835 1.1368970013037814 3.1
124.14551496505737  seconds  2.5337077240684835 1.1368970013037814 16.0
127.4704179763794  seconds  2.5337077240684835 1.1368970013037814 17.0
109.6163444519043  seconds  2.5337077240684835 1.1368970013037814 8.1
125.72091388702393  seconds  2.5337077240684835 1.1368970013037814 5.1000000000000005
128.2755823135376  seconds  2.5337077240684835 1.1368970013037814 18.0
117.66156721115112  seconds  2.5337077240684835 1.1368970013037814 7.1000000000000005
123.90490984916687  seconds  2.5337077240684835 1.1368970013037814 19.0
123.18684124946594  seconds  2.5337077240684835 1.1368970013037814 6.1000000000000005
109.63019061088562  seconds  2.5337077240684835 1.1368970013037814 0.2
109.53960824012756  seconds  2.5337077240684835 1.1368970013037814 11.100000000000001
127.69640493392944  seconds  2.5337077240684835 1.1368970013037814 9.1
115.49540257453918  seconds  2.5337077240684835 1.1368970013037814 12.100000000000001
123.72634291648865  seconds  2.5337077240684835 1.1368970013037814 10.100000000000001
109.43855905532837  seconds  2.5337077240684835 1.1368970013037814 4.2
121.52432918548584  seconds  2.5337077240684835 1.1368970013037814 13.100000000000001
122.46428871154785  seconds  2.5337077240684835 1.1368970013037814 1.2000000000000002
126.93368792533875  seconds  2.5337077240684835 1.1368970013037814 14.100000000000001
124.6950159072876  seconds  2.5337077240684835 1.1368970013037814 15.100000000000001
127.00831007957458  seconds  2.5337077240684835 1.1368970013037814 2.2
122.87143230438232  seconds  2.5337077240684835 1.1368970013037814 3.2
124.3977267742157  seconds  2.5337077240684835 1.1368970013037814 16.1
109.352294921875  seconds  2.5337077240684835 1.1368970013037814 8.200000000000001
110.8895583152771  seconds  2.5337077240684835 1.1368970013037814 7.2
126.77943682670593  seconds  2.5337077240684835 1.1368970013037814 17.1
123.34637689590454  seconds  2.5337077240684835 1.1368970013037814 5.2
126.68447756767273  seconds  2.5337077240684835 1.1368970013037814 18.1
126.14616417884827  seconds  2.5337077240684835 1.1368970013037814 19.1
130.109454870224  seconds  2.5337077240684835 1.1368970013037814 6.2
110.10577273368835  seconds  2.5337077240684835 1.1368970013037814 0.30000000000000004
111.42357301712036  seconds  2.5337077240684835 1.1368970013037814 11.200000000000001
125.40251016616821  seconds  2.5337077240684835 1.1368970013037814 9.200000000000001
123.39311003684998  seconds  2.5337077240684835 1.1368970013037814 12.200000000000001
125.86683201789856  seconds  2.5337077240684835 1.1368970013037814 10.200000000000001
111.10878705978394  seconds  2.5337077240684835 1.1368970013037814 4.3
124.72748565673828  seconds  2.5337077240684835 1.1368970013037814 13.200000000000001
122.10593128204346  seconds  2.5337077240684835 1.1368970013037814 1.3
125.94349718093872  seconds  2.5337077240684835 1.1368970013037814 14.200000000000001
123.23339581489563  seconds  2.5337077240684835 1.1368970013037814 15.200000000000001
115.34743165969849  seconds  2.5337077240684835 1.1368970013037814 8.3
122.37344121932983  seconds  2.5337077240684835 1.1368970013037814 3.3000000000000003
111.86254835128784  seconds  2.5337077240684835 1.1368970013037814 7.300000000000001
124.54210758209229  seconds  2.5337077240684835 1.1368970013037814 16.2
127.84728813171387  seconds  2.5337077240684835 1.1368970013037814 2.3000000000000003
122.5708544254303  seconds  2.5337077240684835 1.1368970013037814 17.2
121.93961668014526  seconds  2.5337077240684835 1.1368970013037814 5.300000000000001
112.18973898887634  seconds  2.5337077240684835 1.1368970013037814 0.4
127.96680879592896  seconds  2.5337077240684835 1.1368970013037814 18.2
124.96824145317078  seconds  2.5337077240684835 1.1368970013037814 19.200000000000003
111.46522879600525  seconds  2.5337077240684835 1.1368970013037814 11.3
124.8997392654419  seconds  2.5337077240684835 1.1368970013037814 6.300000000000001
114.62370824813843  seconds  2.5337077240684835 1.1368970013037814 12.3
126.56984949111938  seconds  2.5337077240684835 1.1368970013037814 9.3
111.43658018112183  seconds  2.5337077240684835 1.1368970013037814 4.4
128.06670689582825  seconds  2.5337077240684835 1.1368970013037814 10.3
124.94821858406067  seconds  2.5337077240684835 1.1368970013037814 13.3
128.6242733001709  seconds  2.5337077240684835 1.1368970013037814 1.4000000000000001
111.5514121055603  seconds  2.5337077240684835 1.1368970013037814 8.4
111.77162265777588  seconds  2.5337077240684835 1.1368970013037814 7.4
121.59423232078552  seconds  2.5337077240684835 1.1368970013037814 14.3
128.79100894927979  seconds  2.5337077240684835 1.1368970013037814 15.3
122.47460842132568  seconds  2.5337077240684835 1.1368970013037814 2.4000000000000004
126.62533330917358  seconds  2.5337077240684835 1.1368970013037814 16.3
130.55145573616028  seconds  2.5337077240684835 1.1368970013037814 3.4000000000000004
110.5114963054657  seconds  2.5337077240684835 1.1368970013037814 0.5
127.83008146286011  seconds  2.5337077240684835 1.1368970013037814 17.3
123.41796278953552  seconds  2.5337077240684835 1.1368970013037814 5.4
113.0214011669159  seconds  2.5337077240684835 1.1368970013037814 11.4
123.04545187950134  seconds  2.5337077240684835 1.1368970013037814 19.3
123.79932308197021  seconds  2.5337077240684835 1.1368970013037814 6.4
132.0234146118164  seconds  2.5337077240684835 1.1368970013037814 18.3
111.29557299613953  seconds  2.5337077240684835 1.1368970013037814 12.4
114.02287817001343  seconds  2.5337077240684835 1.1368970013037814 4.5
124.54259848594666  seconds  2.5337077240684835 1.1368970013037814 9.4
127.85940790176392  seconds  2.5337077240684835 1.1368970013037814 10.4
111.37555480003357  seconds  2.5337077240684835 1.1368970013037814 7.5
112.7783739566803  seconds  2.5337077240684835 1.1368970013037814 8.5
126.49067401885986  seconds  2.5337077240684835 1.1368970013037814 13.4
124.24393820762634  seconds  2.5337077240684835 1.1368970013037814 1.5
122.39161086082458  seconds  2.5337077240684835 1.1368970013037814 14.4
121.48459005355835  seconds  2.5337077240684835 1.1368970013037814 15.4
122.99204015731812  seconds  2.5337077240684835 1.1368970013037814 2.5
114.54294633865356  seconds  2.5337077240684835 1.1368970013037814 0.6000000000000001
126.42265582084656  seconds  2.5337077240684835 1.1368970013037814 3.5
128.7984585762024  seconds  2.5337077240684835 1.1368970013037814 16.400000000000002
115.12244844436646  seconds  2.5337077240684835 1.1368970013037814 11.5
122.90372157096863  seconds  2.5337077240684835 1.1368970013037814 17.400000000000002
124.13596153259277  seconds  2.5337077240684835 1.1368970013037814 5.5
122.80432677268982  seconds  2.5337077240684835 1.1368970013037814 19.400000000000002
112.74662780761719  seconds  2.5337077240684835 1.1368970013037814 12.5
124.72522759437561  seconds  2.5337077240684835 1.1368970013037814 6.5
124.57126212120056  seconds  2.5337077240684835 1.1368970013037814 18.400000000000002
110.55374073982239  seconds  2.5337077240684835 1.1368970013037814 4.6000000000000005
123.39480876922607  seconds  2.5337077240684835 1.1368970013037814 9.5
127.90779328346252  seconds  2.5337077240684835 1.1368970013037814 10.5
110.95173859596252  seconds  2.5337077240684835 1.1368970013037814 8.6
112.6046028137207  seconds  2.5337077240684835 1.1368970013037814 7.6000000000000005
123.54661774635315  seconds  2.5337077240684835 1.1368970013037814 13.5
122.21224474906921  seconds  2.5337077240684835 1.1368970013037814 1.6
125.0463171005249  seconds  2.5337077240684835 1.1368970013037814 14.5
122.06828808784485  seconds  2.5337077240684835 1.1368970013037814 15.5
115.05194425582886  seconds  2.5337077240684835 1.1368970013037814 0.7000000000000001
111.53846335411072  seconds  2.5337077240684835 1.1368970013037814 11.600000000000001
127.23919463157654  seconds  2.5337077240684835 1.1368970013037814 2.6
121.77493262290955  seconds  2.5337077240684835 1.1368970013037814 3.6
125.37281680107117  seconds  2.5337077240684835 1.1368970013037814 16.5
127.4436583518982  seconds  2.5337077240684835 1.1368970013037814 17.5
125.19311189651489  seconds  2.5337077240684835 1.1368970013037814 5.6000000000000005
114.26373958587646  seconds  2.5337077240684835 1.1368970013037814 12.600000000000001
124.18502354621887  seconds  2.5337077240684835 1.1368970013037814 19.5
110.47487378120422  seconds  2.5337077240684835 1.1368970013037814 4.7
123.29570508003235  seconds  2.5337077240684835 1.1368970013037814 18.5
128.10062909126282  seconds  2.5337077240684835 1.1368970013037814 6.6000000000000005
127.67849206924438  seconds  2.5337077240684835 1.1368970013037814 9.600000000000001
112.62825584411621  seconds  2.5337077240684835 1.1368970013037814 8.700000000000001
111.84913635253906  seconds  2.5337077240684835 1.1368970013037814 7.7
125.43881559371948  seconds  2.5337077240684835 1.1368970013037814 10.600000000000001
121.33762764930725  seconds  2.5337077240684835 1.1368970013037814 13.600000000000001
121.90514779090881  seconds  2.5337077240684835 1.1368970013037814 1.7000000000000002
108.78178906440735  seconds  2.5337077240684835 1.1368970013037814 0.8
111.18391013145447  seconds  2.5337077240684835 1.1368970013037814 11.700000000000001
128.52373504638672  seconds  2.5337077240684835 1.1368970013037814 14.600000000000001
125.48635077476501  seconds  2.5337077240684835 1.1368970013037814 15.600000000000001
121.78693771362305  seconds  2.5337077240684835 1.1368970013037814 3.7
126.81623530387878  seconds  2.5337077240684835 1.1368970013037814 2.7
111.4686427116394  seconds  2.5337077240684835 1.1368970013037814 12.700000000000001
127.76245880126953  seconds  2.5337077240684835 1.1368970013037814 16.6
114.7541835308075  seconds  2.5337077240684835 1.1368970013037814 4.800000000000001
128.07841157913208  seconds  2.5337077240684835 1.1368970013037814 5.7
129.6095371246338  seconds  2.5337077240684835 1.1368970013037814 17.6
128.2649872303009  seconds  2.5337077240684835 1.1368970013037814 19.6
121.72721076011658  seconds  2.5337077240684835 1.1368970013037814 18.6
121.809072971344  seconds  2.5337077240684835 1.1368970013037814 6.7
110.81100177764893  seconds  2.5337077240684835 1.1368970013037814 8.8
111.10802578926086  seconds  2.5337077240684835 1.1368970013037814 7.800000000000001
123.02889943122864  seconds  2.5337077240684835 1.1368970013037814 9.700000000000001
128.7660777568817  seconds  2.5337077240684835 1.1368970013037814 10.700000000000001
112.61311554908752  seconds  2.5337077240684835 1.1368970013037814 0.9
121.52893257141113  seconds  2.5337077240684835 1.1368970013037814 13.700000000000001
111.93621802330017  seconds  2.5337077240684835 1.1368970013037814 11.8
121.17792463302612  seconds  2.5337077240684835 1.1368970013037814 1.8
123.42141938209534  seconds  2.5337077240684835 1.1368970013037814 15.700000000000001
128.84459137916565  seconds  2.5337077240684835 1.1368970013037814 14.700000000000001
109.97180557250977  seconds  2.5337077240684835 1.1368970013037814 12.8
122.0451672077179  seconds  2.5337077240684835 1.1368970013037814 3.8000000000000003
123.1501362323761  seconds  2.5337077240684835 1.1368970013037814 2.8000000000000003
109.26637744903564  seconds  2.5337077240684835 1.1368970013037814 4.9
127.84718227386475  seconds  2.5337077240684835 1.1368970013037814 16.7
128.85337734222412  seconds  2.5337077240684835 1.1368970013037814 17.7
130.26621007919312  seconds  2.5337077240684835 1.1368970013037814 5.800000000000001
122.2312581539154  seconds  2.5337077240684835 1.1368970013037814 18.7
123.0000867843628  seconds  2.5337077240684835 1.1368970013037814 6.800000000000001
130.24062252044678  seconds  2.5337077240684835 1.1368970013037814 19.700000000000003
105.71161794662476  seconds  2.5337077240684835 1.1368970013037814 8.9
106.52887797355652  seconds  2.5337077240684835 1.1368970013037814 7.9
124.12370705604553  seconds  2.5337077240684835 1.1368970013037814 9.8
101.84797167778015  seconds  2.5337077240684835 1.1368970013037814 11.9
129.0371286869049  seconds  2.5337077240684835 1.1368970013037814 10.8
122.80238270759583  seconds  2.5337077240684835 1.1368970013037814 13.8
100.26085615158081  seconds  2.5337077240684835 1.1368970013037814 12.9
122.42052435874939  seconds  2.5337077240684835 1.1368970013037814 1.9000000000000001
124.29465818405151  seconds  2.5337077240684835 1.1368970013037814 15.8
121.79701137542725  seconds  2.5337077240684835 1.1368970013037814 14.8
122.51289105415344  seconds  2.5337077240684835 1.1368970013037814 3.9000000000000004
123.29932379722595  seconds  2.5337077240684835 1.1368970013037814 2.9000000000000004
127.29294896125793  seconds  2.5337077240684835 1.1368970013037814 16.8
122.77141237258911  seconds  2.5337077240684835 1.1368970013037814 17.8
121.79473280906677  seconds  2.5337077240684835 1.1368970013037814 18.8
124.95203161239624  seconds  2.5337077240684835 1.1368970013037814 5.9
121.77578091621399  seconds  2.5337077240684835 1.1368970013037814 6.9
122.42184615135193  seconds  2.5337077240684835 1.1368970013037814 19.8
118.2648777961731  seconds  2.5337077240684835 1.1368970013037814 9.9
112.89355325698853  seconds  2.5337077240684835 1.1368970013037814 13.9
117.0072693824768  seconds  2.5337077240684835 1.1368970013037814 10.9
110.5519449710846  seconds  2.5337077240684835 1.1368970013037814 15.9
110.73997974395752  seconds  2.5337077240684835 1.1368970013037814 14.9
110.23367547988892  seconds  2.5337077240684835 1.1368970013037814 16.900000000000002
107.96171307563782  seconds  2.5337077240684835 1.1368970013037814 17.900000000000002
105.99160981178284  seconds  2.5337077240684835 1.1368970013037814 18.900000000000002
105.43319535255432  seconds  2.5337077240684835 1.1368970013037814 19.900000000000002
time for calc.... 1408.0461966991425
energy at the point.. 2.421355054487129 1.409821816601478  is  6.066433012819061e-06
200 the points 10 chunk numtheads
starting with calculation of Sigma
111.13689851760864  seconds  2.421355054487129 1.409821816601478 0.0
112.86141896247864  seconds  2.421355054487129 1.409821816601478 1.0
113.73833131790161  seconds  2.421355054487129 1.409821816601478 2.0
115.32591462135315  seconds  2.421355054487129 1.409821816601478 3.0
98.64877986907959  seconds  2.421355054487129 1.409821816601478 6.0
116.70849680900574  seconds  2.421355054487129 1.409821816601478 4.0
118.84891438484192  seconds  2.421355054487129 1.409821816601478 5.0
120.48297929763794  seconds  2.421355054487129 1.409821816601478 7.0
125.15315771102905  seconds  2.421355054487129 1.409821816601478 8.0
123.92506504058838  seconds  2.421355054487129 1.409821816601478 9.0
130.68059420585632  seconds  2.421355054487129 1.409821816601478 10.0
125.7677173614502  seconds  2.421355054487129 1.409821816601478 11.0
142.27693724632263  seconds  2.421355054487129 1.409821816601478 12.0
135.5058777332306  seconds  2.421355054487129 1.409821816601478 13.0
135.51720333099365  seconds  2.421355054487129 1.409821816601478 0.1
102.52572894096375  seconds  2.421355054487129 1.409821816601478 6.1000000000000005
131.42517113685608  seconds  2.421355054487129 1.409821816601478 14.0
133.46873807907104  seconds  2.421355054487129 1.409821816601478 1.1
134.30473923683167  seconds  2.421355054487129 1.409821816601478 2.1
106.49312233924866  seconds  2.421355054487129 1.409821816601478 18.0
140.60558557510376  seconds  2.421355054487129 1.409821816601478 15.0
135.686763048172  seconds  2.421355054487129 1.409821816601478 3.1
139.50272130966187  seconds  2.421355054487129 1.409821816601478 16.0
132.55481266975403  seconds  2.421355054487129 1.409821816601478 4.1000000000000005
135.2924919128418  seconds  2.421355054487129 1.409821816601478 17.0
135.84923720359802  seconds  2.421355054487129 1.409821816601478 5.1000000000000005
139.2236843109131  seconds  2.421355054487129 1.409821816601478 19.0
136.74327325820923  seconds  2.421355054487129 1.409821816601478 7.1000000000000005
134.10624432563782  seconds  2.421355054487129 1.409821816601478 8.1
135.5568926334381  seconds  2.421355054487129 1.409821816601478 9.1
136.3955819606781  seconds  2.421355054487129 1.409821816601478 10.100000000000001
105.0222520828247  seconds  2.421355054487129 1.409821816601478 6.2
137.79342222213745  seconds  2.421355054487129 1.409821816601478 11.100000000000001
103.77931070327759  seconds  2.421355054487129 1.409821816601478 18.1
134.30940198898315  seconds  2.421355054487129 1.409821816601478 13.100000000000001
137.34537148475647  seconds  2.421355054487129 1.409821816601478 12.100000000000001
134.95482277870178  seconds  2.421355054487129 1.409821816601478 14.100000000000001
136.76077032089233  seconds  2.421355054487129 1.409821816601478 1.2000000000000002
133.32617855072021  seconds  2.421355054487129 1.409821816601478 2.2
137.82271099090576  seconds  2.421355054487129 1.409821816601478 15.100000000000001
142.5802195072174  seconds  2.421355054487129 1.409821816601478 3.2
141.3535566329956  seconds  2.421355054487129 1.409821816601478 16.1
139.6161994934082  seconds  2.421355054487129 1.409821816601478 4.2
176.97390174865723  seconds  2.421355054487129 1.409821816601478 0.2
139.53871655464172  seconds  2.421355054487129 1.409821816601478 17.1
137.12668895721436  seconds  2.421355054487129 1.409821816601478 5.2
141.93953895568848  seconds  2.421355054487129 1.409821816601478 19.1
140.86328291893005  seconds  2.421355054487129 1.409821816601478 7.2
106.21350574493408  seconds  2.421355054487129 1.409821816601478 6.300000000000001
140.48177099227905  seconds  2.421355054487129 1.409821816601478 8.200000000000001
136.57886910438538  seconds  2.421355054487129 1.409821816601478 9.200000000000001
106.03998231887817  seconds  2.421355054487129 1.409821816601478 18.2
136.44443154335022  seconds  2.421355054487129 1.409821816601478 10.200000000000001
134.53170943260193  seconds  2.421355054487129 1.409821816601478 11.200000000000001
137.36044645309448  seconds  2.421355054487129 1.409821816601478 12.200000000000001
140.4829602241516  seconds  2.421355054487129 1.409821816601478 13.200000000000001
132.6352105140686  seconds  2.421355054487129 1.409821816601478 14.200000000000001
134.52923679351807  seconds  2.421355054487129 1.409821816601478 1.3
138.12610816955566  seconds  2.421355054487129 1.409821816601478 2.3000000000000003
129.99097180366516  seconds  2.421355054487129 1.409821816601478 15.200000000000001
133.3211715221405  seconds  2.421355054487129 1.409821816601478 3.3000000000000003
133.89106726646423  seconds  2.421355054487129 1.409821816601478 4.3
136.98149514198303  seconds  2.421355054487129 1.409821816601478 16.2
136.03698086738586  seconds  2.421355054487129 1.409821816601478 17.2
137.51812052726746  seconds  2.421355054487129 1.409821816601478 0.30000000000000004
102.95302677154541  seconds  2.421355054487129 1.409821816601478 6.4
133.6602327823639  seconds  2.421355054487129 1.409821816601478 5.300000000000001
104.32407116889954  seconds  2.421355054487129 1.409821816601478 18.3
135.5999777317047  seconds  2.421355054487129 1.409821816601478 19.200000000000003
135.8167018890381  seconds  2.421355054487129 1.409821816601478 7.300000000000001
135.2498323917389  seconds  2.421355054487129 1.409821816601478 8.3
140.98072576522827  seconds  2.421355054487129 1.409821816601478 9.3
130.1638753414154  seconds  2.421355054487129 1.409821816601478 11.3
136.9022057056427  seconds  2.421355054487129 1.409821816601478 10.3
131.8425271511078  seconds  2.421355054487129 1.409821816601478 14.3
134.28531885147095  seconds  2.421355054487129 1.409821816601478 13.3
137.85531783103943  seconds  2.421355054487129 1.409821816601478 12.3
132.00031185150146  seconds  2.421355054487129 1.409821816601478 1.4000000000000001
129.9276442527771  seconds  2.421355054487129 1.409821816601478 2.4000000000000004
103.52196764945984  seconds  2.421355054487129 1.409821816601478 6.5
131.37339663505554  seconds  2.421355054487129 1.409821816601478 15.3
131.3956217765808  seconds  2.421355054487129 1.409821816601478 3.4000000000000004
105.27844834327698  seconds  2.421355054487129 1.409821816601478 18.400000000000002
130.73665285110474  seconds  2.421355054487129 1.409821816601478 4.4
136.91589879989624  seconds  2.421355054487129 1.409821816601478 16.3
134.83480262756348  seconds  2.421355054487129 1.409821816601478 0.4
138.32838010787964  seconds  2.421355054487129 1.409821816601478 17.3
135.66840481758118  seconds  2.421355054487129 1.409821816601478 5.4
131.7925341129303  seconds  2.421355054487129 1.409821816601478 19.3
129.81261801719666  seconds  2.421355054487129 1.409821816601478 7.4
132.34132266044617  seconds  2.421355054487129 1.409821816601478 8.4
130.50508284568787  seconds  2.421355054487129 1.409821816601478 9.4
133.93549847602844  seconds  2.421355054487129 1.409821816601478 11.4
132.1549813747406  seconds  2.421355054487129 1.409821816601478 10.4
102.7534589767456  seconds  2.421355054487129 1.409821816601478 6.6000000000000005
129.53711104393005  seconds  2.421355054487129 1.409821816601478 14.4
130.07948970794678  seconds  2.421355054487129 1.409821816601478 13.4
129.66133069992065  seconds  2.421355054487129 1.409821816601478 1.5
131.481201171875  seconds  2.421355054487129 1.409821816601478 12.4
103.9065089225769  seconds  2.421355054487129 1.409821816601478 18.5
129.02756595611572  seconds  2.421355054487129 1.409821816601478 2.5
136.1468541622162  seconds  2.421355054487129 1.409821816601478 15.4
133.1778872013092  seconds  2.421355054487129 1.409821816601478 3.5
134.75514793395996  seconds  2.421355054487129 1.409821816601478 4.5
128.92200922966003  seconds  2.421355054487129 1.409821816601478 0.5
131.60492396354675  seconds  2.421355054487129 1.409821816601478 16.400000000000002
134.86547565460205  seconds  2.421355054487129 1.409821816601478 17.400000000000002
134.17208909988403  seconds  2.421355054487129 1.409821816601478 5.5
128.21221613883972  seconds  2.421355054487129 1.409821816601478 7.5
134.0407416820526  seconds  2.421355054487129 1.409821816601478 19.400000000000002
129.49802255630493  seconds  2.421355054487129 1.409821816601478 8.5
132.83587169647217  seconds  2.421355054487129 1.409821816601478 9.5
103.33940505981445  seconds  2.421355054487129 1.409821816601478 6.7
129.51490998268127  seconds  2.421355054487129 1.409821816601478 11.5
129.48683547973633  seconds  2.421355054487129 1.409821816601478 10.5
103.81289339065552  seconds  2.421355054487129 1.409821816601478 18.6
133.01300954818726  seconds  2.421355054487129 1.409821816601478 13.5
137.1788468360901  seconds  2.421355054487129 1.409821816601478 14.5
133.41257190704346  seconds  2.421355054487129 1.409821816601478 12.5
133.60726284980774  seconds  2.421355054487129 1.409821816601478 1.6
129.3515660762787  seconds  2.421355054487129 1.409821816601478 2.6
128.54862809181213  seconds  2.421355054487129 1.409821816601478 15.5
134.33578085899353  seconds  2.421355054487129 1.409821816601478 0.6000000000000001
136.57587337493896  seconds  2.421355054487129 1.409821816601478 16.5
147.41073369979858  seconds  2.421355054487129 1.409821816601478 3.6
146.91284036636353  seconds  2.421355054487129 1.409821816601478 4.6000000000000005
132.99599409103394  seconds  2.421355054487129 1.409821816601478 5.6000000000000005
137.99268555641174  seconds  2.421355054487129 1.409821816601478 17.5
104.12644171714783  seconds  2.421355054487129 1.409821816601478 6.800000000000001
138.02511167526245  seconds  2.421355054487129 1.409821816601478 7.6000000000000005
141.03824305534363  seconds  2.421355054487129 1.409821816601478 19.5
132.76473331451416  seconds  2.421355054487129 1.409821816601478 8.6
104.30399870872498  seconds  2.421355054487129 1.409821816601478 18.7
136.0467448234558  seconds  2.421355054487129 1.409821816601478 9.600000000000001
136.47864770889282  seconds  2.421355054487129 1.409821816601478 11.600000000000001
139.5325071811676  seconds  2.421355054487129 1.409821816601478 10.600000000000001
136.7509298324585  seconds  2.421355054487129 1.409821816601478 13.600000000000001
137.9118378162384  seconds  2.421355054487129 1.409821816601478 14.600000000000001
136.38218760490417  seconds  2.421355054487129 1.409821816601478 12.600000000000001
141.28870248794556  seconds  2.421355054487129 1.409821816601478 1.7000000000000002
142.2814962863922  seconds  2.421355054487129 1.409821816601478 2.7
136.5559492111206  seconds  2.421355054487129 1.409821816601478 15.600000000000001
103.25459837913513  seconds  2.421355054487129 1.409821816601478 6.9
131.53548455238342  seconds  2.421355054487129 1.409821816601478 0.7000000000000001
133.56986093521118  seconds  2.421355054487129 1.409821816601478 16.6
127.7384443283081  seconds  2.421355054487129 1.409821816601478 4.7
102.67485690116882  seconds  2.421355054487129 1.409821816601478 18.8
136.88981890678406  seconds  2.421355054487129 1.409821816601478 3.7
131.79576468467712  seconds  2.421355054487129 1.409821816601478 5.7
136.58482909202576  seconds  2.421355054487129 1.409821816601478 17.6
126.77683734893799  seconds  2.421355054487129 1.409821816601478 7.7
130.04092526435852  seconds  2.421355054487129 1.409821816601478 19.6
134.57017469406128  seconds  2.421355054487129 1.409821816601478 8.700000000000001
132.12142539024353  seconds  2.421355054487129 1.409821816601478 9.700000000000001
128.36938643455505  seconds  2.421355054487129 1.409821816601478 11.700000000000001
127.9549207687378  seconds  2.421355054487129 1.409821816601478 10.700000000000001
128.31330227851868  seconds  2.421355054487129 1.409821816601478 14.700000000000001
137.19152092933655  seconds  2.421355054487129 1.409821816601478 13.700000000000001
134.9253385066986  seconds  2.421355054487129 1.409821816601478 12.700000000000001
127.5825879573822  seconds  2.421355054487129 1.409821816601478 15.700000000000001
136.80085611343384  seconds  2.421355054487129 1.409821816601478 1.8
100.32647895812988  seconds  2.421355054487129 1.409821816601478 18.900000000000002
137.21155738830566  seconds  2.421355054487129 1.409821816601478 2.8000000000000003
128.9132640361786  seconds  2.421355054487129 1.409821816601478 0.8
126.51674914360046  seconds  2.421355054487129 1.409821816601478 4.800000000000001
130.77193069458008  seconds  2.421355054487129 1.409821816601478 16.7
130.68398213386536  seconds  2.421355054487129 1.409821816601478 5.800000000000001
129.77493166923523  seconds  2.421355054487129 1.409821816601478 17.7
135.87579822540283  seconds  2.421355054487129 1.409821816601478 3.8000000000000003
129.37260699272156  seconds  2.421355054487129 1.409821816601478 7.800000000000001
131.84241819381714  seconds  2.421355054487129 1.409821816601478 19.700000000000003
135.1316854953766  seconds  2.421355054487129 1.409821816601478 8.8
130.8190312385559  seconds  2.421355054487129 1.409821816601478 9.8
133.0424132347107  seconds  2.421355054487129 1.409821816601478 11.8
130.7997088432312  seconds  2.421355054487129 1.409821816601478 10.8
129.00812888145447  seconds  2.421355054487129 1.409821816601478 14.8
134.5538911819458  seconds  2.421355054487129 1.409821816601478 13.8
136.32298612594604  seconds  2.421355054487129 1.409821816601478 12.8
130.32872247695923  seconds  2.421355054487129 1.409821816601478 15.8
132.86004400253296  seconds  2.421355054487129 1.409821816601478 1.9000000000000001
129.60877919197083  seconds  2.421355054487129 1.409821816601478 2.9000000000000004
132.81737637519836  seconds  2.421355054487129 1.409821816601478 0.9
128.837078332901  seconds  2.421355054487129 1.409821816601478 4.9
131.8632984161377  seconds  2.421355054487129 1.409821816601478 16.8
130.27301788330078  seconds  2.421355054487129 1.409821816601478 5.9
127.1229612827301  seconds  2.421355054487129 1.409821816601478 17.8
131.59719038009644  seconds  2.421355054487129 1.409821816601478 3.9000000000000004
128.31324529647827  seconds  2.421355054487129 1.409821816601478 7.9
130.04371666908264  seconds  2.421355054487129 1.409821816601478 19.8
129.75094532966614  seconds  2.421355054487129 1.409821816601478 8.9
128.41365385055542  seconds  2.421355054487129 1.409821816601478 9.9
127.47961020469666  seconds  2.421355054487129 1.409821816601478 11.9
127.47852945327759  seconds  2.421355054487129 1.409821816601478 10.9
117.29876136779785  seconds  2.421355054487129 1.409821816601478 14.9
114.96685290336609  seconds  2.421355054487129 1.409821816601478 13.9
114.7458598613739  seconds  2.421355054487129 1.409821816601478 15.9
115.92152523994446  seconds  2.421355054487129 1.409821816601478 12.9
108.34430289268494  seconds  2.421355054487129 1.409821816601478 16.900000000000002
105.85325622558594  seconds  2.421355054487129 1.409821816601478 17.900000000000002
102.50262093544006  seconds  2.421355054487129 1.409821816601478 19.900000000000002
time for calc.... 1507.9214012622833
111210.00user 36681.28system 2:27:08elapsed 1675%CPU (0avgtext+0avgdata 21605288maxresident)k
18440472inputs+129568outputs (357062major+539336050minor)pagefaults 0swaps
