reading lattice from... ./Lattices/sqKgridX6000.npy
reading lattice from... ./Lattices/sqKgridY6000.npy
starting sampling in reciprocal space....
 finished sampling in reciprocal space.... 0.07700347900390625
started calculating filling for chemical potential and dispersion parameters TB_single_band..
reading lattice from... ./Lattices/KgridX1200.npy
reading lattice from... ./Lattices/KgridY1200.npy
reading lattice from... ./Lattices/KgridX1200.npy
reading lattice from... ./Lattices/KgridY1200.npy
sum of the hist, normed? 1.0
finished calculating filling for chemical potential
Filling: 0.5005457254054085 .... chemical potential: 27.426155987022412
reading lattice from... ./Lattices/KgridX1200.npy
reading lattice from... ./Lattices/KgridY1200.npy
sum of the hist, normed? 0.9999999999999923
The fermi energy in mev is: 3043.586452905812, and in units of J: 294.35072078392767, the bandwidth is:494.39071566731144
reading lattice from... ./Lattices/KgridX6000.npy
reading lattice from... ./Lattices/KgridY6000.npy
reading lattice from... ./Lattices/sqKgridX6000.npy
reading lattice from... ./Lattices/sqKgridY6000.npy
energy at the point.. 2.607302062202848 -0.0069534984789219045  is  3.923355237134274e-06
200 the points 10 chunk numtheads
starting with calculation of Sigma
112.79376482963562  seconds  2.607302062202848 -0.0069534984789219045 0.0
114.19355249404907  seconds  2.607302062202848 -0.0069534984789219045 1.0
116.85730504989624  seconds  2.607302062202848 -0.0069534984789219045 2.0
118.3359169960022  seconds  2.607302062202848 -0.0069534984789219045 3.0
119.06402540206909  seconds  2.607302062202848 -0.0069534984789219045 4.0
120.22069573402405  seconds  2.607302062202848 -0.0069534984789219045 5.0
130.44938921928406  seconds  2.607302062202848 -0.0069534984789219045 6.0
126.74791169166565  seconds  2.607302062202848 -0.0069534984789219045 7.0
129.97377490997314  seconds  2.607302062202848 -0.0069534984789219045 8.0
134.1758906841278  seconds  2.607302062202848 -0.0069534984789219045 9.0
133.00138926506042  seconds  2.607302062202848 -0.0069534984789219045 10.0
134.60666966438293  seconds  2.607302062202848 -0.0069534984789219045 11.0
144.77551412582397  seconds  2.607302062202848 -0.0069534984789219045 12.0
139.4173984527588  seconds  2.607302062202848 -0.0069534984789219045 0.1
151.7618863582611  seconds  2.607302062202848 -0.0069534984789219045 13.0
145.56461238861084  seconds  2.607302062202848 -0.0069534984789219045 1.1
148.5352816581726  seconds  2.607302062202848 -0.0069534984789219045 14.0
149.1769564151764  seconds  2.607302062202848 -0.0069534984789219045 15.0
148.07906985282898  seconds  2.607302062202848 -0.0069534984789219045 2.1
155.7961757183075  seconds  2.607302062202848 -0.0069534984789219045 16.0
155.92734169960022  seconds  2.607302062202848 -0.0069534984789219045 3.1
153.96526432037354  seconds  2.607302062202848 -0.0069534984789219045 17.0
153.88691401481628  seconds  2.607302062202848 -0.0069534984789219045 4.1000000000000005
154.2229700088501  seconds  2.607302062202848 -0.0069534984789219045 18.0
155.03180265426636  seconds  2.607302062202848 -0.0069534984789219045 5.1000000000000005
155.39290356636047  seconds  2.607302062202848 -0.0069534984789219045 19.0
150.5307216644287  seconds  2.607302062202848 -0.0069534984789219045 6.1000000000000005
155.93163228034973  seconds  2.607302062202848 -0.0069534984789219045 7.1000000000000005
152.83538675308228  seconds  2.607302062202848 -0.0069534984789219045 8.1
155.0875210762024  seconds  2.607302062202848 -0.0069534984789219045 9.1
148.23802042007446  seconds  2.607302062202848 -0.0069534984789219045 10.100000000000001
154.40412425994873  seconds  2.607302062202848 -0.0069534984789219045 11.100000000000001
157.51178359985352  seconds  2.607302062202848 -0.0069534984789219045 12.100000000000001
155.833176612854  seconds  2.607302062202848 -0.0069534984789219045 0.2
151.98869919776917  seconds  2.607302062202848 -0.0069534984789219045 13.100000000000001
147.27612471580505  seconds  2.607302062202848 -0.0069534984789219045 14.100000000000001
154.12542486190796  seconds  2.607302062202848 -0.0069534984789219045 1.2000000000000002
153.49728059768677  seconds  2.607302062202848 -0.0069534984789219045 15.100000000000001
154.17386746406555  seconds  2.607302062202848 -0.0069534984789219045 2.2
155.52045392990112  seconds  2.607302062202848 -0.0069534984789219045 16.1
154.1919972896576  seconds  2.607302062202848 -0.0069534984789219045 3.2
150.6799087524414  seconds  2.607302062202848 -0.0069534984789219045 4.2
152.21358966827393  seconds  2.607302062202848 -0.0069534984789219045 17.1
152.5478208065033  seconds  2.607302062202848 -0.0069534984789219045 18.1
149.94721627235413  seconds  2.607302062202848 -0.0069534984789219045 5.2
155.55225920677185  seconds  2.607302062202848 -0.0069534984789219045 19.1
154.01646375656128  seconds  2.607302062202848 -0.0069534984789219045 6.2
152.38279819488525  seconds  2.607302062202848 -0.0069534984789219045 7.2
151.53644728660583  seconds  2.607302062202848 -0.0069534984789219045 8.200000000000001
154.91340160369873  seconds  2.607302062202848 -0.0069534984789219045 9.200000000000001
157.600994348526  seconds  2.607302062202848 -0.0069534984789219045 10.200000000000001
153.6514332294464  seconds  2.607302062202848 -0.0069534984789219045 11.200000000000001
153.97490739822388  seconds  2.607302062202848 -0.0069534984789219045 12.200000000000001
156.26976895332336  seconds  2.607302062202848 -0.0069534984789219045 0.30000000000000004
150.49919033050537  seconds  2.607302062202848 -0.0069534984789219045 14.200000000000001
150.01616597175598  seconds  2.607302062202848 -0.0069534984789219045 1.3
157.766747713089  seconds  2.607302062202848 -0.0069534984789219045 13.200000000000001
151.45504331588745  seconds  2.607302062202848 -0.0069534984789219045 2.3000000000000003
153.87429976463318  seconds  2.607302062202848 -0.0069534984789219045 15.200000000000001
150.38468027114868  seconds  2.607302062202848 -0.0069534984789219045 17.2
156.12715888023376  seconds  2.607302062202848 -0.0069534984789219045 16.2
155.92140221595764  seconds  2.607302062202848 -0.0069534984789219045 3.3000000000000003
154.0431044101715  seconds  2.607302062202848 -0.0069534984789219045 4.3
150.31461644172668  seconds  2.607302062202848 -0.0069534984789219045 5.300000000000001
159.5928521156311  seconds  2.607302062202848 -0.0069534984789219045 18.2
150.7066569328308  seconds  2.607302062202848 -0.0069534984789219045 19.200000000000003
152.63541078567505  seconds  2.607302062202848 -0.0069534984789219045 6.300000000000001
152.70582127571106  seconds  2.607302062202848 -0.0069534984789219045 7.300000000000001
151.71971344947815  seconds  2.607302062202848 -0.0069534984789219045 8.3
153.33662390708923  seconds  2.607302062202848 -0.0069534984789219045 9.3
158.1931278705597  seconds  2.607302062202848 -0.0069534984789219045 10.3
154.06481409072876  seconds  2.607302062202848 -0.0069534984789219045 11.3
153.56382083892822  seconds  2.607302062202848 -0.0069534984789219045 12.3
152.69748759269714  seconds  2.607302062202848 -0.0069534984789219045 0.4
152.80739331245422  seconds  2.607302062202848 -0.0069534984789219045 14.3
152.77127599716187  seconds  2.607302062202848 -0.0069534984789219045 1.4000000000000001
159.08944177627563  seconds  2.607302062202848 -0.0069534984789219045 13.3
149.02819895744324  seconds  2.607302062202848 -0.0069534984789219045 2.4000000000000004
148.49021792411804  seconds  2.607302062202848 -0.0069534984789219045 15.3
148.01719760894775  seconds  2.607302062202848 -0.0069534984789219045 17.3
151.72663688659668  seconds  2.607302062202848 -0.0069534984789219045 16.3
151.36987233161926  seconds  2.607302062202848 -0.0069534984789219045 4.4
152.57967281341553  seconds  2.607302062202848 -0.0069534984789219045 3.4000000000000004
150.44258499145508  seconds  2.607302062202848 -0.0069534984789219045 5.4
152.07472372055054  seconds  2.607302062202848 -0.0069534984789219045 18.3
148.5873258113861  seconds  2.607302062202848 -0.0069534984789219045 19.3
147.8605091571808  seconds  2.607302062202848 -0.0069534984789219045 6.4
150.33835196495056  seconds  2.607302062202848 -0.0069534984789219045 7.4
152.2979016304016  seconds  2.607302062202848 -0.0069534984789219045 8.4
151.74960017204285  seconds  2.607302062202848 -0.0069534984789219045 9.4
156.16924118995667  seconds  2.607302062202848 -0.0069534984789219045 10.4
152.24899578094482  seconds  2.607302062202848 -0.0069534984789219045 11.4
153.00790691375732  seconds  2.607302062202848 -0.0069534984789219045 12.4
152.77828860282898  seconds  2.607302062202848 -0.0069534984789219045 0.5
150.01118063926697  seconds  2.607302062202848 -0.0069534984789219045 14.4
146.20675492286682  seconds  2.607302062202848 -0.0069534984789219045 13.4
155.28668069839478  seconds  2.607302062202848 -0.0069534984789219045 1.5
150.63696026802063  seconds  2.607302062202848 -0.0069534984789219045 15.4
153.95333766937256  seconds  2.607302062202848 -0.0069534984789219045 2.5
147.2376253604889  seconds  2.607302062202848 -0.0069534984789219045 3.5
154.96144247055054  seconds  2.607302062202848 -0.0069534984789219045 17.400000000000002
151.24134922027588  seconds  2.607302062202848 -0.0069534984789219045 4.5
148.29114317893982  seconds  2.607302062202848 -0.0069534984789219045 5.5
155.12951850891113  seconds  2.607302062202848 -0.0069534984789219045 16.400000000000002
154.07840871810913  seconds  2.607302062202848 -0.0069534984789219045 18.400000000000002
153.87948298454285  seconds  2.607302062202848 -0.0069534984789219045 19.400000000000002
148.88515734672546  seconds  2.607302062202848 -0.0069534984789219045 6.5
151.9755880832672  seconds  2.607302062202848 -0.0069534984789219045 7.5
151.78377556800842  seconds  2.607302062202848 -0.0069534984789219045 8.5
150.09113788604736  seconds  2.607302062202848 -0.0069534984789219045 9.5
149.01957035064697  seconds  2.607302062202848 -0.0069534984789219045 10.5
151.70817637443542  seconds  2.607302062202848 -0.0069534984789219045 11.5
146.11455583572388  seconds  2.607302062202848 -0.0069534984789219045 12.5
153.88100719451904  seconds  2.607302062202848 -0.0069534984789219045 14.5
155.28812766075134  seconds  2.607302062202848 -0.0069534984789219045 0.6000000000000001
155.46452641487122  seconds  2.607302062202848 -0.0069534984789219045 13.5
155.41429138183594  seconds  2.607302062202848 -0.0069534984789219045 1.6
147.48089003562927  seconds  2.607302062202848 -0.0069534984789219045 2.6
151.22020721435547  seconds  2.607302062202848 -0.0069534984789219045 15.5
153.07539176940918  seconds  2.607302062202848 -0.0069534984789219045 3.6
152.6966209411621  seconds  2.607302062202848 -0.0069534984789219045 17.5
154.05237436294556  seconds  2.607302062202848 -0.0069534984789219045 16.5
155.86365938186646  seconds  2.607302062202848 -0.0069534984789219045 5.6000000000000005
158.25076270103455  seconds  2.607302062202848 -0.0069534984789219045 4.6000000000000005
152.73829340934753  seconds  2.607302062202848 -0.0069534984789219045 6.6000000000000005
155.86208128929138  seconds  2.607302062202848 -0.0069534984789219045 18.5
155.94334983825684  seconds  2.607302062202848 -0.0069534984789219045 19.5
153.22366452217102  seconds  2.607302062202848 -0.0069534984789219045 7.6000000000000005
153.6338348388672  seconds  2.607302062202848 -0.0069534984789219045 8.6
151.75775361061096  seconds  2.607302062202848 -0.0069534984789219045 9.600000000000001
151.61048030853271  seconds  2.607302062202848 -0.0069534984789219045 10.600000000000001
157.39369106292725  seconds  2.607302062202848 -0.0069534984789219045 11.600000000000001
147.57286739349365  seconds  2.607302062202848 -0.0069534984789219045 12.600000000000001
145.71716976165771  seconds  2.607302062202848 -0.0069534984789219045 14.600000000000001
149.9892542362213  seconds  2.607302062202848 -0.0069534984789219045 0.7000000000000001
149.67008924484253  seconds  2.607302062202848 -0.0069534984789219045 13.600000000000001
151.41303539276123  seconds  2.607302062202848 -0.0069534984789219045 1.7000000000000002
152.1522340774536  seconds  2.607302062202848 -0.0069534984789219045 15.600000000000001
154.5946924686432  seconds  2.607302062202848 -0.0069534984789219045 2.7
149.88439297676086  seconds  2.607302062202848 -0.0069534984789219045 17.6
151.9906768798828  seconds  2.607302062202848 -0.0069534984789219045 3.7
149.76912140846252  seconds  2.607302062202848 -0.0069534984789219045 16.6
150.02869415283203  seconds  2.607302062202848 -0.0069534984789219045 5.7
155.02114939689636  seconds  2.607302062202848 -0.0069534984789219045 4.7
151.61615324020386  seconds  2.607302062202848 -0.0069534984789219045 19.6
153.43441128730774  seconds  2.607302062202848 -0.0069534984789219045 6.7
155.3438766002655  seconds  2.607302062202848 -0.0069534984789219045 18.6
155.47104835510254  seconds  2.607302062202848 -0.0069534984789219045 7.7
152.1978874206543  seconds  2.607302062202848 -0.0069534984789219045 8.700000000000001
153.30558848381042  seconds  2.607302062202848 -0.0069534984789219045 9.700000000000001
162.74068689346313  seconds  2.607302062202848 -0.0069534984789219045 10.700000000000001
153.74261260032654  seconds  2.607302062202848 -0.0069534984789219045 11.700000000000001
153.79167795181274  seconds  2.607302062202848 -0.0069534984789219045 12.700000000000001
152.0960636138916  seconds  2.607302062202848 -0.0069534984789219045 14.700000000000001
157.88774633407593  seconds  2.607302062202848 -0.0069534984789219045 0.8
149.42033767700195  seconds  2.607302062202848 -0.0069534984789219045 13.700000000000001
153.68637466430664  seconds  2.607302062202848 -0.0069534984789219045 1.8
151.49387407302856  seconds  2.607302062202848 -0.0069534984789219045 2.8000000000000003
155.15494108200073  seconds  2.607302062202848 -0.0069534984789219045 15.700000000000001
148.47359895706177  seconds  2.607302062202848 -0.0069534984789219045 17.7
152.49128198623657  seconds  2.607302062202848 -0.0069534984789219045 3.8000000000000003
149.65152621269226  seconds  2.607302062202848 -0.0069534984789219045 5.800000000000001
152.57720017433167  seconds  2.607302062202848 -0.0069534984789219045 16.7
151.9592728614807  seconds  2.607302062202848 -0.0069534984789219045 4.800000000000001
151.8361532688141  seconds  2.607302062202848 -0.0069534984789219045 19.700000000000003
155.8203375339508  seconds  2.607302062202848 -0.0069534984789219045 6.800000000000001
154.05619263648987  seconds  2.607302062202848 -0.0069534984789219045 18.7
153.41422128677368  seconds  2.607302062202848 -0.0069534984789219045 7.800000000000001
154.29868817329407  seconds  2.607302062202848 -0.0069534984789219045 8.8
150.32798290252686  seconds  2.607302062202848 -0.0069534984789219045 9.8
154.74265384674072  seconds  2.607302062202848 -0.0069534984789219045 10.8
152.5302963256836  seconds  2.607302062202848 -0.0069534984789219045 11.8
151.16412210464478  seconds  2.607302062202848 -0.0069534984789219045 12.8
154.22193813323975  seconds  2.607302062202848 -0.0069534984789219045 14.8
151.42806696891785  seconds  2.607302062202848 -0.0069534984789219045 0.9
153.29124855995178  seconds  2.607302062202848 -0.0069534984789219045 13.8
146.45093083381653  seconds  2.607302062202848 -0.0069534984789219045 1.9000000000000001
148.27420258522034  seconds  2.607302062202848 -0.0069534984789219045 2.9000000000000004
149.5655210018158  seconds  2.607302062202848 -0.0069534984789219045 15.8
146.13729405403137  seconds  2.607302062202848 -0.0069534984789219045 17.8
147.88294768333435  seconds  2.607302062202848 -0.0069534984789219045 3.9000000000000004
145.264892578125  seconds  2.607302062202848 -0.0069534984789219045 5.9
146.14509892463684  seconds  2.607302062202848 -0.0069534984789219045 16.8
144.71586799621582  seconds  2.607302062202848 -0.0069534984789219045 4.9
140.8762767314911  seconds  2.607302062202848 -0.0069534984789219045 19.8
140.96470069885254  seconds  2.607302062202848 -0.0069534984789219045 18.8
147.0515320301056  seconds  2.607302062202848 -0.0069534984789219045 6.9
144.6845920085907  seconds  2.607302062202848 -0.0069534984789219045 7.9
144.48728322982788  seconds  2.607302062202848 -0.0069534984789219045 8.9
137.67478609085083  seconds  2.607302062202848 -0.0069534984789219045 9.9
130.0790572166443  seconds  2.607302062202848 -0.0069534984789219045 10.9
131.7215051651001  seconds  2.607302062202848 -0.0069534984789219045 11.9
127.18439865112305  seconds  2.607302062202848 -0.0069534984789219045 12.9
123.71888637542725  seconds  2.607302062202848 -0.0069534984789219045 14.9
119.60881209373474  seconds  2.607302062202848 -0.0069534984789219045 13.9
119.39806365966797  seconds  2.607302062202848 -0.0069534984789219045 15.9
115.63356900215149  seconds  2.607302062202848 -0.0069534984789219045 17.900000000000002
112.66080522537231  seconds  2.607302062202848 -0.0069534984789219045 16.900000000000002
110.72356081008911  seconds  2.607302062202848 -0.0069534984789219045 19.900000000000002
109.69411039352417  seconds  2.607302062202848 -0.0069534984789219045 18.900000000000002
time for calc.... 1657.6416382789612
energy at the point.. 2.6065504737387184 0.2694480660582359  is  2.9915582295814147e-06
200 the points 10 chunk numtheads
starting with calculation of Sigma
107.17638802528381  seconds  2.6065504737387184 0.2694480660582359 0.0
105.0605251789093  seconds  2.6065504737387184 0.2694480660582359 1.0
106.29559588432312  seconds  2.6065504737387184 0.2694480660582359 2.0
108.18185830116272  seconds  2.6065504737387184 0.2694480660582359 3.0
108.40926313400269  seconds  2.6065504737387184 0.2694480660582359 4.0
107.18250298500061  seconds  2.6065504737387184 0.2694480660582359 5.0
115.4954149723053  seconds  2.6065504737387184 0.2694480660582359 6.0
111.01824975013733  seconds  2.6065504737387184 0.2694480660582359 7.0
112.2758960723877  seconds  2.6065504737387184 0.2694480660582359 8.0
114.51312112808228  seconds  2.6065504737387184 0.2694480660582359 9.0
124.02763199806213  seconds  2.6065504737387184 0.2694480660582359 10.0
118.8194899559021  seconds  2.6065504737387184 0.2694480660582359 11.0
115.5103657245636  seconds  2.6065504737387184 0.2694480660582359 12.0
115.54546189308167  seconds  2.6065504737387184 0.2694480660582359 0.1
119.37006044387817  seconds  2.6065504737387184 0.2694480660582359 13.0
117.66219091415405  seconds  2.6065504737387184 0.2694480660582359 1.1
117.67983388900757  seconds  2.6065504737387184 0.2694480660582359 2.1
129.4035472869873  seconds  2.6065504737387184 0.2694480660582359 14.0
122.3206799030304  seconds  2.6065504737387184 0.2694480660582359 15.0
119.66140532493591  seconds  2.6065504737387184 0.2694480660582359 3.1
122.00908875465393  seconds  2.6065504737387184 0.2694480660582359 16.0
119.47020816802979  seconds  2.6065504737387184 0.2694480660582359 17.0
120.15295553207397  seconds  2.6065504737387184 0.2694480660582359 4.1000000000000005
117.13751888275146  seconds  2.6065504737387184 0.2694480660582359 5.1000000000000005
119.10741114616394  seconds  2.6065504737387184 0.2694480660582359 18.0
118.95069003105164  seconds  2.6065504737387184 0.2694480660582359 19.0
120.12941026687622  seconds  2.6065504737387184 0.2694480660582359 6.1000000000000005
119.27901792526245  seconds  2.6065504737387184 0.2694480660582359 7.1000000000000005
120.8841118812561  seconds  2.6065504737387184 0.2694480660582359 8.1
118.40403866767883  seconds  2.6065504737387184 0.2694480660582359 9.1
118.2619526386261  seconds  2.6065504737387184 0.2694480660582359 10.100000000000001
118.1071252822876  seconds  2.6065504737387184 0.2694480660582359 11.100000000000001
119.28833985328674  seconds  2.6065504737387184 0.2694480660582359 12.100000000000001
119.04817056655884  seconds  2.6065504737387184 0.2694480660582359 0.2
118.34237480163574  seconds  2.6065504737387184 0.2694480660582359 13.100000000000001
116.42887353897095  seconds  2.6065504737387184 0.2694480660582359 1.2000000000000002
117.86160159111023  seconds  2.6065504737387184 0.2694480660582359 2.2
118.16713571548462  seconds  2.6065504737387184 0.2694480660582359 15.100000000000001
124.33728384971619  seconds  2.6065504737387184 0.2694480660582359 14.100000000000001
116.26288294792175  seconds  2.6065504737387184 0.2694480660582359 16.1
122.54208397865295  seconds  2.6065504737387184 0.2694480660582359 3.2
118.40113544464111  seconds  2.6065504737387184 0.2694480660582359 17.1
118.39925718307495  seconds  2.6065504737387184 0.2694480660582359 4.2
120.21679091453552  seconds  2.6065504737387184 0.2694480660582359 5.2
117.75782895088196  seconds  2.6065504737387184 0.2694480660582359 18.1
119.3392972946167  seconds  2.6065504737387184 0.2694480660582359 19.1
121.29319906234741  seconds  2.6065504737387184 0.2694480660582359 6.2
119.31989908218384  seconds  2.6065504737387184 0.2694480660582359 7.2
123.78913307189941  seconds  2.6065504737387184 0.2694480660582359 8.200000000000001
117.53441095352173  seconds  2.6065504737387184 0.2694480660582359 9.200000000000001
119.66103291511536  seconds  2.6065504737387184 0.2694480660582359 10.200000000000001
119.1896538734436  seconds  2.6065504737387184 0.2694480660582359 11.200000000000001
117.50689935684204  seconds  2.6065504737387184 0.2694480660582359 12.200000000000001
120.44623136520386  seconds  2.6065504737387184 0.2694480660582359 0.30000000000000004
118.20061254501343  seconds  2.6065504737387184 0.2694480660582359 13.200000000000001
121.10933041572571  seconds  2.6065504737387184 0.2694480660582359 1.3
119.39205598831177  seconds  2.6065504737387184 0.2694480660582359 2.3000000000000003
121.04514908790588  seconds  2.6065504737387184 0.2694480660582359 15.200000000000001
120.72779822349548  seconds  2.6065504737387184 0.2694480660582359 14.200000000000001
119.8902895450592  seconds  2.6065504737387184 0.2694480660582359 16.2
119.3460214138031  seconds  2.6065504737387184 0.2694480660582359 3.3000000000000003
116.72225093841553  seconds  2.6065504737387184 0.2694480660582359 4.3
121.53758716583252  seconds  2.6065504737387184 0.2694480660582359 17.2
118.37636399269104  seconds  2.6065504737387184 0.2694480660582359 5.300000000000001
116.68488025665283  seconds  2.6065504737387184 0.2694480660582359 18.2
116.65197086334229  seconds  2.6065504737387184 0.2694480660582359 19.200000000000003
114.65628147125244  seconds  2.6065504737387184 0.2694480660582359 7.300000000000001
118.11817741394043  seconds  2.6065504737387184 0.2694480660582359 6.300000000000001
117.68550992012024  seconds  2.6065504737387184 0.2694480660582359 8.3
118.20914483070374  seconds  2.6065504737387184 0.2694480660582359 9.3
117.41706943511963  seconds  2.6065504737387184 0.2694480660582359 11.3
124.97988748550415  seconds  2.6065504737387184 0.2694480660582359 10.3
119.42623853683472  seconds  2.6065504737387184 0.2694480660582359 12.3
119.1870059967041  seconds  2.6065504737387184 0.2694480660582359 0.4
119.5372474193573  seconds  2.6065504737387184 0.2694480660582359 13.3
118.19004201889038  seconds  2.6065504737387184 0.2694480660582359 1.4000000000000001
119.17518520355225  seconds  2.6065504737387184 0.2694480660582359 2.4000000000000004
117.35597324371338  seconds  2.6065504737387184 0.2694480660582359 15.3
121.13647556304932  seconds  2.6065504737387184 0.2694480660582359 14.3
120.28477334976196  seconds  2.6065504737387184 0.2694480660582359 16.3
121.34304642677307  seconds  2.6065504737387184 0.2694480660582359 3.4000000000000004
121.30782580375671  seconds  2.6065504737387184 0.2694480660582359 4.4
120.23021221160889  seconds  2.6065504737387184 0.2694480660582359 17.3
118.19447112083435  seconds  2.6065504737387184 0.2694480660582359 18.3
119.70470094680786  seconds  2.6065504737387184 0.2694480660582359 5.4
117.765878200531  seconds  2.6065504737387184 0.2694480660582359 19.3
115.47965455055237  seconds  2.6065504737387184 0.2694480660582359 7.4
117.5480546951294  seconds  2.6065504737387184 0.2694480660582359 6.4
119.7833001613617  seconds  2.6065504737387184 0.2694480660582359 8.4
119.5860652923584  seconds  2.6065504737387184 0.2694480660582359 9.4
122.07504892349243  seconds  2.6065504737387184 0.2694480660582359 11.4
118.4522352218628  seconds  2.6065504737387184 0.2694480660582359 10.4
117.58803272247314  seconds  2.6065504737387184 0.2694480660582359 12.4
118.11069583892822  seconds  2.6065504737387184 0.2694480660582359 13.4
127.34897875785828  seconds  2.6065504737387184 0.2694480660582359 0.5
124.89999532699585  seconds  2.6065504737387184 0.2694480660582359 1.5
122.26463437080383  seconds  2.6065504737387184 0.2694480660582359 2.5
118.39446187019348  seconds  2.6065504737387184 0.2694480660582359 15.4
116.42980003356934  seconds  2.6065504737387184 0.2694480660582359 14.4
117.09245538711548  seconds  2.6065504737387184 0.2694480660582359 16.400000000000002
116.21717262268066  seconds  2.6065504737387184 0.2694480660582359 3.5
119.72156405448914  seconds  2.6065504737387184 0.2694480660582359 4.5
117.49107027053833  seconds  2.6065504737387184 0.2694480660582359 18.400000000000002
119.62351870536804  seconds  2.6065504737387184 0.2694480660582359 17.400000000000002
116.83580613136292  seconds  2.6065504737387184 0.2694480660582359 5.5
117.27011156082153  seconds  2.6065504737387184 0.2694480660582359 19.400000000000002
117.17780303955078  seconds  2.6065504737387184 0.2694480660582359 7.5
116.90561747550964  seconds  2.6065504737387184 0.2694480660582359 6.5
119.42669773101807  seconds  2.6065504737387184 0.2694480660582359 8.5
118.13895106315613  seconds  2.6065504737387184 0.2694480660582359 9.5
116.2416443824768  seconds  2.6065504737387184 0.2694480660582359 12.5
119.91467690467834  seconds  2.6065504737387184 0.2694480660582359 11.5
118.2112135887146  seconds  2.6065504737387184 0.2694480660582359 10.5
118.21063756942749  seconds  2.6065504737387184 0.2694480660582359 13.5
120.86605453491211  seconds  2.6065504737387184 0.2694480660582359 0.6000000000000001
119.0000422000885  seconds  2.6065504737387184 0.2694480660582359 1.6
118.83939266204834  seconds  2.6065504737387184 0.2694480660582359 15.5
121.16050934791565  seconds  2.6065504737387184 0.2694480660582359 2.6
120.02095293998718  seconds  2.6065504737387184 0.2694480660582359 16.5
124.29271268844604  seconds  2.6065504737387184 0.2694480660582359 14.5
121.48573565483093  seconds  2.6065504737387184 0.2694480660582359 3.6
118.73503994941711  seconds  2.6065504737387184 0.2694480660582359 18.5
120.93574333190918  seconds  2.6065504737387184 0.2694480660582359 4.6000000000000005
121.72521090507507  seconds  2.6065504737387184 0.2694480660582359 5.6000000000000005
119.33380913734436  seconds  2.6065504737387184 0.2694480660582359 19.5
128.56923127174377  seconds  2.6065504737387184 0.2694480660582359 17.5
116.89255571365356  seconds  2.6065504737387184 0.2694480660582359 7.6000000000000005
118.55681872367859  seconds  2.6065504737387184 0.2694480660582359 6.6000000000000005
118.62134766578674  seconds  2.6065504737387184 0.2694480660582359 8.6
124.57280349731445  seconds  2.6065504737387184 0.2694480660582359 9.600000000000001
116.74785828590393  seconds  2.6065504737387184 0.2694480660582359 12.600000000000001
116.7554817199707  seconds  2.6065504737387184 0.2694480660582359 10.600000000000001
117.32939124107361  seconds  2.6065504737387184 0.2694480660582359 11.600000000000001
119.26267194747925  seconds  2.6065504737387184 0.2694480660582359 13.600000000000001
118.99155592918396  seconds  2.6065504737387184 0.2694480660582359 1.7000000000000002
120.25498557090759  seconds  2.6065504737387184 0.2694480660582359 0.7000000000000001
121.0500967502594  seconds  2.6065504737387184 0.2694480660582359 15.600000000000001
123.72587370872498  seconds  2.6065504737387184 0.2694480660582359 2.7
117.7394642829895  seconds  2.6065504737387184 0.2694480660582359 14.600000000000001
119.39984679222107  seconds  2.6065504737387184 0.2694480660582359 3.7
125.35351991653442  seconds  2.6065504737387184 0.2694480660582359 16.6
119.72246599197388  seconds  2.6065504737387184 0.2694480660582359 18.6
119.88671541213989  seconds  2.6065504737387184 0.2694480660582359 4.7
118.62449216842651  seconds  2.6065504737387184 0.2694480660582359 5.7
115.55553078651428  seconds  2.6065504737387184 0.2694480660582359 7.7
121.453200340271  seconds  2.6065504737387184 0.2694480660582359 19.6
124.36279320716858  seconds  2.6065504737387184 0.2694480660582359 17.6
121.14162015914917  seconds  2.6065504737387184 0.2694480660582359 6.7
122.24584031105042  seconds  2.6065504737387184 0.2694480660582359 8.700000000000001
126.85864877700806  seconds  2.6065504737387184 0.2694480660582359 9.700000000000001
119.88222455978394  seconds  2.6065504737387184 0.2694480660582359 12.700000000000001
120.42859268188477  seconds  2.6065504737387184 0.2694480660582359 10.700000000000001
122.95083236694336  seconds  2.6065504737387184 0.2694480660582359 11.700000000000001
118.7148003578186  seconds  2.6065504737387184 0.2694480660582359 13.700000000000001
120.15309381484985  seconds  2.6065504737387184 0.2694480660582359 0.8
122.32123279571533  seconds  2.6065504737387184 0.2694480660582359 1.8
122.13679909706116  seconds  2.6065504737387184 0.2694480660582359 15.700000000000001
120.96911358833313  seconds  2.6065504737387184 0.2694480660582359 2.8000000000000003
119.43118739128113  seconds  2.6065504737387184 0.2694480660582359 14.700000000000001
115.856698513031  seconds  2.6065504737387184 0.2694480660582359 4.800000000000001
121.55453324317932  seconds  2.6065504737387184 0.2694480660582359 3.8000000000000003
121.56298828125  seconds  2.6065504737387184 0.2694480660582359 16.7
115.47860336303711  seconds  2.6065504737387184 0.2694480660582359 5.800000000000001
123.23611807823181  seconds  2.6065504737387184 0.2694480660582359 18.7
118.12302327156067  seconds  2.6065504737387184 0.2694480660582359 7.800000000000001
118.68387651443481  seconds  2.6065504737387184 0.2694480660582359 19.700000000000003
120.96974754333496  seconds  2.6065504737387184 0.2694480660582359 17.7
118.76690244674683  seconds  2.6065504737387184 0.2694480660582359 6.800000000000001
118.56559777259827  seconds  2.6065504737387184 0.2694480660582359 8.8
120.45753693580627  seconds  2.6065504737387184 0.2694480660582359 9.8
114.19999551773071  seconds  2.6065504737387184 0.2694480660582359 10.8
119.54882264137268  seconds  2.6065504737387184 0.2694480660582359 12.8
114.90607070922852  seconds  2.6065504737387184 0.2694480660582359 11.8
121.23364591598511  seconds  2.6065504737387184 0.2694480660582359 13.8
120.42383408546448  seconds  2.6065504737387184 0.2694480660582359 0.9
124.06415939331055  seconds  2.6065504737387184 0.2694480660582359 1.9000000000000001
113.09568977355957  seconds  2.6065504737387184 0.2694480660582359 14.8
118.80974817276001  seconds  2.6065504737387184 0.2694480660582359 15.8
114.96145606040955  seconds  2.6065504737387184 0.2694480660582359 5.9
124.77627754211426  seconds  2.6065504737387184 0.2694480660582359 2.9000000000000004
118.32328987121582  seconds  2.6065504737387184 0.2694480660582359 16.8
119.80383038520813  seconds  2.6065504737387184 0.2694480660582359 3.9000000000000004
122.42698860168457  seconds  2.6065504737387184 0.2694480660582359 4.9
116.25444722175598  seconds  2.6065504737387184 0.2694480660582359 7.9
120.6004524230957  seconds  2.6065504737387184 0.2694480660582359 18.8
122.63169717788696  seconds  2.6065504737387184 0.2694480660582359 19.8
117.42704963684082  seconds  2.6065504737387184 0.2694480660582359 17.8
117.6744544506073  seconds  2.6065504737387184 0.2694480660582359 6.9
115.37808299064636  seconds  2.6065504737387184 0.2694480660582359 8.9
106.76465201377869  seconds  2.6065504737387184 0.2694480660582359 10.9
106.93152213096619  seconds  2.6065504737387184 0.2694480660582359 11.9
119.94422221183777  seconds  2.6065504737387184 0.2694480660582359 9.9
114.5107810497284  seconds  2.6065504737387184 0.2694480660582359 12.9
113.59362530708313  seconds  2.6065504737387184 0.2694480660582359 13.9
99.14786314964294  seconds  2.6065504737387184 0.2694480660582359 14.9
110.3138837814331  seconds  2.6065504737387184 0.2694480660582359 15.9
110.03276920318604  seconds  2.6065504737387184 0.2694480660582359 16.900000000000002
109.77746653556824  seconds  2.6065504737387184 0.2694480660582359 18.900000000000002
108.32385969161987  seconds  2.6065504737387184 0.2694480660582359 19.900000000000002
108.26494932174683  seconds  2.6065504737387184 0.2694480660582359 17.900000000000002
time for calc.... 1353.5696070194244
energy at the point.. 2.602114031264387 0.5441112559756629  is  7.517785363120311e-06
200 the points 10 chunk numtheads
starting with calculation of Sigma
105.43949294090271  seconds  2.602114031264387 0.5441112559756629 0.0
108.35874915122986  seconds  2.602114031264387 0.5441112559756629 1.0
108.6103343963623  seconds  2.602114031264387 0.5441112559756629 2.0
107.24145984649658  seconds  2.602114031264387 0.5441112559756629 3.0
106.8583550453186  seconds  2.602114031264387 0.5441112559756629 4.0
113.34083294868469  seconds  2.602114031264387 0.5441112559756629 5.0
118.78721284866333  seconds  2.602114031264387 0.5441112559756629 6.0
119.80369710922241  seconds  2.602114031264387 0.5441112559756629 7.0
119.0108289718628  seconds  2.602114031264387 0.5441112559756629 8.0
121.73843383789062  seconds  2.602114031264387 0.5441112559756629 9.0
113.93805193901062  seconds  2.602114031264387 0.5441112559756629 11.0
125.79374384880066  seconds  2.602114031264387 0.5441112559756629 10.0
113.73845744132996  seconds  2.602114031264387 0.5441112559756629 12.0
112.85215616226196  seconds  2.602114031264387 0.5441112559756629 0.1
119.68663215637207  seconds  2.602114031264387 0.5441112559756629 13.0
116.9242570400238  seconds  2.602114031264387 0.5441112559756629 14.0
113.84405422210693  seconds  2.602114031264387 0.5441112559756629 1.1
115.35946273803711  seconds  2.602114031264387 0.5441112559756629 15.0
123.43447923660278  seconds  2.602114031264387 0.5441112559756629 2.1
119.64246821403503  seconds  2.602114031264387 0.5441112559756629 16.0
115.81076288223267  seconds  2.602114031264387 0.5441112559756629 4.1000000000000005
118.18092942237854  seconds  2.602114031264387 0.5441112559756629 17.0
127.87655448913574  seconds  2.602114031264387 0.5441112559756629 3.1
116.60705256462097  seconds  2.602114031264387 0.5441112559756629 18.0
121.21896553039551  seconds  2.602114031264387 0.5441112559756629 5.1000000000000005
119.32203221321106  seconds  2.602114031264387 0.5441112559756629 6.1000000000000005
129.68845891952515  seconds  2.602114031264387 0.5441112559756629 19.0
123.57636857032776  seconds  2.602114031264387 0.5441112559756629 7.1000000000000005
125.43380880355835  seconds  2.602114031264387 0.5441112559756629 8.1
125.84737849235535  seconds  2.602114031264387 0.5441112559756629 9.1
118.39889812469482  seconds  2.602114031264387 0.5441112559756629 11.100000000000001
115.39187169075012  seconds  2.602114031264387 0.5441112559756629 12.100000000000001
120.7808952331543  seconds  2.602114031264387 0.5441112559756629 10.100000000000001
116.28645348548889  seconds  2.602114031264387 0.5441112559756629 0.2
123.37356519699097  seconds  2.602114031264387 0.5441112559756629 13.100000000000001
119.30847239494324  seconds  2.602114031264387 0.5441112559756629 1.2000000000000002
121.67010378837585  seconds  2.602114031264387 0.5441112559756629 14.100000000000001
116.65801453590393  seconds  2.602114031264387 0.5441112559756629 15.100000000000001
115.20024037361145  seconds  2.602114031264387 0.5441112559756629 16.1
125.26946473121643  seconds  2.602114031264387 0.5441112559756629 2.2
118.14124011993408  seconds  2.602114031264387 0.5441112559756629 4.2
118.9413001537323  seconds  2.602114031264387 0.5441112559756629 17.1
123.9004852771759  seconds  2.602114031264387 0.5441112559756629 3.2
118.68662452697754  seconds  2.602114031264387 0.5441112559756629 18.1
125.6231598854065  seconds  2.602114031264387 0.5441112559756629 5.2
118.07933974266052  seconds  2.602114031264387 0.5441112559756629 19.1
123.6443874835968  seconds  2.602114031264387 0.5441112559756629 6.2
125.28818321228027  seconds  2.602114031264387 0.5441112559756629 7.2
120.18839192390442  seconds  2.602114031264387 0.5441112559756629 8.200000000000001
121.29333186149597  seconds  2.602114031264387 0.5441112559756629 9.200000000000001
115.63190793991089  seconds  2.602114031264387 0.5441112559756629 12.200000000000001
123.44489932060242  seconds  2.602114031264387 0.5441112559756629 11.200000000000001
117.48213267326355  seconds  2.602114031264387 0.5441112559756629 0.30000000000000004
124.88005876541138  seconds  2.602114031264387 0.5441112559756629 10.200000000000001
115.97666311264038  seconds  2.602114031264387 0.5441112559756629 14.200000000000001
120.50650215148926  seconds  2.602114031264387 0.5441112559756629 1.3
116.60780882835388  seconds  2.602114031264387 0.5441112559756629 15.200000000000001
125.98886227607727  seconds  2.602114031264387 0.5441112559756629 13.200000000000001
115.61584115028381  seconds  2.602114031264387 0.5441112559756629 16.2
114.81728529930115  seconds  2.602114031264387 0.5441112559756629 4.3
115.06945705413818  seconds  2.602114031264387 0.5441112559756629 17.2
124.43127298355103  seconds  2.602114031264387 0.5441112559756629 2.3000000000000003
116.33647155761719  seconds  2.602114031264387 0.5441112559756629 18.2
122.01520800590515  seconds  2.602114031264387 0.5441112559756629 3.3000000000000003
126.78221130371094  seconds  2.602114031264387 0.5441112559756629 5.300000000000001
122.26712131500244  seconds  2.602114031264387 0.5441112559756629 19.200000000000003
123.0315511226654  seconds  2.602114031264387 0.5441112559756629 6.300000000000001
125.44905519485474  seconds  2.602114031264387 0.5441112559756629 7.300000000000001
125.15751671791077  seconds  2.602114031264387 0.5441112559756629 8.3
115.52450132369995  seconds  2.602114031264387 0.5441112559756629 12.3
123.6080014705658  seconds  2.602114031264387 0.5441112559756629 9.3
119.87692594528198  seconds  2.602114031264387 0.5441112559756629 11.3
116.54295110702515  seconds  2.602114031264387 0.5441112559756629 0.4
124.7934775352478  seconds  2.602114031264387 0.5441112559756629 10.3
117.72435879707336  seconds  2.602114031264387 0.5441112559756629 14.3
117.27590775489807  seconds  2.602114031264387 0.5441112559756629 1.4000000000000001
117.25698256492615  seconds  2.602114031264387 0.5441112559756629 15.3
116.32623815536499  seconds  2.602114031264387 0.5441112559756629 16.3
123.72686195373535  seconds  2.602114031264387 0.5441112559756629 13.3
115.94058084487915  seconds  2.602114031264387 0.5441112559756629 4.4
116.46819305419922  seconds  2.602114031264387 0.5441112559756629 17.3
116.32228755950928  seconds  2.602114031264387 0.5441112559756629 18.3
123.11598777770996  seconds  2.602114031264387 0.5441112559756629 2.4000000000000004
118.63882946968079  seconds  2.602114031264387 0.5441112559756629 3.4000000000000004
118.6952452659607  seconds  2.602114031264387 0.5441112559756629 19.3
123.79313564300537  seconds  2.602114031264387 0.5441112559756629 5.4
122.49036812782288  seconds  2.602114031264387 0.5441112559756629 6.4
121.05912375450134  seconds  2.602114031264387 0.5441112559756629 7.4
117.63782382011414  seconds  2.602114031264387 0.5441112559756629 12.4
120.9926507472992  seconds  2.602114031264387 0.5441112559756629 8.4
117.17378807067871  seconds  2.602114031264387 0.5441112559756629 11.4
117.52378559112549  seconds  2.602114031264387 0.5441112559756629 0.5
123.21266770362854  seconds  2.602114031264387 0.5441112559756629 9.4
123.80967235565186  seconds  2.602114031264387 0.5441112559756629 10.4
116.92413759231567  seconds  2.602114031264387 0.5441112559756629 14.4
115.63016986846924  seconds  2.602114031264387 0.5441112559756629 1.5
116.4253134727478  seconds  2.602114031264387 0.5441112559756629 15.4
118.7288715839386  seconds  2.602114031264387 0.5441112559756629 16.400000000000002
113.94536590576172  seconds  2.602114031264387 0.5441112559756629 4.5
121.76855564117432  seconds  2.602114031264387 0.5441112559756629 13.4
116.50289630889893  seconds  2.602114031264387 0.5441112559756629 17.400000000000002
116.64723014831543  seconds  2.602114031264387 0.5441112559756629 18.400000000000002
120.08528161048889  seconds  2.602114031264387 0.5441112559756629 3.5
124.62623953819275  seconds  2.602114031264387 0.5441112559756629 2.5
118.78191304206848  seconds  2.602114031264387 0.5441112559756629 19.400000000000002
120.82169961929321  seconds  2.602114031264387 0.5441112559756629 5.5
117.72403526306152  seconds  2.602114031264387 0.5441112559756629 6.5
123.02275609970093  seconds  2.602114031264387 0.5441112559756629 7.5
121.99460434913635  seconds  2.602114031264387 0.5441112559756629 12.5
117.3612768650055  seconds  2.602114031264387 0.5441112559756629 11.5
126.7886471748352  seconds  2.602114031264387 0.5441112559756629 8.5
118.05700755119324  seconds  2.602114031264387 0.5441112559756629 0.6000000000000001
122.20015001296997  seconds  2.602114031264387 0.5441112559756629 9.5
116.29738736152649  seconds  2.602114031264387 0.5441112559756629 14.5
115.66417574882507  seconds  2.602114031264387 0.5441112559756629 1.6
115.87344813346863  seconds  2.602114031264387 0.5441112559756629 15.5
121.54383397102356  seconds  2.602114031264387 0.5441112559756629 10.5
115.50682401657104  seconds  2.602114031264387 0.5441112559756629 16.5
118.69006323814392  seconds  2.602114031264387 0.5441112559756629 13.5
121.3636519908905  seconds  2.602114031264387 0.5441112559756629 4.6000000000000005
115.59996199607849  seconds  2.602114031264387 0.5441112559756629 17.5
116.1945812702179  seconds  2.602114031264387 0.5441112559756629 18.5
118.5374653339386  seconds  2.602114031264387 0.5441112559756629 3.6
121.12981486320496  seconds  2.602114031264387 0.5441112559756629 2.6
116.96792244911194  seconds  2.602114031264387 0.5441112559756629 19.5
119.74343729019165  seconds  2.602114031264387 0.5441112559756629 6.6000000000000005
127.38393974304199  seconds  2.602114031264387 0.5441112559756629 5.6000000000000005
118.02761578559875  seconds  2.602114031264387 0.5441112559756629 7.6000000000000005
118.41868281364441  seconds  2.602114031264387 0.5441112559756629 12.600000000000001
115.8106701374054  seconds  2.602114031264387 0.5441112559756629 11.600000000000001
115.6147243976593  seconds  2.602114031264387 0.5441112559756629 0.7000000000000001
127.18470859527588  seconds  2.602114031264387 0.5441112559756629 8.6
121.9425835609436  seconds  2.602114031264387 0.5441112559756629 9.600000000000001
116.30112600326538  seconds  2.602114031264387 0.5441112559756629 1.7000000000000002
118.69183301925659  seconds  2.602114031264387 0.5441112559756629 15.600000000000001
121.71630859375  seconds  2.602114031264387 0.5441112559756629 14.600000000000001
119.63032007217407  seconds  2.602114031264387 0.5441112559756629 10.600000000000001
118.35723400115967  seconds  2.602114031264387 0.5441112559756629 16.6
115.01898860931396  seconds  2.602114031264387 0.5441112559756629 17.6
122.28912353515625  seconds  2.602114031264387 0.5441112559756629 4.7
123.30612564086914  seconds  2.602114031264387 0.5441112559756629 13.600000000000001
117.29561877250671  seconds  2.602114031264387 0.5441112559756629 18.6
125.98238039016724  seconds  2.602114031264387 0.5441112559756629 3.7
126.15215969085693  seconds  2.602114031264387 0.5441112559756629 2.7
116.89145040512085  seconds  2.602114031264387 0.5441112559756629 19.6
122.54675316810608  seconds  2.602114031264387 0.5441112559756629 6.7
124.2092616558075  seconds  2.602114031264387 0.5441112559756629 5.7
120.73900270462036  seconds  2.602114031264387 0.5441112559756629 7.7
116.78375554084778  seconds  2.602114031264387 0.5441112559756629 0.8
124.81218910217285  seconds  2.602114031264387 0.5441112559756629 12.700000000000001
125.43632960319519  seconds  2.602114031264387 0.5441112559756629 11.700000000000001
114.80472254753113  seconds  2.602114031264387 0.5441112559756629 1.8
120.17704725265503  seconds  2.602114031264387 0.5441112559756629 9.700000000000001
124.25737690925598  seconds  2.602114031264387 0.5441112559756629 8.700000000000001
115.46111917495728  seconds  2.602114031264387 0.5441112559756629 15.700000000000001
115.4761176109314  seconds  2.602114031264387 0.5441112559756629 14.700000000000001
120.98478603363037  seconds  2.602114031264387 0.5441112559756629 10.700000000000001
117.78002524375916  seconds  2.602114031264387 0.5441112559756629 16.7
116.80173444747925  seconds  2.602114031264387 0.5441112559756629 17.7
117.33800148963928  seconds  2.602114031264387 0.5441112559756629 4.800000000000001
121.4073474407196  seconds  2.602114031264387 0.5441112559756629 13.700000000000001
118.63174676895142  seconds  2.602114031264387 0.5441112559756629 18.7
122.10767912864685  seconds  2.602114031264387 0.5441112559756629 3.8000000000000003
120.0454535484314  seconds  2.602114031264387 0.5441112559756629 2.8000000000000003
116.31857204437256  seconds  2.602114031264387 0.5441112559756629 19.700000000000003
119.19907736778259  seconds  2.602114031264387 0.5441112559756629 6.800000000000001
117.81464791297913  seconds  2.602114031264387 0.5441112559756629 5.800000000000001
117.09279036521912  seconds  2.602114031264387 0.5441112559756629 7.800000000000001
117.00469470024109  seconds  2.602114031264387 0.5441112559756629 0.9
117.9121561050415  seconds  2.602114031264387 0.5441112559756629 11.8
120.33967304229736  seconds  2.602114031264387 0.5441112559756629 12.8
119.70833206176758  seconds  2.602114031264387 0.5441112559756629 1.9000000000000001
117.55518627166748  seconds  2.602114031264387 0.5441112559756629 15.8
119.39032697677612  seconds  2.602114031264387 0.5441112559756629 8.8
117.79042720794678  seconds  2.602114031264387 0.5441112559756629 14.8
124.23666644096375  seconds  2.602114031264387 0.5441112559756629 9.8
115.66203761100769  seconds  2.602114031264387 0.5441112559756629 10.8
119.9256682395935  seconds  2.602114031264387 0.5441112559756629 16.8
116.48950624465942  seconds  2.602114031264387 0.5441112559756629 17.8
116.31322026252747  seconds  2.602114031264387 0.5441112559756629 4.9
120.63604640960693  seconds  2.602114031264387 0.5441112559756629 13.8
121.1767258644104  seconds  2.602114031264387 0.5441112559756629 18.8
115.76310276985168  seconds  2.602114031264387 0.5441112559756629 3.9000000000000004
114.8187141418457  seconds  2.602114031264387 0.5441112559756629 2.9000000000000004
119.2545599937439  seconds  2.602114031264387 0.5441112559756629 19.8
111.71818089485168  seconds  2.602114031264387 0.5441112559756629 6.9
109.486168384552  seconds  2.602114031264387 0.5441112559756629 5.9
114.09103965759277  seconds  2.602114031264387 0.5441112559756629 7.9
112.15557980537415  seconds  2.602114031264387 0.5441112559756629 11.9
112.43784046173096  seconds  2.602114031264387 0.5441112559756629 12.9
111.58164954185486  seconds  2.602114031264387 0.5441112559756629 15.9
111.48559522628784  seconds  2.602114031264387 0.5441112559756629 8.9
106.99590754508972  seconds  2.602114031264387 0.5441112559756629 10.9
112.03209590911865  seconds  2.602114031264387 0.5441112559756629 14.9
112.66112303733826  seconds  2.602114031264387 0.5441112559756629 9.9
108.93677735328674  seconds  2.602114031264387 0.5441112559756629 17.900000000000002
112.09623193740845  seconds  2.602114031264387 0.5441112559756629 16.900000000000002
103.7490713596344  seconds  2.602114031264387 0.5441112559756629 13.9
106.24687957763672  seconds  2.602114031264387 0.5441112559756629 18.900000000000002
102.42262268066406  seconds  2.602114031264387 0.5441112559756629 19.900000000000002
time for calc.... 1351.7298579216003
energy at the point.. 2.5846892989406154 0.8396349413298569  is  1.1574406936887272e-05
200 the points 10 chunk numtheads
starting with calculation of Sigma
104.97003555297852  seconds  2.5846892989406154 0.8396349413298569 0.0
102.74330854415894  seconds  2.5846892989406154 0.8396349413298569 1.0
104.79204034805298  seconds  2.5846892989406154 0.8396349413298569 2.0
107.01098799705505  seconds  2.5846892989406154 0.8396349413298569 3.0
106.81521773338318  seconds  2.5846892989406154 0.8396349413298569 4.0
109.03101015090942  seconds  2.5846892989406154 0.8396349413298569 5.0
109.1595950126648  seconds  2.5846892989406154 0.8396349413298569 6.0
114.46159100532532  seconds  2.5846892989406154 0.8396349413298569 7.0
112.14543294906616  seconds  2.5846892989406154 0.8396349413298569 9.0
124.97552943229675  seconds  2.5846892989406154 0.8396349413298569 8.0
117.5804877281189  seconds  2.5846892989406154 0.8396349413298569 10.0
113.04632687568665  seconds  2.5846892989406154 0.8396349413298569 11.0
112.84916758537292  seconds  2.5846892989406154 0.8396349413298569 12.0
114.22628545761108  seconds  2.5846892989406154 0.8396349413298569 0.1
119.8320848941803  seconds  2.5846892989406154 0.8396349413298569 13.0
116.69526624679565  seconds  2.5846892989406154 0.8396349413298569 14.0
120.37998223304749  seconds  2.5846892989406154 0.8396349413298569 1.1
124.9681761264801  seconds  2.5846892989406154 0.8396349413298569 2.1
124.28743958473206  seconds  2.5846892989406154 0.8396349413298569 15.0
118.83610463142395  seconds  2.5846892989406154 0.8396349413298569 3.1
125.67130875587463  seconds  2.5846892989406154 0.8396349413298569 16.0
119.69819355010986  seconds  2.5846892989406154 0.8396349413298569 17.0
123.66921710968018  seconds  2.5846892989406154 0.8396349413298569 4.1000000000000005
115.69497513771057  seconds  2.5846892989406154 0.8396349413298569 5.1000000000000005
118.01188397407532  seconds  2.5846892989406154 0.8396349413298569 6.1000000000000005
128.32543468475342  seconds  2.5846892989406154 0.8396349413298569 18.0
120.37409830093384  seconds  2.5846892989406154 0.8396349413298569 19.0
119.11922335624695  seconds  2.5846892989406154 0.8396349413298569 7.1000000000000005
116.59365510940552  seconds  2.5846892989406154 0.8396349413298569 9.1
123.94680833816528  seconds  2.5846892989406154 0.8396349413298569 8.1
115.72048044204712  seconds  2.5846892989406154 0.8396349413298569 11.100000000000001
121.65081405639648  seconds  2.5846892989406154 0.8396349413298569 10.100000000000001
114.71297931671143  seconds  2.5846892989406154 0.8396349413298569 12.100000000000001
115.36697959899902  seconds  2.5846892989406154 0.8396349413298569 0.2
115.89176034927368  seconds  2.5846892989406154 0.8396349413298569 13.100000000000001
116.26864075660706  seconds  2.5846892989406154 0.8396349413298569 14.100000000000001
122.1010684967041  seconds  2.5846892989406154 0.8396349413298569 1.2000000000000002
116.72102236747742  seconds  2.5846892989406154 0.8396349413298569 3.2
122.20882368087769  seconds  2.5846892989406154 0.8396349413298569 15.100000000000001
125.90227675437927  seconds  2.5846892989406154 0.8396349413298569 2.2
121.00465440750122  seconds  2.5846892989406154 0.8396349413298569 16.1
116.86417603492737  seconds  2.5846892989406154 0.8396349413298569 17.1
116.16067624092102  seconds  2.5846892989406154 0.8396349413298569 5.2
120.36761283874512  seconds  2.5846892989406154 0.8396349413298569 4.2
119.67187333106995  seconds  2.5846892989406154 0.8396349413298569 6.2
120.46433019638062  seconds  2.5846892989406154 0.8396349413298569 19.1
123.17987513542175  seconds  2.5846892989406154 0.8396349413298569 18.1
124.15858459472656  seconds  2.5846892989406154 0.8396349413298569 7.2
118.84274363517761  seconds  2.5846892989406154 0.8396349413298569 9.200000000000001
119.85246181488037  seconds  2.5846892989406154 0.8396349413298569 8.200000000000001
116.73525190353394  seconds  2.5846892989406154 0.8396349413298569 11.200000000000001
122.98364615440369  seconds  2.5846892989406154 0.8396349413298569 10.200000000000001
120.54014229774475  seconds  2.5846892989406154 0.8396349413298569 12.200000000000001
114.31985092163086  seconds  2.5846892989406154 0.8396349413298569 0.30000000000000004
117.84807085990906  seconds  2.5846892989406154 0.8396349413298569 13.200000000000001
117.58132123947144  seconds  2.5846892989406154 0.8396349413298569 14.200000000000001
122.6660749912262  seconds  2.5846892989406154 0.8396349413298569 1.3
118.09841656684875  seconds  2.5846892989406154 0.8396349413298569 3.3000000000000003
123.50998783111572  seconds  2.5846892989406154 0.8396349413298569 15.200000000000001
117.79662275314331  seconds  2.5846892989406154 0.8396349413298569 17.2
124.97315120697021  seconds  2.5846892989406154 0.8396349413298569 2.3000000000000003
121.00145387649536  seconds  2.5846892989406154 0.8396349413298569 16.2
118.40272545814514  seconds  2.5846892989406154 0.8396349413298569 5.300000000000001
120.85058236122131  seconds  2.5846892989406154 0.8396349413298569 4.3
115.59646987915039  seconds  2.5846892989406154 0.8396349413298569 6.300000000000001
116.83490180969238  seconds  2.5846892989406154 0.8396349413298569 19.200000000000003
127.5562527179718  seconds  2.5846892989406154 0.8396349413298569 18.2
120.42879009246826  seconds  2.5846892989406154 0.8396349413298569 7.300000000000001
120.06861972808838  seconds  2.5846892989406154 0.8396349413298569 9.3
120.53859877586365  seconds  2.5846892989406154 0.8396349413298569 11.3
121.97975564002991  seconds  2.5846892989406154 0.8396349413298569 8.3
117.90329694747925  seconds  2.5846892989406154 0.8396349413298569 10.3
117.68237900733948  seconds  2.5846892989406154 0.8396349413298569 0.4
121.86123728752136  seconds  2.5846892989406154 0.8396349413298569 12.3
119.92469358444214  seconds  2.5846892989406154 0.8396349413298569 13.3
117.97842383384705  seconds  2.5846892989406154 0.8396349413298569 14.3
120.53082346916199  seconds  2.5846892989406154 0.8396349413298569 1.4000000000000001
118.29856276512146  seconds  2.5846892989406154 0.8396349413298569 3.4000000000000004
121.04190993309021  seconds  2.5846892989406154 0.8396349413298569 15.3
118.14066791534424  seconds  2.5846892989406154 0.8396349413298569 17.3
118.55899429321289  seconds  2.5846892989406154 0.8396349413298569 2.4000000000000004
117.00637173652649  seconds  2.5846892989406154 0.8396349413298569 5.4
119.86060690879822  seconds  2.5846892989406154 0.8396349413298569 16.3
120.76943874359131  seconds  2.5846892989406154 0.8396349413298569 4.4
119.06150937080383  seconds  2.5846892989406154 0.8396349413298569 6.4
114.80845808982849  seconds  2.5846892989406154 0.8396349413298569 19.3
116.87699055671692  seconds  2.5846892989406154 0.8396349413298569 18.3
117.35859560966492  seconds  2.5846892989406154 0.8396349413298569 7.4
118.52863907814026  seconds  2.5846892989406154 0.8396349413298569 9.4
121.42210555076599  seconds  2.5846892989406154 0.8396349413298569 11.4
123.380380153656  seconds  2.5846892989406154 0.8396349413298569 8.4
120.25544118881226  seconds  2.5846892989406154 0.8396349413298569 10.4
118.14236855506897  seconds  2.5846892989406154 0.8396349413298569 0.5
118.87846040725708  seconds  2.5846892989406154 0.8396349413298569 12.4
117.9031593799591  seconds  2.5846892989406154 0.8396349413298569 14.4
122.50353837013245  seconds  2.5846892989406154 0.8396349413298569 13.4
117.8041398525238  seconds  2.5846892989406154 0.8396349413298569 1.5
118.10820698738098  seconds  2.5846892989406154 0.8396349413298569 3.5
117.68946146965027  seconds  2.5846892989406154 0.8396349413298569 15.4
117.87760257720947  seconds  2.5846892989406154 0.8396349413298569 17.400000000000002
116.35442686080933  seconds  2.5846892989406154 0.8396349413298569 2.5
121.33527612686157  seconds  2.5846892989406154 0.8396349413298569 16.400000000000002
122.62142825126648  seconds  2.5846892989406154 0.8396349413298569 5.5
119.02581477165222  seconds  2.5846892989406154 0.8396349413298569 4.5
117.26839995384216  seconds  2.5846892989406154 0.8396349413298569 19.400000000000002
118.91311597824097  seconds  2.5846892989406154 0.8396349413298569 6.5
115.25361490249634  seconds  2.5846892989406154 0.8396349413298569 18.400000000000002
119.70695066452026  seconds  2.5846892989406154 0.8396349413298569 7.5
120.74696445465088  seconds  2.5846892989406154 0.8396349413298569 9.5
118.27527379989624  seconds  2.5846892989406154 0.8396349413298569 11.5
117.67427682876587  seconds  2.5846892989406154 0.8396349413298569 10.5
119.54997444152832  seconds  2.5846892989406154 0.8396349413298569 8.5
117.89341139793396  seconds  2.5846892989406154 0.8396349413298569 0.6000000000000001
118.09885096549988  seconds  2.5846892989406154 0.8396349413298569 12.5
115.80720138549805  seconds  2.5846892989406154 0.8396349413298569 14.5
122.65258979797363  seconds  2.5846892989406154 0.8396349413298569 13.5
121.27710676193237  seconds  2.5846892989406154 0.8396349413298569 1.6
117.2560224533081  seconds  2.5846892989406154 0.8396349413298569 3.6
118.43568706512451  seconds  2.5846892989406154 0.8396349413298569 17.5
118.177405834198  seconds  2.5846892989406154 0.8396349413298569 2.6
120.00102758407593  seconds  2.5846892989406154 0.8396349413298569 15.5
116.86171579360962  seconds  2.5846892989406154 0.8396349413298569 16.5
118.98016834259033  seconds  2.5846892989406154 0.8396349413298569 4.6000000000000005
125.36249995231628  seconds  2.5846892989406154 0.8396349413298569 5.6000000000000005
117.64264678955078  seconds  2.5846892989406154 0.8396349413298569 6.6000000000000005
120.63955426216125  seconds  2.5846892989406154 0.8396349413298569 19.5
118.70815134048462  seconds  2.5846892989406154 0.8396349413298569 18.5
118.84007811546326  seconds  2.5846892989406154 0.8396349413298569 7.6000000000000005
124.70002961158752  seconds  2.5846892989406154 0.8396349413298569 9.600000000000001
119.24176836013794  seconds  2.5846892989406154 0.8396349413298569 11.600000000000001
117.73867630958557  seconds  2.5846892989406154 0.8396349413298569 8.6
118.87466764450073  seconds  2.5846892989406154 0.8396349413298569 10.600000000000001
118.01538610458374  seconds  2.5846892989406154 0.8396349413298569 0.7000000000000001
117.59660792350769  seconds  2.5846892989406154 0.8396349413298569 12.600000000000001
117.22804689407349  seconds  2.5846892989406154 0.8396349413298569 14.600000000000001
118.69216275215149  seconds  2.5846892989406154 0.8396349413298569 13.600000000000001
117.80637288093567  seconds  2.5846892989406154 0.8396349413298569 3.7
121.8904824256897  seconds  2.5846892989406154 0.8396349413298569 1.7000000000000002
116.46398591995239  seconds  2.5846892989406154 0.8396349413298569 15.600000000000001
118.16457772254944  seconds  2.5846892989406154 0.8396349413298569 17.6
118.86005401611328  seconds  2.5846892989406154 0.8396349413298569 2.7
117.40646195411682  seconds  2.5846892989406154 0.8396349413298569 16.6
118.23704791069031  seconds  2.5846892989406154 0.8396349413298569 4.7
118.03307271003723  seconds  2.5846892989406154 0.8396349413298569 6.7
122.38090538978577  seconds  2.5846892989406154 0.8396349413298569 5.7
120.97507524490356  seconds  2.5846892989406154 0.8396349413298569 19.6
122.144216299057  seconds  2.5846892989406154 0.8396349413298569 18.6
118.85834813117981  seconds  2.5846892989406154 0.8396349413298569 7.7
124.9153699874878  seconds  2.5846892989406154 0.8396349413298569 9.700000000000001
118.28044319152832  seconds  2.5846892989406154 0.8396349413298569 11.700000000000001
117.36486339569092  seconds  2.5846892989406154 0.8396349413298569 10.700000000000001
118.87344622612  seconds  2.5846892989406154 0.8396349413298569 8.700000000000001
118.44192051887512  seconds  2.5846892989406154 0.8396349413298569 0.8
117.68918991088867  seconds  2.5846892989406154 0.8396349413298569 12.700000000000001
120.64535689353943  seconds  2.5846892989406154 0.8396349413298569 14.700000000000001
124.17591738700867  seconds  2.5846892989406154 0.8396349413298569 13.700000000000001
117.6630368232727  seconds  2.5846892989406154 0.8396349413298569 3.8000000000000003
119.11510515213013  seconds  2.5846892989406154 0.8396349413298569 1.8
118.41192269325256  seconds  2.5846892989406154 0.8396349413298569 15.700000000000001
117.9526195526123  seconds  2.5846892989406154 0.8396349413298569 17.7
117.02421641349792  seconds  2.5846892989406154 0.8396349413298569 2.8000000000000003
118.61735939979553  seconds  2.5846892989406154 0.8396349413298569 16.7
121.60163974761963  seconds  2.5846892989406154 0.8396349413298569 4.800000000000001
121.5609302520752  seconds  2.5846892989406154 0.8396349413298569 6.800000000000001
119.14329552650452  seconds  2.5846892989406154 0.8396349413298569 5.800000000000001
118.45649361610413  seconds  2.5846892989406154 0.8396349413298569 19.700000000000003
125.53986716270447  seconds  2.5846892989406154 0.8396349413298569 18.7
118.08986687660217  seconds  2.5846892989406154 0.8396349413298569 7.800000000000001
115.08883595466614  seconds  2.5846892989406154 0.8396349413298569 10.8
119.20371580123901  seconds  2.5846892989406154 0.8396349413298569 11.8
119.50600957870483  seconds  2.5846892989406154 0.8396349413298569 8.8
119.06388998031616  seconds  2.5846892989406154 0.8396349413298569 12.8
129.21691513061523  seconds  2.5846892989406154 0.8396349413298569 9.8
122.00521397590637  seconds  2.5846892989406154 0.8396349413298569 0.9
117.2499930858612  seconds  2.5846892989406154 0.8396349413298569 14.8
117.93529438972473  seconds  2.5846892989406154 0.8396349413298569 1.9000000000000001
128.29583072662354  seconds  2.5846892989406154 0.8396349413298569 13.8
122.17035627365112  seconds  2.5846892989406154 0.8396349413298569 3.9000000000000004
113.32568216323853  seconds  2.5846892989406154 0.8396349413298569 15.8
115.79615211486816  seconds  2.5846892989406154 0.8396349413298569 2.9000000000000004
118.01582193374634  seconds  2.5846892989406154 0.8396349413298569 17.8
115.3514678478241  seconds  2.5846892989406154 0.8396349413298569 16.8
112.06807899475098  seconds  2.5846892989406154 0.8396349413298569 4.9
113.0774757862091  seconds  2.5846892989406154 0.8396349413298569 19.8
117.64424586296082  seconds  2.5846892989406154 0.8396349413298569 6.9
118.17440724372864  seconds  2.5846892989406154 0.8396349413298569 5.9
109.00052809715271  seconds  2.5846892989406154 0.8396349413298569 7.9
117.71578454971313  seconds  2.5846892989406154 0.8396349413298569 18.8
106.76485109329224  seconds  2.5846892989406154 0.8396349413298569 10.9
112.92042350769043  seconds  2.5846892989406154 0.8396349413298569 11.9
113.33581948280334  seconds  2.5846892989406154 0.8396349413298569 8.9
113.1506655216217  seconds  2.5846892989406154 0.8396349413298569 12.9
114.16537070274353  seconds  2.5846892989406154 0.8396349413298569 9.9
113.14857745170593  seconds  2.5846892989406154 0.8396349413298569 14.9
102.09948658943176  seconds  2.5846892989406154 0.8396349413298569 15.9
108.56356072425842  seconds  2.5846892989406154 0.8396349413298569 13.9
100.65653967857361  seconds  2.5846892989406154 0.8396349413298569 16.900000000000002
108.15604972839355  seconds  2.5846892989406154 0.8396349413298569 17.900000000000002
99.46187090873718  seconds  2.5846892989406154 0.8396349413298569 19.900000000000002
103.0934100151062  seconds  2.5846892989406154 0.8396349413298569 18.900000000000002
time for calc.... 1360.3080122470856
energy at the point.. 2.5337077240684835 1.1368970013037814  is  2.067935501059992e-06
200 the points 10 chunk numtheads
starting with calculation of Sigma
102.21131253242493  seconds  2.5337077240684835 1.1368970013037814 0.0
107.57953333854675  seconds  2.5337077240684835 1.1368970013037814 1.0
104.73746299743652  seconds  2.5337077240684835 1.1368970013037814 2.0
108.76835489273071  seconds  2.5337077240684835 1.1368970013037814 4.0
117.55162119865417  seconds  2.5337077240684835 1.1368970013037814 3.0
107.5939474105835  seconds  2.5337077240684835 1.1368970013037814 5.0
110.84794306755066  seconds  2.5337077240684835 1.1368970013037814 6.0
110.3646821975708  seconds  2.5337077240684835 1.1368970013037814 7.0
112.22211408615112  seconds  2.5337077240684835 1.1368970013037814 8.0
112.56425404548645  seconds  2.5337077240684835 1.1368970013037814 9.0
115.40964579582214  seconds  2.5337077240684835 1.1368970013037814 10.0
114.35429763793945  seconds  2.5337077240684835 1.1368970013037814 11.0
116.47439169883728  seconds  2.5337077240684835 1.1368970013037814 12.0
115.78322792053223  seconds  2.5337077240684835 1.1368970013037814 0.1
116.30115413665771  seconds  2.5337077240684835 1.1368970013037814 13.0
118.09237813949585  seconds  2.5337077240684835 1.1368970013037814 1.1
120.5906913280487  seconds  2.5337077240684835 1.1368970013037814 14.0
116.28591513633728  seconds  2.5337077240684835 1.1368970013037814 2.1
116.71948075294495  seconds  2.5337077240684835 1.1368970013037814 15.0
115.51977372169495  seconds  2.5337077240684835 1.1368970013037814 16.0
118.21380805969238  seconds  2.5337077240684835 1.1368970013037814 17.0
118.51940131187439  seconds  2.5337077240684835 1.1368970013037814 4.1000000000000005
125.85964369773865  seconds  2.5337077240684835 1.1368970013037814 3.1
120.69903802871704  seconds  2.5337077240684835 1.1368970013037814 5.1000000000000005
121.57072305679321  seconds  2.5337077240684835 1.1368970013037814 18.0
116.87627625465393  seconds  2.5337077240684835 1.1368970013037814 19.0
120.67740726470947  seconds  2.5337077240684835 1.1368970013037814 6.1000000000000005
118.30187845230103  seconds  2.5337077240684835 1.1368970013037814 7.1000000000000005
117.63386058807373  seconds  2.5337077240684835 1.1368970013037814 8.1
117.39145541191101  seconds  2.5337077240684835 1.1368970013037814 9.1
120.31060314178467  seconds  2.5337077240684835 1.1368970013037814 10.100000000000001
118.72373580932617  seconds  2.5337077240684835 1.1368970013037814 11.100000000000001
117.76952886581421  seconds  2.5337077240684835 1.1368970013037814 12.100000000000001
115.72981762886047  seconds  2.5337077240684835 1.1368970013037814 0.2
117.06349229812622  seconds  2.5337077240684835 1.1368970013037814 13.100000000000001
121.69987463951111  seconds  2.5337077240684835 1.1368970013037814 1.2000000000000002
119.67937731742859  seconds  2.5337077240684835 1.1368970013037814 2.2
121.87381720542908  seconds  2.5337077240684835 1.1368970013037814 14.100000000000001
125.53600120544434  seconds  2.5337077240684835 1.1368970013037814 15.100000000000001
119.44461941719055  seconds  2.5337077240684835 1.1368970013037814 16.1
117.63274121284485  seconds  2.5337077240684835 1.1368970013037814 17.1
118.977614402771  seconds  2.5337077240684835 1.1368970013037814 4.2
116.59550476074219  seconds  2.5337077240684835 1.1368970013037814 5.2
123.08854150772095  seconds  2.5337077240684835 1.1368970013037814 3.2
122.84464979171753  seconds  2.5337077240684835 1.1368970013037814 18.1
124.07511186599731  seconds  2.5337077240684835 1.1368970013037814 19.1
113.8150315284729  seconds  2.5337077240684835 1.1368970013037814 7.2
120.18932914733887  seconds  2.5337077240684835 1.1368970013037814 6.2
115.54848599433899  seconds  2.5337077240684835 1.1368970013037814 8.200000000000001
120.36811375617981  seconds  2.5337077240684835 1.1368970013037814 9.200000000000001
114.32553935050964  seconds  2.5337077240684835 1.1368970013037814 11.200000000000001
123.98289155960083  seconds  2.5337077240684835 1.1368970013037814 10.200000000000001
116.41772937774658  seconds  2.5337077240684835 1.1368970013037814 0.30000000000000004
119.92936372756958  seconds  2.5337077240684835 1.1368970013037814 12.200000000000001
115.81123161315918  seconds  2.5337077240684835 1.1368970013037814 13.200000000000001
120.4387776851654  seconds  2.5337077240684835 1.1368970013037814 14.200000000000001
124.65975880622864  seconds  2.5337077240684835 1.1368970013037814 1.3
124.06522989273071  seconds  2.5337077240684835 1.1368970013037814 2.3000000000000003
121.15804505348206  seconds  2.5337077240684835 1.1368970013037814 15.200000000000001
123.35002946853638  seconds  2.5337077240684835 1.1368970013037814 16.2
118.0530059337616  seconds  2.5337077240684835 1.1368970013037814 4.3
111.79682803153992  seconds  2.5337077240684835 1.1368970013037814 5.300000000000001
122.91652059555054  seconds  2.5337077240684835 1.1368970013037814 17.2
119.86952900886536  seconds  2.5337077240684835 1.1368970013037814 3.3000000000000003
120.83265423774719  seconds  2.5337077240684835 1.1368970013037814 18.2
114.94869661331177  seconds  2.5337077240684835 1.1368970013037814 7.300000000000001
122.48359107971191  seconds  2.5337077240684835 1.1368970013037814 6.300000000000001
124.3189103603363  seconds  2.5337077240684835 1.1368970013037814 19.200000000000003
113.09579753875732  seconds  2.5337077240684835 1.1368970013037814 8.3
118.58800292015076  seconds  2.5337077240684835 1.1368970013037814 9.3
119.51916456222534  seconds  2.5337077240684835 1.1368970013037814 11.3
121.45527648925781  seconds  2.5337077240684835 1.1368970013037814 10.3
119.42643237113953  seconds  2.5337077240684835 1.1368970013037814 12.3
123.64787006378174  seconds  2.5337077240684835 1.1368970013037814 0.4
117.89099979400635  seconds  2.5337077240684835 1.1368970013037814 13.3
116.82116889953613  seconds  2.5337077240684835 1.1368970013037814 2.4000000000000004
122.91053795814514  seconds  2.5337077240684835 1.1368970013037814 1.4000000000000001
125.40365934371948  seconds  2.5337077240684835 1.1368970013037814 14.3
122.42226958274841  seconds  2.5337077240684835 1.1368970013037814 15.3
122.07496953010559  seconds  2.5337077240684835 1.1368970013037814 16.3
118.0741958618164  seconds  2.5337077240684835 1.1368970013037814 4.4
120.16264867782593  seconds  2.5337077240684835 1.1368970013037814 5.4
122.09316515922546  seconds  2.5337077240684835 1.1368970013037814 17.3
114.84040904045105  seconds  2.5337077240684835 1.1368970013037814 7.4
119.17182731628418  seconds  2.5337077240684835 1.1368970013037814 3.4000000000000004
126.4525625705719  seconds  2.5337077240684835 1.1368970013037814 18.3
117.50834798812866  seconds  2.5337077240684835 1.1368970013037814 8.4
120.97269225120544  seconds  2.5337077240684835 1.1368970013037814 6.4
121.22938323020935  seconds  2.5337077240684835 1.1368970013037814 19.3
118.93053364753723  seconds  2.5337077240684835 1.1368970013037814 9.4
119.13706684112549  seconds  2.5337077240684835 1.1368970013037814 11.4
119.0507550239563  seconds  2.5337077240684835 1.1368970013037814 10.4
114.73896908760071  seconds  2.5337077240684835 1.1368970013037814 0.5
115.1869592666626  seconds  2.5337077240684835 1.1368970013037814 13.4
125.1813805103302  seconds  2.5337077240684835 1.1368970013037814 12.4
114.83146500587463  seconds  2.5337077240684835 1.1368970013037814 2.5
126.77210974693298  seconds  2.5337077240684835 1.1368970013037814 14.4
128.1341028213501  seconds  2.5337077240684835 1.1368970013037814 1.5
122.30344676971436  seconds  2.5337077240684835 1.1368970013037814 15.4
119.84233498573303  seconds  2.5337077240684835 1.1368970013037814 16.400000000000002
115.8312931060791  seconds  2.5337077240684835 1.1368970013037814 5.5
121.79683661460876  seconds  2.5337077240684835 1.1368970013037814 4.5
118.83975410461426  seconds  2.5337077240684835 1.1368970013037814 17.400000000000002
117.08174729347229  seconds  2.5337077240684835 1.1368970013037814 3.5
117.84610199928284  seconds  2.5337077240684835 1.1368970013037814 7.5
118.77337598800659  seconds  2.5337077240684835 1.1368970013037814 8.5
120.34350347518921  seconds  2.5337077240684835 1.1368970013037814 18.400000000000002
120.41367101669312  seconds  2.5337077240684835 1.1368970013037814 19.400000000000002
123.86762189865112  seconds  2.5337077240684835 1.1368970013037814 6.5
122.39903163909912  seconds  2.5337077240684835 1.1368970013037814 9.5
118.38497734069824  seconds  2.5337077240684835 1.1368970013037814 11.5
118.50812005996704  seconds  2.5337077240684835 1.1368970013037814 10.5
116.30785655975342  seconds  2.5337077240684835 1.1368970013037814 0.6000000000000001
117.54147124290466  seconds  2.5337077240684835 1.1368970013037814 13.5
123.46691584587097  seconds  2.5337077240684835 1.1368970013037814 12.5
113.80841398239136  seconds  2.5337077240684835 1.1368970013037814 2.6
115.5954852104187  seconds  2.5337077240684835 1.1368970013037814 5.6000000000000005
119.82291555404663  seconds  2.5337077240684835 1.1368970013037814 14.5
121.09717535972595  seconds  2.5337077240684835 1.1368970013037814 16.5
121.19625926017761  seconds  2.5337077240684835 1.1368970013037814 15.5
124.34966397285461  seconds  2.5337077240684835 1.1368970013037814 1.6
119.782723903656  seconds  2.5337077240684835 1.1368970013037814 17.5
126.26123833656311  seconds  2.5337077240684835 1.1368970013037814 4.6000000000000005
115.7935528755188  seconds  2.5337077240684835 1.1368970013037814 7.6000000000000005
117.88926339149475  seconds  2.5337077240684835 1.1368970013037814 3.6
116.05859017372131  seconds  2.5337077240684835 1.1368970013037814 8.6
121.61567783355713  seconds  2.5337077240684835 1.1368970013037814 18.5
121.3029236793518  seconds  2.5337077240684835 1.1368970013037814 6.6000000000000005
127.3288369178772  seconds  2.5337077240684835 1.1368970013037814 19.5
117.65399956703186  seconds  2.5337077240684835 1.1368970013037814 9.600000000000001
114.96934175491333  seconds  2.5337077240684835 1.1368970013037814 11.600000000000001
112.50600934028625  seconds  2.5337077240684835 1.1368970013037814 13.600000000000001
114.60353755950928  seconds  2.5337077240684835 1.1368970013037814 0.7000000000000001
118.63337683677673  seconds  2.5337077240684835 1.1368970013037814 10.600000000000001
118.16967678070068  seconds  2.5337077240684835 1.1368970013037814 12.600000000000001
113.83025217056274  seconds  2.5337077240684835 1.1368970013037814 2.7
115.13368105888367  seconds  2.5337077240684835 1.1368970013037814 5.7
117.67131567001343  seconds  2.5337077240684835 1.1368970013037814 14.600000000000001
119.35218119621277  seconds  2.5337077240684835 1.1368970013037814 16.6
119.91890740394592  seconds  2.5337077240684835 1.1368970013037814 15.600000000000001
116.26422119140625  seconds  2.5337077240684835 1.1368970013037814 7.7
125.05273127555847  seconds  2.5337077240684835 1.1368970013037814 1.7000000000000002
121.00524306297302  seconds  2.5337077240684835 1.1368970013037814 17.6
119.63908362388611  seconds  2.5337077240684835 1.1368970013037814 3.7
112.61630868911743  seconds  2.5337077240684835 1.1368970013037814 8.700000000000001
126.20640325546265  seconds  2.5337077240684835 1.1368970013037814 4.7
117.9407320022583  seconds  2.5337077240684835 1.1368970013037814 18.6
124.27016496658325  seconds  2.5337077240684835 1.1368970013037814 6.7
125.05802798271179  seconds  2.5337077240684835 1.1368970013037814 19.6
117.8681435585022  seconds  2.5337077240684835 1.1368970013037814 9.700000000000001
119.21783328056335  seconds  2.5337077240684835 1.1368970013037814 11.700000000000001
113.95308947563171  seconds  2.5337077240684835 1.1368970013037814 0.8
114.90757155418396  seconds  2.5337077240684835 1.1368970013037814 13.700000000000001
117.73985552787781  seconds  2.5337077240684835 1.1368970013037814 10.700000000000001
113.48747372627258  seconds  2.5337077240684835 1.1368970013037814 2.8000000000000003
121.91472148895264  seconds  2.5337077240684835 1.1368970013037814 12.700000000000001
115.73302364349365  seconds  2.5337077240684835 1.1368970013037814 5.800000000000001
118.52090501785278  seconds  2.5337077240684835 1.1368970013037814 15.700000000000001
117.96207523345947  seconds  2.5337077240684835 1.1368970013037814 7.800000000000001
124.86260271072388  seconds  2.5337077240684835 1.1368970013037814 16.7
131.06154561042786  seconds  2.5337077240684835 1.1368970013037814 14.700000000000001
119.7881133556366  seconds  2.5337077240684835 1.1368970013037814 17.7
113.98551940917969  seconds  2.5337077240684835 1.1368970013037814 8.8
124.25704288482666  seconds  2.5337077240684835 1.1368970013037814 1.8
119.52675127983093  seconds  2.5337077240684835 1.1368970013037814 3.8000000000000003
119.822021484375  seconds  2.5337077240684835 1.1368970013037814 4.800000000000001
120.87845206260681  seconds  2.5337077240684835 1.1368970013037814 18.7
119.92437219619751  seconds  2.5337077240684835 1.1368970013037814 6.800000000000001
120.40408205986023  seconds  2.5337077240684835 1.1368970013037814 19.700000000000003
118.61434936523438  seconds  2.5337077240684835 1.1368970013037814 9.8
115.58926606178284  seconds  2.5337077240684835 1.1368970013037814 0.9
115.74292731285095  seconds  2.5337077240684835 1.1368970013037814 13.8
121.54973769187927  seconds  2.5337077240684835 1.1368970013037814 11.8
121.40051412582397  seconds  2.5337077240684835 1.1368970013037814 10.8
113.64896583557129  seconds  2.5337077240684835 1.1368970013037814 2.9000000000000004
122.06034922599792  seconds  2.5337077240684835 1.1368970013037814 12.8
111.80142641067505  seconds  2.5337077240684835 1.1368970013037814 5.9
111.26035690307617  seconds  2.5337077240684835 1.1368970013037814 7.9
112.54370737075806  seconds  2.5337077240684835 1.1368970013037814 8.9
123.31985068321228  seconds  2.5337077240684835 1.1368970013037814 15.8
123.03211688995361  seconds  2.5337077240684835 1.1368970013037814 17.8
126.71879148483276  seconds  2.5337077240684835 1.1368970013037814 16.8
126.69526314735413  seconds  2.5337077240684835 1.1368970013037814 14.8
121.13671827316284  seconds  2.5337077240684835 1.1368970013037814 1.9000000000000001
119.47341585159302  seconds  2.5337077240684835 1.1368970013037814 4.9
125.76434278488159  seconds  2.5337077240684835 1.1368970013037814 3.9000000000000004
117.81099247932434  seconds  2.5337077240684835 1.1368970013037814 18.8
117.39300489425659  seconds  2.5337077240684835 1.1368970013037814 6.9
103.01700758934021  seconds  2.5337077240684835 1.1368970013037814 13.9
117.68259787559509  seconds  2.5337077240684835 1.1368970013037814 9.9
104.58900332450867  seconds  2.5337077240684835 1.1368970013037814 11.9
119.12347769737244  seconds  2.5337077240684835 1.1368970013037814 19.8
116.41406488418579  seconds  2.5337077240684835 1.1368970013037814 10.9
114.68730568885803  seconds  2.5337077240684835 1.1368970013037814 12.9
111.25415635108948  seconds  2.5337077240684835 1.1368970013037814 15.9
112.08418273925781  seconds  2.5337077240684835 1.1368970013037814 17.900000000000002
112.11056876182556  seconds  2.5337077240684835 1.1368970013037814 14.9
113.02619171142578  seconds  2.5337077240684835 1.1368970013037814 16.900000000000002
111.51862001419067  seconds  2.5337077240684835 1.1368970013037814 18.900000000000002
106.49721240997314  seconds  2.5337077240684835 1.1368970013037814 19.900000000000002
time for calc.... 1377.3664417266846
energy at the point.. 2.421355054487129 1.409821816601478  is  6.066433012819061e-06
200 the points 10 chunk numtheads
starting with calculation of Sigma
99.78758144378662  seconds  2.421355054487129 1.409821816601478 0.0
98.83569860458374  seconds  2.421355054487129 1.409821816601478 2.0
112.15098166465759  seconds  2.421355054487129 1.409821816601478 1.0
114.23866701126099  seconds  2.421355054487129 1.409821816601478 3.0
115.53615713119507  seconds  2.421355054487129 1.409821816601478 4.0
117.22740030288696  seconds  2.421355054487129 1.409821816601478 5.0
122.49034118652344  seconds  2.421355054487129 1.409821816601478 6.0
125.02514886856079  seconds  2.421355054487129 1.409821816601478 7.0
121.47461867332458  seconds  2.421355054487129 1.409821816601478 8.0
122.10560631752014  seconds  2.421355054487129 1.409821816601478 9.0
100.63734292984009  seconds  2.421355054487129 1.409821816601478 0.1
132.33546900749207  seconds  2.421355054487129 1.409821816601478 10.0
101.77651047706604  seconds  2.421355054487129 1.409821816601478 2.1
129.51524662971497  seconds  2.421355054487129 1.409821816601478 11.0
128.6719992160797  seconds  2.421355054487129 1.409821816601478 12.0
134.35474967956543  seconds  2.421355054487129 1.409821816601478 13.0
135.8289077281952  seconds  2.421355054487129 1.409821816601478 14.0
137.7348175048828  seconds  2.421355054487129 1.409821816601478 1.1
134.26724195480347  seconds  2.421355054487129 1.409821816601478 15.0
134.0246376991272  seconds  2.421355054487129 1.409821816601478 3.1
137.81727933883667  seconds  2.421355054487129 1.409821816601478 16.0
136.38628363609314  seconds  2.421355054487129 1.409821816601478 17.0
138.3473036289215  seconds  2.421355054487129 1.409821816601478 4.1000000000000005
134.94931888580322  seconds  2.421355054487129 1.409821816601478 5.1000000000000005
136.01097512245178  seconds  2.421355054487129 1.409821816601478 18.0
102.32630276679993  seconds  2.421355054487129 1.409821816601478 0.2
139.5755136013031  seconds  2.421355054487129 1.409821816601478 19.0
139.2023801803589  seconds  2.421355054487129 1.409821816601478 6.1000000000000005
101.41785383224487  seconds  2.421355054487129 1.409821816601478 2.2
139.79894638061523  seconds  2.421355054487129 1.409821816601478 7.1000000000000005
140.5858509540558  seconds  2.421355054487129 1.409821816601478 8.1
135.01805758476257  seconds  2.421355054487129 1.409821816601478 9.1
140.14984679222107  seconds  2.421355054487129 1.409821816601478 10.100000000000001
137.09155869483948  seconds  2.421355054487129 1.409821816601478 11.100000000000001
139.9264874458313  seconds  2.421355054487129 1.409821816601478 12.100000000000001
137.74668741226196  seconds  2.421355054487129 1.409821816601478 13.100000000000001
134.02208924293518  seconds  2.421355054487129 1.409821816601478 14.100000000000001
137.16551446914673  seconds  2.421355054487129 1.409821816601478 15.100000000000001
142.22745060920715  seconds  2.421355054487129 1.409821816601478 1.2000000000000002
102.46793127059937  seconds  2.421355054487129 1.409821816601478 0.30000000000000004
142.83849358558655  seconds  2.421355054487129 1.409821816601478 3.2
148.22953414916992  seconds  2.421355054487129 1.409821816601478 16.1
104.06356716156006  seconds  2.421355054487129 1.409821816601478 2.3000000000000003
141.0156900882721  seconds  2.421355054487129 1.409821816601478 4.2
144.85167574882507  seconds  2.421355054487129 1.409821816601478 17.1
137.43460536003113  seconds  2.421355054487129 1.409821816601478 5.2
140.67558431625366  seconds  2.421355054487129 1.409821816601478 18.1
134.43391919136047  seconds  2.421355054487129 1.409821816601478 6.2
136.16603302955627  seconds  2.421355054487129 1.409821816601478 19.1
141.60813283920288  seconds  2.421355054487129 1.409821816601478 7.2
136.26897048950195  seconds  2.421355054487129 1.409821816601478 9.200000000000001
144.13228344917297  seconds  2.421355054487129 1.409821816601478 8.200000000000001
139.96522450447083  seconds  2.421355054487129 1.409821816601478 10.200000000000001
138.06449007987976  seconds  2.421355054487129 1.409821816601478 11.200000000000001
101.90828037261963  seconds  2.421355054487129 1.409821816601478 0.4
137.08291864395142  seconds  2.421355054487129 1.409821816601478 12.200000000000001
101.7105164527893  seconds  2.421355054487129 1.409821816601478 2.4000000000000004
141.89442420005798  seconds  2.421355054487129 1.409821816601478 13.200000000000001
142.1039333343506  seconds  2.421355054487129 1.409821816601478 14.200000000000001
132.86646103858948  seconds  2.421355054487129 1.409821816601478 15.200000000000001
132.19995546340942  seconds  2.421355054487129 1.409821816601478 1.3
142.1661765575409  seconds  2.421355054487129 1.409821816601478 3.3000000000000003
137.18046855926514  seconds  2.421355054487129 1.409821816601478 16.2
135.8546175956726  seconds  2.421355054487129 1.409821816601478 4.3
139.9052448272705  seconds  2.421355054487129 1.409821816601478 5.300000000000001
141.12799763679504  seconds  2.421355054487129 1.409821816601478 17.2
136.11111879348755  seconds  2.421355054487129 1.409821816601478 18.2
136.05485558509827  seconds  2.421355054487129 1.409821816601478 19.200000000000003
139.51141667366028  seconds  2.421355054487129 1.409821816601478 6.300000000000001
140.27648735046387  seconds  2.421355054487129 1.409821816601478 7.300000000000001
137.46799159049988  seconds  2.421355054487129 1.409821816601478 9.3
103.6782214641571  seconds  2.421355054487129 1.409821816601478 0.5
138.39901995658875  seconds  2.421355054487129 1.409821816601478 8.3
103.95236802101135  seconds  2.421355054487129 1.409821816601478 2.5
135.968816280365  seconds  2.421355054487129 1.409821816601478 11.3
144.1453275680542  seconds  2.421355054487129 1.409821816601478 10.3
136.7103772163391  seconds  2.421355054487129 1.409821816601478 12.3
140.9580900669098  seconds  2.421355054487129 1.409821816601478 13.3
137.6833770275116  seconds  2.421355054487129 1.409821816601478 1.4000000000000001
139.76869297027588  seconds  2.421355054487129 1.409821816601478 14.3
143.4976577758789  seconds  2.421355054487129 1.409821816601478 15.3
129.00548100471497  seconds  2.421355054487129 1.409821816601478 16.3
134.07399344444275  seconds  2.421355054487129 1.409821816601478 4.4
141.4028480052948  seconds  2.421355054487129 1.409821816601478 3.4000000000000004
137.85122346878052  seconds  2.421355054487129 1.409821816601478 17.3
138.9748182296753  seconds  2.421355054487129 1.409821816601478 18.3
143.04927468299866  seconds  2.421355054487129 1.409821816601478 5.4
104.99797010421753  seconds  2.421355054487129 1.409821816601478 0.6000000000000001
135.77275943756104  seconds  2.421355054487129 1.409821816601478 19.3
134.7922101020813  seconds  2.421355054487129 1.409821816601478 6.4
103.32720351219177  seconds  2.421355054487129 1.409821816601478 2.6
138.42983841896057  seconds  2.421355054487129 1.409821816601478 9.4
138.948801279068  seconds  2.421355054487129 1.409821816601478 7.4
138.28934693336487  seconds  2.421355054487129 1.409821816601478 8.4
135.6230103969574  seconds  2.421355054487129 1.409821816601478 11.4
141.36929631233215  seconds  2.421355054487129 1.409821816601478 12.4
144.6797158718109  seconds  2.421355054487129 1.409821816601478 10.4
136.50338459014893  seconds  2.421355054487129 1.409821816601478 13.4
137.81735110282898  seconds  2.421355054487129 1.409821816601478 1.5
137.6325318813324  seconds  2.421355054487129 1.409821816601478 14.4
138.95557928085327  seconds  2.421355054487129 1.409821816601478 15.4
101.66569995880127  seconds  2.421355054487129 1.409821816601478 0.7000000000000001
136.56472325325012  seconds  2.421355054487129 1.409821816601478 16.400000000000002
134.9942753314972  seconds  2.421355054487129 1.409821816601478 4.5
105.37449169158936  seconds  2.421355054487129 1.409821816601478 2.7
139.25991034507751  seconds  2.421355054487129 1.409821816601478 3.5
141.33912897109985  seconds  2.421355054487129 1.409821816601478 17.400000000000002
138.84471225738525  seconds  2.421355054487129 1.409821816601478 18.400000000000002
139.22556686401367  seconds  2.421355054487129 1.409821816601478 5.5
140.65505504608154  seconds  2.421355054487129 1.409821816601478 19.400000000000002
138.58071660995483  seconds  2.421355054487129 1.409821816601478 6.5
137.57077813148499  seconds  2.421355054487129 1.409821816601478 9.5
138.22333788871765  seconds  2.421355054487129 1.409821816601478 7.5
142.7391505241394  seconds  2.421355054487129 1.409821816601478 8.5
134.87710189819336  seconds  2.421355054487129 1.409821816601478 11.5
106.41485166549683  seconds  2.421355054487129 1.409821816601478 0.8
139.21127009391785  seconds  2.421355054487129 1.409821816601478 12.5
140.36307430267334  seconds  2.421355054487129 1.409821816601478 10.5
134.66661620140076  seconds  2.421355054487129 1.409821816601478 13.5
103.0704517364502  seconds  2.421355054487129 1.409821816601478 2.8000000000000003
136.55488514900208  seconds  2.421355054487129 1.409821816601478 1.6
142.75346994400024  seconds  2.421355054487129 1.409821816601478 14.5
141.4522614479065  seconds  2.421355054487129 1.409821816601478 15.5
136.5961208343506  seconds  2.421355054487129 1.409821816601478 16.5
135.15871167182922  seconds  2.421355054487129 1.409821816601478 4.6000000000000005
135.15561604499817  seconds  2.421355054487129 1.409821816601478 3.6
136.217036485672  seconds  2.421355054487129 1.409821816601478 17.5
138.4460825920105  seconds  2.421355054487129 1.409821816601478 18.5
138.4025592803955  seconds  2.421355054487129 1.409821816601478 5.6000000000000005
137.6429479122162  seconds  2.421355054487129 1.409821816601478 6.6000000000000005
138.72477507591248  seconds  2.421355054487129 1.409821816601478 19.5
136.17596793174744  seconds  2.421355054487129 1.409821816601478 9.600000000000001
136.91495418548584  seconds  2.421355054487129 1.409821816601478 7.6000000000000005
102.68581509590149  seconds  2.421355054487129 1.409821816601478 0.9
142.04291677474976  seconds  2.421355054487129 1.409821816601478 8.6
138.28132915496826  seconds  2.421355054487129 1.409821816601478 11.600000000000001
102.11566686630249  seconds  2.421355054487129 1.409821816601478 2.9000000000000004
131.23410415649414  seconds  2.421355054487129 1.409821816601478 10.600000000000001
136.8168466091156  seconds  2.421355054487129 1.409821816601478 12.600000000000001
131.80641150474548  seconds  2.421355054487129 1.409821816601478 13.600000000000001
138.94624519348145  seconds  2.421355054487129 1.409821816601478 1.7000000000000002
140.02960205078125  seconds  2.421355054487129 1.409821816601478 14.600000000000001
136.32073068618774  seconds  2.421355054487129 1.409821816601478 15.600000000000001
138.53228974342346  seconds  2.421355054487129 1.409821816601478 16.6
135.64949488639832  seconds  2.421355054487129 1.409821816601478 4.7
136.7433705329895  seconds  2.421355054487129 1.409821816601478 3.7
132.62504768371582  seconds  2.421355054487129 1.409821816601478 5.7
134.6057140827179  seconds  2.421355054487129 1.409821816601478 18.6
139.99948024749756  seconds  2.421355054487129 1.409821816601478 17.6
134.58132767677307  seconds  2.421355054487129 1.409821816601478 19.6
138.08398723602295  seconds  2.421355054487129 1.409821816601478 6.7
137.68998908996582  seconds  2.421355054487129 1.409821816601478 7.7
139.49966979026794  seconds  2.421355054487129 1.409821816601478 9.700000000000001
137.78920793533325  seconds  2.421355054487129 1.409821816601478 8.700000000000001
137.6417806148529  seconds  2.421355054487129 1.409821816601478 11.700000000000001
135.3629012107849  seconds  2.421355054487129 1.409821816601478 10.700000000000001
136.83439993858337  seconds  2.421355054487129 1.409821816601478 12.700000000000001
132.8451051712036  seconds  2.421355054487129 1.409821816601478 13.700000000000001
134.00238633155823  seconds  2.421355054487129 1.409821816601478 1.8
134.4439160823822  seconds  2.421355054487129 1.409821816601478 14.700000000000001
136.49662041664124  seconds  2.421355054487129 1.409821816601478 15.700000000000001
137.3318235874176  seconds  2.421355054487129 1.409821816601478 16.7
134.701651096344  seconds  2.421355054487129 1.409821816601478 4.800000000000001
135.47377467155457  seconds  2.421355054487129 1.409821816601478 3.8000000000000003
135.52633833885193  seconds  2.421355054487129 1.409821816601478 5.800000000000001
136.0413200855255  seconds  2.421355054487129 1.409821816601478 18.7
138.30049347877502  seconds  2.421355054487129 1.409821816601478 17.7
137.32379150390625  seconds  2.421355054487129 1.409821816601478 19.700000000000003
135.2325315475464  seconds  2.421355054487129 1.409821816601478 6.800000000000001
137.4158742427826  seconds  2.421355054487129 1.409821816601478 7.800000000000001
141.29652619361877  seconds  2.421355054487129 1.409821816601478 9.8
133.90033555030823  seconds  2.421355054487129 1.409821816601478 8.8
134.9479308128357  seconds  2.421355054487129 1.409821816601478 11.8
132.78342390060425  seconds  2.421355054487129 1.409821816601478 10.8
135.8790032863617  seconds  2.421355054487129 1.409821816601478 12.8
139.26179766654968  seconds  2.421355054487129 1.409821816601478 13.8
131.79735708236694  seconds  2.421355054487129 1.409821816601478 1.9000000000000001
134.51587176322937  seconds  2.421355054487129 1.409821816601478 14.8
136.7567286491394  seconds  2.421355054487129 1.409821816601478 15.8
134.83561301231384  seconds  2.421355054487129 1.409821816601478 4.9
136.06869196891785  seconds  2.421355054487129 1.409821816601478 16.8
131.59597611427307  seconds  2.421355054487129 1.409821816601478 3.9000000000000004
128.5619306564331  seconds  2.421355054487129 1.409821816601478 5.9
130.6614921092987  seconds  2.421355054487129 1.409821816601478 18.8
131.51294827461243  seconds  2.421355054487129 1.409821816601478 6.9
133.06693410873413  seconds  2.421355054487129 1.409821816601478 19.8
136.93938183784485  seconds  2.421355054487129 1.409821816601478 17.8
131.80069017410278  seconds  2.421355054487129 1.409821816601478 7.9
130.22543501853943  seconds  2.421355054487129 1.409821816601478 9.9
130.26871347427368  seconds  2.421355054487129 1.409821816601478 8.9
129.6777651309967  seconds  2.421355054487129 1.409821816601478 11.9
126.26108741760254  seconds  2.421355054487129 1.409821816601478 10.9
126.64383029937744  seconds  2.421355054487129 1.409821816601478 12.9
121.96282243728638  seconds  2.421355054487129 1.409821816601478 13.9
117.63955354690552  seconds  2.421355054487129 1.409821816601478 14.9
116.36712384223938  seconds  2.421355054487129 1.409821816601478 15.9
114.40263175964355  seconds  2.421355054487129 1.409821816601478 16.900000000000002
109.9996702671051  seconds  2.421355054487129 1.409821816601478 18.900000000000002
107.74976420402527  seconds  2.421355054487129 1.409821816601478 19.900000000000002
108.68754196166992  seconds  2.421355054487129 1.409821816601478 17.900000000000002
time for calc.... 1524.6124017238617
109421.03user 37576.51system 2:24:07elapsed 1699%CPU (0avgtext+0avgdata 21605676maxresident)k
1528inputs+129624outputs (392major+543332344minor)pagefaults 0swaps
