reading lattice from... ./Lattices/sqKgridX8000.npy
reading lattice from... ./Lattices/sqKgridY8000.npy
starting sampling in reciprocal space....
 finished sampling in reciprocal space.... 0.08730387687683105
started calculating filling for chemical potential and dispersion parameters TB_single_band..
reading lattice from... ./Lattices/KgridX400.npy
reading lattice from... ./Lattices/KgridY400.npy
reading lattice from... ./Lattices/KgridX400.npy
reading lattice from... ./Lattices/KgridY400.npy
finished calculating filling for chemical potential
Filling: 0.5021914101708863 .... chemical potential: 29.41164495334965
The fermi energy in mev is: 3064.1164088176356, and in units of J: 296.3362097502549, the bandwidth is:494.39071566731144
reading lattice from... ./Lattices/KgridX8000.npy
reading lattice from... ./Lattices/KgridY8000.npy
reading lattice from... ./Lattices/sqKgridX8000.npy
reading lattice from... ./Lattices/sqKgridY8000.npy
energy at the point.. 2.612699153466239 0.5406345067362022  is  7.400112771449585e-06
the angle is  0.20404589651971108
20 the fermi surface points 4 chunk numtheads
starting with calculation of Sigma
197.46298933029175  seconds  2.612699153466239 0.5406345067362022 0
196.78921484947205  seconds  2.724999792452247 0.543565534643328 0
202.0701494216919  seconds  2.8373004314382544 0.546496562550454 0
203.1394214630127  seconds  2.9496010704242623 0.5494275904575798 0
198.90496301651  seconds  3.0619017094102703 0.5523586183647058 0
189.48830389976501  seconds  2.640774313212741 0.5413672637129836 0
186.21976900100708  seconds  2.7530749521987485 0.5442982916201096 0
185.84720659255981  seconds  2.8653755911847565 0.5472293195272354 0
187.07628965377808  seconds  2.9776762301707644 0.5501603474343614 0
187.22322964668274  seconds  3.0899768691567724 0.5530913753414872 0
189.46342635154724  seconds  2.6688494729592427 0.5421000206897651 0
193.9057116508484  seconds  2.7811501119452506 0.545031048596891 0
198.27600979804993  seconds  2.8934507509312586 0.5479620765040168 0
196.53142166137695  seconds  3.118052028903274 0.5538241323182687 0
207.529714345932  seconds  3.0057513899172665 0.5508931044111428 0
195.75083827972412  seconds  2.696924632705745 0.5428327776665466 0
191.15003776550293  seconds  2.8092252716917527 0.5457638055736724 0
182.4617838859558  seconds  2.9215259106777607 0.5486948334807984 0
173.90960216522217  seconds  3.146127188649776 0.5545568892950502 0
185.0322825908661  seconds  3.033826549663768 0.5516258613879242 0
time for calc.... 840.0383334159851
 plotting data from the run ...
saving data from the run ...
energy at the point.. 2.5966539165555025 0.8378965667101266  is  1.0400959698841916e-05
the angle is  0.3121349978541341
20 the fermi surface points 4 chunk numtheads
starting with calculation of Sigma
200.9228048324585  seconds  2.5966539165555025 0.8378965667101266 0
198.59648394584656  seconds  2.711048550214725 0.8484888458529057 0
205.0490221977234  seconds  2.8254431838739467 0.8590811249956848 0
202.6809368133545  seconds  2.939837817533169 0.869673404138464 0
200.37033081054688  seconds  3.054232451192391 0.8802656832812431 0
189.18541288375854  seconds  2.625252574970308 0.8405446364958213 0
190.9185130596161  seconds  2.7396472086295303 0.8511369156386005 0
183.48962688446045  seconds  2.854041842288752 0.8617291947813797 0
187.37473106384277  seconds  2.9684364759479744 0.8723214739241587 0
188.91573214530945  seconds  3.0828311096071968 0.8829137530669379 0
182.25142288208008  seconds  2.6538512333851134 0.8431927062815161 0
189.71468329429626  seconds  2.7682458670443357 0.8537849854242953 0
171.66228008270264  seconds  2.99703513436278 0.8749695437098536 0
185.19082903862  seconds  2.882640500703558 0.8643772645670744 0
166.76665902137756  seconds  3.111429768022002 0.8855618228526326 0
185.53063821792603  seconds  2.682449891799919 0.845840776067211 0
167.65146231651306  seconds  3.0256337927775854 0.8776176134955483 0
178.25934648513794  seconds  2.796844525459141 0.85643305520999 0
170.59261107444763  seconds  3.1400284264368077 0.8882098926383275 0
176.8260395526886  seconds  2.9112391591183635 0.8670253343527692 0
time for calc.... 796.553124666214
 plotting data from the run ...
saving data from the run ...
energy at the point.. 2.5477213028327195 1.1368970013037814  is  9.295332997538708e-06
the angle is  0.4197233160056505
20 the fermi surface points 4 chunk numtheads
starting with calculation of Sigma
168.81872248649597  seconds  2.5477213028327195 1.1368970013037814 0
177.6684377193451  seconds  2.661467173670395 1.166235293307673 0
182.06988644599915  seconds  2.7752130445080705 1.1955735853115645 0
181.19387340545654  seconds  2.8889589153457456 1.2249118773154561 0
179.14581751823425  seconds  3.002704786183421 1.2542501693193477 0
172.24101424217224  seconds  2.5761577705421383 1.1442315743047542 0
180.8038558959961  seconds  2.689903641379814 1.1735698663086458 0
179.81963872909546  seconds  2.803649512217489 1.2029081583125374 0
180.8117437362671  seconds  2.9173953830551644 1.232246450316429 0
178.76189279556274  seconds  3.03114125389284 1.2615847423203206 0
166.08275055885315  seconds  2.6045942382515572 1.151566147305727 0
189.5566442012787  seconds  2.7183401090892327 1.1809044393096186 0
189.67677450180054  seconds  2.832085979926908 1.2102427313135102 0
200.59708309173584  seconds  2.9458318507645833 1.2395810233174018 0
195.5187795162201  seconds  3.059577721602259 1.2689193153212934 0
169.3043713569641  seconds  2.633030705960976 1.1589007203067 0
187.7720024585724  seconds  2.7467765767986516 1.1882390123105917 0
182.66359949111938  seconds  2.8605224476363267 1.2175773043144833 0
185.42758893966675  seconds  2.974268318474002 1.2469155963183747 0
184.84360790252686  seconds  3.0880141893116777 1.2762538883222663 0
time for calc.... 811.4939017295837
 plotting data from the run ...
saving data from the run ...
energy at the point.. 2.4372546507317705 1.4115601912212083  is  1.07841213363713e-05
the angle is  0.5249549448529208
20 the fermi surface points 4 chunk numtheads
starting with calculation of Sigma
194.44756698608398  seconds  2.4372546507317705 1.4115601912212083 0
194.4391107559204  seconds  2.539721696474669 1.4712597640507685 0
191.38213562965393  seconds  2.6421887422175674 1.5309593368803287 0
198.47488451004028  seconds  2.744655787960466 1.5906589097098889 0
193.97351479530334  seconds  2.8471228337033647 1.6503584825394488 0
189.82451176643372  seconds  2.462871412167495 1.4264850844285983 0
191.79198241233826  seconds  2.5653384579103937 1.4861846572581585 0
187.93051290512085  seconds  2.667805503653292 1.5458842300877187 0
187.3539333343506  seconds  2.7702725493961906 1.6055838029172789 0
182.56194281578064  seconds  2.8727395951390893 1.665283375746839 0
173.5158064365387  seconds  2.4884881736032196 1.4414099776359883 0
170.16812992095947  seconds  2.5909552193461183 1.5011095504655485 0
172.91065120697021  seconds  2.693422265089017 1.5608091232951087 0
171.28386569023132  seconds  2.898356356574814 1.680208268954229 0
178.73632502555847  seconds  2.795889310831915 1.6205086961246689 0
174.12454199790955  seconds  2.514104935038944 1.4563348708433785 0
170.09568047523499  seconds  2.616571980781843 1.5160344436729387 0
171.9499216079712  seconds  2.7190390265247415 1.5757340165024987 0
170.1231951713562  seconds  2.9239731180105384 1.695133162161619 0
171.48314547538757  seconds  2.8215060722676397 1.6354335893320588 0
time for calc.... 791.9065299034119
 plotting data from the run ...
saving data from the run ...
11479.75user 3610.50system 54:21.60elapsed 462%CPU (0avgtext+0avgdata 38259196maxresident)k
0inputs+127112outputs (258major+138569271minor)pagefaults 0swaps
