reading lattice from... ./Lattices/sqKgridX6000.npy
reading lattice from... ./Lattices/sqKgridY6000.npy
starting sampling in reciprocal space....
 finished sampling in reciprocal space.... 0.08980536460876465
started calculating filling for chemical potential and dispersion parameters TB_single_band..
reading lattice from... ./Lattices/KgridX1200.npy
reading lattice from... ./Lattices/KgridY1200.npy
reading lattice from... ./Lattices/KgridX1200.npy
reading lattice from... ./Lattices/KgridY1200.npy
sum of the hist, normed? 1.0
finished calculating filling for chemical potential
Filling: 0.5005457254054085 .... chemical potential: 27.426155987022412
reading lattice from... ./Lattices/KgridX1200.npy
reading lattice from... ./Lattices/KgridY1200.npy
sum of the hist, normed? 0.9999999999999923
The fermi energy in mev is: 3043.586452905812, and in units of J: 294.35072078392767, the bandwidth is:494.39071566731144
reading lattice from... ./Lattices/KgridX6000.npy
reading lattice from... ./Lattices/KgridY6000.npy
reading lattice from... ./Lattices/sqKgridX6000.npy
reading lattice from... ./Lattices/sqKgridY6000.npy
energy at the point.. 2.607302062202848 -0.0069534984789219045  is  3.923355237134274e-06
200 the points 10 chunk numtheads
starting with calculation of Sigma
111.73819828033447  seconds  2.607302062202848 -0.0069534984789219045 0.0
95.12690806388855  seconds  2.607302062202848 -0.0069534984789219045 3.0
112.24375939369202  seconds  2.607302062202848 -0.0069534984789219045 1.0
113.92199873924255  seconds  2.607302062202848 -0.0069534984789219045 2.0
121.66123008728027  seconds  2.607302062202848 -0.0069534984789219045 4.0
120.50170660018921  seconds  2.607302062202848 -0.0069534984789219045 5.0
125.08686017990112  seconds  2.607302062202848 -0.0069534984789219045 6.0
121.87720942497253  seconds  2.607302062202848 -0.0069534984789219045 7.0
129.66255593299866  seconds  2.607302062202848 -0.0069534984789219045 8.0
131.2598695755005  seconds  2.607302062202848 -0.0069534984789219045 9.0
128.13886785507202  seconds  2.607302062202848 -0.0069534984789219045 10.0
99.58965349197388  seconds  2.607302062202848 -0.0069534984789219045 3.1
130.9495975971222  seconds  2.607302062202848 -0.0069534984789219045 11.0
130.36760020256042  seconds  2.607302062202848 -0.0069534984789219045 12.0
141.56074333190918  seconds  2.607302062202848 -0.0069534984789219045 13.0
139.12645626068115  seconds  2.607302062202848 -0.0069534984789219045 0.1
136.00480222702026  seconds  2.607302062202848 -0.0069534984789219045 14.0
138.73722863197327  seconds  2.607302062202848 -0.0069534984789219045 1.1
139.64112329483032  seconds  2.607302062202848 -0.0069534984789219045 15.0
141.3450539112091  seconds  2.607302062202848 -0.0069534984789219045 2.1
138.8107340335846  seconds  2.607302062202848 -0.0069534984789219045 16.0
141.0246021747589  seconds  2.607302062202848 -0.0069534984789219045 17.0
142.72623205184937  seconds  2.607302062202848 -0.0069534984789219045 4.1000000000000005
142.21382546424866  seconds  2.607302062202848 -0.0069534984789219045 18.0
142.67429542541504  seconds  2.607302062202848 -0.0069534984789219045 5.1000000000000005
141.74035167694092  seconds  2.607302062202848 -0.0069534984789219045 19.0
142.08020424842834  seconds  2.607302062202848 -0.0069534984789219045 6.1000000000000005
101.18115735054016  seconds  2.607302062202848 -0.0069534984789219045 3.2
145.07642340660095  seconds  2.607302062202848 -0.0069534984789219045 7.1000000000000005
140.71076917648315  seconds  2.607302062202848 -0.0069534984789219045 8.1
145.2301001548767  seconds  2.607302062202848 -0.0069534984789219045 9.1
147.65829467773438  seconds  2.607302062202848 -0.0069534984789219045 10.100000000000001
140.6738953590393  seconds  2.607302062202848 -0.0069534984789219045 11.100000000000001
137.84735202789307  seconds  2.607302062202848 -0.0069534984789219045 12.100000000000001
141.54287123680115  seconds  2.607302062202848 -0.0069534984789219045 13.100000000000001
142.72191834449768  seconds  2.607302062202848 -0.0069534984789219045 0.2
143.48551034927368  seconds  2.607302062202848 -0.0069534984789219045 14.100000000000001
142.5440390110016  seconds  2.607302062202848 -0.0069534984789219045 1.2000000000000002
137.95215582847595  seconds  2.607302062202848 -0.0069534984789219045 15.100000000000001
137.203200340271  seconds  2.607302062202848 -0.0069534984789219045 2.2
141.2283546924591  seconds  2.607302062202848 -0.0069534984789219045 16.1
103.43479418754578  seconds  2.607302062202848 -0.0069534984789219045 3.3000000000000003
140.2483069896698  seconds  2.607302062202848 -0.0069534984789219045 17.1
142.61542105674744  seconds  2.607302062202848 -0.0069534984789219045 4.2
142.00852799415588  seconds  2.607302062202848 -0.0069534984789219045 18.1
139.3781430721283  seconds  2.607302062202848 -0.0069534984789219045 5.2
141.94281649589539  seconds  2.607302062202848 -0.0069534984789219045 19.1
138.09476137161255  seconds  2.607302062202848 -0.0069534984789219045 6.2
139.30253863334656  seconds  2.607302062202848 -0.0069534984789219045 7.2
141.43905806541443  seconds  2.607302062202848 -0.0069534984789219045 8.200000000000001
141.33981847763062  seconds  2.607302062202848 -0.0069534984789219045 9.200000000000001
137.6219983100891  seconds  2.607302062202848 -0.0069534984789219045 10.200000000000001
143.11679029464722  seconds  2.607302062202848 -0.0069534984789219045 11.200000000000001
145.7209436893463  seconds  2.607302062202848 -0.0069534984789219045 12.200000000000001
129.78248739242554  seconds  2.607302062202848 -0.0069534984789219045 13.200000000000001
100.7112820148468  seconds  2.607302062202848 -0.0069534984789219045 3.4000000000000004
137.2434515953064  seconds  2.607302062202848 -0.0069534984789219045 0.30000000000000004
139.95995545387268  seconds  2.607302062202848 -0.0069534984789219045 14.200000000000001
141.8142285346985  seconds  2.607302062202848 -0.0069534984789219045 1.3
142.00984382629395  seconds  2.607302062202848 -0.0069534984789219045 15.200000000000001
144.80465841293335  seconds  2.607302062202848 -0.0069534984789219045 2.3000000000000003
143.756982088089  seconds  2.607302062202848 -0.0069534984789219045 16.2
138.68112063407898  seconds  2.607302062202848 -0.0069534984789219045 17.2
139.4894516468048  seconds  2.607302062202848 -0.0069534984789219045 4.3
139.25728273391724  seconds  2.607302062202848 -0.0069534984789219045 18.2
140.556791305542  seconds  2.607302062202848 -0.0069534984789219045 5.300000000000001
140.94535088539124  seconds  2.607302062202848 -0.0069534984789219045 19.200000000000003
140.60180830955505  seconds  2.607302062202848 -0.0069534984789219045 6.300000000000001
140.08014631271362  seconds  2.607302062202848 -0.0069534984789219045 7.300000000000001
141.07556581497192  seconds  2.607302062202848 -0.0069534984789219045 8.3
100.85691213607788  seconds  2.607302062202848 -0.0069534984789219045 3.5
140.98257756233215  seconds  2.607302062202848 -0.0069534984789219045 9.3
141.75264310836792  seconds  2.607302062202848 -0.0069534984789219045 10.3
135.67250061035156  seconds  2.607302062202848 -0.0069534984789219045 11.3
134.39889574050903  seconds  2.607302062202848 -0.0069534984789219045 13.3
143.61637425422668  seconds  2.607302062202848 -0.0069534984789219045 12.3
137.40010237693787  seconds  2.607302062202848 -0.0069534984789219045 0.4
140.27611112594604  seconds  2.607302062202848 -0.0069534984789219045 14.3
140.4442057609558  seconds  2.607302062202848 -0.0069534984789219045 1.4000000000000001
140.4289186000824  seconds  2.607302062202848 -0.0069534984789219045 15.3
145.46647787094116  seconds  2.607302062202848 -0.0069534984789219045 2.4000000000000004
144.11683559417725  seconds  2.607302062202848 -0.0069534984789219045 16.3
139.80442070960999  seconds  2.607302062202848 -0.0069534984789219045 17.3
143.57789754867554  seconds  2.607302062202848 -0.0069534984789219045 4.4
140.0301215648651  seconds  2.607302062202848 -0.0069534984789219045 5.4
148.67025637626648  seconds  2.607302062202848 -0.0069534984789219045 18.3
104.37065196037292  seconds  2.607302062202848 -0.0069534984789219045 3.6
141.36536049842834  seconds  2.607302062202848 -0.0069534984789219045 19.3
141.03717970848083  seconds  2.607302062202848 -0.0069534984789219045 6.4
139.5624759197235  seconds  2.607302062202848 -0.0069534984789219045 7.4
141.7113037109375  seconds  2.607302062202848 -0.0069534984789219045 8.4
136.32614088058472  seconds  2.607302062202848 -0.0069534984789219045 9.4
137.3645122051239  seconds  2.607302062202848 -0.0069534984789219045 10.4
142.78933334350586  seconds  2.607302062202848 -0.0069534984789219045 11.4
133.07073760032654  seconds  2.607302062202848 -0.0069534984789219045 13.4
136.32951498031616  seconds  2.607302062202848 -0.0069534984789219045 12.4
136.94260668754578  seconds  2.607302062202848 -0.0069534984789219045 0.5
138.26738595962524  seconds  2.607302062202848 -0.0069534984789219045 14.4
135.42466473579407  seconds  2.607302062202848 -0.0069534984789219045 1.5
139.742835521698  seconds  2.607302062202848 -0.0069534984789219045 15.4
99.06879186630249  seconds  2.607302062202848 -0.0069534984789219045 3.7
144.41857481002808  seconds  2.607302062202848 -0.0069534984789219045 2.5
145.80132699012756  seconds  2.607302062202848 -0.0069534984789219045 17.400000000000002
146.41620135307312  seconds  2.607302062202848 -0.0069534984789219045 16.400000000000002
137.85077118873596  seconds  2.607302062202848 -0.0069534984789219045 5.5
143.4447376728058  seconds  2.607302062202848 -0.0069534984789219045 4.5
139.2933316230774  seconds  2.607302062202848 -0.0069534984789219045 19.400000000000002
142.53125262260437  seconds  2.607302062202848 -0.0069534984789219045 18.400000000000002
138.56320428848267  seconds  2.607302062202848 -0.0069534984789219045 6.5
140.38308906555176  seconds  2.607302062202848 -0.0069534984789219045 7.5
140.86819887161255  seconds  2.607302062202848 -0.0069534984789219045 8.5
135.18650197982788  seconds  2.607302062202848 -0.0069534984789219045 9.5
142.5046513080597  seconds  2.607302062202848 -0.0069534984789219045 10.5
136.25395250320435  seconds  2.607302062202848 -0.0069534984789219045 11.5
137.53459191322327  seconds  2.607302062202848 -0.0069534984789219045 13.5
102.38672208786011  seconds  2.607302062202848 -0.0069534984789219045 3.8000000000000003
140.27007246017456  seconds  2.607302062202848 -0.0069534984789219045 12.5
141.96253943443298  seconds  2.607302062202848 -0.0069534984789219045 0.6000000000000001
139.8740270137787  seconds  2.607302062202848 -0.0069534984789219045 14.5
143.81235694885254  seconds  2.607302062202848 -0.0069534984789219045 1.6
142.42500710487366  seconds  2.607302062202848 -0.0069534984789219045 15.5
140.89957761764526  seconds  2.607302062202848 -0.0069534984789219045 2.6
136.98761796951294  seconds  2.607302062202848 -0.0069534984789219045 16.5
138.68383693695068  seconds  2.607302062202848 -0.0069534984789219045 17.5
140.51145148277283  seconds  2.607302062202848 -0.0069534984789219045 5.6000000000000005
135.19357776641846  seconds  2.607302062202848 -0.0069534984789219045 19.5
140.849347114563  seconds  2.607302062202848 -0.0069534984789219045 4.6000000000000005
140.2346363067627  seconds  2.607302062202848 -0.0069534984789219045 18.5
142.84894585609436  seconds  2.607302062202848 -0.0069534984789219045 6.6000000000000005
139.1808214187622  seconds  2.607302062202848 -0.0069534984789219045 7.6000000000000005
102.56074452400208  seconds  2.607302062202848 -0.0069534984789219045 3.9000000000000004
135.485267162323  seconds  2.607302062202848 -0.0069534984789219045 8.6
137.9176869392395  seconds  2.607302062202848 -0.0069534984789219045 9.600000000000001
141.37230014801025  seconds  2.607302062202848 -0.0069534984789219045 10.600000000000001
135.82910823822021  seconds  2.607302062202848 -0.0069534984789219045 13.600000000000001
142.7707073688507  seconds  2.607302062202848 -0.0069534984789219045 11.600000000000001
138.03734469413757  seconds  2.607302062202848 -0.0069534984789219045 12.600000000000001
140.60998845100403  seconds  2.607302062202848 -0.0069534984789219045 0.7000000000000001
146.64616537094116  seconds  2.607302062202848 -0.0069534984789219045 14.600000000000001
144.165296792984  seconds  2.607302062202848 -0.0069534984789219045 1.7000000000000002
136.82911729812622  seconds  2.607302062202848 -0.0069534984789219045 15.600000000000001
142.4230296611786  seconds  2.607302062202848 -0.0069534984789219045 2.7
137.81661581993103  seconds  2.607302062202848 -0.0069534984789219045 16.6
140.48904752731323  seconds  2.607302062202848 -0.0069534984789219045 17.6
140.6975657939911  seconds  2.607302062202848 -0.0069534984789219045 5.7
140.12346863746643  seconds  2.607302062202848 -0.0069534984789219045 19.6
140.43724989891052  seconds  2.607302062202848 -0.0069534984789219045 4.7
142.595205783844  seconds  2.607302062202848 -0.0069534984789219045 18.6
138.92594122886658  seconds  2.607302062202848 -0.0069534984789219045 6.7
136.57933735847473  seconds  2.607302062202848 -0.0069534984789219045 7.7
146.2440619468689  seconds  2.607302062202848 -0.0069534984789219045 8.700000000000001
141.98573899269104  seconds  2.607302062202848 -0.0069534984789219045 9.700000000000001
139.31394410133362  seconds  2.607302062202848 -0.0069534984789219045 10.700000000000001
137.24741864204407  seconds  2.607302062202848 -0.0069534984789219045 13.700000000000001
138.974426984787  seconds  2.607302062202848 -0.0069534984789219045 11.700000000000001
140.50824093818665  seconds  2.607302062202848 -0.0069534984789219045 12.700000000000001
136.8069703578949  seconds  2.607302062202848 -0.0069534984789219045 0.8
141.27737545967102  seconds  2.607302062202848 -0.0069534984789219045 1.8
144.01133632659912  seconds  2.607302062202848 -0.0069534984789219045 14.700000000000001
142.11320972442627  seconds  2.607302062202848 -0.0069534984789219045 15.700000000000001
135.16453623771667  seconds  2.607302062202848 -0.0069534984789219045 16.7
137.44890832901  seconds  2.607302062202848 -0.0069534984789219045 2.8000000000000003
140.0752387046814  seconds  2.607302062202848 -0.0069534984789219045 17.7
139.83448600769043  seconds  2.607302062202848 -0.0069534984789219045 5.800000000000001
136.96306037902832  seconds  2.607302062202848 -0.0069534984789219045 4.800000000000001
138.9128336906433  seconds  2.607302062202848 -0.0069534984789219045 19.700000000000003
139.27668952941895  seconds  2.607302062202848 -0.0069534984789219045 7.800000000000001
144.20018029212952  seconds  2.607302062202848 -0.0069534984789219045 6.800000000000001
147.52593421936035  seconds  2.607302062202848 -0.0069534984789219045 18.7
139.68785786628723  seconds  2.607302062202848 -0.0069534984789219045 8.8
140.0572543144226  seconds  2.607302062202848 -0.0069534984789219045 9.8
142.47038102149963  seconds  2.607302062202848 -0.0069534984789219045 10.8
141.54871273040771  seconds  2.607302062202848 -0.0069534984789219045 13.8
141.77918672561646  seconds  2.607302062202848 -0.0069534984789219045 11.8
138.9344301223755  seconds  2.607302062202848 -0.0069534984789219045 12.8
141.53666639328003  seconds  2.607302062202848 -0.0069534984789219045 0.9
136.3886890411377  seconds  2.607302062202848 -0.0069534984789219045 1.9000000000000001
139.33720803260803  seconds  2.607302062202848 -0.0069534984789219045 15.8
140.44824242591858  seconds  2.607302062202848 -0.0069534984789219045 14.8
135.76226258277893  seconds  2.607302062202848 -0.0069534984789219045 2.9000000000000004
138.11006784439087  seconds  2.607302062202848 -0.0069534984789219045 16.8
139.01838397979736  seconds  2.607302062202848 -0.0069534984789219045 17.8
136.92402291297913  seconds  2.607302062202848 -0.0069534984789219045 5.9
136.63425183296204  seconds  2.607302062202848 -0.0069534984789219045 19.8
141.203928232193  seconds  2.607302062202848 -0.0069534984789219045 4.9
136.16016268730164  seconds  2.607302062202848 -0.0069534984789219045 7.9
133.59418058395386  seconds  2.607302062202848 -0.0069534984789219045 18.8
136.96554899215698  seconds  2.607302062202848 -0.0069534984789219045 6.9
129.51156568527222  seconds  2.607302062202848 -0.0069534984789219045 8.9
128.83035039901733  seconds  2.607302062202848 -0.0069534984789219045 9.9
123.7769455909729  seconds  2.607302062202848 -0.0069534984789219045 13.9
128.55305337905884  seconds  2.607302062202848 -0.0069534984789219045 10.9
129.80383110046387  seconds  2.607302062202848 -0.0069534984789219045 11.9
125.89846730232239  seconds  2.607302062202848 -0.0069534984789219045 12.9
117.34296703338623  seconds  2.607302062202848 -0.0069534984789219045 15.9
118.09835696220398  seconds  2.607302062202848 -0.0069534984789219045 14.9
119.64278721809387  seconds  2.607302062202848 -0.0069534984789219045 16.900000000000002
111.54552912712097  seconds  2.607302062202848 -0.0069534984789219045 17.900000000000002
107.42843270301819  seconds  2.607302062202848 -0.0069534984789219045 19.900000000000002
105.1835560798645  seconds  2.607302062202848 -0.0069534984789219045 18.900000000000002
time for calc.... 1550.866111278534
energy at the point.. 2.6065504737387184 0.2694480660582359  is  2.9915582295814147e-06
200 the points 10 chunk numtheads
starting with calculation of Sigma
107.2512583732605  seconds  2.6065504737387184 0.2694480660582359 0.0
111.0532820224762  seconds  2.6065504737387184 0.2694480660582359 1.0
109.49523210525513  seconds  2.6065504737387184 0.2694480660582359 2.0
112.73248624801636  seconds  2.6065504737387184 0.2694480660582359 3.0
117.5238208770752  seconds  2.6065504737387184 0.2694480660582359 4.0
119.01260495185852  seconds  2.6065504737387184 0.2694480660582359 5.0
104.89982557296753  seconds  2.6065504737387184 0.2694480660582359 7.0
120.41422319412231  seconds  2.6065504737387184 0.2694480660582359 6.0
128.84658885002136  seconds  2.6065504737387184 0.2694480660582359 8.0
130.71833753585815  seconds  2.6065504737387184 0.2694480660582359 9.0
131.61985898017883  seconds  2.6065504737387184 0.2694480660582359 10.0
104.06267046928406  seconds  2.6065504737387184 0.2694480660582359 14.0
134.32255506515503  seconds  2.6065504737387184 0.2694480660582359 11.0
123.13111066818237  seconds  2.6065504737387184 0.2694480660582359 13.0
105.87586236000061  seconds  2.6065504737387184 0.2694480660582359 15.0
141.0721616744995  seconds  2.6065504737387184 0.2694480660582359 12.0
138.16560435295105  seconds  2.6065504737387184 0.2694480660582359 0.1
105.60321283340454  seconds  2.6065504737387184 0.2694480660582359 17.0
140.41094088554382  seconds  2.6065504737387184 0.2694480660582359 1.1
138.99871635437012  seconds  2.6065504737387184 0.2694480660582359 2.1
106.38678407669067  seconds  2.6065504737387184 0.2694480660582359 7.1000000000000005
107.5303943157196  seconds  2.6065504737387184 0.2694480660582359 19.0
139.55874300003052  seconds  2.6065504737387184 0.2694480660582359 16.0
139.7635567188263  seconds  2.6065504737387184 0.2694480660582359 3.1
136.44061136245728  seconds  2.6065504737387184 0.2694480660582359 4.1000000000000005
138.2908375263214  seconds  2.6065504737387184 0.2694480660582359 18.0
134.5413384437561  seconds  2.6065504737387184 0.2694480660582359 5.1000000000000005
142.56881999969482  seconds  2.6065504737387184 0.2694480660582359 6.1000000000000005
107.92849683761597  seconds  2.6065504737387184 0.2694480660582359 14.100000000000001
141.0929296016693  seconds  2.6065504737387184 0.2694480660582359 8.1
106.71694898605347  seconds  2.6065504737387184 0.2694480660582359 15.100000000000001
135.18361496925354  seconds  2.6065504737387184 0.2694480660582359 9.1
109.6943142414093  seconds  2.6065504737387184 0.2694480660582359 13.100000000000001
138.43599939346313  seconds  2.6065504737387184 0.2694480660582359 10.100000000000001
108.09767842292786  seconds  2.6065504737387184 0.2694480660582359 17.1
140.70198702812195  seconds  2.6065504737387184 0.2694480660582359 11.100000000000001
136.25047183036804  seconds  2.6065504737387184 0.2694480660582359 12.100000000000001
108.69958567619324  seconds  2.6065504737387184 0.2694480660582359 19.1
112.1705846786499  seconds  2.6065504737387184 0.2694480660582359 7.2
122.0295295715332  seconds  2.6065504737387184 0.2694480660582359 1.2000000000000002
136.22012996673584  seconds  2.6065504737387184 0.2694480660582359 0.2
136.68431043624878  seconds  2.6065504737387184 0.2694480660582359 2.2
135.00858211517334  seconds  2.6065504737387184 0.2694480660582359 16.1
135.9066936969757  seconds  2.6065504737387184 0.2694480660582359 3.2
134.485848903656  seconds  2.6065504737387184 0.2694480660582359 4.2
135.05016493797302  seconds  2.6065504737387184 0.2694480660582359 5.2
137.3835837841034  seconds  2.6065504737387184 0.2694480660582359 18.1
109.89180278778076  seconds  2.6065504737387184 0.2694480660582359 14.200000000000001
137.24336075782776  seconds  2.6065504737387184 0.2694480660582359 6.2
108.98625016212463  seconds  2.6065504737387184 0.2694480660582359 15.200000000000001
109.19708609580994  seconds  2.6065504737387184 0.2694480660582359 13.200000000000001
109.58401989936829  seconds  2.6065504737387184 0.2694480660582359 17.2
137.767098903656  seconds  2.6065504737387184 0.2694480660582359 8.200000000000001
135.23340153694153  seconds  2.6065504737387184 0.2694480660582359 9.200000000000001
134.30571222305298  seconds  2.6065504737387184 0.2694480660582359 10.200000000000001
111.31419157981873  seconds  2.6065504737387184 0.2694480660582359 7.300000000000001
112.12157964706421  seconds  2.6065504737387184 0.2694480660582359 19.200000000000003
110.52905821800232  seconds  2.6065504737387184 0.2694480660582359 1.3
130.79199886322021  seconds  2.6065504737387184 0.2694480660582359 11.200000000000001
122.82166934013367  seconds  2.6065504737387184 0.2694480660582359 0.30000000000000004
135.02930402755737  seconds  2.6065504737387184 0.2694480660582359 12.200000000000001
131.99646258354187  seconds  2.6065504737387184 0.2694480660582359 2.3000000000000003
130.6166582107544  seconds  2.6065504737387184 0.2694480660582359 16.2
129.06132650375366  seconds  2.6065504737387184 0.2694480660582359 3.3000000000000003
110.34733891487122  seconds  2.6065504737387184 0.2694480660582359 14.3
132.12267303466797  seconds  2.6065504737387184 0.2694480660582359 4.3
125.59165000915527  seconds  2.6065504737387184 0.2694480660582359 5.300000000000001
128.4938793182373  seconds  2.6065504737387184 0.2694480660582359 18.2
110.45882105827332  seconds  2.6065504737387184 0.2694480660582359 15.3
109.80482077598572  seconds  2.6065504737387184 0.2694480660582359 13.3
110.41966724395752  seconds  2.6065504737387184 0.2694480660582359 17.3
132.10839009284973  seconds  2.6065504737387184 0.2694480660582359 6.300000000000001
109.08581686019897  seconds  2.6065504737387184 0.2694480660582359 19.3
134.32582902908325  seconds  2.6065504737387184 0.2694480660582359 8.3
135.20712995529175  seconds  2.6065504737387184 0.2694480660582359 9.3
120.26019597053528  seconds  2.6065504737387184 0.2694480660582359 7.4
120.48071527481079  seconds  2.6065504737387184 0.2694480660582359 1.4000000000000001
108.9844696521759  seconds  2.6065504737387184 0.2694480660582359 0.4
132.09743547439575  seconds  2.6065504737387184 0.2694480660582359 10.3
133.35176730155945  seconds  2.6065504737387184 0.2694480660582359 11.3
129.9630765914917  seconds  2.6065504737387184 0.2694480660582359 12.3
110.99499106407166  seconds  2.6065504737387184 0.2694480660582359 14.4
126.36283946037292  seconds  2.6065504737387184 0.2694480660582359 16.3
134.2777771949768  seconds  2.6065504737387184 0.2694480660582359 2.4000000000000004
109.55657434463501  seconds  2.6065504737387184 0.2694480660582359 13.4
131.23949766159058  seconds  2.6065504737387184 0.2694480660582359 3.4000000000000004
114.81622529029846  seconds  2.6065504737387184 0.2694480660582359 15.4
125.28152704238892  seconds  2.6065504737387184 0.2694480660582359 4.4
133.25335335731506  seconds  2.6065504737387184 0.2694480660582359 5.4
109.77200198173523  seconds  2.6065504737387184 0.2694480660582359 17.400000000000002
130.69661593437195  seconds  2.6065504737387184 0.2694480660582359 18.3
129.41556549072266  seconds  2.6065504737387184 0.2694480660582359 6.4
110.1110851764679  seconds  2.6065504737387184 0.2694480660582359 19.400000000000002
113.97259497642517  seconds  2.6065504737387184 0.2694480660582359 0.5
125.56338548660278  seconds  2.6065504737387184 0.2694480660582359 8.4
123.7707052230835  seconds  2.6065504737387184 0.2694480660582359 7.5
123.6403317451477  seconds  2.6065504737387184 0.2694480660582359 1.5
129.5823392868042  seconds  2.6065504737387184 0.2694480660582359 9.4
128.0674958229065  seconds  2.6065504737387184 0.2694480660582359 10.4
133.315190076828  seconds  2.6065504737387184 0.2694480660582359 11.4
111.78225374221802  seconds  2.6065504737387184 0.2694480660582359 14.5
130.9745843410492  seconds  2.6065504737387184 0.2694480660582359 12.4
111.48307204246521  seconds  2.6065504737387184 0.2694480660582359 13.5
112.17031908035278  seconds  2.6065504737387184 0.2694480660582359 15.5
125.44877982139587  seconds  2.6065504737387184 0.2694480660582359 16.400000000000002
110.7763524055481  seconds  2.6065504737387184 0.2694480660582359 17.5
132.62892508506775  seconds  2.6065504737387184 0.2694480660582359 2.5
129.05556893348694  seconds  2.6065504737387184 0.2694480660582359 3.5
129.053213596344  seconds  2.6065504737387184 0.2694480660582359 4.5
128.8397240638733  seconds  2.6065504737387184 0.2694480660582359 5.5
131.0494327545166  seconds  2.6065504737387184 0.2694480660582359 18.400000000000002
110.70933365821838  seconds  2.6065504737387184 0.2694480660582359 19.5
127.88385367393494  seconds  2.6065504737387184 0.2694480660582359 6.5
110.40734696388245  seconds  2.6065504737387184 0.2694480660582359 0.6000000000000001
111.81862783432007  seconds  2.6065504737387184 0.2694480660582359 8.5
121.73748278617859  seconds  2.6065504737387184 0.2694480660582359 7.6000000000000005
121.42516756057739  seconds  2.6065504737387184 0.2694480660582359 1.6
122.36192870140076  seconds  2.6065504737387184 0.2694480660582359 9.5
129.42211389541626  seconds  2.6065504737387184 0.2694480660582359 10.5
112.5350615978241  seconds  2.6065504737387184 0.2694480660582359 14.600000000000001
112.2705500125885  seconds  2.6065504737387184 0.2694480660582359 13.600000000000001
131.4277720451355  seconds  2.6065504737387184 0.2694480660582359 11.5
113.5773606300354  seconds  2.6065504737387184 0.2694480660582359 15.600000000000001
129.05418014526367  seconds  2.6065504737387184 0.2694480660582359 12.5
112.55780601501465  seconds  2.6065504737387184 0.2694480660582359 17.6
123.98728585243225  seconds  2.6065504737387184 0.2694480660582359 16.5
123.63954567909241  seconds  2.6065504737387184 0.2694480660582359 4.6000000000000005
131.61423993110657  seconds  2.6065504737387184 0.2694480660582359 2.6
133.0300257205963  seconds  2.6065504737387184 0.2694480660582359 3.6
115.25191307067871  seconds  2.6065504737387184 0.2694480660582359 19.6
126.55118608474731  seconds  2.6065504737387184 0.2694480660582359 5.6000000000000005
127.22771739959717  seconds  2.6065504737387184 0.2694480660582359 18.5
112.75157833099365  seconds  2.6065504737387184 0.2694480660582359 0.7000000000000001
113.15140175819397  seconds  2.6065504737387184 0.2694480660582359 8.6
111.13307213783264  seconds  2.6065504737387184 0.2694480660582359 7.7
132.01623368263245  seconds  2.6065504737387184 0.2694480660582359 6.6000000000000005
112.57922101020813  seconds  2.6065504737387184 0.2694480660582359 1.7000000000000002
124.94954490661621  seconds  2.6065504737387184 0.2694480660582359 9.600000000000001
112.44821047782898  seconds  2.6065504737387184 0.2694480660582359 14.700000000000001
125.56643843650818  seconds  2.6065504737387184 0.2694480660582359 10.600000000000001
114.12199974060059  seconds  2.6065504737387184 0.2694480660582359 13.700000000000001
115.96212315559387  seconds  2.6065504737387184 0.2694480660582359 15.700000000000001
111.67785930633545  seconds  2.6065504737387184 0.2694480660582359 17.7
130.42778038978577  seconds  2.6065504737387184 0.2694480660582359 11.600000000000001
125.59602165222168  seconds  2.6065504737387184 0.2694480660582359 12.600000000000001
130.59726524353027  seconds  2.6065504737387184 0.2694480660582359 16.6
111.66080594062805  seconds  2.6065504737387184 0.2694480660582359 19.700000000000003
126.97199630737305  seconds  2.6065504737387184 0.2694480660582359 2.7
129.6864252090454  seconds  2.6065504737387184 0.2694480660582359 4.7
127.99062395095825  seconds  2.6065504737387184 0.2694480660582359 3.7
112.613600730896  seconds  2.6065504737387184 0.2694480660582359 0.8
112.99519395828247  seconds  2.6065504737387184 0.2694480660582359 8.700000000000001
127.78735971450806  seconds  2.6065504737387184 0.2694480660582359 5.7
132.2907907962799  seconds  2.6065504737387184 0.2694480660582359 18.6
114.44458961486816  seconds  2.6065504737387184 0.2694480660582359 7.800000000000001
112.50872373580933  seconds  2.6065504737387184 0.2694480660582359 1.8
128.21992945671082  seconds  2.6065504737387184 0.2694480660582359 6.7
112.83964800834656  seconds  2.6065504737387184 0.2694480660582359 14.8
131.49827432632446  seconds  2.6065504737387184 0.2694480660582359 9.700000000000001
112.13190770149231  seconds  2.6065504737387184 0.2694480660582359 13.8
112.02669072151184  seconds  2.6065504737387184 0.2694480660582359 15.8
127.43221592903137  seconds  2.6065504737387184 0.2694480660582359 10.700000000000001
114.30755281448364  seconds  2.6065504737387184 0.2694480660582359 17.8
126.35281419754028  seconds  2.6065504737387184 0.2694480660582359 12.700000000000001
127.4928412437439  seconds  2.6065504737387184 0.2694480660582359 11.700000000000001
111.37451648712158  seconds  2.6065504737387184 0.2694480660582359 19.8
126.41749668121338  seconds  2.6065504737387184 0.2694480660582359 16.7
112.41825366020203  seconds  2.6065504737387184 0.2694480660582359 0.9
112.09696507453918  seconds  2.6065504737387184 0.2694480660582359 8.8
127.29363799095154  seconds  2.6065504737387184 0.2694480660582359 2.8000000000000003
126.12743282318115  seconds  2.6065504737387184 0.2694480660582359 3.8000000000000003
129.92811274528503  seconds  2.6065504737387184 0.2694480660582359 4.800000000000001
111.6971127986908  seconds  2.6065504737387184 0.2694480660582359 1.9000000000000001
113.01358771324158  seconds  2.6065504737387184 0.2694480660582359 7.9
126.75081467628479  seconds  2.6065504737387184 0.2694480660582359 5.800000000000001
126.81205105781555  seconds  2.6065504737387184 0.2694480660582359 18.7
111.11676955223083  seconds  2.6065504737387184 0.2694480660582359 14.9
122.49693942070007  seconds  2.6065504737387184 0.2694480660582359 6.800000000000001
110.16208600997925  seconds  2.6065504737387184 0.2694480660582359 13.9
108.55360388755798  seconds  2.6065504737387184 0.2694480660582359 15.9
120.91999411582947  seconds  2.6065504737387184 0.2694480660582359 9.8
107.54103970527649  seconds  2.6065504737387184 0.2694480660582359 17.900000000000002
120.35315322875977  seconds  2.6065504737387184 0.2694480660582359 10.8
105.24914908409119  seconds  2.6065504737387184 0.2694480660582359 19.900000000000002
116.08086705207825  seconds  2.6065504737387184 0.2694480660582359 11.8
118.42992925643921  seconds  2.6065504737387184 0.2694480660582359 12.8
102.4609682559967  seconds  2.6065504737387184 0.2694480660582359 8.9
114.72035241127014  seconds  2.6065504737387184 0.2694480660582359 16.8
117.5650782585144  seconds  2.6065504737387184 0.2694480660582359 2.9000000000000004
120.36284017562866  seconds  2.6065504737387184 0.2694480660582359 4.9
124.14826893806458  seconds  2.6065504737387184 0.2694480660582359 3.9000000000000004
118.06714653968811  seconds  2.6065504737387184 0.2694480660582359 5.9
116.95983576774597  seconds  2.6065504737387184 0.2694480660582359 18.8
116.28588008880615  seconds  2.6065504737387184 0.2694480660582359 6.9
112.91488528251648  seconds  2.6065504737387184 0.2694480660582359 9.9
107.56778693199158  seconds  2.6065504737387184 0.2694480660582359 10.9
106.29574060440063  seconds  2.6065504737387184 0.2694480660582359 11.9
107.4701178073883  seconds  2.6065504737387184 0.2694480660582359 12.9
104.51824760437012  seconds  2.6065504737387184 0.2694480660582359 16.900000000000002
100.70835423469543  seconds  2.6065504737387184 0.2694480660582359 18.900000000000002
time for calc.... 1436.4921457767487
energy at the point.. 2.602114031264387 0.5441112559756629  is  7.517785363120311e-06
200 the points 10 chunk numtheads
starting with calculation of Sigma
109.53859853744507  seconds  2.602114031264387 0.5441112559756629 0.0
109.31720066070557  seconds  2.602114031264387 0.5441112559756629 1.0
110.4265193939209  seconds  2.602114031264387 0.5441112559756629 2.0
112.39741706848145  seconds  2.602114031264387 0.5441112559756629 3.0
104.69281053543091  seconds  2.602114031264387 0.5441112559756629 6.0
125.77563977241516  seconds  2.602114031264387 0.5441112559756629 4.0
127.11297845840454  seconds  2.602114031264387 0.5441112559756629 5.0
133.7609269618988  seconds  2.602114031264387 0.5441112559756629 7.0
136.02635765075684  seconds  2.602114031264387 0.5441112559756629 8.0
146.79006123542786  seconds  2.602114031264387 0.5441112559756629 9.0
139.4855191707611  seconds  2.602114031264387 0.5441112559756629 10.0
146.91403651237488  seconds  2.602114031264387 0.5441112559756629 11.0
146.4759180545807  seconds  2.602114031264387 0.5441112559756629 12.0
100.45499849319458  seconds  2.602114031264387 0.5441112559756629 6.1000000000000005
147.1435582637787  seconds  2.602114031264387 0.5441112559756629 13.0
147.93481755256653  seconds  2.602114031264387 0.5441112559756629 14.0
153.63219332695007  seconds  2.602114031264387 0.5441112559756629 0.1
153.17191290855408  seconds  2.602114031264387 0.5441112559756629 1.1
146.3572337627411  seconds  2.602114031264387 0.5441112559756629 2.1
146.6425597667694  seconds  2.602114031264387 0.5441112559756629 16.0
155.62663507461548  seconds  2.602114031264387 0.5441112559756629 15.0
142.52165484428406  seconds  2.602114031264387 0.5441112559756629 17.0
132.1330223083496  seconds  2.602114031264387 0.5441112559756629 4.1000000000000005
154.06819319725037  seconds  2.602114031264387 0.5441112559756629 3.1
134.6270933151245  seconds  2.602114031264387 0.5441112559756629 19.0
135.24794578552246  seconds  2.602114031264387 0.5441112559756629 5.1000000000000005
150.81308221817017  seconds  2.602114031264387 0.5441112559756629 18.0
131.95693945884705  seconds  2.602114031264387 0.5441112559756629 7.1000000000000005
120.86489605903625  seconds  2.602114031264387 0.5441112559756629 9.1
141.7516474723816  seconds  2.602114031264387 0.5441112559756629 8.1
138.69364213943481  seconds  2.602114031264387 0.5441112559756629 10.100000000000001
117.42065048217773  seconds  2.602114031264387 0.5441112559756629 12.100000000000001
110.08841466903687  seconds  2.602114031264387 0.5441112559756629 6.2
125.4442687034607  seconds  2.602114031264387 0.5441112559756629 11.100000000000001
133.2685844898224  seconds  2.602114031264387 0.5441112559756629 13.100000000000001
130.06306099891663  seconds  2.602114031264387 0.5441112559756629 14.100000000000001
110.62802386283875  seconds  2.602114031264387 0.5441112559756629 4.2
130.76455736160278  seconds  2.602114031264387 0.5441112559756629 1.2000000000000002
138.55017137527466  seconds  2.602114031264387 0.5441112559756629 0.2
129.1713891029358  seconds  2.602114031264387 0.5441112559756629 2.2
124.43697619438171  seconds  2.602114031264387 0.5441112559756629 15.100000000000001
127.84232592582703  seconds  2.602114031264387 0.5441112559756629 16.1
111.50236940383911  seconds  2.602114031264387 0.5441112559756629 19.1
112.18177318572998  seconds  2.602114031264387 0.5441112559756629 5.2
126.33400583267212  seconds  2.602114031264387 0.5441112559756629 3.2
136.4937252998352  seconds  2.602114031264387 0.5441112559756629 17.1
110.20924758911133  seconds  2.602114031264387 0.5441112559756629 7.2
129.14597153663635  seconds  2.602114031264387 0.5441112559756629 18.1
111.50868344306946  seconds  2.602114031264387 0.5441112559756629 9.200000000000001
130.40649127960205  seconds  2.602114031264387 0.5441112559756629 8.200000000000001
111.98259830474854  seconds  2.602114031264387 0.5441112559756629 12.200000000000001
111.84719514846802  seconds  2.602114031264387 0.5441112559756629 11.200000000000001
112.73619437217712  seconds  2.602114031264387 0.5441112559756629 6.300000000000001
130.91112542152405  seconds  2.602114031264387 0.5441112559756629 10.200000000000001
113.25264120101929  seconds  2.602114031264387 0.5441112559756629 4.3
130.25571513175964  seconds  2.602114031264387 0.5441112559756629 13.200000000000001
125.87222576141357  seconds  2.602114031264387 0.5441112559756629 14.200000000000001
113.67551612854004  seconds  2.602114031264387 0.5441112559756629 19.200000000000003
121.09276747703552  seconds  2.602114031264387 0.5441112559756629 0.30000000000000004
123.16369700431824  seconds  2.602114031264387 0.5441112559756629 15.200000000000001
127.84897780418396  seconds  2.602114031264387 0.5441112559756629 1.3
114.56988072395325  seconds  2.602114031264387 0.5441112559756629 5.300000000000001
125.2398955821991  seconds  2.602114031264387 0.5441112559756629 16.2
139.99855208396912  seconds  2.602114031264387 0.5441112559756629 2.3000000000000003
111.48516249656677  seconds  2.602114031264387 0.5441112559756629 7.300000000000001
126.7112329006195  seconds  2.602114031264387 0.5441112559756629 3.3000000000000003
128.28373336791992  seconds  2.602114031264387 0.5441112559756629 17.2
124.38550758361816  seconds  2.602114031264387 0.5441112559756629 18.2
114.26307845115662  seconds  2.602114031264387 0.5441112559756629 9.3
113.60023641586304  seconds  2.602114031264387 0.5441112559756629 12.3
114.03572297096252  seconds  2.602114031264387 0.5441112559756629 11.3
114.20471334457397  seconds  2.602114031264387 0.5441112559756629 6.4
126.95240545272827  seconds  2.602114031264387 0.5441112559756629 8.3
127.53254318237305  seconds  2.602114031264387 0.5441112559756629 10.3
113.75806427001953  seconds  2.602114031264387 0.5441112559756629 4.4
116.45753526687622  seconds  2.602114031264387 0.5441112559756629 19.3
115.44189262390137  seconds  2.602114031264387 0.5441112559756629 0.4
114.43742752075195  seconds  2.602114031264387 0.5441112559756629 5.4
130.30990624427795  seconds  2.602114031264387 0.5441112559756629 13.3
129.69900584220886  seconds  2.602114031264387 0.5441112559756629 14.3
120.8185350894928  seconds  2.602114031264387 0.5441112559756629 15.3
123.08333277702332  seconds  2.602114031264387 0.5441112559756629 16.3
113.48170113563538  seconds  2.602114031264387 0.5441112559756629 7.4
129.6033992767334  seconds  2.602114031264387 0.5441112559756629 1.4000000000000001
117.99729371070862  seconds  2.602114031264387 0.5441112559756629 2.4000000000000004
122.89673686027527  seconds  2.602114031264387 0.5441112559756629 3.4000000000000004
127.25188088417053  seconds  2.602114031264387 0.5441112559756629 17.3
113.58923959732056  seconds  2.602114031264387 0.5441112559756629 9.4
125.13006639480591  seconds  2.602114031264387 0.5441112559756629 18.3
114.86145043373108  seconds  2.602114031264387 0.5441112559756629 12.4
116.05486464500427  seconds  2.602114031264387 0.5441112559756629 6.5
118.47624588012695  seconds  2.602114031264387 0.5441112559756629 11.4
120.91114640235901  seconds  2.602114031264387 0.5441112559756629 8.4
124.96358489990234  seconds  2.602114031264387 0.5441112559756629 10.4
115.55695748329163  seconds  2.602114031264387 0.5441112559756629 4.5
115.93306803703308  seconds  2.602114031264387 0.5441112559756629 19.400000000000002
115.79207968711853  seconds  2.602114031264387 0.5441112559756629 0.5
122.48948359489441  seconds  2.602114031264387 0.5441112559756629 5.5
121.2357006072998  seconds  2.602114031264387 0.5441112559756629 15.4
114.39117789268494  seconds  2.602114031264387 0.5441112559756629 7.5
125.18979835510254  seconds  2.602114031264387 0.5441112559756629 13.4
114.34043979644775  seconds  2.602114031264387 0.5441112559756629 2.5
127.67142105102539  seconds  2.602114031264387 0.5441112559756629 14.4
121.06794476509094  seconds  2.602114031264387 0.5441112559756629 16.400000000000002
120.73927068710327  seconds  2.602114031264387 0.5441112559756629 1.5
119.75671362876892  seconds  2.602114031264387 0.5441112559756629 3.5
113.97872161865234  seconds  2.602114031264387 0.5441112559756629 9.5
119.37602019309998  seconds  2.602114031264387 0.5441112559756629 18.400000000000002
128.2823133468628  seconds  2.602114031264387 0.5441112559756629 17.400000000000002
114.73523449897766  seconds  2.602114031264387 0.5441112559756629 12.5
115.85378766059875  seconds  2.602114031264387 0.5441112559756629 6.6000000000000005
123.74032235145569  seconds  2.602114031264387 0.5441112559756629 11.5
121.06747484207153  seconds  2.602114031264387 0.5441112559756629 8.5
116.69836759567261  seconds  2.602114031264387 0.5441112559756629 4.6000000000000005
122.21663451194763  seconds  2.602114031264387 0.5441112559756629 10.5
116.38146257400513  seconds  2.602114031264387 0.5441112559756629 19.5
118.28569746017456  seconds  2.602114031264387 0.5441112559756629 0.6000000000000001
113.93600535392761  seconds  2.602114031264387 0.5441112559756629 7.6000000000000005
114.9364755153656  seconds  2.602114031264387 0.5441112559756629 2.6
123.97610688209534  seconds  2.602114031264387 0.5441112559756629 5.6000000000000005
116.81184148788452  seconds  2.602114031264387 0.5441112559756629 14.5
125.31779313087463  seconds  2.602114031264387 0.5441112559756629 15.5
123.13631749153137  seconds  2.602114031264387 0.5441112559756629 13.5
122.02706480026245  seconds  2.602114031264387 0.5441112559756629 16.5
120.6591911315918  seconds  2.602114031264387 0.5441112559756629 1.6
118.6211166381836  seconds  2.602114031264387 0.5441112559756629 3.6
118.57868075370789  seconds  2.602114031264387 0.5441112559756629 9.600000000000001
118.5009982585907  seconds  2.602114031264387 0.5441112559756629 17.5
125.26958680152893  seconds  2.602114031264387 0.5441112559756629 18.5
114.53585910797119  seconds  2.602114031264387 0.5441112559756629 12.600000000000001
115.29139637947083  seconds  2.602114031264387 0.5441112559756629 6.7
122.66037964820862  seconds  2.602114031264387 0.5441112559756629 11.600000000000001
126.0006012916565  seconds  2.602114031264387 0.5441112559756629 8.6
114.3553717136383  seconds  2.602114031264387 0.5441112559756629 4.7
115.3418562412262  seconds  2.602114031264387 0.5441112559756629 19.6
124.40777802467346  seconds  2.602114031264387 0.5441112559756629 10.600000000000001
121.206787109375  seconds  2.602114031264387 0.5441112559756629 0.7000000000000001
114.33032059669495  seconds  2.602114031264387 0.5441112559756629 7.7
113.72100496292114  seconds  2.602114031264387 0.5441112559756629 2.7
114.98586702346802  seconds  2.602114031264387 0.5441112559756629 14.600000000000001
119.6238260269165  seconds  2.602114031264387 0.5441112559756629 5.7
119.67755675315857  seconds  2.602114031264387 0.5441112559756629 16.6
123.1135036945343  seconds  2.602114031264387 0.5441112559756629 13.600000000000001
124.0662477016449  seconds  2.602114031264387 0.5441112559756629 15.600000000000001
121.37128520011902  seconds  2.602114031264387 0.5441112559756629 1.7000000000000002
124.26743268966675  seconds  2.602114031264387 0.5441112559756629 3.7
120.30820488929749  seconds  2.602114031264387 0.5441112559756629 9.700000000000001
121.58665442466736  seconds  2.602114031264387 0.5441112559756629 17.6
115.2373719215393  seconds  2.602114031264387 0.5441112559756629 12.700000000000001
126.68379497528076  seconds  2.602114031264387 0.5441112559756629 18.6
116.58265256881714  seconds  2.602114031264387 0.5441112559756629 6.800000000000001
114.95509362220764  seconds  2.602114031264387 0.5441112559756629 11.700000000000001
124.79692459106445  seconds  2.602114031264387 0.5441112559756629 8.700000000000001
118.45350670814514  seconds  2.602114031264387 0.5441112559756629 4.800000000000001
115.77512884140015  seconds  2.602114031264387 0.5441112559756629 19.700000000000003
120.29208397865295  seconds  2.602114031264387 0.5441112559756629 10.700000000000001
118.03383302688599  seconds  2.602114031264387 0.5441112559756629 0.8
116.32236790657043  seconds  2.602114031264387 0.5441112559756629 7.800000000000001
116.23748922348022  seconds  2.602114031264387 0.5441112559756629 2.8000000000000003
117.68102645874023  seconds  2.602114031264387 0.5441112559756629 14.700000000000001
117.51748180389404  seconds  2.602114031264387 0.5441112559756629 5.800000000000001
118.02573013305664  seconds  2.602114031264387 0.5441112559756629 16.7
122.60420393943787  seconds  2.602114031264387 0.5441112559756629 13.700000000000001
123.92586398124695  seconds  2.602114031264387 0.5441112559756629 15.700000000000001
121.21688723564148  seconds  2.602114031264387 0.5441112559756629 1.8
118.2563374042511  seconds  2.602114031264387 0.5441112559756629 3.8000000000000003
116.60426568984985  seconds  2.602114031264387 0.5441112559756629 9.8
116.7016749382019  seconds  2.602114031264387 0.5441112559756629 12.8
115.89656066894531  seconds  2.602114031264387 0.5441112559756629 6.9
126.71516752243042  seconds  2.602114031264387 0.5441112559756629 17.7
121.66769623756409  seconds  2.602114031264387 0.5441112559756629 18.7
115.38142943382263  seconds  2.602114031264387 0.5441112559756629 11.8
115.02699422836304  seconds  2.602114031264387 0.5441112559756629 4.9
123.43404197692871  seconds  2.602114031264387 0.5441112559756629 8.8
115.57057738304138  seconds  2.602114031264387 0.5441112559756629 19.8
113.9154314994812  seconds  2.602114031264387 0.5441112559756629 0.9
120.5273768901825  seconds  2.602114031264387 0.5441112559756629 10.8
116.25571393966675  seconds  2.602114031264387 0.5441112559756629 7.9
113.45976519584656  seconds  2.602114031264387 0.5441112559756629 2.9000000000000004
116.11478590965271  seconds  2.602114031264387 0.5441112559756629 14.8
114.38112592697144  seconds  2.602114031264387 0.5441112559756629 5.9
116.87449407577515  seconds  2.602114031264387 0.5441112559756629 16.8
110.45599269866943  seconds  2.602114031264387 0.5441112559756629 9.9
118.07327675819397  seconds  2.602114031264387 0.5441112559756629 15.8
121.83067417144775  seconds  2.602114031264387 0.5441112559756629 1.9000000000000001
124.34628915786743  seconds  2.602114031264387 0.5441112559756629 13.8
118.72581219673157  seconds  2.602114031264387 0.5441112559756629 3.9000000000000004
108.94623732566833  seconds  2.602114031264387 0.5441112559756629 12.9
111.79848790168762  seconds  2.602114031264387 0.5441112559756629 18.8
115.1381847858429  seconds  2.602114031264387 0.5441112559756629 17.8
106.87346887588501  seconds  2.602114031264387 0.5441112559756629 11.9
102.83282351493835  seconds  2.602114031264387 0.5441112559756629 19.900000000000002
108.0100200176239  seconds  2.602114031264387 0.5441112559756629 8.9
106.69413876533508  seconds  2.602114031264387 0.5441112559756629 10.9
100.25570821762085  seconds  2.602114031264387 0.5441112559756629 14.9
105.67229676246643  seconds  2.602114031264387 0.5441112559756629 16.900000000000002
104.11912894248962  seconds  2.602114031264387 0.5441112559756629 15.9
104.81155395507812  seconds  2.602114031264387 0.5441112559756629 13.9
101.94502902030945  seconds  2.602114031264387 0.5441112559756629 18.900000000000002
102.04403614997864  seconds  2.602114031264387 0.5441112559756629 17.900000000000002
time for calc.... 1400.783305644989
energy at the point.. 2.5846892989406154 0.8396349413298569  is  1.1574406936887272e-05
200 the points 10 chunk numtheads
starting with calculation of Sigma
106.09924960136414  seconds  2.5846892989406154 0.8396349413298569 0.0
107.99717831611633  seconds  2.5846892989406154 0.8396349413298569 1.0
110.13450407981873  seconds  2.5846892989406154 0.8396349413298569 2.0
111.07255673408508  seconds  2.5846892989406154 0.8396349413298569 3.0
102.36134815216064  seconds  2.5846892989406154 0.8396349413298569 5.0
115.90788984298706  seconds  2.5846892989406154 0.8396349413298569 4.0
102.102374792099  seconds  2.5846892989406154 0.8396349413298569 7.0
118.58316469192505  seconds  2.5846892989406154 0.8396349413298569 6.0
127.97145748138428  seconds  2.5846892989406154 0.8396349413298569 8.0
128.23917818069458  seconds  2.5846892989406154 0.8396349413298569 9.0
125.03483653068542  seconds  2.5846892989406154 0.8396349413298569 10.0
126.82808947563171  seconds  2.5846892989406154 0.8396349413298569 11.0
126.14922642707825  seconds  2.5846892989406154 0.8396349413298569 12.0
109.46950173377991  seconds  2.5846892989406154 0.8396349413298569 14.0
109.65314817428589  seconds  2.5846892989406154 0.8396349413298569 15.0
119.79812169075012  seconds  2.5846892989406154 0.8396349413298569 1.1
129.81987261772156  seconds  2.5846892989406154 0.8396349413298569 13.0
134.40151810646057  seconds  2.5846892989406154 0.8396349413298569 0.1
109.12361812591553  seconds  2.5846892989406154 0.8396349413298569 5.1000000000000005
111.5754623413086  seconds  2.5846892989406154 0.8396349413298569 17.0
134.55069947242737  seconds  2.5846892989406154 0.8396349413298569 2.1
111.72780656814575  seconds  2.5846892989406154 0.8396349413298569 18.0
132.33228468894958  seconds  2.5846892989406154 0.8396349413298569 3.1
134.5111014842987  seconds  2.5846892989406154 0.8396349413298569 16.0
111.60969018936157  seconds  2.5846892989406154 0.8396349413298569 7.1000000000000005
112.32218265533447  seconds  2.5846892989406154 0.8396349413298569 19.0
130.1435661315918  seconds  2.5846892989406154 0.8396349413298569 4.1000000000000005
128.5021288394928  seconds  2.5846892989406154 0.8396349413298569 6.1000000000000005
131.81121945381165  seconds  2.5846892989406154 0.8396349413298569 8.1
129.65237474441528  seconds  2.5846892989406154 0.8396349413298569 9.1
130.4057855606079  seconds  2.5846892989406154 0.8396349413298569 10.100000000000001
113.16705060005188  seconds  2.5846892989406154 0.8396349413298569 14.100000000000001
112.45969986915588  seconds  2.5846892989406154 0.8396349413298569 15.100000000000001
130.0011990070343  seconds  2.5846892989406154 0.8396349413298569 11.100000000000001
111.91919445991516  seconds  2.5846892989406154 0.8396349413298569 1.2000000000000002
128.60332655906677  seconds  2.5846892989406154 0.8396349413298569 12.100000000000001
119.93125820159912  seconds  2.5846892989406154 0.8396349413298569 0.2
124.95228552818298  seconds  2.5846892989406154 0.8396349413298569 13.100000000000001
112.01672267913818  seconds  2.5846892989406154 0.8396349413298569 5.2
114.22567248344421  seconds  2.5846892989406154 0.8396349413298569 17.1
112.72442603111267  seconds  2.5846892989406154 0.8396349413298569 18.1
122.82096838951111  seconds  2.5846892989406154 0.8396349413298569 2.2
113.09148907661438  seconds  2.5846892989406154 0.8396349413298569 7.2
114.78882122039795  seconds  2.5846892989406154 0.8396349413298569 19.1
127.23518753051758  seconds  2.5846892989406154 0.8396349413298569 3.2
133.6368601322174  seconds  2.5846892989406154 0.8396349413298569 16.1
126.33880805969238  seconds  2.5846892989406154 0.8396349413298569 4.2
122.89327573776245  seconds  2.5846892989406154 0.8396349413298569 6.2
126.01730012893677  seconds  2.5846892989406154 0.8396349413298569 8.200000000000001
115.51470446586609  seconds  2.5846892989406154 0.8396349413298569 10.200000000000001
122.72727584838867  seconds  2.5846892989406154 0.8396349413298569 9.200000000000001
116.17480802536011  seconds  2.5846892989406154 0.8396349413298569 14.200000000000001
114.03771257400513  seconds  2.5846892989406154 0.8396349413298569 15.200000000000001
115.75094318389893  seconds  2.5846892989406154 0.8396349413298569 1.3
127.32637238502502  seconds  2.5846892989406154 0.8396349413298569 11.200000000000001
114.50200915336609  seconds  2.5846892989406154 0.8396349413298569 0.30000000000000004
122.89922618865967  seconds  2.5846892989406154 0.8396349413298569 12.200000000000001
114.49398064613342  seconds  2.5846892989406154 0.8396349413298569 5.300000000000001
113.5374014377594  seconds  2.5846892989406154 0.8396349413298569 17.2
123.67235040664673  seconds  2.5846892989406154 0.8396349413298569 13.200000000000001
113.9229507446289  seconds  2.5846892989406154 0.8396349413298569 18.2
114.72158885002136  seconds  2.5846892989406154 0.8396349413298569 7.300000000000001
114.74648809432983  seconds  2.5846892989406154 0.8396349413298569 19.200000000000003
124.99873781204224  seconds  2.5846892989406154 0.8396349413298569 2.3000000000000003
130.3123755455017  seconds  2.5846892989406154 0.8396349413298569 3.3000000000000003
123.67032599449158  seconds  2.5846892989406154 0.8396349413298569 16.2
129.56035995483398  seconds  2.5846892989406154 0.8396349413298569 4.3
128.7924132347107  seconds  2.5846892989406154 0.8396349413298569 6.300000000000001
114.1270501613617  seconds  2.5846892989406154 0.8396349413298569 10.3
117.20541381835938  seconds  2.5846892989406154 0.8396349413298569 14.3
114.59127449989319  seconds  2.5846892989406154 0.8396349413298569 15.3
124.18935704231262  seconds  2.5846892989406154 0.8396349413298569 8.3
114.88983941078186  seconds  2.5846892989406154 0.8396349413298569 1.4000000000000001
126.76972365379333  seconds  2.5846892989406154 0.8396349413298569 9.3
113.93559288978577  seconds  2.5846892989406154 0.8396349413298569 0.4
117.78905248641968  seconds  2.5846892989406154 0.8396349413298569 5.4
114.99304175376892  seconds  2.5846892989406154 0.8396349413298569 17.3
121.98681974411011  seconds  2.5846892989406154 0.8396349413298569 12.3
126.98526883125305  seconds  2.5846892989406154 0.8396349413298569 11.3
116.31680154800415  seconds  2.5846892989406154 0.8396349413298569 18.3
122.99827289581299  seconds  2.5846892989406154 0.8396349413298569 13.3
114.0720465183258  seconds  2.5846892989406154 0.8396349413298569 7.4
116.39704442024231  seconds  2.5846892989406154 0.8396349413298569 19.3
123.70996475219727  seconds  2.5846892989406154 0.8396349413298569 2.4000000000000004
125.25259613990784  seconds  2.5846892989406154 0.8396349413298569 3.4000000000000004
124.22841262817383  seconds  2.5846892989406154 0.8396349413298569 16.3
122.23186421394348  seconds  2.5846892989406154 0.8396349413298569 4.4
122.94038224220276  seconds  2.5846892989406154 0.8396349413298569 6.4
120.11464047431946  seconds  2.5846892989406154 0.8396349413298569 10.4
114.9116439819336  seconds  2.5846892989406154 0.8396349413298569 14.4
120.8236198425293  seconds  2.5846892989406154 0.8396349413298569 15.4
120.21721291542053  seconds  2.5846892989406154 0.8396349413298569 1.5
125.4942991733551  seconds  2.5846892989406154 0.8396349413298569 8.4
119.9516532421112  seconds  2.5846892989406154 0.8396349413298569 9.4
114.00592637062073  seconds  2.5846892989406154 0.8396349413298569 0.5
118.59473252296448  seconds  2.5846892989406154 0.8396349413298569 5.5
120.26169300079346  seconds  2.5846892989406154 0.8396349413298569 12.4
121.47160959243774  seconds  2.5846892989406154 0.8396349413298569 17.400000000000002
120.4009473323822  seconds  2.5846892989406154 0.8396349413298569 11.4
118.15854001045227  seconds  2.5846892989406154 0.8396349413298569 18.400000000000002
115.23583912849426  seconds  2.5846892989406154 0.8396349413298569 7.5
123.12968444824219  seconds  2.5846892989406154 0.8396349413298569 13.4
114.19255113601685  seconds  2.5846892989406154 0.8396349413298569 19.400000000000002
121.14645886421204  seconds  2.5846892989406154 0.8396349413298569 2.5
122.5925018787384  seconds  2.5846892989406154 0.8396349413298569 3.5
123.7437732219696  seconds  2.5846892989406154 0.8396349413298569 16.400000000000002
122.85477447509766  seconds  2.5846892989406154 0.8396349413298569 4.5
122.86255359649658  seconds  2.5846892989406154 0.8396349413298569 6.5
115.72421884536743  seconds  2.5846892989406154 0.8396349413298569 14.5
116.96785163879395  seconds  2.5846892989406154 0.8396349413298569 10.5
116.61985516548157  seconds  2.5846892989406154 0.8396349413298569 15.5
119.78841519355774  seconds  2.5846892989406154 0.8396349413298569 1.6
117.94846248626709  seconds  2.5846892989406154 0.8396349413298569 0.6000000000000001
119.68953609466553  seconds  2.5846892989406154 0.8396349413298569 8.5
123.62333464622498  seconds  2.5846892989406154 0.8396349413298569 9.5
114.33848738670349  seconds  2.5846892989406154 0.8396349413298569 5.6000000000000005
114.76901435852051  seconds  2.5846892989406154 0.8396349413298569 11.5
119.57119011878967  seconds  2.5846892989406154 0.8396349413298569 17.5
121.95190119743347  seconds  2.5846892989406154 0.8396349413298569 12.5
115.455570936203  seconds  2.5846892989406154 0.8396349413298569 7.6000000000000005
119.47651100158691  seconds  2.5846892989406154 0.8396349413298569 18.5
115.77462077140808  seconds  2.5846892989406154 0.8396349413298569 19.5
119.56701397895813  seconds  2.5846892989406154 0.8396349413298569 13.5
124.302987575531  seconds  2.5846892989406154 0.8396349413298569 2.6
121.50095462799072  seconds  2.5846892989406154 0.8396349413298569 16.5
124.0698516368866  seconds  2.5846892989406154 0.8396349413298569 3.6
119.15141081809998  seconds  2.5846892989406154 0.8396349413298569 4.6000000000000005
123.38082361221313  seconds  2.5846892989406154 0.8396349413298569 6.6000000000000005
117.55672574043274  seconds  2.5846892989406154 0.8396349413298569 14.600000000000001
118.81776642799377  seconds  2.5846892989406154 0.8396349413298569 10.600000000000001
117.52557396888733  seconds  2.5846892989406154 0.8396349413298569 15.600000000000001
115.19329357147217  seconds  2.5846892989406154 0.8396349413298569 1.7000000000000002
117.07846021652222  seconds  2.5846892989406154 0.8396349413298569 0.7000000000000001
114.07058691978455  seconds  2.5846892989406154 0.8396349413298569 5.7
123.20210242271423  seconds  2.5846892989406154 0.8396349413298569 8.6
125.25162768363953  seconds  2.5846892989406154 0.8396349413298569 9.600000000000001
115.16019892692566  seconds  2.5846892989406154 0.8396349413298569 11.600000000000001
121.73486685752869  seconds  2.5846892989406154 0.8396349413298569 17.6
120.14112854003906  seconds  2.5846892989406154 0.8396349413298569 12.600000000000001
116.6141254901886  seconds  2.5846892989406154 0.8396349413298569 18.6
117.19552516937256  seconds  2.5846892989406154 0.8396349413298569 7.7
117.34451651573181  seconds  2.5846892989406154 0.8396349413298569 19.6
120.37453722953796  seconds  2.5846892989406154 0.8396349413298569 13.600000000000001
122.80092120170593  seconds  2.5846892989406154 0.8396349413298569 2.7
122.04309558868408  seconds  2.5846892989406154 0.8396349413298569 3.7
122.02313184738159  seconds  2.5846892989406154 0.8396349413298569 4.7
125.11502265930176  seconds  2.5846892989406154 0.8396349413298569 16.6
119.47551894187927  seconds  2.5846892989406154 0.8396349413298569 6.7
116.3542046546936  seconds  2.5846892989406154 0.8396349413298569 14.700000000000001
115.37221169471741  seconds  2.5846892989406154 0.8396349413298569 10.700000000000001
116.37069749832153  seconds  2.5846892989406154 0.8396349413298569 1.8
120.03716611862183  seconds  2.5846892989406154 0.8396349413298569 15.700000000000001
116.8839840888977  seconds  2.5846892989406154 0.8396349413298569 0.8
118.03616070747375  seconds  2.5846892989406154 0.8396349413298569 5.800000000000001
114.75171852111816  seconds  2.5846892989406154 0.8396349413298569 11.700000000000001
125.11177659034729  seconds  2.5846892989406154 0.8396349413298569 8.700000000000001
123.3553478717804  seconds  2.5846892989406154 0.8396349413298569 9.700000000000001
117.4566240310669  seconds  2.5846892989406154 0.8396349413298569 18.7
117.62840223312378  seconds  2.5846892989406154 0.8396349413298569 7.800000000000001
119.87960577011108  seconds  2.5846892989406154 0.8396349413298569 17.7
122.01105046272278  seconds  2.5846892989406154 0.8396349413298569 12.700000000000001
121.01351380348206  seconds  2.5846892989406154 0.8396349413298569 19.700000000000003
129.4549765586853  seconds  2.5846892989406154 0.8396349413298569 13.700000000000001
123.65314531326294  seconds  2.5846892989406154 0.8396349413298569 2.8000000000000003
118.82486581802368  seconds  2.5846892989406154 0.8396349413298569 3.8000000000000003
119.95270228385925  seconds  2.5846892989406154 0.8396349413298569 4.800000000000001
123.10103702545166  seconds  2.5846892989406154 0.8396349413298569 16.7
114.71056985855103  seconds  2.5846892989406154 0.8396349413298569 14.8
122.14647269248962  seconds  2.5846892989406154 0.8396349413298569 6.800000000000001
124.29068946838379  seconds  2.5846892989406154 0.8396349413298569 10.8
114.77396726608276  seconds  2.5846892989406154 0.8396349413298569 1.9000000000000001
116.6380774974823  seconds  2.5846892989406154 0.8396349413298569 15.8
115.30079245567322  seconds  2.5846892989406154 0.8396349413298569 0.9
114.21049213409424  seconds  2.5846892989406154 0.8396349413298569 11.8
119.04530310630798  seconds  2.5846892989406154 0.8396349413298569 5.9
119.94627904891968  seconds  2.5846892989406154 0.8396349413298569 8.8
123.0584352016449  seconds  2.5846892989406154 0.8396349413298569 9.8
120.0475823879242  seconds  2.5846892989406154 0.8396349413298569 12.8
122.54263424873352  seconds  2.5846892989406154 0.8396349413298569 17.8
124.30708503723145  seconds  2.5846892989406154 0.8396349413298569 18.8
124.10854840278625  seconds  2.5846892989406154 0.8396349413298569 7.9
117.46820425987244  seconds  2.5846892989406154 0.8396349413298569 19.8
115.5687096118927  seconds  2.5846892989406154 0.8396349413298569 13.8
115.61756300926208  seconds  2.5846892989406154 0.8396349413298569 2.9000000000000004
111.86070084571838  seconds  2.5846892989406154 0.8396349413298569 3.9000000000000004
112.58171558380127  seconds  2.5846892989406154 0.8396349413298569 4.9
113.97936224937439  seconds  2.5846892989406154 0.8396349413298569 16.8
111.9523458480835  seconds  2.5846892989406154 0.8396349413298569 14.9
114.41493892669678  seconds  2.5846892989406154 0.8396349413298569 6.9
111.22127628326416  seconds  2.5846892989406154 0.8396349413298569 10.9
111.33915090560913  seconds  2.5846892989406154 0.8396349413298569 15.9
109.49634075164795  seconds  2.5846892989406154 0.8396349413298569 11.9
105.44129824638367  seconds  2.5846892989406154 0.8396349413298569 8.9
105.19711184501648  seconds  2.5846892989406154 0.8396349413298569 9.9
109.33368349075317  seconds  2.5846892989406154 0.8396349413298569 18.900000000000002
109.80637216567993  seconds  2.5846892989406154 0.8396349413298569 17.900000000000002
108.6316249370575  seconds  2.5846892989406154 0.8396349413298569 19.900000000000002
112.34311556816101  seconds  2.5846892989406154 0.8396349413298569 12.9
101.0841155052185  seconds  2.5846892989406154 0.8396349413298569 13.9
98.13171887397766  seconds  2.5846892989406154 0.8396349413298569 16.900000000000002
time for calc.... 1368.2366592884064
energy at the point.. 2.5337077240684835 1.1368970013037814  is  2.067935501059992e-06
200 the points 10 chunk numtheads
starting with calculation of Sigma
104.8365797996521  seconds  2.5337077240684835 1.1368970013037814 0.0
109.52490973472595  seconds  2.5337077240684835 1.1368970013037814 1.0
109.31059145927429  seconds  2.5337077240684835 1.1368970013037814 2.0
115.31670594215393  seconds  2.5337077240684835 1.1368970013037814 3.0
103.03486967086792  seconds  2.5337077240684835 1.1368970013037814 5.0
115.45554065704346  seconds  2.5337077240684835 1.1368970013037814 4.0
101.15276145935059  seconds  2.5337077240684835 1.1368970013037814 7.0
117.51537251472473  seconds  2.5337077240684835 1.1368970013037814 6.0
125.12459778785706  seconds  2.5337077240684835 1.1368970013037814 8.0
125.13461470603943  seconds  2.5337077240684835 1.1368970013037814 9.0
133.51413655281067  seconds  2.5337077240684835 1.1368970013037814 10.0
127.59151935577393  seconds  2.5337077240684835 1.1368970013037814 11.0
131.22088146209717  seconds  2.5337077240684835 1.1368970013037814 12.0
128.64625024795532  seconds  2.5337077240684835 1.1368970013037814 0.1
132.81012082099915  seconds  2.5337077240684835 1.1368970013037814 13.0
103.37889242172241  seconds  2.5337077240684835 1.1368970013037814 5.1000000000000005
131.95076036453247  seconds  2.5337077240684835 1.1368970013037814 14.0
134.93403792381287  seconds  2.5337077240684835 1.1368970013037814 1.1
133.88529086112976  seconds  2.5337077240684835 1.1368970013037814 2.1
103.06860518455505  seconds  2.5337077240684835 1.1368970013037814 7.1000000000000005
138.12011694908142  seconds  2.5337077240684835 1.1368970013037814 15.0
132.5354607105255  seconds  2.5337077240684835 1.1368970013037814 3.1
140.11907029151917  seconds  2.5337077240684835 1.1368970013037814 16.0
141.86407923698425  seconds  2.5337077240684835 1.1368970013037814 17.0
135.9637734889984  seconds  2.5337077240684835 1.1368970013037814 4.1000000000000005
135.0185751914978  seconds  2.5337077240684835 1.1368970013037814 18.0
137.9560616016388  seconds  2.5337077240684835 1.1368970013037814 19.0
137.45539212226868  seconds  2.5337077240684835 1.1368970013037814 6.1000000000000005
134.19448590278625  seconds  2.5337077240684835 1.1368970013037814 8.1
140.6593735218048  seconds  2.5337077240684835 1.1368970013037814 9.1
101.0248384475708  seconds  2.5337077240684835 1.1368970013037814 5.2
135.32367062568665  seconds  2.5337077240684835 1.1368970013037814 10.100000000000001
132.816960811615  seconds  2.5337077240684835 1.1368970013037814 11.100000000000001
102.6303243637085  seconds  2.5337077240684835 1.1368970013037814 7.2
132.42639231681824  seconds  2.5337077240684835 1.1368970013037814 0.2
138.33379578590393  seconds  2.5337077240684835 1.1368970013037814 12.100000000000001
132.7636661529541  seconds  2.5337077240684835 1.1368970013037814 13.100000000000001
143.0521638393402  seconds  2.5337077240684835 1.1368970013037814 14.100000000000001
140.0055329799652  seconds  2.5337077240684835 1.1368970013037814 1.2000000000000002
139.73811793327332  seconds  2.5337077240684835 1.1368970013037814 2.2
138.6753125190735  seconds  2.5337077240684835 1.1368970013037814 15.100000000000001
140.15621876716614  seconds  2.5337077240684835 1.1368970013037814 16.1
143.96177530288696  seconds  2.5337077240684835 1.1368970013037814 3.2
137.7382950782776  seconds  2.5337077240684835 1.1368970013037814 17.1
139.87866520881653  seconds  2.5337077240684835 1.1368970013037814 4.2
145.11337780952454  seconds  2.5337077240684835 1.1368970013037814 18.1
140.2702374458313  seconds  2.5337077240684835 1.1368970013037814 19.1
135.54637837409973  seconds  2.5337077240684835 1.1368970013037814 6.2
101.81858515739441  seconds  2.5337077240684835 1.1368970013037814 5.300000000000001
137.78735899925232  seconds  2.5337077240684835 1.1368970013037814 8.200000000000001
101.32219862937927  seconds  2.5337077240684835 1.1368970013037814 7.300000000000001
136.25229954719543  seconds  2.5337077240684835 1.1368970013037814 9.200000000000001
136.35836553573608  seconds  2.5337077240684835 1.1368970013037814 11.200000000000001
140.6434564590454  seconds  2.5337077240684835 1.1368970013037814 10.200000000000001
133.4384410381317  seconds  2.5337077240684835 1.1368970013037814 0.30000000000000004
135.0763111114502  seconds  2.5337077240684835 1.1368970013037814 12.200000000000001
131.9912793636322  seconds  2.5337077240684835 1.1368970013037814 13.200000000000001
139.25187039375305  seconds  2.5337077240684835 1.1368970013037814 14.200000000000001
132.86868858337402  seconds  2.5337077240684835 1.1368970013037814 2.3000000000000003
140.76205849647522  seconds  2.5337077240684835 1.1368970013037814 1.3
134.18500018119812  seconds  2.5337077240684835 1.1368970013037814 15.200000000000001
132.07122659683228  seconds  2.5337077240684835 1.1368970013037814 16.2
100.44086337089539  seconds  2.5337077240684835 1.1368970013037814 5.4
135.70347023010254  seconds  2.5337077240684835 1.1368970013037814 3.3000000000000003
135.34451723098755  seconds  2.5337077240684835 1.1368970013037814 17.2
140.7820315361023  seconds  2.5337077240684835 1.1368970013037814 4.3
100.46035194396973  seconds  2.5337077240684835 1.1368970013037814 7.4
134.41113090515137  seconds  2.5337077240684835 1.1368970013037814 18.2
137.6628978252411  seconds  2.5337077240684835 1.1368970013037814 19.200000000000003
138.42169952392578  seconds  2.5337077240684835 1.1368970013037814 6.300000000000001
140.77291631698608  seconds  2.5337077240684835 1.1368970013037814 8.3
133.84612321853638  seconds  2.5337077240684835 1.1368970013037814 9.3
139.51111793518066  seconds  2.5337077240684835 1.1368970013037814 11.3
136.18803882598877  seconds  2.5337077240684835 1.1368970013037814 10.3
140.81122970581055  seconds  2.5337077240684835 1.1368970013037814 0.4
134.41373920440674  seconds  2.5337077240684835 1.1368970013037814 13.3
139.61927008628845  seconds  2.5337077240684835 1.1368970013037814 12.3
101.08296275138855  seconds  2.5337077240684835 1.1368970013037814 5.5
133.96273684501648  seconds  2.5337077240684835 1.1368970013037814 1.4000000000000001
138.54374051094055  seconds  2.5337077240684835 1.1368970013037814 14.3
104.48995065689087  seconds  2.5337077240684835 1.1368970013037814 7.5
138.36248326301575  seconds  2.5337077240684835 1.1368970013037814 2.4000000000000004
137.44229078292847  seconds  2.5337077240684835 1.1368970013037814 15.3
131.98964262008667  seconds  2.5337077240684835 1.1368970013037814 16.3
134.1954038143158  seconds  2.5337077240684835 1.1368970013037814 3.4000000000000004
137.51848196983337  seconds  2.5337077240684835 1.1368970013037814 17.3
134.8917739391327  seconds  2.5337077240684835 1.1368970013037814 4.4
138.34401321411133  seconds  2.5337077240684835 1.1368970013037814 18.3
138.7094702720642  seconds  2.5337077240684835 1.1368970013037814 19.3
139.9638159275055  seconds  2.5337077240684835 1.1368970013037814 6.4
137.93876147270203  seconds  2.5337077240684835 1.1368970013037814 8.4
136.00540018081665  seconds  2.5337077240684835 1.1368970013037814 9.4
104.59979319572449  seconds  2.5337077240684835 1.1368970013037814 5.6000000000000005
133.19807648658752  seconds  2.5337077240684835 1.1368970013037814 10.4
135.95421242713928  seconds  2.5337077240684835 1.1368970013037814 11.4
103.4038405418396  seconds  2.5337077240684835 1.1368970013037814 7.6000000000000005
136.60392141342163  seconds  2.5337077240684835 1.1368970013037814 0.5
132.69438815116882  seconds  2.5337077240684835 1.1368970013037814 12.4
140.5467722415924  seconds  2.5337077240684835 1.1368970013037814 13.4
136.1193368434906  seconds  2.5337077240684835 1.1368970013037814 1.5
134.78017044067383  seconds  2.5337077240684835 1.1368970013037814 2.5
138.7612009048462  seconds  2.5337077240684835 1.1368970013037814 14.4
135.57773327827454  seconds  2.5337077240684835 1.1368970013037814 15.4
132.7596938610077  seconds  2.5337077240684835 1.1368970013037814 16.400000000000002
136.16633343696594  seconds  2.5337077240684835 1.1368970013037814 3.5
129.14002346992493  seconds  2.5337077240684835 1.1368970013037814 4.5
135.6642096042633  seconds  2.5337077240684835 1.1368970013037814 17.400000000000002
140.0653326511383  seconds  2.5337077240684835 1.1368970013037814 18.400000000000002
134.34354877471924  seconds  2.5337077240684835 1.1368970013037814 19.400000000000002
135.2939624786377  seconds  2.5337077240684835 1.1368970013037814 6.5
102.0580530166626  seconds  2.5337077240684835 1.1368970013037814 5.7
102.30213069915771  seconds  2.5337077240684835 1.1368970013037814 7.7
138.37294745445251  seconds  2.5337077240684835 1.1368970013037814 8.5
140.20472407341003  seconds  2.5337077240684835 1.1368970013037814 9.5
133.87841534614563  seconds  2.5337077240684835 1.1368970013037814 11.5
141.36763310432434  seconds  2.5337077240684835 1.1368970013037814 10.5
133.3262186050415  seconds  2.5337077240684835 1.1368970013037814 12.5
136.18540048599243  seconds  2.5337077240684835 1.1368970013037814 0.6000000000000001
132.89623308181763  seconds  2.5337077240684835 1.1368970013037814 13.5
136.68585109710693  seconds  2.5337077240684835 1.1368970013037814 1.6
138.1427881717682  seconds  2.5337077240684835 1.1368970013037814 2.6
138.6653025150299  seconds  2.5337077240684835 1.1368970013037814 14.5
139.56676316261292  seconds  2.5337077240684835 1.1368970013037814 15.5
139.89625573158264  seconds  2.5337077240684835 1.1368970013037814 16.5
131.66753125190735  seconds  2.5337077240684835 1.1368970013037814 3.6
130.9342885017395  seconds  2.5337077240684835 1.1368970013037814 4.6000000000000005
103.77569675445557  seconds  2.5337077240684835 1.1368970013037814 5.800000000000001
133.90013074874878  seconds  2.5337077240684835 1.1368970013037814 17.5
132.51836371421814  seconds  2.5337077240684835 1.1368970013037814 18.5
104.30992913246155  seconds  2.5337077240684835 1.1368970013037814 7.800000000000001
135.3555886745453  seconds  2.5337077240684835 1.1368970013037814 19.5
137.20096969604492  seconds  2.5337077240684835 1.1368970013037814 6.6000000000000005
135.84050607681274  seconds  2.5337077240684835 1.1368970013037814 8.6
142.36595726013184  seconds  2.5337077240684835 1.1368970013037814 9.600000000000001
137.92997074127197  seconds  2.5337077240684835 1.1368970013037814 11.600000000000001
139.85734963417053  seconds  2.5337077240684835 1.1368970013037814 10.600000000000001
132.8196268081665  seconds  2.5337077240684835 1.1368970013037814 12.600000000000001
135.01270818710327  seconds  2.5337077240684835 1.1368970013037814 13.600000000000001
137.09423685073853  seconds  2.5337077240684835 1.1368970013037814 0.7000000000000001
101.30745387077332  seconds  2.5337077240684835 1.1368970013037814 5.9
133.74740839004517  seconds  2.5337077240684835 1.1368970013037814 1.7000000000000002
132.45725274085999  seconds  2.5337077240684835 1.1368970013037814 2.7
132.05190563201904  seconds  2.5337077240684835 1.1368970013037814 15.600000000000001
135.79219937324524  seconds  2.5337077240684835 1.1368970013037814 14.600000000000001
103.09711813926697  seconds  2.5337077240684835 1.1368970013037814 7.9
133.29368019104004  seconds  2.5337077240684835 1.1368970013037814 16.6
140.53026747703552  seconds  2.5337077240684835 1.1368970013037814 3.7
135.69286251068115  seconds  2.5337077240684835 1.1368970013037814 4.7
137.38893938064575  seconds  2.5337077240684835 1.1368970013037814 17.6
134.22828102111816  seconds  2.5337077240684835 1.1368970013037814 18.6
134.73954701423645  seconds  2.5337077240684835 1.1368970013037814 19.6
140.5952320098877  seconds  2.5337077240684835 1.1368970013037814 6.7
134.536869764328  seconds  2.5337077240684835 1.1368970013037814 8.700000000000001
133.60513162612915  seconds  2.5337077240684835 1.1368970013037814 9.700000000000001
135.8442611694336  seconds  2.5337077240684835 1.1368970013037814 11.700000000000001
135.30909824371338  seconds  2.5337077240684835 1.1368970013037814 12.700000000000001
139.45147395133972  seconds  2.5337077240684835 1.1368970013037814 10.700000000000001
136.97649884223938  seconds  2.5337077240684835 1.1368970013037814 13.700000000000001
136.1373529434204  seconds  2.5337077240684835 1.1368970013037814 0.8
132.07008600234985  seconds  2.5337077240684835 1.1368970013037814 2.8000000000000003
134.4584949016571  seconds  2.5337077240684835 1.1368970013037814 1.8
136.70022296905518  seconds  2.5337077240684835 1.1368970013037814 14.700000000000001
138.86724400520325  seconds  2.5337077240684835 1.1368970013037814 15.700000000000001
136.62999773025513  seconds  2.5337077240684835 1.1368970013037814 16.7
134.52663922309875  seconds  2.5337077240684835 1.1368970013037814 4.800000000000001
138.5471634864807  seconds  2.5337077240684835 1.1368970013037814 3.8000000000000003
136.18492341041565  seconds  2.5337077240684835 1.1368970013037814 17.7
135.9916970729828  seconds  2.5337077240684835 1.1368970013037814 18.7
133.34971141815186  seconds  2.5337077240684835 1.1368970013037814 19.700000000000003
138.63947987556458  seconds  2.5337077240684835 1.1368970013037814 6.800000000000001
133.51432991027832  seconds  2.5337077240684835 1.1368970013037814 8.8
135.18026185035706  seconds  2.5337077240684835 1.1368970013037814 9.8
140.6689488887787  seconds  2.5337077240684835 1.1368970013037814 11.8
134.94947981834412  seconds  2.5337077240684835 1.1368970013037814 12.8
134.11977410316467  seconds  2.5337077240684835 1.1368970013037814 13.8
137.90354442596436  seconds  2.5337077240684835 1.1368970013037814 0.9
141.85282802581787  seconds  2.5337077240684835 1.1368970013037814 10.8
138.05256414413452  seconds  2.5337077240684835 1.1368970013037814 2.9000000000000004
137.26997113227844  seconds  2.5337077240684835 1.1368970013037814 1.9000000000000001
135.75989651679993  seconds  2.5337077240684835 1.1368970013037814 15.8
137.86900424957275  seconds  2.5337077240684835 1.1368970013037814 14.8
138.51168131828308  seconds  2.5337077240684835 1.1368970013037814 16.8
135.59036660194397  seconds  2.5337077240684835 1.1368970013037814 4.9
135.0289330482483  seconds  2.5337077240684835 1.1368970013037814 3.9000000000000004
130.850980758667  seconds  2.5337077240684835 1.1368970013037814 17.8
133.45132517814636  seconds  2.5337077240684835 1.1368970013037814 18.8
131.43173956871033  seconds  2.5337077240684835 1.1368970013037814 19.8
129.0648272037506  seconds  2.5337077240684835 1.1368970013037814 6.9
128.91852807998657  seconds  2.5337077240684835 1.1368970013037814 8.9
125.21463298797607  seconds  2.5337077240684835 1.1368970013037814 9.9
123.4961850643158  seconds  2.5337077240684835 1.1368970013037814 11.9
123.40007066726685  seconds  2.5337077240684835 1.1368970013037814 12.9
125.20534539222717  seconds  2.5337077240684835 1.1368970013037814 13.9
121.89456701278687  seconds  2.5337077240684835 1.1368970013037814 10.9
114.46522498130798  seconds  2.5337077240684835 1.1368970013037814 15.9
113.3445692062378  seconds  2.5337077240684835 1.1368970013037814 14.9
112.86511588096619  seconds  2.5337077240684835 1.1368970013037814 16.900000000000002
110.18902206420898  seconds  2.5337077240684835 1.1368970013037814 17.900000000000002
109.75641107559204  seconds  2.5337077240684835 1.1368970013037814 18.900000000000002
107.3580732345581  seconds  2.5337077240684835 1.1368970013037814 19.900000000000002
time for calc.... 1505.8767335414886
energy at the point.. 2.421355054487129 1.409821816601478  is  6.066433012819061e-06
200 the points 10 chunk numtheads
starting with calculation of Sigma
105.84168553352356  seconds  2.421355054487129 1.409821816601478 0.0
106.75720310211182  seconds  2.421355054487129 1.409821816601478 1.0
102.0743157863617  seconds  2.421355054487129 1.409821816601478 2.0
112.44780707359314  seconds  2.421355054487129 1.409821816601478 3.0
101.57486176490784  seconds  2.421355054487129 1.409821816601478 5.0
113.96067786216736  seconds  2.421355054487129 1.409821816601478 4.0
99.00163745880127  seconds  2.421355054487129 1.409821816601478 8.0
116.66247081756592  seconds  2.421355054487129 1.409821816601478 6.0
118.0683262348175  seconds  2.421355054487129 1.409821816601478 7.0
124.59000849723816  seconds  2.421355054487129 1.409821816601478 9.0
124.66802096366882  seconds  2.421355054487129 1.409821816601478 10.0
122.84730219841003  seconds  2.421355054487129 1.409821816601478 11.0
126.36564898490906  seconds  2.421355054487129 1.409821816601478 12.0
104.02699637413025  seconds  2.421355054487129 1.409821816601478 2.1
126.50198101997375  seconds  2.421355054487129 1.409821816601478 13.0
128.16871690750122  seconds  2.421355054487129 1.409821816601478 0.1
125.77222967147827  seconds  2.421355054487129 1.409821816601478 14.0
124.8379979133606  seconds  2.421355054487129 1.409821816601478 1.1
102.40413689613342  seconds  2.421355054487129 1.409821816601478 5.1000000000000005
138.19208526611328  seconds  2.421355054487129 1.409821816601478 15.0
103.57397603988647  seconds  2.421355054487129 1.409821816601478 8.1
136.4569046497345  seconds  2.421355054487129 1.409821816601478 16.0
129.1701431274414  seconds  2.421355054487129 1.409821816601478 17.0
137.53980374336243  seconds  2.421355054487129 1.409821816601478 3.1
129.88198685646057  seconds  2.421355054487129 1.409821816601478 4.1000000000000005
127.7788577079773  seconds  2.421355054487129 1.409821816601478 18.0
126.94814085960388  seconds  2.421355054487129 1.409821816601478 6.1000000000000005
128.74721431732178  seconds  2.421355054487129 1.409821816601478 19.0
134.45570397377014  seconds  2.421355054487129 1.409821816601478 7.1000000000000005
103.1626181602478  seconds  2.421355054487129 1.409821816601478 2.2
130.43826460838318  seconds  2.421355054487129 1.409821816601478 9.1
129.72278571128845  seconds  2.421355054487129 1.409821816601478 11.100000000000001
136.6427218914032  seconds  2.421355054487129 1.409821816601478 10.100000000000001
104.81663751602173  seconds  2.421355054487129 1.409821816601478 5.2
131.05491185188293  seconds  2.421355054487129 1.409821816601478 12.100000000000001
138.5178451538086  seconds  2.421355054487129 1.409821816601478 13.100000000000001
134.6367530822754  seconds  2.421355054487129 1.409821816601478 0.2
132.0909595489502  seconds  2.421355054487129 1.409821816601478 14.100000000000001
105.5323441028595  seconds  2.421355054487129 1.409821816601478 8.200000000000001
133.6522183418274  seconds  2.421355054487129 1.409821816601478 1.2000000000000002
129.04927515983582  seconds  2.421355054487129 1.409821816601478 15.100000000000001
129.16609573364258  seconds  2.421355054487129 1.409821816601478 17.1
132.5976812839508  seconds  2.421355054487129 1.409821816601478 16.1
130.1196825504303  seconds  2.421355054487129 1.409821816601478 4.2
133.65672874450684  seconds  2.421355054487129 1.409821816601478 3.2
129.64483046531677  seconds  2.421355054487129 1.409821816601478 18.1
128.15516567230225  seconds  2.421355054487129 1.409821816601478 6.2
132.0617241859436  seconds  2.421355054487129 1.409821816601478 19.1
104.4404935836792  seconds  2.421355054487129 1.409821816601478 2.3000000000000003
135.26447081565857  seconds  2.421355054487129 1.409821816601478 7.2
104.81867265701294  seconds  2.421355054487129 1.409821816601478 5.300000000000001
131.90786051750183  seconds  2.421355054487129 1.409821816601478 9.200000000000001
129.2961814403534  seconds  2.421355054487129 1.409821816601478 10.200000000000001
130.27109956741333  seconds  2.421355054487129 1.409821816601478 11.200000000000001
103.10891366004944  seconds  2.421355054487129 1.409821816601478 8.3
133.47769021987915  seconds  2.421355054487129 1.409821816601478 12.200000000000001
132.60247230529785  seconds  2.421355054487129 1.409821816601478 0.30000000000000004
132.7781264781952  seconds  2.421355054487129 1.409821816601478 13.200000000000001
129.59250020980835  seconds  2.421355054487129 1.409821816601478 1.3
135.40962028503418  seconds  2.421355054487129 1.409821816601478 14.200000000000001
125.81002902984619  seconds  2.421355054487129 1.409821816601478 15.200000000000001
103.93871808052063  seconds  2.421355054487129 1.409821816601478 2.4000000000000004
130.39856696128845  seconds  2.421355054487129 1.409821816601478 4.3
136.84102487564087  seconds  2.421355054487129 1.409821816601478 16.2
133.8945574760437  seconds  2.421355054487129 1.409821816601478 3.3000000000000003
139.4610526561737  seconds  2.421355054487129 1.409821816601478 17.2
132.79742765426636  seconds  2.421355054487129 1.409821816601478 18.2
130.75575494766235  seconds  2.421355054487129 1.409821816601478 6.300000000000001
103.03126907348633  seconds  2.421355054487129 1.409821816601478 5.4
130.70460152626038  seconds  2.421355054487129 1.409821816601478 19.200000000000003
134.4326171875  seconds  2.421355054487129 1.409821816601478 7.300000000000001
102.92502188682556  seconds  2.421355054487129 1.409821816601478 8.4
129.27165055274963  seconds  2.421355054487129 1.409821816601478 9.3
126.3301100730896  seconds  2.421355054487129 1.409821816601478 10.3
135.90394711494446  seconds  2.421355054487129 1.409821816601478 11.3
125.89272546768188  seconds  2.421355054487129 1.409821816601478 12.3
126.4011595249176  seconds  2.421355054487129 1.409821816601478 0.4
131.9808270931244  seconds  2.421355054487129 1.409821816601478 13.3
131.16605949401855  seconds  2.421355054487129 1.409821816601478 14.3
134.0576775074005  seconds  2.421355054487129 1.409821816601478 1.4000000000000001
105.40651392936707  seconds  2.421355054487129 1.409821816601478 2.5
133.87820553779602  seconds  2.421355054487129 1.409821816601478 15.3
103.10097599029541  seconds  2.421355054487129 1.409821816601478 5.5
127.56539988517761  seconds  2.421355054487129 1.409821816601478 4.4
131.1548891067505  seconds  2.421355054487129 1.409821816601478 3.4000000000000004
130.2954499721527  seconds  2.421355054487129 1.409821816601478 18.3
132.54471969604492  seconds  2.421355054487129 1.409821816601478 16.3
133.32383036613464  seconds  2.421355054487129 1.409821816601478 17.3
128.255765914917  seconds  2.421355054487129 1.409821816601478 6.4
105.26500248908997  seconds  2.421355054487129 1.409821816601478 8.5
129.60893607139587  seconds  2.421355054487129 1.409821816601478 19.3
132.62112736701965  seconds  2.421355054487129 1.409821816601478 7.4
129.7706470489502  seconds  2.421355054487129 1.409821816601478 9.4
126.37683057785034  seconds  2.421355054487129 1.409821816601478 10.4
136.10349917411804  seconds  2.421355054487129 1.409821816601478 11.4
103.10316061973572  seconds  2.421355054487129 1.409821816601478 2.6
131.05492663383484  seconds  2.421355054487129 1.409821816601478 12.4
130.4592490196228  seconds  2.421355054487129 1.409821816601478 0.5
103.9862654209137  seconds  2.421355054487129 1.409821816601478 5.6000000000000005
130.25015711784363  seconds  2.421355054487129 1.409821816601478 14.4
131.04831671714783  seconds  2.421355054487129 1.409821816601478 1.5
135.03568315505981  seconds  2.421355054487129 1.409821816601478 13.4
128.9476387500763  seconds  2.421355054487129 1.409821816601478 15.4
102.9739236831665  seconds  2.421355054487129 1.409821816601478 8.6
127.87632346153259  seconds  2.421355054487129 1.409821816601478 4.5
129.66180276870728  seconds  2.421355054487129 1.409821816601478 18.400000000000002
132.51409077644348  seconds  2.421355054487129 1.409821816601478 3.5
130.4626693725586  seconds  2.421355054487129 1.409821816601478 17.400000000000002
131.39691972732544  seconds  2.421355054487129 1.409821816601478 6.5
136.54105281829834  seconds  2.421355054487129 1.409821816601478 16.400000000000002
128.26282119750977  seconds  2.421355054487129 1.409821816601478 19.400000000000002
103.26904964447021  seconds  2.421355054487129 1.409821816601478 2.7
137.47469830513  seconds  2.421355054487129 1.409821816601478 7.5
128.68520426750183  seconds  2.421355054487129 1.409821816601478 10.5
135.27019929885864  seconds  2.421355054487129 1.409821816601478 9.5
101.7545075416565  seconds  2.421355054487129 1.409821816601478 5.7
128.96476411819458  seconds  2.421355054487129 1.409821816601478 11.5
129.90276265144348  seconds  2.421355054487129 1.409821816601478 12.5
126.73076748847961  seconds  2.421355054487129 1.409821816601478 0.6000000000000001
104.71472334861755  seconds  2.421355054487129 1.409821816601478 8.700000000000001
130.40741610527039  seconds  2.421355054487129 1.409821816601478 13.5
133.26920247077942  seconds  2.421355054487129 1.409821816601478 14.5
132.8218765258789  seconds  2.421355054487129 1.409821816601478 1.6
127.77270913124084  seconds  2.421355054487129 1.409821816601478 15.5
130.26857709884644  seconds  2.421355054487129 1.409821816601478 4.6000000000000005
130.2391140460968  seconds  2.421355054487129 1.409821816601478 18.5
129.1462869644165  seconds  2.421355054487129 1.409821816601478 17.5
134.72158861160278  seconds  2.421355054487129 1.409821816601478 3.6
127.84820938110352  seconds  2.421355054487129 1.409821816601478 19.5
134.4202835559845  seconds  2.421355054487129 1.409821816601478 16.5
136.39185690879822  seconds  2.421355054487129 1.409821816601478 6.6000000000000005
102.70532965660095  seconds  2.421355054487129 1.409821816601478 2.8000000000000003
103.83010411262512  seconds  2.421355054487129 1.409821816601478 5.800000000000001
127.739821434021  seconds  2.421355054487129 1.409821816601478 10.600000000000001
135.28628158569336  seconds  2.421355054487129 1.409821816601478 7.6000000000000005
131.46671748161316  seconds  2.421355054487129 1.409821816601478 9.600000000000001
103.13659000396729  seconds  2.421355054487129 1.409821816601478 8.8
133.9849419593811  seconds  2.421355054487129 1.409821816601478 11.600000000000001
134.1218967437744  seconds  2.421355054487129 1.409821816601478 12.600000000000001
135.47971558570862  seconds  2.421355054487129 1.409821816601478 0.7000000000000001
129.2776656150818  seconds  2.421355054487129 1.409821816601478 13.600000000000001
134.21952843666077  seconds  2.421355054487129 1.409821816601478 1.7000000000000002
135.0314428806305  seconds  2.421355054487129 1.409821816601478 14.600000000000001
129.956378698349  seconds  2.421355054487129 1.409821816601478 15.600000000000001
126.79120206832886  seconds  2.421355054487129 1.409821816601478 4.7
103.45347189903259  seconds  2.421355054487129 1.409821816601478 2.9000000000000004
129.52444124221802  seconds  2.421355054487129 1.409821816601478 17.6
136.13847732543945  seconds  2.421355054487129 1.409821816601478 18.6
133.11384510993958  seconds  2.421355054487129 1.409821816601478 3.7
104.2487063407898  seconds  2.421355054487129 1.409821816601478 5.9
129.07956647872925  seconds  2.421355054487129 1.409821816601478 16.6
131.22567510604858  seconds  2.421355054487129 1.409821816601478 19.6
128.73748421669006  seconds  2.421355054487129 1.409821816601478 6.7
100.26569867134094  seconds  2.421355054487129 1.409821816601478 8.9
130.05376386642456  seconds  2.421355054487129 1.409821816601478 10.700000000000001
129.14937210083008  seconds  2.421355054487129 1.409821816601478 7.7
133.74987959861755  seconds  2.421355054487129 1.409821816601478 9.700000000000001
131.0829575061798  seconds  2.421355054487129 1.409821816601478 11.700000000000001
132.52086806297302  seconds  2.421355054487129 1.409821816601478 12.700000000000001
129.34707307815552  seconds  2.421355054487129 1.409821816601478 0.8
127.61854696273804  seconds  2.421355054487129 1.409821816601478 13.700000000000001
129.5873258113861  seconds  2.421355054487129 1.409821816601478 1.8
130.91117191314697  seconds  2.421355054487129 1.409821816601478 15.700000000000001
132.93126130104065  seconds  2.421355054487129 1.409821816601478 14.700000000000001
129.04507112503052  seconds  2.421355054487129 1.409821816601478 4.800000000000001
131.29723930358887  seconds  2.421355054487129 1.409821816601478 17.7
127.53185153007507  seconds  2.421355054487129 1.409821816601478 18.7
128.95665287971497  seconds  2.421355054487129 1.409821816601478 6.800000000000001
130.9150824546814  seconds  2.421355054487129 1.409821816601478 3.8000000000000003
135.179692029953  seconds  2.421355054487129 1.409821816601478 19.700000000000003
135.55859279632568  seconds  2.421355054487129 1.409821816601478 16.7
127.06065273284912  seconds  2.421355054487129 1.409821816601478 10.8
126.17097926139832  seconds  2.421355054487129 1.409821816601478 9.8
134.99378442764282  seconds  2.421355054487129 1.409821816601478 7.800000000000001
134.47477889060974  seconds  2.421355054487129 1.409821816601478 11.8
137.27036547660828  seconds  2.421355054487129 1.409821816601478 12.8
130.50874185562134  seconds  2.421355054487129 1.409821816601478 0.9
126.11684989929199  seconds  2.421355054487129 1.409821816601478 13.8
132.33507251739502  seconds  2.421355054487129 1.409821816601478 1.9000000000000001
129.31909823417664  seconds  2.421355054487129 1.409821816601478 14.8
131.81937527656555  seconds  2.421355054487129 1.409821816601478 15.8
131.30787301063538  seconds  2.421355054487129 1.409821816601478 4.9
129.15863680839539  seconds  2.421355054487129 1.409821816601478 17.8
130.01548647880554  seconds  2.421355054487129 1.409821816601478 18.8
126.57095384597778  seconds  2.421355054487129 1.409821816601478 6.9
130.10024046897888  seconds  2.421355054487129 1.409821816601478 3.9000000000000004
126.38480114936829  seconds  2.421355054487129 1.409821816601478 16.8
129.21991634368896  seconds  2.421355054487129 1.409821816601478 19.8
126.19490575790405  seconds  2.421355054487129 1.409821816601478 10.9
123.04596138000488  seconds  2.421355054487129 1.409821816601478 7.9
127.37851524353027  seconds  2.421355054487129 1.409821816601478 9.9
118.14674353599548  seconds  2.421355054487129 1.409821816601478 11.9
120.15124678611755  seconds  2.421355054487129 1.409821816601478 12.9
116.32908320426941  seconds  2.421355054487129 1.409821816601478 13.9
113.86047911643982  seconds  2.421355054487129 1.409821816601478 14.9
112.66525840759277  seconds  2.421355054487129 1.409821816601478 15.9
108.20222425460815  seconds  2.421355054487129 1.409821816601478 17.900000000000002
109.0031418800354  seconds  2.421355054487129 1.409821816601478 18.900000000000002
104.9486334323883  seconds  2.421355054487129 1.409821816601478 16.900000000000002
110.55602645874023  seconds  2.421355054487129 1.409821816601478 19.900000000000002
time for calc.... 1461.372991323471
109624.01user 36376.17system 2:25:45elapsed 1669%CPU (0avgtext+0avgdata 21605956maxresident)k
128inputs+129640outputs (388major+545165932minor)pagefaults 0swaps
