7.255197456936871 [0.         7.25519746]
testing solution to large N equation... 3.018732903302169 0.9940692002543966
starting plots of SF
[-3.4        -3.39738663 -3.39477325 ...  3.39477325  3.39738663
  3.4       ]
dense shape (1113,)
0.30679615757712825
starting with calculation of Sigma theta w=0..... 1113  points
0 -1.5857946754865495 7.0030301547569955
1 -1.5917976780512393 6.9646547689895115
2 -1.5988058746265106 7.473636053872095
3 -1.6048181078591173 6.948315598016876
4 -1.6118398732836874 6.939303772126833
5 -1.617866119052383 6.881615055120121
6 -1.624746638442755 6.954333059340132
7 -1.630951899530869 6.92887695922252
8 -1.6370069612029352 6.968218223703527
9 -1.6430731063850486 6.931435506879262
10 -1.6491512493846636 6.916235953342938
11 -1.655242282741728 7.0663263090771995
12 -1.6613470761824405 6.986244339068737
13 -1.6673316244098904 6.936304801820422
14 -1.6725776997097683 6.942752406197555
15 -1.6787259376065113 7.016879292127815
16 -1.6848910242642998 7.024554197998862
17 -1.6900419700938143 7.203050615516426
18 -1.6962397671133578 6.981769753450041
19 -1.701418958246209 6.919844571141577
20 -1.7076517277264815 6.945113958007784
21 -1.7128609330105282 6.982048385835574
22 -1.719130741385779 6.923223584443607
23 -1.7243715584640982 6.9758222797462714
24 -1.729627267026463 7.002359684252236
25 -1.735779498578205 6.989195588013692
26 -1.7412434413852982 6.99510456521996
27 -1.746548465027928 6.980673100818611
28 -1.7518694059284217 7.0257337711744325
29 -1.7572259057285615 6.992628625290567
30 -1.7630724299170693 7.000440851587001
31 -1.7688164695073882 6.966565426900555
32 -1.7743952492314392 6.957163913630678
33 -1.7798017260535315 6.986680970560512
34 -1.7852250675739858 6.942060518288191
35 -1.7906653622074988 7.003404722159131
36 -1.796122680980062 6.922254565287752
37 -1.801554833668078 6.95252999491127
38 -1.8067800489817618 7.137027494201429
39 -1.8119520748962905 6.943431084443034
40 -1.8170747656276314 6.976864829871198
41 -1.8225558760409921 6.921031763526474
42 -1.828112401614671 7.0311102179362495
43 -1.8336859753044714 7.258181474743661
44 -1.839276537162234 6.946250701802274
45 -1.844494920494598 7.178223720462346
46 -1.8493820541274804 6.964961676839467
47 -1.8550196464620081 7.146820958223766
48 -1.8606738503689184 7.241706441549251
49 -1.8661778198709422 6.9952916308434885
50 -1.8709230678766706 6.957461430585811
51 -1.8765926543549636 6.9352733179268435
52 -1.882308534261955 6.960176255051347
53 -1.8873539429674036 7.086040462558138
54 -1.892636778529239 7.036229276230283
55 -1.8983963705693925 7.067190925957434
56 -1.9035463682379534 6.9143648192547635
57 -1.9088017720489832 6.904356481023071
58 -1.9146033152597726 6.883551120473448
59 -1.919539389533818 6.965999498007773
60 -1.9250824472745125 6.945614798273188
61 -1.9308583240764405 7.0259665235940565
62 -1.9356069960297728 7.021956714882585
63 -1.9414729559782558 7.100971033775202
64 -1.946577522542844 7.185902325888314
65 -1.95206473097975 6.993382461263382
66 -1.9577251414639836 6.883104154310372
67 -1.9626974320364319 6.883230274078451
68 -1.9686214789379588 6.872249790808074
69 -1.9733691639941602 6.84266371821718
70 -1.979314043818084 6.847127153724121
71 -1.9842437376810569 6.856078241738761
72 -1.9900425834709652 6.866073929446482
73 -1.9952060738871396 6.88022765232723
74 -2.000805073007248 6.891148710600228
75 -2.006122251485296 6.902564334108645
76 -2.0115994576180976 6.913535338656024
77 -2.0169947183939323 6.926403022075107
78 -2.022423664554523 6.941517790349541
79 -2.027825351296631 6.958808477534112
80 -2.033275615398042 6.978108011311977
81 -2.038615507589272 6.998189428859485
82 -2.0441532386076404 7.022794406226933
83 -2.0493660716564643 7.0510030908242545
84 -2.0550544823302723 7.088630956407413
85 -2.060077496386027 7.13124535833435
86 -2.0659773274652133 7.199102574918141
87 -2.070838338160547 7.279368221563814
88 -2.0769198009763743 7.440853061543215
89 -2.0817889247546666 7.673518197506631
90 -2.087743252744978 8.278127030086832
91 -2.09275640524077 15.6281370028873
92 -2.098311636284342 8.949048959490208
93 -2.1037389783313336 7.963758769285562
94 -2.108838426756874 7.570911697207077
95 -2.114734936689511 7.352779087217572
96 -2.119625907300659 7.248305938988007
97 -2.1255912400472976 7.1641133894378095
98 -2.1306384457728322 7.1136361187251
99 -2.136002938852422 7.07253160689915
100 -2.141660696822173 7.038243202833196
101 -2.146562252667199 7.014067008143
102 -2.152562167994918 6.98825627699133
103 -2.1575963970968988 6.969514930456127
104 -2.1628462349671778 6.95299833769134
105 -2.1686374620232156 6.937924765574386
106 -2.1735466206556673 6.92573360386957
107 -2.1791894849979716 6.912544208793514
108 -2.184596347474705 6.900188526861517
109 -2.1895090411601696 6.892810905211447
110 -2.195387182068371 6.882928307663861
111 -2.2005663626586704 6.87858829035161
112 -2.2054822836527697 6.864049559876897
113 -2.2114290510465726 6.850574126367351
114 -2.2165468577258665 6.83641612263402
115 -2.2214660496899707 6.848788728435542
116 -2.227304538438237 6.889360722282798
117 -2.232538351119253 6.914158308891868
118 -2.237461253747329 7.009547795221191
119 -2.2430030013264615 7.1614503035432895
120 -2.2485426751494453 7.094100345856066
121 -2.253470173720954 7.015194735232449
122 -2.2585138900607284 7.047416330702989
123 -2.2642800420542484 6.944326369824531
124 -2.269496619045694 6.9561786024524634
125 -2.2744321906656015 6.887706068770561
126 -2.2795164859114476 6.92948240840374
127 -2.2851762724724667 6.914087669182442
128 -2.290490358687497 7.0668946813069375
129 -2.295437685516901 7.02861071089569
130 -2.3003883895733717 7.0858408982073655
131 -2.3056673702548784 7.002251301072865
132 -2.3111826338407564 6.943406878310069
133 -2.316505991585099 6.976510029869754
134 -2.3214751714777795 6.942251211115809
135 -2.3264496464064233 7.0239320116980215
136 -2.3314298669148257 7.074229320786449
137 -2.3364895449971654 6.925366770269662
138 -2.341818025850753 6.952594041798066
139 -2.3471124871569407 6.951424578754878
140 -2.3523726879477342 6.9627835695484634
141 -2.357598410517392 6.989510957756218
142 -2.3627197669218405 7.058678104602789
143 -2.3677582930069963 7.169608416320368
144 -2.3728075657541954 7.08812014910102
145 -2.377868379909012 6.965832959452571
146 -2.3829415781316587 7.391666492173164
147 -2.3880280535635965 6.9149815762059275
148 -2.3931287525711773 6.966029460368503
149 -2.398144603078753 7.0069954250787525
150 -2.4030540993663245 6.9671253245513585
151 -2.407928228392364 6.977638362843507
152 -2.412767027238086 6.99468487330411
153 -2.4175846078396086 6.983219655099246
154 -2.4227890203184184 7.037470734602677
155 -2.428015788541894 6.9309382659303775
156 -2.4332663980022433 6.912979860333149
157 -2.437981650385424 6.971662287415293
158 -2.442599393821188 6.9455219391433305
159 -2.447843431287918 7.126378755885943
160 -2.453199463629868 6.983664412441192
161 -2.457745881229319 6.944476370863714
162 -2.462653187367205 6.92816222403495
163 -2.4681049792452545 6.990478437848241
164 -2.472521077718463 6.952166267268927
165 -2.4777424212809467 6.92517917636629
166 -2.482648888514645 6.994156625781792
167 -2.487515499261936 6.930449732119988
168 -2.4926047897153047 6.986092432615648
169 -2.4974414866508656 6.984373972745396
170 -2.5023936332738153 6.894902565141439
171 -2.5075399050058795 7.139107131168158
172 -2.5120205348842126 7.009086719729324
173 -2.5174510428283017 6.9824018100803595
174 -2.522310795739574 6.969848422877253
175 -2.5268345442470506 7.834974726843021
176 -2.5321299709430405 6.900111229795193
177 -2.5373782348853915 7.061867422572708
178 -2.5422400225033357 6.989680236740085
179 -2.5469760873559713 7.0541249642583095
180 -2.5517699029278833 6.965301897488436
181 -2.5566586950771053 7.045900815060299
182 -2.561698416791739 7.009821113532292
183 -2.56669743602204 7.031968294098881
184 -2.5716568720192075 6.917380935538931
185 -2.5767419894937245 6.915989740380513
186 -2.5819684634343947 7.20856411712975
187 -2.587284355821803 6.89283790080463
188 -2.5923187835884383 6.929862569857945
189 -2.597088579845208 6.953336939091981
190 -2.601948059626742 6.922323053758081
191 -2.6076510518028084 6.960284996877038
192 -2.6123696940500447 7.068163277469856
193 -2.617438090537602 6.982790901401157
194 -2.622765045665945 8.360864515703103
195 -2.6276186246999083 7.623962525600607
196 -2.6330230130846592 7.002442304558101
197 -2.6382496746253175 6.983606608676717
198 -2.6431544724494316 6.906043674505854
199 -2.648732261698406 6.893741092288476
200 -2.6540231581051503 7.210099427627007
201 -2.65874907954413 6.966885313628693
202 -2.664173994108923 6.929478466243421
203 -2.6696309898726236 7.021671938198906
204 -2.6750600051353617 7.4193551364631105
205 -2.680462542069222 6.990234316007366
206 -2.685840053726336 6.865311164773692
207 -2.691193945051353 7.07164354845894
208 -2.6965255738935365 6.940784145911683
209 -2.7018362520160175 8.210319725215431
210 -2.7072948532754038 6.964926998455753
211 -2.7134522098948444 7.003835331019031
212 -2.7187041949032467 6.968735077028838
213 -2.723940261222055 6.998934720493712
214 -2.730204087141619 6.9043149733690665
215 -2.7354089696176196 6.951513263891256
216 -2.741290708779519 6.924306967104404
217 -2.7468168755106186 7.173044874593549
218 -2.753017365049 6.984641922419126
219 -2.758174032156129 6.927624267075176
220 -2.7643507807107657 7.011700333794775
221 -2.7702074726064576 6.982474289126935
222 -2.775647313808935 6.914173425196831
223 -2.7817964030064584 6.945935377925824
224 -2.7879381035320776 7.305264213386613
225 -2.794073554970767 7.097570277677869
226 -2.800203834846374 7.170777414864682
227 -2.806019037522719 7.273277267873237
228 -2.811945378880525 7.000098254354545
229 -2.818132354646221 6.984289259920196
230 -2.8246064537500994 7.001259208014102
231 -2.830811305802854 6.908425812989573
232 -2.836929980367036 7.102199217491623
233 -2.8430494649958113 6.944749794140399
234 -2.8491704135072227 6.971030086614707
235 -2.855293434495811 7.039694990216987
236 -2.8624403305296364 7.059748852967965
237 -2.8685697252318483 7.056077231731277
238 -2.87470283670965 7.15911388596978
239 -2.8815018188429637 7.0956722300331965
240 -2.8880060170432555 6.933915517454059
241 -2.8941535893753763 6.9522397782154295
242 -2.90133245458525 7.0223921876268856
243 -2.90749182934812 7.137304219405069
244 -2.9146851827421236 6.9318915483282195
245 -2.92085751015531 6.9348297642654595
246 -2.9280665034087097 6.910872114682493
247 -2.934252614231774 7.040353104194983
248 -2.941478038859698 7.035141357975954
249 -2.947678466962012 7.041157602026917
250 -2.954920780419648 6.889347290438999
251 -2.9621722704939892 6.879244810184651
252 -2.968395134548046 6.965912248091555
253 -2.9756636212007463 6.984896825912457
254 -2.9829411618874335 7.025633861842698
255 -2.989186168149213 7.109914467017927
256 -2.9964801659460334 7.087527137956192
257 -3.0037827686606478 6.903873209345486
258 -3.0110937499256427 6.858179096132113
259 -3.0176599433338853 6.854303617409243
260 -3.024692605379542 6.849389967957209
261 -3.0320259892507897 6.853580442072224
262 -3.039366586558179 6.871233617927038
263 -3.046714027851609 6.893526600999361
264 -3.054067919413717 6.900990040683606
265 -3.060558640065296 6.917237452632014
266 -3.067740823390704 6.938542753702053
267 -3.0751107804041204 6.959209260827274
268 -3.0824854741950425 6.984520413689924
269 -3.0898644181376977 7.01597250157081
270 -3.0972471116029885 7.055113675609809
271 -3.104633041707805 7.107567648655291
272 -3.11202168506442 7.183827339506734
273 -3.1194125095302057 7.3082521360345245
274 -3.12680497595781 7.555599519231717
275 -3.134198539945809 8.39757622807958
276 3.141592653589793 7.640441891372403
277 3.1341985399458085 8.39757622807971
278 3.12680497595781 7.555599519231548
279 3.1194125095302057 7.308252136035516
280 3.1120216850644193 7.183827339506758
281 3.1046330417078045 7.1075676486553
282 3.0972471116029885 7.055113675609813
283 3.0898644181376977 7.015972501570899
284 3.082485474195042 6.98452041368993
285 3.07511078040412 6.959209260827277
286 3.067740823390704 6.938542753702052
287 3.0605586400652958 6.917237452632032
288 3.054067919413717 6.900990040683616
289 3.046714027851609 6.893526600999362
290 3.0393665865581787 6.87123361792702
291 3.0320259892507893 6.853580442072226
292 3.0246926053795415 6.849389967957214
293 3.017659943333885 6.854303617409295
294 3.0110937499256427 6.85817909613203
295 3.0037827686606478 6.9038732093455195
296 2.9964801659460334 7.087527137956204
297 2.9891861681492125 7.109914467017922
298 2.982941161887433 7.025633861842685
299 2.975663621200746 6.984896825912389
300 2.968395134548046 6.965912248091546
301 2.9621722704939892 6.879244810184667
302 2.9549207804196476 6.889347290438982
303 2.947678466962012 7.041157602027079
304 2.9414780388596977 7.035141357975974
305 2.9342526142317737 7.040353104196105
306 2.928066503408709 6.91087211468246
307 2.9208575101553094 6.934829764265459
308 2.914685182742123 6.931891548328252
309 2.90749182934812 7.1373042194077625
310 2.9013324545852495 7.0223921876262505
311 2.894153589375376 6.952239778215631
312 2.8880060170432555 6.933915517454022
313 2.8815018188429637 7.095672230033336
314 2.8747028367096497 7.159113885967534
315 2.8685697252318483 7.056077231731317
316 2.862440330529636 7.05974885296772
317 2.855293434495811 7.039694990216985
318 2.849170413507222 6.971030086615068
319 2.8430494649958113 6.944749794140398
320 2.8369299803670356 7.102199217493186
321 2.8308113058028535 6.908425812989434
322 2.824606453750099 7.001259208014124
323 2.818132354646221 6.984289259920232
324 2.811945378880525 7.000098254354532
325 2.806019037522719 7.273277267873638
326 2.8002038348463736 7.17077741486232
327 2.7940735549707667 7.097570277678976
328 2.7879381035320776 7.305264213386919
329 2.7817964030064584 6.945935377925705
330 2.7756473138089346 6.914173425196807
331 2.770207472606458 6.982474289126882
332 2.7643507807107657 7.011700333794861
333 2.7581740321561288 6.927624267075174
334 2.753017365049 6.984641922419056
335 2.746816875510618 7.1730448745909605
336 2.741290708779519 6.924306967104443
337 2.7354089696176196 6.951513263891262
338 2.7302040871416184 6.904314973369044
339 2.723940261222055 6.998934720493708
340 2.718704194903246 6.968735077028837
341 2.7134522098948444 7.003835331019295
342 2.7072948532754038 6.9649269984557565
343 2.7018362520160175 8.210319725045728
344 2.696525573893536 6.940784145911873
345 2.691193945051353 7.071643548458424
346 2.6858400537263356 6.865311164773678
347 2.680462542069222 6.990234316007075
348 2.6750600051353617 7.419355136463115
349 2.669630989872623 7.021671938198825
350 2.664173994108923 6.929478466243475
351 2.65874907954413 6.966885313628661
352 2.6540231581051503 7.210099427626746
353 2.648732261698406 6.893741092288471
354 2.6431544724494316 6.906043674505773
355 2.638249674625318 6.983606608676723
356 2.633023013084659 7.0024423045582465
357 2.6276186246999083 7.623962525599882
358 2.622765045665945 8.3608645157031
359 2.617438090537602 6.982790901401159
360 2.6123696940500443 7.068163277469456
361 2.6076510518028084 6.960284996877047
362 2.601948059626742 6.92232305375808
363 2.5970885798452077 6.953336939091951
364 2.592318783588438 6.92986256985802
365 2.587284355821803 6.892837900804631
366 2.581968463434395 7.208564117130154
367 2.5767419894937245 6.9159897403805415
368 2.5716568720192075 6.917380935538863
369 2.56669743602204 7.031968294099057
370 2.5616984167917387 7.009821113532565
371 2.5566586950771053 7.045900815060326
372 2.5517699029278833 6.965301897488435
373 2.5469760873559713 7.054124964258323
374 2.5422400225033357 6.989680236739957
375 2.537378234885391 7.061867422573248
376 2.5321299709430405 6.900111229795266
377 2.52683454424705 7.834974726835898
378 2.522310795739574 6.96984842287725
379 2.5174510428283012 6.9824018100803515
380 2.512020534884212 7.009086719729592
381 2.5075399050058795 7.139107131168158
382 2.502393633273815 6.894902565141391
383 2.4974414866508656 6.984373972745399
384 2.4926047897153047 6.986092432615711
385 2.487515499261936 6.930449732119989
386 2.4826488885146447 6.994156625781989
387 2.4777424212809467 6.925179176366286
388 2.472521077718463 6.952166267268924
389 2.4681049792452545 6.990478437848239
390 2.462653187367205 6.928162224034933
391 2.457745881229319 6.944476370863781
392 2.453199463629868 6.9836644124412555
393 2.4478434312879176 7.126378755887819
394 2.4425993938211876 6.945521939143197
395 2.437981650385424 6.971662287415343
396 2.4332663980022433 6.912979860333165
397 2.428015788541894 6.930938265930377
398 2.4227890203184184 7.037470734602672
399 2.4175846078396086 6.983219655099247
400 2.4127670272380857 6.99468487330411
401 2.407928228392364 6.977638362843665
402 2.4030540993663245 6.967125324551317
403 2.3981446030787525 7.006995425078592
404 2.3931287525711773 6.966029460368732
405 2.3880280535635965 6.91498157620596
406 2.3829415781316587 7.391666492173166
407 2.3778683799090117 6.965832959452578
408 2.372807565754195 7.08812014910092
409 2.3677582930069963 7.169608416322654
410 2.3627197669218405 7.058678104602795
411 2.3575984105173915 6.989510957756295
412 2.3523726879477342 6.962783569548468
413 2.34711248715694 6.951424578754899
414 2.3418180258507526 6.952594041797891
415 2.336489544997165 6.92536677026972
416 2.3314298669148257 7.074229320786453
417 2.326449646406423 7.023932011698329
418 2.3214751714777795 6.942251211115796
419 2.316505991585099 6.976510029870135
420 2.311182633840756 6.94340687831007
421 2.3056673702548784 7.002251301072895
422 2.3003883895733717 7.085840898207916
423 2.295437685516901 7.0286107108957445
424 2.290490358687497 7.066894681306938
425 2.2851762724724662 6.914087669182436
426 2.279516485911447 6.929482408403899
427 2.2744321906656015 6.887706068770561
428 2.269496619045694 6.956178602452459
429 2.264280042054248 6.944326369824572
430 2.2585138900607284 7.047416330702898
431 2.253470173720954 7.015194735232452
432 2.2485426751494453 7.094100345856054
433 2.243003001326461 7.161450303543317
434 2.237461253747329 7.009547795221146
435 2.232538351119253 6.9141583088918575
436 2.2273045384382364 6.889360722282615
437 2.2214660496899707 6.8487887284354505
438 2.2165468577258665 6.836416122634027
439 2.2114290510465726 6.85057412636738
440 2.2054822836527697 6.864049559876901
441 2.200566362658671 6.878588290351593
442 2.195387182068371 6.882928307663865
443 2.1895090411601696 6.892810905211447
444 2.184596347474705 6.900188526861517
445 2.179189484997971 6.912544208793514
446 2.1735466206556677 6.925733603869558
447 2.1686374620232156 6.937924765574382
448 2.1628462349671773 6.952998337691339
449 2.1575963970968988 6.969514930456126
450 2.1525621679949176 6.988256276991333
451 2.146562252667199 7.0140670081430025
452 2.141660696822173 7.038243202833104
453 2.136002938852421 7.072531606899188
454 2.1306384457728322 7.113636118725098
455 2.125591240047297 7.164113389437764
456 2.119625907300659 7.248305938987854
457 2.114734936689511 7.352779087217572
458 2.1088384267568734 7.570911697206078
459 2.1037389783313336 7.963758769285557
460 2.098311636284342 8.949048959426158
461 2.09275640524077 15.628137002887309
462 2.087743252744977 8.278127030092476
463 2.0817889247546666 7.673518197506628
464 2.0769198009763743 7.44085306154321
465 2.070838338160547 7.2793682215643285
466 2.0659773274652133 7.199102574918139
467 2.060077496386026 7.131245358334271
468 2.0550544823302723 7.08863095640741
469 2.049366071656464 7.051003090824268
470 2.0441532386076404 7.022794406226928
471 2.038615507589271 6.998189428859493
472 2.033275615398042 6.978108011311972
473 2.0278253512966304 6.958808477534099
474 2.022423664554523 6.941517790349535
475 2.016994718393932 6.926403022075072
476 2.0115994576180976 6.913535338656022
477 2.0061222514852957 6.902564334108647
478 2.000805073007248 6.891148710600231
479 1.995206073887139 6.880227652327207
480 1.9900425834709652 6.866073929446483
481 1.9842437376810562 6.8560782417388175
482 1.979314043818084 6.847127153724071
483 1.9733691639941602 6.842663718217262
484 1.9686214789379588 6.872249790808077
485 1.9626974320364319 6.883230274078283
486 1.9577251414639827 6.883104154310402
487 1.95206473097975 6.993382461263371
488 1.9465775225428437 7.185902325888332
489 1.9414729559782558 7.100971033775208
490 1.9356069960297728 7.021956714882599
491 1.93085832407644 7.025966523594597
492 1.9250824472745125 6.945614798273039
493 1.9195393895338175 6.965999498007778
494 1.9146033152597726 6.883551120473446
495 1.9088017720489834 6.904356481023035
496 1.903546368237953 6.914364819254805
497 1.8983963705693925 7.067190925957432
498 1.892636778529239 7.036229276230279
499 1.887353942967403 7.08604046255792
500 1.882308534261955 6.960176255051348
501 1.8765926543549636 6.935273317926562
502 1.8709230678766702 6.957461430586587
503 1.8661778198709422 6.995291630843346
504 1.8606738503689182 7.241706441548662
505 1.8550196464620081 7.146820958223767
506 1.8493820541274804 6.964961676839402
507 1.8444949204945973 7.178223720462271
508 1.839276537162234 6.946250701802274
509 1.8336859753044714 7.258181474744194
510 1.828112401614671 7.031110217936252
511 1.8225558760409921 6.921031763526591
512 1.817074765627631 6.97686482987116
513 1.81195207489629 6.943431084443101
514 1.8067800489817614 7.137027494202772
515 1.8015548336680776 6.952529994911234
516 1.796122680980062 6.922254565287765
517 1.7906653622074988 7.0034047221591305
518 1.7852250675739858 6.942060518288176
519 1.7798017260535315 6.9866809705608155
520 1.7743952492314392 6.957163913630877
521 1.7688164695073874 6.966565426900343
522 1.7630724299170681 7.00044085158726
523 1.7572259057285604 6.992628625290519
524 1.7518694059284217 7.025733771174728
525 1.746548465027928 6.980673100818609
526 1.7412434413852982 6.995104565219963
527 1.7357794985782042 6.989195588012843
528 1.729627267026463 7.002359684252217
529 1.7243715584640982 6.9758222797462555
530 1.719130741385779 6.923223584444126
531 1.7128609330105282 6.982048385835226
532 1.7076517277264815 6.9451139580077985
533 1.701418958246209 6.919844571141564
534 1.6962397671133578 6.981769753450217
535 1.6900419700938143 7.203050615516427
536 1.6848910242642998 7.0245541979988575
537 1.6787259376065113 7.016879292127822
538 1.6725776997097683 6.942752406197538
539 1.6673316244098895 6.936304801820393
540 1.6613470761824405 6.986244339068736
541 1.655242282741728 7.066326309077196
542 1.6491512493846636 6.9162359533429365
543 1.6430731063850486 6.931435506879259
544 1.6370069612029352 6.968218223703523
545 1.630951899530869 6.9288769592225155
546 1.624746638442755 6.954333059340124
547 1.617866119052383 6.881615055120083
548 1.6118398732836874 6.939303772126793
549 1.6048181078591173 6.9483155980169675
550 1.5988058746265106 7.4736360538720925
551 1.5917976780512393 6.964654768989567
552 1.5857946754865495 7.00303015475698
553 1.5787944036907304 6.9641789821041895
554 1.5717960353993654 7.050468454576101
555 1.564797905134614 6.963110876295654
556 1.5577983470053816 6.986135692909278
557 1.5517963311150385 7.017735824223034
558 1.5447897248128648 6.97248565682911
559 1.5377769653573778 7.0177485036298535
560 1.5317599109761524 7.476186748858154
561 1.525736123839935 7.597028519624279
562 1.5186985570261218 6.9889138380272255
563 1.51265681046273 6.9292989895991175
564 1.5066052323538932 6.921006700814039
565 1.5005428815492137 7.028929396766186
566 1.4944688372225001 7.01382478972572
567 1.4883821999391995 6.948829492928349
568 1.4822820927085527 6.942162138898518
569 1.476167662018586 7.1833664885147055
570 1.4700380788520098 6.964816477882484
571 1.4649179499750369 6.9748399834523545
572 1.4587585800610294 6.895790821043668
573 1.4525818668598267 6.983799170770107
574 1.447420873975898 6.93808888349785
575 1.4412106037954444 7.0130204271827195
576 1.4360207021693483 6.980725405567699
577 1.429774682969044 6.904914974177077
578 1.4245541652598344 6.987939533427905
579 1.4189415848942424 6.998134497475917
580 1.4130177351484197 6.919033780842585
581 1.407749955020783 7.0323307261824
582 1.4024668063949557 7.03547046107326
583 1.396414962643862 6.995997029494484
584 1.3907887141693243 6.971359387828905
585 1.3854549189632341 6.951250470535302
586 1.3801048608594166 6.948206099781409
587 1.374738374315171 7.058564520067687
588 1.3693553113770345 7.019349281957256
589 1.3639555416515605 6.978194570798403
590 1.3585389522635305 6.924233575319023
591 1.3531054478010216 7.1060667967443445
592 1.3476549502467876 6.988526731473368
593 1.3421873988954518 6.9340978107090265
594 1.3367027502560327 7.028856481254239
595 1.3312009779393745 6.968716807820277
596 1.3256820725300775 7.09878100267575
597 1.3201460414425705 7.039433724866999
598 1.3145929087610004 7.44349645531814
599 1.3094172805079622 6.988724398284337
600 1.3044628145137653 6.954308172690197
601 1.298953676157939 6.9276969396218675
602 1.2933361411186923 7.0013734397916965
603 1.2877018511710825 6.9945475699397575
604 1.2825797239664753 7.0067913177499825
605 1.2775183647451944 7.084436006321475
606 1.271837920841021 6.90545225673519
607 1.266141246611273 7.028041686730846
608 1.2612487164148591 6.917091639847376
609 1.2558470058134388 7.015967650279219
610 1.2501059473522413 7.08799206365808
611 1.2449594025609798 7.082918943997579
612 1.2397332195116173 6.978359410245279
613 1.2339494231872292 6.890294814933691
614 1.2288851588603895 6.918120590735422
615 1.2235014427441968 6.928012652617463
616 1.2176768148056318 6.939714504991276
617 1.2129916544816586 6.9906174749405015
618 1.207157250389615 7.002420045326107
619 1.2017350068047783 7.099943438321687
620 1.1965937659143187 7.14223058563517
621 1.190706831394923 7.02255761749646
622 1.1859881338667762 6.941056296191291
623 1.1800785962712066 6.88973575101847
624 1.1749929940240067 6.842183698996697
625 1.1694111125395295 6.836448409539087
626 1.1639498722044401 6.848275440073692
627 1.1587063289976098 6.86805610168745
628 1.1529582471906767 6.877278566734915
629 1.147966243623135 6.884248643243658
630 1.142014614448221 6.893638767028132
631 1.1371928921179204 6.901473971763155
632 1.1311940784535917 6.914756469610401
633 1.1263883361318863 6.925673223571859
634 1.1203730843014277 6.939186914718641
635 1.1155546511841075 6.953159260057465
636 1.109524115122076 6.972917140134066
637 1.1046939142971066 6.991304406211794
638 1.098672129406827 7.017076390464127
639 1.0938081913587268 7.041759364512805
640 1.0879373103801664 7.078574194900058
641 1.0828995242233912 7.118400387103495
642 1.0772415665194044 7.177852236296924
643 1.0719699175612418 7.256380554116414
644 1.0665849809706478 7.3792379548504075
645 1.0610213254595586 7.602791923745282
646 1.0559679846328258 8.099450125205555
647 1.050055637775918 12.968295529853023
648 1.0451769890367026 9.262397670028966
649 1.0390746662367432 8.080455204105775
650 1.034189762308083 7.654390781555594
651 1.0285554809068191 7.401335326239501
652 1.0231896916948027 7.270474084798419
653 1.0180892836964626 7.189821524594607
654 1.0121783358718206 7.124584855615131
655 1.007281146194284 7.084418823536865
656 1.0014381985241458 7.046646088149227
657 0.9962559270618964 7.019427174947332
658 0.9910934649246635 6.997032907957025
659 0.985222644356326 6.974470311133875
660 0.9803166326132133 6.957462599297355
661 0.9746475067143174 6.94003934047528
662 0.9692734239955275 6.926083677766522
663 0.9643634301721193 6.9135735911703655
664 0.9583397060733134 6.9039164795486245
665 0.9533118618370238 6.892194058815434
666 0.9482218775847586 6.879069303234703
667 0.9422551615431356 6.870448823184435
668 0.9373394141681393 6.854512693887417
669 0.9321599530594027 6.847280248237921
670 0.9262754780202416 6.84381740679503
671 0.9213564715652224 6.871289498912351
672 0.9162630927728114 6.865907617690575
673 0.9103465030779656 6.885249710032952
674 0.9053622236047193 6.986947183147337
675 0.9004383891327101 7.166710536599822
676 0.8946939398466707 7.108148843347224
677 0.8893545097460283 7.052118021170514
678 0.8844258062692867 7.007813142522781
679 0.87923153635142 6.939867697716818
680 0.8734842378842748 6.999924883912122
681 0.8683945684799489 6.878818934887796
682 0.8634572434511266 7.005204612112967
683 0.8582996543287594 6.948298868044719
684 0.8526599237301561 7.105510876637858
685 0.8473921338391688 7.040060641975648
686 0.8424422503601018 7.058501448676202
687 0.8374887575153116 7.010295682933705
688 0.8322448917310029 6.9619612777176085
689 0.8267510132848097 6.955700443849567
690 0.8213603147898733 6.891754378491376
691 0.8163871613543948 7.102892999346582
692 0.8114083788167824 7.007423013016506
693 0.8064234940927516 6.971519017956989
694 0.8014320023250643 6.982178509361871
695 0.7962412141481295 6.9381438389421906
696 0.7909695410969114 6.987334621754645
697 0.7857322803789311 7.049357492964589
698 0.780529634301581 7.09182698101548
699 0.7753617816574301 6.920919894628383
700 0.7702288776563243 6.94051476979394
701 0.765131053911013 6.930917693159393
702 0.76006841847551 7.048932016176875
703 0.7550410559352309 6.9897051956036815
704 0.7500490275477861 6.934762126518052
705 0.7450923714331656 6.956093444496181
706 0.7401711028118938 7.160439825762516
707 0.7352852142896037 7.0262211759796465
708 0.7304346761863444 6.97843134632991
709 0.7253057057949993 7.006925956930415
710 0.720106730975397 6.9577470411110225
711 0.7148857730871228 6.988126429379084
712 0.7098217301127047 6.99071066755172
713 0.7051579152167956 7.410269865533079
714 0.7004015734750354 6.95616955339511
715 0.6950833857892068 6.9209275975266555
716 0.6898602614443398 6.973545747133657
717 0.685344548042371 6.95225600402427
718 0.6802965743061755 7.014064469203818
719 0.6749378186141337 6.9883384986318084
720 0.6705327084179018 7.299230452544611
721 0.66523493684939 6.924132244027074
722 0.6603799606194163 6.953041794708727
723 0.6554822443248355 7.0320744782193705
724 0.6503997912126467 6.921544490051065
725 0.6455792405274716 6.95164259143488
726 0.6405873898472677 6.915754650258119
727 0.6355067442908479 6.894294456521041
728 0.630937675593075 7.345213119612364
729 0.6254945063248019 6.952513092747862
730 0.6207789693125177 7.00038773957959
731 0.6160894267635438 6.8892242043308745
732 0.6107820731103234 7.0662682250024496
733 0.6055830278682313 6.958691337633969
734 0.6009189621147419 6.93273759400265
735 0.5962015949443128 6.949791561292535
736 0.5912925238125332 6.859741515961729
737 0.5862003528316472 6.9779900147939875
738 0.5811502867398717 7.2576393751380515
739 0.5761411989883425 6.95673453800357
740 0.571171968989215 6.894762259279276
741 0.5662414834632575 6.936865701399976
742 0.5613486376979343 6.94079328811707
743 0.5560905566434586 6.9073444571993825
744 0.5507114301310465 7.004939413921409
745 0.5456934156007193 6.950234514720729
746 0.5409482818516516 7.339848250574587
747 0.5358558032637158 7.032674595074984
748 0.5303869796597148 6.989578381926728
749 0.5257418949727212 7.032349196431429
750 0.5201326566315493 7.001033134195165
751 0.5153935690031298 6.955310667739875
752 0.5097793772133914 6.988877278802839
753 0.5051789650289074 6.938466933741742
754 0.49955797885878633 6.959466432696217
755 0.49446826649525366 6.974007982406181
756 0.4895302004196222 6.947384346799166
757 0.484006149427559 6.9529469932235735
758 0.47851355143841123 7.75874630824733
759 0.47305587884743944 6.966464462683976
760 0.4679781332148743 6.976579960460951
761 0.46276644112652193 7.083745285286162
762 0.45741046680924724 6.97416333553684
763 0.4518989404494775 6.998033718177976
764 0.4462195621026242 6.9263456422137475
765 0.440816925891718 6.992618430231244
766 0.43552207749828104 6.965267567179263
767 0.43024592912719944 6.920318057272191
768 0.4247967750593688 7.319771374161478
769 0.4186983873123235 6.911130522241544
770 0.41347424446899134 7.049502167914885
771 0.4076787414544582 6.871756234308629
772 0.40202886740713517 7.050335368668361
773 0.39648304042136684 6.911209528034501
774 0.39064053214383876 7.0332581660636055
775 0.3844492474401301 6.948461137061176
776 0.37929950554674163 7.093859310574949
777 0.3731302106810306 6.991406610955627
778 0.36697099179224896 7.025920417882075
779 0.36184507298222546 6.952579014492841
780 0.3557010350720217 6.989373771569032
781 0.3495636205718533 7.036851030398466
782 0.34343173122382226 6.983841360947103
783 0.3373043293487856 6.991067322370518
784 0.3311804356553612 6.983101644832692
785 0.3250591271593196 7.056985978222279
786 0.31893953520572177 7.148469433705109
787 0.3128208435866647 7.0383977071842425
788 0.30670228674791855 7.395572850993797
789 0.30058314807817516 6.9862197693650385
790 0.29446275827499424 6.906954358343253
791 0.2874986704825 7.0957402756993355
792 0.2811947084974789 6.929732427995589
793 0.2750664500301348 6.909549118495882
794 0.26893462831672615 7.011758881583572
795 0.26177573608242394 7.01038465413782
796 0.2556347071766109 6.948616910221672
797 0.24948680428214157 7.396971629799995
798 0.24231206427925253 6.925572360971734
799 0.23615458812316506 7.018933534158327
800 0.228963548541506 6.975205339435993
801 0.22279327504330523 7.007407580493424
802 0.2155867488160808 6.9927941233379505
803 0.2094027995831036 7.0212660594579575
804 0.2021799414169904 7.04951277596818
805 0.19494805583828562 7.124335323204848
806 0.1887420409777216 6.946963943402438
807 0.1814931744600718 6.914950171317913
808 0.17527255398901068 6.950836194488124
809 0.16800667110555478 6.939772233785213
810 0.16073170652282304 6.999036678768631
811 0.15344777128740977 7.094480794548651
812 0.1471973741137569 7.183444797044101
813 0.13989720833392308 6.983610018412683
814 0.13258859588763644 6.892619219130676
815 0.12527178684826262 6.875589204218358
816 0.11899392709020443 6.8690529227787795
817 0.11166266845985082 6.869282401619138
818 0.10432409554058074 6.865906598079976
819 0.09697857052468913 6.879684104017566
820 0.08962648037598052 6.903210561421615
821 0.08226823506707451 6.9133839725352475
822 0.07595659586542526 6.9311293601653565
823 0.06858807943649395 6.952774468941233
824 0.06121469001099033 6.977731748153369
825 0.05383690989240298 7.006230680930165
826 0.0464552358873868 7.04261603000145
827 0.039070177556405225 7.090640942971485
828 0.031682255464391476 7.158567520076527
829 0.024291999431140472 7.265136959319269
830 0.0168999467812723 7.4611442908859145
831 0.009506640593713344 7.928922664654101
832 0.0021126279507227698 8.982585164173827
833 -0.005281541813436258 8.517766170443775
834 -0.012675318864042304 7.669295940416924
835 -0.020068154617510884 7.35992077781258
836 -0.027459503492866064 7.212714881251575
837 -0.034848824662933084 7.12617729568291
838 -0.042235583805124405 7.068262561356839
839 -0.049619254851751546 7.026006035084742
840 -0.05699932173986565 6.993504860025632
841 -0.06437528016072314 6.966510638482957
842 -0.07174663930909066 6.942290386427843
843 -0.07911292363273134 6.925800316450759
844 -0.08542249527143045 6.908752532829252
845 -0.09277815425853256 6.889006589323564
846 -0.10012747967830804 6.884973186943119
847 -0.10747007120358476 6.86743595680005
848 -0.11480555227072183 6.848243795267427
849 -0.12213357184501704 6.83641823418221
850 -0.12840854844999927 6.8410949335549915
851 -0.13572187735536806 6.875901132308869
852 -0.14302689851436837 7.008479601463974
853 -0.15032337596565754 7.132239773047913
854 -0.15657054752258076 7.104417447772735
855 -0.16385065431731824 7.037454589388315
856 -0.1711217380154793 6.934608886385166
857 -0.1773468425819273 6.904485839920555
858 -0.1846009559656522 6.971660619901866
859 -0.1918458889817398 6.9405536539784025
860 -0.1980485481257864 7.082687576111479
861 -0.20527655003994708 7.052921548433548
862 -0.21146483496080928 6.997218093518443
863 -0.21867631400377915 6.981439779831192
864 -0.22513438534001196 6.892149773168661
865 -0.2320464094019261 7.024194157793538
866 -0.23820770986609724 7.060995362352214
867 -0.24538871426680206 6.971782966053675
868 -0.25153801387458 6.925958879779669
869 -0.2587058060152725 7.003169921568753
870 -0.2648445439761236 6.962923864304175
871 -0.2709789934880057 6.909065340175402
872 -0.278130995617475 7.041440148407582
873 -0.284257651811231 6.972005306144216
874 -0.29038149210270175 6.990544728625176
875 -0.2965030670424206 7.011128165946727
876 -0.3030439121717543 6.945559849016801
877 -0.3097615961349219 6.914156660441524
878 -0.315880126800897 7.031880737326899
879 -0.32199916904677456 7.014772920607563
880 -0.3281195137241774 7.229389633711049
881 -0.33424200326286563 6.946402190526505
882 -0.340367533512107 6.97250656349971
883 -0.34649705567462386 6.9341850902264355
884 -0.3520055169759372 6.919042755653014
885 -0.35774825694862683 6.965634110014823
886 -0.36389474847952674 7.005350880006716
887 -0.3700494221560037 6.971421199978227
888 -0.3758620839287997 6.943608700005989
889 -0.3813584034004874 7.015650646712756
890 -0.3875432240956595 7.1585770617462465
891 -0.3927073540737147 6.90775810683812
892 -0.39891772667265196 7.312213048059577
893 -0.4041053127047821 7.37490175759642
894 -0.4103465333511668 6.980442449275068
895 -0.4155621677247926 7.003989836978621
896 -0.42150960591596737 6.993539456652588
897 -0.4270887138457847 6.936930585778752
898 -0.4323542220697582 10.05708003192924
899 -0.43763771192529904 6.911729823963779
900 -0.44331212222394656 7.875005567617952
901 -0.4490810706243818 7.087105312354544
902 -0.45467527716412587 6.934921768132136
903 -0.46005266763500857 7.059051060755272
904 -0.46538994941510864 6.922320664415647
905 -0.4705330436332727 7.0111691396647595
906 -0.475546846370853 6.915825175595575
907 -0.4807069299394046 6.955782637364568
908 -0.48621190276858445 6.986897945036557
909 -0.491748984641603 6.891947760755446
910 -0.4967202318319692 6.9744420141777645
911 -0.5018019311704255 7.011138638152801
912 -0.507437884640664 6.927438257803706
913 -0.5119743988329292 6.9680059668207095
914 -0.5176812592661144 6.976125063434722
915 -0.5222769278073677 7.060851112402677
916 -0.52806081095216 7.034076988280324
917 -0.5327205553266968 7.017207386308325
918 -0.5377567249826988 7.01912334393152
919 -0.5433168086139971 7.061607394628919
920 -0.5480782852940637 6.978560464571033
921 -0.5528733399297824 6.954032517051379
922 -0.5578625896126362 6.953017336758426
923 -0.563118010417569 6.972304023446917
924 -0.5682878287429164 7.39678928236105
925 -0.5733773145510995 7.088879237470017
926 -0.5783913747892644 7.31910283979294
927 -0.5833345818729889 6.893656655192912
928 -0.5882111995854955 6.924445643684297
929 -0.5930252066569021 7.177713859500827
930 -0.5977803182580665 7.267657669839504
931 -0.6029095626115389 7.048582534066688
932 -0.6081462421955622 7.005692264354369
933 -0.6132450410566052 6.974712920426335
934 -0.6177800172387913 7.0404197052042115
935 -0.6227918463980652 7.0078309992205545
936 -0.6281964008944328 6.920683353787043
937 -0.6325947877065584 6.997842572212089
938 -0.6378139560831833 7.022172820349567
939 -0.6427195786412764 7.157403197165091
940 -0.6475793463150086 7.1522571126435
941 -0.6526689474648658 7.328573298567493
942 -0.6575110784098576 8.618341757373129
943 -0.6624627629497732 6.9415157337707765
944 -0.6676140449342817 8.26913548878681
945 -0.6721186012147583 6.953794815724053
946 -0.6775800642052404 7.121744439408857
947 -0.6823527155851261 6.989746696437723
948 -0.687049048632171 6.953750646602905
949 -0.6924131578538203 7.537225680929265
950 -0.6974616037703123 7.049068462829201
951 -0.7020679330113441 6.935743739178563
952 -0.7070095697707535 6.950627582699442
953 -0.7122664901296233 7.039235889442515
954 -0.7174991678800756 7.003486127771213
955 -0.7224286878210536 7.06254267278215
956 -0.7272205159587851 6.957935847629886
957 -0.7320475855358686 7.076681725371152
958 -0.736929877128989 6.90679018992751
959 -0.7420663752341089 7.023350132280943
960 -0.7471863004285128 6.980282232265334
961 -0.7522907307873615 6.928290170707711
962 -0.7573806842047949 6.992705146285825
963 -0.7624571215951496 6.9904227413660545
964 -0.7675209498821526 7.01846170168225
965 -0.7725730247923978 6.949151482903703
966 -0.7776141534680115 6.944944160651797
967 -0.782645096912171 6.963392849864283
968 -0.7876665722799945 7.039398421019634
969 -0.7927229860610459 6.943096204618405
970 -0.7980060245742746 7.248440150470803
971 -0.8033231617385455 6.948581831752395
972 -0.808674141437719 7.0648082111595105
973 -0.8138985604828708 7.145599964967476
974 -0.8188743842682044 6.992666554467899
975 -0.8238448023507162 6.965447999914624
976 -0.8288102434674852 6.953166113217115
977 -0.8340833154863851 6.914609230939664
978 -0.8396197901112625 7.017943004630455
979 -0.8449176556784594 7.053888425655792
980 -0.8498657460535236 7.076529987016464
981 -0.8548106785211514 6.9697413419699314
982 -0.8601862384981355 6.894953580722314
983 -0.8658658715865092 6.912263533065353
984 -0.8708623452222686 6.927423742128045
985 -0.8757962775073294 6.932497991731364
986 -0.8811535825020936 6.980363922523989
987 -0.8868904105550113 7.000257092356679
988 -0.8918182296092333 7.126145503481009
989 -0.8967445964202893 7.131473223594389
990 -0.902497094014415 7.068640153062843
991 -0.9078236927177935 6.9682507740112305
992 -0.912745709573871 6.872482315446526
993 -0.9182408000506287 6.842834531847555
994 -0.9238161036806652 6.845031677760525
995 -0.9287345475565911 6.868307127869624
996 -0.9341588806866334 6.8656541018944175
997 -0.9397974089141857 6.868367036711209
998 -0.9447126232817458 6.868999648360981
999 -0.9502406925436928 6.879810400209886
1000 -0.9557682280163542 6.891785623692798
1001 -0.9606801711383238 6.902395330115639
1002 -0.9664757279009735 6.918949025200343
1003 -0.9717280006584462 6.9335048181748595
1004 -0.9766958898695397 6.947699887592027
1005 -0.9827698206388613 6.966394972113778
1006 -0.9876751200994589 6.983167305481834
1007 -0.9931584586076176 7.005275322415228
1008 -0.9987067156444213 7.031965697511821
1009 -1.0036070560055101 7.0596565835094305
1010 -1.0097299890331422 7.103358193072165
1011 -1.0146261998154975 7.148891549641726
1012 -1.0201789712397877 7.219313636210437
1013 -1.0256351808377107 7.322203988327076
1014 -1.0306539755389814 7.47617279443207
1015 -1.0366325391989442 7.858646375401307
1016 -1.0415161086375435 8.863827606659246
1017 -1.0475034222202273 7.706914159725098
1018 -1.0524938386065155 8.522899844773878
1019 -1.0580882018437372 7.80434011767505
1020 -1.063455888499234 7.488169935630273
1021 -1.0687131418109517 7.323286713342485
1022 -1.074400428229494 7.2165476354679265
1023 -1.0793775565804777 7.1530984060341165
1024 -1.0853255526799295 7.097981245836992
1025 -1.0901744203049744 7.063456579578596
1026 -1.0962292955478325 7.029138675834749
1027 -1.1010680150119847 7.006076369205137
1028 -1.1071096429380747 6.982024751849776
1029 -1.111937308948285 6.965666548635959
1030 -1.1179645467081032 6.946519814972518
1031 -1.1227802417269677 6.932958824288329
1032 -1.1287919375643993 6.914769558419616
1033 -1.1335947375884676 6.902900889481629
1034 -1.1395897379050248 6.888886963979056
1035 -1.144378718122202 6.878600592847162
1036 -1.1503558743989601 6.864975476649287
1037 -1.1551525456262803 6.8613538896851365
1038 -1.1610882902898156 6.855160718220266
1039 -1.1661542179688391 6.869228245673851
1040 -1.171784957409103 6.867519220079765
1041 -1.1772082038537917 6.851620903737267
1042 -1.182443887882612 6.87374699649351
1043 -1.1883189174351994 6.983778885215252
1044 -1.1930631455124592 7.123709720029858
1045 -1.1989449103092173 7.1210275119210715
1046 -1.203980484609889 7.0946393889972
1047 -1.2094987891608846 7.002375633804442
1048 -1.2152521926594775 6.9397016408318555
1049 -1.2200083669666983 6.944735113486062
1050 -1.2258272876453675 6.880302787613291
1051 -1.2311696954894022 7.013284512900552
1052 -1.2362647327484941 6.948065630922675
1053 -1.2420425345986803 7.125796108021339
1054 -1.2472723797586927 7.03568081661472
1055 -1.252404237282087 7.052889509707354
1056 -1.2581390495504947 7.0028897048155745
1057 -1.263595700895925 6.956366744949819
1058 -1.2684218414387627 6.927709968326043
1059 -1.2741120569886015 6.93234913640723
1060 -1.2797859770590068 7.037332647762423
1061 -1.2849812440812536 7.0666869307228675
1062 -1.2899575587024579 6.930705141472467
1063 -1.2955851710533448 6.9810962985849745
1064 -1.3011959855138624 6.934953385334214
1065 -1.3067899073594866 7.042048687638869
1066 -1.3119084981117881 6.962199861428675
1067 -1.3169203648216752 6.934585298505184
1068 -1.3223624987439322 6.904263983824667
1069 -1.3278916876401679 6.955997597495492
1070 -1.333403744826756 7.0342844062978775
1071 -1.3388986695651066 7.012222866884692
1072 -1.344376478011199 6.932512334480257
1073 -1.3498372033533736 6.9421942938704575
1074 -1.3552808959344131 6.992450564393546
1075 -1.3607076233582895 6.977890998594364
1076 -1.3661174705819867 7.142371156865501
1077 -1.3715105399928558 7.001025632779805
1078 -1.3768869514719853 7.002805636143519
1079 -1.382246842444106 7.101100166116008
1080 -1.3875903679145905 6.975367556867472
1081 -1.3933550256902683 6.93216948758339
1082 -1.3992894577935762 6.920542587444578
1083 -1.4045819327902764 6.972530324165574
1084 -1.4098588927174973 6.962672521832483
1085 -1.4155873906474896 6.931040158069719
1086 -1.421414933221077 7.063973880910269
1087 -1.426644088056476 7.316798469953757
1088 -1.4329001911377819 7.107316465254304
1089 -1.4380982959996116 7.011183508211012
1090 -1.4441759012708044 6.933122872505807
1091 -1.4494868058295014 7.08457760186573
1092 -1.4556724303202593 6.939865108983391
1093 -1.4608135854186812 7.070311551652251
1094 -1.466967370829781 6.984600926903755
1095 -1.4731048146914785 7.057150858941597
1096 -1.4792256298605846 7.21725840965905
1097 -1.4844405888029788 7.012198337139938
1098 -1.490412527441204 7.456472552648792
1099 -1.4964948705499763 7.3826082207219725
1100 -1.5025649136461823 6.882539611362403
1101 -1.5090902718389516 7.02972122822112
1102 -1.5156788494649656 7.04224873873741
1103 -1.5217160485111745 6.979512907062394
1104 -1.5277448635450654 6.967330454659223
1105 -1.5347692154120407 7.207078873364763
1106 -1.5407832924514264 6.883455647688316
1107 -1.5477932136400914 6.91946102086931
1108 -1.5547976869097213 6.922183995025815
1109 -1.5607984392547412 7.121251601545054
1110 -1.5677971815481642 6.9606963354476195
1111 -1.5747952097954845 7.092544523609542
1112 -1.5817941900649142 6.963457708880987
finished  calculation of Sigma theta w=0.....
time for calc.... 231.64068508148193
