reading lattice from... ./Lattices/sqKgridX100.npy
reading lattice from... ./Lattices/sqKgridY100.npy
started calculating filling for chemical potential and dispersion parameters TB_single_band..
reading lattice from... ./Lattices/KgridX400.npy
reading lattice from... ./Lattices/KgridY400.npy
reading lattice from... ./Lattices/KgridX400.npy
reading lattice from... ./Lattices/KgridY400.npy
finished calculating filling for chemical potential
Filling: 0.5021914101708863 .... chemical potential: 29.41164495334965
dispersion params: 54.93230174081238 	 -10.444874274661508
The fermi energy in mev is: 3064.1164088176356, and in units of J: 296.3362097502549, the bandwidth is:494.39071566731144
reading lattice from... ./Lattices/KgridX8000.npy
reading lattice from... ./Lattices/KgridY8000.npy
reading lattice from... ./Lattices/sqKgridX8000.npy
reading lattice from... ./Lattices/sqKgridY8000.npy
412 the fermi surface points 27 numtheads
starting with calculation of Sigma
110.51062226295471  seconds  -0.024945675793133226 -2.8161907488399467
111.29407000541687  seconds  -1.0533271232042545 -2.412863972186006
112.91249990463257  seconds  -1.9511082138200782 -1.8798825636768153
114.5769989490509  seconds  -2.5634418730682036 -1.0691003911342891
115.92489457130432  seconds  -2.616310719758362 0.28683181225554133
113.15511751174927  seconds  -2.3947848761408084 1.4780965160644426
114.40276432037354  seconds  -1.5911777488048675 2.1020684553475952
116.05719494819641  seconds  -0.6759307312509342 2.6179921773142114
123.13997173309326  seconds  0.45971316818774444 2.716481365529149
118.85557579994202  seconds  1.3918500431269798 2.218166014776185
119.6995165348053  seconds  2.249913173659042 1.6462407648848332
120.60555005073547  seconds  2.6112097416211437 0.5910473707083881
122.28537964820862  seconds  2.600227465420261 -0.7961755758365925
119.39720249176025  seconds  -0.07483702737940057 -2.813627412233292
122.50411438941956  seconds  2.1328552803129073 -1.7483138952894508
119.80679535865784  seconds  -1.0869187309865276 -2.3937176448839756
122.19787359237671  seconds  1.253407763987053 -2.2981312472837896
119.65487575531006  seconds  -1.9829928682635394 -1.8583224684919597
121.31245946884155  seconds  0.29686186641160317 -2.7727075184702303
121.18296265602112  seconds  -2.571839841119024 -1.0256410256410255
119.77758932113647  seconds  -2.615935430759177 0.3389830508474576
122.17285537719727  seconds  -2.3724528967401755 1.5089091699261195
121.78041505813599  seconds  -1.5573229030856148 2.121928364918335
121.79373836517334  seconds  -0.6408032125689099 2.635375923511517
122.1751275062561  seconds  0.4971316818774447 2.70108924838009
120.3811571598053  seconds  1.4254671881790524 2.198691566472952
120.24219059944153  seconds  2.276216442443122 1.6201651455888744
122.1806800365448  seconds  2.612699153466239 0.5406345067362022
122.3898057937622  seconds  2.5961321164710993 -0.8434719759331818
120.14132237434387  seconds  -0.12294654498044322 -2.808758970989933
119.59015107154846  seconds  -1.1207735767057803 -2.374360284522165
122.93523001670837  seconds  2.103329881295255 -1.7714037375054321
122.62310647964478  seconds  1.2202121853055925 -2.3172533681008254
120.411776304245  seconds  -2.0134724033029117 -1.8372133207246202
120.81463432312012  seconds  0.2548022598870059 -2.7839244210051826
121.51422119140625  seconds  -2.57937151948085 -0.9804432855280313
120.53636169433594  seconds  -2.6154332206125934 0.38939591481964353
122.22352004051208  seconds  -2.3493347407020018 1.5384615384615383
122.21967434883118  seconds  -1.5235307117886803 2.1416775315080407
121.1657350063324  seconds  -0.6046963123773514 2.6527596697088223
122.28735733032227  seconds  0.534550195567145 2.68492187954485
121.02473974227905  seconds  1.4593220338983048 2.179048274280187
120.22936058044434  seconds  2.30212950890917 1.5929366806171321
121.78079986572266  seconds  2.6138970036439146 0.488483268144285
120.14586138725281  seconds  -0.1692742285962625 -2.8019026548229897
121.84401345252991  seconds  2.5911317659390893 -0.8917861799217728
119.80062222480774  seconds  -1.1546284224250325 -2.3549535657109004
122.27737474441528  seconds  2.0733989969031574 -1.7940026075619298
120.13555455207825  seconds  -2.0448975749946965 -1.8148631029986961
122.3959093093872  seconds  1.186701434159061 -2.3365316483324894
119.93305373191833  seconds  0.21203824424163376 -2.793750824795146
120.29138422012329  seconds  -2.58582331532629 -0.9352455454150368
120.1818494796753  seconds  -2.6147296261412762 0.4415471534115607
123.09964418411255  seconds  -2.3252933507170797 1.567080940518623
122.575124502182  seconds  -1.490713442035887 2.1607996523250765
122.00437426567078  seconds  -0.5684050412863972 2.669682917952238
122.08824586868286  seconds  0.5711892046497222 2.6684050412863973
121.01951336860657  seconds  1.4931768796175575 2.1593658903371877
120.5460274219513  seconds  2.327075184702303 1.565025827653555
121.90642309188843  seconds  2.614783268324194 0.4380704041720991
120.13062834739685  seconds  -0.213820078226858 -2.793374275998933
121.30742025375366  seconds  2.5854411125597565 -0.9381294374250014
120.08997225761414  seconds  -1.1884832681442852 -2.335507348276031
122.18382477760315  seconds  2.0424857391641624 -1.8166014776184265
120.63025856018066  seconds  -2.075736642154162 -1.7922642329421985
122.48400831222534  seconds  1.1528465884398083 -2.355976031659366
119.73396348953247  seconds  0.16716325830739512 -2.8022598870056497
119.87762713432312  seconds  -2.591521843547162 -0.888309430682312
120.61870241165161  seconds  -2.6138266862077795 0.4919600173837466
122.29042267799377  seconds  -2.300347674923946 1.594863150117784
122.39436388015747  seconds  -1.457540199913081 2.1800830381614746
122.52199411392212  seconds  -0.5325851218248622 2.685788787483703
121.81592297554016  seconds  0.6076053889613213 2.65137890041781
121.45388507843018  seconds  1.5265096940890843 2.1399391568883095
120.29064536094666  seconds  2.3507419698385865 1.536723163841808
121.57814979553223  seconds  2.615472996928975 0.3859191655801828
120.27541470527649  seconds  -0.2579454954835316 -2.783137766188614
122.0300281047821  seconds  2.578832269697698 -0.9839200347674923
120.58657431602478  seconds  -1.2223381138635374 -2.316029487193454
122.91038370132446  seconds  2.011690569317688 -1.838461932983836
120.71852564811707  seconds  -2.1055903679479546 -1.7696653628857018
119.70510125160217  seconds  0.11938287700999518 -2.809198886782588
122.58069825172424  seconds  1.1189917427205565 -2.375380452795897
121.51006054878235  seconds  -2.596329852950322 -0.8413733159495869
120.06589412689209  seconds  -2.612607628403482 0.5441112559756629
121.43444037437439  seconds  -2.2745083761183387 1.6219035202086056
122.09651803970337  seconds  -1.4236853541938288 2.19972449710465
122.4947235584259  seconds  -0.4953498478922209 2.7018403525036057
121.31823253631592  seconds  0.6432420686657974 2.6341838154562494
121.27339935302734  seconds  1.5592210460585754 2.1208170360712737
120.88794040679932  seconds  2.373760156528154 1.507170795306389
122.27201175689697  seconds  2.615964614315671 0.3355063016079969
119.50785303115845  seconds  -0.29934810951760094 -2.7719988381125398
122.63916373252869  seconds  2.571211534344072 -1.0291177748804867
119.75298166275024  seconds  -1.25619295958279 -2.296525866009189
122.31020760536194  seconds  1.9804497361613937 -1.8600608431116905
120.75779509544373  seconds  -2.134637114298131 -1.7468926790575336
120.25316858291626  seconds  0.07127335940895296 -2.81389496652667
122.02315521240234  seconds  1.0851368970013038 -2.3947349420939377
120.9276795387268  seconds  -2.600500309541728 -0.7926988265971313
120.25388216972351  seconds  -2.61109334122765 0.5945241199478488
122.01105523109436  seconds  -2.2481074875998694 1.6479791395045638
121.86234402656555  seconds  -1.3898305084745761 2.219335076703846
122.45843625068665  seconds  -0.45793133420252063 2.7171936353910504
122.1943347454071  seconds  0.6788787483702734 2.6165139521409415
121.25049257278442  seconds  1.5929595827900913 2.101020820113847
121.59973526000977  seconds  2.396324120405987 1.4758800521512387
122.3099718093872  seconds  2.6163313827187125 0.2833550630160806
120.03952932357788  seconds  -0.3403302911777488 -2.7595943555974722
119.54752111434937  seconds  -1.2895793546667589 -2.277270751847023
122.08726859092712  seconds  2.5627166944160176 -1.0725771403737503
119.76590847969055  seconds  -2.1642854009200945 -1.722729248152977
122.58893609046936  seconds  1.9493263798348544 -1.8810732117644968
119.81942558288574  seconds  0.021382007822685623 -2.816276020663743
122.56166243553162  seconds  1.051282051282051 -2.414027481054595
119.8550386428833  seconds  -2.6039540275690793 -0.7440243372446762
120.48666429519653  seconds  -2.609180775785209 0.6449369839200347
121.95206046104431  seconds  -2.2202369718020423 1.674054758800522
121.18220210075378  seconds  -1.3559756627553237 2.2389204663273605
122.32427144050598  seconds  -0.41873098652759655 2.732366920879353
119.13535332679749  seconds  1.626814428509343 2.0810645547125586
122.31572484970093  seconds  0.7136358724360895 2.5988700564971756
117.7929756641388  seconds  2.417118290389323 1.4445893089960888
117.64266276359558  seconds  -0.3795306388526729 -2.746527393628802
121.83400917053223  seconds  2.6165872908947345 0.23120382442416343
117.2659080028534  seconds  -1.3227021334100946 -2.2581486310299868
123.31405520439148  seconds  2.5533458289163766 -1.1142981312472837
116.79626297950745  seconds  -2.192897530475549 -1.6983920034767492
122.7337338924408  seconds  1.917253368100825 -1.902267859102301
117.33685970306396  seconds  -2.606823120382442 -0.6947729757663237
122.23754954338074  seconds  1.0174272055627984 -2.4332439547411098
117.10272455215454  seconds  -2.606823120382442 0.6947729757663237
121.99890899658203  seconds  -2.192897530475549 1.6983920034767497
123.40130090713501  seconds  -1.3227021334100928 2.2581486310299876
121.84522533416748  seconds  -0.3795306388526729 2.746527393628802
117.42294335365295  seconds  1.6594656187073331 2.061712299000435
116.775799036026  seconds  2.4372546507317705 1.4115601912212083
121.71965670585632  seconds  0.7483702737940021 2.580877559574979
117.42715907096863  seconds  -0.41873098652759655 -2.7323669208793535
120.98578667640686  seconds  2.6167598160074443 0.17905258583224715
117.35941219329834  seconds  -1.3559756627553239 -2.238920466327361
116.18803262710571  seconds  -2.220236971802043 -1.6740547588005215
121.90461587905884  seconds  2.54263722566132 -1.1560191221208167
121.7022750377655  seconds  1.8851803563667966 -1.9230573664892843
117.00916385650635  seconds  -2.609180775785209 -0.6449369839200347
122.18389081954956  seconds  0.9835723598435457 -2.4523680985102443
117.33679533004761  seconds  -2.6039540275690793 0.7440243372446762
123.8701593875885  seconds  -2.164285400920094 1.7227292481529775
122.17326211929321  seconds  -1.2895793546667582 2.2772707518470234
121.61668586730957  seconds  -0.3403302911777488 2.7595943555974722
117.73579597473145  seconds  1.692742285962625 2.0418611745219777
116.99541282653809  seconds  2.455644595838744 1.3785310734463279
122.87225079536438  seconds  0.7834812293952 2.5623641894828335
116.81600832939148  seconds  -0.45793133420252063 -2.7171936353910504
117.45424127578735  seconds  -1.3898305084745761 -2.2193350767038464
121.62497234344482  seconds  2.6168704595993737 0.12690134724033086
117.13589215278625  seconds  -2.24810748759987 -1.647979139504563
121.65203070640564  seconds  2.5304309991910423 -1.1977401129943503
117.65556955337524  seconds  -2.61109334122765 -0.5945241199478484
122.71735453605652  seconds  1.8530952515127799 -1.943502824858757
117.03935813903809  seconds  -2.600500309541728 0.7926988265971318
122.46742105484009  seconds  0.9497175141242941 -2.4713814396262257
122.07017636299133  seconds  -2.134637114298131 1.7468926790575336
122.3303530216217  seconds  -1.25619295958279 2.296525866009189
118.11633849143982  seconds  1.726229532676785 2.0217296827466322
121.96180391311646  seconds  -0.29934810951760094 2.7719988381125393
117.00003147125244  seconds  2.4732452258771103 1.343763581051717
120.60292029380798  seconds  0.8178617992177308 2.543957161072959
116.53972172737122  seconds  -0.4953498478922209 -2.7018403525036057
117.63042306900024  seconds  -1.4236853541938288 -2.1997244971046497
122.67219948768616  seconds  2.616935028047596 0.0747501086484137
116.86266374588013  seconds  -2.27450837611834 -1.6219035202086047
122.21615934371948  seconds  2.517731421121251 -1.2361136371417576
117.26049041748047  seconds  -2.612607628403482 -0.5441112559756625
117.35760021209717  seconds  -2.5963298529503214 0.8413733159495873
121.9250910282135  seconds  1.8198545268172737 -1.9643633202955235
122.61230945587158  seconds  0.9158626684050413 -2.490263234181863
122.61848831176758  seconds  -2.1055903679479546 1.7696653628857018
123.01386880874634  seconds  -1.2223381138635374 2.316029487193454
117.42466807365417  seconds  1.7586701434159062 2.002052068481795
117.12739539146423  seconds  2.4899321347965517 1.3072577140373758
122.39853310585022  seconds  -0.2579454954835316 2.783137766188614
121.8453152179718  seconds  0.8517166449369835 2.525594483382143
116.02650189399719  seconds  -0.5325851218248622 -2.685788787483703
116.75396466255188  seconds  -1.457540199913081 -2.1800830381614746
115.90835070610046  seconds  -2.300347674923946 -1.5948631501177841
121.88209915161133  seconds  2.616963834335947 0.02259887005649741
122.36253571510315  seconds  2.5034767492394607 -1.2744669659955628
117.31115198135376  seconds  -2.61382668620778 -0.4919600173837462
117.27825665473938  seconds  -2.591521843547162 0.8883094306823125
122.78580808639526  seconds  1.787179487179487 -1.984593499419352
122.34838652610779  seconds  0.8820078226857886 -2.5089903995994574
120.92967176437378  seconds  -2.075736642154161 1.792264232942199
117.012211561203  seconds  1.791801524450599 1.9817470664928296
122.11864995956421  seconds  -1.1884832681442852 2.335507348276031
116.4446349143982  seconds  2.505258583224685 1.2699063378473687
122.22812390327454  seconds  -0.213820078226858 2.793374275998933
115.6639313697815  seconds  -0.5684050412863972 -2.669682917952238
121.75194549560547  seconds  0.886098890815671 2.5067362016514565
116.72087836265564  seconds  -1.4907134420358887 -2.1607996523250756
116.77636981010437  seconds  -2.3252933507170797 -1.5670809405186228
122.84329605102539  seconds  2.616961827690609 -0.029552368535419316
118.07828998565674  seconds  -2.6147296261412762 -0.4415471534115598
121.41454935073853  seconds  2.48765507544198 -1.3124728378965664
117.49533581733704  seconds  -2.58582331532629 0.9352455454150368
122.25198984146118  seconds  1.7549047259108759 -2.0043459365493264
122.43989849090576  seconds  0.8480442111636404 -2.5275966970882227
122.22274518013  seconds  -2.044897574994696 1.8148631029986966
118.27552819252014  seconds  1.8245980008691873 1.961404588872099
116.83446216583252  seconds  2.5195132551064754 1.230992424130982
121.96571707725525  seconds  -1.1546284224250325 2.3549535657109004
122.67557549476624  seconds  -0.1692742285962625 2.8019026548229897
116.58616328239441  seconds  -0.6046963123773514 -2.6527596697088223
121.98142290115356  seconds  0.9206279468917262 2.48761408083442
117.49451541900635  seconds  -1.5235307117886814 -2.14167753150804
116.06258511543274  seconds  -2.3493347407020018 -1.5384615384615383
122.3381998538971  seconds  2.616928655227779 -0.0817036071273356
117.49892544746399  seconds  -2.6154332206125934 -0.38939591481964353
118.07180643081665  seconds  -2.57937151948085 0.9804432855280316
121.41236710548401  seconds  2.4714037375054323 -1.3475661800830823
122.27599287033081  seconds  1.721251629726206 -2.0247330467216536
122.57814121246338  seconds  0.8127334651237637 -2.5467188179052584
121.64514946937561  seconds  -2.0134724033029117 1.83721332072462
117.69426155090332  seconds  1.8566710126032155 1.9412400859784613
118.56594657897949  seconds  2.5320444860043696 1.1925249891351593
122.45716571807861  seconds  -1.1207735767057803 2.3743602845221647
115.6842246055603  seconds  -0.6408032125689099 -2.635375923511517
122.59840512275696  seconds  -0.12294654498044322 2.808758970989933
117.28739833831787  seconds  -1.5573229030856148 -2.121928364918335
121.82776951789856  seconds  0.9548763980892554 2.468491960017384
117.46526718139648  seconds  -2.3724528967401763 -1.508909169926119
117.15722012519836  seconds  -2.615935430759177 -0.3389830508474576
122.28993439674377  seconds  2.616858657570276 -0.13385484571925232
117.75139713287354  seconds  -2.571839841119024 1.0256410256410255
121.55254483222961  seconds  2.4535853976531943 -1.3823837722251935
122.74228167533875  seconds  1.6886194778271921 -2.0443285528031288
122.43470597267151  seconds  0.7786614515428072 -2.564923729029865
118.135262966156  seconds  1.8887440243372442 1.9207657634632207
121.26654648780823  seconds  -1.982992868263539 1.85832246849196
117.16223406791687  seconds  2.544054354180627 1.150803998261626
121.99188613891602  seconds  -1.0869187309865274 2.393717644883975
117.04828023910522  seconds  -0.6759307312509342 -2.6179921773142114
122.06426167488098  seconds  -0.07483702737940057 2.813627412233292
117.64579224586487  seconds  -1.5911777488048675 -2.1020684553475952
122.72978568077087  seconds  0.9888920369402762 2.4493698392003482
117.43607449531555  seconds  -2.3947848761408084 -1.4780965160644421
115.66746187210083  seconds  -2.616310719758362 -0.2868318122555409
122.3114709854126  seconds  2.6167407982942823 -0.18600608431116905
117.53825783729553  seconds  -2.5634418730682036 1.06910039113429
121.64043283462524  seconds  2.4341943324687643 -1.4167753150803999
122.1726906299591  seconds  1.6553237722729248 -2.0641734695521965
122.76204657554626  seconds  0.7438750256653808 -2.5832246849196
118.12680101394653  seconds  1.9208170360712726 1.899934026116816
117.95393371582031  seconds  2.5545873173321407 1.1090830073880928
121.76751899719238  seconds  -1.9511082138200782 1.8798825636768155
115.48459982872009  seconds  -0.7109517601043023 -2.600246296615354
122.01392602920532  seconds  -1.0533271232042545 2.412863972186006
121.85053515434265  seconds  -0.024945675793133226 2.8161907488399467
116.96928238868713  seconds  -1.624262096350796 -2.0825727944372012
117.3326268196106  seconds  -2.4160077473026047 -1.4463276836158192
121.76268267631531  seconds  1.0227156584643262 2.4302477183833116
117.35216879844666  seconds  -2.6165730957716424 -0.23468057366362416
118.14607119560242  seconds  -2.5537620060638666 1.1125597566275536
122.11388921737671  seconds  2.6165585249649808 -0.23815732290308533
121.47804474830627  seconds  2.4143850499782697 -1.448853074820513
122.50994110107422  seconds  1.6214689265536721 -2.084222449435807
122.51827430725098  seconds  0.7091699261190785 -2.6011585383980167
117.89517498016357  seconds  1.952890047805302 1.878690579666721
117.78911328315735  seconds  2.564059104737071 1.06610859066661
122.10282921791077  seconds  -1.9190352020860493 1.9011015141962955
117.02018308639526  seconds  -0.7465884398087788 -2.5818086446484307
121.94589400291443  seconds  -1.0196476741251101 2.431986093003043
116.06431937217712  seconds  -1.6571056062581486 -2.0631148742123973
122.06428170204163  seconds  0.026727509778357472 2.8161432304042293
116.85110545158386  seconds  -2.4357670578009563 -1.4141039740059265
121.38477325439453  seconds  1.0563820215377087 2.4111255975662758
117.68668985366821  seconds  -2.6167504464000886 -0.18252933507170788
117.07548379898071  seconds  -2.5431122373828217 1.1542807475010868
122.4035234451294  seconds  2.616289557307085 -0.29030856149500206
122.22821712493896  seconds  2.393003042155584 -1.4806469099148343
122.24218606948853  seconds  1.588855893627719 -2.103433289873968
122.47631192207336  seconds  0.6735332464146024 -2.619192767766919
117.92980813980103  seconds  1.9849630595393304 1.8569733050797659
117.10222291946411  seconds  2.572460792298455 1.0221642764015648
116.31934785842896  seconds  -0.7804432855280315 -2.5639781195844935
121.59043264389038  seconds  -1.8869621903520208 1.9219120537711043
116.71158909797668  seconds  -1.6909604519774009 -2.0429277988187002
122.52562975883484  seconds  -0.9858080958669262 2.4511082138200786
116.94328045845032  seconds  -2.4547183969394295 -1.3802694480660582
122.47841000556946  seconds  0.07840069534984817 2.813346877158299
121.78076982498169  seconds  1.0899206057186426 2.39200347674924
116.49487948417664  seconds  -2.616864661918793 -0.13037809647979115
117.37011575698853  seconds  -2.53150960695626 1.1942633637548896
122.28963875770569  seconds  2.6159055956215513 -0.34245980008691834
122.51810693740845  seconds  2.371139770453474 -1.5106475445458494
122.5515763759613  seconds  1.555541069100391 -2.1229714393820576
121.93499851226807  seconds  0.6378965667101255 -2.636794539679542
116.53294396400452  seconds  2.0155948632207186 1.8357235984354627
117.2800543308258  seconds  2.5799043206188847 0.9769665362885709
116.96763467788696  seconds  -0.8159625725438916 -2.5449804432855285
121.11726403236389  seconds  -1.854889178617992 1.9423680495979365
116.02149605751038  seconds  -1.7233491914233037 -2.0234680573663626
122.20145916938782  seconds  -0.9517731692006293 2.4702303346371144
117.05517864227295  seconds  -2.4724060750670374 -1.345501955671447
122.74291563034058  seconds  0.12651021295089038 2.8083063032844664
121.86106181144714  seconds  1.1233562051076138 2.372881355932204
116.47420167922974  seconds  -2.6169319212754067 -0.07822685788787442
116.13436722755432  seconds  -2.518384635157757 1.2342459800086925
121.29433178901672  seconds  2.615392617041668 -0.3928726640591047
121.95028018951416  seconds  2.3479214409206124 -1.5401999130812687
122.10879039764404  seconds  1.5216862233811383 -2.142753631934304
122.76106977462769  seconds  0.6022598870056495 -2.653914084033794
118.6873471736908  seconds  2.0473036425714373 1.8131247283789662
118.99316453933716  seconds  2.5862787966474796 0.9317687961755761
117.51562905311584  seconds  -0.8499348109517602 -2.5265663561939267
121.20892333984375  seconds  -1.822642716680295 1.9626249456757936
116.69270992279053  seconds  -1.7568883094306824 -2.0031378338879127
116.59914755821228  seconds  -2.4891768630845545 -1.3089960886571053
121.83538675308228  seconds  -0.917644502390265 2.4892730001645194
124.40136647224426  seconds  0.17283789656671011 2.801289287291052
118.00758385658264  seconds  -2.6169628988761198 -0.026075619295958138
121.00729656219482  seconds  1.1567093912761641 2.3537592351151675
117.78729796409607  seconds  -2.5042523172274223 1.272490221642764
121.76236534118652  seconds  2.614674942440348 -0.445023902651021
121.38972115516663  seconds  2.3235115167318554 -1.5691262013942602
122.57712745666504  seconds  1.4878313776618857 -2.162476626916772
117.38874650001526  seconds  2.077618426770969 1.7908616340335164
117.81767344474792  seconds  2.5919070111386997 0.8848326814428508
122.03053951263428  seconds  0.5666232073011734 -2.670498571408824
116.90470671653748  seconds  -0.8837896566710124 -2.5080090068641914
116.0945291519165  seconds  -1.7889796969934897 -1.9834854411125598
121.81662321090698  seconds  -1.7889796969934897 1.9834854411125598
117.20908093452454  seconds  -2.5042523172274223 -1.272490221642764
121.33024191856384  seconds  -0.8837896566710124 2.5080090068641914
115.934317111969  seconds  -2.6169628988761198 0.026075619295958138
123.52399682998657  seconds  0.2173837461973056 2.7926126380201866
122.11557388305664  seconds  1.1902651021295085 2.334482892804237
117.40924286842346  seconds  -2.4891768630845545 1.3089960886571061
122.3434431552887  seconds  2.6137550862469476 -0.4954367666232069
121.68833303451538  seconds  2.298565840938722 -1.5967812493522389
122.21406984329224  seconds  1.4548241582134942 -2.1816601477618427
117.94580721855164  seconds  2.1078446732874583 1.7679269882659714
118.28789138793945  seconds  2.5966539165555025 0.8378965667101266
122.44693231582642  seconds  0.5292046936114732 -2.6872762692036765
117.4109354019165  seconds  -0.9176445023902651 -2.489273000164519
115.44169282913208  seconds  -1.8226427166802956 -1.9626249456757932
121.48320960998535  seconds  -1.7568883094306824 2.0031378338879127
116.91725850105286  seconds  -2.5183846351577577 -1.2342459800086916
121.13190650939941  seconds  -0.8499348109517602 2.5265663561939267
117.5066888332367  seconds  -2.6169319212754067 0.07822685788787531
122.90119194984436  seconds  0.26014776184267685 2.782582412430582
117.7099871635437  seconds  -2.4724060750670365 1.3455019556714474
122.53670477867126  seconds  1.2241199478487612 2.315003580838024
122.30742526054382  seconds  2.612514531937033 -0.5475880052151236
122.06462240219116  seconds  2.272793830771133 -1.6236418948283355
117.76972341537476  seconds  2.1365938712585852 1.7453281182094749
121.72542667388916  seconds  1.4218605340029535 -2.2007822685788785
118.29257655143738  seconds  2.6007694898126212 0.789222077357671
117.72622561454773  seconds  -0.9517731692006293 -2.4702303346371144
121.70106482505798  seconds  0.49217821073829116 -2.703172533681008
116.46885943412781  seconds  -1.854889178617992 -1.9423680495979365
116.511549949646  seconds  -2.5315096069562606 -1.1942633637548892
121.78155851364136  seconds  -1.7233491914233037 2.0234680573663626
121.74815726280212  seconds  -0.8159625725438916 2.5449804432855285
118.13511276245117  seconds  -2.6168646619187936 0.1303780964797916
118.0083520412445  seconds  -2.4547183969394295 1.3802694480660582
122.54051327705383  seconds  0.302911777488049 2.7709731011515175
122.98700451850891  seconds  1.257974793568014 2.2954987548271064
122.20122814178467  seconds  2.610975048551483 -0.5980008691873095
122.28435730934143  seconds  2.2462952667556446 -1.6497175141242937
116.71504759788513  seconds  2.1663709174474137 1.720990873533247
117.34275698661804  seconds  2.6041760682637185 0.7405475880052155
121.26681566238403  seconds  1.3880486744893519 -2.220366473869814
118.20586347579956  seconds  -0.9858080958669272 -2.451108213820078
122.40376806259155  seconds  0.45436766623207253 -2.7186127580847277
116.06128978729248  seconds  -1.8869621903520208 -1.9219120537711045
117.05086612701416  seconds  -2.5431122373828217 -1.1542807475010863
121.88870787620544  seconds  -1.6909604519774009 2.0429277988187007
117.12305951118469  seconds  -2.6167504464000886 0.18252933507170788
121.34958672523499  seconds  -0.7804432855280314 2.5639781195844935
117.2887670993805  seconds  -2.4357670578009563 1.4141039740059265
122.57214450836182  seconds  0.3428119169240239 2.758800521512386
122.31594395637512  seconds  1.2918296392872666 2.2759722489510814
121.83539700508118  seconds  2.6090322890745474 -0.6484137331594959
122.03083324432373  seconds  2.2183833116036507 -1.6757415490676613
116.55903339385986  seconds  2.194892671530383 1.6966536288570193
117.83613920211792  seconds  2.606974560385344 0.6918730986527599
117.19730234146118  seconds  -1.019647674125112 -2.431986093003042
121.45392632484436  seconds  1.3541938287701 -2.239950666190155
117.30994391441345  seconds  -1.9190352020860493 -1.9011015141962955
121.1445209980011  seconds  0.4169491525423723 -2.7330331498293035
116.16920351982117  seconds  -2.5537620060638666 -1.1125597566275531
121.33358001708984  seconds  -1.6571056062581486 2.0631148742123973
115.0717625617981  seconds  -2.616573095771642 0.23468057366362505
121.19780421257019  seconds  -0.7465884398087788 2.5818086446484303
114.17032718658447  seconds  -2.4160077473026047 1.4463276836158192
120.2936384677887  seconds  0.3830943068231205 2.745284176547158
120.17696332931519  seconds  1.3256844850065184 2.256425967912648
117.98420023918152  seconds  2.6067010167100326 -0.697088222511951
110.8971734046936  seconds  2.2221408569347374 1.6723163841807915
116.64805555343628  seconds  2.190895869182339 -1.7001303780964796
108.94106197357178  seconds  2.609327002864381 0.641460234680574
116.33301162719727  seconds  1.3203389830508474 -2.2595135246141993
115.48933339118958  seconds  0.37774880486744866 -2.7471458381057703
115.14405989646912  seconds  -1.624262096350796 2.0825727944372012
114.50670599937439  seconds  -0.7109517601043023 2.600246296615354
105.33447051048279  seconds  0.42229465449804415 2.731028016588803
112.26637983322144  seconds  1.3587987796281984 2.2372881355932206
99.84515190124512  seconds  2.162193435920175 -1.7244676227727074
110.34434294700623  seconds  2.603728846674646 -0.7475010864841369
106.13275027275085  seconds  1.2865665902985146 -2.279009126466754
104.90490651130676  seconds  0.3373540900463135 -2.7605388961321164
time for calc.... 3413.306700229645
 plotting data from the run ...
saving data from the run ...
35136.10user 14265.65system 57:01.91elapsed 1443%CPU (0avgtext+0avgdata 35796004maxresident)k
0inputs+1352outputs (65major+145566012minor)pagefaults 0swaps
