Machine arg is, CH1
Machine arg is, CH1
started calculating filling for chemical potential and dispersion parameters TB_single_band..
Machine arg is, CH1
reading lattice from... ./Lattices/KgridX400.npy
reading lattice from... ./Lattices/KgridY400.npy
Machine arg is, CH1
reading lattice from... ./Lattices/KgridX400.npy
reading lattice from... ./Lattices/KgridY400.npy
norm of Dos, 42.951937478998964 45.58575006211245
sum of the hist, normed? 42.951937478998964
finished calculating filling for chemical potential
Filling: 0.06082955629399185 .... chemical potential: -232.8575952498763
Machine arg is, CH1
reading lattice from... ./Lattices/KgridX400.npy
reading lattice from... ./Lattices/KgridY400.npy
sum of the hist, normed? 1.0000000000000024
starting high res contour.....
attempting countour of size 10280
number of sheets..... 1
contour size before interpolation..... 12941
finished high res contour..... 24.59719204902649
range of angles from marching squares -3.141283298674963 3.1412832986749635
The fermi energy in mev is: 352.2524651162793, and in units of J: 34.06696954702895, the bandwidth is:494.39071566731144
starting contour.....
finished contour..... 4.645806074142456
Machine arg is, CH1
ED starting sampling in reciprocal space....
starting high res contour.....
attempting countour of size 10280
number of sheets..... 1
contour size before interpolation..... 12941
finished high res contour..... 29.178855895996094
range of angles from marching squares -3.141283298674963 3.1412832986749635
comparing volume elements 

0.024543692606170175
9.211493490640248e-05 9.220489089754298e-05
shapes, are they adequate? (2049, 257) 2049 257
finished sampling in reciprocal space....t= 29.201531648635864  s


differentials, dr= 9.220489089754298e-05   dth= 0.024543692606170175


PLOTTING
for error, maximum difference 96.24683046541696
number of active points (2, 455328)
for error, maximum difference 96.24683046541696
number of active points (2, 526593)
300 the points 30 chunk numtheads
starting with calculation of Sigma
0.5247468948364258  seconds  -0.763034566653997 -0.5571198664682401 0.001 0.11382110263470976
0.5956337451934814  seconds  -0.9434379777055013 -0.0002918571845511586 0.001 0.11335317486475871
0.5983293056488037  seconds  -0.28776003971113134 -0.8990385143398248 0.001 0.11317349359579934
0.5997064113616943  seconds  0.2974520131000658 -0.8958304212518913 0.001 0.11313869622274496
0.6466472148895264  seconds  0.7690379387739263 -0.5488511729312181 0.001 0.11316379199230756
0.5794970989227295  seconds  0.7572913670381535 0.5648540554476547 0.001 0.11414774601102701
0.6406023502349854  seconds  0.9433873700043253 0.009911558637657879 0.001 0.11341288906560275
0.53505539894104  seconds  0.2785910683493352 0.9019679061699022 0.001 0.11318812064126477
0.5629453659057617  seconds  -0.3065571454627817 0.8927110681750604 0.001 0.11308023087471372
0.519078254699707  seconds  -0.7746137952785223 0.5409948236214573 0.001 0.11326588271652291
0.5485775470733643  seconds  -0.943229599072879 -0.020113913542233828 0.001 0.11363125123007381
0.6482241153717041  seconds  -0.7511121711090414 -0.5729914137060568 0.001 0.1139709972454148
0.54292893409729  seconds  -0.2688333796638485 -0.9049735418670574 0.001 0.11329437344720952
0.5375747680664062  seconds  0.31617945178918216 -0.8893025364908824 0.001 0.11302778304335152
0.5648062229156494  seconds  0.7804381270825962 -0.5325984252152091 0.001 0.1141211952203685
0.5804226398468018  seconds  0.7452047690129343 0.5806001223047629 0.001 0.11354726947823307
0.5894718170166016  seconds  0.2596042885888063 0.9077109468543193 0.001 0.11354319107436868
0.6092104911804199  seconds  0.9429826155453143 0.02973067014940978 0.001 0.11388941342917303
0.5941331386566162  seconds  -0.3252170643830525 0.8859951790201623 0.001 0.11298824806096983
0.5940327644348145  seconds  -0.7858437440468616 0.5246234569731213 0.001 0.11564794010778034
0.6255917549133301  seconds  -0.9426164244403896 -0.03992783515668648 0.001 0.11418099765834851
0.5748169422149658  seconds  -0.7388530928226684 -0.5886026609940719 0.001 0.11325890649702007
0.5842671394348145  seconds  0.33476586053482454 -0.8823883646606353 0.001 0.11300549326141988
0.6465005874633789  seconds  -0.24978485250459576 -0.9105119444452157 0.001 0.11408376405965394
0.5063385963439941  seconds  0.7914859064319877 -0.5161030896499184 0.001 0.11678642607335298
0.5700674057006836  seconds  0.7327846787573504 0.5960826611130332 0.001 0.11308971425133968
0.5759243965148926  seconds  0.24049949296902529 0.9130555622983731 0.001 0.11374779344608216
0.5636763572692871  seconds  0.9421729406442385 0.049537748998549035 0.001 0.11392537517301118
0.5672543048858643  seconds  -0.7967184261105604 0.5080131037784328 0.001 0.11407805884565309
0.5812201499938965  seconds  -0.34373237274216883 0.8788950738036656 0.001 0.11303995289076507
0.5451719760894775  seconds  -0.9415983914953722 -0.05972558867053886 0.001 0.11336711891088046
0.5476398468017578  seconds  -0.7262639712020257 -0.6039470390556586 0.001 0.11304322338742215
0.5441074371337891  seconds  0.3532038390285872 -0.8750920380301109 0.001 0.11312003248895487
0.49375414848327637  seconds  0.8021755725373771 -0.4993727267073923 0.001 0.11517338355586673
0.6089603900909424  seconds  -0.23062241870752603 -0.9156499851172678 0.001 0.11341484035408339
0.43177080154418945  seconds  0.22128466923812945 0.9179978966142573 0.001 0.11362458738943088
0.5105817317962646  seconds  0.9409584372639208 0.06932475328559548 0.001 0.11307050187448278
0.5537919998168945  seconds  0.7200378695986063 0.6112952705052387 0.001 0.11306903598584736
0.517202615737915  seconds  -0.3620957248716448 0.8714148763783881 0.001 0.1132570004208634
0.5589940547943115  seconds  -0.8072322617700772 0.4911714352382729 0.001 0.11559978722313907
0.5852551460266113  seconds  -0.9401754647722674 -0.07949911081108643 0.001 0.11337724454368188
0.597008466720581  seconds  -0.7133516666651273 -0.6190182858677526 0.001 0.11314490337649295
0.5235843658447266  seconds  0.8125015390148571 -0.48241502670535896 0.001 0.11413652938191518
0.4819602966308594  seconds  0.20196797214087941 0.9225342244357682 0.001 0.11369482107488262
0.5281264781951904  seconds  -0.21135412169686554 -0.9203837632778017 0.001 0.11420684318181501
0.6237187385559082  seconds  0.3714861666152486 -0.8674178552271534 0.001 0.11351892523915368
0.49518394470214844  seconds  0.706971200625717 0.6262317526835913 0.001 0.11316684816449403
0.545649528503418  seconds  0.9393390091789432 0.08908359749825386 0.001 0.11400410793108688
0.5389993190765381  seconds  -0.38029992949680946 0.8635588308972044 0.001 0.11375766917816736
0.5809969902038574  seconds  -0.8173798970219958 0.4741063077185167 0.001 0.11363011309807365
0.505185604095459  seconds  -0.9383475568744639 -0.09924028920984884 0.001 0.11438154878388908
0.5577518939971924  seconds  -0.7001231498186498 -0.6338103734786289 0.001 0.11321954469920271
0.5148494243621826  seconds  0.822458715809165 -0.46523802535530295 0.001 0.11343448505655014
0.5377142429351807  seconds  0.18255772920689034 0.9266609915132186 0.001 0.11346230453361718
0.5352087020874023  seconds  -0.19198821890791312 -0.9247096898322313 0.001 0.11347707713174922
0.5339028835296631  seconds  0.3896056452131323 -0.8593699202166402 0.001 0.11375266869660149
0.47815775871276855  seconds  0.6935918032730092 0.6408862949677883 0.001 0.1133164694352474
0.528759241104126  seconds  0.9373145278423576 0.10880613713484993 0.001 0.11438416938950716
0.5442509651184082  seconds  -0.3983378061764395 0.8553309862827254 0.001 0.11313080407379714
0.493419885635376  seconds  -0.8271564023001374 0.4568258580965253 0.001 0.11329151162463809
0.6187877655029297  seconds  -0.9361145544053814 -0.11894094632179598 0.001 0.1144416497956869
0.5156979560852051  seconds  0.832042406646974 -0.44784999558049443 0.001 0.11319950336133214
0.6682999134063721  seconds  -0.6865855548434948 -0.6483175731697672 0.001 0.11355971618632923
0.5642354488372803  seconds  0.16306243636619783 0.9303748188695063 0.001 0.11328616145936565
0.5147662162780762  seconds  0.6799068458634332 0.6552532819713546 0.001 0.11397352769981405
0.553574800491333  seconds  0.40755516809175335 -0.8509523538057302 0.001 0.1130852474361501
0.5867619514465332  seconds  -0.17253313360242775 -0.9286243450350304 0.001 0.1133061379452858
0.5449540615081787  seconds  0.9348849503334082 0.12848416714958208 0.001 0.11444782119369348
0.5057783126831055  seconds  -0.836557154624082 0.43933840129344814 0.001 0.11321985178702859
0.5862774848937988  seconds  -0.4162023367191302 0.8467355755499423 0.001 0.11352942425151602
0.5597505569458008  seconds  0.8412480391577007 -0.4302592757705624 0.001 0.11331257586882773
0.6315281391143799  seconds  -0.9334764687419778 -0.13859284456165744 0.001 0.11463577842259105
0.5249719619750977  seconds  0.6659235266675658 0.6693272914883485 0.001 0.1170100200494005
0.5321593284606934  seconds  0.1434907850867251 0.9336727126719239 0.001 0.11343542670280045
0.5801577568054199  seconds  0.425327757736415 -0.8421693873003078 0.001 0.11379015536352496
0.5271100997924805  seconds  0.9320502363955807 0.14810940266740674 0.001 0.1176540562070727
0.6602680683135986  seconds  -0.6727461145372828 -0.6625344150039069 0.001 0.11480670241094222
0.6464884281158447  seconds  -0.15299743978304897 -0.9321244260256427 0.001 0.11331063708558652
0.5504868030548096  seconds  -0.8455779309466978 0.4216524550621963 0.001 0.11335594812112519
0.5074231624603271  seconds  -0.4338865313023794 0.8377767342841912 0.001 0.11362439556935175
0.501908540725708  seconds  0.850071690364326 -0.412474527140315 0.001 0.1132999492152558
0.4928719997406006  seconds  0.12385159357388802 0.9365517607314615 0.001 0.11353842530380304
0.5007286071777344  seconds  0.6516492195413977 0.6831032506517372 0.001 0.11346401622543269
0.6224851608276367  seconds  -0.9304331912313213 -0.15818764388037548 0.001 0.11470589600294838
0.5199475288391113  seconds  0.9288104020718316 0.16767347519630577 0.001 0.11752460571425662
0.5748212337493896  seconds  0.4429164030976784 -0.8330250539479884 0.001 0.11352194469897536
0.5044536590576172  seconds  -0.4513834257737448 0.8284585409852391 0.001 0.11333268627782056
0.6527969837188721  seconds  -0.65861208971951 -0.6764556258719246 0.001 0.11577713426072085
0.5572052001953125  seconds  -0.8542147973333548 0.4037766550882539 0.001 0.11333480521952935
0.6291742324829102  seconds  -0.1333899161468455 -0.9352070954944544 0.001 0.11346365753532281
0.5239815711975098  seconds  0.8585095544655115 -0.3945044260956823 0.001 0.11345150942754721
0.4688737392425537  seconds  0.6370912489218106 0.6965762204158971 0.001 0.11769311208150683
0.5002601146697998  seconds  0.10415384964682256 0.9390094542570327 0.001 0.1132600413366857
0.4643878936767578  seconds  0.9251655233469809 0.1871679223059414 0.001 0.11431291225161984
0.5968389511108398  seconds  -0.9269848960196722 -0.17771694828774193 0.001 0.11549960793108716
0.5446460247039795  seconds  0.46031419426557146 -0.8235234954082444 0.001 0.11319148863848111
0.5302081108093262  seconds  -0.4686860735194023 0.8187850374906653 0.001 0.11318613341183352
0.5617067813873291  seconds  -0.6441908555274317 -0.6900762302820977 0.001 0.11531335912526346
0.5794703960418701  seconds  -0.11371945177955366 -0.937869530649282 0.001 0.11352512633853255
0.6053729057312012  seconds  -0.8624642864535328 0.38571981767393093 0.001 0.11373408515820586
0.5044918060302734  seconds  0.8665584335163593 -0.3763578819768108 0.001 0.1141676338503091
0.5178747177124023  seconds  0.6222569206156164 0.7097414183532472 0.001 0.11425714749310813
0.5225214958190918  seconds  0.08440667060486189 0.9410435537717776 0.001 0.11335012679190784
0.5599751472473145  seconds  0.9211157425693983 0.20658418028057948 0.001 0.11400530081518627
0.53652024269104  seconds  0.4775141511816993 -0.8136686689860411 0.001 0.1133131056025818
0.5799598693847656  seconds  -0.9231316045567173 -0.19717223102915485 0.001 0.11389031176301626
0.4830172061920166  seconds  -0.4857875719124747 0.8087603040325939 0.001 0.11349627070316425
0.5240011215209961  seconds  -0.6294897260740926 -0.7033913705796655 0.001 0.11516115349825946
0.5100553035736084  seconds  -0.8703232405222989 0.3674908361307701 0.001 0.11526816941539399
0.5542922019958496  seconds  -0.09399511880152553 -0.940109473166645 0.001 0.11316919480137486
0.4607429504394531  seconds  0.607153666419155 0.7225943880558825 0.001 0.11360716947531647
0.5104079246520996  seconds  0.8742152906454614 -0.3580438013572139 0.001 0.11757841740564383
0.4523601531982422  seconds  0.06461930001435752 0.9426522236821661 0.001 0.11373528574262122
0.4258391857147217  seconds  0.916661423353419 0.22591361071360389 0.001 0.11341424855170631
0.43768930435180664  seconds  -0.5026809161182558 0.7983882409589942 0.001 0.11348851667937272
0.46982717514038086  seconds  0.49450940035393015 -0.8034646981171966 0.001 0.11352968213842234
0.533149003982544  seconds  -0.9188734984738345 -0.21654487168535533 0.001 0.11360709705847746
0.4884483814239502  seconds  -0.614516074761989 -0.7163964338377633 0.001 0.11377922605758937
0.46375250816345215  seconds  -0.877788898476401 0.349098698046325 0.001 0.12546102391463224
0.4721086025238037  seconds  0.8814775393529232 -0.3395711994464338 0.001 0.11417171653027597
0.5104691982269287  seconds  0.591788786548119 0.7351307037330524 0.001 0.11350024003589644
0.5375185012817383  seconds  -0.07422609213454269 -0.9419248106422902 0.001 0.11369097954226295
0.5381560325622559  seconds  0.044801078639162516 0.9438339744141735 0.001 0.11329283753053476
0.47388243675231934  seconds  0.9118028915230341 0.24514743936897732 0.001 0.1134409731638515
0.49871230125427246  seconds  -0.5193592020742498 0.7876729409830006 0.001 0.11331321152504735
0.522024393081665  seconds  0.5112929140539022 -0.7929154542628966 0.001 0.11340734450512271
0.4432690143585205  seconds  -0.8848588783635647 0.3305524514996351 0.001 0.12659198417274645
0.5494577884674072  seconds  -0.9142110583130484 -0.23582619246425043 0.001 0.11336030348720438
0.5056719779968262  seconds  -0.5992772274714274 -0.7290869368843532 0.001 0.11345026884347197
0.4396932125091553  seconds  0.576169523231007 0.747346034278035 0.001 0.11369144442860399
0.4768369197845459  seconds  0.8883429946565832 -0.3209491506675366 0.001 0.11814143042702083
0.39589905738830566  seconds  0.024961425635287967 0.9445876972870113 0.001 0.11330733941424724
0.46399593353271484  seconds  0.9065408684995758 0.26427685767939435 0.001 0.11393471819297558
0.5755598545074463  seconds  -0.05442166964030132 -0.9433138931479278 0.001 0.11352789675777493
0.4845113754272461  seconds  -0.5358153735845239 0.7766183046470742 0.001 0.11330005891837133
0.46147775650024414  seconds  -0.8915310841311554 0.3118611507057102 0.001 0.11644126642923754
0.590482234954834  seconds  0.5278577437641478 -0.7820249824995018 0.001 0.1132238229719889
0.49231410026550293  seconds  0.8948097342630926 -0.3021867155307541 0.001 0.1146620434116907
0.5461986064910889  seconds  -0.5837804954202146 -0.7414585510133813 0.001 0.11358440742149378
0.5974218845367432  seconds  -0.9091448037181624 -0.25500740118957294 0.001 0.11366754206841101
0.5930788516998291  seconds  0.560303149288846 0.7592362477554623 0.001 0.11350502974375976
0.5951623916625977  seconds  0.005109815716469044 0.944912649073164 0.001 0.11339321588197224
0.5851883888244629  seconds  0.9008761574695373 0.2832929504704483 0.001 0.1137659084986978
0.6006956100463867  seconds  -0.034591237219559444 -0.944275460597457 0.001 0.11323724154088227
0.4913828372955322  seconds  -0.8978036896573024 0.2930338375694372 0.001 0.11388049738627799
0.5968873500823975  seconds  -0.5520423769964281 0.7652283218970641 0.001 0.11351909099287624
0.43917369842529297  seconds  0.900876157469538 -0.283292950470448 0.001 0.11376590849869757
0.5662100315093994  seconds  -0.5680331400471955 -0.7535070543028209 0.001 0.11354655259454279
0.6713147163391113  seconds  0.5441968689556721 -0.7707972762490257 0.001 0.11352727043092348
0.5447173118591309  seconds  0.544196868955671 0.7707972762490257 0.001 0.11352727043089497
0.6157708168029785  seconds  -0.903675358853461 -0.2740795970153682 0.001 0.1142272549276403
0.5786142349243164  seconds  -0.014744243454192242 0.9448085576720004 0.001 0.11336025206380804
0.526334285736084  seconds  0.8948097342630923 0.30218671553075444 0.001 0.11466204341168956
0.6111280918121338  seconds  -0.014744243454191192 -0.9448085576720004 0.001 0.11336025206379989
0.5129048824310303  seconds  -0.9036753588534606 0.2740795970153674 0.001 0.1142272549276393
0.47637462615966797  seconds  0.9065408684995759 -0.26427685767939396 0.001 0.11393471819297508
0.5697340965270996  seconds  -0.5680331400471956 0.7535070543028205 0.001 0.11354655259455532
0.5013446807861328  seconds  0.5278577437641476 0.7820249824995023 0.001 0.11322382297198788
0.5625174045562744  seconds  -0.552042376996427 -0.7652283218970642 0.001 0.11351909099286299
0.5671353340148926  seconds  0.5603031492888466 -0.7592362477554617 0.001 0.11350502974375959
0.5186166763305664  seconds  -0.034591237219560075 0.9442754605974574 0.001 0.1132372415408933
0.49153947830200195  seconds  0.8883429946565828 0.320949150667537 0.001 0.11814143042701701
0.5822935104370117  seconds  -0.8978036896573023 -0.293033837569438 0.001 0.11388049738627697
0.481090784072876  seconds  -0.9091448037181625 0.25500740118957205 0.001 0.11366754206840993
0.46172118186950684  seconds  0.9118028915230342 -0.2451474393689765 0.001 0.11344097316385147
0.5598015785217285  seconds  0.005109815716469673 -0.9449126490731634 0.001 0.11339321588196978
0.5498290061950684  seconds  -0.5837804954202153 0.7414585510133809 0.001 0.11358440742149292
0.44133543968200684  seconds  0.5112929140539014 0.792915454262897 0.001 0.11340734450512929
0.5040602684020996  seconds  -0.5358153735845239 -0.7766183046470746 0.001 0.1133000589183661
0.49961376190185547  seconds  0.5761695232310085 -0.7473460342780348 0.001 0.11369144442863487
0.5130999088287354  seconds  -0.054421669640302366 0.9433138931479276 0.001 0.11352789675777979
0.5025489330291748  seconds  0.8814775393529233 0.3395711994464343 0.001 0.11417171653025816
0.5457358360290527  seconds  -0.8915310841311549 -0.3118611507057103 0.001 0.11644126642921243
0.485898494720459  seconds  0.9166614233534189 -0.22591361071360302 0.001 0.11341424855170551
0.5568859577178955  seconds  -0.9142110583130486 0.23582619246424996 0.001 0.11336030348720513
0.5564749240875244  seconds  0.024961425635288383 -0.944587697287011 0.001 0.11330733941424508
0.5449750423431396  seconds  -0.5992772274714284 0.7290869368843521 0.001 0.11345026884346449
0.5026707649230957  seconds  0.4945094003539297 0.8034646981171967 0.001 0.11352968213842506
0.5500969886779785  seconds  -0.5193592020742493 -0.7876729409830012 0.001 0.11331321152503747
0.5534040927886963  seconds  0.5917887865481195 -0.7351307037330518 0.001 0.11350024003588374
0.5173511505126953  seconds  0.8742152906454618 0.35804380135721453 0.001 0.11757841740563946
0.5493924617767334  seconds  -0.07422609213454331 0.9419248106422905 0.001 0.1136909795422702
0.5959596633911133  seconds  -0.8848588783635646 -0.33055245149963625 0.001 0.12659198416666756
0.5825045108795166  seconds  0.9211157425693988 -0.2065841802805787 0.001 0.1140053008151866
0.557039737701416  seconds  -0.918873498473835 0.2165448716853547 0.001 0.11360709705847954
0.6107985973358154  seconds  0.044801078639163355 -0.9438339744141732 0.001 0.1132928375305263
0.5581498146057129  seconds  -0.6145160747619892 0.7163964338377631 0.001 0.11377922605759452
0.5293750762939453  seconds  0.4775141511816986 0.8136686689860414 0.001 0.11331310560258548
0.48311758041381836  seconds  -0.09399511880152657 0.9401094731666445 0.001 0.11316919480137554
0.4968247413635254  seconds  0.8665584335163588 0.3763578819768115 0.001 0.11416763385029816
0.5703487396240234  seconds  0.6071536664191552 -0.722594388055882 0.001 0.11360716947531471
0.5990779399871826  seconds  -0.5026809161182552 -0.7983882409589942 0.001 0.11348851667937705
0.4281747341156006  seconds  -0.9231316045567172 0.19717223102915338 0.001 0.11389031176301462
0.46584296226501465  seconds  0.9251655233469809 -0.18716792230594054 0.001 0.11431291225163523
0.5652976036071777  seconds  -0.8777888984764008 -0.3490986980463255 0.001 0.12546102390716662
0.47052979469299316  seconds  -0.6294897260740938 0.7033913705796653 0.001 0.11516115349834262
0.4921605587005615  seconds  0.46031419426557113 0.8235234954082445 0.001 0.11319148863849086
0.5482101440429688  seconds  0.06461930001435795 -0.9426522236821663 0.001 0.11373528574256088
0.46674251556396484  seconds  0.858509554465511 0.39450442609568304 0.001 0.11345150942753969
0.48599743843078613  seconds  -0.11371945177955428 0.9378695306492821 0.001 0.11352512633853222
0.49631261825561523  seconds  0.622256920615617 -0.7097414183532466 0.001 0.11425714749310979
0.5616233348846436  seconds  -0.4857875719124746 -0.8087603040325948 0.001 0.11349627070321641
0.48486757278442383  seconds  0.9288104020718315 -0.1676734751963049 0.001 0.11752460571589941
0.5104832649230957  seconds  -0.926984896019672 0.1777169482877411 0.001 0.11549960793087534
0.5322985649108887  seconds  -0.8703232405222985 -0.36749083613077094 0.001 0.11526816941536676
0.465590238571167  seconds  -0.6441908555274315 0.6900762302820971 0.001 0.11531335912597722
0.4668304920196533  seconds  0.4429164030976775 0.8330250539479886 0.001 0.11352194469897983
0.5366778373718262  seconds  0.08440667060486272 -0.9410435537717776 0.001 0.11335012679187184
0.472271203994751  seconds  0.8500716903643258 0.41247452714031596 0.001 0.11329994921524833
0.4842209815979004  seconds  -0.1333899161468463 0.9352070954944541 0.001 0.1134636575353202
0.5090634822845459  seconds  0.6370912489218109 -0.6965762204158962 0.001 0.11769311208149695
0.4739871025085449  seconds  0.9320502363955807 -0.1481094026674059 0.001 0.11765405620755665
0.5228800773620605  seconds  -0.4686860735194017 -0.8187850374906651 0.001 0.11318613341183298
0.5427148342132568  seconds  -0.9304331912313214 0.1581876438803742 0.001 0.1147058960028631
0.5630900859832764  seconds  -0.8624642864535326 -0.38571981767393126 0.001 0.1137340851582064
0.5373830795288086  seconds  -0.6586120897195107 0.6764556258719235 0.001 0.11577713426159852
0.5238800048828125  seconds  0.4253277577364147 0.8421693873003083 0.001 0.11379015536356057
0.5494964122772217  seconds  0.10415384964682298 -0.9390094542570323 0.001 0.11326004133664451
0.5400331020355225  seconds  0.8412480391577002 0.430259275770563 0.001 0.11331257586882304
0.5286252498626709  seconds  -0.15299743978304958 0.932124426025643 0.001 0.11331063708558335
0.5315649509429932  seconds  0.6516492195413982 -0.6831032506517364 0.001 0.1134640162254276
0.5119035243988037  seconds  -0.451383425773744 -0.8284585409852394 0.001 0.11333268627785976
0.5314624309539795  seconds  0.9348849503334085 -0.12848416714958127 0.001 0.11444782119369724
0.495746374130249  seconds  -0.9334764687419778 0.138592844561657 0.001 0.11463577842255124
0.5583930015563965  seconds  -0.8542147973333545 -0.40377665508825467 0.001 0.11333480521953002
0.5307300090789795  seconds  0.4075551680917526 0.8509523538057304 0.001 0.11308524743616043
0.5694670677185059  seconds  -0.6727461145372831 0.6625344150039063 0.001 0.11480670241100548
0.5135188102722168  seconds  -0.17253313360242858 0.9286243450350302 0.001 0.11330613794528635
0.5381429195404053  seconds  0.8320424066469738 0.4478499955804954 0.001 0.1131995033613327
0.5590977668762207  seconds  0.12385159357388893 -0.9365517607314615 0.001 0.1135384253037556
0.5170929431915283  seconds  0.6659235266675665 -0.6693272914883479 0.001 0.1170100200493987
0.5188360214233398  seconds  0.9373145278423575 -0.10880613713484906 0.001 0.11438416938953533
0.5325338840484619  seconds  -0.43388653130237914 -0.8377767342841913 0.001 0.11362439556937837
0.5388131141662598  seconds  -0.9361145544053812 0.11894094632179512 0.001 0.11444164979568662
0.4964606761932373  seconds  0.38960564521313173 0.8593699202166403 0.001 0.11375266869667021
0.48942065238952637  seconds  -0.6865855548434957 0.6483175731697667 0.001 0.11355971618632862
0.5694499015808105  seconds  -0.8455779309466971 -0.42165245506219673 0.001 0.1133559481211243
0.49490880966186523  seconds  0.8224587158091647 0.46523802535530384 0.001 0.11343448505655264
0.5227921009063721  seconds  -0.19198821890791362 0.9247096898322317 0.001 0.11347707713175591
0.5626940727233887  seconds  0.14349078508672555 -0.9336727126719234 0.001 0.11343542670277316
0.517254114151001  seconds  0.6799068458634342 -0.6552532819713544 0.001 0.11397352769981993
0.5014269351959229  seconds  0.9393390091789433 -0.08908359749825302 0.001 0.11400410793119013
0.5112464427947998  seconds  -0.4162023367191288 -0.8467355755499427 0.001 0.11352942425151365
0.5240168571472168  seconds  -0.9383475568744637 0.09924028920984852 0.001 0.11438154878389332
0.5192160606384277  seconds  0.3714861666152478 0.867417855227154 0.001 0.113518925239161
0.5321180820465088  seconds  -0.70012314981865 0.6338103734786285 0.001 0.11321954469919966
0.5764944553375244  seconds  -0.836557154624081 -0.439338401293449 0.001 0.11321985178702587
0.5163989067077637  seconds  0.8125015390148563 0.48241502670535946 0.001 0.11413652938191424
0.5526885986328125  seconds  -0.21135412169686635 0.9203837632778015 0.001 0.11420684318199611
0.4190347194671631  seconds  0.9409584372639209 -0.06932475328559463 0.001 0.1130705018744839
0.5407400131225586  seconds  0.6935918032730097 -0.6408862949677876 0.001 0.11331646943525475
0.5725975036621094  seconds  0.16306243636619866 -0.9303748188695059 0.001 0.11328616145935702
0.5893027782440186  seconds  -0.3983378061764391 -0.8553309862827251 0.001 0.11313080407379242
0.5354678630828857  seconds  -0.9401754647722675 0.07949911081108557 0.001 0.11337724454368726
0.5116827487945557  seconds  -0.7133516666651284 0.6190182858677522 0.001 0.11314490337649241
0.5472438335418701  seconds  0.3532038390285868 0.8750920380301112 0.001 0.11312003248895706
0.48870372772216797  seconds  0.8021755725373765 0.49937272670739286 0.001 0.11517338355586677
0.5509977340698242  seconds  -0.8271564023001373 -0.45682585809652576 0.001 0.11329151162463978
0.4700639247894287  seconds  0.9421729406442386 -0.049537748998548195 0.001 0.11392537517311516
0.5578091144561768  seconds  -0.23062241870752664 0.9156499851172681 0.001 0.11341484035409352
0.5329325199127197  seconds  0.18255772920689076 -0.9266609915132185 0.001 0.11346230453361289
0.606074333190918  seconds  0.7069712006257172 -0.6262317526835905 0.001 0.11316684816449492
0.5405843257904053  seconds  -0.9415983914953722 0.05972558867053839 0.001 0.11336711891088176
0.6551418304443359  seconds  -0.38029992949680813 -0.8635588308972043 0.001 0.11375766917816493
0.5172176361083984  seconds  -0.7262639712020265 0.6039470390556587 0.001 0.11304322338742191
0.5198426246643066  seconds  0.33476586053482377 0.8823883646606354 0.001 0.11300549326142219
0.5660626888275146  seconds  0.7914859064319875 0.5161030896499192 0.001 0.11678642607335507
0.5286438465118408  seconds  0.9429826155453144 -0.029730670149409364 0.001 0.11388941342920278
0.5569789409637451  seconds  -0.8173798970219949 -0.47410630771851786 0.001 0.11363011309807662
0.5217554569244385  seconds  -0.24978485250459664 0.9105119444452157 0.001 0.1140837640597673
0.5455880165100098  seconds  0.2019679721408805 -0.9225342244357679 0.001 0.11369482107487756
0.5175578594207764  seconds  -0.9426164244403897 0.03992783515668561 0.001 0.11418099765834896
0.631967306137085  seconds  0.7200378695986062 -0.6112952705052381 0.001 0.11306903598584692
0.5137178897857666  seconds  -0.7388530928226695 0.5886026609940718 0.001 0.11325890649701602
0.5151100158691406  seconds  0.31617945178918205 0.8893025364908824 0.001 0.11302778304335527
0.6085808277130127  seconds  -0.36209572487164426 -0.8714148763783883 0.001 0.11325700042086417
0.5184617042541504  seconds  0.9433873700043253 -0.00991155863765746 0.001 0.11341288906560607
0.5504953861236572  seconds  0.7804381270825955 0.5325984252152096 0.001 0.11412119522036847
0.5481564998626709  seconds  -0.807232261770077 -0.4911714352382733 0.001 0.11559978722313882
0.5194840431213379  seconds  -0.2688333796638489 0.9049735418670573 0.001 0.11329437344721739
0.627155065536499  seconds  0.22128466923812998 -0.917997896614257 0.001 0.11362458738942158
0.5809807777404785  seconds  -0.943229599072879 0.02011391354223338 0.001 0.11363125123007428
0.4931931495666504  seconds  -0.7511121711090417 0.5729914137060564 0.001 0.11397099724540893
0.5387134552001953  seconds  0.2974520131000652 0.8958304212518915 0.001 0.11313869622275399
0.6353585720062256  seconds  0.7327846787573509 -0.596082661113033 0.001 0.11308971425134108
0.5732872486114502  seconds  -0.3437323727421678 -0.8788950738036659 0.001 0.11303995289076892
0.49149513244628906  seconds  0.769037938773926 0.5488511729312189 0.001 0.11316379199230672
0.47540736198425293  seconds  -0.2877600397111321 0.8990385143398243 0.001 0.1131734935958141
0.5830767154693604  seconds  -0.7967184261105601 -0.508013103778433 0.001 0.11407805884565356
0.5057649612426758  seconds  -0.9434379777055013 0.0002918571845507145 0.001 0.11335317486475867
0.5040168762207031  seconds  -0.7630345666539975 0.5571198664682392 0.001 0.11382110263470493
0.6047954559326172  seconds  0.24049949296902642 -0.9130555622983731 0.001 0.11374779344607924
0.5668344497680664  seconds  0.7452047690129349 -0.5806001223047629 0.001 0.11354726947823492
0.5719082355499268  seconds  -0.3252170643830521 -0.8859951790201629 0.001 0.1129882480609695
0.543593168258667  seconds  -0.7858437440468619 -0.5246234569731221 0.001 0.11564794010778162
0.5634815692901611  seconds  0.25960428858880685 -0.9077109468543192 0.001 0.11354319107436531
0.5740435123443604  seconds  0.757291367038154 -0.5648540554476547 0.001 0.11414774601102738
0.5523271560668945  seconds  -0.30655714546278046 -0.8927110681750603 0.001 0.11308023087470448
0.5410926342010498  seconds  -0.7746137952785217 -0.5409948236214572 0.001 0.11326588271652535
0.5218768119812012  seconds  0.2785910683493362 -0.9019679061699021 0.001 0.1131881206412522
time for calc.... 18.408854484558105
211.36user 41.78system 1:52.37elapsed 225%CPU (0avgtext+0avgdata 9608188maxresident)k
600inputs+2736outputs (110major+4809077minor)pagefaults 0swaps
