reading lattice from... ./Lattices/sqKgridX8000.npy
reading lattice from... ./Lattices/sqKgridY8000.npy
starting sampling in reciprocal space....
 finished sampling in reciprocal space.... 0.07329702377319336
started calculating filling for chemical potential and dispersion parameters TB_single_band..
reading lattice from... ./Lattices/KgridX400.npy
reading lattice from... ./Lattices/KgridY400.npy
reading lattice from... ./Lattices/KgridX400.npy
reading lattice from... ./Lattices/KgridY400.npy
finished calculating filling for chemical potential
Filling: 0.5021914101708863 .... chemical potential: 29.41164495334965
The fermi energy in mev is: 3064.1164088176356, and in units of J: 296.3362097502549, the bandwidth is:494.39071566731144
reading lattice from... ./Lattices/KgridX8000.npy
reading lattice from... ./Lattices/KgridY8000.npy
reading lattice from... ./Lattices/sqKgridX8000.npy
reading lattice from... ./Lattices/sqKgridY8000.npy
energy at the point.. 2.616965833149795 -0.012168622338113444  is  4.813565695371835e-06
the angle is  -0.0046498637787463866
200 the fermi surface points 10 chunk numtheads
starting with calculation of Sigma
193.6563413143158  seconds  2.616965833149795 -0.012168622338113444 0.0
204.04490542411804  seconds  2.616965833149795 -0.012168622338113444 1.0
220.3762345314026  seconds  2.616965833149795 -0.012168622338113444 2.0
226.55846738815308  seconds  2.616965833149795 -0.012168622338113444 3.0
187.4953474998474  seconds  2.616965833149795 -0.012168622338113444 7.0
252.7946527004242  seconds  2.616965833149795 -0.012168622338113444 4.0
262.20872497558594  seconds  2.616965833149795 -0.012168622338113444 5.0
208.00613641738892  seconds  2.616965833149795 -0.012168622338113444 10.0
273.95488452911377  seconds  2.616965833149795 -0.012168622338113444 6.0
285.2776126861572  seconds  2.616965833149795 -0.012168622338113444 8.0
222.52738285064697  seconds  2.616965833149795 -0.012168622338113444 13.0
300.3637797832489  seconds  2.616965833149795 -0.012168622338113444 9.0
277.0645327568054  seconds  2.616965833149795 -0.012168622338113444 11.0
233.91431498527527  seconds  2.616965833149795 -0.012168622338113444 14.0
247.6525800228119  seconds  2.616965833149795 -0.012168622338113444 15.0
243.19105434417725  seconds  2.616965833149795 -0.012168622338113444 16.0
340.5792143344879  seconds  2.616965833149795 -0.012168622338113444 12.0
235.49184441566467  seconds  2.616965833149795 -0.012168622338113444 7.1000000000000005
330.1343412399292  seconds  2.616965833149795 -0.012168622338113444 0.1
Traceback (most recent call last):
  File "omegaTscalingFS.py", line 1480, in <module>
    sys.exit(main())  # next section explains the use of sys.exit
  File "omegaTscalingFS.py", line 1469, in main
    [shifts, w, delsd]=SE.parInt_w( theta, w, Machine, sq)
  File "omegaTscalingFS.py", line 1071, in parInt_w
    for result in results:
  File "/home/jfm343/anaconda3/lib/python3.8/concurrent/futures/process.py", line 484, in _chain_from_iterable_of_lists
    for element in iterable:
  File "/home/jfm343/anaconda3/lib/python3.8/concurrent/futures/_base.py", line 611, in result_iterator
    yield fs.pop().result()
  File "/home/jfm343/anaconda3/lib/python3.8/concurrent/futures/_base.py", line 439, in result
    return self.__get_result()
  File "/home/jfm343/anaconda3/lib/python3.8/concurrent/futures/_base.py", line 388, in __get_result
    raise self._exception
concurrent.futures.process.BrokenProcessPool: A process in the process pool was terminated abruptly while the future was running or pending.
Command exited with non-zero status 1
4703.23user 2563.52system 10:58.42elapsed 1103%CPU (0avgtext+0avgdata 38257896maxresident)k
10956168inputs+125408outputs (87925major+149089145minor)pagefaults 0swaps
