Machine arg is, CH1
Machine arg is, CH1
started calculating filling for chemical potential and dispersion parameters TB_single_band..
Machine arg is, CH1
reading lattice from... ./Lattices/KgridX400.npy
reading lattice from... ./Lattices/KgridY400.npy
Machine arg is, CH1
reading lattice from... ./Lattices/KgridX400.npy
reading lattice from... ./Lattices/KgridY400.npy
norm of Dos, 42.951937478998964 45.58575006211245
sum of the hist, normed? 42.951937478998964
finished calculating filling for chemical potential
Filling: 0.20776314066795926 .... chemical potential: -139.57908529356712
Machine arg is, CH1
reading lattice from... ./Lattices/KgridX400.npy
reading lattice from... ./Lattices/KgridY400.npy
sum of the hist, normed? 1.0000000000000024
starting high res contour.....
attempting countour of size 10280
number of sheets..... 1
contour size before interpolation..... 23901
finished high res contour..... 18.484530448913574
range of angles from marching squares -3.1414241523145483 3.1414241523145483
The fermi energy in mev is: 1316.7522580645164, and in units of J: 127.34547950333814, the bandwidth is:494.39071566731144
starting contour.....
finished contour..... 3.025144577026367
Machine arg is, CH1
ED starting sampling in reciprocal space....
starting high res contour.....
attempting countour of size 10280
number of sheets..... 1
contour size before interpolation..... 23901
finished high res contour..... 14.388078927993774
range of angles from marching squares -3.1414241523145483 3.1414241523145483
comparing volume elements 

0.024543692606170175
0.00048557750669947833 0.0004865259002671401
shapes, are they adequate? (1025, 257) 1025 257
finished sampling in reciprocal space....t= 14.511637449264526  s


differentials, dr= 0.0004865259002671401   dth= 0.024543692606170175


PLOTTING
300 the points 30 chunk numtheads
starting with calculation of Sigma
0.21005725860595703  seconds  -1.416156231269238 -1.0337438177428973 0.001 0.19332002488059818
0.2327263355255127  seconds  -1.732076990898478 -0.00029185718455115866 0.001 0.19441140774608867
0.22043991088867188  seconds  -0.530628060515042 -1.6573411152449156 0.001 0.19678192556533758
0.22492146492004395  seconds  0.5480671188140123 -1.6509124983520378 0.001 0.19467039380469275
0.259793758392334  seconds  1.4274850800412109 -1.0188351896673686 0.001 0.193681418986131
0.28970909118652344  seconds  1.7320034639610653 0.018197852020419337 0.001 0.19441653256329683
0.2472074031829834  seconds  0.5136728473921192 1.6634061699175886 0.001 0.1933052458770635
0.2959859371185303  seconds  1.4050063066072245 1.0480392773157639 0.001 0.1930217494213524
0.20588207244873047  seconds  -1.7317780821126354 -0.03668692245321217 0.001 0.1942858324684043
0.22506999969482422  seconds  -1.3933122327601657 -1.0626523633121767 0.001 0.19360300779282266
0.19767308235168457  seconds  -0.4960966757895967 -1.6694997862128989 0.001 0.1937826063648028
0.20618128776550293  seconds  -1.438273783534884 1.0042559406957323 0.001 0.1941904502031404
0.23995351791381836  seconds  -0.5648884172906641 1.644529274179738 0.001 0.19537128125854658
0.2107853889465332  seconds  0.5821881833883826 -1.6377783184798331 0.001 0.19448539073786408
0.23876118659973145  seconds  1.4492221011036164 -0.9890571673291031 0.001 0.19341380393791355
0.19121527671813965  seconds  0.47900998881501367 1.675233982202007 0.001 0.19379226359689558
0.20284605026245117  seconds  1.7314148504585862 0.05459107363708521 0.001 0.19426520941220443
0.12489032745361328  seconds  -1.459635346373436 0.9742001964336062 0.001 0.19331613705350112
0.1565239429473877  seconds  -0.5988737415291898 1.6310886919726604 0.001 0.19434265285299823
0.22740888595581055  seconds  1.3818162587675382 1.076659510402991 0.001 0.19360992442994177
0.14793705940246582  seconds  0.6160326163719277 -1.6240270681714477 0.001 0.19397828519715768
0.19933104515075684  seconds  -1.7308896569176748 -0.0730769509960075 0.001 0.1943445921689544
0.21184587478637695  seconds  -0.4612995936130286 -1.6809790883815021 0.001 0.19594569459726333
0.22832846641540527  seconds  -1.369772973421637 -1.0909731529303803 0.001 0.19420596065475024
0.18869495391845703  seconds  1.7302351739263857 0.09097672276769798 0.001 0.19454362278677312
0.19507741928100586  seconds  -1.4802139003924337 0.9435913586369031 0.001 0.19370775666838502
0.22631597518920898  seconds  0.4440846036929435 1.6863689442921221 0.001 0.19417260199741967
0.2362678050994873  seconds  1.4701890948330036 -0.9587184021067031 0.001 0.19336163832160563
0.1817471981048584  seconds  0.649597955181002 -1.609680115345799 0.001 0.1937053502880419
0.2229173183441162  seconds  -0.6325811272517096 1.617041840190005 0.001 0.1938698645020681
0.22205257415771484  seconds  1.3579468499181684 1.104689042059808 0.001 0.19361257394512202
0.2225480079650879  seconds  -1.729408068180421 -0.10945669503147289 0.001 0.19500574133562862
0.210435152053833  seconds  -0.42624369786398936 -1.691751321847954 0.001 0.1938199942114683
0.22138190269470215  seconds  -1.345570999041836 -1.1187009545286082 0.001 0.19341828512615433
0.1872551441192627  seconds  1.7284596973680972 0.12734933882102578 0.001 0.19524052827415309
0.1855309009552002  seconds  -1.499985268102859 0.9124472771554617 0.001 0.1936123225022244
0.18811392784118652  seconds  0.6828824236036418 -1.5947565770943894 0.001 0.1936440418547503
0.22011828422546387  seconds  0.40890444869724796 1.6967828265082345 0.001 0.19332248404021438
0.2358226776123047  seconds  1.49036039504631 -0.9278352235922369 0.001 0.19401153228042906
0.20627999305725098  seconds  -0.6660084714478374 1.6024089706232663 0.001 0.19367055043301962
0.2138044834136963  seconds  -1.7273273079773754 -0.14582040983808484 0.001 0.19593731767009956
0.22672247886657715  seconds  1.3334309260581712 1.132124017478499 0.001 0.19305973341294305
0.12838268280029297  seconds  -1.5189287898852484 0.8807888568973828 0.001 0.19264040965984577
0.21445727348327637  seconds  -0.39093766422162624 -1.7017877245424702 0.001 0.19293200328447077
0.23040103912353516  seconds  -1.3207393260748352 -1.1458332836110554 0.001 0.19290719148288676
0.17437386512756348  seconds  1.7260813024124104 0.16370284483072883 0.001 0.19441935284969783
0.15562224388122559  seconds  0.715884692762907 -1.5792732707983146 0.001 0.19384519490534827
0.2090902328491211  seconds  0.37347911639233294 1.7064463999066566 0.001 0.19274178249101823
0.1784660816192627  seconds  -1.7246391594776167 -0.18216161569446476 0.001 0.1945220011239859
0.1805720329284668  seconds  -1.5370275804357778 0.8486397174874187 0.001 0.19244367093960832
0.21431660652160645  seconds  -0.6991542524409665 1.5872080817575311 0.001 0.1937352936214497
0.24036455154418945  seconds  1.5097135604961012 -0.896427062112313 0.001 0.19306849652330357
0.17238235473632812  seconds  1.7230905847671887 0.20003030720953296 0.001 0.19447197431816138
0.22713112831115723  seconds  1.3083016531571312 1.1589633263074117 0.001 0.19273649521710612
0.219008207321167  seconds  -0.3553921100709649 -1.7110587957371277 0.001 0.19251604024516708
0.18223214149475098  seconds  0.7486035421030868 -1.5632445044928704 0.001 0.19422344702419023
0.2220003604888916  seconds  -1.2953111240820543 -1.1723703691828562 0.001 0.19277859832246697
0.22138690948486328  seconds  0.33782026648255237 1.7153300715687951 0.001 0.19242582544259418
0.1849956512451172  seconds  -1.5542688542195335 0.8160258918960097 0.001 0.19299126374024678
0.20518732070922852  seconds  -0.7320172265171748 1.5714547611416358 0.001 0.19408044327960874
0.23743915557861328  seconds  -1.7213330940127596 -0.21847285228621233 0.001 0.19493080867056306
0.19029021263122559  seconds  1.719476048773595 0.2363237093101131 0.001 0.194347917430174
0.21493768692016602  seconds  1.5282297827125324 -0.8645162245270481 0.001 0.19239079705632225
0.21235156059265137  seconds  -0.3196197794826022 -1.7195349233921806 0.001 0.19230091219574977
0.2276170253753662  seconds  1.2825919632917615 1.1852083141779313 0.001 0.1927683233609538
0.19445252418518066  seconds  0.7810377121037666 -1.5466822975201562 0.001 0.19449657197550518
0.22670674324035645  seconds  -1.2693189736248665 -1.1983146456072011 0.001 0.1929486830691289
0.19785761833190918  seconds  0.30194170317918984 1.723404288520786 0.001 0.19227563853342308
0.19056010246276855  seconds  -0.7645962017628117 1.5551622196462302 0.001 0.1944219712131976
0.23173117637634277  seconds  -1.5706441153797104 0.782975435915139 0.001 0.19306153959679867
0.205945253372192380.20030474662780762   seconds  seconds   -1.7173965878577611.715224161236767  -0.254745470360173530.2725737287334307  0.0010.001  0.194253936437068950.19432833399520166

0.21888160705566406  seconds  1.5458942982060397 -0.8321276404627264 0.001 0.19261525650131975
0.1972215175628662  seconds  -0.28363558982930714 -1.7271867444889413 0.001 0.19219965229414096
0.187302827835083  seconds  0.8131855887145101 -1.5295962531470144 0.001 0.19455231726931396
0.21755719184875488  seconds  1.256334073357822 1.210862472436442 0.001 0.19293081937859707
0.21248245239257812  seconds  -1.2427945732134715 -1.2236705732462787 0.001 0.19305007680301753
0.19990134239196777  seconds  0.2658594561081928 1.730640106610584 0.001 0.19224510458769228
0.19332170486450195  seconds  -0.7968897609718655 1.5383412533348837 0.001 0.19457461212889804
0.19652700424194336  seconds  1.7103194851301609 0.3087695279096024 0.001 0.19412625848841816
0.21265649795532227  seconds  -1.5861491374185581 0.7495179422410163 0.001 0.19248201331435386
0.18886685371398926  seconds  -0.24745673354175624 -1.733985948361601 0.001 0.1921469959284829
0.1854243278503418  seconds  0.8450449367333127 -1.5119935916183564 0.001 0.19444913309003267
0.22950053215026855  seconds  -1.7128151190662058 -0.2909694032610171 0.001 0.19422088427145257
0.2207014560699463  seconds  1.5626963869283224 -0.7992883702811034 0.001 0.1930952439833853
0.21648836135864258  seconds  1.229559043067161 1.2359310755995567 0.001 0.19300524067249705
0.20157170295715332  seconds  -1.2157682395813085 -1.248444180098359 0.001 0.1930594282337821
0.14403414726257324  seconds  0.22959180527935294 1.7370098353935999 0.001 0.19214049971813374
0.13210320472717285  seconds  0.8766127148906367 -1.4938793117426088 0.001 0.1942573075983514
0.18076395988464355  seconds  1.704745084087854 0.3448985955539664 0.001 0.19399139894375614
0.15619826316833496  seconds  -1.7075724261728633 -0.3271329792852672 0.001 0.19408233463397206
0.22245049476623535  seconds  -0.8288960025708093 1.5210002663511217 0.001 0.19454113758168226
0.20392322540283203  seconds  -0.21110260618135257 -1.7399056675159879 0.001 0.192059793676967
0.2247300148010254  seconds  -1.6007839873237077 0.7156841003719941 0.001 0.19218426873435063
0.15415477752685547  seconds  0.19315922372338665 1.7424876395437867 0.001 0.1920392182685995
0.22995805740356445  seconds  1.578629821917356 -0.7660273600821331 0.001 0.19273286247154772
0.22109198570251465  seconds  1.2022963979113783 1.2604207932317957 0.001 0.19308054908515476
0.21416521072387695  seconds  -1.1882686409334486 -1.2726427457675253 0.001 0.19321948560901842
0.17114830017089844  seconds  0.9078848257679555 -1.4752562540391772 0.001 0.1941571996022546
0.165205717086792  seconds  1.6984824687948703 0.3809465500423778 0.001 0.1940164292020863
0.2086331844329834  seconds  -0.8606123490561328 1.5031454186627338 0.001 0.19436415882151956
0.2199251651763916  seconds  -1.7016507485040007 -0.36322275341355537 0.001 0.19421835835258247
0.2224569320678711  seconds  -0.17459474933813135 -1.744921232688805 0.001 0.19201789395634847
0.21184706687927246  seconds  -1.6145527054833526 0.681505137759011 0.001 0.19237437341760724
0.19779038429260254  seconds  0.1565842590541523 1.7470501700019112 0.001 0.19203616047333552
0.23035359382629395  seconds  1.5936925028946816 -0.7323747879396212 0.001 0.19225659193629785
0.2134075164794922  seconds  1.1745738866553568 1.2843393822484652 0.001 0.19328316257767378
0.20451903343200684  seconds  -1.160322488217385 -1.2962743787211166 0.001 0.19353537151734007
0.21375393867492676  seconds  0.9388558811554809 -1.4561251887822089 0.001 0.19408097529194066
0.2279059886932373  seconds  1.6915121801651594 0.41689705253009324 0.001 0.19363042102875705
0.231668949127197270.2250511646270752   seconds  seconds   -0.8920352516717472-1.6950311146497241  1.4847806061173978-0.39922337048182727  0.0010.001  0.19432778101441928
0.19420406251548186
0.19336557388305664  seconds  0.11989133827650822 1.750677109295742 0.001 0.19213935785332392
0.21906542778015137  seconds  -1.6274630584143368 0.647012350223426 0.001 0.19300736956933875
0.22409343719482422  seconds  -0.13795669913640812 -1.749010792497696 0.001 0.19205965550209395
0.20198631286621094  seconds  -1.1319544136644046 -1.3193477108562293 0.001 0.1937539771571174
0.2018747329711914  seconds  0.9695190012075261 -1.4364849706578708 0.001 0.1939999028630302
0.22573304176330566  seconds  1.1464172153247647 1.307695244180352 0.001 0.19355056934309192
0.24069476127624512  seconds  1.6078866033707118 -0.6983617040077214 0.001 0.1922068438320831
0.16798949241638184  seconds  -1.6876936295073965 -0.43511745510543715 0.001 0.1936387350918138
0.23239684104919434  seconds  1.6838140116757288 0.4527317092686181 0.001 0.1934835847842071
0.2190101146697998  seconds  -0.9231600106973705 1.4659076456148583 0.001 0.19414071684248072
0.22913455963134766  seconds  0.08310651736691162 1.7533517203943294 0.001 0.1922763230972131
0.2222445011138916  seconds  -1.6395261411098043 0.6122366274571671 0.001 0.1942734880311252
0.22534441947937012  seconds  -0.10121374382951846 -1.752155768911327 0.001 0.1921987076207705
0.20034098625183105  seconds  -1.1031868023042848 -1.34187150720459 0.001 0.1937414554954089
0.19826292991638184  seconds  0.9998656988032079 -1.4163328133414204 0.001 0.19401006925752945
0.2222747802734375  seconds  1.11784992320678 1.3304971284402252 0.001 0.193673425192599
0.22864460945129395  seconds  1.6212180640637417 -0.6640194152925886 0.001 0.1926025105765922
0.2321767807006836  seconds  -1.679617769477931 -0.4708855355183742 0.001 0.19383610902844192
0.23383212089538574  seconds  1.67536730010416 0.4884300106993602 0.001 0.19483021635651604
0.21103906631469727  seconds  -0.9539805197713006 1.446526331009022 0.001 0.19403904941013722
0.21548819541931152  seconds  -1.6507559491721664 0.5772080302141832 0.001 0.19520656110179108
0.23535585403442383  seconds  0.04625716782343711 1.7550613575337013 0.001 0.1919646396606135
0.2039170265197754  seconds  -1.0740397836936915 -1.3638544041541165 0.001 0.19376331382013215
0.23883056640625  seconds  -0.06439265270430468 -1.754341475760867 0.001 0.19220610429860885
0.20364689826965332  seconds  1.0298855667937827 -1.3956642476425765 0.001 0.19396707434536026
0.2139146327972412  seconds  1.0888932929583086 1.3527537761982584 0.001 0.19369927694473377
0.23753094673156738  seconds  1.6336963922621968 -0.6293790675211565 0.001 0.1935250113161263
0.22575664520263672  seconds  -1.6707829264832468 -0.5065060516305113 0.001 0.1956484643267877
0.23467588424682617  seconds  1.666151602107254 0.5239693976263678 0.001 0.20572734730207165
0.22234344482421875  seconds  -0.9844891477295848 1.4266347147403755 0.001 0.1939932341549117
0.21452116966247559  seconds  -1.6611688341348956 0.5419554032822015 0.001 0.19387922624587556
0.18200469017028809  seconds  1.059566258224801 -1.3744735318380796 0.001 0.1938097156685248
0.22063183784484863  seconds  0.009371603894503868 1.7557977805106422 0.001 0.19145452110357483
0.216019868850708  seconds  -1.044531146044645 -1.3853044841160258 0.001 0.19389697676088882
0.22260594367980957  seconds  -0.0275213231685746 -1.7555574408654522 0.001 0.19163951965223475
0.20888447761535645  seconds  1.0595662582248007 1.3744735318380803 0.001 0.1938097156685247
0.2333991527557373  seconds  1.645334275192197 -0.5944711999716124 0.001 0.19629804794500427
0.22069334983825684  seconds  -1.6611688341348954 -0.5419554032822024 0.001 0.19387922624587198
0.2131364345550537  seconds  -1.0146764637500651 1.4062291276976862 0.001 0.19399762309433405
0.18291997909545898  seconds  1.0888932929583093 -1.3527537761982582 0.001 0.19369927694473393
0.24135971069335938  seconds  1.656146877226347 0.5593252699747608 0.001 0.2299452992913267
0.21586012840270996  seconds  -1.6707829264832468 0.5065060516305102 0.001 0.19564846432682328
0.2202608585357666  seconds  -1.0146764637500645 -1.4062291276976864 0.001 0.19399762309433463
0.22931718826293945  seconds  -0.027521323168574988 1.755557440865452 0.001 0.19163951965223452
0.22893977165222168  seconds  0.009371603894504258 -1.7557977805106424 0.001 0.19145452110357525
0.2100832462310791  seconds  1.029885566793782 1.3956642476425767 0.001 0.19396707434536006
0.2373049259185791  seconds  1.656146877226347 -0.5593252699747608 0.001 0.22994529929132687
0.2135312557220459  seconds  -1.6507559491721662 -0.5772080302141837 0.001 0.1952065611017388
0.2035350799560547  seconds  1.1178499232067807 -1.3304971284402245 0.001 0.19367342519259914
0.23029232025146484  seconds  -1.0445311460446451 1.3853044841160254 0.001 0.19389697676088843
0.20772171020507812  seconds  -1.679617769477931 0.4708855355183737 0.001 0.19383610902844445
0.23064899444580078  seconds  1.6453342751921969 0.5944711999716122 0.001 0.196298047945005
0.2079637050628662  seconds  -0.9844891477295842 -1.4266347147403762 0.001 0.1939932341549128
0.22616291046142578  seconds  -0.064392652704305 1.754341475760867 0.001 0.19220610429860863
0.200974702835083  seconds  0.9998656988032077 1.4163328133414204 0.001 0.19401006925752903
0.2270510196685791  seconds  0.04625716782343789 -1.7550613575337013 0.001 0.1919646396606137
0.20395183563232422  seconds  1.1464172153247654 -1.3076952441803518 0.001 0.19355056934309192
0.23100042343139648  seconds  1.6661516021072542 -0.5239693976263678 0.001 0.20572734730207196
0.23226594924926758  seconds  -1.639526141109804 -0.6122366274571678 0.001 0.19427348803111869
0.20998120307922363  seconds  -1.6876936295073968 0.43511745510543626 0.001 0.19363873509181434
0.2230846881866455  seconds  -1.0740397836936924 1.363854404154116 0.001 0.19376331382013154
0.21085858345031738  seconds  -0.9539805197712996 -1.4465263310090226 0.001 0.19403904941013853
0.23743891716003418  seconds  1.6336963922621968 0.6293790675211565 0.001 0.19352501131612623
0.21754837036132812  seconds  0.9695190012075261 1.436484970657871 0.001 0.19399990286302965
0.23231840133666992  seconds  -0.10121374382951885 1.752155768911327 0.001 0.1921987076207703
0.22095966339111328  seconds  0.0831065173669124 -1.7533517203943294 0.001 0.19227632309721296
0.1984233856201172  seconds  1.1745738866553572 -1.2843393822484646 0.001 0.19328316257767342
0.23100566864013672  seconds  -1.6274630584143361 -0.6470123502234272 0.001 0.19300736956933795
0.2439267635345459  seconds  1.6753673001041598 -0.48843001069936015 0.001 0.19483021635651637
0.20804858207702637  seconds  -1.103186802304285 1.3418715072045897 0.001 0.19374145549540767
0.22472190856933594  seconds  -1.6950311146497243 0.3992233704818268 0.001 0.19432778101441944
0.23536324501037598  seconds  -0.92316001069737 -1.465907645614859 0.001 0.19414071684248205
0.2400500774383545  seconds  1.6212180640637417 0.6640194152925886 0.001 0.19260251057659195
0.23640823364257812  seconds  0.938855881155481 1.4561251887822089 0.001 0.19408097529194013
0.23798727989196777  seconds  0.119891338276509 -1.750677109295742 0.001 0.1921393578533238
0.2542152404785156  seconds  -0.1379566991364085 1.749010792497696 0.001 0.1920596555020937
0.2380375862121582  seconds  1.202296397911379 -1.260420793231795 0.001 0.19308054908515435
0.22888612747192383  seconds  -1.6145527054833522 -0.6815051377590121 0.001 0.19237437341760674
0.22919058799743652  seconds  -1.1319544136644046 1.3193477108562293 0.001 0.1937539771571152
0.2440643310546875  seconds  1.683814011675729 -0.4527317092686174 0.001 0.1934835847842074
0.2339155673980713  seconds  -1.7016507485040009 0.36322275341355476 0.001 0.19421835835258214
0.22222018241882324  seconds  -0.8920352516717464 -1.4847806061173983 0.001 0.19420406251548325
0.2475588321685791  seconds  1.6078866033707115 0.6983617040077221 0.001 0.19220684383208259
0.22799110412597656  seconds  0.9078848257679553 1.4752562540391772 0.001 0.19415719960225422
0.22705817222595215  seconds  0.15658425905415307 -1.747050170001911 0.001 0.19203616047333563
0.25825047492980957  seconds  -0.1745947493381317 1.7449212326888048 0.001 0.1920178939563482
0.23222947120666504  seconds  1.2295590430671615 -1.2359310755995565 0.001 0.19300524067249694
0.22357869148254395  seconds  -1.600783987323707 -0.7156841003719951 0.001 0.19218426873435093
0.22641515731811523  seconds  -1.1603224882173853 1.2962743787211168 0.001 0.19353537151733816
0.21325969696044922  seconds  -1.7075724261728633 0.3271329792852663 0.001 0.19408233463397048
0.2364330291748047  seconds  1.6915121801651596 -0.4168970525300925 0.001 0.1936304210287573
0.22089338302612305  seconds  -0.8606123490561322 -1.5031454186627342 0.001 0.1943641588215209
0.2152855396270752  seconds  0.876612714890637 1.4938793117426088 0.001 0.19425730759835097
0.2356722354888916  seconds  1.5936925028946816 0.732374787939622 0.001 0.19225659193629688
0.22147750854492188  seconds  0.19315922372338742 -1.7424876395437867 0.001 0.19203921826859974
0.25051331520080566  seconds  -0.21110260618135263 1.7399056675159876 0.001 0.19205979367696685
0.21192598342895508  seconds  -1.5861491374185577 -0.7495179422410172 0.001 0.19248201331435552
0.24184918403625488  seconds  1.2563340733578228 -1.2108624724364416 0.001 0.19293081937859718
0.20741677284240723  seconds  -1.1882686409334486 1.2726427457675256 0.001 0.19321948560901836
0.2234640121459961  seconds  -1.7128151190662058 0.290969403261017 0.001 0.19422088427144799
0.2174072265625  seconds  -0.8288960025708088 -1.5210002663511222 0.001 0.19454113758168362
0.2454838752746582  seconds  1.69848246879487 -0.380946550042377 0.001 0.19401642920208637
0.22540879249572754  seconds  0.8450449367333127 1.5119935916183562 0.001 0.19444913309003214
0.23998808860778809  seconds  1.5786298219173556 0.7660273600821338 0.001 0.19273286247154497
0.24241876602172852  seconds  0.22959180527935372 -1.7370098353936 0.001 0.19214049971813413
0.20018386840820312  seconds  -1.57064411537971 -0.7829754359151395 0.001 0.1930615395968032
0.25165534019470215  seconds  -0.24745673354175624 1.733985948361601 0.001 0.1921469959284829
0.21867609024047852  seconds  -1.2157682395813085 1.248444180098359 0.001 0.19305942823378297
0.24594497680664062  seconds  1.2825919632917622 -1.1852083141779308 0.001 0.19276832336095384
0.22205758094787598  seconds  -1.7173965878577613 0.2547454703601741 0.001 0.19425393643706598
0.22002172470092773  seconds  -0.7968897609718649 -1.5383412533348841 0.001 0.1945746121288994
0.23847150802612305  seconds  1.704745084087854 -0.3448985955539656 0.001 0.19399139894375622
0.24532866477966309  seconds  1.562696386928322 0.7992883702811041 0.001 0.19309524398337916
0.2784388065338135  seconds  0.8131855887145102 1.5295962531470144 0.001 0.1945523172693137
0.2011702060699463  seconds  -1.5542688542195329 -0.8160258918960113 0.001 0.19299126374025247
0.2708778381347656  seconds  0.26585945610819356 -1.7306401066105839 0.001 0.1922451045876927
0.208176851272583  seconds  -1.2427945732134718 1.2236705732462785 0.001 0.19305007680301745
0.23022866249084473  seconds  -0.28363558982930714 1.7271867444889413 0.001 0.1921996522941411
0.21834731101989746  seconds  -1.7213330940127596 0.2184728522862123 0.001 0.19493080867058465
0.21214056015014648  seconds  -0.7645962017628104 -1.5551622196462311 0.001 0.19442197121319935
0.2613208293914795  seconds  1.3083016531571316 -1.1589633263074113 0.001 0.19273649521710595
0.2355818748474121  seconds  1.7103194851301609 -0.3087695279096016 0.001 0.1941262584884182
0.2018277645111084  seconds  -1.5370275804357767 -0.8486397174874198 0.001 0.19244367093961
0.19723868370056152  seconds  0.30194170317919067 -1.723404288520786 0.001 0.1922756385334234
0.23796963691711426  seconds  1.5458942982060393 0.832127640462727 0.001 0.19261525650131636
0.2590346336364746  seconds  0.7810377121037665 1.5466822975201564 0.001 0.194496571975506
0.22341132164001465  seconds  -1.269318973624867 1.198314645607201 0.001 0.1929486830691281
0.23730850219726562  seconds  -0.3196197794826022 1.7195349233921806 0.001 0.19230091219574996
0.22521257400512695  seconds  -1.7246391594776167 0.18216161569446465 0.001 0.1945220011240454
0.22405004501342773  seconds  -0.7320172265171734 -1.5714547611416365 0.001 0.1940804432796105
0.26076698303222656  seconds  1.3334309260581712 -1.132124017478499 0.001 0.1930597334129426
0.24046802520751953  seconds  1.715224161236767 -0.27257372873343 0.001 0.19432833399520172
0.1996443271636963  seconds  0.3378202664825531 -1.715330071568795 0.001 0.19242582544259393
0.22884607315063477  seconds  -1.5189287898852475 -0.880788856897384 0.001 0.19264040965984833
0.2422330379486084  seconds  1.528229782712532 0.8645162245270488 0.001 0.1923907970563221
0.2286837100982666  seconds  -1.2953111240820538 1.1723703691828564 0.001 0.19277859832246638
0.2577860355377197  seconds  0.7486035421030868 1.5632445044928704 0.001 0.19422344702419242
0.23382186889648438  seconds  -0.3553921100709649 1.7110587957371275 0.001 0.1925160402451672
0.2298431396484375  seconds  -1.7273273079773754 0.1458204098380844 0.001 0.19593731767023376
0.2311244010925293  seconds  -0.6991542524409652 -1.5872080817575314 0.001 0.19373529362145048
0.14681625366210938  seconds  0.3734791163923341 -1.706446399906656 0.001 0.1927417824910174
0.24813222885131836  seconds  1.7194760487735952 -0.23632370931011237 0.001 0.1943479174301741
0.2588691711425781  seconds  1.3579468499181684 -1.104689042059808 0.001 0.19361257394512163
0.21867918968200684  seconds  -1.499985268102858 -0.9124472771554628 0.001 0.19361232250223143
0.23700928688049316  seconds  1.5097135604961007 0.8964270621123138 0.001 0.19306849652330066
0.21532201766967773  seconds  -1.3207393260748348 1.1458332836110554 0.001 0.19290719148288646
0.2137911319732666  seconds  -1.7294080681804211 0.10945669503147244 0.001 0.1950057413356334
0.24798154830932617  seconds  0.715884692762907 1.5792732707983141 0.001 0.19384519490534974
0.2035508155822754  seconds  0.40890444869724946 -1.6967828265082345 0.001 0.19332248404021504
0.2383120059967041  seconds  -0.3909376642216261 1.7017877245424704 0.001 0.19293200328447052
0.21458935737609863  seconds  -0.6660084714478365 -1.6024089706232667 0.001 0.1936705504330199
0.2071399688720703  seconds  -1.480213900392434 -0.9435913586369027 0.001 0.19370775666839063
0.23644590377807617  seconds  1.7230905847671887 -0.2000303072095322 0.001 0.19447197431816138
0.1950244903564453  seconds  -1.345570999041836 1.1187009545286084 0.001 0.19341828512615378
0.269057035446167  seconds  1.3818162587675382 -1.076659510402991 0.001 0.19360992442994165
0.17226457595825195  seconds  0.4440846036929446 -1.6863689442921217 0.001 0.1941726019974276
0.24033570289611816  seconds  1.4903603950463098 0.9278352235922377 0.001 0.19401153228042323
0.2132108211517334  seconds  -1.7308896569176748 0.07307695099600729 0.001 0.19434459216895464
0.2258448600769043  seconds  0.6828824236036418 1.5947565770943897 0.001 0.19364404185474987
0.21575641632080078  seconds  -0.6325811272517086 -1.6170418401900055 0.001 0.19386986450206908
0.251232385635376  seconds  -0.42624369786398936 1.691751321847954 0.001 0.19381999421146648
0.16664910316467285  seconds  -1.459635346373436 -0.974200196433606 0.001 0.1933161370535047
0.1672656536102295  seconds  1.4050063066072243 -1.0480392773157639 0.001 0.19302174942135245
0.17566823959350586  seconds  -1.3697729734216373 1.0909731529303803 0.001 0.1942059606547409
0.2311105728149414  seconds  1.7260813024124106 -0.16370284483072806 0.001 0.19441935284969789
0.20358014106750488  seconds  0.4790099888150148 -1.6752339822020066 0.001 0.19379226359690663
0.22829580307006836  seconds  1.4701890948330032 0.9587184021067038 0.001 0.1933616383216029
0.2248246669769287  seconds  -1.7317780821126354 0.036686922453212 0.001 0.1942858324684044
0.2265186309814453  seconds  0.6495979551810019 1.6096801153457991 0.001 0.193705350288041
0.22064828872680664  seconds  -0.5988737415291888 -1.6310886919726608 0.001 0.19434265285300076
0.18023991584777832  seconds  -1.4382737835348838 -1.0042559406957325 0.001 0.194190450203158
0.231522798538208  seconds  -0.4612995936130286 1.6809790883815021 0.001 0.1959456945972299
0.18828773498535156  seconds  -1.3933122327601657 1.062652363312177 0.001 0.1936030077928059
0.22254514694213867  seconds  1.7284596973680972 -0.127349338821025 0.001 0.19524052827415306
0.211775541305542  seconds  0.5136728473921203 -1.6634061699175882 0.001 0.19330524587706388
0.22115468978881836  seconds  1.449222101103616 0.9890571673291038 0.001 0.19341380393791344
0.2092123031616211  seconds  -1.732076990898478 0.0002918571845507145 0.001 0.1944114077460887
0.2125566005706787  seconds  -0.564888417290663 -1.6445292741797384 0.001 0.19537128125855502
0.22260642051696777  seconds  0.6160326163719277 1.6240270681714475 0.001 0.1939782851971578
0.1894679069519043  seconds  -1.416156231269238 1.0337438177428973 0.001 0.19332002488059136
0.22310256958007812  seconds  -0.4960966757895966 1.6694997862128989 0.001 0.19378260636476727
0.22203350067138672  seconds  1.7302351739263857 -0.09097672276769722 0.001 0.19454362278677315
0.21854496002197266  seconds  1.4274850800412104 1.018835189667369 0.001 0.19368141898613075
0.21801400184631348  seconds  0.5821881833883831 1.6377783184798331 0.001 0.1944853907378625
0.22472882270812988  seconds  -0.530628060515042 1.6573411152449153 0.001 0.19678192556520774
0.19748926162719727  seconds  1.7314148504585862 -0.05459107363708521 0.001 0.19426520941220443
0.1514568328857422  seconds  0.5480671188140112 1.6509124983520382 0.001 0.1946703938046764
0.1650536060333252  seconds  1.7320034639610653 -0.018197852020419337 0.001 0.19441653256329683
time for calc.... 8.196988344192505
103.66user 15.25system 0:59.81elapsed 198%CPU (0avgtext+0avgdata 9608788maxresident)k
0inputs+2464outputs (65major+3009827minor)pagefaults 0swaps
