reading lattice from... ./Lattices/sqKgridX8000.npy
reading lattice from... ./Lattices/sqKgridY8000.npy
starting sampling in reciprocal space....
 finished sampling in reciprocal space.... 0.0811617374420166
started calculating filling for chemical potential and dispersion parameters TB_single_band..
reading lattice from... ./Lattices/KgridX400.npy
reading lattice from... ./Lattices/KgridY400.npy
reading lattice from... ./Lattices/KgridX400.npy
reading lattice from... ./Lattices/KgridY400.npy
finished calculating filling for chemical potential
Filling: 0.5021914101708863 .... chemical potential: 29.41164495334965
The fermi energy in mev is: 3064.1164088176356, and in units of J: 296.3362097502549, the bandwidth is:494.39071566731144
reading lattice from... ./Lattices/KgridX8000.npy
reading lattice from... ./Lattices/KgridY8000.npy
reading lattice from... ./Lattices/sqKgridX8000.npy
reading lattice from... ./Lattices/sqKgridY8000.npy
energy at the point.. 2.612699153466239 0.5406345067362022  is  7.400112771449585e-06
the angle is  0.20404589651971108
10 the fermi surface points 2 chunk numtheads
starting with calculation of Sigma
172.54284286499023  seconds  2.612699153466239 0.5406345067362022 0
177.46305584907532  seconds  2.6707591346543773 0.5526486068858955 0
175.6124405860901  seconds  2.7288191158425166 0.564662707035589 0
174.23760294914246  seconds  2.786879097030655 0.5766768071852824 0
173.8761956691742  seconds  2.8449390782187933 0.5886909073349756 0
170.24098205566406  seconds  2.6417291440603083 0.5466415568110489 0
172.07576775550842  seconds  2.699789125248447 0.5586556569607423 0
172.3816840648651  seconds  2.7578491064365855 0.5706697571104357 0
170.88503885269165  seconds  2.815909087624724 0.582683857260129 0
170.19132232666016  seconds  2.873969068812863 0.5946979574098225 0
time for calc.... 414.18818712234497
 plotting data from the run ...
Traceback (most recent call last):
  File "MomentumScan.py", line 1696, in <module>
    sys.exit(main())  # next section explains the use of sys.exit
  File "MomentumScan.py", line 1690, in main
    SE.output_res_fixed_FSpoint( [shifts, w, delsd], J, T, theta, job , "antipodal_point_check_div")
  File "MomentumScan.py", line 1423, in output_res_fixed_FSpoint
    plt.errorbar(w,shifts,yerr=delsd, fmt='.')
  File "/home/jfm343/anaconda3/lib/python3.8/site-packages/matplotlib/pyplot.py", line 2604, in errorbar
    return gca().errorbar(
  File "/home/jfm343/anaconda3/lib/python3.8/site-packages/matplotlib/__init__.py", line 1447, in inner
    return func(ax, *map(sanitize_sequence, args), **kwargs)
  File "/home/jfm343/anaconda3/lib/python3.8/site-packages/matplotlib/axes/_axes.py", line 3298, in errorbar
    raise ValueError("'x' and 'y' must have the same size")
ValueError: 'x' and 'y' must have the same size
Command exited with non-zero status 1
1422.96user 403.96system 7:10.93elapsed 423%CPU (0avgtext+0avgdata 38258448maxresident)k
16inputs+125456outputs (65major+29804425minor)pagefaults 0swaps
