reading lattice from... ./Lattices/sqKgridX8000.npy
reading lattice from... ./Lattices/sqKgridY8000.npy
starting sampling in reciprocal space....
 finished sampling in reciprocal space.... 0.07793521881103516
started calculating filling for chemical potential and dispersion parameters TB_single_band..
reading lattice from... ./Lattices/KgridX400.npy
reading lattice from... ./Lattices/KgridY400.npy
reading lattice from... ./Lattices/KgridX400.npy
reading lattice from... ./Lattices/KgridY400.npy
finished calculating filling for chemical potential
Filling: 0.5021914101708863 .... chemical potential: 29.41164495334965
The fermi energy in mev is: 3064.1164088176356, and in units of J: 296.3362097502549, the bandwidth is:494.39071566731144
reading lattice from... ./Lattices/KgridX8000.npy
reading lattice from... ./Lattices/KgridY8000.npy
reading lattice from... ./Lattices/sqKgridX8000.npy
reading lattice from... ./Lattices/sqKgridY8000.npy
energy at the point.. 2.612699153466239 0.5406345067362022  is  7.400112771449585e-06
the angle is  0.20404589651971108
20 the fermi surface points 4 chunk numtheads
starting with calculation of Sigma
165.83413076400757  seconds  2.612699153466239 0.5406345067362022 0
165.55602478981018  seconds  2.724999792452247 0.543565534643328 0
167.18314599990845  seconds  2.8373004314382544 0.546496562550454 0
164.6721954345703  seconds  2.9496010704242623 0.5494275904575798 0
165.83331298828125  seconds  3.0619017094102703 0.5523586183647058 0
168.29704451560974  seconds  2.640774313212741 0.5413672637129836 0
166.4320478439331  seconds  2.7530749521987485 0.5442982916201096 0
167.9219160079956  seconds  2.8653755911847565 0.5472293195272354 0
164.66966938972473  seconds  2.9776762301707644 0.5501603474343614 0
167.02677178382874  seconds  3.0899768691567724 0.5530913753414872 0
167.0184042453766  seconds  2.6688494729592427 0.5421000206897651 0
168.86638236045837  seconds  2.7811501119452506 0.545031048596891 0
168.47716856002808  seconds  2.8934507509312586 0.5479620765040168 0
166.28724789619446  seconds  3.0057513899172665 0.5508931044111428 0
169.06490325927734  seconds  3.118052028903274 0.5538241323182687 0
169.72540068626404  seconds  2.696924632705745 0.5428327776665466 0
166.27164888381958  seconds  2.8092252716917527 0.5457638055736724 0
166.22171211242676  seconds  2.9215259106777607 0.5486948334807984 0
164.2750678062439  seconds  3.033826549663768 0.5516258613879242 0
165.58327341079712  seconds  3.146127188649776 0.5545568892950502 0
time for calc.... 728.6640808582306
 plotting data from the run ...
saving data from the run ...
energy at the point.. 2.5966539165555025 0.8378965667101266  is  1.0400959698841916e-05
the angle is  0.3121349978541341
20 the fermi surface points 4 chunk numtheads
starting with calculation of Sigma
169.65822958946228  seconds  2.5966539165555025 0.8378965667101266 0
168.65295839309692  seconds  2.711048550214725 0.8484888458529057 0
165.792653799057  seconds  2.8254431838739467 0.8590811249956848 0
166.9534797668457  seconds  2.939837817533169 0.869673404138464 0
168.52591347694397  seconds  3.054232451192391 0.8802656832812431 0
166.67595076560974  seconds  2.625252574970308 0.8405446364958213 0
168.44516277313232  seconds  2.7396472086295303 0.8511369156386005 0
161.257572889328  seconds  2.854041842288752 0.8617291947813797 0
169.73579239845276  seconds  2.9684364759479744 0.8723214739241587 0
169.24848294258118  seconds  3.0828311096071968 0.8829137530669379 0
169.2549171447754  seconds  2.6538512333851134 0.8431927062815161 0
165.66349720954895  seconds  2.7682458670443357 0.8537849854242953 0
163.06555771827698  seconds  2.882640500703558 0.8643772645670744 0
168.4864616394043  seconds  2.99703513436278 0.8749695437098536 0
168.70204281806946  seconds  3.111429768022002 0.8855618228526326 0
168.9696388244629  seconds  2.682449891799919 0.845840776067211 0
160.37203359603882  seconds  2.9112391591183635 0.8670253343527692 0
168.08411622047424  seconds  2.796844525459141 0.85643305520999 0
163.26526522636414  seconds  3.0256337927775854 0.8776176134955483 0
166.56505870819092  seconds  3.1400284264368077 0.8882098926383275 0
time for calc.... 738.8340167999268
 plotting data from the run ...
saving data from the run ...
energy at the point.. 2.5477213028327195 1.1368970013037814  is  9.295332997538708e-06
the angle is  0.4197233160056505
20 the fermi surface points 4 chunk numtheads
starting with calculation of Sigma
169.39150524139404  seconds  2.5477213028327195 1.1368970013037814 0
163.09734201431274  seconds  2.661467173670395 1.166235293307673 0
164.69154167175293  seconds  2.7752130445080705 1.1955735853115645 0
160.1206774711609  seconds  2.8889589153457456 1.2249118773154561 0
167.69630002975464  seconds  3.002704786183421 1.2542501693193477 0
168.62319946289062  seconds  2.5761577705421383 1.1442315743047542 0
168.36676168441772  seconds  2.689903641379814 1.1735698663086458 0
167.88126134872437  seconds  2.803649512217489 1.2029081583125374 0
161.94717073440552  seconds  2.9173953830551644 1.232246450316429 0
164.82699584960938  seconds  3.03114125389284 1.2615847423203206 0
161.4039008617401  seconds  2.7183401090892327 1.1809044393096186 0
168.48250126838684  seconds  2.6045942382515572 1.151566147305727 0
161.82029032707214  seconds  2.9458318507645833 1.2395810233174018 0
166.37751054763794  seconds  2.832085979926908 1.2102427313135102 0
165.73665499687195  seconds  3.059577721602259 1.2689193153212934 0
164.0018470287323  seconds  2.7467765767986516 1.1882390123105917 0
164.627126455307  seconds  2.633030705960976 1.1589007203067 0
163.02468061447144  seconds  2.974268318474002 1.2469155963183747 0
166.84822297096252  seconds  2.8605224476363267 1.2175773043144833 0
163.278657913208  seconds  3.0880141893116777 1.2762538883222663 0
time for calc.... 729.8419997692108
 plotting data from the run ...
saving data from the run ...
energy at the point.. 2.4372546507317705 1.4115601912212083  is  1.07841213363713e-05
the angle is  0.5249549448529208
20 the fermi surface points 4 chunk numtheads
starting with calculation of Sigma
164.809716463089  seconds  2.4372546507317705 1.4115601912212083 0
168.87094283103943  seconds  2.539721696474669 1.4712597640507685 0
169.83081936836243  seconds  2.6421887422175674 1.5309593368803287 0
168.4395716190338  seconds  2.744655787960466 1.5906589097098889 0
170.9728000164032  seconds  2.8471228337033647 1.6503584825394488 0
171.1777412891388  seconds  2.462871412167495 1.4264850844285983 0
174.12029194831848  seconds  2.5653384579103937 1.4861846572581585 0
172.5998020172119  seconds  2.667805503653292 1.5458842300877187 0
170.23892378807068  seconds  2.7702725493961906 1.6055838029172789 0
171.7724494934082  seconds  2.8727395951390893 1.665283375746839 0
172.16005325317383  seconds  2.4884881736032196 1.4414099776359883 0
171.68274307250977  seconds  2.5909552193461183 1.5011095504655485 0
171.46101880073547  seconds  2.693422265089017 1.5608091232951087 0
172.52297925949097  seconds  2.795889310831915 1.6205086961246689 0
169.37202310562134  seconds  2.898356356574814 1.680208268954229 0
170.30620431900024  seconds  2.514104935038944 1.4563348708433785 0
167.41281390190125  seconds  2.616571980781843 1.5160344436729387 0
168.79798316955566  seconds  2.7190390265247415 1.5757340165024987 0
171.21389198303223  seconds  2.8215060722676397 1.6354335893320588 0
168.15435075759888  seconds  2.9239731180105384 1.695133162161619 0
time for calc.... 747.7248756885529
 plotting data from the run ...
saving data from the run ...
10961.22user 2723.16system 49:24.02elapsed 461%CPU (0avgtext+0avgdata 38258980maxresident)k
8inputs+127104outputs (257major+126803480minor)pagefaults 0swaps
