reading lattice from... ./Lattices/sqKgridX8000.npy
reading lattice from... ./Lattices/sqKgridY8000.npy
starting sampling in reciprocal space....
 finished sampling in reciprocal space.... 0.07062840461730957
started calculating filling for chemical potential and dispersion parameters TB_single_band..
reading lattice from... ./Lattices/KgridX400.npy
reading lattice from... ./Lattices/KgridY400.npy
reading lattice from... ./Lattices/KgridX400.npy
reading lattice from... ./Lattices/KgridY400.npy
finished calculating filling for chemical potential
Filling: 0.5021914101708863 .... chemical potential: 29.41164495334965
The fermi energy in mev is: 3064.1164088176356, and in units of J: 296.3362097502549, the bandwidth is:494.39071566731144
reading lattice from... ./Lattices/KgridX8000.npy
reading lattice from... ./Lattices/KgridY8000.npy
reading lattice from... ./Lattices/sqKgridX8000.npy
reading lattice from... ./Lattices/sqKgridY8000.npy
energy at the point.. 2.616965833149795 -0.012168622338113444  is  4.813565695371835e-06
the angle is  -0.0046498637787463866
200 the fermi surface points 20 chunk numtheads
starting with calculation of Sigma
232.5965874195099  seconds  2.616965833149795 -0.012168622338113444 0.0
229.7025866508484  seconds  2.616965833149795 -0.012168622338113444 2.0
236.11465311050415  seconds  2.616965833149795 -0.012168622338113444 4.0
246.2205822467804  seconds  2.616965833149795 -0.012168622338113444 6.0
248.38883233070374  seconds  2.616965833149795 -0.012168622338113444 8.0
249.336327791214  seconds  2.616965833149795 -0.012168622338113444 10.0
249.61037039756775  seconds  2.616965833149795 -0.012168622338113444 12.0
248.76526355743408  seconds  2.616965833149795 -0.012168622338113444 14.0
250.44225978851318  seconds  2.616965833149795 -0.012168622338113444 16.0
248.6175501346588  seconds  2.616965833149795 -0.012168622338113444 18.0
222.5354950428009  seconds  2.616965833149795 -0.012168622338113444 2.1
268.8064351081848  seconds  2.616965833149795 -0.012168622338113444 0.1
226.13765954971313  seconds  2.616965833149795 -0.012168622338113444 6.1000000000000005
215.70080184936523  seconds  2.616965833149795 -0.012168622338113444 8.1
217.89956760406494  seconds  2.616965833149795 -0.012168622338113444 10.100000000000001
271.25129556655884  seconds  2.616965833149795 -0.012168622338113444 4.1000000000000005
215.55105781555176  seconds  2.616965833149795 -0.012168622338113444 12.100000000000001
219.47079420089722  seconds  2.616965833149795 -0.012168622338113444 14.100000000000001
217.6964406967163  seconds  2.616965833149795 -0.012168622338113444 16.1
218.83691382408142  seconds  2.616965833149795 -0.012168622338113444 18.1
220.68032693862915  seconds  2.616965833149795 -0.012168622338113444 2.2
213.4827275276184  seconds  2.616965833149795 -0.012168622338113444 0.2
211.45821619033813  seconds  2.616965833149795 -0.012168622338113444 6.2
218.16556310653687  seconds  2.616965833149795 -0.012168622338113444 8.200000000000001
209.91975164413452  seconds  2.616965833149795 -0.012168622338113444 10.200000000000001
217.6375856399536  seconds  2.616965833149795 -0.012168622338113444 4.2
215.7495288848877  seconds  2.616965833149795 -0.012168622338113444 12.200000000000001
213.44091820716858  seconds  2.616965833149795 -0.012168622338113444 14.200000000000001
212.01840257644653  seconds  2.616965833149795 -0.012168622338113444 16.2
216.77146983146667  seconds  2.616965833149795 -0.012168622338113444 18.2
212.8853681087494  seconds  2.616965833149795 -0.012168622338113444 2.3000000000000003
210.75815176963806  seconds  2.616965833149795 -0.012168622338113444 0.30000000000000004
211.23602271080017  seconds  2.616965833149795 -0.012168622338113444 6.300000000000001
212.30802083015442  seconds  2.616965833149795 -0.012168622338113444 8.3
208.71599984169006  seconds  2.616965833149795 -0.012168622338113444 10.3
212.5399947166443  seconds  2.616965833149795 -0.012168622338113444 4.3
215.42424631118774  seconds  2.616965833149795 -0.012168622338113444 12.3
212.5149862766266  seconds  2.616965833149795 -0.012168622338113444 14.3
217.955340385437  seconds  2.616965833149795 -0.012168622338113444 16.3
212.30058407783508  seconds  2.616965833149795 -0.012168622338113444 18.3
215.96904706954956  seconds  2.616965833149795 -0.012168622338113444 2.4000000000000004
203.92201685905457  seconds  2.616965833149795 -0.012168622338113444 0.4
210.40126633644104  seconds  2.616965833149795 -0.012168622338113444 6.4
210.4210832118988  seconds  2.616965833149795 -0.012168622338113444 10.4
214.8849458694458  seconds  2.616965833149795 -0.012168622338113444 8.4
212.91856145858765  seconds  2.616965833149795 -0.012168622338113444 4.4
213.51701021194458  seconds  2.616965833149795 -0.012168622338113444 12.4
212.3308367729187  seconds  2.616965833149795 -0.012168622338113444 14.4
210.15185117721558  seconds  2.616965833149795 -0.012168622338113444 16.400000000000002
211.60254454612732  seconds  2.616965833149795 -0.012168622338113444 18.400000000000002
211.89063930511475  seconds  2.616965833149795 -0.012168622338113444 2.5
210.78453254699707  seconds  2.616965833149795 -0.012168622338113444 0.5
204.40910363197327  seconds  2.616965833149795 -0.012168622338113444 6.5
215.7642331123352  seconds  2.616965833149795 -0.012168622338113444 10.5
217.16527557373047  seconds  2.616965833149795 -0.012168622338113444 8.5
211.8336808681488  seconds  2.616965833149795 -0.012168622338113444 4.5
210.89800572395325  seconds  2.616965833149795 -0.012168622338113444 12.5
210.7738916873932  seconds  2.616965833149795 -0.012168622338113444 14.5
212.55834794044495  seconds  2.616965833149795 -0.012168622338113444 16.5
211.20017504692078  seconds  2.616965833149795 -0.012168622338113444 18.5
211.42133736610413  seconds  2.616965833149795 -0.012168622338113444 2.6
207.79164457321167  seconds  2.616965833149795 -0.012168622338113444 0.6000000000000001
204.65408492088318  seconds  2.616965833149795 -0.012168622338113444 6.6000000000000005
210.15551018714905  seconds  2.616965833149795 -0.012168622338113444 10.600000000000001
211.93804144859314  seconds  2.616965833149795 -0.012168622338113444 8.6
208.97343349456787  seconds  2.616965833149795 -0.012168622338113444 4.6000000000000005
208.81480979919434  seconds  2.616965833149795 -0.012168622338113444 12.600000000000001
204.44332718849182  seconds  2.616965833149795 -0.012168622338113444 14.600000000000001
211.8428099155426  seconds  2.616965833149795 -0.012168622338113444 16.6
210.82010459899902  seconds  2.616965833149795 -0.012168622338113444 18.6
213.1203646659851  seconds  2.616965833149795 -0.012168622338113444 2.7
203.88997149467468  seconds  2.616965833149795 -0.012168622338113444 0.7000000000000001
206.50348711013794  seconds  2.616965833149795 -0.012168622338113444 6.7
209.88604927062988  seconds  2.616965833149795 -0.012168622338113444 10.700000000000001
210.02313590049744  seconds  2.616965833149795 -0.012168622338113444 8.700000000000001
208.67911887168884  seconds  2.616965833149795 -0.012168622338113444 4.7
211.71070337295532  seconds  2.616965833149795 -0.012168622338113444 12.700000000000001
208.33620762825012  seconds  2.616965833149795 -0.012168622338113444 14.700000000000001
210.29628348350525  seconds  2.616965833149795 -0.012168622338113444 16.7
207.702064037323  seconds  2.616965833149795 -0.012168622338113444 18.7
209.20401763916016  seconds  2.616965833149795 -0.012168622338113444 0.8
212.9949905872345  seconds  2.616965833149795 -0.012168622338113444 2.8000000000000003
209.19432616233826  seconds  2.616965833149795 -0.012168622338113444 6.800000000000001
211.69583773612976  seconds  2.616965833149795 -0.012168622338113444 10.8
215.73067378997803  seconds  2.616965833149795 -0.012168622338113444 8.8
210.16752123832703  seconds  2.616965833149795 -0.012168622338113444 4.800000000000001
211.44263672828674  seconds  2.616965833149795 -0.012168622338113444 12.8
210.32017970085144  seconds  2.616965833149795 -0.012168622338113444 14.8
209.93168425559998  seconds  2.616965833149795 -0.012168622338113444 16.8
212.78426933288574  seconds  2.616965833149795 -0.012168622338113444 18.8
208.2265920639038  seconds  2.616965833149795 -0.012168622338113444 0.9
206.75466632843018  seconds  2.616965833149795 -0.012168622338113444 6.9
211.63544464111328  seconds  2.616965833149795 -0.012168622338113444 2.9000000000000004
209.47457790374756  seconds  2.616965833149795 -0.012168622338113444 10.9
207.195157289505  seconds  2.616965833149795 -0.012168622338113444 8.9
211.0331358909607  seconds  2.616965833149795 -0.012168622338113444 4.9
208.08086013793945  seconds  2.616965833149795 -0.012168622338113444 12.9
210.43672800064087  seconds  2.616965833149795 -0.012168622338113444 14.9
206.9494767189026  seconds  2.616965833149795 -0.012168622338113444 16.900000000000002
213.2544915676117  seconds  2.616965833149795 -0.012168622338113444 18.900000000000002
209.38552737236023  seconds  2.616965833149795 -0.012168622338113444 7.0
212.35945844650269  seconds  2.616965833149795 -0.012168622338113444 1.0
209.22648763656616  seconds  2.616965833149795 -0.012168622338113444 3.0
207.13123321533203  seconds  2.616965833149795 -0.012168622338113444 11.0
211.5556676387787  seconds  2.616965833149795 -0.012168622338113444 9.0
208.98139023780823  seconds  2.616965833149795 -0.012168622338113444 5.0
211.8706133365631  seconds  2.616965833149795 -0.012168622338113444 13.0
209.78002190589905  seconds  2.616965833149795 -0.012168622338113444 15.0
206.0811140537262  seconds  2.616965833149795 -0.012168622338113444 17.0
209.5665717124939  seconds  2.616965833149795 -0.012168622338113444 19.0
207.0509865283966  seconds  2.616965833149795 -0.012168622338113444 1.1
208.7024369239807  seconds  2.616965833149795 -0.012168622338113444 7.1000000000000005
207.93196082115173  seconds  2.616965833149795 -0.012168622338113444 3.1
209.19031143188477  seconds  2.616965833149795 -0.012168622338113444 11.100000000000001
213.39971923828125  seconds  2.616965833149795 -0.012168622338113444 9.1
211.47574853897095  seconds  2.616965833149795 -0.012168622338113444 5.1000000000000005
209.59344363212585  seconds  2.616965833149795 -0.012168622338113444 15.100000000000001
212.42278385162354  seconds  2.616965833149795 -0.012168622338113444 13.100000000000001
206.60685181617737  seconds  2.616965833149795 -0.012168622338113444 17.1
212.600328207016  seconds  2.616965833149795 -0.012168622338113444 19.1
210.0052671432495  seconds  2.616965833149795 -0.012168622338113444 1.2000000000000002
208.97358298301697  seconds  2.616965833149795 -0.012168622338113444 3.2
210.8351845741272  seconds  2.616965833149795 -0.012168622338113444 7.2
207.47162175178528  seconds  2.616965833149795 -0.012168622338113444 11.200000000000001
205.9835753440857  seconds  2.616965833149795 -0.012168622338113444 9.200000000000001
211.7441267967224  seconds  2.616965833149795 -0.012168622338113444 5.2
191.0312271118164  seconds  2.616965833149795 -0.012168622338113444 17.2
204.7321949005127  seconds  2.616965833149795 -0.012168622338113444 13.200000000000001
208.65087723731995  seconds  2.616965833149795 -0.012168622338113444 15.200000000000001
204.71588850021362  seconds  2.616965833149795 -0.012168622338113444 19.200000000000003
197.62544870376587  seconds  2.616965833149795 -0.012168622338113444 1.3
199.97006630897522  seconds  2.616965833149795 -0.012168622338113444 3.3000000000000003
200.0334701538086  seconds  2.616965833149795 -0.012168622338113444 7.300000000000001
194.31483554840088  seconds  2.616965833149795 -0.012168622338113444 11.3
169.6127827167511  seconds  2.616965833149795 -0.012168622338113444 17.3
196.99377727508545  seconds  2.616965833149795 -0.012168622338113444 9.3
199.20187973976135  seconds  2.616965833149795 -0.012168622338113444 5.300000000000001
197.06969571113586  seconds  2.616965833149795 -0.012168622338113444 13.3
196.25527691841125  seconds  2.616965833149795 -0.012168622338113444 15.3
194.36137056350708  seconds  2.616965833149795 -0.012168622338113444 19.3
162.72480869293213  seconds  2.616965833149795 -0.012168622338113444 17.400000000000002
198.59430766105652  seconds  2.616965833149795 -0.012168622338113444 1.4000000000000001
197.9266927242279  seconds  2.616965833149795 -0.012168622338113444 3.4000000000000004
202.28550100326538  seconds  2.616965833149795 -0.012168622338113444 7.4
195.26886582374573  seconds  2.616965833149795 -0.012168622338113444 11.4
196.0262393951416  seconds  2.616965833149795 -0.012168622338113444 9.4
200.76472306251526  seconds  2.616965833149795 -0.012168622338113444 5.4
199.4461634159088  seconds  2.616965833149795 -0.012168622338113444 13.4
200.3705849647522  seconds  2.616965833149795 -0.012168622338113444 15.4
195.8203990459442  seconds  2.616965833149795 -0.012168622338113444 19.400000000000002
164.49681735038757  seconds  2.616965833149795 -0.012168622338113444 17.5
200.51720809936523  seconds  2.616965833149795 -0.012168622338113444 1.5
197.76528668403625  seconds  2.616965833149795 -0.012168622338113444 3.5
198.87094402313232  seconds  2.616965833149795 -0.012168622338113444 7.5
191.33886051177979  seconds  2.616965833149795 -0.012168622338113444 11.5
200.13342571258545  seconds  2.616965833149795 -0.012168622338113444 9.5
196.5124113559723  seconds  2.616965833149795 -0.012168622338113444 5.5
197.56789898872375  seconds  2.616965833149795 -0.012168622338113444 13.5
195.7904577255249  seconds  2.616965833149795 -0.012168622338113444 15.5
192.4392387866974  seconds  2.616965833149795 -0.012168622338113444 19.5
166.15082454681396  seconds  2.616965833149795 -0.012168622338113444 17.6
197.86556577682495  seconds  2.616965833149795 -0.012168622338113444 1.6
201.2891490459442  seconds  2.616965833149795 -0.012168622338113444 3.6
199.11147832870483  seconds  2.616965833149795 -0.012168622338113444 7.6000000000000005
191.639342546463  seconds  2.616965833149795 -0.012168622338113444 11.600000000000001
198.27275228500366  seconds  2.616965833149795 -0.012168622338113444 9.600000000000001
197.99697589874268  seconds  2.616965833149795 -0.012168622338113444 5.6000000000000005
198.87720441818237  seconds  2.616965833149795 -0.012168622338113444 13.600000000000001
200.48653030395508  seconds  2.616965833149795 -0.012168622338113444 15.600000000000001
194.52141332626343  seconds  2.616965833149795 -0.012168622338113444 19.6
162.60203313827515  seconds  2.616965833149795 -0.012168622338113444 17.7
197.3259744644165  seconds  2.616965833149795 -0.012168622338113444 1.7000000000000002
196.6714985370636  seconds  2.616965833149795 -0.012168622338113444 3.7
196.0532741546631  seconds  2.616965833149795 -0.012168622338113444 7.7
192.97705626487732  seconds  2.616965833149795 -0.012168622338113444 11.700000000000001
193.4468379020691  seconds  2.616965833149795 -0.012168622338113444 9.700000000000001
193.73138093948364  seconds  2.616965833149795 -0.012168622338113444 5.7
162.92063784599304  seconds  2.616965833149795 -0.012168622338113444 17.8
195.54565048217773  seconds  2.616965833149795 -0.012168622338113444 15.700000000000001
199.26694202423096  seconds  2.616965833149795 -0.012168622338113444 13.700000000000001
196.88475155830383  seconds  2.616965833149795 -0.012168622338113444 19.700000000000003
196.5010471343994  seconds  2.616965833149795 -0.012168622338113444 1.8
197.294029712677  seconds  2.616965833149795 -0.012168622338113444 3.8000000000000003
191.26468658447266  seconds  2.616965833149795 -0.012168622338113444 11.8
197.0071997642517  seconds  2.616965833149795 -0.012168622338113444 7.800000000000001
164.38711738586426  seconds  2.616965833149795 -0.012168622338113444 17.900000000000002
199.96012234687805  seconds  2.616965833149795 -0.012168622338113444 9.8
192.54004955291748  seconds  2.616965833149795 -0.012168622338113444 5.800000000000001
199.9956657886505  seconds  2.616965833149795 -0.012168622338113444 15.8
199.8741819858551  seconds  2.616965833149795 -0.012168622338113444 13.8
192.42055320739746  seconds  2.616965833149795 -0.012168622338113444 19.8
168.63322734832764  seconds  2.616965833149795 -0.012168622338113444 1.9000000000000001
185.72699689865112  seconds  2.616965833149795 -0.012168622338113444 3.9000000000000004
190.7966387271881  seconds  2.616965833149795 -0.012168622338113444 11.9
190.06383872032166  seconds  2.616965833149795 -0.012168622338113444 7.9
181.89137625694275  seconds  2.616965833149795 -0.012168622338113444 9.9
184.13681530952454  seconds  2.616965833149795 -0.012168622338113444 5.9
184.9281997680664  seconds  2.616965833149795 -0.012168622338113444 15.9
184.81560039520264  seconds  2.616965833149795 -0.012168622338113444 13.9
179.50485610961914  seconds  2.616965833149795 -0.012168622338113444 19.900000000000002
time for calc.... 4263.628621816635
 plotting data from the run ...
saving data from the run ...
energy at the point.. 2.61642751975197 0.2659713168187743  is  6.169288720769828e-06
the angle is  0.10130638257107663
200 the fermi surface points 20 chunk numtheads
starting with calculation of Sigma
187.0317234992981  seconds  2.61642751975197 0.2659713168187743 0.0
184.89218044281006  seconds  2.61642751975197 0.2659713168187743 2.0
162.68271327018738  seconds  2.61642751975197 0.2659713168187743 6.0
187.76671957969666  seconds  2.61642751975197 0.2659713168187743 4.0
187.0678207874298  seconds  2.61642751975197 0.2659713168187743 8.0
188.9535391330719  seconds  2.61642751975197 0.2659713168187743 10.0
190.18137764930725  seconds  2.61642751975197 0.2659713168187743 12.0
190.36336302757263  seconds  2.61642751975197 0.2659713168187743 14.0
193.98906588554382  seconds  2.61642751975197 0.2659713168187743 16.0
191.7614176273346  seconds  2.61642751975197 0.2659713168187743 18.0
160.1447639465332  seconds  2.61642751975197 0.2659713168187743 6.1000000000000005
189.72463965415955  seconds  2.61642751975197 0.2659713168187743 0.1
194.07674908638  seconds  2.61642751975197 0.2659713168187743 2.1
189.74629998207092  seconds  2.61642751975197 0.2659713168187743 4.1000000000000005
189.6124849319458  seconds  2.61642751975197 0.2659713168187743 8.1
190.08133935928345  seconds  2.61642751975197 0.2659713168187743 10.100000000000001
189.20365524291992  seconds  2.61642751975197 0.2659713168187743 12.100000000000001
193.82851386070251  seconds  2.61642751975197 0.2659713168187743 14.100000000000001
191.22072887420654  seconds  2.61642751975197 0.2659713168187743 16.1
189.8753683567047  seconds  2.61642751975197 0.2659713168187743 18.1
161.8213016986847  seconds  2.61642751975197 0.2659713168187743 6.2
190.2938356399536  seconds  2.61642751975197 0.2659713168187743 0.2
196.74271368980408  seconds  2.61642751975197 0.2659713168187743 2.2
189.07352590560913  seconds  2.61642751975197 0.2659713168187743 4.2
195.24114656448364  seconds  2.61642751975197 0.2659713168187743 8.200000000000001
193.57106614112854  seconds  2.61642751975197 0.2659713168187743 10.200000000000001
192.5636692047119  seconds  2.61642751975197 0.2659713168187743 12.200000000000001
190.391371011734  seconds  2.61642751975197 0.2659713168187743 14.200000000000001
194.12219834327698  seconds  2.61642751975197 0.2659713168187743 16.2
163.39591312408447  seconds  2.61642751975197 0.2659713168187743 6.300000000000001
190.47044920921326  seconds  2.61642751975197 0.2659713168187743 18.2
193.13919067382812  seconds  2.61642751975197 0.2659713168187743 0.30000000000000004
195.1750671863556  seconds  2.61642751975197 0.2659713168187743 2.3000000000000003
196.6713297367096  seconds  2.61642751975197 0.2659713168187743 4.3
192.26682710647583  seconds  2.61642751975197 0.2659713168187743 8.3
191.1387984752655  seconds  2.61642751975197 0.2659713168187743 10.3
187.7246036529541  seconds  2.61642751975197 0.2659713168187743 12.3
165.9473214149475  seconds  2.61642751975197 0.2659713168187743 6.4
195.9380543231964  seconds  2.61642751975197 0.2659713168187743 14.3
194.21667909622192  seconds  2.61642751975197 0.2659713168187743 16.3
192.96713852882385  seconds  2.61642751975197 0.2659713168187743 18.3
193.7426450252533  seconds  2.61642751975197 0.2659713168187743 0.4
194.47557997703552  seconds  2.61642751975197 0.2659713168187743 4.4
200.11345887184143  seconds  2.61642751975197 0.2659713168187743 2.4000000000000004
191.43896412849426  seconds  2.61642751975197 0.2659713168187743 8.4
165.79953241348267  seconds  2.61642751975197 0.2659713168187743 6.5
198.10744643211365  seconds  2.61642751975197 0.2659713168187743 10.4
193.07160568237305  seconds  2.61642751975197 0.2659713168187743 12.4
192.55772995948792  seconds  2.61642751975197 0.2659713168187743 14.4
193.86535453796387  seconds  2.61642751975197 0.2659713168187743 16.400000000000002
195.02491664886475  seconds  2.61642751975197 0.2659713168187743 18.400000000000002
196.18035411834717  seconds  2.61642751975197 0.2659713168187743 0.5
161.81235766410828  seconds  2.61642751975197 0.2659713168187743 6.6000000000000005
195.27930688858032  seconds  2.61642751975197 0.2659713168187743 4.5
196.05572819709778  seconds  2.61642751975197 0.2659713168187743 2.5
192.69695568084717  seconds  2.61642751975197 0.2659713168187743 8.5
195.61807656288147  seconds  2.61642751975197 0.2659713168187743 10.5
193.7451479434967  seconds  2.61642751975197 0.2659713168187743 12.5
196.6376247406006  seconds  2.61642751975197 0.2659713168187743 14.5
196.43785405158997  seconds  2.61642751975197 0.2659713168187743 16.5
193.9944930076599  seconds  2.61642751975197 0.2659713168187743 18.5
160.85822081565857  seconds  2.61642751975197 0.2659713168187743 6.7
194.1299033164978  seconds  2.61642751975197 0.2659713168187743 0.6000000000000001
189.04061079025269  seconds  2.61642751975197 0.2659713168187743 2.6
196.70537066459656  seconds  2.61642751975197 0.2659713168187743 4.6000000000000005
192.6834409236908  seconds  2.61642751975197 0.2659713168187743 8.6
189.7769365310669  seconds  2.61642751975197 0.2659713168187743 12.600000000000001
192.14189267158508  seconds  2.61642751975197 0.2659713168187743 10.600000000000001
167.82744550704956  seconds  2.61642751975197 0.2659713168187743 18.6
189.08619594573975  seconds  2.61642751975197 0.2659713168187743 14.600000000000001
186.03375959396362  seconds  2.61642751975197 0.2659713168187743 16.6
167.36822605133057  seconds  2.61642751975197 0.2659713168187743 6.800000000000001
189.34302425384521  seconds  2.61642751975197 0.2659713168187743 0.7000000000000001
186.98429417610168  seconds  2.61642751975197 0.2659713168187743 2.7
186.50887084007263  seconds  2.61642751975197 0.2659713168187743 4.7
185.15714693069458  seconds  2.61642751975197 0.2659713168187743 8.700000000000001
185.87615442276  seconds  2.61642751975197 0.2659713168187743 12.700000000000001
186.02178931236267  seconds  2.61642751975197 0.2659713168187743 10.700000000000001
171.9273977279663  seconds  2.61642751975197 0.2659713168187743 18.7
187.51078939437866  seconds  2.61642751975197 0.2659713168187743 14.700000000000001
185.66926264762878  seconds  2.61642751975197 0.2659713168187743 16.7
168.8525640964508  seconds  2.61642751975197 0.2659713168187743 6.9
202.5098898410797  seconds  2.61642751975197 0.2659713168187743 0.8
188.71778559684753  seconds  2.61642751975197 0.2659713168187743 2.8000000000000003
188.60171461105347  seconds  2.61642751975197 0.2659713168187743 4.800000000000001
189.15064072608948  seconds  2.61642751975197 0.2659713168187743 8.8
166.74925899505615  seconds  2.61642751975197 0.2659713168187743 18.8
191.21799278259277  seconds  2.61642751975197 0.2659713168187743 10.8
192.77396440505981  seconds  2.61642751975197 0.2659713168187743 12.8
188.16183829307556  seconds  2.61642751975197 0.2659713168187743 14.8
193.36037302017212  seconds  2.61642751975197 0.2659713168187743 16.8
166.40409517288208  seconds  2.61642751975197 0.2659713168187743 7.0
187.4837396144867  seconds  2.61642751975197 0.2659713168187743 0.9
188.1726939678192  seconds  2.61642751975197 0.2659713168187743 2.9000000000000004
185.5478699207306  seconds  2.61642751975197 0.2659713168187743 4.9
165.84821772575378  seconds  2.61642751975197 0.2659713168187743 18.900000000000002
186.4247181415558  seconds  2.61642751975197 0.2659713168187743 8.9
183.68917393684387  seconds  2.61642751975197 0.2659713168187743 12.9
192.9669895172119  seconds  2.61642751975197 0.2659713168187743 10.9
184.71512603759766  seconds  2.61642751975197 0.2659713168187743 14.9
166.74665713310242  seconds  2.61642751975197 0.2659713168187743 7.1000000000000005
190.15653038024902  seconds  2.61642751975197 0.2659713168187743 16.900000000000002
166.5770823955536  seconds  2.61642751975197 0.2659713168187743 19.0
188.62152791023254  seconds  2.61642751975197 0.2659713168187743 1.0
187.50844764709473  seconds  2.61642751975197 0.2659713168187743 3.0
187.88672471046448  seconds  2.61642751975197 0.2659713168187743 5.0
190.24769401550293  seconds  2.61642751975197 0.2659713168187743 9.0
185.5723991394043  seconds  2.61642751975197 0.2659713168187743 13.0
164.74405026435852  seconds  2.61642751975197 0.2659713168187743 7.2
192.9218499660492  seconds  2.61642751975197 0.2659713168187743 11.0
188.2902250289917  seconds  2.61642751975197 0.2659713168187743 15.0
189.26672291755676  seconds  2.61642751975197 0.2659713168187743 17.0
164.63473272323608  seconds  2.61642751975197 0.2659713168187743 19.1
187.8516023159027  seconds  2.61642751975197 0.2659713168187743 1.1
187.01505303382874  seconds  2.61642751975197 0.2659713168187743 3.1
188.28363704681396  seconds  2.61642751975197 0.2659713168187743 5.1000000000000005
189.53174996376038  seconds  2.61642751975197 0.2659713168187743 9.1
166.08283710479736  seconds  2.61642751975197 0.2659713168187743 7.300000000000001
187.79405212402344  seconds  2.61642751975197 0.2659713168187743 13.100000000000001
187.78688669204712  seconds  2.61642751975197 0.2659713168187743 11.100000000000001
185.7923550605774  seconds  2.61642751975197 0.2659713168187743 15.100000000000001
187.8439483642578  seconds  2.61642751975197 0.2659713168187743 17.1
168.20945262908936  seconds  2.61642751975197 0.2659713168187743 19.200000000000003
188.18382239341736  seconds  2.61642751975197 0.2659713168187743 1.2000000000000002
188.44874453544617  seconds  2.61642751975197 0.2659713168187743 3.2
189.44904899597168  seconds  2.61642751975197 0.2659713168187743 5.2
166.00821566581726  seconds  2.61642751975197 0.2659713168187743 7.4
189.99758958816528  seconds  2.61642751975197 0.2659713168187743 9.200000000000001
190.2586259841919  seconds  2.61642751975197 0.2659713168187743 13.200000000000001
189.85515975952148  seconds  2.61642751975197 0.2659713168187743 11.200000000000001
188.8864459991455  seconds  2.61642751975197 0.2659713168187743 15.200000000000001
185.16362309455872  seconds  2.61642751975197 0.2659713168187743 17.2
166.71382641792297  seconds  2.61642751975197 0.2659713168187743 19.3
179.31426763534546  seconds  2.61642751975197 0.2659713168187743 1.3
168.2308177947998  seconds  2.61642751975197 0.2659713168187743 7.5
183.3236391544342  seconds  2.61642751975197 0.2659713168187743 5.300000000000001
189.67613577842712  seconds  2.61642751975197 0.2659713168187743 3.3000000000000003
187.6177523136139  seconds  2.61642751975197 0.2659713168187743 9.3
182.81856036186218  seconds  2.61642751975197 0.2659713168187743 13.3
183.22732853889465  seconds  2.61642751975197 0.2659713168187743 11.3
183.3640103340149  seconds  2.61642751975197 0.2659713168187743 15.3
181.09681153297424  seconds  2.61642751975197 0.2659713168187743 17.3
168.0440354347229  seconds  2.61642751975197 0.2659713168187743 19.400000000000002
167.6576690673828  seconds  2.61642751975197 0.2659713168187743 1.4000000000000001
169.3942883014679  seconds  2.61642751975197 0.2659713168187743 7.6000000000000005
188.4591155052185  seconds  2.61642751975197 0.2659713168187743 5.4
188.21623730659485  seconds  2.61642751975197 0.2659713168187743 3.4000000000000004
182.85574555397034  seconds  2.61642751975197 0.2659713168187743 9.4
185.83837175369263  seconds  2.61642751975197 0.2659713168187743 13.4
182.0700216293335  seconds  2.61642751975197 0.2659713168187743 11.4
183.4132308959961  seconds  2.61642751975197 0.2659713168187743 15.4
168.1813006401062  seconds  2.61642751975197 0.2659713168187743 19.5
184.77141213417053  seconds  2.61642751975197 0.2659713168187743 17.400000000000002
167.4789741039276  seconds  2.61642751975197 0.2659713168187743 1.5
170.56384897232056  seconds  2.61642751975197 0.2659713168187743 7.7
185.21760725975037  seconds  2.61642751975197 0.2659713168187743 3.5
186.13333439826965  seconds  2.61642751975197 0.2659713168187743 5.5
181.2068133354187  seconds  2.61642751975197 0.2659713168187743 9.5
182.9694857597351  seconds  2.61642751975197 0.2659713168187743 13.5
186.19425773620605  seconds  2.61642751975197 0.2659713168187743 11.5
182.24576568603516  seconds  2.61642751975197 0.2659713168187743 15.5
169.3267376422882  seconds  2.61642751975197 0.2659713168187743 19.6
182.5549430847168  seconds  2.61642751975197 0.2659713168187743 17.5
167.2573184967041  seconds  2.61642751975197 0.2659713168187743 1.6
168.31560349464417  seconds  2.61642751975197 0.2659713168187743 7.800000000000001
185.53438210487366  seconds  2.61642751975197 0.2659713168187743 5.6000000000000005
189.28640913963318  seconds  2.61642751975197 0.2659713168187743 3.6
185.6471071243286  seconds  2.61642751975197 0.2659713168187743 9.600000000000001
183.46860814094543  seconds  2.61642751975197 0.2659713168187743 13.600000000000001
168.83856511116028  seconds  2.61642751975197 0.2659713168187743 19.700000000000003
184.90153908729553  seconds  2.61642751975197 0.2659713168187743 11.600000000000001
183.72370147705078  seconds  2.61642751975197 0.2659713168187743 15.600000000000001
187.49321722984314  seconds  2.61642751975197 0.2659713168187743 17.6
168.0107707977295  seconds  2.61642751975197 0.2659713168187743 1.7000000000000002
167.57177925109863  seconds  2.61642751975197 0.2659713168187743 7.9
185.21203565597534  seconds  2.61642751975197 0.2659713168187743 5.7
186.8681561946869  seconds  2.61642751975197 0.2659713168187743 3.7
185.30279207229614  seconds  2.61642751975197 0.2659713168187743 9.700000000000001
167.73127007484436  seconds  2.61642751975197 0.2659713168187743 19.8
181.45944905281067  seconds  2.61642751975197 0.2659713168187743 13.700000000000001
181.57525062561035  seconds  2.61642751975197 0.2659713168187743 11.700000000000001
182.49150800704956  seconds  2.61642751975197 0.2659713168187743 15.700000000000001
182.21452975273132  seconds  2.61642751975197 0.2659713168187743 17.7
165.8861367702484  seconds  2.61642751975197 0.2659713168187743 1.8
180.53522324562073  seconds  2.61642751975197 0.2659713168187743 5.800000000000001
182.3658185005188  seconds  2.61642751975197 0.2659713168187743 3.8000000000000003
168.64265179634094  seconds  2.61642751975197 0.2659713168187743 19.900000000000002
181.46604943275452  seconds  2.61642751975197 0.2659713168187743 9.8
181.51433038711548  seconds  2.61642751975197 0.2659713168187743 13.8
181.81915521621704  seconds  2.61642751975197 0.2659713168187743 11.8
183.59051203727722  seconds  2.61642751975197 0.2659713168187743 15.8
166.26235961914062  seconds  2.61642751975197 0.2659713168187743 1.9000000000000001
180.53860330581665  seconds  2.61642751975197 0.2659713168187743 17.8
180.94384455680847  seconds  2.61642751975197 0.2659713168187743 5.9
167.0919153690338  seconds  2.61642751975197 0.2659713168187743 9.9
179.44475150108337  seconds  2.61642751975197 0.2659713168187743 3.9000000000000004
180.61901354789734  seconds  2.61642751975197 0.2659713168187743 13.9
177.56537175178528  seconds  2.61642751975197 0.2659713168187743 11.9
178.36965441703796  seconds  2.61642751975197 0.2659713168187743 15.9
174.38305616378784  seconds  2.61642751975197 0.2659713168187743 17.900000000000002
time for calc.... 3878.940055847168
 plotting data from the run ...
saving data from the run ...
58629.56user 18127.99system 2:16:06elapsed 939%CPU (0avgtext+0avgdata 37335064maxresident)k
21187944inputs+127352outputs (335594major+265437617minor)pagefaults 0swaps
