reading lattice from... ./Lattices/sqKgridX6000.npy
reading lattice from... ./Lattices/sqKgridY6000.npy
starting sampling in reciprocal space....
 finished sampling in reciprocal space.... 0.05843496322631836
started calculating filling for chemical potential and dispersion parameters TB_single_band..
reading lattice from... ./Lattices/KgridX400.npy
reading lattice from... ./Lattices/KgridY400.npy
reading lattice from... ./Lattices/KgridX400.npy
reading lattice from... ./Lattices/KgridY400.npy
finished calculating filling for chemical potential
Filling: 0.052787112139103115 .... chemical potential: -237.63662101766397
The fermi energy in mev is: 302.8373386773549, and in units of J: 29.28794377924129, the bandwidth is:494.39071566731144
reading lattice from... ./Lattices/KgridX6000.npy
reading lattice from... ./Lattices/KgridY6000.npy
reading lattice from... ./Lattices/sqKgridX6000.npy
reading lattice from... ./Lattices/sqKgridY6000.npy
energy at the point.. 0.878664387877657 -0.0017383746197303651  is  -1.6565625429620923e-05
200 the points 10 chunk numtheads
starting with calculation of Sigma
63.92620062828064  seconds  0.878664387877657 -0.0017383746197303651 0.0
64.88720965385437  seconds  0.878664387877657 -0.0017383746197303651 1.0
66.82050204277039  seconds  0.878664387877657 -0.0017383746197303651 2.0
67.41123867034912  seconds  0.878664387877657 -0.0017383746197303651 3.0
63.74029541015625  seconds  0.878664387877657 -0.0017383746197303651 4.0
64.06824350357056  seconds  0.878664387877657 -0.0017383746197303651 5.0
70.52105140686035  seconds  0.878664387877657 -0.0017383746197303651 6.0
66.10492277145386  seconds  0.878664387877657 -0.0017383746197303651 7.0
67.72505474090576  seconds  0.878664387877657 -0.0017383746197303651 8.0
72.95760941505432  seconds  0.878664387877657 -0.0017383746197303651 9.0
76.41606450080872  seconds  0.878664387877657 -0.0017383746197303651 10.0
74.29274725914001  seconds  0.878664387877657 -0.0017383746197303651 11.0
70.69947052001953  seconds  0.878664387877657 -0.0017383746197303651 12.0
74.91612410545349  seconds  0.878664387877657 -0.0017383746197303651 0.1
75.03878283500671  seconds  0.878664387877657 -0.0017383746197303651 13.0
75.6102728843689  seconds  0.878664387877657 -0.0017383746197303651 1.1
76.44983339309692  seconds  0.878664387877657 -0.0017383746197303651 14.0
74.18746447563171  seconds  0.878664387877657 -0.0017383746197303651 15.0
75.83049321174622  seconds  0.878664387877657 -0.0017383746197303651 2.1
71.22381782531738  seconds  0.878664387877657 -0.0017383746197303651 4.1000000000000005
76.0848274230957  seconds  0.878664387877657 -0.0017383746197303651 3.1
76.40660285949707  seconds  0.878664387877657 -0.0017383746197303651 16.0
71.50436305999756  seconds  0.878664387877657 -0.0017383746197303651 5.1000000000000005
75.52985882759094  seconds  0.878664387877657 -0.0017383746197303651 17.0
71.34495091438293  seconds  0.878664387877657 -0.0017383746197303651 18.0
71.46131563186646  seconds  0.878664387877657 -0.0017383746197303651 19.0
72.08315062522888  seconds  0.878664387877657 -0.0017383746197303651 7.1000000000000005
75.47117209434509  seconds  0.878664387877657 -0.0017383746197303651 6.1000000000000005
71.94761896133423  seconds  0.878664387877657 -0.0017383746197303651 8.1
75.57427477836609  seconds  0.878664387877657 -0.0017383746197303651 9.1
72.63328075408936  seconds  0.878664387877657 -0.0017383746197303651 10.100000000000001
71.88910365104675  seconds  0.878664387877657 -0.0017383746197303651 12.100000000000001
74.5629460811615  seconds  0.878664387877657 -0.0017383746197303651 11.100000000000001
75.38644552230835  seconds  0.878664387877657 -0.0017383746197303651 0.2
75.58799386024475  seconds  0.878664387877657 -0.0017383746197303651 13.100000000000001
75.75011658668518  seconds  0.878664387877657 -0.0017383746197303651 1.2000000000000002
75.50533294677734  seconds  0.878664387877657 -0.0017383746197303651 14.100000000000001
71.98867988586426  seconds  0.878664387877657 -0.0017383746197303651 15.100000000000001
72.00312209129333  seconds  0.878664387877657 -0.0017383746197303651 4.2
75.22879362106323  seconds  0.878664387877657 -0.0017383746197303651 2.2
71.83838891983032  seconds  0.878664387877657 -0.0017383746197303651 5.2
76.02024006843567  seconds  0.878664387877657 -0.0017383746197303651 3.2
76.2995069026947  seconds  0.878664387877657 -0.0017383746197303651 16.1
71.23419260978699  seconds  0.878664387877657 -0.0017383746197303651 18.1
75.45457053184509  seconds  0.878664387877657 -0.0017383746197303651 17.1
71.60417866706848  seconds  0.878664387877657 -0.0017383746197303651 19.1
72.38460564613342  seconds  0.878664387877657 -0.0017383746197303651 7.2
75.43562388420105  seconds  0.878664387877657 -0.0017383746197303651 6.2
71.65472269058228  seconds  0.878664387877657 -0.0017383746197303651 8.200000000000001
75.14310717582703  seconds  0.878664387877657 -0.0017383746197303651 9.200000000000001
72.13114500045776  seconds  0.878664387877657 -0.0017383746197303651 10.200000000000001
71.87372398376465  seconds  0.878664387877657 -0.0017383746197303651 12.200000000000001
75.14307427406311  seconds  0.878664387877657 -0.0017383746197303651 11.200000000000001
75.87762713432312  seconds  0.878664387877657 -0.0017383746197303651 0.30000000000000004
75.74581003189087  seconds  0.878664387877657 -0.0017383746197303651 13.200000000000001
72.06789970397949  seconds  0.878664387877657 -0.0017383746197303651 15.200000000000001
75.4499249458313  seconds  0.878664387877657 -0.0017383746197303651 1.3
71.72459816932678  seconds  0.878664387877657 -0.0017383746197303651 4.3
75.05226993560791  seconds  0.878664387877657 -0.0017383746197303651 14.200000000000001
75.06194138526917  seconds  0.878664387877657 -0.0017383746197303651 2.3000000000000003
71.42726159095764  seconds  0.878664387877657 -0.0017383746197303651 5.300000000000001
71.62128043174744  seconds  0.878664387877657 -0.0017383746197303651 18.2
75.14051795005798  seconds  0.878664387877657 -0.0017383746197303651 3.3000000000000003
75.23360919952393  seconds  0.878664387877657 -0.0017383746197303651 16.2
71.53175902366638  seconds  0.878664387877657 -0.0017383746197303651 19.200000000000003
75.51286315917969  seconds  0.878664387877657 -0.0017383746197303651 17.2
72.3982789516449  seconds  0.878664387877657 -0.0017383746197303651 7.300000000000001
71.79245686531067  seconds  0.878664387877657 -0.0017383746197303651 8.3
75.94789862632751  seconds  0.878664387877657 -0.0017383746197303651 6.300000000000001
72.26418614387512  seconds  0.878664387877657 -0.0017383746197303651 10.3
75.5749831199646  seconds  0.878664387877657 -0.0017383746197303651 9.3
72.29577875137329  seconds  0.878664387877657 -0.0017383746197303651 12.3
74.98694825172424  seconds  0.878664387877657 -0.0017383746197303651 11.3
75.0692949295044  seconds  0.878664387877657 -0.0017383746197303651 0.4
75.50305342674255  seconds  0.878664387877657 -0.0017383746197303651 13.3
72.34177875518799  seconds  0.878664387877657 -0.0017383746197303651 15.3
72.09200382232666  seconds  0.878664387877657 -0.0017383746197303651 4.4
75.39709806442261  seconds  0.878664387877657 -0.0017383746197303651 1.4000000000000001
75.56908369064331  seconds  0.878664387877657 -0.0017383746197303651 14.3
71.60648465156555  seconds  0.878664387877657 -0.0017383746197303651 5.4
75.26518607139587  seconds  0.878664387877657 -0.0017383746197303651 2.4000000000000004
71.7671365737915  seconds  0.878664387877657 -0.0017383746197303651 18.3
74.86065530776978  seconds  0.878664387877657 -0.0017383746197303651 3.4000000000000004
75.12024021148682  seconds  0.878664387877657 -0.0017383746197303651 16.3
71.59724569320679  seconds  0.878664387877657 -0.0017383746197303651 19.3
72.1335997581482  seconds  0.878664387877657 -0.0017383746197303651 7.4
75.58872294425964  seconds  0.878664387877657 -0.0017383746197303651 17.3
72.13738203048706  seconds  0.878664387877657 -0.0017383746197303651 8.4
75.78803634643555  seconds  0.878664387877657 -0.0017383746197303651 6.4
71.9891369342804  seconds  0.878664387877657 -0.0017383746197303651 10.4
75.10846734046936  seconds  0.878664387877657 -0.0017383746197303651 9.4
72.21674513816833  seconds  0.878664387877657 -0.0017383746197303651 12.4
75.12770414352417  seconds  0.878664387877657 -0.0017383746197303651 11.4
72.32763576507568  seconds  0.878664387877657 -0.0017383746197303651 15.4
75.48662686347961  seconds  0.878664387877657 -0.0017383746197303651 0.5
71.90005087852478  seconds  0.878664387877657 -0.0017383746197303651 4.5
75.45109534263611  seconds  0.878664387877657 -0.0017383746197303651 13.4
71.82709074020386  seconds  0.878664387877657 -0.0017383746197303651 5.5
75.07303881645203  seconds  0.878664387877657 -0.0017383746197303651 1.5
75.26132106781006  seconds  0.878664387877657 -0.0017383746197303651 14.4
71.4312252998352  seconds  0.878664387877657 -0.0017383746197303651 18.400000000000002
75.23481225967407  seconds  0.878664387877657 -0.0017383746197303651 2.5
72.40209937095642  seconds  0.878664387877657 -0.0017383746197303651 19.400000000000002
75.4187741279602  seconds  0.878664387877657 -0.0017383746197303651 3.5
75.49122142791748  seconds  0.878664387877657 -0.0017383746197303651 16.400000000000002
72.35835027694702  seconds  0.878664387877657 -0.0017383746197303651 7.5
75.27803802490234  seconds  0.878664387877657 -0.0017383746197303651 17.400000000000002
71.70138216018677  seconds  0.878664387877657 -0.0017383746197303651 8.5
75.32520461082458  seconds  0.878664387877657 -0.0017383746197303651 6.5
71.61530637741089  seconds  0.878664387877657 -0.0017383746197303651 10.5
71.77037239074707  seconds  0.878664387877657 -0.0017383746197303651 12.5
75.60298562049866  seconds  0.878664387877657 -0.0017383746197303651 9.5
75.50417256355286  seconds  0.878664387877657 -0.0017383746197303651 11.5
71.84336280822754  seconds  0.878664387877657 -0.0017383746197303651 15.5
72.7592601776123  seconds  0.878664387877657 -0.0017383746197303651 4.6000000000000005
75.53381156921387  seconds  0.878664387877657 -0.0017383746197303651 0.6000000000000001
75.30445504188538  seconds  0.878664387877657 -0.0017383746197303651 13.5
72.132009267807  seconds  0.878664387877657 -0.0017383746197303651 5.6000000000000005
71.42031741142273  seconds  0.878664387877657 -0.0017383746197303651 18.5
75.41779327392578  seconds  0.878664387877657 -0.0017383746197303651 1.6
75.35912704467773  seconds  0.878664387877657 -0.0017383746197303651 14.5
74.88691973686218  seconds  0.878664387877657 -0.0017383746197303651 2.6
71.691885471344  seconds  0.878664387877657 -0.0017383746197303651 19.5
72.12346053123474  seconds  0.878664387877657 -0.0017383746197303651 7.6000000000000005
75.4144299030304  seconds  0.878664387877657 -0.0017383746197303651 3.6
75.29134035110474  seconds  0.878664387877657 -0.0017383746197303651 16.5
71.53177785873413  seconds  0.878664387877657 -0.0017383746197303651 8.6
75.64835739135742  seconds  0.878664387877657 -0.0017383746197303651 17.5
75.26866602897644  seconds  0.878664387877657 -0.0017383746197303651 6.6000000000000005
72.04384088516235  seconds  0.878664387877657 -0.0017383746197303651 10.600000000000001
71.84122371673584  seconds  0.878664387877657 -0.0017383746197303651 12.600000000000001
75.2889358997345  seconds  0.878664387877657 -0.0017383746197303651 9.600000000000001
75.33569383621216  seconds  0.878664387877657 -0.0017383746197303651 11.600000000000001
71.67069983482361  seconds  0.878664387877657 -0.0017383746197303651 15.600000000000001
72.00526571273804  seconds  0.878664387877657 -0.0017383746197303651 4.7
71.788578748703  seconds  0.878664387877657 -0.0017383746197303651 5.7
75.77353310585022  seconds  0.878664387877657 -0.0017383746197303651 0.7000000000000001
75.17740225791931  seconds  0.878664387877657 -0.0017383746197303651 13.600000000000001
71.40951251983643  seconds  0.878664387877657 -0.0017383746197303651 18.6
75.62126421928406  seconds  0.878664387877657 -0.0017383746197303651 1.7000000000000002
75.85712146759033  seconds  0.878664387877657 -0.0017383746197303651 14.600000000000001
71.39582419395447  seconds  0.878664387877657 -0.0017383746197303651 19.6
75.44168829917908  seconds  0.878664387877657 -0.0017383746197303651 2.7
71.62381100654602  seconds  0.878664387877657 -0.0017383746197303651 7.7
71.93099999427795  seconds  0.878664387877657 -0.0017383746197303651 8.700000000000001
75.78111815452576  seconds  0.878664387877657 -0.0017383746197303651 3.7
75.35836148262024  seconds  0.878664387877657 -0.0017383746197303651 16.6
74.84567046165466  seconds  0.878664387877657 -0.0017383746197303651 17.6
75.60318517684937  seconds  0.878664387877657 -0.0017383746197303651 6.7
71.9205002784729  seconds  0.878664387877657 -0.0017383746197303651 10.700000000000001
71.81453251838684  seconds  0.878664387877657 -0.0017383746197303651 12.700000000000001
75.38769125938416  seconds  0.878664387877657 -0.0017383746197303651 9.700000000000001
75.13456916809082  seconds  0.878664387877657 -0.0017383746197303651 11.700000000000001
71.86940884590149  seconds  0.878664387877657 -0.0017383746197303651 15.700000000000001
71.91666960716248  seconds  0.878664387877657 -0.0017383746197303651 4.800000000000001
71.8017270565033  seconds  0.878664387877657 -0.0017383746197303651 5.800000000000001
72.04435634613037  seconds  0.878664387877657 -0.0017383746197303651 18.7
75.14646100997925  seconds  0.878664387877657 -0.0017383746197303651 0.8
75.54006814956665  seconds  0.878664387877657 -0.0017383746197303651 13.700000000000001
71.69849944114685  seconds  0.878664387877657 -0.0017383746197303651 19.700000000000003
75.56742405891418  seconds  0.878664387877657 -0.0017383746197303651 1.8
75.4927716255188  seconds  0.878664387877657 -0.0017383746197303651 14.700000000000001
71.68744730949402  seconds  0.878664387877657 -0.0017383746197303651 7.800000000000001
75.53960275650024  seconds  0.878664387877657 -0.0017383746197303651 2.8000000000000003
71.603524684906  seconds  0.878664387877657 -0.0017383746197303651 8.8
75.56985974311829  seconds  0.878664387877657 -0.0017383746197303651 16.7
76.40443897247314  seconds  0.878664387877657 -0.0017383746197303651 3.8000000000000003
75.43713688850403  seconds  0.878664387877657 -0.0017383746197303651 17.7
71.98847150802612  seconds  0.878664387877657 -0.0017383746197303651 10.8
75.23086428642273  seconds  0.878664387877657 -0.0017383746197303651 6.800000000000001
72.188809633255  seconds  0.878664387877657 -0.0017383746197303651 12.8
75.62547159194946  seconds  0.878664387877657 -0.0017383746197303651 9.8
72.18121099472046  seconds  0.878664387877657 -0.0017383746197303651 15.8
72.16613388061523  seconds  0.878664387877657 -0.0017383746197303651 4.9
75.39240002632141  seconds  0.878664387877657 -0.0017383746197303651 11.8
72.04376721382141  seconds  0.878664387877657 -0.0017383746197303651 5.9
71.37581706047058  seconds  0.878664387877657 -0.0017383746197303651 18.8
75.3755190372467  seconds  0.878664387877657 -0.0017383746197303651 0.9
71.47371816635132  seconds  0.878664387877657 -0.0017383746197303651 19.8
76.75715732574463  seconds  0.878664387877657 -0.0017383746197303651 13.8
71.26313352584839  seconds  0.878664387877657 -0.0017383746197303651 7.9
75.14599633216858  seconds  0.878664387877657 -0.0017383746197303651 1.9000000000000001
74.63194704055786  seconds  0.878664387877657 -0.0017383746197303651 14.8
70.50569558143616  seconds  0.878664387877657 -0.0017383746197303651 8.9
74.25871348381042  seconds  0.878664387877657 -0.0017383746197303651 2.9000000000000004
73.93884921073914  seconds  0.878664387877657 -0.0017383746197303651 16.8
74.21238684654236  seconds  0.878664387877657 -0.0017383746197303651 3.9000000000000004
73.48301553726196  seconds  0.878664387877657 -0.0017383746197303651 17.8
68.71145820617676  seconds  0.878664387877657 -0.0017383746197303651 10.9
67.79705882072449  seconds  0.878664387877657 -0.0017383746197303651 12.9
72.5709662437439  seconds  0.878664387877657 -0.0017383746197303651 6.9
70.85517764091492  seconds  0.878664387877657 -0.0017383746197303651 9.9
64.46314668655396  seconds  0.878664387877657 -0.0017383746197303651 15.9
68.20861768722534  seconds  0.878664387877657 -0.0017383746197303651 11.9
62.44212317466736  seconds  0.878664387877657 -0.0017383746197303651 18.900000000000002
61.544355154037476  seconds  0.878664387877657 -0.0017383746197303651 19.900000000000002
66.28089261054993  seconds  0.878664387877657 -0.0017383746197303651 13.9
64.53206586837769  seconds  0.878664387877657 -0.0017383746197303651 14.9
63.97368836402893  seconds  0.878664387877657 -0.0017383746197303651 16.900000000000002
62.22341752052307  seconds  0.878664387877657 -0.0017383746197303651 17.900000000000002
time for calc.... 833.0410194396973
energy at the point.. 0.8744478612085407 0.08691873098652803  is  -2.8035878557375327e-05
200 the points 10 chunk numtheads
starting with calculation of Sigma
64.21649742126465  seconds  0.8744478612085407 0.08691873098652803 0.0
64.66677784919739  seconds  0.8744478612085407 0.08691873098652803 1.0
64.06362628936768  seconds  0.8744478612085407 0.08691873098652803 2.0
67.41698598861694  seconds  0.8744478612085407 0.08691873098652803 3.0
67.97653102874756  seconds  0.8744478612085407 0.08691873098652803 4.0
64.85413932800293  seconds  0.8744478612085407 0.08691873098652803 5.0
71.2412359714508  seconds  0.8744478612085407 0.08691873098652803 6.0
70.88379216194153  seconds  0.8744478612085407 0.08691873098652803 7.0
66.9296452999115  seconds  0.8744478612085407 0.08691873098652803 8.0
73.27563142776489  seconds  0.8744478612085407 0.08691873098652803 9.0
73.09884095191956  seconds  0.8744478612085407 0.08691873098652803 10.0
69.28370499610901  seconds  0.8744478612085407 0.08691873098652803 0.1
73.85028791427612  seconds  0.8744478612085407 0.08691873098652803 12.0
69.84935927391052  seconds  0.8744478612085407 0.08691873098652803 13.0
71.3997323513031  seconds  0.8744478612085407 0.08691873098652803 2.1
75.5064446926117  seconds  0.8744478612085407 0.08691873098652803 1.1
90.60749292373657  seconds  0.8744478612085407 0.08691873098652803 11.0
74.84477663040161  seconds  0.8744478612085407 0.08691873098652803 14.0
71.35705304145813  seconds  0.8744478612085407 0.08691873098652803 15.0
75.9054627418518  seconds  0.8744478612085407 0.08691873098652803 3.1
75.66840958595276  seconds  0.8744478612085407 0.08691873098652803 16.0
70.41288590431213  seconds  0.8744478612085407 0.08691873098652803 5.1000000000000005
75.43775725364685  seconds  0.8744478612085407 0.08691873098652803 4.1000000000000005
75.12735962867737  seconds  0.8744478612085407 0.08691873098652803 17.0
71.42833232879639  seconds  0.8744478612085407 0.08691873098652803 18.0
71.48383474349976  seconds  0.8744478612085407 0.08691873098652803 19.0
75.64137077331543  seconds  0.8744478612085407 0.08691873098652803 6.1000000000000005
71.34017324447632  seconds  0.8744478612085407 0.08691873098652803 8.1
75.61263990402222  seconds  0.8744478612085407 0.08691873098652803 7.1000000000000005
75.69723844528198  seconds  0.8744478612085407 0.08691873098652803 9.1
75.58425617218018  seconds  0.8744478612085407 0.08691873098652803 10.100000000000001
70.99761271476746  seconds  0.8744478612085407 0.08691873098652803 0.2
71.06011962890625  seconds  0.8744478612085407 0.08691873098652803 13.100000000000001
75.38201546669006  seconds  0.8744478612085407 0.08691873098652803 12.100000000000001
71.51171326637268  seconds  0.8744478612085407 0.08691873098652803 2.2
71.7144820690155  seconds  0.8744478612085407 0.08691873098652803 15.100000000000001
75.79618167877197  seconds  0.8744478612085407 0.08691873098652803 1.2000000000000002
75.37140607833862  seconds  0.8744478612085407 0.08691873098652803 14.100000000000001
71.78002834320068  seconds  0.8744478612085407 0.08691873098652803 5.2
75.83043885231018  seconds  0.8744478612085407 0.08691873098652803 3.2
76.06676578521729  seconds  0.8744478612085407 0.08691873098652803 16.1
90.84822869300842  seconds  0.8744478612085407 0.08691873098652803 11.100000000000001
72.43979358673096  seconds  0.8744478612085407 0.08691873098652803 18.1
76.44765877723694  seconds  0.8744478612085407 0.08691873098652803 4.2
76.27454686164856  seconds  0.8744478612085407 0.08691873098652803 17.1
71.54394602775574  seconds  0.8744478612085407 0.08691873098652803 19.1
71.41767764091492  seconds  0.8744478612085407 0.08691873098652803 8.200000000000001
75.54557776451111  seconds  0.8744478612085407 0.08691873098652803 6.2
75.76361846923828  seconds  0.8744478612085407 0.08691873098652803 7.2
75.43786191940308  seconds  0.8744478612085407 0.08691873098652803 9.200000000000001
75.68103647232056  seconds  0.8744478612085407 0.08691873098652803 10.200000000000001
71.71055483818054  seconds  0.8744478612085407 0.08691873098652803 0.30000000000000004
71.29122185707092  seconds  0.8744478612085407 0.08691873098652803 13.200000000000001
74.8312497138977  seconds  0.8744478612085407 0.08691873098652803 12.200000000000001
71.31596970558167  seconds  0.8744478612085407 0.08691873098652803 2.3000000000000003
71.09010553359985  seconds  0.8744478612085407 0.08691873098652803 15.200000000000001
75.57715010643005  seconds  0.8744478612085407 0.08691873098652803 1.3
74.96171832084656  seconds  0.8744478612085407 0.08691873098652803 14.200000000000001
71.14122486114502  seconds  0.8744478612085407 0.08691873098652803 5.300000000000001
75.52043724060059  seconds  0.8744478612085407 0.08691873098652803 3.3000000000000003
71.30896234512329  seconds  0.8744478612085407 0.08691873098652803 18.2
75.75192308425903  seconds  0.8744478612085407 0.08691873098652803 16.2
71.19824886322021  seconds  0.8744478612085407 0.08691873098652803 19.200000000000003
76.26416850090027  seconds  0.8744478612085407 0.08691873098652803 4.3
75.54452610015869  seconds  0.8744478612085407 0.08691873098652803 17.2
71.3299195766449  seconds  0.8744478612085407 0.08691873098652803 8.3
75.40576958656311  seconds  0.8744478612085407 0.08691873098652803 6.300000000000001
90.62329363822937  seconds  0.8744478612085407 0.08691873098652803 11.200000000000001
75.31740641593933  seconds  0.8744478612085407 0.08691873098652803 7.300000000000001
75.37889647483826  seconds  0.8744478612085407 0.08691873098652803 9.3
71.4277753829956  seconds  0.8744478612085407 0.08691873098652803 0.4
71.15200400352478  seconds  0.8744478612085407 0.08691873098652803 13.3
75.69056844711304  seconds  0.8744478612085407 0.08691873098652803 10.3
71.55023574829102  seconds  0.8744478612085407 0.08691873098652803 2.4000000000000004
74.97734117507935  seconds  0.8744478612085407 0.08691873098652803 12.3
71.66372895240784  seconds  0.8744478612085407 0.08691873098652803 15.3
75.45496273040771  seconds  0.8744478612085407 0.08691873098652803 1.4000000000000001
75.24168372154236  seconds  0.8744478612085407 0.08691873098652803 14.3
70.87280225753784  seconds  0.8744478612085407 0.08691873098652803 5.4
71.17486596107483  seconds  0.8744478612085407 0.08691873098652803 18.3
75.08660078048706  seconds  0.8744478612085407 0.08691873098652803 3.4000000000000004
71.24487900733948  seconds  0.8744478612085407 0.08691873098652803 19.3
75.53509187698364  seconds  0.8744478612085407 0.08691873098652803 16.3
75.60730338096619  seconds  0.8744478612085407 0.08691873098652803 4.4
75.69510293006897  seconds  0.8744478612085407 0.08691873098652803 17.3
71.4992892742157  seconds  0.8744478612085407 0.08691873098652803 8.4
75.47359228134155  seconds  0.8744478612085407 0.08691873098652803 6.4
75.7971408367157  seconds  0.8744478612085407 0.08691873098652803 7.4
90.11697196960449  seconds  0.8744478612085407 0.08691873098652803 11.3
71.59804153442383  seconds  0.8744478612085407 0.08691873098652803 0.5
75.31252765655518  seconds  0.8744478612085407 0.08691873098652803 9.4
71.63342547416687  seconds  0.8744478612085407 0.08691873098652803 13.4
76.35144281387329  seconds  0.8744478612085407 0.08691873098652803 10.4
71.16574025154114  seconds  0.8744478612085407 0.08691873098652803 2.5
71.55303764343262  seconds  0.8744478612085407 0.08691873098652803 15.4
75.01488018035889  seconds  0.8744478612085407 0.08691873098652803 12.4
70.9036135673523  seconds  0.8744478612085407 0.08691873098652803 5.5
75.41693687438965  seconds  0.8744478612085407 0.08691873098652803 1.5
75.41340446472168  seconds  0.8744478612085407 0.08691873098652803 14.4
71.6916515827179  seconds  0.8744478612085407 0.08691873098652803 18.400000000000002
71.74668550491333  seconds  0.8744478612085407 0.08691873098652803 19.400000000000002
76.82751989364624  seconds  0.8744478612085407 0.08691873098652803 3.5
75.2647955417633  seconds  0.8744478612085407 0.08691873098652803 16.400000000000002
71.60003113746643  seconds  0.8744478612085407 0.08691873098652803 8.5
75.66885566711426  seconds  0.8744478612085407 0.08691873098652803 4.5
75.49427795410156  seconds  0.8744478612085407 0.08691873098652803 17.400000000000002
75.19982695579529  seconds  0.8744478612085407 0.08691873098652803 6.5
75.57159686088562  seconds  0.8744478612085407 0.08691873098652803 7.5
71.7419376373291  seconds  0.8744478612085407 0.08691873098652803 0.6000000000000001
71.37291502952576  seconds  0.8744478612085407 0.08691873098652803 13.5
75.49142932891846  seconds  0.8744478612085407 0.08691873098652803 9.5
71.03783655166626  seconds  0.8744478612085407 0.08691873098652803 2.6
76.10064125061035  seconds  0.8744478612085407 0.08691873098652803 10.5
72.28982782363892  seconds  0.8744478612085407 0.08691873098652803 15.5
90.6412763595581  seconds  0.8744478612085407 0.08691873098652803 11.4
74.90431761741638  seconds  0.8744478612085407 0.08691873098652803 12.5
70.87892436981201  seconds  0.8744478612085407 0.08691873098652803 5.6000000000000005
75.48971366882324  seconds  0.8744478612085407 0.08691873098652803 1.6
75.39470601081848  seconds  0.8744478612085407 0.08691873098652803 14.5
71.21713852882385  seconds  0.8744478612085407 0.08691873098652803 18.5
71.72057485580444  seconds  0.8744478612085407 0.08691873098652803 19.5
71.31094861030579  seconds  0.8744478612085407 0.08691873098652803 8.6
75.69961285591125  seconds  0.8744478612085407 0.08691873098652803 3.6
75.51141238212585  seconds  0.8744478612085407 0.08691873098652803 16.5
75.98592495918274  seconds  0.8744478612085407 0.08691873098652803 4.6000000000000005
75.50420093536377  seconds  0.8744478612085407 0.08691873098652803 17.5
74.89150953292847  seconds  0.8744478612085407 0.08691873098652803 6.6000000000000005
75.09430170059204  seconds  0.8744478612085407 0.08691873098652803 7.6000000000000005
71.215256690979  seconds  0.8744478612085407 0.08691873098652803 0.7000000000000001
71.14806962013245  seconds  0.8744478612085407 0.08691873098652803 13.600000000000001
75.36881113052368  seconds  0.8744478612085407 0.08691873098652803 9.600000000000001
70.94832253456116  seconds  0.8744478612085407 0.08691873098652803 2.7
71.13936948776245  seconds  0.8744478612085407 0.08691873098652803 15.600000000000001
75.72078609466553  seconds  0.8744478612085407 0.08691873098652803 10.600000000000001
70.36492872238159  seconds  0.8744478612085407 0.08691873098652803 5.7
75.13946890830994  seconds  0.8744478612085407 0.08691873098652803 12.600000000000001
71.1946451663971  seconds  0.8744478612085407 0.08691873098652803 18.6
75.23579955101013  seconds  0.8744478612085407 0.08691873098652803 1.7000000000000002
90.02293848991394  seconds  0.8744478612085407 0.08691873098652803 11.5
75.34550094604492  seconds  0.8744478612085407 0.08691873098652803 14.600000000000001
71.31400394439697  seconds  0.8744478612085407 0.08691873098652803 19.6
71.04444098472595  seconds  0.8744478612085407 0.08691873098652803 8.700000000000001
75.72998142242432  seconds  0.8744478612085407 0.08691873098652803 3.7
75.54152727127075  seconds  0.8744478612085407 0.08691873098652803 16.6
75.59047532081604  seconds  0.8744478612085407 0.08691873098652803 4.7
75.63138842582703  seconds  0.8744478612085407 0.08691873098652803 17.6
75.01364398002625  seconds  0.8744478612085407 0.08691873098652803 6.7
71.89968919754028  seconds  0.8744478612085407 0.08691873098652803 0.8
75.31025624275208  seconds  0.8744478612085407 0.08691873098652803 7.7
71.69721245765686  seconds  0.8744478612085407 0.08691873098652803 13.700000000000001
70.90224313735962  seconds  0.8744478612085407 0.08691873098652803 2.8000000000000003
75.01526665687561  seconds  0.8744478612085407 0.08691873098652803 9.700000000000001
71.16909146308899  seconds  0.8744478612085407 0.08691873098652803 15.700000000000001
75.79649376869202  seconds  0.8744478612085407 0.08691873098652803 10.700000000000001
71.09073162078857  seconds  0.8744478612085407 0.08691873098652803 5.800000000000001
75.55987596511841  seconds  0.8744478612085407 0.08691873098652803 12.700000000000001
71.50830674171448  seconds  0.8744478612085407 0.08691873098652803 18.7
71.5924301147461  seconds  0.8744478612085407 0.08691873098652803 19.700000000000003
75.34695863723755  seconds  0.8744478612085407 0.08691873098652803 1.8
75.54387021064758  seconds  0.8744478612085407 0.08691873098652803 14.700000000000001
71.31267476081848  seconds  0.8744478612085407 0.08691873098652803 8.8
76.12970304489136  seconds  0.8744478612085407 0.08691873098652803 3.8000000000000003
90.37675762176514  seconds  0.8744478612085407 0.08691873098652803 11.600000000000001
76.05642867088318  seconds  0.8744478612085407 0.08691873098652803 16.7
76.0533766746521  seconds  0.8744478612085407 0.08691873098652803 4.800000000000001
75.56709790229797  seconds  0.8744478612085407 0.08691873098652803 17.7
74.72772479057312  seconds  0.8744478612085407 0.08691873098652803 6.800000000000001
71.35262727737427  seconds  0.8744478612085407 0.08691873098652803 0.9
71.65780925750732  seconds  0.8744478612085407 0.08691873098652803 13.8
75.29955959320068  seconds  0.8744478612085407 0.08691873098652803 7.800000000000001
71.37020707130432  seconds  0.8744478612085407 0.08691873098652803 2.9000000000000004
71.25105261802673  seconds  0.8744478612085407 0.08691873098652803 15.8
74.84555339813232  seconds  0.8744478612085407 0.08691873098652803 9.8
70.65191102027893  seconds  0.8744478612085407 0.08691873098652803 5.9
75.13958787918091  seconds  0.8744478612085407 0.08691873098652803 10.8
75.91323232650757  seconds  0.8744478612085407 0.08691873098652803 12.8
70.3972761631012  seconds  0.8744478612085407 0.08691873098652803 18.8
69.90682721138  seconds  0.8744478612085407 0.08691873098652803 19.8
69.15085673332214  seconds  0.8744478612085407 0.08691873098652803 8.9
74.4505844116211  seconds  0.8744478612085407 0.08691873098652803 14.8
75.61523032188416  seconds  0.8744478612085407 0.08691873098652803 1.9000000000000001
73.37337565422058  seconds  0.8744478612085407 0.08691873098652803 3.9000000000000004
74.0676908493042  seconds  0.8744478612085407 0.08691873098652803 16.8
73.78802394866943  seconds  0.8744478612085407 0.08691873098652803 4.9
73.82073545455933  seconds  0.8744478612085407 0.08691873098652803 17.8
71.77567553520203  seconds  0.8744478612085407 0.08691873098652803 6.9
86.36863327026367  seconds  0.8744478612085407 0.08691873098652803 11.700000000000001
68.04697299003601  seconds  0.8744478612085407 0.08691873098652803 13.9
71.65853524208069  seconds  0.8744478612085407 0.08691873098652803 7.9
65.52833461761475  seconds  0.8744478612085407 0.08691873098652803 15.9
69.19852900505066  seconds  0.8744478612085407 0.08691873098652803 9.9
68.12084245681763  seconds  0.8744478612085407 0.08691873098652803 10.9
64.887197971344  seconds  0.8744478612085407 0.08691873098652803 18.900000000000002
65.29443883895874  seconds  0.8744478612085407 0.08691873098652803 12.9
63.55880904197693  seconds  0.8744478612085407 0.08691873098652803 19.900000000000002
64.92856955528259  seconds  0.8744478612085407 0.08691873098652803 14.9
61.324267625808716  seconds  0.8744478612085407 0.08691873098652803 16.900000000000002
60.59109115600586  seconds  0.8744478612085407 0.08691873098652803 17.900000000000002
74.90691375732422  seconds  0.8744478612085407 0.08691873098652803 11.8
72.9163658618927  seconds  0.8744478612085407 0.08691873098652803 11.9
time for calc.... 928.5308508872986
energy at the point.. 0.860625814863103 0.17888466757416732  is  -1.0513552837210227e-05
200 the points 10 chunk numtheads
starting with calculation of Sigma
65.473215341568  seconds  0.860625814863103 0.17888466757416732 0.0
67.40133929252625  seconds  0.860625814863103 0.17888466757416732 1.0
68.85755205154419  seconds  0.860625814863103 0.17888466757416732 2.0
69.82365345954895  seconds  0.860625814863103 0.17888466757416732 3.0
65.4257595539093  seconds  0.860625814863103 0.17888466757416732 4.0
73.77577471733093  seconds  0.860625814863103 0.17888466757416732 5.0
69.74738121032715  seconds  0.860625814863103 0.17888466757416732 6.0
74.5315351486206  seconds  0.860625814863103 0.17888466757416732 7.0
66.38284206390381  seconds  0.860625814863103 0.17888466757416732 9.0
74.42629718780518  seconds  0.860625814863103 0.17888466757416732 8.0
75.22839426994324  seconds  0.860625814863103 0.17888466757416732 10.0
67.893545627594  seconds  0.860625814863103 0.17888466757416732 12.0
76.4690842628479  seconds  0.860625814863103 0.17888466757416732 11.0
68.87589693069458  seconds  0.860625814863103 0.17888466757416732 13.0
76.10726141929626  seconds  0.860625814863103 0.17888466757416732 0.1
71.51742553710938  seconds  0.860625814863103 0.17888466757416732 14.0
77.06996202468872  seconds  0.860625814863103 0.17888466757416732 1.1
69.28537106513977  seconds  0.860625814863103 0.17888466757416732 4.1000000000000005
77.14388370513916  seconds  0.860625814863103 0.17888466757416732 2.1
77.44501805305481  seconds  0.860625814863103 0.17888466757416732 15.0
70.96590638160706  seconds  0.860625814863103 0.17888466757416732 17.0
77.70115637779236  seconds  0.860625814863103 0.17888466757416732 16.0
78.58321785926819  seconds  0.860625814863103 0.17888466757416732 3.1
71.34398007392883  seconds  0.860625814863103 0.17888466757416732 6.1000000000000005
70.0462908744812  seconds  0.860625814863103 0.17888466757416732 19.0
78.53267860412598  seconds  0.860625814863103 0.17888466757416732 18.0
77.34604477882385  seconds  0.860625814863103 0.17888466757416732 5.1000000000000005
69.99845290184021  seconds  0.860625814863103 0.17888466757416732 9.1
77.58316922187805  seconds  0.860625814863103 0.17888466757416732 7.1000000000000005
78.14001226425171  seconds  0.860625814863103 0.17888466757416732 8.1
70.26611256599426  seconds  0.860625814863103 0.17888466757416732 12.100000000000001
76.65246343612671  seconds  0.860625814863103 0.17888466757416732 10.100000000000001
70.30694723129272  seconds  0.860625814863103 0.17888466757416732 13.100000000000001
77.3977792263031  seconds  0.860625814863103 0.17888466757416732 11.100000000000001
69.74243545532227  seconds  0.860625814863103 0.17888466757416732 14.100000000000001
77.05832886695862  seconds  0.860625814863103 0.17888466757416732 0.2
70.05897164344788  seconds  0.860625814863103 0.17888466757416732 4.2
77.06150770187378  seconds  0.860625814863103 0.17888466757416732 1.2000000000000002
70.02521777153015  seconds  0.860625814863103 0.17888466757416732 17.1
77.66500425338745  seconds  0.860625814863103 0.17888466757416732 2.2
78.18404269218445  seconds  0.860625814863103 0.17888466757416732 15.100000000000001
76.79130411148071  seconds  0.860625814863103 0.17888466757416732 16.1
78.9326753616333  seconds  0.860625814863103 0.17888466757416732 3.2
70.7450819015503  seconds  0.860625814863103 0.17888466757416732 19.1
71.13178157806396  seconds  0.860625814863103 0.17888466757416732 6.2
70.41894483566284  seconds  0.860625814863103 0.17888466757416732 9.200000000000001
77.36170482635498  seconds  0.860625814863103 0.17888466757416732 5.2
78.19785284996033  seconds  0.860625814863103 0.17888466757416732 18.1
76.26460552215576  seconds  0.860625814863103 0.17888466757416732 7.2
76.25915098190308  seconds  0.860625814863103 0.17888466757416732 8.200000000000001
71.5659658908844  seconds  0.860625814863103 0.17888466757416732 12.200000000000001
70.9376745223999  seconds  0.860625814863103 0.17888466757416732 13.200000000000001
76.07229471206665  seconds  0.860625814863103 0.17888466757416732 10.200000000000001
70.82277059555054  seconds  0.860625814863103 0.17888466757416732 14.200000000000001
75.72396183013916  seconds  0.860625814863103 0.17888466757416732 11.200000000000001
75.89062261581421  seconds  0.860625814863103 0.17888466757416732 0.30000000000000004
71.63529944419861  seconds  0.860625814863103 0.17888466757416732 4.3
75.43868112564087  seconds  0.860625814863103 0.17888466757416732 1.3
71.32631373405457  seconds  0.860625814863103 0.17888466757416732 17.2
75.92093276977539  seconds  0.860625814863103 0.17888466757416732 2.3000000000000003
75.60197901725769  seconds  0.860625814863103 0.17888466757416732 15.200000000000001
75.58543992042542  seconds  0.860625814863103 0.17888466757416732 16.2
72.12014269828796  seconds  0.860625814863103 0.17888466757416732 6.300000000000001
72.8180365562439  seconds  0.860625814863103 0.17888466757416732 19.200000000000003
74.17677068710327  seconds  0.860625814863103 0.17888466757416732 3.3000000000000003
71.35060739517212  seconds  0.860625814863103 0.17888466757416732 9.3
75.75597786903381  seconds  0.860625814863103 0.17888466757416732 5.300000000000001
75.57097864151001  seconds  0.860625814863103 0.17888466757416732 18.2
75.52080583572388  seconds  0.860625814863103 0.17888466757416732 7.300000000000001
71.47186279296875  seconds  0.860625814863103 0.17888466757416732 12.3
75.19777512550354  seconds  0.860625814863103 0.17888466757416732 8.3
71.86240434646606  seconds  0.860625814863103 0.17888466757416732 13.3
74.99456238746643  seconds  0.860625814863103 0.17888466757416732 10.3
71.1414122581482  seconds  0.860625814863103 0.17888466757416732 14.3
75.07446622848511  seconds  0.860625814863103 0.17888466757416732 11.3
72.13718271255493  seconds  0.860625814863103 0.17888466757416732 4.4
75.18950176239014  seconds  0.860625814863103 0.17888466757416732 0.4
71.67694973945618  seconds  0.860625814863103 0.17888466757416732 17.3
75.25914072990417  seconds  0.860625814863103 0.17888466757416732 1.4000000000000001
76.14369106292725  seconds  0.860625814863103 0.17888466757416732 2.4000000000000004
75.18041896820068  seconds  0.860625814863103 0.17888466757416732 15.3
71.6337308883667  seconds  0.860625814863103 0.17888466757416732 6.4
72.53620672225952  seconds  0.860625814863103 0.17888466757416732 19.3
72.05429577827454  seconds  0.860625814863103 0.17888466757416732 3.4000000000000004
75.30185270309448  seconds  0.860625814863103 0.17888466757416732 16.3
71.35983514785767  seconds  0.860625814863103 0.17888466757416732 9.4
75.85245490074158  seconds  0.860625814863103 0.17888466757416732 18.3
76.36861157417297  seconds  0.860625814863103 0.17888466757416732 5.4
75.41361403465271  seconds  0.860625814863103 0.17888466757416732 7.4
71.37482595443726  seconds  0.860625814863103 0.17888466757416732 12.4
75.21722793579102  seconds  0.860625814863103 0.17888466757416732 8.4
71.91720223426819  seconds  0.860625814863103 0.17888466757416732 13.4
71.64260196685791  seconds  0.860625814863103 0.17888466757416732 14.4
75.44885754585266  seconds  0.860625814863103 0.17888466757416732 10.4
75.37562656402588  seconds  0.860625814863103 0.17888466757416732 11.4
71.69383978843689  seconds  0.860625814863103 0.17888466757416732 4.5
75.20252585411072  seconds  0.860625814863103 0.17888466757416732 0.5
72.02344965934753  seconds  0.860625814863103 0.17888466757416732 17.400000000000002
75.11964774131775  seconds  0.860625814863103 0.17888466757416732 1.5
72.64943480491638  seconds  0.860625814863103 0.17888466757416732 6.5
75.44723749160767  seconds  0.860625814863103 0.17888466757416732 2.5
72.94464373588562  seconds  0.860625814863103 0.17888466757416732 19.400000000000002
73.11462116241455  seconds  0.860625814863103 0.17888466757416732 3.5
75.70203185081482  seconds  0.860625814863103 0.17888466757416732 15.4
75.31049466133118  seconds  0.860625814863103 0.17888466757416732 16.400000000000002
71.47309017181396  seconds  0.860625814863103 0.17888466757416732 9.5
75.8303849697113  seconds  0.860625814863103 0.17888466757416732 18.400000000000002
75.8533718585968  seconds  0.860625814863103 0.17888466757416732 5.5
72.02189779281616  seconds  0.860625814863103 0.17888466757416732 12.5
75.48275899887085  seconds  0.860625814863103 0.17888466757416732 7.5
72.03166151046753  seconds  0.860625814863103 0.17888466757416732 13.5
75.14159774780273  seconds  0.860625814863103 0.17888466757416732 8.5
72.18152141571045  seconds  0.860625814863103 0.17888466757416732 14.5
75.50428891181946  seconds  0.860625814863103 0.17888466757416732 10.5
72.01753425598145  seconds  0.860625814863103 0.17888466757416732 4.6000000000000005
75.25599145889282  seconds  0.860625814863103 0.17888466757416732 11.5
71.80892968177795  seconds  0.860625814863103 0.17888466757416732 17.5
75.54921460151672  seconds  0.860625814863103 0.17888466757416732 0.6000000000000001
74.83302354812622  seconds  0.860625814863103 0.17888466757416732 1.6
71.93240928649902  seconds  0.860625814863103 0.17888466757416732 6.6000000000000005
72.68127036094666  seconds  0.860625814863103 0.17888466757416732 19.5
72.54037857055664  seconds  0.860625814863103 0.17888466757416732 3.6
75.3787305355072  seconds  0.860625814863103 0.17888466757416732 2.6
75.5402238368988  seconds  0.860625814863103 0.17888466757416732 15.5
71.71327781677246  seconds  0.860625814863103 0.17888466757416732 9.600000000000001
75.44946336746216  seconds  0.860625814863103 0.17888466757416732 16.5
75.32279086112976  seconds  0.860625814863103 0.17888466757416732 18.5
75.7808268070221  seconds  0.860625814863103 0.17888466757416732 5.6000000000000005
71.55888342857361  seconds  0.860625814863103 0.17888466757416732 12.600000000000001
71.67132759094238  seconds  0.860625814863103 0.17888466757416732 13.600000000000001
75.16458225250244  seconds  0.860625814863103 0.17888466757416732 7.6000000000000005
74.9786593914032  seconds  0.860625814863103 0.17888466757416732 8.6
71.46089911460876  seconds  0.860625814863103 0.17888466757416732 14.600000000000001
75.38949203491211  seconds  0.860625814863103 0.17888466757416732 10.600000000000001
71.62160444259644  seconds  0.860625814863103 0.17888466757416732 4.7
75.06569027900696  seconds  0.860625814863103 0.17888466757416732 11.600000000000001
71.83623886108398  seconds  0.860625814863103 0.17888466757416732 17.6
75.31072449684143  seconds  0.860625814863103 0.17888466757416732 0.7000000000000001
74.79240942001343  seconds  0.860625814863103 0.17888466757416732 1.7000000000000002
71.3974609375  seconds  0.860625814863103 0.17888466757416732 6.7
73.01704859733582  seconds  0.860625814863103 0.17888466757416732 19.6
72.98444700241089  seconds  0.860625814863103 0.17888466757416732 3.7
71.84960889816284  seconds  0.860625814863103 0.17888466757416732 9.700000000000001
75.750403881073  seconds  0.860625814863103 0.17888466757416732 2.7
75.99237442016602  seconds  0.860625814863103 0.17888466757416732 15.600000000000001
75.40894818305969  seconds  0.860625814863103 0.17888466757416732 16.6
71.87750768661499  seconds  0.860625814863103 0.17888466757416732 12.700000000000001
75.29941034317017  seconds  0.860625814863103 0.17888466757416732 18.6
76.2700788974762  seconds  0.860625814863103 0.17888466757416732 5.7
72.17429661750793  seconds  0.860625814863103 0.17888466757416732 13.700000000000001
75.48549246788025  seconds  0.860625814863103 0.17888466757416732 7.7
71.50052309036255  seconds  0.860625814863103 0.17888466757416732 14.700000000000001
75.56985282897949  seconds  0.860625814863103 0.17888466757416732 8.700000000000001
71.64944291114807  seconds  0.860625814863103 0.17888466757416732 4.800000000000001
75.38675594329834  seconds  0.860625814863103 0.17888466757416732 10.700000000000001
71.91845440864563  seconds  0.860625814863103 0.17888466757416732 17.7
75.16099619865417  seconds  0.860625814863103 0.17888466757416732 11.700000000000001
75.15816354751587  seconds  0.860625814863103 0.17888466757416732 0.8
71.33839201927185  seconds  0.860625814863103 0.17888466757416732 6.800000000000001
75.17408204078674  seconds  0.860625814863103 0.17888466757416732 1.8
72.87084317207336  seconds  0.860625814863103 0.17888466757416732 3.8000000000000003
73.0439281463623  seconds  0.860625814863103 0.17888466757416732 19.700000000000003
71.8617160320282  seconds  0.860625814863103 0.17888466757416732 9.8
76.03887891769409  seconds  0.860625814863103 0.17888466757416732 2.8000000000000003
75.64372444152832  seconds  0.860625814863103 0.17888466757416732 15.700000000000001
75.34419560432434  seconds  0.860625814863103 0.17888466757416732 16.7
71.53161644935608  seconds  0.860625814863103 0.17888466757416732 12.8
75.67971730232239  seconds  0.860625814863103 0.17888466757416732 18.7
75.30149912834167  seconds  0.860625814863103 0.17888466757416732 5.800000000000001
71.5662932395935  seconds  0.860625814863103 0.17888466757416732 13.8
71.46477174758911  seconds  0.860625814863103 0.17888466757416732 14.8
75.27613282203674  seconds  0.860625814863103 0.17888466757416732 7.800000000000001
75.4166488647461  seconds  0.860625814863103 0.17888466757416732 8.8
71.42971324920654  seconds  0.860625814863103 0.17888466757416732 4.9
75.23887467384338  seconds  0.860625814863103 0.17888466757416732 10.8
71.9455418586731  seconds  0.860625814863103 0.17888466757416732 17.8
75.01380205154419  seconds  0.860625814863103 0.17888466757416732 11.8
71.44316673278809  seconds  0.860625814863103 0.17888466757416732 6.9
75.31366181373596  seconds  0.860625814863103 0.17888466757416732 0.9
71.57192659378052  seconds  0.860625814863103 0.17888466757416732 3.9000000000000004
71.51924300193787  seconds  0.860625814863103 0.17888466757416732 19.8
75.04689145088196  seconds  0.860625814863103 0.17888466757416732 1.9000000000000001
71.11022567749023  seconds  0.860625814863103 0.17888466757416732 9.9
74.78774404525757  seconds  0.860625814863103 0.17888466757416732 2.9000000000000004
74.38669300079346  seconds  0.860625814863103 0.17888466757416732 15.8
74.07824754714966  seconds  0.860625814863103 0.17888466757416732 16.8
68.30061149597168  seconds  0.860625814863103 0.17888466757416732 12.9
67.43834829330444  seconds  0.860625814863103 0.17888466757416732 13.9
73.04593396186829  seconds  0.860625814863103 0.17888466757416732 18.8
66.55867862701416  seconds  0.860625814863103 0.17888466757416732 14.9
73.29647517204285  seconds  0.860625814863103 0.17888466757416732 5.9
72.8826036453247  seconds  0.860625814863103 0.17888466757416732 7.9
70.4411268234253  seconds  0.860625814863103 0.17888466757416732 8.9
63.80490827560425  seconds  0.860625814863103 0.17888466757416732 17.900000000000002
69.16093969345093  seconds  0.860625814863103 0.17888466757416732 10.9
68.38585567474365  seconds  0.860625814863103 0.17888466757416732 11.9
60.15861392021179  seconds  0.860625814863103 0.17888466757416732 19.900000000000002
63.396673917770386  seconds  0.860625814863103 0.17888466757416732 15.9
63.073254346847534  seconds  0.860625814863103 0.17888466757416732 16.900000000000002
60.53627324104309  seconds  0.860625814863103 0.17888466757416732 18.900000000000002
time for calc.... 846.2774589061737
energy at the point.. 0.8370566421025593 0.2694480660582359  is  -2.623330465212348e-05
200 the points 10 chunk numtheads
starting with calculation of Sigma
64.00222563743591  seconds  0.8370566421025593 0.2694480660582359 0.0
65.78707718849182  seconds  0.8370566421025593 0.2694480660582359 1.0
67.70100736618042  seconds  0.8370566421025593 0.2694480660582359 2.0
68.00221061706543  seconds  0.8370566421025593 0.2694480660582359 3.0
65.56784057617188  seconds  0.8370566421025593 0.2694480660582359 4.0
71.71688890457153  seconds  0.8370566421025593 0.2694480660582359 5.0
70.84911918640137  seconds  0.8370566421025593 0.2694480660582359 6.0
72.1921317577362  seconds  0.8370566421025593 0.2694480660582359 7.0
67.05094075202942  seconds  0.8370566421025593 0.2694480660582359 9.0
73.06863403320312  seconds  0.8370566421025593 0.2694480660582359 8.0
77.2806601524353  seconds  0.8370566421025593 0.2694480660582359 10.0
70.00334739685059  seconds  0.8370566421025593 0.2694480660582359 12.0
75.74691653251648  seconds  0.8370566421025593 0.2694480660582359 11.0
69.2965784072876  seconds  0.8370566421025593 0.2694480660582359 0.1
70.97817301750183  seconds  0.8370566421025593 0.2694480660582359 14.0
76.81169366836548  seconds  0.8370566421025593 0.2694480660582359 13.0
76.43170475959778  seconds  0.8370566421025593 0.2694480660582359 1.1
71.04975175857544  seconds  0.8370566421025593 0.2694480660582359 15.0
77.44194483757019  seconds  0.8370566421025593 0.2694480660582359 2.1
70.40913367271423  seconds  0.8370566421025593 0.2694480660582359 4.1000000000000005
76.52012610435486  seconds  0.8370566421025593 0.2694480660582359 3.1
76.54635691642761  seconds  0.8370566421025593 0.2694480660582359 16.0
78.7804708480835  seconds  0.8370566421025593 0.2694480660582359 17.0
78.14735078811646  seconds  0.8370566421025593 0.2694480660582359 5.1000000000000005
77.01529049873352  seconds  0.8370566421025593 0.2694480660582359 18.0
77.27326488494873  seconds  0.8370566421025593 0.2694480660582359 6.1000000000000005
71.71528053283691  seconds  0.8370566421025593 0.2694480660582359 9.1
76.77936315536499  seconds  0.8370566421025593 0.2694480660582359 7.1000000000000005
81.35825276374817  seconds  0.8370566421025593 0.2694480660582359 19.0
71.89509010314941  seconds  0.8370566421025593 0.2694480660582359 8.1
76.3980073928833  seconds  0.8370566421025593 0.2694480660582359 10.100000000000001
72.15472459793091  seconds  0.8370566421025593 0.2694480660582359 12.100000000000001
71.50469207763672  seconds  0.8370566421025593 0.2694480660582359 0.2
76.19624733924866  seconds  0.8370566421025593 0.2694480660582359 11.100000000000001
71.36381840705872  seconds  0.8370566421025593 0.2694480660582359 14.100000000000001
75.21092820167542  seconds  0.8370566421025593 0.2694480660582359 13.100000000000001
72.03432035446167  seconds  0.8370566421025593 0.2694480660582359 15.100000000000001
75.52526521682739  seconds  0.8370566421025593 0.2694480660582359 1.2000000000000002
71.69776725769043  seconds  0.8370566421025593 0.2694480660582359 4.2
71.1821072101593  seconds  0.8370566421025593 0.2694480660582359 3.2
75.71526670455933  seconds  0.8370566421025593 0.2694480660582359 2.2
75.78684902191162  seconds  0.8370566421025593 0.2694480660582359 16.1
77.3740005493164  seconds  0.8370566421025593 0.2694480660582359 17.1
75.7077739238739  seconds  0.8370566421025593 0.2694480660582359 5.2
75.69255042076111  seconds  0.8370566421025593 0.2694480660582359 18.1
75.92999219894409  seconds  0.8370566421025593 0.2694480660582359 6.2
72.36353754997253  seconds  0.8370566421025593 0.2694480660582359 9.200000000000001
72.28187227249146  seconds  0.8370566421025593 0.2694480660582359 8.200000000000001
73.68820142745972  seconds  0.8370566421025593 0.2694480660582359 19.1
75.28389263153076  seconds  0.8370566421025593 0.2694480660582359 7.2
71.74233818054199  seconds  0.8370566421025593 0.2694480660582359 12.200000000000001
71.64395236968994  seconds  0.8370566421025593 0.2694480660582359 0.30000000000000004
75.84853887557983  seconds  0.8370566421025593 0.2694480660582359 10.200000000000001
75.5720899105072  seconds  0.8370566421025593 0.2694480660582359 11.200000000000001
70.90757465362549  seconds  0.8370566421025593 0.2694480660582359 14.200000000000001
71.78080868721008  seconds  0.8370566421025593 0.2694480660582359 15.200000000000001
75.69766545295715  seconds  0.8370566421025593 0.2694480660582359 13.200000000000001
75.48363614082336  seconds  0.8370566421025593 0.2694480660582359 1.3
71.60942721366882  seconds  0.8370566421025593 0.2694480660582359 4.3
71.5924642086029  seconds  0.8370566421025593 0.2694480660582359 3.3000000000000003
75.11430716514587  seconds  0.8370566421025593 0.2694480660582359 2.3000000000000003
74.89221382141113  seconds  0.8370566421025593 0.2694480660582359 16.2
75.71405553817749  seconds  0.8370566421025593 0.2694480660582359 17.2
76.01449942588806  seconds  0.8370566421025593 0.2694480660582359 5.300000000000001
72.0116503238678  seconds  0.8370566421025593 0.2694480660582359 9.3
76.3754370212555  seconds  0.8370566421025593 0.2694480660582359 18.2
72.33836936950684  seconds  0.8370566421025593 0.2694480660582359 8.3
75.86922955513  seconds  0.8370566421025593 0.2694480660582359 6.300000000000001
72.18133068084717  seconds  0.8370566421025593 0.2694480660582359 19.200000000000003
75.60465121269226  seconds  0.8370566421025593 0.2694480660582359 7.300000000000001
72.05780601501465  seconds  0.8370566421025593 0.2694480660582359 12.3
71.6316466331482  seconds  0.8370566421025593 0.2694480660582359 0.4
75.3235068321228  seconds  0.8370566421025593 0.2694480660582359 10.3
70.89390921592712  seconds  0.8370566421025593 0.2694480660582359 14.3
75.39513921737671  seconds  0.8370566421025593 0.2694480660582359 11.3
71.84348678588867  seconds  0.8370566421025593 0.2694480660582359 15.3
71.52654123306274  seconds  0.8370566421025593 0.2694480660582359 4.4
75.59919857978821  seconds  0.8370566421025593 0.2694480660582359 13.3
71.32623720169067  seconds  0.8370566421025593 0.2694480660582359 3.4000000000000004
75.46169543266296  seconds  0.8370566421025593 0.2694480660582359 1.4000000000000001
75.86803579330444  seconds  0.8370566421025593 0.2694480660582359 2.4000000000000004
75.05453729629517  seconds  0.8370566421025593 0.2694480660582359 16.3
75.29456377029419  seconds  0.8370566421025593 0.2694480660582359 17.3
72.15736246109009  seconds  0.8370566421025593 0.2694480660582359 9.4
72.58793425559998  seconds  0.8370566421025593 0.2694480660582359 8.4
71.9388165473938  seconds  0.8370566421025593 0.2694480660582359 19.3
76.45545172691345  seconds  0.8370566421025593 0.2694480660582359 5.4
75.86898183822632  seconds  0.8370566421025593 0.2694480660582359 18.3
75.7303957939148  seconds  0.8370566421025593 0.2694480660582359 6.4
75.9361526966095  seconds  0.8370566421025593 0.2694480660582359 7.4
71.92197299003601  seconds  0.8370566421025593 0.2694480660582359 0.5
73.55674076080322  seconds  0.8370566421025593 0.2694480660582359 12.4
71.34127998352051  seconds  0.8370566421025593 0.2694480660582359 14.4
75.82360053062439  seconds  0.8370566421025593 0.2694480660582359 10.4
75.53276658058167  seconds  0.8370566421025593 0.2694480660582359 11.4
71.62614130973816  seconds  0.8370566421025593 0.2694480660582359 15.4
71.70505261421204  seconds  0.8370566421025593 0.2694480660582359 4.5
71.13680648803711  seconds  0.8370566421025593 0.2694480660582359 3.5
75.3071174621582  seconds  0.8370566421025593 0.2694480660582359 13.4
75.27532434463501  seconds  0.8370566421025593 0.2694480660582359 1.5
75.06404519081116  seconds  0.8370566421025593 0.2694480660582359 2.5
75.11928796768188  seconds  0.8370566421025593 0.2694480660582359 16.400000000000002
72.5941731929779  seconds  0.8370566421025593 0.2694480660582359 9.5
75.48131203651428  seconds  0.8370566421025593 0.2694480660582359 17.400000000000002
72.77198600769043  seconds  0.8370566421025593 0.2694480660582359 19.400000000000002
73.2640700340271  seconds  0.8370566421025593 0.2694480660582359 8.5
76.00933861732483  seconds  0.8370566421025593 0.2694480660582359 5.5
75.983971118927  seconds  0.8370566421025593 0.2694480660582359 18.400000000000002
75.60940074920654  seconds  0.8370566421025593 0.2694480660582359 6.5
75.63591313362122  seconds  0.8370566421025593 0.2694480660582359 7.5
71.74175000190735  seconds  0.8370566421025593 0.2694480660582359 0.6000000000000001
72.21787405014038  seconds  0.8370566421025593 0.2694480660582359 12.5
70.92036080360413  seconds  0.8370566421025593 0.2694480660582359 14.5
75.45903658866882  seconds  0.8370566421025593 0.2694480660582359 10.5
71.7531225681305  seconds  0.8370566421025593 0.2694480660582359 15.5
75.99563932418823  seconds  0.8370566421025593 0.2694480660582359 11.5
71.927743434906  seconds  0.8370566421025593 0.2694480660582359 4.6000000000000005
71.54553484916687  seconds  0.8370566421025593 0.2694480660582359 3.6
75.56493616104126  seconds  0.8370566421025593 0.2694480660582359 13.5
75.45809650421143  seconds  0.8370566421025593 0.2694480660582359 1.6
75.31388568878174  seconds  0.8370566421025593 0.2694480660582359 2.6
74.84926247596741  seconds  0.8370566421025593 0.2694480660582359 16.5
72.07198739051819  seconds  0.8370566421025593 0.2694480660582359 9.600000000000001
72.27370810508728  seconds  0.8370566421025593 0.2694480660582359 19.5
72.38813519477844  seconds  0.8370566421025593 0.2694480660582359 8.6
75.28544974327087  seconds  0.8370566421025593 0.2694480660582359 17.5
76.27359461784363  seconds  0.8370566421025593 0.2694480660582359 5.6000000000000005
75.85877776145935  seconds  0.8370566421025593 0.2694480660582359 18.5
75.91647362709045  seconds  0.8370566421025593 0.2694480660582359 6.6000000000000005
75.88346266746521  seconds  0.8370566421025593 0.2694480660582359 7.6000000000000005
72.47344851493835  seconds  0.8370566421025593 0.2694480660582359 0.7000000000000001
72.25014925003052  seconds  0.8370566421025593 0.2694480660582359 12.600000000000001
71.58244705200195  seconds  0.8370566421025593 0.2694480660582359 14.600000000000001
72.23907399177551  seconds  0.8370566421025593 0.2694480660582359 15.600000000000001
75.46765756607056  seconds  0.8370566421025593 0.2694480660582359 10.600000000000001
72.08793616294861  seconds  0.8370566421025593 0.2694480660582359 4.7
75.63471841812134  seconds  0.8370566421025593 0.2694480660582359 11.600000000000001
71.77354645729065  seconds  0.8370566421025593 0.2694480660582359 3.7
75.31422281265259  seconds  0.8370566421025593 0.2694480660582359 13.600000000000001
75.18721008300781  seconds  0.8370566421025593 0.2694480660582359 1.7000000000000002
75.06304287910461  seconds  0.8370566421025593 0.2694480660582359 2.7
75.82632398605347  seconds  0.8370566421025593 0.2694480660582359 16.6
71.86075258255005  seconds  0.8370566421025593 0.2694480660582359 9.700000000000001
72.47707843780518  seconds  0.8370566421025593 0.2694480660582359 19.6
72.68102765083313  seconds  0.8370566421025593 0.2694480660582359 8.700000000000001
75.42197895050049  seconds  0.8370566421025593 0.2694480660582359 17.6
75.93614602088928  seconds  0.8370566421025593 0.2694480660582359 18.6
76.79808115959167  seconds  0.8370566421025593 0.2694480660582359 5.7
76.0519609451294  seconds  0.8370566421025593 0.2694480660582359 6.7
71.79016518592834  seconds  0.8370566421025593 0.2694480660582359 0.8
75.75206112861633  seconds  0.8370566421025593 0.2694480660582359 7.7
72.679368019104  seconds  0.8370566421025593 0.2694480660582359 12.700000000000001
71.29418349266052  seconds  0.8370566421025593 0.2694480660582359 14.700000000000001
71.54360961914062  seconds  0.8370566421025593 0.2694480660582359 15.700000000000001
75.83717656135559  seconds  0.8370566421025593 0.2694480660582359 10.700000000000001
71.91203737258911  seconds  0.8370566421025593 0.2694480660582359 4.800000000000001
72.11297821998596  seconds  0.8370566421025593 0.2694480660582359 3.8000000000000003
75.7216899394989  seconds  0.8370566421025593 0.2694480660582359 11.700000000000001
75.36983847618103  seconds  0.8370566421025593 0.2694480660582359 13.700000000000001
75.1591329574585  seconds  0.8370566421025593 0.2694480660582359 1.8
75.39738130569458  seconds  0.8370566421025593 0.2694480660582359 2.8000000000000003
72.04529094696045  seconds  0.8370566421025593 0.2694480660582359 9.8
75.41090297698975  seconds  0.8370566421025593 0.2694480660582359 16.7
72.29256963729858  seconds  0.8370566421025593 0.2694480660582359 19.700000000000003
72.47174906730652  seconds  0.8370566421025593 0.2694480660582359 8.8
74.98567366600037  seconds  0.8370566421025593 0.2694480660582359 17.7
76.17956948280334  seconds  0.8370566421025593 0.2694480660582359 5.800000000000001
76.62409591674805  seconds  0.8370566421025593 0.2694480660582359 18.7
76.03990340232849  seconds  0.8370566421025593 0.2694480660582359 6.800000000000001
72.36817908287048  seconds  0.8370566421025593 0.2694480660582359 0.9
71.86992526054382  seconds  0.8370566421025593 0.2694480660582359 12.8
75.31947731971741  seconds  0.8370566421025593 0.2694480660582359 7.800000000000001
71.57445573806763  seconds  0.8370566421025593 0.2694480660582359 14.8
71.54841542243958  seconds  0.8370566421025593 0.2694480660582359 15.8
71.8571994304657  seconds  0.8370566421025593 0.2694480660582359 4.9
71.42468452453613  seconds  0.8370566421025593 0.2694480660582359 3.9000000000000004
75.39993405342102  seconds  0.8370566421025593 0.2694480660582359 10.8
75.05665183067322  seconds  0.8370566421025593 0.2694480660582359 11.8
74.87388849258423  seconds  0.8370566421025593 0.2694480660582359 13.8
74.96052670478821  seconds  0.8370566421025593 0.2694480660582359 1.9000000000000001
74.52727723121643  seconds  0.8370566421025593 0.2694480660582359 2.9000000000000004
69.54540014266968  seconds  0.8370566421025593 0.2694480660582359 9.9
70.26224422454834  seconds  0.8370566421025593 0.2694480660582359 19.8
69.81007218360901  seconds  0.8370566421025593 0.2694480660582359 8.9
74.0061662197113  seconds  0.8370566421025593 0.2694480660582359 16.8
72.31139779090881  seconds  0.8370566421025593 0.2694480660582359 17.8
66.65730810165405  seconds  0.8370566421025593 0.2694480660582359 12.9
66.95233345031738  seconds  0.8370566421025593 0.2694480660582359 14.9
73.36796522140503  seconds  0.8370566421025593 0.2694480660582359 18.8
74.19988131523132  seconds  0.8370566421025593 0.2694480660582359 5.9
73.53933453559875  seconds  0.8370566421025593 0.2694480660582359 6.9
71.96291303634644  seconds  0.8370566421025593 0.2694480660582359 7.9
65.35910725593567  seconds  0.8370566421025593 0.2694480660582359 15.9
69.1762523651123  seconds  0.8370566421025593 0.2694480660582359 10.9
67.49863028526306  seconds  0.8370566421025593 0.2694480660582359 11.9
65.33653402328491  seconds  0.8370566421025593 0.2694480660582359 13.9
59.479819774627686  seconds  0.8370566421025593 0.2694480660582359 19.900000000000002
61.62137269973755  seconds  0.8370566421025593 0.2694480660582359 16.900000000000002
62.00403428077698  seconds  0.8370566421025593 0.2694480660582359 17.900000000000002
58.72999310493469  seconds  0.8370566421025593 0.2694480660582359 18.900000000000002
time for calc.... 846.1733179092407
energy at the point.. 0.8018896211804722 0.361581920903955  is  -5.102143262547543e-06
200 the points 10 chunk numtheads
starting with calculation of Sigma
62.58781957626343  seconds  0.8018896211804722 0.361581920903955 0.0
64.54758024215698  seconds  0.8018896211804722 0.361581920903955 1.0
65.28717613220215  seconds  0.8018896211804722 0.361581920903955 2.0
62.23324751853943  seconds  0.8018896211804722 0.361581920903955 3.0
66.67394948005676  seconds  0.8018896211804722 0.361581920903955 4.0
67.65152382850647  seconds  0.8018896211804722 0.361581920903955 5.0
68.57963562011719  seconds  0.8018896211804722 0.361581920903955 6.0
67.30672526359558  seconds  0.8018896211804722 0.361581920903955 7.0
67.82196068763733  seconds  0.8018896211804722 0.361581920903955 8.0
71.8368604183197  seconds  0.8018896211804722 0.361581920903955 9.0
70.19592761993408  seconds  0.8018896211804722 0.361581920903955 10.0
72.87323594093323  seconds  0.8018896211804722 0.361581920903955 11.0
70.04675531387329  seconds  0.8018896211804722 0.361581920903955 12.0
73.66155004501343  seconds  0.8018896211804722 0.361581920903955 0.1
73.7969810962677  seconds  0.8018896211804722 0.361581920903955 13.0
71.82743263244629  seconds  0.8018896211804722 0.361581920903955 14.0
74.45968580245972  seconds  0.8018896211804722 0.361581920903955 1.1
71.09642934799194  seconds  0.8018896211804722 0.361581920903955 3.1
74.42164301872253  seconds  0.8018896211804722 0.361581920903955 2.1
74.39025974273682  seconds  0.8018896211804722 0.361581920903955 15.0
72.49333596229553  seconds  0.8018896211804722 0.361581920903955 16.0
71.93407702445984  seconds  0.8018896211804722 0.361581920903955 4.1000000000000005
75.06945633888245  seconds  0.8018896211804722 0.361581920903955 17.0
71.40914273262024  seconds  0.8018896211804722 0.361581920903955 18.0
74.80429792404175  seconds  0.8018896211804722 0.361581920903955 5.1000000000000005
75.3702883720398  seconds  0.8018896211804722 0.361581920903955 6.1000000000000005
71.96086478233337  seconds  0.8018896211804722 0.361581920903955 7.1000000000000005
74.99940872192383  seconds  0.8018896211804722 0.361581920903955 19.0
72.3201334476471  seconds  0.8018896211804722 0.361581920903955 8.1
75.38537549972534  seconds  0.8018896211804722 0.361581920903955 9.1
71.98353886604309  seconds  0.8018896211804722 0.361581920903955 10.100000000000001
71.69694924354553  seconds  0.8018896211804722 0.361581920903955 12.100000000000001
75.31267309188843  seconds  0.8018896211804722 0.361581920903955 11.100000000000001
76.01341128349304  seconds  0.8018896211804722 0.361581920903955 0.2
71.65174984931946  seconds  0.8018896211804722 0.361581920903955 14.100000000000001
75.57852411270142  seconds  0.8018896211804722 0.361581920903955 13.100000000000001
71.50260996818542  seconds  0.8018896211804722 0.361581920903955 3.2
75.78339123725891  seconds  0.8018896211804722 0.361581920903955 1.2000000000000002
75.6385588645935  seconds  0.8018896211804722 0.361581920903955 2.2
75.0097222328186  seconds  0.8018896211804722 0.361581920903955 15.100000000000001
71.97264266014099  seconds  0.8018896211804722 0.361581920903955 16.1
71.7449095249176  seconds  0.8018896211804722 0.361581920903955 4.2
71.21760272979736  seconds  0.8018896211804722 0.361581920903955 18.1
75.96687626838684  seconds  0.8018896211804722 0.361581920903955 17.1
75.60842800140381  seconds  0.8018896211804722 0.361581920903955 5.2
71.83768653869629  seconds  0.8018896211804722 0.361581920903955 7.2
75.33319616317749  seconds  0.8018896211804722 0.361581920903955 6.2
75.35818147659302  seconds  0.8018896211804722 0.361581920903955 19.1
71.47472095489502  seconds  0.8018896211804722 0.361581920903955 8.200000000000001
71.94364762306213  seconds  0.8018896211804722 0.361581920903955 10.200000000000001
76.01775121688843  seconds  0.8018896211804722 0.361581920903955 9.200000000000001
72.04025411605835  seconds  0.8018896211804722 0.361581920903955 12.200000000000001
74.5457615852356  seconds  0.8018896211804722 0.361581920903955 11.200000000000001
71.16655611991882  seconds  0.8018896211804722 0.361581920903955 14.200000000000001
75.75205945968628  seconds  0.8018896211804722 0.361581920903955 0.30000000000000004
71.29745769500732  seconds  0.8018896211804722 0.361581920903955 3.3000000000000003
75.5667793750763  seconds  0.8018896211804722 0.361581920903955 13.200000000000001
75.93730211257935  seconds  0.8018896211804722 0.361581920903955 1.3
71.7058436870575  seconds  0.8018896211804722 0.361581920903955 16.2
75.33388829231262  seconds  0.8018896211804722 0.361581920903955 2.3000000000000003
71.66096377372742  seconds  0.8018896211804722 0.361581920903955 4.3
75.08895611763  seconds  0.8018896211804722 0.361581920903955 15.200000000000001
71.36764597892761  seconds  0.8018896211804722 0.361581920903955 18.2
75.20730543136597  seconds  0.8018896211804722 0.361581920903955 17.2
71.62622809410095  seconds  0.8018896211804722 0.361581920903955 7.300000000000001
75.46790075302124  seconds  0.8018896211804722 0.361581920903955 5.300000000000001
71.47874593734741  seconds  0.8018896211804722 0.361581920903955 8.3
75.42857909202576  seconds  0.8018896211804722 0.361581920903955 6.300000000000001
76.17568182945251  seconds  0.8018896211804722 0.361581920903955 19.200000000000003
71.52217769622803  seconds  0.8018896211804722 0.361581920903955 10.3
75.24409770965576  seconds  0.8018896211804722 0.361581920903955 9.3
71.51104521751404  seconds  0.8018896211804722 0.361581920903955 12.3
75.16102290153503  seconds  0.8018896211804722 0.361581920903955 11.3
71.527663230896  seconds  0.8018896211804722 0.361581920903955 14.3
71.42340683937073  seconds  0.8018896211804722 0.361581920903955 3.4000000000000004
75.83965921401978  seconds  0.8018896211804722 0.361581920903955 0.4
75.99005341529846  seconds  0.8018896211804722 0.361581920903955 13.3
72.00147104263306  seconds  0.8018896211804722 0.361581920903955 16.3
75.86574411392212  seconds  0.8018896211804722 0.361581920903955 1.4000000000000001
72.32357239723206  seconds  0.8018896211804722 0.361581920903955 4.4
75.41197228431702  seconds  0.8018896211804722 0.361581920903955 2.4000000000000004
75.41973829269409  seconds  0.8018896211804722 0.361581920903955 15.3
71.3997848033905  seconds  0.8018896211804722 0.361581920903955 18.3
71.68774151802063  seconds  0.8018896211804722 0.361581920903955 7.4
74.97766518592834  seconds  0.8018896211804722 0.361581920903955 17.3
75.40085363388062  seconds  0.8018896211804722 0.361581920903955 5.4
71.80619478225708  seconds  0.8018896211804722 0.361581920903955 8.4
75.7637369632721  seconds  0.8018896211804722 0.361581920903955 6.4
75.37127137184143  seconds  0.8018896211804722 0.361581920903955 19.3
71.4461042881012  seconds  0.8018896211804722 0.361581920903955 10.4
71.28617930412292  seconds  0.8018896211804722 0.361581920903955 12.4
75.26161193847656  seconds  0.8018896211804722 0.361581920903955 9.4
75.06295418739319  seconds  0.8018896211804722 0.361581920903955 11.4
71.49408888816833  seconds  0.8018896211804722 0.361581920903955 14.4
71.21078443527222  seconds  0.8018896211804722 0.361581920903955 3.5
75.48661780357361  seconds  0.8018896211804722 0.361581920903955 0.5
71.82217073440552  seconds  0.8018896211804722 0.361581920903955 16.400000000000002
75.82901954650879  seconds  0.8018896211804722 0.361581920903955 13.4
71.92633295059204  seconds  0.8018896211804722 0.361581920903955 4.5
75.76907420158386  seconds  0.8018896211804722 0.361581920903955 1.5
75.91675519943237  seconds  0.8018896211804722 0.361581920903955 2.5
71.70107293128967  seconds  0.8018896211804722 0.361581920903955 18.400000000000002
75.29596304893494  seconds  0.8018896211804722 0.361581920903955 15.4
71.64013147354126  seconds  0.8018896211804722 0.361581920903955 7.5
75.08367776870728  seconds  0.8018896211804722 0.361581920903955 17.400000000000002
71.54368257522583  seconds  0.8018896211804722 0.361581920903955 8.5
75.67364382743835  seconds  0.8018896211804722 0.361581920903955 5.5
75.33278679847717  seconds  0.8018896211804722 0.361581920903955 6.5
75.38663387298584  seconds  0.8018896211804722 0.361581920903955 19.400000000000002
72.0740077495575  seconds  0.8018896211804722 0.361581920903955 10.5
71.61423802375793  seconds  0.8018896211804722 0.361581920903955 12.5
75.57945203781128  seconds  0.8018896211804722 0.361581920903955 9.5
71.49074530601501  seconds  0.8018896211804722 0.361581920903955 14.5
75.54250383377075  seconds  0.8018896211804722 0.361581920903955 11.5
71.42216944694519  seconds  0.8018896211804722 0.361581920903955 3.6
72.00291132926941  seconds  0.8018896211804722 0.361581920903955 16.5
75.53398823738098  seconds  0.8018896211804722 0.361581920903955 0.6000000000000001
72.20181059837341  seconds  0.8018896211804722 0.361581920903955 4.6000000000000005
75.96908068656921  seconds  0.8018896211804722 0.361581920903955 13.5
71.41253662109375  seconds  0.8018896211804722 0.361581920903955 18.5
75.99949812889099  seconds  0.8018896211804722 0.361581920903955 1.6
75.45284700393677  seconds  0.8018896211804722 0.361581920903955 2.6
75.27062034606934  seconds  0.8018896211804722 0.361581920903955 15.5
71.4935348033905  seconds  0.8018896211804722 0.361581920903955 7.6000000000000005
71.65706086158752  seconds  0.8018896211804722 0.361581920903955 8.6
75.48792243003845  seconds  0.8018896211804722 0.361581920903955 17.5
75.95946526527405  seconds  0.8018896211804722 0.361581920903955 5.6000000000000005
75.2267906665802  seconds  0.8018896211804722 0.361581920903955 6.6000000000000005
71.31240940093994  seconds  0.8018896211804722 0.361581920903955 10.600000000000001
74.94271445274353  seconds  0.8018896211804722 0.361581920903955 19.5
71.55496120452881  seconds  0.8018896211804722 0.361581920903955 12.600000000000001
75.36000752449036  seconds  0.8018896211804722 0.361581920903955 9.600000000000001
71.43960070610046  seconds  0.8018896211804722 0.361581920903955 14.600000000000001
71.43444442749023  seconds  0.8018896211804722 0.361581920903955 3.7
75.61764693260193  seconds  0.8018896211804722 0.361581920903955 11.600000000000001
71.7207624912262  seconds  0.8018896211804722 0.361581920903955 16.6
71.75363492965698  seconds  0.8018896211804722 0.361581920903955 4.7
74.87050294876099  seconds  0.8018896211804722 0.361581920903955 0.7000000000000001
71.43445181846619  seconds  0.8018896211804722 0.361581920903955 18.6
75.62030172348022  seconds  0.8018896211804722 0.361581920903955 13.600000000000001
75.86560606956482  seconds  0.8018896211804722 0.361581920903955 1.7000000000000002
75.33700394630432  seconds  0.8018896211804722 0.361581920903955 2.7
75.03354620933533  seconds  0.8018896211804722 0.361581920903955 15.600000000000001
71.49692845344543  seconds  0.8018896211804722 0.361581920903955 7.7
71.53210282325745  seconds  0.8018896211804722 0.361581920903955 8.700000000000001
75.2548897266388  seconds  0.8018896211804722 0.361581920903955 17.6
75.87346839904785  seconds  0.8018896211804722 0.361581920903955 5.7
71.86991548538208  seconds  0.8018896211804722 0.361581920903955 10.700000000000001
75.73271608352661  seconds  0.8018896211804722 0.361581920903955 6.7
75.10844254493713  seconds  0.8018896211804722 0.361581920903955 19.6
71.41385102272034  seconds  0.8018896211804722 0.361581920903955 12.700000000000001
71.43077230453491  seconds  0.8018896211804722 0.361581920903955 14.700000000000001
75.65451622009277  seconds  0.8018896211804722 0.361581920903955 9.700000000000001
71.45408868789673  seconds  0.8018896211804722 0.361581920903955 3.8000000000000003
75.79197883605957  seconds  0.8018896211804722 0.361581920903955 11.700000000000001
71.9343032836914  seconds  0.8018896211804722 0.361581920903955 16.7
71.83723282814026  seconds  0.8018896211804722 0.361581920903955 4.800000000000001
74.95538854598999  seconds  0.8018896211804722 0.361581920903955 0.8
71.51879978179932  seconds  0.8018896211804722 0.361581920903955 18.7
75.37818098068237  seconds  0.8018896211804722 0.361581920903955 13.700000000000001
75.53765559196472  seconds  0.8018896211804722 0.361581920903955 1.8
71.80212712287903  seconds  0.8018896211804722 0.361581920903955 7.800000000000001
75.45935916900635  seconds  0.8018896211804722 0.361581920903955 2.8000000000000003
75.27835655212402  seconds  0.8018896211804722 0.361581920903955 15.700000000000001
71.55892443656921  seconds  0.8018896211804722 0.361581920903955 8.8
74.86866211891174  seconds  0.8018896211804722 0.361581920903955 17.7
71.8425407409668  seconds  0.8018896211804722 0.361581920903955 10.8
75.5955536365509  seconds  0.8018896211804722 0.361581920903955 5.800000000000001
76.1645200252533  seconds  0.8018896211804722 0.361581920903955 6.800000000000001
71.10714912414551  seconds  0.8018896211804722 0.361581920903955 12.8
75.56766724586487  seconds  0.8018896211804722 0.361581920903955 19.700000000000003
71.40398025512695  seconds  0.8018896211804722 0.361581920903955 14.8
71.30831480026245  seconds  0.8018896211804722 0.361581920903955 3.9000000000000004
75.8330192565918  seconds  0.8018896211804722 0.361581920903955 9.8
71.0176146030426  seconds  0.8018896211804722 0.361581920903955 16.8
75.26037406921387  seconds  0.8018896211804722 0.361581920903955 11.8
71.5062108039856  seconds  0.8018896211804722 0.361581920903955 4.9
70.78828287124634  seconds  0.8018896211804722 0.361581920903955 18.8
75.20542931556702  seconds  0.8018896211804722 0.361581920903955 0.9
75.00936913490295  seconds  0.8018896211804722 0.361581920903955 13.8
70.31675934791565  seconds  0.8018896211804722 0.361581920903955 7.9
75.18332195281982  seconds  0.8018896211804722 0.361581920903955 1.9000000000000001
70.12620258331299  seconds  0.8018896211804722 0.361581920903955 8.9
74.71699261665344  seconds  0.8018896211804722 0.361581920903955 15.8
75.25891184806824  seconds  0.8018896211804722 0.361581920903955 2.9000000000000004
68.85139513015747  seconds  0.8018896211804722 0.361581920903955 10.9
73.35825157165527  seconds  0.8018896211804722 0.361581920903955 17.8
66.84205603599548  seconds  0.8018896211804722 0.361581920903955 12.9
73.89114093780518  seconds  0.8018896211804722 0.361581920903955 5.9
72.81385231018066  seconds  0.8018896211804722 0.361581920903955 19.8
75.09245944023132  seconds  0.8018896211804722 0.361581920903955 6.9
65.193443775177  seconds  0.8018896211804722 0.361581920903955 14.9
69.84089183807373  seconds  0.8018896211804722 0.361581920903955 9.9
62.29918074607849  seconds  0.8018896211804722 0.361581920903955 16.900000000000002
61.533443450927734  seconds  0.8018896211804722 0.361581920903955 18.900000000000002
68.26070785522461  seconds  0.8018896211804722 0.361581920903955 11.9
65.52747464179993  seconds  0.8018896211804722 0.361581920903955 13.9
63.99158596992493  seconds  0.8018896211804722 0.361581920903955 15.9
62.21060752868652  seconds  0.8018896211804722 0.361581920903955 17.900000000000002
60.125661849975586  seconds  0.8018896211804722 0.361581920903955 19.900000000000002
time for calc.... 842.2642796039581
energy at the point.. 0.7629072352215663 0.4380704041720991  is  -1.9190154546322447e-05
200 the points 10 chunk numtheads
starting with calculation of Sigma
63.714438676834106  seconds  0.7629072352215663 0.4380704041720991 0.0
65.35870814323425  seconds  0.7629072352215663 0.4380704041720991 1.0
65.99670815467834  seconds  0.7629072352215663 0.4380704041720991 2.0
66.84945058822632  seconds  0.7629072352215663 0.4380704041720991 3.0
62.46808195114136  seconds  0.7629072352215663 0.4380704041720991 4.0
69.4946653842926  seconds  0.7629072352215663 0.4380704041720991 5.0
64.51248383522034  seconds  0.7629072352215663 0.4380704041720991 6.0
71.48174905776978  seconds  0.7629072352215663 0.4380704041720991 7.0
69.26452946662903  seconds  0.7629072352215663 0.4380704041720991 8.0
72.14533925056458  seconds  0.7629072352215663 0.4380704041720991 9.0
68.81531643867493  seconds  0.7629072352215663 0.4380704041720991 10.0
73.6711540222168  seconds  0.7629072352215663 0.4380704041720991 11.0
72.5059142112732  seconds  0.7629072352215663 0.4380704041720991 12.0
73.51947832107544  seconds  0.7629072352215663 0.4380704041720991 0.1
74.07087016105652  seconds  0.7629072352215663 0.4380704041720991 13.0
76.41726684570312  seconds  0.7629072352215663 0.4380704041720991 1.1
76.7460880279541  seconds  0.7629072352215663 0.4380704041720991 14.0
75.99769997596741  seconds  0.7629072352215663 0.4380704041720991 2.1
76.37997603416443  seconds  0.7629072352215663 0.4380704041720991 15.0
71.63295674324036  seconds  0.7629072352215663 0.4380704041720991 3.1
71.65421438217163  seconds  0.7629072352215663 0.4380704041720991 4.1000000000000005
75.39403700828552  seconds  0.7629072352215663 0.4380704041720991 16.0
71.85581064224243  seconds  0.7629072352215663 0.4380704041720991 17.0
71.1151864528656  seconds  0.7629072352215663 0.4380704041720991 6.1000000000000005
75.88334107398987  seconds  0.7629072352215663 0.4380704041720991 5.1000000000000005
76.19655275344849  seconds  0.7629072352215663 0.4380704041720991 18.0
72.0592155456543  seconds  0.7629072352215663 0.4380704041720991 19.0
71.58903622627258  seconds  0.7629072352215663 0.4380704041720991 8.1
75.18602657318115  seconds  0.7629072352215663 0.4380704041720991 7.1000000000000005
71.5527868270874  seconds  0.7629072352215663 0.4380704041720991 10.100000000000001
75.30571842193604  seconds  0.7629072352215663 0.4380704041720991 9.1
75.16696691513062  seconds  0.7629072352215663 0.4380704041720991 11.100000000000001
71.84363031387329  seconds  0.7629072352215663 0.4380704041720991 12.100000000000001
71.62223887443542  seconds  0.7629072352215663 0.4380704041720991 0.2
74.6070020198822  seconds  0.7629072352215663 0.4380704041720991 13.100000000000001
76.14079093933105  seconds  0.7629072352215663 0.4380704041720991 14.100000000000001
76.3179943561554  seconds  0.7629072352215663 0.4380704041720991 1.2000000000000002
72.22468972206116  seconds  0.7629072352215663 0.4380704041720991 3.2
72.00100779533386  seconds  0.7629072352215663 0.4380704041720991 4.2
76.32172155380249  seconds  0.7629072352215663 0.4380704041720991 2.2
76.07165288925171  seconds  0.7629072352215663 0.4380704041720991 15.100000000000001
71.79271650314331  seconds  0.7629072352215663 0.4380704041720991 17.1
74.8590841293335  seconds  0.7629072352215663 0.4380704041720991 16.1
71.65624475479126  seconds  0.7629072352215663 0.4380704041720991 6.2
71.34176778793335  seconds  0.7629072352215663 0.4380704041720991 19.1
75.34509205818176  seconds  0.7629072352215663 0.4380704041720991 5.2
75.53457355499268  seconds  0.7629072352215663 0.4380704041720991 18.1
72.16746926307678  seconds  0.7629072352215663 0.4380704041720991 8.200000000000001
74.85732197761536  seconds  0.7629072352215663 0.4380704041720991 7.2
71.57243967056274  seconds  0.7629072352215663 0.4380704041720991 10.200000000000001
75.74585556983948  seconds  0.7629072352215663 0.4380704041720991 9.200000000000001
71.92821764945984  seconds  0.7629072352215663 0.4380704041720991 12.200000000000001
75.33019733428955  seconds  0.7629072352215663 0.4380704041720991 11.200000000000001
72.2979485988617  seconds  0.7629072352215663 0.4380704041720991 0.30000000000000004
74.78689336776733  seconds  0.7629072352215663 0.4380704041720991 13.200000000000001
72.37868046760559  seconds  0.7629072352215663 0.4380704041720991 3.3000000000000003
72.25181746482849  seconds  0.7629072352215663 0.4380704041720991 4.3
76.03141236305237  seconds  0.7629072352215663 0.4380704041720991 1.3
76.11495447158813  seconds  0.7629072352215663 0.4380704041720991 14.200000000000001
71.55041885375977  seconds  0.7629072352215663 0.4380704041720991 17.2
76.32742953300476  seconds  0.7629072352215663 0.4380704041720991 2.3000000000000003
76.49604821205139  seconds  0.7629072352215663 0.4380704041720991 15.200000000000001
75.36309123039246  seconds  0.7629072352215663 0.4380704041720991 16.2
71.3746280670166  seconds  0.7629072352215663 0.4380704041720991 6.300000000000001
71.39662289619446  seconds  0.7629072352215663 0.4380704041720991 19.200000000000003
75.84582996368408  seconds  0.7629072352215663 0.4380704041720991 5.300000000000001
75.79829001426697  seconds  0.7629072352215663 0.4380704041720991 18.2
71.44715189933777  seconds  0.7629072352215663 0.4380704041720991 8.3
75.10853624343872  seconds  0.7629072352215663 0.4380704041720991 7.300000000000001
71.72586417198181  seconds  0.7629072352215663 0.4380704041720991 10.3
75.10494613647461  seconds  0.7629072352215663 0.4380704041720991 9.3
71.4880747795105  seconds  0.7629072352215663 0.4380704041720991 12.3
71.5296733379364  seconds  0.7629072352215663 0.4380704041720991 0.4
75.51026773452759  seconds  0.7629072352215663 0.4380704041720991 11.3
75.35818672180176  seconds  0.7629072352215663 0.4380704041720991 13.3
72.17017149925232  seconds  0.7629072352215663 0.4380704041720991 4.4
72.36601519584656  seconds  0.7629072352215663 0.4380704041720991 3.4000000000000004
71.7027518749237  seconds  0.7629072352215663 0.4380704041720991 17.3
76.48341035842896  seconds  0.7629072352215663 0.4380704041720991 14.3
76.79158067703247  seconds  0.7629072352215663 0.4380704041720991 1.4000000000000001
71.7752697467804  seconds  0.7629072352215663 0.4380704041720991 6.4
76.81984663009644  seconds  0.7629072352215663 0.4380704041720991 2.4000000000000004
76.6146821975708  seconds  0.7629072352215663 0.4380704041720991 15.3
75.35208511352539  seconds  0.7629072352215663 0.4380704041720991 16.3
71.13891792297363  seconds  0.7629072352215663 0.4380704041720991 19.3
71.64388012886047  seconds  0.7629072352215663 0.4380704041720991 8.4
75.45951056480408  seconds  0.7629072352215663 0.4380704041720991 5.4
75.93830847740173  seconds  0.7629072352215663 0.4380704041720991 18.3
71.80880069732666  seconds  0.7629072352215663 0.4380704041720991 10.4
74.87409210205078  seconds  0.7629072352215663 0.4380704041720991 7.4
75.73288607597351  seconds  0.7629072352215663 0.4380704041720991 9.4
71.88114738464355  seconds  0.7629072352215663 0.4380704041720991 12.4
71.5388412475586  seconds  0.7629072352215663 0.4380704041720991 0.5
75.26398587226868  seconds  0.7629072352215663 0.4380704041720991 11.4
75.26699733734131  seconds  0.7629072352215663 0.4380704041720991 13.4
72.51025152206421  seconds  0.7629072352215663 0.4380704041720991 4.5
72.41519832611084  seconds  0.7629072352215663 0.4380704041720991 3.5
71.80307221412659  seconds  0.7629072352215663 0.4380704041720991 17.400000000000002
71.648197889328  seconds  0.7629072352215663 0.4380704041720991 6.5
76.22024536132812  seconds  0.7629072352215663 0.4380704041720991 14.4
76.45180368423462  seconds  0.7629072352215663 0.4380704041720991 1.5
71.7913589477539  seconds  0.7629072352215663 0.4380704041720991 19.400000000000002
76.38712215423584  seconds  0.7629072352215663 0.4380704041720991 2.5
75.4487657546997  seconds  0.7629072352215663 0.4380704041720991 16.400000000000002
76.80304169654846  seconds  0.7629072352215663 0.4380704041720991 15.4
71.37118697166443  seconds  0.7629072352215663 0.4380704041720991 8.5
75.11858201026917  seconds  0.7629072352215663 0.4380704041720991 5.5
75.0815076828003  seconds  0.7629072352215663 0.4380704041720991 18.400000000000002
71.41411852836609  seconds  0.7629072352215663 0.4380704041720991 10.5
75.0338385105133  seconds  0.7629072352215663 0.4380704041720991 7.5
71.73679757118225  seconds  0.7629072352215663 0.4380704041720991 12.5
75.38475608825684  seconds  0.7629072352215663 0.4380704041720991 9.5
72.00939202308655  seconds  0.7629072352215663 0.4380704041720991 0.6000000000000001
75.01772475242615  seconds  0.7629072352215663 0.4380704041720991 11.5
74.97723579406738  seconds  0.7629072352215663 0.4380704041720991 13.5
72.41140675544739  seconds  0.7629072352215663 0.4380704041720991 4.6000000000000005
72.42885088920593  seconds  0.7629072352215663 0.4380704041720991 3.6
71.63166522979736  seconds  0.7629072352215663 0.4380704041720991 17.5
71.52015519142151  seconds  0.7629072352215663 0.4380704041720991 6.6000000000000005
75.49672508239746  seconds  0.7629072352215663 0.4380704041720991 14.5
75.982346534729  seconds  0.7629072352215663 0.4380704041720991 1.6
71.73225092887878  seconds  0.7629072352215663 0.4380704041720991 19.5
75.89658951759338  seconds  0.7629072352215663 0.4380704041720991 2.6
76.02991199493408  seconds  0.7629072352215663 0.4380704041720991 16.5
76.22080206871033  seconds  0.7629072352215663 0.4380704041720991 15.5
71.11444759368896  seconds  0.7629072352215663 0.4380704041720991 8.6
75.11998963356018  seconds  0.7629072352215663 0.4380704041720991 5.6000000000000005
75.35273599624634  seconds  0.7629072352215663 0.4380704041720991 18.5
71.97398972511292  seconds  0.7629072352215663 0.4380704041720991 10.600000000000001
75.2183108329773  seconds  0.7629072352215663 0.4380704041720991 7.6000000000000005
71.48919725418091  seconds  0.7629072352215663 0.4380704041720991 12.600000000000001
71.86680769920349  seconds  0.7629072352215663 0.4380704041720991 0.7000000000000001
75.62261605262756  seconds  0.7629072352215663 0.4380704041720991 9.600000000000001
76.27547311782837  seconds  0.7629072352215663 0.4380704041720991 11.600000000000001
72.5751850605011  seconds  0.7629072352215663 0.4380704041720991 4.7
72.64416432380676  seconds  0.7629072352215663 0.4380704041720991 3.7
75.18707919120789  seconds  0.7629072352215663 0.4380704041720991 13.600000000000001
71.94884467124939  seconds  0.7629072352215663 0.4380704041720991 17.6
71.09359836578369  seconds  0.7629072352215663 0.4380704041720991 6.7
71.1375322341919  seconds  0.7629072352215663 0.4380704041720991 19.6
75.69078803062439  seconds  0.7629072352215663 0.4380704041720991 14.600000000000001
75.95765137672424  seconds  0.7629072352215663 0.4380704041720991 1.7000000000000002
71.5802948474884  seconds  0.7629072352215663 0.4380704041720991 8.700000000000001
75.8754563331604  seconds  0.7629072352215663 0.4380704041720991 2.7
75.85281801223755  seconds  0.7629072352215663 0.4380704041720991 16.6
75.7230293750763  seconds  0.7629072352215663 0.4380704041720991 15.600000000000001
71.84278869628906  seconds  0.7629072352215663 0.4380704041720991 10.700000000000001
74.91955852508545  seconds  0.7629072352215663 0.4380704041720991 5.7
74.70830726623535  seconds  0.7629072352215663 0.4380704041720991 18.6
75.36403894424438  seconds  0.7629072352215663 0.4380704041720991 7.7
71.34639430046082  seconds  0.7629072352215663 0.4380704041720991 12.700000000000001
71.76255416870117  seconds  0.7629072352215663 0.4380704041720991 0.8
75.55784916877747  seconds  0.7629072352215663 0.4380704041720991 9.700000000000001
75.41675186157227  seconds  0.7629072352215663 0.4380704041720991 11.700000000000001
72.08366012573242  seconds  0.7629072352215663 0.4380704041720991 3.8000000000000003
72.34162974357605  seconds  0.7629072352215663 0.4380704041720991 4.800000000000001
71.80857968330383  seconds  0.7629072352215663 0.4380704041720991 17.7
75.42105722427368  seconds  0.7629072352215663 0.4380704041720991 13.700000000000001
71.68670988082886  seconds  0.7629072352215663 0.4380704041720991 6.800000000000001
71.41866850852966  seconds  0.7629072352215663 0.4380704041720991 19.700000000000003
75.86394596099854  seconds  0.7629072352215663 0.4380704041720991 14.700000000000001
75.82587957382202  seconds  0.7629072352215663 0.4380704041720991 1.8
71.5023283958435  seconds  0.7629072352215663 0.4380704041720991 8.8
75.37560868263245  seconds  0.7629072352215663 0.4380704041720991 2.8000000000000003
76.28468322753906  seconds  0.7629072352215663 0.4380704041720991 16.7
76.20533418655396  seconds  0.7629072352215663 0.4380704041720991 15.700000000000001
71.53679060935974  seconds  0.7629072352215663 0.4380704041720991 10.8
74.94226455688477  seconds  0.7629072352215663 0.4380704041720991 5.800000000000001
75.04776167869568  seconds  0.7629072352215663 0.4380704041720991 18.7
71.63262891769409  seconds  0.7629072352215663 0.4380704041720991 12.8
75.36645865440369  seconds  0.7629072352215663 0.4380704041720991 7.800000000000001
71.90162467956543  seconds  0.7629072352215663 0.4380704041720991 0.9
76.04762840270996  seconds  0.7629072352215663 0.4380704041720991 9.8
74.99127292633057  seconds  0.7629072352215663 0.4380704041720991 11.8
71.97862815856934  seconds  0.7629072352215663 0.4380704041720991 4.9
72.16120791435242  seconds  0.7629072352215663 0.4380704041720991 3.9000000000000004
71.2341160774231  seconds  0.7629072352215663 0.4380704041720991 17.8
70.6496593952179  seconds  0.7629072352215663 0.4380704041720991 6.9
75.18883514404297  seconds  0.7629072352215663 0.4380704041720991 13.8
69.78225922584534  seconds  0.7629072352215663 0.4380704041720991 19.8
69.52327966690063  seconds  0.7629072352215663 0.4380704041720991 8.9
75.4238030910492  seconds  0.7629072352215663 0.4380704041720991 14.8
74.65926718711853  seconds  0.7629072352215663 0.4380704041720991 1.9000000000000001
74.60749816894531  seconds  0.7629072352215663 0.4380704041720991 2.9000000000000004
68.61829853057861  seconds  0.7629072352215663 0.4380704041720991 10.9
74.46687126159668  seconds  0.7629072352215663 0.4380704041720991 15.8
74.57303237915039  seconds  0.7629072352215663 0.4380704041720991 16.8
72.42954754829407  seconds  0.7629072352215663 0.4380704041720991 5.9
73.71559238433838  seconds  0.7629072352215663 0.4380704041720991 18.8
67.23242712020874  seconds  0.7629072352215663 0.4380704041720991 12.9
71.60498452186584  seconds  0.7629072352215663 0.4380704041720991 7.9
69.2669427394867  seconds  0.7629072352215663 0.4380704041720991 9.9
63.44275879859924  seconds  0.7629072352215663 0.4380704041720991 17.900000000000002
67.12475252151489  seconds  0.7629072352215663 0.4380704041720991 11.9
62.97089433670044  seconds  0.7629072352215663 0.4380704041720991 19.900000000000002
65.61236095428467  seconds  0.7629072352215663 0.4380704041720991 13.9
62.4172739982605  seconds  0.7629072352215663 0.4380704041720991 14.9
60.74560832977295  seconds  0.7629072352215663 0.4380704041720991 15.9
60.96962356567383  seconds  0.7629072352215663 0.4380704041720991 16.900000000000002
58.797630071640015  seconds  0.7629072352215663 0.4380704041720991 18.900000000000002
time for calc.... 835.4353532791138
62192.90user 26204.37system 1:25:41elapsed 1719%CPU (0avgtext+0avgdata 21605580maxresident)k
0inputs+128912outputs (385major+509760990minor)pagefaults 0swaps
