reading lattice from... ./Lattices/sqKgridX100.npy
reading lattice from... ./Lattices/sqKgridY100.npy
started calculating filling for chemical potential and dispersion parameters TB_single_band..
reading lattice from... ./Lattices/KgridX400.npy
reading lattice from... ./Lattices/KgridY400.npy
reading lattice from... ./Lattices/KgridX400.npy
reading lattice from... ./Lattices/KgridY400.npy
finished calculating filling for chemical potential
Filling: 0.5021914101708863 .... chemical potential: 29.41164495334965
dispersion params: 54.93230174081238 	 -10.444874274661508
The fermi energy in mev is: 3064.1164088176356, and in units of J: 296.3362097502549, the bandwidth is:494.39071566731144
reading lattice from... ./Lattices/KgridX2000.npy
reading lattice from... ./Lattices/KgridY2000.npy
reading lattice from... ./Lattices/sqKgridX2000.npy
reading lattice from... ./Lattices/sqKgridY2000.npy
412 the fermi surface points 9 numtheads
starting with calculation of Sigma
12.414900302886963  seconds  2.4732452258771103 1.343763581051717 0.001
12.16776418685913  seconds  2.4732452258771103 1.343763581051717 0.5463636363636363
12.405378818511963  seconds  2.4732452258771103 1.343763581051717 1.0917272727272724
12.05298399925232  seconds  2.4732452258771103 1.343763581051717 1.637090909090909
12.465942859649658  seconds  2.4732452258771103 1.343763581051717 2.182454545454545
12.308701753616333  seconds  2.4732452258771103 1.343763581051717 2.7278181818181815
12.219672918319702  seconds  2.4732452258771103 1.343763581051717 3.273181818181818
12.182998657226562  seconds  2.4732452258771103 1.343763581051717 3.818545454545454
11.911521196365356  seconds  2.4732452258771103 1.343763581051717 4.3639090909090905
11.699995040893555  seconds  2.4732452258771103 1.343763581051717 4.909272727272727
11.456794738769531  seconds  2.4732452258771103 1.343763581051717 5.4546363636363635
10.719058752059937  seconds  2.4732452258771103 1.343763581051717 6.0
8.01548957824707  seconds  2.4732452258771103 1.343763581051717 0.6069595959595959
8.88669228553772  seconds  2.4732452258771103 1.343763581051717 0.06159595959595959
7.98863410949707  seconds  2.4732452258771103 1.343763581051717 1.1523232323232322
7.984122037887573  seconds  2.4732452258771103 1.343763581051717 1.6976868686868685
9.837242126464844  seconds  2.4732452258771103 1.343763581051717 2.2430505050505047
10.286914825439453  seconds  2.4732452258771103 1.343763581051717 2.7884141414141412
10.496445655822754  seconds  2.4732452258771103 1.343763581051717 3.3337777777777773
11.036154508590698  seconds  2.4732452258771103 1.343763581051717 3.879141414141414
11.233677864074707  seconds  2.4732452258771103 1.343763581051717 4.424505050505051
11.695605754852295  seconds  2.4732452258771103 1.343763581051717 4.969868686868687
11.903487920761108  seconds  2.4732452258771103 1.343763581051717 5.515232323232323
10.882813692092896  seconds  2.4732452258771103 1.343763581051717 0.6675555555555556
10.853661060333252  seconds  2.4732452258771103 1.343763581051717 1.2129191919191917
11.147359371185303  seconds  2.4732452258771103 1.343763581051717 0.12219191919191918
10.764739274978638  seconds  2.4732452258771103 1.343763581051717 1.758282828282828
10.491864204406738  seconds  2.4732452258771103 1.343763581051717 2.3036464646464645
10.326547622680664  seconds  2.4732452258771103 1.343763581051717 2.8490101010101005
9.866943597793579  seconds  2.4732452258771103 1.343763581051717 3.394373737373737
9.460824966430664  seconds  2.4732452258771103 1.343763581051717 3.9397373737373735
9.289750576019287  seconds  2.4732452258771103 1.343763581051717 4.48510101010101
8.993876695632935  seconds  2.4732452258771103 1.343763581051717 5.0304646464646465
8.590669870376587  seconds  2.4732452258771103 1.343763581051717 5.575828282828283
9.972780704498291  seconds  2.4732452258771103 1.343763581051717 0.7281515151515151
10.872159719467163  seconds  2.4732452258771103 1.343763581051717 1.2735151515151513
11.031206130981445  seconds  2.4732452258771103 1.343763581051717 1.8188787878787878
11.094953775405884  seconds  2.4732452258771103 1.343763581051717 0.18278787878787878
11.795949459075928  seconds  2.4732452258771103 1.343763581051717 2.364242424242424
11.653111219406128  seconds  2.4732452258771103 1.343763581051717 2.9096060606060603
11.659746408462524  seconds  2.4732452258771103 1.343763581051717 3.454969696969697
11.317212104797363  seconds  2.4732452258771103 1.343763581051717 4.000333333333333
11.345748901367188  seconds  2.4732452258771103 1.343763581051717 4.545696969696969
11.29646110534668  seconds  2.4732452258771103 1.343763581051717 5.091060606060606
11.15717625617981  seconds  2.4732452258771103 1.343763581051717 5.636424242424242
9.632515907287598  seconds  2.4732452258771103 1.343763581051717 0.7887474747474746
8.811028718948364  seconds  2.4732452258771103 1.343763581051717 1.334111111111111
8.647368431091309  seconds  2.4732452258771103 1.343763581051717 1.8794747474747473
9.287049055099487  seconds  2.4732452258771103 1.343763581051717 0.24338383838383837
9.487314701080322  seconds  2.4732452258771103 1.343763581051717 2.4248383838383836
10.249441623687744  seconds  2.4732452258771103 1.343763581051717 2.97020202020202
10.350312948226929  seconds  2.4732452258771103 1.343763581051717 3.515565656565656
10.45864987373352  seconds  2.4732452258771103 1.343763581051717 4.060929292929293
10.949453353881836  seconds  2.4732452258771103 1.343763581051717 4.6062929292929295
11.829240560531616  seconds  2.4732452258771103 1.343763581051717 5.151656565656566
11.877799272537231  seconds  2.4732452258771103 1.343763581051717 5.697020202020202
11.388234376907349  seconds  2.4732452258771103 1.343763581051717 0.8493434343434343
11.3192880153656  seconds  2.4732452258771103 1.343763581051717 1.3947070707070706
11.299419403076172  seconds  2.4732452258771103 1.343763581051717 1.9400707070707068
11.340967178344727  seconds  2.4732452258771103 1.343763581051717 0.30397979797979796
10.794195890426636  seconds  2.4732452258771103 1.343763581051717 2.4854343434343433
10.244839906692505  seconds  2.4732452258771103 1.343763581051717 3.0307979797979794
10.067627191543579  seconds  2.4732452258771103 1.343763581051717 3.576161616161616
9.934371709823608  seconds  2.4732452258771103 1.343763581051717 4.121525252525252
9.419001340866089  seconds  2.4732452258771103 1.343763581051717 4.666888888888889
8.86304521560669  seconds  2.4732452258771103 1.343763581051717 5.212252525252525
8.707235097885132  seconds  2.4732452258771103 1.343763581051717 5.757616161616162
8.145618677139282  seconds  2.4732452258771103 1.343763581051717 0.9099393939393939
9.373163223266602  seconds  2.4732452258771103 1.343763581051717 1.45530303030303
9.358328104019165  seconds  2.4732452258771103 1.343763581051717 2.0006666666666666
10.661290168762207  seconds  2.4732452258771103 1.343763581051717 0.36457575757575755
11.843608617782593  seconds  2.4732452258771103 1.343763581051717 2.5460303030303026
11.66047716140747  seconds  2.4732452258771103 1.343763581051717 3.091393939393939
11.702369928359985  seconds  2.4732452258771103 1.343763581051717 3.6367575757575756
11.624935388565063  seconds  2.4732452258771103 1.343763581051717 4.727484848484848
11.938068628311157  seconds  2.4732452258771103 1.343763581051717 4.182121212121213
11.49478530883789  seconds  2.4732452258771103 1.343763581051717 5.272848484848485
11.318926811218262  seconds  2.4732452258771103 1.343763581051717 5.818212121212121
10.688474416732788  seconds  2.4732452258771103 1.343763581051717 0.9705353535353535
10.199093103408813  seconds  2.4732452258771103 1.343763581051717 1.5158989898989896
10.12199854850769  seconds  2.4732452258771103 1.343763581051717 2.061262626262626
10.105901002883911  seconds  2.4732452258771103 1.343763581051717 0.42517171717171715
9.477182149887085  seconds  2.4732452258771103 1.343763581051717 2.6066262626262624
10.350911617279053  seconds  2.4732452258771103 1.343763581051717 3.1519898989898985
10.577728033065796  seconds  2.4732452258771103 1.343763581051717 3.697353535353535
10.857584476470947  seconds  2.4732452258771103 1.343763581051717 4.242717171717172
11.233327150344849  seconds  2.4732452258771103 1.343763581051717 4.788080808080808
10.710596561431885  seconds  2.4732452258771103 1.343763581051717 1.031131313131313
11.852748155593872  seconds  2.4732452258771103 1.343763581051717 5.8788080808080805
11.957028150558472  seconds  2.4732452258771103 1.343763581051717 5.333444444444445
12.019346952438354  seconds  2.4732452258771103 1.343763581051717 2.1218585858585857
12.294482707977295  seconds  2.4732452258771103 1.343763581051717 1.5764949494949492
12.732285499572754  seconds  2.4732452258771103 1.343763581051717 0.48576767676767674
11.84068489074707  seconds  2.4732452258771103 1.343763581051717 2.667222222222222
11.053353071212769  seconds  2.4732452258771103 1.343763581051717 3.212585858585858
10.9786696434021  seconds  2.4732452258771103 1.343763581051717 3.7579494949494947
10.459210634231567  seconds  2.4732452258771103 1.343763581051717 4.848676767676768
10.83971357345581  seconds  2.4732452258771103 1.343763581051717 4.303313131313131
9.963837623596191  seconds  2.4732452258771103 1.343763581051717 5.394040404040404
10.043729543685913  seconds  2.4732452258771103 1.343763581051717 5.939404040404041
time for calc.... 104.34288120269775
Successfully created the directory dir_T_3.0_fit_SF_func_2021-11-09-22:43:03 
 plotting data from the run ...
saving data from the run ...
818.04user 270.90system 1:54.24elapsed 953%CPU (0avgtext+0avgdata 2981152maxresident)k
0inputs+544outputs (65major+10441411minor)pagefaults 0swaps
