Machine arg is, CH1
Machine arg is, CH1
started calculating filling for chemical potential and dispersion parameters TB_single_band..
Machine arg is, CH1
reading lattice from... ./Lattices/KgridX400.npy
reading lattice from... ./Lattices/KgridY400.npy
Machine arg is, CH1
reading lattice from... ./Lattices/KgridX400.npy
reading lattice from... ./Lattices/KgridY400.npy
norm of Dos, 42.951937478998964 45.58575006211245
sum of the hist, normed? 42.951937478998964
finished calculating filling for chemical potential
Filling: 0.11117899737529534 .... chemical potential: -202.01251028424417
Machine arg is, CH1
reading lattice from... ./Lattices/KgridX400.npy
reading lattice from... ./Lattices/KgridY400.npy
sum of the hist, normed? 1.0000000000000024
starting high res contour.....
attempting countour of size 10280
number of sheets..... 1
contour size before interpolation..... 17481
finished high res contour..... 32.485408544540405
range of angles from marching squares -3.1413632526240227 3.141363252624023
The fermi energy in mev is: 671.1906436609156, and in units of J: 64.91205451266109, the bandwidth is:494.39071566731144
starting contour.....
finished contour..... 8.242681503295898
Machine arg is, CH1
ED starting sampling in reciprocal space....
starting high res contour.....
attempting countour of size 10280
number of sheets..... 1
contour size before interpolation..... 17481
finished high res contour..... 36.114877700805664
range of angles from marching squares -3.1413632526240227 3.141363252624023
comparing volume elements 

0.024543692606170175
0.00017772317878995492 0.00017789673658170154
shapes, are they adequate? (2049, 257) 2049 257
finished sampling in reciprocal space....t= 36.27161455154419  s


differentials, dr= 0.00017789673658170154   dth= 0.024543692606170175


PLOTTING
for error, maximum difference 77.63492059292705
number of active points (2, 195959)
for error, maximum difference 77.63492059292705
number of active points (2, 360889)
300 the points 30 chunk numtheads
starting with calculation of Sigma
0.5381402969360352  seconds  -1.031824872078138 -0.7532725544574449 0.001 0.12977303410886595
0.6676177978515625  seconds  -1.2722578497049464 -0.0002918571845511586 0.001 0.1296917838735398
0.5686972141265869  seconds  -0.3885249249857683 -1.2136545887845727 0.001 0.129217189507109
0.7132954597473145  seconds  1.039941921727511 -0.7422161629727884 0.001 0.1298213151180723
0.7672634124755859  seconds  0.40147554289484993 -1.2092447198008378 0.001 0.12939910107382874
0.7091588973999023  seconds  1.2721933387720945 0.01336644973275063 0.001 0.1295494906138016
0.7120819091796875  seconds  1.0239372169655916 0.763767818434163 0.001 0.12954216506706748
0.6165285110473633  seconds  -1.0155761929221467 -0.7746379134021644 0.001 0.12969261415383576
0.71303391456604  seconds  0.3760834114395543 1.217749363778262 0.001 0.12912003604407082
0.6283435821533203  seconds  -0.41382730672691503 1.204897757106799 0.001 0.12942328288269142
0.620729923248291  seconds  -1.2719940625724229 -0.02702358983045408 0.001 0.1293549074434243
0.6423285007476807  seconds  -1.0475931535895406 0.7315447731349323 0.001 0.12989534319514023
0.5903215408325195  seconds  -0.3630412414418827 -1.2218935114529839 0.001 0.1289566625463595
0.5689699649810791  seconds  0.4266820351494754 -1.2002267368513138 0.001 0.12942041211685332
0.6103508472442627  seconds  1.0554603357996348 -0.7203068319467295 0.001 0.12974810274440773
0.5566895008087158  seconds  1.2716770577194787 0.040094879229963847 0.001 0.12922775761983218
0.6072258949279785  seconds  1.007457944549402 0.7849527472387241 0.001 0.12996237839929084
0.6573233604431152  seconds  -0.9988591585459662 -0.7956322557913516 0.001 0.13049782196883458
0.6423196792602539  seconds  -0.4389400136826283 1.1956319498384267 0.001 0.12948719077403834
0.6567859649658203  seconds  0.35051425520547247 1.2257317291990404 0.001 0.12902948987395937
0.637610912322998  seconds  -1.2712138221528864 -0.05374627580131759 0.001 0.12922051665660492
0.5943002700805664  seconds  -0.3373851024318625 -1.2296055076067938 0.001 0.12933019253527436
0.6297531127929688  seconds  -1.0628697425552227 0.7094641188920646 0.001 0.12951816244111988
0.5418381690979004  seconds  0.4516947098978375 -1.190704201329317 0.001 0.1295998217293784
0.502739429473877  seconds  1.2706439440111412 0.06680986367276219 0.001 0.12928368811502777
0.6245183944702148  seconds  1.07048152240698 -0.6980498022990478 0.001 0.1293066419554074
0.5919513702392578  seconds  0.9905163373876588 0.8057627232235374 0.001 0.13041688007331098
0.5306899547576904  seconds  -0.9816861665033895 -0.8162477293665438 0.001 0.13041346181825383
0.5532927513122559  seconds  -0.3115657959607335 -1.2367813394451637 0.001 0.13026825197587144
0.5896663665771484  seconds  0.32477712001777176 1.2331826518773488 0.001 0.12986408020368911
0.5813097953796387  seconds  -1.2699163053730358 -0.0804508979014222 0.001 0.12932000018938614
0.5706443786621094  seconds  -1.0776439119890897 0.6870408606508289 0.001 0.12917694095077634
0.6801958084106445  seconds  -0.46385502377819327 1.1858657486289086 0.001 0.1299174241832655
0.5115468502044678  seconds  0.4765057165105712 -1.1806855368316256 0.001 0.12992410933644816
0.6263229846954346  seconds  1.084995168631007 -0.6754557601438175 0.001 0.1290654716728872
0.6855769157409668  seconds  1.2690929168081193 0.0935023242448059 0.001 0.129281169679278
0.5960144996643066  seconds  0.9731249533295647 0.8261902722514664 0.001 0.12969525173229043
0.6688187122344971  seconds  -0.9640699446838514 -0.8364772760978505 0.001 0.12955649864630323
0.6013648509979248  seconds  -0.28559317395032024 -1.2434119019832188 0.001 0.1294199743050091
0.6771395206451416  seconds  -1.2681001461563965 -0.10712829823808315 0.001 0.12939099541921914
0.6802387237548828  seconds  -1.0919058401485788 0.6642861252228686 0.001 0.12902148718474438
0.7174813747406006  seconds  0.29888156860882525 1.2400929466406856 0.001 0.13132142569998884
0.6588709354400635  seconds  0.5011074697289369 -1.1701787554359429 0.001 0.1291819204323872
0.7301943302154541  seconds  -0.488564598344667 1.175607325008535 0.001 0.12984144623734706
0.6372590065002441  seconds  1.098991821894201 -0.6525361665363505 0.001 0.12900416430942388
0.6396973133087158  seconds  1.2670224464763213 0.12016301559967688 0.001 0.1293085628682402
0.6140275001525879  seconds  0.9552966951535629 0.8462287612962601 0.001 0.1296497579573127
0.6360702514648438  seconds  -0.2594776264763813 -1.2494881736347285 0.001 0.12991294827013802
0.6709120273590088  seconds  -0.9460234969010586 -0.856314652805409 0.001 0.1305116697642974
0.5866875648498535  seconds  -1.2657634570545282 -0.1337691107265833 0.001 0.12923641808304415
0.5748333930969238  seconds  -1.1056465033141802 0.6412117152594542 0.001 0.12904826093969138
0.7075233459472656  seconds  0.2728377082510383 1.2464535220612243 0.001 0.12965732665766508
0.6520543098449707  seconds  0.5254925801840197 -1.1591914174118805 0.001 0.12901733651838754
0.6923842430114746  seconds  -0.5130613185108791 1.164864618828014 0.001 0.12894208218305064
0.5456018447875977  seconds  1.112462979967521 -0.6293032037184709 0.001 0.12903790711671
0.5891828536987305  seconds  1.2644304295485929 0.14678245100661325 0.001 0.12900879015355282
0.6052467823028564  seconds  0.9370446012951339 0.8658722830510182 0.001 0.13045440660541333
0.5372207164764404  seconds  -1.2629040427637723 -0.1603637157832188 0.001 0.12898762092081623
0.5365700721740723  seconds  -1.1188578535209854 0.6178301199078114 0.001 0.12905070271293378
0.5966432094573975  seconds  -0.9275599195791944 -0.8757543333128852 0.001 0.1307859068832592
0.6817097663879395  seconds  -0.2332300890041549 -1.2550012472321614 0.001 0.12964012802306177
0.5544593334197998  seconds  0.24665619857610446 1.2522554120236116 0.001 0.13051463301809038
0.5161705017089844  seconds  -0.5373378630521318 1.1536449411318557 0.001 0.12959269959903055
0.6301209926605225  seconds  0.5496538433010087 -1.1477307184724126 0.001 0.12994405074306226
0.5405862331390381  seconds  1.1254011384195723 -0.605769692826135 0.001 0.1290460706083079
0.5695381164550781  seconds  1.261314367900397 0.17335085225139182 0.001 0.129118432629544
0.5768530368804932  seconds  0.9183817753157367 0.8851156393853782 0.001 0.13077630161706258
0.6265873908996582  seconds  -1.1315329106672918 0.5941544545602558 0.001 0.12907596796120266
0.6346540451049805  seconds  -1.2595191807194366 -0.1869021613429252 0.001 0.12947914002589023
0.6307451725006104  seconds  -0.908692283468179 -0.8947914345619558 0.001 0.13864765208699015
0.6183650493621826  seconds  -0.20686212726257092 -1.2599428294442292 0.001 0.12913973017194452
0.5276415348052979  seconds  -0.561387004504273 1.1419551155475893 0.001 0.1303041099841815
0.5989952087402344  seconds  1.1377998270951046 -0.581949006424917 0.001 0.12908379645577175
0.696735143661499  seconds  0.22034828772450415 1.2574900085511653 0.001 0.12933646115070815
0.6472389698028564  seconds  0.5735840437302341 -1.135803203394613 0.001 0.13032105867893123
0.671072244644165  seconds  1.2576715249552057 0.19985811016826951 0.001 0.12946441181219268
0.6060168743133545  seconds  0.8993212619580322 0.9039542611997766 0.001 0.12970732241225275
0.6206021308898926  seconds  -1.2556059400539703 -0.21337414024217016 0.001 0.12953534630211927
0.661933183670044  seconds  -1.1436657006928053 0.5701983187406269 0.001 0.12905955514662443
0.6588406562805176  seconds  -0.8894335731453127 -0.9134216889671025 0.001 0.13303376406843384
0.6606965065002441  seconds  -0.1803858233548627 -1.264304844390879 0.001 0.12927362476040843
0.6332738399505615  seconds  -0.5852015954195541 1.1298015745425913 0.001 0.12994349163858193
0.592308759689331  seconds  1.1496536820277459 -0.5578549988084152 0.001 0.12901768363095673
0.6547162532806396  seconds  0.597275989236444 -1.1234149858255604 0.001 0.12918893458208683
0.6834311485290527  seconds  0.19392578691254161 1.2621490737896284 0.001 0.12913683272894494
0.5390539169311523  seconds  0.87987594031707 0.9223841234303047 0.001 0.1309578295340721
0.5914742946624756  seconds  1.2534986612000893 0.22629369931293494 0.001 0.12966204014669033
0.6326866149902344  seconds  -1.2511610307460315 -0.23976892307269818 0.001 0.12999682760662679
0.6428813934326172  seconds  -1.1552514078354914 0.5459757692854832 0.001 0.12900686496139774
0.663825511932373  seconds  -0.8697965507210532 -0.9316413186174876 0.001 0.1314700756104363
0.5971214771270752  seconds  1.160958293427246 -0.5335018323141808 0.001 0.12901907966879347
0.7238829135894775  seconds  -0.15381386685080503 -1.2680801909882224 0.001 0.12987851310477058
0.7611887454986572  seconds  -0.6087743297617527 1.1171900256326066 0.001 0.12941812454387502
0.5931730270385742  seconds  0.8600584686999365 0.9404016952859621 0.001 0.13321972549918934
0.6436033248901367  seconds  0.16740108732737075 1.266225025664356 0.001 0.1295243898090722
0.6645772457122803  seconds  0.6207223717047665 -1.1105716082291908 0.001 0.130059067780189
0.6152951717376709  seconds  1.2487924544303033 0.25264668194363193 0.001 0.1313002126589774
0.5852577686309814  seconds  -1.2461809892946611 -0.26607533046131143 0.001 0.12977310429383496
0.6007475852966309  seconds  -1.1662862271017016 0.5215011469176601 0.001 0.12914087123375928
0.5931136608123779  seconds  1.1717105509725698 -0.5089040404691116 0.001 0.1292371422714028
0.6641924381256104  seconds  -0.8497937367542476 -0.9494470209618034 0.001 0.13723717464012794
0.5937328338623047  seconds  -0.12715939363223003 -1.2712620667646528 0.001 0.13023480853473873
0.566870927810669  seconds  -0.6320979108706323 1.1041259146999651 0.001 0.1297538909128878
0.610241174697876  seconds  0.14078709663791186 1.2697108788746636 0.001 0.1303324211385702
0.6310224533081055  seconds  0.8398811633556423 0.9580038006734883 0.001 0.1481483114416017
0.6337153911590576  seconds  1.2435494791284991 0.27890567272218963 0.001 0.12933852372362278
0.6740038394927979  seconds  0.6439156974663387 -1.097278065525296 0.001 0.12957493671743261
0.613978385925293  seconds  -1.2406624458678348 -0.2922817564371114 0.001 0.13003721433243556
0.5809364318847656  seconds  -1.1767674065077 0.49678900613770915 0.001 0.1294818009475343
0.5348100662231445  seconds  1.1819081789440191 -0.4840762221219036 0.001 0.12927193383348795
0.5281546115875244  seconds  -0.10043606157460438 -1.2738449428222163 0.001 0.12950120028490128
0.6120076179504395  seconds  -0.8294372260602688 -0.9668357384915658 0.001 0.13119450793275791
0.6026828289031982  seconds  -0.655164721962646 1.0906139543476836 0.001 0.12958397603311045
0.5406494140625  seconds  0.8193559974170378 0.9751876004767834 0.001 0.14605765245968377
0.601445198059082  seconds  0.11409722140825071 1.2726004984686674 0.001 0.1298791319428757
0.5580787658691406  seconds  1.2377662513176857 0.30505881182978734 0.001 0.1315963524387565
0.5418078899383545  seconds  0.666848323448355 -1.083539001293734 0.001 0.1298132731436976
0.5453770160675049  seconds  -1.234601811174042 -0.3183760694838495 0.001 0.13009282946286568
0.5621688365936279  seconds  -1.1866933044554535 0.47185404818876114 0.001 0.1291804941074866
0.5315213203430176  seconds  1.1915500109636918 -0.45903308610302634 0.001 0.12908448064698225
0.5752358436584473  seconds  -0.07365789941876592 -1.2758239848183657 0.001 0.13028194935429646
0.5551700592041016  seconds  -0.8087388160559874 -0.983804786219717 0.001 0.13849167492837539
0.5590429306030273  seconds  0.7984944675700243 0.9919503852951043 0.001 0.13493535924510974
0.5396764278411865  seconds  0.08734529434920903 1.2748885600045754 0.001 0.12982859645581457
0.5426359176635742  seconds  1.2314392788332806 0.331093746004688 0.001 0.12947647984017857
0.5593798160552979  seconds  0.6895122029316023 -1.0693584089054116 0.001 0.13019695625642208
0.7109599113464355  seconds  -0.6779669382785989 1.0766584786541744 0.001 0.13004904356662736
0.5480823516845703  seconds  -1.227995823567532 -0.34434571061944985 0.001 0.12907332021983112
0.5074281692504883  seconds  -1.1960631134574522 0.4467109318379942 0.001 0.1292946250320236
0.5333807468414307  seconds  1.2006356911945866 -0.4337892552442961 0.001 0.12951402201219234
0.48184728622436523  seconds  -0.04683927636163769 -1.2771954589158856 0.001 0.13119624533987678
0.542137622833252  seconds  -0.7877097321022638 -1.0003514736597416 0.001 0.13234735090900843
0.5183322429656982  seconds  0.7773076707695089 1.0082896285138452 0.001 0.1314946512965725
0.5316119194030762  seconds  0.06054553004416904 1.2765708431493794 0.001 0.13046890311742187
0.5558812618255615  seconds  0.711899041090952 -1.0547400306683499 0.001 0.13152729909889943
0.6191303730010986  seconds  1.2245654427240091 0.35699769806722675 0.001 0.12900247153301544
0.6008610725402832  seconds  -0.700496360411795 1.0622632958468283 0.001 0.13028346772857205
0.516932487487793  seconds  -1.2208414560398622 -0.37017766417976006 0.001 0.12928513275713566
0.5430507659912109  seconds  -1.2048769935176409 0.4213742594383112 0.001 0.12981763297549864
0.535092830657959  seconds  1.2091659128069001 -0.4083592895552191 0.001 0.12967795301110166
0.5724203586578369  seconds  -0.019994813964600965 -1.2779567863135197 0.001 0.12990940664529577
0.622046709060669  seconds  -0.7663608443818097 -1.0164733097511094 0.001 0.13831357690712742
0.5799136161804199  seconds  0.7558061653434222 1.0242027419771014 0.001 0.13495623465179732
0.6016480922698975  seconds  0.03371243070093678 1.2776441604557887 0.001 0.13054196029089932
0.6571130752563477  seconds  0.7340000867415407 -1.039687143753062 0.001 0.13121398844794321
0.6246457099914551  seconds  1.2171417949413819 0.3827574208761192 0.001 0.12941280927744267
0.6212503910064697  seconds  -1.2131358986783212 -0.3958584521023644 0.001 0.12972630104133473
0.5980758666992188  seconds  -1.2131358986783214 0.395858452102364 0.001 0.12972630104134011
0.7086966037750244  seconds  -0.7227445463551169 1.047432024494482 0.001 0.13906665718471198
0.621856689453125  seconds  1.217141794941382 -0.38275742087611864 0.001 0.129412809277466
0.661492109298706  seconds  0.006860706503288447 -1.2781064522805623 0.001 0.12961091400240177
0.6062843799591064  seconds  0.7340000867415407 1.039687143753062 0.001 0.13121398844791765
0.6431214809417725  seconds  -0.7447024948642584 -1.0321677205611401 0.001 0.1388460129226881
0.6069083213806152  seconds  0.006860706503288163 1.2781064522805623 0.001 0.1296109140024037
0.5833795070648193  seconds  1.2091659128069 0.4083592895552196 0.001 0.12967795301108526
0.621894359588623  seconds  0.755806165343423 -1.0242027419771005 0.001 0.1349562346517964
0.5138416290283203  seconds  -0.7447024948642584 1.0321677205611395 0.001 0.13884601292207008
0.575634241104126  seconds  -1.2208414560398622 0.3701776641797596 0.001 0.1292851327571446
0.5977833271026611  seconds  -1.2048769935176402 -0.4213742594383122 0.001 0.12981763297551613
0.5515692234039307  seconds  1.2245654427240094 -0.35699769806722625 0.001 0.12900247153302122
0.4903407096862793  seconds  0.03371243070093791 -1.2776441604557887 0.001 0.13054196029086107
0.4993889331817627  seconds  0.7118990410909517 1.0547400306683503 0.001 0.1315272990988974
0.5687727928161621  seconds  -0.7227445463551162 -1.0474320244944828 0.001 0.1390666571862651
0.6335556507110596  seconds  -0.019994813964601815 1.2779567863135195 0.001 0.12990940664529674
0.6218199729919434  seconds  1.2006356911945866 0.4337892552442967 0.001 0.12951402201217452
0.6768243312835693  seconds  0.777307670769509 -1.0082896285138445 0.001 0.13149465129655727
0.6835448741912842  seconds  -0.7663608443818098 1.0164733097511092 0.001 0.1383135769071295
0.6418492794036865  seconds  -1.2279958235675321 0.34434571061944885 0.001 0.1290733202198341
0.653085470199585  seconds  -1.196063113457452 -0.4467109318379946 0.001 0.12929462503203534
0.6329472064971924  seconds  1.2314392788332809 -0.33109374600468744 0.001 0.1294764798401782
0.6492054462432861  seconds  0.060545530044169606 -1.2765708431493792 0.001 0.13046890311741705
0.6218357086181641  seconds  0.6895122029316013 1.069358408905412 0.001 0.1301969562563924
0.5867152214050293  seconds  -0.7004963604117941 -1.062263295846829 0.001 0.1302834677285782
0.6522922515869141  seconds  -0.04683927636163769 1.2771954589158858 0.001 0.13119624533987848
0.6924712657928467  seconds  1.1915500109636916 0.4590330861030269 0.001 0.12908448064698594
0.6214783191680908  seconds  0.7984944675700244 -0.9919503852951043 0.001 0.13493535924509453
0.620100736618042  seconds  -1.2346018111740424 0.31837606948384917 0.001 0.1300928294628896
0.6864113807678223  seconds  -0.7877097321022642 1.000351473659741 0.001 0.13234735090896063
0.6902947425842285  seconds  -1.1866933044554533 -0.47185404818876103 0.001 0.1291804941074963
0.6292459964752197  seconds  0.08734529434920932 -1.2748885600045754 0.001 0.12982859645574538
0.6847455501556396  seconds  1.237766251317686 -0.3050588118297867 0.001 0.1315963524386944
0.6345846652984619  seconds  -0.6779669382785983 -1.0766584786541744 0.001 0.1300490435666278
0.6769680976867676  seconds  0.6668483234483545 1.0835390012937345 0.001 0.12981327314369337
0.6553969383239746  seconds  -0.07365789941876649 1.2758239848183661 0.001 0.13028194935430187
0.5283782482147217  seconds  -1.2406624458678348 0.2922817564371104 0.001 0.13003721433248072
0.5812768936157227  seconds  0.8193559974170384 -0.9751876004767831 0.001 0.14605765245840507
0.5697097778320312  seconds  -0.8087388160559879 0.9838047862197162 0.001 0.13849167492837014
0.5856161117553711  seconds  -1.1767674065076996 -0.4967890061377096 0.001 0.12948180094755402
0.7477686405181885  seconds  1.181908178944019 0.4840762221219041 0.001 0.12927193383347277
0.5905044078826904  seconds  0.11409722140825154 -1.2726004984686667 0.001 0.12987913194287143
0.6245718002319336  seconds  1.2435494791284993 -0.2789056727221885 0.001 0.12933852372363855
0.6034328937530518  seconds  0.643915697466338 1.0972780655252963 0.001 0.12957493671743325
0.6367447376251221  seconds  -0.6551647219626455 -1.090613954347684 0.001 0.12958397603311148
0.5969853401184082  seconds  -1.246180989294661 0.2660753304613112 0.001 0.1297731042938749
0.7409510612487793  seconds  -0.10043606157460536 1.2738449428222165 0.001 0.1295012002849056
0.6101589202880859  seconds  -0.8294372260602695 0.9668357384915655 0.001 0.13119450793276385
0.700477123260498  seconds  0.8398811633556433 -0.9580038006734877 0.001 0.14814831143671464
0.6200621128082275  seconds  0.14078709663791242 -1.2697108788746634 0.001 0.13033242113856877
0.6364521980285645  seconds  -1.1662862271017012 -0.5215011469176611 0.001 0.12914087123376064
0.699901819229126  seconds  1.2487924544303035 -0.2526466819436313 0.001 0.13130021265890604
0.5996112823486328  seconds  0.6207223717047665 1.110571608229191 0.001 0.13005906778014406
0.8284411430358887  seconds  1.1717105509725696 0.5089040404691122 0.001 0.12923714227139732
0.6848020553588867  seconds  -0.6320979108706317 -1.1041259146999651 0.001 0.12975389091289127
0.6331684589385986  seconds  -1.2511610307460317 0.2397689230726977 0.001 0.12999682760664236
0.6311275959014893  seconds  -0.8497937367542477 0.949447020961803 0.001 0.13723717464013238
0.6649506092071533  seconds  -0.1271593936322303 1.271262066764653 0.001 0.13023480853473812
0.577812910079956  seconds  -1.155251407835491 -0.5459757692854842 0.001 0.1290068649613987
0.6586833000183105  seconds  0.860058468699937 -0.9404016952859616 0.001 0.13321972549916541
0.6293282508850098  seconds  0.16740108732737188 -1.2662250256643557 0.001 0.12952438980907133
0.5896708965301514  seconds  1.2534986612000893 -0.2262936993129344 0.001 0.12966204014669025
0.638392448425293  seconds  0.5972759892364431 1.1234149858255607 0.001 0.1291889345820856
0.6691007614135742  seconds  1.1609582934272458 0.5335018323141811 0.001 0.12901907966879586
0.6298742294311523  seconds  -0.6087743297617522 -1.1171900256326066 0.001 0.12941812454387808
0.6984937191009521  seconds  -1.2556059400539703 0.21337414024216916 0.001 0.12953534630211785
0.5629794597625732  seconds  -1.1436657006928048 -0.5701983187406273 0.001 0.12905955514662668
0.6048069000244141  seconds  -0.869796550721053 0.9316413186174878 0.001 0.13147007561043852
0.5485274791717529  seconds  0.19392578691254195 -1.262149073789628 0.001 0.1291368327289448
0.6405401229858398  seconds  -0.15381386685080564 1.2680801909882224 0.001 0.12987851310477525
0.6411833763122559  seconds  0.8798759403170704 -0.9223841234303044 0.001 0.1309578295340685
0.5500741004943848  seconds  1.2576715249552062 -0.19985811016826902 0.001 0.12946441181219967
0.5544824600219727  seconds  0.5735840437302331 1.135803203394614 0.001 0.13032105867891322
0.5767936706542969  seconds  -0.5852015954195541 -1.1298015745425913 0.001 0.12994349163858204
0.6075489521026611  seconds  1.1496536820277454 0.5578549988084157 0.001 0.12901768363095878
0.5774667263031006  seconds  -1.1315329106672918 -0.5941544545602556 0.001 0.12907596796120344
0.635662317276001  seconds  -1.2595191807194366 0.18690216134292428 0.001 0.12947914002587663
0.6919777393341064  seconds  -0.8894335731453135 0.9134216889671021 0.001 0.1330337640684323
0.6089060306549072  seconds  1.2613143679003973 -0.17335085225139074 0.001 0.12911843262954653
0.712540864944458  seconds  0.22034828772450443 -1.257490008551165 0.001 0.12933646115070827
0.6675286293029785  seconds  0.8993212619580329 -0.9039542611997764 0.001 0.12970732241225016
0.7054140567779541  seconds  -0.1803858233548638 1.2643048443908786 0.001 0.1292736247604119
0.700249433517456  seconds  0.5496538433010086 1.1477307184724126 0.001 0.1299440507430651
0.7023625373840332  seconds  -0.5613870045042725 -1.1419551155475895 0.001 0.1303041099841811
0.7547366619110107  seconds  1.1377998270951044 0.5819490064249175 0.001 0.1290837964557732
0.5491771697998047  seconds  -1.262904042763772 0.16036371578321842 0.001 0.1289876209208161
0.6158075332641602  seconds  -1.1188578535209854 -0.6178301199078118 0.001 0.12905070271293315
0.5896100997924805  seconds  -0.9086922834681798 0.8947914345619551 0.001 0.13864765208699045
0.5832977294921875  seconds  1.264430429548593 -0.1467824510066127 0.001 0.12900879015355063
0.5967261791229248  seconds  -0.2068621272625711 1.2599428294442294 0.001 0.1291397301719455
0.6184604167938232  seconds  0.9183817753157374 -0.8851156393853781 0.001 0.13077630161706003
0.5499422550201416  seconds  0.5254925801840189 1.159191417411881 0.001 0.1290173365183912
0.8214306831359863  seconds  0.24665619857610532 -1.2522554120236116 0.001 0.13051463301809071
0.6027429103851318  seconds  -0.5373378630521313 -1.1536449411318557 0.001 0.12959269959903028
0.5601766109466553  seconds  -1.2657634570545282 0.13376911072658315 0.001 0.1292364180830319
0.4803333282470703  seconds  1.2670224464763211 -0.1201630155996763 0.001 0.12930856286824816
0.6305820941925049  seconds  -1.10564650331418 -0.6412117152594551 0.001 0.12904826093969163
0.7516491413116455  seconds  1.1254011384195721 0.6057696928261362 0.001 0.12904607060831
0.5733864307403564  seconds  -0.9275599195791946 0.8757543333128848 0.001 0.13078590688327565
0.41841673851013184  seconds  0.5011074697289359 1.1701787554359433 0.001 0.12918192043239
0.5337851047515869  seconds  -0.23323008900415573 1.2550012472321612 0.001 0.12964012802306255
0.5440599918365479  seconds  0.9370446012951341 -0.8658722830510175 0.001 0.1304544066054136
0.5643892288208008  seconds  0.27283770825103865 -1.2464535220612238 0.001 0.1296573266576678
0.5633299350738525  seconds  -0.513061318510878 -1.1648646188280145 0.001 0.1289420821830503
0.5324115753173828  seconds  -1.2681001461563968 0.10712829823808216 0.001 0.12939099541921192
0.5697572231292725  seconds  1.2690929168081193 -0.09350232424480533 0.001 0.12928116967927075
0.5655779838562012  seconds  0.4765057165105707 1.1806855368316258 0.001 0.12992410933644954
0.6151022911071777  seconds  -1.0919058401485788 -0.6642861252228686 0.001 0.12902148718474682
0.5801739692687988  seconds  -0.9460234969010589 0.856314652805409 0.001 0.13051166976436043
0.6143274307250977  seconds  -0.2594776264763813 1.2494881736347285 0.001 0.12991294827014
0.6508195400238037  seconds  1.112462979967521 0.6293032037184714 0.001 0.12903790711671306
0.5919091701507568  seconds  0.9552966951535633 -0.8462287612962597 0.001 0.12964975795731443
0.6152071952819824  seconds  0.2988815686088252 -1.2400929466406856 0.001 0.13132142569999422
0.58925461769104  seconds  -0.4885645983446666 -1.1756073250085355 0.001 0.12984144623734784
0.5414624214172363  seconds  -1.269916305373036 0.08045089790142108 0.001 0.12932000018938486
0.5225374698638916  seconds  1.2706439440111414 -0.06680986367276164 0.001 0.129283688114995
0.541034460067749  seconds  -1.0776439119890895 -0.6870408606508294 0.001 0.129176940950779
0.5592668056488037  seconds  0.45169470989783644 1.1907042013293172 0.001 0.12959982172937903
0.6120808124542236  seconds  -0.9640699446838521 0.8364772760978497 0.001 0.12955649864630484
0.5791361331939697  seconds  1.0989918218942007 0.652536166536351 0.001 0.1290041643094254
0.5938067436218262  seconds  -0.2855931739503208 1.2434119019832186 0.001 0.1294199743050142
0.5907893180847168  seconds  0.9731249533295651 -0.8261902722514659 0.001 0.12969525173229465
0.6297633647918701  seconds  0.3247771200177728 -1.2331826518773485 0.001 0.12986408020368972
0.5924708843231201  seconds  -1.2712138221528864 0.05374627580131722 0.001 0.12922051665660453
0.6476602554321289  seconds  -0.46385502377819304 -1.1858657486289084 0.001 0.12991742418326643
0.5922567844390869  seconds  1.2716770577194787 -0.040094879229963284 0.001 0.12922775761983157
0.6242458820343018  seconds  -1.0628697425552225 -0.7094641188920651 0.001 0.1295181624411208
0.6722214221954346  seconds  0.4266820351494751 1.2002267368513138 0.001 0.12942041211685312
0.6274402141571045  seconds  -0.3115657959607346 1.2367813394451632 0.001 0.13026825197587585
0.6745307445526123  seconds  -0.9816861665033897 0.8162477293665433 0.001 0.1304134618183058
0.6507554054260254  seconds  1.0849951686310066 0.6754557601438178 0.001 0.12906547167288687
0.6904234886169434  seconds  0.9905163373876593 -0.8057627232235371 0.001 0.1304168800733161
0.5672657489776611  seconds  0.35051425520547275 -1.22573172919904 0.001 0.1290294898739588
0.5496025085449219  seconds  -1.2719940625724229 0.02702358983045366 0.001 0.12935490744342415
0.5814824104309082  seconds  -0.4389400136826275 -1.195631949838427 0.001 0.1294871907740369
0.5752272605895996  seconds  1.2721933387720945 -0.013366449732750064 0.001 0.1295494906138143
0.6400833129882812  seconds  -1.0475931535895402 -0.7315447731349332 0.001 0.1298953431951399
0.6355304718017578  seconds  0.4014755428948495 1.209244719800838 0.001 0.12939910107382557
0.5985150337219238  seconds  -0.9988591585459666 0.7956322557913513 0.001 0.13049782196886517
0.6435937881469727  seconds  -0.33738510243186287 1.2296055076067933 0.001 0.129330192535276
0.6515886783599854  seconds  1.0704815224069797 0.6980498022990483 0.001 0.12930664195540545
0.6489276885986328  seconds  1.0074579445494023 -0.7849527472387235 0.001 0.12996237839929653
0.5653555393218994  seconds  0.37608341143955515 -1.2177493637782613 0.001 0.12912003604407465
0.58756422996521  seconds  -1.2722578497049464 0.0002918571845507145 0.001 0.1296917838735398
0.6335251331329346  seconds  -0.41382730672691453 -1.2048977571067991 0.001 0.1294232828826854
0.5493597984313965  seconds  -1.0155761929221467 0.7746379134021645 0.001 0.1296926141538404
0.6212842464447021  seconds  -0.36304124144188354 1.2218935114529836 0.001 0.1289566625463607
0.6343305110931396  seconds  1.0554603357996346 0.72030683194673 0.001 0.12974810274440116
0.6346466541290283  seconds  1.0239372169655918 -0.7637678184341624 0.001 0.1295421650670719
0.543414831161499  seconds  -1.0318248720781384 0.753272554457444 0.001 0.1297730341088671
0.5061347484588623  seconds  -0.38852492498576935 1.2136545887845724 0.001 0.12921718950711486
0.6344280242919922  seconds  1.0399419217275105 0.7422161629727886 0.001 0.12982131511806172
time for calc.... 20.87286639213562
218.82user 65.23system 2:07.01elapsed 223%CPU (0avgtext+0avgdata 9608208maxresident)k
0inputs+2776outputs (65major+5282076minor)pagefaults 0swaps
