Machine arg is, UBU
Machine arg is, UBU
started calculating filling for chemical potential and dispersion parameters TB_single_band..
Machine arg is, UBU
reading lattice from... ./Lattices/KgridX400.npy
reading lattice from... ./Lattices/KgridY400.npy
Machine arg is, UBU
reading lattice from... ./Lattices/KgridX400.npy
reading lattice from... ./Lattices/KgridY400.npy
norm of Dos, 42.951937478998964 45.58575006211245
sum of the hist, normed? 42.951937478998964
finished calculating filling for chemical potential
Filling: 0.11117899737529534 .... chemical potential: -202.01251028424417
Machine arg is, UBU
reading lattice from... ./Lattices/KgridX400.npy
reading lattice from... ./Lattices/KgridY400.npy
sum of the hist, normed? 1.0000000000000024
The fermi energy in mev is: 671.1906436609156, and in units of J: 64.91205451266109, the bandwidth is:494.39071566731144
starting contour.....
finished contour..... 1.8634424209594727
Machine arg is, UBU
ED starting sampling in reciprocal space....
starting high res contour.....
attempting countour of size 10280
number of sheets..... 1
contour size before interpolation..... 17481
finished high res contour..... 8.943373441696167
range of angles from marching squares -3.1413632526240227 3.141363252624023
comparing volume elements 

0.024543692606170175
0.0005523776512098447 0.0005534565138098798
shapes, are they adequate? (1025, 257) 1025 257
finished sampling in reciprocal space....t= 8.982959270477295  s


differentials, dr= 0.0005534565138098798   dth= 0.024543692606170175


energy at the point.. -0.6355706541390527 -1.1021295089091696  is  -2.933378311809065e-05
75 the points 6 chunk numtheads
starting with calculation of Sigma
0.299328088760376  seconds  -0.6355706541390527 -1.1021295089091696 0.8 0.13400751414958578
0.36266064643859863  seconds  -0.6355706541390527 -1.1021295089091696 0.0 0.13132274204770283
0.35953640937805176  seconds  -0.6355706541390527 -1.1021295089091696 1.6 0.1462221565877848
0.3466634750366211  seconds  -0.6355706541390527 -1.1021295089091696 4.0 0.19095683956784293
0.36860060691833496  seconds  -0.6355706541390527 -1.1021295089091696 5.6000000000000005 0.20446303422651388
0.39110231399536133  seconds  -0.6355706541390527 -1.1021295089091696 4.800000000000001 0.1974454542709469
0.4906494617462158  seconds  -0.6355706541390527 -1.1021295089091696 3.2 0.1760374167965975
0.5181005001068115  seconds  -0.6355706541390527 -1.1021295089091696 2.4000000000000004 0.15971086854604052
0.5193064212799072  seconds  -0.6355706541390527 -1.1021295089091696 6.4 0.2091804035420977
0.5788285732269287  seconds  -0.6355706541390527 -1.1021295089091696 8.0 0.21311309863241198
0.6749422550201416  seconds  -0.6355706541390527 -1.1021295089091696 7.2 0.21019524267556336
0.5410206317901611  seconds  -0.6355706541390527 -1.1021295089091696 1.8 0.14963001917365693
0.6165399551391602  seconds  -0.6355706541390527 -1.1021295089091696 1.0 0.13800729788268828
0.5626797676086426  seconds  -0.6355706541390527 -1.1021295089091696 0.2 0.13539535075154285
0.5632350444793701  seconds  -0.6355706541390527 -1.1021295089091696 10.4 0.2170315977607016
0.6992862224578857  seconds  -0.6355706541390527 -1.1021295089091696 9.600000000000001 0.21636424082609806
0.552154541015625  seconds  -0.6355706541390527 -1.1021295089091696 5.800000000000001 0.20802408631224675
0.7737212181091309  seconds  -0.6355706541390527 -1.1021295089091696 8.8 0.2149203627041744
0.6385233402252197  seconds  -0.6355706541390527 -1.1021295089091696 4.2 0.19249948951568727
0.6280796527862549  seconds  -0.6355706541390527 -1.1021295089091696 11.200000000000001 0.217253671272173
0.5571193695068359  seconds  -0.6355706541390527 -1.1021295089091696 3.4000000000000004 0.17873011992960156
0.5573759078979492  seconds  -0.6355706541390527 -1.1021295089091696 2.6 0.16530150935719107
0.6512184143066406  seconds  -0.6355706541390527 -1.1021295089091696 5.0 0.19959652098126396
0.6793015003204346  seconds  -0.6355706541390527 -1.1021295089091696 12.0 0.21739077767139128
0.6205973625183105  seconds  -0.6355706541390527 -1.1021295089091696 6.6000000000000005 0.2089625990516
0.5889887809753418  seconds  -0.6355706541390527 -1.1021295089091696 8.200000000000001 0.2124482166498675
0.5833461284637451  seconds  -0.6355706541390527 -1.1021295089091696 7.4 0.21023117348820822
0.5730020999908447  seconds  -0.6355706541390527 -1.1021295089091696 2.0 0.17128738914783148
0.612177848815918  seconds  -0.6355706541390527 -1.1021295089091696 10.600000000000001 0.21566483485875795
0.6407124996185303  seconds  -0.6355706541390527 -1.1021295089091696 0.4 0.12938266203828833
0.5527381896972656  seconds  -0.6355706541390527 -1.1021295089091696 6.0 0.2072016194337146
0.592620849609375  seconds  -0.6355706541390527 -1.1021295089091696 11.4 0.2161545538516493
0.6091949939727783  seconds  -0.6355706541390527 -1.1021295089091696 9.0 0.21386713333669793
0.5649020671844482  seconds  -0.6355706541390527 -1.1021295089091696 5.2 0.20060043552707946
0.6666479110717773  seconds  -0.6355706541390527 -1.1021295089091696 9.8 0.21497671606864022
0.5981523990631104  seconds  -0.6355706541390527 -1.1021295089091696 3.6 0.18257430260728133
0.7775743007659912  seconds  -0.6355706541390527 -1.1021295089091696 1.2000000000000002 0.1385331282268722
0.6695375442504883  seconds  -0.6355706541390527 -1.1021295089091696 4.4 0.19989473331056196
0.6442902088165283  seconds  -0.6355706541390527 -1.1021295089091696 2.8000000000000003 0.1689184549079474
0.5586440563201904  seconds  -0.6355706541390527 -1.1021295089091696 6.800000000000001 0.20923381873757077
0.7040741443634033  seconds  -0.6355706541390527 -1.1021295089091696 12.200000000000001 0.21661367580048077
0.5759124755859375  seconds  -0.6355706541390527 -1.1021295089091696 8.4 0.2142150540295672
0.5929479598999023  seconds  -0.6355706541390527 -1.1021295089091696 7.6000000000000005 0.21162640041379688
0.5571994781494141  seconds  -0.6355706541390527 -1.1021295089091696 2.2 0.15661963490930683
0.5872049331665039  seconds  -0.6355706541390527 -1.1021295089091696 10.8 0.2172579429979754
0.5911498069763184  seconds  -0.6355706541390527 -1.1021295089091696 6.2 0.2123874046335271
0.6210355758666992  seconds  -0.6355706541390527 -1.1021295089091696 0.6000000000000001 0.1315511404139647
0.6169686317443848  seconds  -0.6355706541390527 -1.1021295089091696 11.600000000000001 0.21738669825714696
0.5889906883239746  seconds  -0.6355706541390527 -1.1021295089091696 5.4 0.20396005653905191
0.6236436367034912  seconds  -0.6355706541390527 -1.1021295089091696 9.200000000000001 0.21582828429893988
0.5899760723114014  seconds  -0.6355706541390527 -1.1021295089091696 3.8000000000000003 0.18549452803341665
0.60361647605896  seconds  -0.6355706541390527 -1.1021295089091696 10.0 0.21685102533118047
0.6009106636047363  seconds  -0.6355706541390527 -1.1021295089091696 4.6000000000000005 0.19618078560751495
0.636786699295044  seconds  -0.6355706541390527 -1.1021295089091696 1.4000000000000001 0.14085864433867398
0.5938577651977539  seconds  -0.6355706541390527 -1.1021295089091696 3.0 0.17671921614605623
0.5519981384277344  seconds  -0.6355706541390527 -1.1021295089091696 7.0 0.20917375133532137
0.4133596420288086  seconds  -0.6355706541390527 -1.1021295089091696 7.800000000000001 0.2112282991114227
0.4808661937713623  seconds  -0.6355706541390527 -1.1021295089091696 8.6 0.21294973842612003
0.5499022006988525  seconds  -0.6355706541390527 -1.1021295089091696 12.4 0.21740935414247922
0.3785836696624756  seconds  -0.6355706541390527 -1.1021295089091696 12.8 0.21737776281649357
0.296405553817749  seconds  -0.6355706541390527 -1.1021295089091696 13.600000000000001 0.21833936604687876
0.2718806266784668  seconds  -0.6355706541390527 -1.1021295089091696 14.4 0.21899812074850528
0.3818016052246094  seconds  -0.6355706541390527 -1.1021295089091696 11.0 0.21568017687988256
0.23725485801696777  seconds  -0.6355706541390527 -1.1021295089091696 10.200000000000001 0.21508047160969598
0.27425551414489746  seconds  -0.6355706541390527 -1.1021295089091696 11.8 0.21619581404142516
0.26886963844299316  seconds  -0.6355706541390527 -1.1021295089091696 9.4 0.21420350335279598
0.1343214511871338  seconds  -0.6355706541390527 -1.1021295089091696 12.600000000000001 0.21673471841798062
0.12161064147949219  seconds  -0.6355706541390527 -1.1021295089091696 13.8 0.2197445817011293
0.11854434013366699  seconds  -0.6355706541390527 -1.1021295089091696 14.600000000000001 0.21987266239775313
0.1392688751220703  seconds  -0.6355706541390527 -1.1021295089091696 13.0 0.21731531777310129
0.10692954063415527  seconds  -0.6355706541390527 -1.1021295089091696 14.0 0.21866538915899753
0.1068563461303711  seconds  -0.6355706541390527 -1.1021295089091696 14.8 0.21895846186055787
0.10738325119018555  seconds  -0.6355706541390527 -1.1021295089091696 13.200000000000001 0.2175925123851392
0.10217952728271484  seconds  -0.6355706541390527 -1.1021295089091696 14.200000000000001 0.22001030876236904
0.11739134788513184  seconds  -0.6355706541390527 -1.1021295089091696 13.4 0.21821455057589437
time for calc.... 3.0412187576293945
energy at the point.. -0.7514054914896418 -1.027379400260756  is  -2.8828297160998773e-05
75 the points 6 chunk numtheads
starting with calculation of Sigma
0.295914888381958  seconds  -0.7514054914896418 -1.027379400260756 4.0 0.19073563640769806
0.36365342140197754  seconds  -0.7514054914896418 -1.027379400260756 2.4000000000000004 0.1596798852281589
0.4156229496002197  seconds  -0.7514054914896418 -1.027379400260756 0.8 0.1330758854975099
0.37949323654174805  seconds  -0.7514054914896418 -1.027379400260756 3.2 0.1763476866328319
0.4531383514404297  seconds  -0.7514054914896418 -1.027379400260756 0.0 0.13056158853175368
0.47212696075439453  seconds  -0.7514054914896418 -1.027379400260756 1.6 0.1477472470650199
0.4670891761779785  seconds  -0.7514054914896418 -1.027379400260756 6.4 0.2093289109469374
0.5304827690124512  seconds  -0.7514054914896418 -1.027379400260756 4.800000000000001 0.19832488447957838
0.5253629684448242  seconds  -0.7514054914896418 -1.027379400260756 5.6000000000000005 0.20458257626044407
0.5260887145996094  seconds  -0.7514054914896418 -1.027379400260756 7.2 0.210303010371073
0.5532128810882568  seconds  -0.7514054914896418 -1.027379400260756 8.0 0.2125218920999352
0.5518910884857178  seconds  -0.7514054914896418 -1.027379400260756 4.2 0.19134112894808547
0.5368285179138184  seconds  -0.7514054914896418 -1.027379400260756 3.4000000000000004 0.17998084058971672
0.6549124717712402  seconds  -0.7514054914896418 -1.027379400260756 8.8 0.21468140803140418
0.5770885944366455  seconds  -0.7514054914896418 -1.027379400260756 2.6 0.1662024272134556
0.5636622905731201  seconds  -0.7514054914896418 -1.027379400260756 1.0 0.13706031941663166
0.6145546436309814  seconds  -0.7514054914896418 -1.027379400260756 0.2 0.12957143230594853
0.5960628986358643  seconds  -0.7514054914896418 -1.027379400260756 1.8 0.149845128479679
0.6969466209411621  seconds  -0.7514054914896418 -1.027379400260756 10.4 0.21718641125518873
0.5606863498687744  seconds  -0.7514054914896418 -1.027379400260756 5.0 0.19984090785832043
0.571605920791626  seconds  -0.7514054914896418 -1.027379400260756 6.6000000000000005 0.21063420705849303
0.5648627281188965  seconds  -0.7514054914896418 -1.027379400260756 5.800000000000001 0.20633055796946517
0.8489673137664795  seconds  -0.7514054914896418 -1.027379400260756 9.600000000000001 0.21667042627403
0.5565640926361084  seconds  -0.7514054914896418 -1.027379400260756 7.4 0.21109310951290167
0.8098478317260742  seconds  -0.7514054914896418 -1.027379400260756 11.200000000000001 0.2177961833016484
0.6015479564666748  seconds  -0.7514054914896418 -1.027379400260756 8.200000000000001 0.21218088284703235
0.7508914470672607  seconds  -0.7514054914896418 -1.027379400260756 12.0 0.21808186532376037
0.5373709201812744  seconds  -0.7514054914896418 -1.027379400260756 3.6 0.18284616438988838
0.5388908386230469  seconds  -0.7514054914896418 -1.027379400260756 1.2000000000000002 0.13854602534829247
0.5805573463439941  seconds  -0.7514054914896418 -1.027379400260756 9.0 0.21352385016134626
0.5315525531768799  seconds  -0.7514054914896418 -1.027379400260756 0.4 0.13571477170538138
0.7107803821563721  seconds  -0.7514054914896418 -1.027379400260756 4.4 0.19525500096081055
0.6619236469268799  seconds  -0.7514054914896418 -1.027379400260756 2.8000000000000003 0.1740145782955219
0.5053589344024658  seconds  -0.7514054914896418 -1.027379400260756 5.2 0.20145470572135893
0.5234408378601074  seconds  -0.7514054914896418 -1.027379400260756 6.0 0.2062532478249848
0.603184700012207  seconds  -0.7514054914896418 -1.027379400260756 10.600000000000001 0.21566879936884686
0.5405764579772949  seconds  -0.7514054914896418 -1.027379400260756 7.6000000000000005 0.21157547428145485
0.7510552406311035  seconds  -0.7514054914896418 -1.027379400260756 2.0 0.15335795361934368
0.7149064540863037  seconds  -0.7514054914896418 -1.027379400260756 6.800000000000001 0.21013547358724094
0.6692855358123779  seconds  -0.7514054914896418 -1.027379400260756 9.8 0.21482308362175245
0.602332592010498  seconds  -0.7514054914896418 -1.027379400260756 11.4 0.21628046561410638
0.6555490493774414  seconds  -0.7514054914896418 -1.027379400260756 8.4 0.21321417321149244
0.5955109596252441  seconds  -0.7514054914896418 -1.027379400260756 3.8000000000000003 0.1861085345237455
0.6780321598052979  seconds  -0.7514054914896418 -1.027379400260756 12.200000000000001 0.21679206488558098
0.5654408931732178  seconds  -0.7514054914896418 -1.027379400260756 0.6000000000000001 0.13118130974074685
0.6457679271697998  seconds  -0.7514054914896418 -1.027379400260756 1.4000000000000001 0.14084192073952134
0.639129638671875  seconds  -0.7514054914896418 -1.027379400260756 9.200000000000001 0.21615170927519176
0.6063206195831299  seconds  -0.7514054914896418 -1.027379400260756 3.0 0.17364915430016287
0.6094131469726562  seconds  -0.7514054914896418 -1.027379400260756 4.6000000000000005 0.19753125419214224
0.5617437362670898  seconds  -0.7514054914896418 -1.027379400260756 5.4 0.2039491360627812
0.5179145336151123  seconds  -0.7514054914896418 -1.027379400260756 6.2 0.21100938342969336
0.5307290554046631  seconds  -0.7514054914896418 -1.027379400260756 10.8 0.2175138222439276
0.5022051334381104  seconds  -0.7514054914896418 -1.027379400260756 2.2 0.16165856565000988
0.5606412887573242  seconds  -0.7514054914896418 -1.027379400260756 7.800000000000001 0.2123448592628123
0.5201358795166016  seconds  -0.7514054914896418 -1.027379400260756 7.0 0.2102609090798845
0.5404720306396484  seconds  -0.7514054914896418 -1.027379400260756 10.0 0.21692407039344808
0.4503965377807617  seconds  -0.7514054914896418 -1.027379400260756 11.600000000000001 0.21801902399059914
0.37954187393188477  seconds  -0.7514054914896418 -1.027379400260756 12.4 0.21795574524014524
0.4246692657470703  seconds  -0.7514054914896418 -1.027379400260756 8.6 0.21253133914657824
0.36168599128723145  seconds  -0.7514054914896418 -1.027379400260756 12.8 0.2177744416005949
0.30719518661499023  seconds  -0.7514054914896418 -1.027379400260756 13.600000000000001 0.21822548712790357
0.26378726959228516  seconds  0.3895111083984375-0.7514054914896418  -1.027379400260756  seconds 11.0  0.21590833543031585
-0.7514054914896418 -1.027379400260756 9.4 0.21424565800884451
0.32610464096069336  seconds  -0.7514054914896418 -1.027379400260756 14.4 0.21900620293621564
0.17620539665222168  seconds  -0.7514054914896418 -1.027379400260756 11.8 0.216484473969262
0.2072467803955078  seconds  -0.7514054914896418 -1.027379400260756 10.200000000000001 0.21518752636867466
0.17243504524230957  seconds  -0.7514054914896418 -1.027379400260756 12.600000000000001 0.21705240973108195
0.14569354057312012  seconds  -0.7514054914896418 -1.027379400260756 13.0 0.21749116995853146
0.1486964225769043  seconds  -0.7514054914896418 -1.027379400260756 13.8 0.21863658544745257
0.11553525924682617  seconds  -0.7514054914896418 -1.027379400260756 14.600000000000001 0.21981674467916523
0.10499835014343262  seconds  -0.7514054914896418 -1.027379400260756 13.200000000000001 0.21771131451157502
0.1041560173034668  seconds  -0.7514054914896418 -1.027379400260756 14.0 0.21882453064710297
0.10414457321166992  seconds  -0.7514054914896418 -1.027379400260756 14.8 0.2192104462270148
0.10272717475891113  seconds  -0.7514054914896418 -1.027379400260756 13.4 0.21780800365138162
0.10329818725585938  seconds  -0.7514054914896418 -1.027379400260756 14.200000000000001 0.21925657267608606
time for calc.... 3.094095468521118
energy at the point.. -0.8570621468926554 -0.9430614203119158  is  -3.796405252387558e-05
75 the points 6 chunk numtheads
starting with calculation of Sigma
0.3028290271759033  seconds  -0.8570621468926554 -0.9430614203119158 0.0 0.12985727696610816
0.35731053352355957  seconds  -0.8570621468926554 -0.9430614203119158 2.4000000000000004 0.16172131321559782
0.4114363193511963  seconds  -0.8570621468926554 -0.9430614203119158 0.8 0.133557471189532
0.3738985061645508  seconds  -0.8570621468926554 -0.9430614203119158 4.0 0.1889248717109967
0.4334447383880615  seconds  -0.8570621468926554 -0.9430614203119158 1.6 0.14683768573458583
0.4711592197418213  seconds  -0.8570621468926554 -0.9430614203119158 3.2 0.18343824045518128
0.4410696029663086  seconds  -0.8570621468926554 -0.9430614203119158 5.6000000000000005 0.2067787078690938
0.5101025104522705  seconds  -0.8570621468926554 -0.9430614203119158 6.4 0.20792151041942117
0.6507613658905029  seconds  -0.8570621468926554 -0.9430614203119158 4.800000000000001 0.19794937846423252
0.5980303287506104  seconds  -0.8570621468926554 -0.9430614203119158 8.0 0.21188451433239297
0.6805181503295898  seconds  -0.8570621468926554 -0.9430614203119158 7.2 0.21199908169356657
0.6162164211273193  seconds  -0.8570621468926554 -0.9430614203119158 8.8 0.21302983101726788
0.5240457057952881  seconds  -0.8570621468926554 -0.9430614203119158 4.2 0.1917693743561954
0.5170507431030273  seconds  -0.8570621468926554 -0.9430614203119158 1.8 0.1494607805354327
0.6737284660339355  seconds  -0.8570621468926554 -0.9430614203119158 0.2 0.14309039942300172
0.6879281997680664  seconds  -0.8570621468926554 -0.9430614203119158 9.600000000000001 0.21488115445670328
0.5982365608215332  seconds  -0.8570621468926554 -0.9430614203119158 2.6 0.16588903584373538
0.5631442070007324  seconds  -0.8570621468926554 -0.9430614203119158 3.4000000000000004 0.18071177050914985
0.7539901733398438  seconds  -0.8570621468926554 -0.9430614203119158 10.4 0.21692747905480608
0.5658667087554932  seconds  -0.8570621468926554 -0.9430614203119158 5.800000000000001 0.2067271082859078
0.7063021659851074  seconds  -0.8570621468926554 -0.9430614203119158 1.0 0.13909231787205198
0.6813161373138428  seconds  -0.8570621468926554 -0.9430614203119158 12.0 0.21840263716219693
0.5715928077697754  seconds  -0.8570621468926554 -0.9430614203119158 6.6000000000000005 0.20850704489368949
0.8036558628082275  seconds  -0.8570621468926554 -0.9430614203119158 11.200000000000001 0.21813069339186317
0.5996208190917969  seconds  -0.8570621468926554 -0.9430614203119158 5.0 0.20031563227032134
0.5752155780792236  seconds  -0.8570621468926554 -0.9430614203119158 8.200000000000001 0.21215669138601806
0.6132569313049316  seconds  -0.8570621468926554 -0.9430614203119158 9.0 0.21293081490713012
0.6974329948425293  seconds  -0.8570621468926554 -0.9430614203119158 7.4 0.21510457315303919
0.5787253379821777  seconds  -0.8570621468926554 -0.9430614203119158 4.4 0.19540568636008895
0.5816686153411865  seconds  -0.8570621468926554 -0.9430614203119158 2.0 0.15243590606047006
0.5734951496124268  seconds  -0.8570621468926554 -0.9430614203119158 9.8 0.21450781390987222
0.6163361072540283  seconds  -0.8570621468926554 -0.9430614203119158 2.8000000000000003 0.17296537411739996
0.6582245826721191  seconds  -0.8570621468926554 -0.9430614203119158 0.4 0.13096466480863803
0.5810501575469971  seconds  -0.8570621468926554 -0.9430614203119158 10.600000000000001 0.21609837117508074
0.5857956409454346  seconds  -0.8570621468926554 -0.9430614203119158 6.0 0.20722177736811032
0.6915302276611328  seconds  -0.8570621468926554 -0.9430614203119158 3.6 0.1840861883059922
0.6567487716674805  seconds  -0.8570621468926554 -0.9430614203119158 1.2000000000000002 0.15324812749340766
0.4760622978210449  seconds  -0.8570621468926554 -0.9430614203119158 5.2 0.2024741625625438
0.6260371208190918  seconds  -0.8570621468926554 -0.9430614203119158 12.200000000000001 0.21723925441984665
0.6192595958709717  seconds  -0.8570621468926554 -0.9430614203119158 6.800000000000001 0.2095603457013127
0.6155719757080078  seconds  -0.8570621468926554 -0.9430614203119158 11.4 0.21692415844442348
0.5526566505432129  seconds  -0.8570621468926554 -0.9430614203119158 8.4 0.21227608724920588
0.6251444816589355  seconds  -0.8570621468926554 -0.9430614203119158 9.200000000000001 0.2139390860843881
0.6280562877655029  seconds  -0.8570621468926554 -0.9430614203119158 4.6000000000000005 0.19729521643474396
0.6141767501831055  seconds  -0.8570621468926554 -0.9430614203119158 10.0 0.21593956520166357
0.643272876739502  seconds  -0.8570621468926554 -0.9430614203119158 7.6000000000000005 0.2130382336407365
0.6319019794464111  seconds  -0.8570621468926554 -0.9430614203119158 3.0 0.17240184562873798
0.6973950862884521  seconds  -0.8570621468926554 -0.9430614203119158 2.2 0.15827696041906614
0.5727949142456055  seconds  -0.8570621468926554 -0.9430614203119158 6.2 0.20761312585920166
0.5052242279052734  seconds  -0.8570621468926554 -0.9430614203119158 3.8000000000000003 0.18565353603827162
0.6095976829528809  seconds  -0.8570621468926554 -0.9430614203119158 10.8 0.2176633656351605
0.660315752029419  seconds  -0.8570621468926554 -0.9430614203119158 0.6000000000000001 0.13649322264430874
0.5629110336303711  seconds  -0.8570621468926554 -0.9430614203119158 1.4000000000000001 0.14265838629601227
0.5528697967529297  seconds  -0.8570621468926554 -0.9430614203119158 12.4 0.21832907985433725
0.5791263580322266  seconds  -0.8570621468926554 -0.9430614203119158 5.4 0.20319546495936716
0.5555102825164795  seconds  -0.8570621468926554 -0.9430614203119158 11.600000000000001 0.21833146599555017
0.6113247871398926  seconds  -0.8570621468926554 -0.9430614203119158 7.0 0.21162868709850644
0.5409324169158936  seconds  -0.8570621468926554 -0.9430614203119158 8.6 0.2123847370650087
0.2692685127258301  seconds  -0.8570621468926554 -0.9430614203119158 13.600000000000001 0.2183684040087597
0.446272611618042  seconds  -0.8570621468926554 -0.9430614203119158 9.4 0.21367595871867154
0.37932300567626953  seconds  -0.8570621468926554 -0.9430614203119158 10.200000000000001 0.21535666123553998
0.37520933151245117  seconds  -0.8570621468926554 -0.9430614203119158 7.800000000000001 0.21290843132039575
0.24826955795288086  seconds  -0.8570621468926554 -0.9430614203119158 14.4 0.21903415084554062
0.3004598617553711  seconds  -0.8570621468926554 -0.9430614203119158 11.0 0.21660268435003327
0.3741602897644043  seconds  -0.8570621468926554 -0.9430614203119158 12.8 0.218274571039961
0.21171164512634277  seconds  -0.8570621468926554 -0.9430614203119158 11.8 0.21712400960423597
0.25806403160095215  seconds  -0.8570621468926554 -0.9430614203119158 12.600000000000001 0.21734505263566242
0.13044404983520508  seconds  -0.8570621468926554 -0.9430614203119158 13.8 0.21805163586243945
0.1304459571838379  seconds  -0.8570621468926554 -0.9430614203119158 14.600000000000001 0.2195671413227598
0.11355972290039062  seconds  -0.8570621468926554 -0.9430614203119158 13.0 0.2175028126976953
0.10978126525878906  seconds  -0.8570621468926554 -0.9430614203119158 14.0 0.21856708241811346
0.09966707229614258  seconds  -0.8570621468926554 -0.9430614203119158 13.200000000000001 0.2182400260956334
0.1074223518371582  seconds  -0.8570621468926554 -0.9430614203119158 14.8 0.21963985720439447
0.10104751586914062  seconds  -0.8570621468926554 -0.9430614203119158 14.200000000000001 0.21858768203702283
0.09762072563171387  seconds  -0.8570621468926554 -0.9430614203119158 13.4 0.21766871487869863
time for calc.... 3.094683885574341
energy at the point.. -0.9453681473270614 -0.8570186875271619  is  -3.515072509685524e-05
75 the points 6 chunk numtheads
starting with calculation of Sigma
0.22387909889221191  seconds  -0.9453681473270614 -0.8570186875271619 5.6000000000000005 0.2050780356877168
0.3703610897064209  seconds  -0.9453681473270614 -0.8570186875271619 0.0 0.1300568453617951
0.3771061897277832  seconds  -0.9453681473270614 -0.8570186875271619 0.8 0.1334966586199946
0.31700968742370605  seconds  -0.9453681473270614 -0.8570186875271619 4.800000000000001 0.19831159690674488
0.4095611572265625  seconds  -0.9453681473270614 -0.8570186875271619 1.6 0.14541446695700577
0.28860926628112793  seconds  -0.9453681473270614 -0.8570186875271619 6.4 0.20817600121670143
0.4457509517669678  seconds  -0.9453681473270614 -0.8570186875271619 2.4000000000000004 0.16210480619947001
0.5010106563568115  seconds  -0.9453681473270614 -0.8570186875271619 3.2 0.17724633858275093
0.5338189601898193  seconds  -0.9453681473270614 -0.8570186875271619 4.0 0.18857148806499305
0.4677579402923584  seconds  -0.9453681473270614 -0.8570186875271619 5.800000000000001 0.20676017991075968
0.6248764991760254  seconds  -0.9453681473270614 -0.8570186875271619 7.2 0.2105057251890258
0.6005239486694336  seconds  -0.9453681473270614 -0.8570186875271619 8.0 0.21294794930401423
0.473585844039917  seconds  -0.9453681473270614 -0.8570186875271619 5.0 0.2001127054540523
0.5315170288085938  seconds  -0.9453681473270614 -0.8570186875271619 0.2 0.12996029051759392
0.5588729381561279  seconds  -0.9453681473270614 -0.8570186875271619 1.0 0.1357204666387845
0.7094905376434326  seconds  -0.9453681473270614 -0.8570186875271619 8.8 0.21259240820846892
0.5876500606536865  seconds  -0.9453681473270614 -0.8570186875271619 1.8 0.14902442258098406
0.6541600227355957  seconds  -0.9453681473270614 -0.8570186875271619 9.600000000000001 0.21426908090289534
0.6224102973937988  seconds  -0.9453681473270614 -0.8570186875271619 10.4 0.21849130572113082
0.6378879547119141  seconds  -0.9453681473270614 -0.8570186875271619 6.6000000000000005 0.2085982082278311
0.5994517803192139  seconds  -0.9453681473270614 -0.8570186875271619 3.4000000000000004 0.1812980711904927
0.5887205600738525  seconds  -0.9453681473270614 -0.8570186875271619 4.2 0.19216028493721815
0.7301986217498779  seconds  -0.9453681473270614 -0.8570186875271619 2.6 0.16509170054449498
0.686039924621582  seconds  -0.9453681473270614 -0.8570186875271619 12.0 0.21871498503677228
0.532038688659668  seconds  -0.9453681473270614 -0.8570186875271619 6.0 0.20879267855746997
0.5992786884307861  seconds  -0.9453681473270614 -0.8570186875271619 7.4 0.21309687957531104
0.5563879013061523  seconds  -0.9453681473270614 -0.8570186875271619 5.2 0.20179245529513676
0.9335064888000488  seconds  -0.9453681473270614 -0.8570186875271619 11.200000000000001 0.21893117827312353
0.6697967052459717  seconds  -0.9453681473270614 -0.8570186875271619 8.200000000000001 0.2131191857516537
0.5495405197143555  seconds  -0.9453681473270614 -0.8570186875271619 9.0 0.21293605478793232
0.5967905521392822  seconds  -0.9453681473270614 -0.8570186875271619 1.2000000000000002 0.13896469019450972
0.641625165939331  seconds  -0.9453681473270614 -0.8570186875271619 0.4 0.12974487567750365
0.5735728740692139  seconds  -0.9453681473270614 -0.8570186875271619 9.8 0.21445743431225997
0.6009325981140137  seconds  -0.9453681473270614 -0.8570186875271619 2.0 0.1596027015210698
0.6091301441192627  seconds  -0.9453681473270614 -0.8570186875271619 10.600000000000001 0.2172265927044982
0.621530294418335  seconds  -0.9453681473270614 -0.8570186875271619 3.6 0.1830218620521445
0.5916993618011475  seconds  -0.9453681473270614 -0.8570186875271619 4.4 0.19533139979213127
0.7270946502685547  seconds  -0.9453681473270614 -0.8570186875271619 6.800000000000001 0.20951215034505039
0.6384711265563965  seconds  -0.9453681473270614 -0.8570186875271619 2.8000000000000003 0.1683430842263083
0.5841119289398193  seconds  -0.9453681473270614 -0.8570186875271619 6.2 0.2081472817650865
0.6309869289398193  seconds  -0.9453681473270614 -0.8570186875271619 12.200000000000001 0.21750012189253265
0.5959150791168213  seconds  -0.9453681473270614 -0.8570186875271619 7.6000000000000005 0.21424403705499903
0.63332200050354  seconds  -0.9453681473270614 -0.8570186875271619 5.4 0.20345419974582257
0.6125974655151367  seconds  -0.9453681473270614 -0.8570186875271619 11.4 0.21725952030988482
0.6149892807006836  seconds  -0.9453681473270614 -0.8570186875271619 1.4000000000000001 0.1417026356519283
0.6159894466400146  seconds  -0.9453681473270614 -0.8570186875271619 0.6000000000000001 0.13234883150694646
0.62503266334533690.6522533893585205  seconds    seconds  -0.9453681473270614-0.9453681473270614  -0.8570186875271619-0.8570186875271619  8.49.200000000000001  0.21241395114166080.21322922671917297

0.583261251449585  seconds  -0.9453681473270614 -0.8570186875271619 2.2 0.15829974509332917
0.6538333892822266  seconds  -0.9453681473270614 -0.8570186875271619 10.0 0.21619660315173933
0.5503537654876709  seconds  -0.9453681473270614 -0.8570186875271619 3.8000000000000003 0.1878853453149546
0.672166109085083  seconds  -0.9453681473270614 -0.8570186875271619 10.8 0.21917472080883285
0.5855808258056641  seconds  -0.9453681473270614 -0.8570186875271619 4.6000000000000005 0.20134462905524156
0.554166316986084  seconds  -0.9453681473270614 -0.8570186875271619 3.0 0.1720114781268085
0.6357731819152832  seconds  -0.9453681473270614 -0.8570186875271619 7.0 0.20988425222663956
0.5157604217529297  seconds  -0.9453681473270614 -0.8570186875271619 12.4 0.2188197063287652
0.45288991928100586  seconds  -0.9453681473270614 -0.8570186875271619 7.800000000000001 0.21602294226833313
0.5243477821350098  seconds  -0.9453681473270614 -0.8570186875271619 12.8 0.21907184208693176
0.33884716033935547  seconds  -0.9453681473270614 -0.8570186875271619 14.4 0.2200359879083175
0.3741741180419922  seconds  -0.9453681473270614 -0.8570186875271619 9.4 0.21345434265869034
0.2758166790008545  seconds  -0.9453681473270614 -0.8570186875271619 10.200000000000001 0.21609886535250591
0.4096245765686035  seconds  -0.9453681473270614 -0.8570186875271619 13.600000000000001 0.21958549781251277
0.46097540855407715  seconds  -0.9453681473270614 -0.8570186875271619 11.600000000000001 0.21871718993722752
0.3941972255706787  seconds  -0.9453681473270614 -0.8570186875271619 8.6 0.21295806766644754
0.2306807041168213  seconds  -0.9453681473270614 -0.8570186875271619 11.0 0.21730191956946548
0.15662622451782227  seconds  -0.9453681473270614 -0.8570186875271619 12.600000000000001 0.21773188237765304
0.1195068359375  seconds  -0.9453681473270614 -0.8570186875271619 14.600000000000001 0.21955854428094124
0.1189734935760498  seconds  -0.9453681473270614 -0.8570186875271619 13.8 0.2187923732136302
0.17769360542297363  seconds  -0.9453681473270614 -0.8570186875271619 13.0 0.21808350020853162
0.13538432121276855  seconds  -0.9453681473270614 -0.8570186875271619 11.8 0.21728388786850897
0.10509395599365234  seconds  -0.9453681473270614 -0.8570186875271619 14.8 0.22025282805332877
0.10908794403076172  seconds  -0.9453681473270614 -0.8570186875271619 14.0 0.21979129080487797
0.11194586753845215  seconds  -0.9453681473270614 -0.8570186875271619 13.200000000000001 0.2193262654246478
0.10293269157409668  seconds  -0.9453681473270614 -0.8570186875271619 14.200000000000001 0.21918917628906845
0.1032109260559082  seconds  -0.9453681473270614 -0.8570186875271619 13.4 0.21839141967428807
time for calc.... 3.0824809074401855
energy at the point.. -1.0316818774445893 -0.7534644576956331  is  -3.58820005033067e-05
75 the points 6 chunk numtheads
starting with calculation of Sigma
0.30203723907470703  seconds  -1.0316818774445893 -0.7534644576956331 0.0 0.13037656874624978
0.38562655448913574  seconds  -1.0316818774445893 -0.7534644576956331 0.8 0.13248574071014524
0.4019317626953125  seconds  -1.0316818774445893 -0.7534644576956331 1.6 0.1448636663981549
0.3585965633392334  seconds  -1.0316818774445893 -0.7534644576956331 4.0 0.1886431210484419
0.4506800174713135  seconds  -1.0316818774445893 -0.7534644576956331 2.4000000000000004 0.16162815539315406
0.46935176849365234  seconds  -1.0316818774445893 -0.7534644576956331 3.2 0.17628350908743462
0.5128092765808105  seconds  -1.0316818774445893 -0.7534644576956331 4.800000000000001 0.1990020307323074
0.4934067726135254  seconds  -1.0316818774445893 -0.7534644576956331 6.4 0.21056181348614847
0.5874817371368408  seconds  -1.0316818774445893 -0.7534644576956331 5.6000000000000005 0.20409395765514488
0.5329432487487793  seconds  -1.0316818774445893 -0.7534644576956331 0.2 0.1288108219651423
0.6092615127563477  seconds  -1.0316818774445893 -0.7534644576956331 8.0 0.2140233984909277
0.6527712345123291  seconds  -1.0316818774445893 -0.7534644576956331 7.2 0.21132621847218006
0.6833791732788086  seconds  -1.0316818774445893 -0.7534644576956331 8.8 0.2130757294418178
0.5394535064697266  seconds  -1.0316818774445893 -0.7534644576956331 1.8 0.14967712178781994
0.5933201313018799  seconds  -1.0316818774445893 -0.7534644576956331 1.0 0.13638802942219325
0.4932248592376709  seconds  -1.0316818774445893 -0.7534644576956331 3.4000000000000004 0.1834661304065176
0.5353069305419922  seconds  -1.0316818774445893 -0.7534644576956331 2.6 0.16452728861933974
0.6126654148101807  seconds  -1.0316818774445893 -0.7534644576956331 4.2 0.1972772987378347
0.607804536819458  seconds  -1.0316818774445893 -0.7534644576956331 11.200000000000001 0.21784761465842403
0.5122020244598389  seconds  -1.0316818774445893 -0.7534644576956331 6.6000000000000005 0.20946288101244273
0.6616635322570801  seconds  -1.0316818774445893 -0.7534644576956331 12.0 0.2179744158847047
0.8206450939178467  seconds  -1.0316818774445893 -0.7534644576956331 10.4 0.21690799589829693
0.5696382522583008  seconds  -1.0316818774445893 -0.7534644576956331 5.800000000000001 0.20606781111151018
0.717026948928833  seconds  -1.0316818774445893 -0.7534644576956331 5.0 0.20003278282038375
1.0082974433898926  seconds  -1.0316818774445893 -0.7534644576956331 9.600000000000001 0.21453748126623154
0.5691099166870117  seconds  -1.0316818774445893 -0.7534644576956331 8.200000000000001 0.21479623573293058
0.5874407291412354  seconds  -1.0316818774445893 -0.7534644576956331 0.4 0.1300542624743824
0.5759971141815186  seconds  -1.0316818774445893 -0.7534644576956331 7.4 0.2110605000745106
0.5503547191619873  seconds  -1.0316818774445893 -0.7534644576956331 2.0 0.15338946740731468
0.5991177558898926  seconds  -1.0316818774445893 -0.7534644576956331 9.0 0.21389255510165386
0.5356137752532959  seconds  -1.0316818774445893 -0.7534644576956331 3.6 0.18295158914170795
0.6674056053161621  seconds  -1.0316818774445893 -0.7534644576956331 2.8000000000000003 0.1694316587006737
0.646737813949585  seconds  -1.0316818774445893 -0.7534644576956331 4.4 0.19660440095694834
0.590815544128418  seconds  -1.0316818774445893 -0.7534644576956331 11.4 0.21640091373338188
0.73557448387146  seconds  -1.0316818774445893 -0.7534644576956331 1.2000000000000002 0.14057227788792062
0.6048510074615479  seconds  -1.0316818774445893 -0.7534644576956331 6.800000000000001 0.21255991854921796
0.5704672336578369  seconds  -1.0316818774445893 -0.7534644576956331 12.200000000000001 0.2170680131404454
0.6303737163543701  seconds  -1.0316818774445893 -0.7534644576956331 10.600000000000001 0.2157921346111591
0.6109843254089355  seconds  -1.0316818774445893 -0.7534644576956331 6.0 0.2065403811375906
0.6353542804718018  seconds  -1.0316818774445893 -0.7534644576956331 5.2 0.20650335291759878
0.5776715278625488  seconds  -1.0316818774445893 -0.7534644576956331 7.6000000000000005 0.21139699263161474
0.677614688873291  seconds  -1.0316818774445893 -0.7534644576956331 8.4 0.213245266726653
0.7410128116607666  seconds  -1.0316818774445893 -0.7534644576956331 9.8 0.2153313297151138
0.6667914390563965  seconds  -1.0316818774445893 -0.7534644576956331 0.6000000000000001 0.13243492723404537
0.6100544929504395  seconds  -1.0316818774445893 -0.7534644576956331 3.8000000000000003 0.18738930993037398
0.6836369037628174  seconds  -1.0316818774445893 -0.7534644576956331 2.2 0.15706134559990165
0.5396451950073242  seconds  -1.0316818774445893 -0.7534644576956331 3.0 0.17205640973518954
0.6956548690795898  seconds  -1.0316818774445893 -0.7534644576956331 9.200000000000001 0.21380720407733025
0.5467932224273682  seconds  -1.0316818774445893 -0.7534644576956331 11.600000000000001 0.2179903021292847
0.5343661308288574  seconds  -1.0316818774445893 -0.7534644576956331 7.0 0.20954159436111372
0.625502347946167  seconds  -1.0316818774445893 -0.7534644576956331 4.6000000000000005 0.1960014757055419
0.5351684093475342  seconds  -1.0316818774445893 -0.7534644576956331 12.4 0.21801127494753628
0.614389181137085  seconds  -1.0316818774445893 -0.7534644576956331 1.4000000000000001 0.14182061923522996
0.5439450740814209  seconds  -1.0316818774445893 -0.7534644576956331 6.2 0.20724066738440391
0.5651261806488037  seconds  -1.0316818774445893 -0.7534644576956331 10.8 0.21738457572000297
0.4595804214477539  seconds  -1.0316818774445893 -0.7534644576956331 7.800000000000001 0.21337931190570536
0.5533726215362549  seconds  -1.0316818774445893 -0.7534644576956331 5.4 0.20694276049811014
0.40753626823425293  seconds  -1.0316818774445893 -0.7534644576956331 12.8 0.2182586325752377
0.3324244022369385  seconds  -1.0316818774445893 -0.7534644576956331 14.4 0.2199026479619782
0.5033304691314697  seconds  -1.0316818774445893 -0.7534644576956331 8.6 0.21455748370477007
0.5200686454772949  seconds  -1.0316818774445893 -0.7534644576956331 10.0 0.21636939305600641
0.4095118045806885  seconds  -1.0316818774445893 -0.7534644576956331 13.600000000000001 0.21900407174566405
0.38283634185791016  seconds  -1.0316818774445893 -0.7534644576956331 11.8 0.2167600042053646
0.40512585639953613  seconds  -1.0316818774445893 -0.7534644576956331 9.4 0.21375332178994852
0.324129581451416  seconds  -1.0316818774445893 -0.7534644576956331 12.600000000000001 0.2175161606179305
0.23108243942260742  seconds  -1.0316818774445893 -0.7534644576956331 11.0 0.21614478238594576
0.17290902137756348  seconds  -1.0316818774445893 -0.7534644576956331 13.0 0.21787056338104405
0.16313719749450684  seconds  -1.0316818774445893 -0.7534644576956331 14.600000000000001 0.2194634701978079
0.15906763076782227  seconds  -1.0316818774445893 -0.7534644576956331 10.200000000000001 0.21616658341171877
0.15349555015563965  seconds  -1.0316818774445893 -0.7534644576956331 13.8 0.21869907607533148
0.11825966835021973  seconds  -1.0316818774445893 -0.7534644576956331 13.200000000000001 0.2185566357418188
0.11226415634155273  seconds  -1.0316818774445893 -0.7534644576956331 14.8 0.22023241869808105
0.1126093864440918  seconds  -1.0316818774445893 -0.7534644576956331 14.0 0.21940571877980355
0.10139894485473633  seconds  -1.0316818774445893 -0.7534644576956331 13.4 0.21833447990437738
0.10572981834411621  seconds  -1.0316818774445893 -0.7534644576956331 14.200000000000001 0.2191497999671025
time for calc.... 3.195770740509033
energy at the point.. -1.1065189048239894 -0.6397054780893698  is  -1.320367090329455e-06
75 the points 6 chunk numtheads
starting with calculation of Sigma
0.3471548557281494  seconds  -1.1065189048239894 -0.6397054780893698 0.0 0.1313170028805445
0.38165736198425293  seconds  -1.1065189048239894 -0.6397054780893698 0.8 0.13259975720387898
0.36241865158081055  seconds  -1.1065189048239894 -0.6397054780893698 2.4000000000000004 0.1600908616312065
0.37853097915649414  seconds  -1.1065189048239894 -0.6397054780893698 1.6 0.14519404179108386
0.44182872772216797  seconds  -1.1065189048239894 -0.6397054780893698 3.2 0.1760839995939495
0.5114603042602539  seconds  -1.1065189048239894 -0.6397054780893698 4.800000000000001 0.19867237662196377
0.5644888877868652  seconds  -1.1065189048239894 -0.6397054780893698 4.0 0.18799134838356504
0.5894675254821777 0.560521125793457 seconds    seconds  -1.1065189048239894-1.1065189048239894  -0.6397054780893698-0.6397054780893698  6.45.6000000000000005  0.20965386691491820.20499462686877828

0.5843596458435059  seconds  -1.1065189048239894 -0.6397054780893698 7.2 0.21124612212064786
0.6179220676422119  seconds  -1.1065189048239894 -0.6397054780893698 8.0 0.21340480627803154
0.530381441116333  seconds  -1.1065189048239894 -0.6397054780893698 0.2 0.1286625480898595
0.5949299335479736  seconds  -1.1065189048239894 -0.6397054780893698 8.8 0.2130917863069744
0.5937654972076416  seconds  -1.1065189048239894 -0.6397054780893698 9.600000000000001 0.21499311194110665
0.5701076984405518  seconds  -1.1065189048239894 -0.6397054780893698 1.0 0.13581554995772266
0.675628662109375  seconds  -1.1065189048239894 -0.6397054780893698 1.8 0.1817455253312761
0.5954794883728027  seconds  -1.1065189048239894 -0.6397054780893698 3.4000000000000004 0.1936074163671957
0.6350774765014648  seconds  -1.1065189048239894 -0.6397054780893698 11.200000000000001 0.21691312284993047
0.7245371341705322  seconds  -1.1065189048239894 -0.6397054780893698 2.6 0.16597733032244436
0.570014476776123  seconds  -1.1065189048239894 -0.6397054780893698 5.0 0.19910698685209063
0.7853033542633057  seconds  -1.1065189048239894 -0.6397054780893698 10.4 0.21735025410372988
0.6051785945892334  seconds  -1.1065189048239894 -0.6397054780893698 4.2 0.19167603869248712
0.47849440574645996  seconds  -1.1065189048239894 -0.6397054780893698 7.4 0.2104611726107356
0.6381752490997314  seconds  -1.1065189048239894 -0.6397054780893698 6.6000000000000005 0.21027364991593395
0.7894008159637451  seconds  -1.1065189048239894 -0.6397054780893698 12.0 0.21698067956706274
0.5252652168273926  seconds  -1.1065189048239894 -0.6397054780893698 0.4 0.13049639620331704
0.5537779331207275  seconds  -1.1065189048239894 -0.6397054780893698 9.8 0.21521443899286363
0.6147677898406982  seconds  -1.1065189048239894 -0.6397054780893698 8.200000000000001 0.21555349257338566
0.8341107368469238  seconds  -1.1065189048239894 -0.6397054780893698 5.800000000000001 0.20681177508617307
0.6622445583343506  seconds  -1.1065189048239894 -0.6397054780893698 9.0 0.21389313419178616
0.6508262157440186  seconds  -1.1065189048239894 -0.6397054780893698 1.2000000000000002 0.1447105526663754
0.5064659118652344  seconds  -1.1065189048239894 -0.6397054780893698 2.8000000000000003 0.1707113671194746
0.5939373970031738  seconds  -1.1065189048239894 -0.6397054780893698 3.6 0.18364570444870199
0.6245343685150146  seconds  -1.1065189048239894 -0.6397054780893698 11.4 0.21594969298921016
0.695075273513794  seconds  -1.1065189048239894 -0.6397054780893698 2.0 0.1529198809391104
0.6161103248596191  seconds  -1.1065189048239894 -0.6397054780893698 5.2 0.20173781383780998
0.6247234344482422  seconds  -1.1065189048239894 -0.6397054780893698 10.600000000000001 0.21560990339806202
0.6183726787567139  seconds  -1.1065189048239894 -0.6397054780893698 4.4 0.19783404298699536
0.619976282119751  seconds  -1.1065189048239894 -0.6397054780893698 7.6000000000000005 0.2113681659446115
0.5513005256652832  seconds  -1.1065189048239894 -0.6397054780893698 0.6000000000000001 0.13392939203974327
0.6804463863372803  seconds  -1.1065189048239894 -0.6397054780893698 12.200000000000001 0.21664426507574844
0.56797194480896  seconds  -1.1065189048239894 -0.6397054780893698 10.0 0.21768101343819632
0.7207021713256836  seconds  -1.1065189048239894 -0.6397054780893698 6.800000000000001 0.21230085244058614
0.6372272968292236  seconds  -1.1065189048239894 -0.6397054780893698 8.4 0.2133477430172048
0.6101853847503662  seconds  -1.1065189048239894 -0.6397054780893698 6.0 0.20570047528597663
0.5476045608520508  seconds  -1.1065189048239894 -0.6397054780893698 3.0 0.17161463570126848
0.6529827117919922  seconds  -1.1065189048239894 -0.6397054780893698 9.200000000000001 0.2134555823249618
0.6107187271118164  seconds  -1.1065189048239894 -0.6397054780893698 3.8000000000000003 0.18686300319668436
0.5397217273712158  seconds  -1.1065189048239894 -0.6397054780893698 2.2 0.15674025215712958
0.7645955085754395  seconds  -1.1065189048239894 -0.6397054780893698 1.4000000000000001 0.14142612634119164
0.5507602691650391  seconds  -1.1065189048239894 -0.6397054780893698 7.800000000000001 0.21329767853273232
0.6885902881622314  seconds  -1.1065189048239894 -0.6397054780893698 11.600000000000001 0.2169353637114808
0.5973215103149414  seconds  -1.1065189048239894 -0.6397054780893698 10.8 0.21706111782452872
0.6530187129974365  seconds  -1.1065189048239894 -0.6397054780893698 5.4 0.20685166572900487
0.5814509391784668  seconds  -1.1065189048239894 -0.6397054780893698 4.6000000000000005 0.1965864622655387
0.48839354515075684  seconds  -1.1065189048239894 -0.6397054780893698 12.8 0.2175271982532944
0.5124211311340332  seconds  -1.1065189048239894 -0.6397054780893698 12.4 0.21719708528931744
0.5220248699188232  seconds  -1.1065189048239894 -0.6397054780893698 7.0 0.21010488974560246
0.5573458671569824  seconds  -1.1065189048239894 -0.6397054780893698 10.200000000000001 0.21586379394797756
0.47263526916503906  seconds  -1.1065189048239894 -0.6397054780893698 6.2 0.20718960885422957
0.43136167526245117  seconds  -1.1065189048239894 -0.6397054780893698 9.4 0.21404364893055147
0.5169668197631836  seconds  -1.1065189048239894 -0.6397054780893698 8.6 0.21451528790748361
0.42075109481811523  seconds  -1.1065189048239894 -0.6397054780893698 13.600000000000001 0.2182901611256984
0.3549489974975586  seconds  -1.1065189048239894 -0.6397054780893698 14.4 0.2190463297044485
0.2702033519744873  seconds  -1.1065189048239894 -0.6397054780893698 11.0 0.21592233074070163
0.27886509895324707  seconds  -1.1065189048239894 -0.6397054780893698 11.8 0.2163841052758706
0.23846101760864258  seconds  -1.1065189048239894 -0.6397054780893698 13.0 0.217630198674088
0.1986713409423828  seconds  -1.1065189048239894 -0.6397054780893698 12.600000000000001 0.21722528757308282
0.12706542015075684  seconds  -1.1065189048239894 -0.6397054780893698 13.8 0.2185567923272012
0.13902068138122559  seconds  -1.1065189048239894 -0.6397054780893698 14.600000000000001 0.21924761777101792
0.11661219596862793  seconds  -1.1065189048239894 -0.6397054780893698 13.200000000000001 0.21785808966032733
0.10668158531188965  seconds  -1.1065189048239894 -0.6397054780893698 14.0 0.21861069107035838
0.11848068237304688  seconds  -1.1065189048239894 -0.6397054780893698 14.8 0.21939565685398071
0.11587834358215332  seconds  -1.1065189048239894 -0.6397054780893698 13.4 0.21821236192918822
0.10465407371520996  seconds  -1.1065189048239894 -0.6397054780893698 14.200000000000001 0.21901988098054131
time for calc.... 3.186591386795044
216.17user 13.91system 0:35.49elapsed 648%CPU (0avgtext+0avgdata 6638768maxresident)k
0inputs+2568outputs (0major+3407290minor)pagefaults 0swaps
