Machine arg is, CH1
Machine arg is, CH1
started calculating filling for chemical potential and dispersion parameters TB_single_band..
Machine arg is, CH1
reading lattice from... ./Lattices/KgridX1200.npy
reading lattice from... ./Lattices/KgridY1200.npy
Machine arg is, CH1
reading lattice from... ./Lattices/KgridX1200.npy
reading lattice from... ./Lattices/KgridY1200.npy
norm of Dos, 42.97093206665365 45.58575006211245
sum of the hist, normed? 42.97093206665365
finished calculating filling for chemical potential
Filling: 0.49313107609556217 .... chemical potential: 23.93702777725383
Machine arg is, CH1
reading lattice from... ./Lattices/KgridX1200.npy
reading lattice from... ./Lattices/KgridY1200.npy
sum of the hist, normed? 0.9999999999999923
starting high res contour.....
attempting countour of size 10280
number of sheets..... 1
contour size before interpolation..... 36781
finished high res contour..... 13.759410858154297
range of angles from marching squares -3.141479981892591 3.141479981892591
The fermi energy in mev is: 3007.508867216805, and in units of J: 290.8615925741591, the bandwidth is:494.39071566731144
starting contour.....
finished contour..... 3.092618465423584
Machine arg is, CH1
ED starting sampling in reciprocal space....
starting high res contour.....
attempting countour of size 10280
number of sheets..... 1
contour size before interpolation..... 36781
finished high res contour..... 13.31686806678772
range of angles from marching squares -3.141479981892591 3.141479981892591
comparing volume elements 

0.024543692606170175
0.0002609801261746935 0.0002612349895792204
shapes, are they adequate? (2049, 257) 2049 257
finished sampling in reciprocal space....t= 13.462320327758789  s


differentials, dr= 0.0002612349895792204   dth= 0.024543692606170175


PLOTTING
for error, maximum difference 24.96312264623556
number of active points (2, 96248)
for error, maximum difference 24.96312264623556
FS_scan.py:194: RuntimeWarning: divide by zero encountered in log10
  xx=np.log10(Integrand)
number of active points (2, 171682)
300 the points 30 chunk numtheads
starting with calculation of Sigma
0.32955312728881836  seconds  -2.590332714991222 -0.0002918571845511586 0.001
0.5528795719146729  seconds  -2.2220696284387937 -1.6218800185465572 0.001
0.5595800876617432  seconds  -0.8060604639841445 -2.5173252362063576 0.001
0.5251359939575195  seconds  0.8312057847546429 -2.503981633982964 0.001
0.4859130382537842  seconds  2.2428458653323604 -1.6008178041760615 0.001
0.3818380832672119  seconds  -2.590294298572127 -0.05473048194487179 0.001
0.36997151374816895  seconds  -2.2627117111624058 1.57975752979758 0.001
0.5819435119628906  seconds  2.590323267668923 0.027216549085774006 0.001
0.5989947319030762  seconds  2.2013023680520045 1.6420610735975563 0.001
0.5606687068939209  seconds  0.7813181516352515 2.5303139871227396 0.001
0.5893075466156006  seconds  -0.8556933215261368 2.4908599729453984 0.001
0.3764817714691162  seconds  2.282490107594669 -1.5577769585551233 0.001
0.3921334743499756  seconds  -2.590176414734812 -0.10921250981326758 0.001
0.3670971393585205  seconds  -2.301305227819686 1.535802563880936 0.001
0.5935482978820801  seconds  -2.1796821378278333 -1.662248954047358 0.001
0.5678107738494873  seconds  0.8805915137343799 -2.4774009019610066 0.001
0.5891180038452148  seconds  -0.7558995133328648 -2.543498879760998 0.001
0.384962797164917  seconds  2.1581631515911983 1.68160074499625 0.001
0.36496400833129883  seconds  -0.904850149266307 2.46418382829303 0.001
0.5569384098052979  seconds  2.590246402985067 0.08167126921550237 0.001
0.5375685691833496  seconds  0.7308771936479015 2.5563072500480373 0.001
0.39871883392333984  seconds  2.3199368491592125 -1.5128775463083104 0.001
0.3581502437591553  seconds  -2.5899686663703028 -0.16378053675315118 0.001
0.3623373508453369  seconds  -2.3375614428235214 1.4899739645631112 0.001
0.4644463062286377  seconds  -2.135848956922351 -1.7009709636431285 0.001
0.4237785339355469  seconds  2.1137207441130133 1.7195533243637708 0.001
0.3589150905609131  seconds  -0.9535836464092562 2.4373595770137375 0.001
0.4778921604156494  seconds  0.9295278087417173 -2.4506430941336776 0.001
0.5536839962005615  seconds  -0.7051600501075239 -2.569279406004725 0.001
0.36157989501953125  seconds  -2.5896534226118635 -0.21847598755448186 0.001
0.5371594429016113  seconds  2.5900858102160815 0.13619056991760986 0.001
0.41637706756591797  seconds  -2.3712263376715486 1.4422770181334446 0.001
0.5329537391662598  seconds  0.679833779043182 2.581848669480654 0.001
0.32315659523010254  seconds  2.068245303598149 1.7560486320781679 0.001
0.3529789447784424  seconds  -2.0908524636846515 -1.7381703686228265 0.001
0.5967905521392822  seconds  2.354912248131222 -1.4661009050760798 0.001
0.35021090507507324  seconds  -1.001946398188524 2.4104343934264967 0.001
0.3480055332183838  seconds  0.978067401463295 -2.4237628222786345 0.001
0.3503909111022949  seconds  -2.5892053656014746 -0.2733384419453868 0.001
0.3056974411010742  seconds  2.02197744264389 1.7912218623207508 0.001
0.5167973041534424  seconds  -0.6537945700085831 -2.5945416983180882 0.001
0.33673763275146484  seconds  -2.044948490379553 -1.773980546692516 0.001
0.40999364852905273  seconds  0.6281424095088326 2.606800314562162 0.001
0.32411718368530273  seconds  -1.0499902868995092 2.3834420747079372 0.001
0.3251991271972656  seconds  1.026262589060116 -2.3968002500130954 0.001
0.5198831558227539  seconds  2.589827559177634 0.19081654740874937 0.001
0.48980236053466797  seconds  -2.402101085163889 1.3927691741793753 0.001
0.372509241104126  seconds  -2.588590778061861 -0.3284048769820977 0.001
0.520613431930542  seconds  2.3871878335018346 -1.4174782899077594 0.001
0.3318040370941162  seconds  1.9751251325415093 1.8252078999727315 0.001
0.32650256156921387  seconds  0.5757631412781962 2.630996531335018 0.001
0.3400256633758545  seconds  -1.0977660403410963 2.3564048591010454 0.001
0.3691887855529785  seconds  -1.9983613854762359 -1.8085371827148173 0.001
0.3508155345916748  seconds  -2.430058265693387 1.341560540285674 0.001
0.42159295082092285  seconds  1.0741647233867406 -2.369783121027277 0.001
0.5176665782928467  seconds  -0.6017601265217384 -2.619134130308966 0.001
0.3420107364654541  seconds  -2.587766672026949 -0.383708772923788 0.001
0.525322437286377  seconds  2.5894502913142805 0.24558979947269116 0.001
0.347261905670166  seconds  1.9278632151442203 1.858137050858898 0.001
0.3281736373901367  seconds  0.5226637959839773 2.6542416219739313 0.001
0.3340611457824707  seconds  -1.1453228164661544 2.329334968490322 0.001
0.5201048851013184  seconds  2.4165990866023503 -1.367093970923433 0.001
0.3227512836456299  seconds  -2.455051548985362 1.2888090011564655 0.001
0.4224059581756592  seconds  -1.9512822678841706 -1.841973237586354 0.001
0.33098363876342773  seconds  -2.5866796740259637 -0.4392790344065409 0.001
0.32935237884521484  seconds  1.8803349139537706 1.890132443536425 0.001
0.5300166606903076  seconds  1.1218237788777483 -2.342728435291999 0.001
0.5134005546569824  seconds  -0.5490203914031471 -2.6428760889619554 0.001
0.32053637504577637  seconds  0.4688227487549126 2.676308691826683 0.001
0.3328726291656494  seconds  -1.192707906750924 2.302235902701211 0.001
0.3430767059326172  seconds  -2.4771168858640524 1.2347102551760822 0.001
0.5096299648284912  seconds  2.588924627661668 0.30054872495656715 0.001
0.34430646896362305  seconds  -2.585264695424812 -0.4951387196142206 0.001
0.5289463996887207  seconds  2.443058979150749 -1.3150832210862105 0.001
0.30735254287719727  seconds  1.8326545363304554 1.9213085815964672 0.001
0.31026268005371094  seconds  0.4142320986415225 2.6969404385756874 0.001
0.545034646987915  seconds  -1.903869702912719 -1.8744156174597806 0.001
0.33709239959716797  seconds  -1.2399663843692048 2.2751033905344342 0.001
0.34366750717163086  seconds  -2.4963647847594186 1.1794841476870277 0.001
0.5130007266998291  seconds  -0.49554813583430085 -2.6655561316614684 0.001
0.5409946441650391  seconds  1.1692880133175785 -2.3156438779939363 0.001
0.32999658584594727  seconds  -2.5834433972261475 -0.5513034762118207 0.001
0.3034090995788574  seconds  1.7849105941792827 1.951770675444928 0.001
0.3160674571990967  seconds  0.3589010613926272 2.7158524428209714 0.001
0.5235764980316162  seconds  2.5882123977873643 0.35572868842910016 0.001
0.33161139488220215  seconds  -1.2871407952319098 2.247926232745378 0.001
0.3348829746246338  seconds  -2.512966415225844 1.1233599904361697 0.001
0.5246331691741943  seconds  2.466563176805541 -1.261624548263763 0.001
0.5458619594573975  seconds  -1.8562519569754692 -1.9059832477988696 0.001
0.3468742370605469  seconds  -2.58112244310445 -0.607779738499652 0.001
0.3175320625305176  seconds  1.7371691817689348 1.9816146787850715 0.001
0.31445884704589844  seconds  0.3028594761682677 2.73274034157598 0.001
0.529834508895874  seconds  -0.4413282641951666 -2.686931847016454 0.001
0.3503761291503906  seconds  -1.3342707735448236 2.2206868462851275 0.001
0.553558349609375  seconds  1.2166036347625322 -2.288528890090776 0.001
0.3489701747894287  seconds  -2.527136002232505 1.0665628316701878 0.001
0.5865752696990967  seconds  2.587265619800298 0.41116105808574416 0.001
0.34140610694885254  seconds  1.6894771009123133 2.0109275099712733 0.001
0.3438887596130371  seconds  -2.578191699168098 -0.6645625222565776 0.001
0.32630348205566406  seconds  0.2461607567623885 2.7472912846709048 0.001
0.5293524265289307  seconds  2.4871866747792035 -1.2069276581373576 0.001
0.3380608558654785  seconds  -1.3813926139574875 2.1933616718663864 0.001
0.5460641384124756  seconds  -1.8085298697247132 -1.9367859637793694 0.001
0.34120678901672363  seconds  -2.539113068224338 1.0093024952753311 0.001
0.30681276321411133  seconds  1.6418647898076535 2.039787532576102 0.001
0.5223352909088135  seconds  -0.386361084592381 -2.706731522406891 0.001
0.30574464797973633  seconds  0.1888838391229495 2.7592001462732303 0.001
0.3451399803161621  seconds  -2.574522282018542 -0.7216329708076885 0.001
0.55147385597229  seconds  1.2638144847767026 -2.26137562883843 0.001
0.3389246463775635  seconds  -1.4285387492615327 2.165921399988922 0.001
0.3306913375854492  seconds  -2.549146248629997 0.9517658950098706 0.001
0.5870025157928467  seconds  2.5860253110399665 0.46687202096421426 0.001
0.29830503463745117  seconds  1.5943488581263037 2.0682651174349846 0.001
0.5451078414916992  seconds  2.505072696197772 -1.1512190110539358 0.001
0.3056607246398926  seconds  0.13113334729700338 2.7681894667337357 0.001
0.3267028331756592  seconds  -2.5699649652435537 -0.778955508872139 0.001
0.5059270858764648  seconds  -1.7607802321047579 -1.9669243002536942 0.001
0.31799864768981934  seconds  -1.4757371070942846 2.138331058282793 0.001
0.5013682842254639  seconds  -0.33066582702321357 -2.7246595537574483 0.001
0.32377028465270996  seconds  -2.5574806097256344 0.894112873301608 0.001
0.3090066909790039  seconds  1.5469343681320178 2.0964232923462625 0.001
0.527867317199707  seconds  1.3109616857445152 -2.2341696027173126 0.001
0.3145315647125244  seconds  0.0730374041816672 2.7740317726014543 0.001
0.33210062980651855  seconds  -2.564348755134705 -0.8364748445899177 0.001
0.5101454257965088  seconds  2.5844200299885824 0.5228811768348336 0.001
0.3267333507537842  seconds  -1.5230103254342633 2.1105499380410873 0.001
0.5392858982086182  seconds  2.5204165283459026 -1.094727362394861 0.001
0.326007604598999  seconds  -2.5643487551347044 0.8364748445899188 0.001
0.30976176261901855  seconds  1.4996166493172458 2.124318164933276 0.001
0.5488653182983398  seconds  -1.7130589954144275 -1.9964895515357244 0.001
0.3142881393432617  seconds  0.014742745444748143 2.7765701771169855 0.001
0.5137150287628174  seconds  -0.27428389207047194 -2.740405466676373 0.001
0.3321566581726074  seconds  -2.557480609725635 -0.8941128733016062 0.001
0.5330216884613037  seconds  1.3580832437567023 -2.2068901703648476 0.001
0.32800745964050293  seconds  -1.57037478549881 2.0825314298597055 0.001
0.3391294479370117  seconds  -2.5699649652435532 0.7789555088721405 0.001
0.3402070999145508  seconds  -0.04359259345631008 2.775734124730637 0.001
0.5312936305999756  seconds  2.5823642548534234 0.5791998683570592 0.001
0.4149188995361328  seconds  1.452382921521951 2.1519994627510153 0.001
0.4000356197357178  seconds  -1.6654043423320848 -2.02556425883415 0.001
0.38066935539245605  seconds  -2.549146248629997 -0.9517658950098711 0.001
0.5504567623138428  seconds  2.533447252777827 -1.0376712067085851 0.001
0.4474961757659912  seconds  -0.21728147491450184 -2.7536580720896966 0.001
0.34673166275024414  seconds  -1.6178394323297536 2.0542226925221225 0.001
0.3655211925506592  seconds  -2.574522282018542 0.7216329708076883 0.001
0.35684752464294434  seconds  -0.10180820565082378 2.771547026424794 0.001
0.38699889183044434  seconds  1.405213573791574 2.1795108475788396 0.001
0.5948212146759033  seconds  1.405213573791574 -2.1795108475788396 0.001
0.401841402053833  seconds  -2.5391130682243386 -1.0093024952753313 0.001
0.5633080005645752  seconds  2.5797565600531702 0.635829171095334 0.001
0.411052942276001  seconds  -1.6654043423320848 2.02556425883415 0.001
0.6047258377075195  seconds  -1.617839432329755 -2.054222692522122 0.001
0.48243260383605957  seconds  -0.15975059774109523 -2.76412357931758 0.001
0.3452472686767578  seconds  -0.15975059774109523 2.76412357931758 0.001
0.4109773635864258  seconds  -2.578191699168098 0.6645625222565772 0.001
0.6203994750976562  seconds  2.5444108367704805 -0.980249529235122 0.001
0.3337998390197754  seconds  1.3580832437567025 2.2068901703648476 0.001
0.3785419464111328  seconds  -2.527136002232505 -1.066562831670188 0.001
0.3575918674468994  seconds  -1.7130589954144275 1.9964895515357244 0.001
0.3719162940979004  seconds  -0.1018082056508244 -2.771547026424794 0.001
0.5931577682495117  seconds  1.4523829215219501 -2.1519994627510157 0.001
0.355133056640625  seconds  -0.21728147491450184 2.753658072089696 0.001
0.3656318187713623  seconds  -2.58112244310445 0.6077797384996526 0.001
0.5449090003967285  seconds  2.5764777825450182 0.6927575761468447 0.001
0.3634974956512451  seconds  1.3109616857445152 2.2341696027173126 0.001
0.5381109714508057  seconds  -1.5703747854988113 -2.082531429859705 0.001
0.3621339797973633  seconds  -2.5129664152258444 -1.123359990436168 0.001
0.5963356494903564  seconds  2.55355547847467 -0.9226358947426595 0.001
0.35994505882263184  seconds  -1.7607802321047576 1.9669243002536942 0.001
0.3439469337463379  seconds  -0.27428389207047255 2.7404054666763726 0.001
0.37047243118286133  seconds  -0.043592593456311314 -2.775734124730637 0.001
0.3784759044647217  seconds  -2.5834433972261475 0.5513034762118226 0.001
0.43337583541870117  seconds  -1.5230103254342644 -2.110549938041087 0.001
0.6066770553588867  seconds  1.499616649317245 -2.124318164933277 0.001
0.40194177627563477  seconds  -2.496364784759419 -1.1794841476870264 0.001
0.5522494316101074  seconds  1.2638144847767034 2.261375628838429 0.001
0.5665688514709473  seconds  2.5723891595086994 0.7499583187162498 0.001
0.3766813278198242  seconds  -1.808529869724712 1.93678596377937 0.001
0.3198099136352539  seconds  -0.3306658270232124 2.7246595537574487 0.001
0.378770112991333  seconds  0.014742745444746911 -2.776570177116985 0.001
0.37383151054382324  seconds  -2.585264695424812 0.4951387196142214 0.001
0.6023926734924316  seconds  2.5611208519927793 -0.8649757999387989 0.001
0.3398864269256592  seconds  -1.475737107094284 -2.1383310582827937 0.001
0.3695249557495117  seconds  -2.477116885864053 -1.2347102551760807 0.001
0.32474851608276367  seconds  -0.38636108459237983 2.7067315224068915 0.001
0.3611898422241211  seconds  -1.8562519569754679 1.9059832477988705 0.001
0.38105344772338867  seconds  0.0730374041816678 -2.7740317726014543 0.001
0.5391473770141602  seconds  1.216603634762533 2.288528890090775 0.001
0.36809372901916504  seconds  -2.5866796740259637 0.4392790344065428 0.001
0.5412445068359375  seconds  2.56733081917169 0.8073864595176303 0.001
0.594235897064209  seconds  1.546934368132017 -2.0964232923462633 0.001
0.3632528781890869  seconds  -1.428538749261533 -2.165921399988922 0.001
0.32642030715942383  seconds  -0.44132826419516596 2.686931847016454 0.001
0.35619211196899414  seconds  -2.4550515489853626 -1.2888090011564657 0.001
0.3550150394439697  seconds  -1.903869702912718 1.8744156174597815 0.001
0.5852546691894531  seconds  2.56733081917169 -0.8073864595176302 0.001
0.3756239414215088  seconds  0.13113334729700338 -2.7681894667337357 0.001
0.37253546714782715  seconds  -2.587766672026949 0.38370877292378747 0.001
0.3638291358947754  seconds  -1.3813926139574881 -2.1933616718663864 0.001
0.5130348205566406  seconds  1.1692880133175794 2.315643877993936 0.001
0.3747060298919678  seconds  -0.4955481358343009 2.6655561316614684 0.001
0.5374946594238281  seconds  2.5611208519927793 0.864975799938799 0.001
0.3803901672363281  seconds  -2.4300582656933876 -1.3415605402856743 0.001
0.3653113842010498  seconds  -1.9512822678841701 1.8419732375863545 0.001
0.5804152488708496  seconds  1.5943488581263034 -2.0682651174349846 0.001
0.38645005226135254  seconds  0.1888838391229495 -2.7592001462732303 0.001
0.3801102638244629  seconds  -2.588590778061861 0.32840487698209786 0.001
0.5234882831573486  seconds  2.5723891595086994 -0.749958318716251 0.001
0.36870670318603516  seconds  -1.3342707735448245 -2.220686846285127 0.001
0.34584689140319824  seconds  -0.5490203914031471 2.642876088961955 0.001
0.38642191886901855  seconds  -2.4021010851638893 -1.3927691741793742 0.001
0.3858604431152344  seconds  -1.9983613854762359 1.8085371827148173 0.001
0.5213587284088135  seconds  1.121823778877748 2.342728435291999 0.001
0.3607954978942871  seconds  0.2461607567623879 -2.747291284670905 0.001
0.3593783378601074  seconds  -2.5892053656014746 0.2733384419453863 0.001
0.5728249549865723  seconds  2.55355547847467 0.9226358947426583 0.001
0.539543628692627  seconds  1.6418647898076535 -2.0397875325761023 0.001
0.3470480442047119  seconds  2.5764777825450182 -0.6927575761468446 0.001
0.3459036350250244  seconds  -1.2871407952319107 -2.2479262327453777 0.001
0.3266599178314209  seconds  -0.6017601265217389 2.6191341303089657 0.001
0.3473803997039795  seconds  -2.3712263376715494 -1.4422770181334434 0.001
0.3449239730834961  seconds  -2.044948490379552 1.7739805466925171 0.001
0.36684274673461914  seconds  1.0741647233867406 2.3697831210272766 0.001
0.3420901298522949  seconds  -2.5896534226118635 0.21847598755448336 0.001
0.3320901393890381  seconds  2.5797565600531707 -0.6358291710953341 0.001
0.3357410430908203  seconds  -1.2399663843692055 -2.275103390534434 0.001
0.3301081657409668  seconds  -0.653794570008582 2.5945416983180882 0.001
0.471268892288208  seconds  0.3028594761682664 -2.73274034157598 0.001
0.4179108142852783  seconds  1.6894771009123133 -2.0109275099712733 0.001
0.3386404514312744  seconds  -2.3375614428235223 -1.4899739645631098 0.001
0.5085844993591309  seconds  2.5444108367704805 0.9802495292351218 0.001
0.336489200592041  seconds  -2.0908524636846506 1.7381703686228274 0.001
0.33864355087280273  seconds  1.0262625890601154 2.396800250013096 0.001
0.34038734436035156  seconds  -1.192707906750923 -2.302235902701211 0.001
0.33614611625671387  seconds  -0.7051600501075227 2.5692794060047257 0.001
0.4109175205230713  seconds  2.582364254853423 -0.5791998683570603 0.001
0.367391586303710940.4728548526763916  seconds    seconds 1.7371691817689334  -1.9816146787850721 -2.58996866637030280.001 
0.1637805367531515 0.001
0.35172319412231445  seconds  -2.3013052278196877 -1.535802563880935 0.001
0.3624267578125  seconds  -2.1358489569223496 1.7009709636431292 0.001
0.5987884998321533  seconds  0.3589010613926262 -2.715852442820972 0.001
0.5389134883880615  seconds  2.533447252777827 1.0376712067085851 0.001
0.43782877922058105  seconds  0.978067401463296 2.4237628222786336 0.001
0.3384096622467041  seconds  -0.7558995133328641 2.5434988797609983 0.001
0.3415849208831787  seconds  -1.1453228164661544 -2.329334968490322 0.001
0.34760332107543945  seconds  1.7849105941792827 -1.951770675444928 0.001
0.3699228763580322  seconds  -2.2627117111624058 -1.5797575297975799 0.001
0.3419370651245117  seconds  -2.1796821378278324 1.6622489540473588 0.001
0.561453104019165  seconds  -2.5901764147348114 0.10921250981326809 0.001
0.5967965126037598  seconds  2.584420029988582 -0.5228811768348336 0.001
0.3606739044189453  seconds  -0.8060604639841447 2.517325236206357 0.001
0.36750149726867676  seconds  -1.0977660403410963 -2.3564048591010454 0.001
0.472614049911499  seconds  2.520416528345903 1.09472736239486 0.001
0.3633997440338135  seconds  1.8326545363304552 -1.921308581596467 0.001
0.5162777900695801  seconds  0.9295278087417181 2.4506430941336776 0.001
0.3599836826324463  seconds  -2.2220696284387937 1.621880018546557 0.001
0.5910842418670654  seconds  0.41423209864152305 -2.696940438575687 0.001
0.3589355945587158  seconds  -2.590294298572127 0.0547304819448725 0.001
0.3221089839935303  seconds  -1.04999028689951 -2.383442074707937 0.001
0.35350632667541504  seconds  1.8803349139537695 -1.8901324435364255 0.001
0.3579525947570801  seconds  2.5050726961977725 1.151219011053936 0.001
0.48187947273254395  seconds  2.586025311039966 -0.4668720209642142 0.001
0.340054988861084  seconds  0.8805915137343804 2.4774009019610066 0.001
0.36765360832214355  seconds  -2.590332714991222 0.0002918571845507145 0.001
0.33354616165161133  seconds  -1.0019463981885248 -2.410434393426496 0.001
0.5456571578979492  seconds  0.4688227487549126 -2.676308691826683 0.001
0.31394314765930176  seconds  0.8312057847546427 2.503981633982964 0.001
0.3609185218811035  seconds  1.9278632151442203 -1.858137050858898 0.001
0.3580009937286377  seconds  2.587265619800298 -0.4111610580857453 0.001
0.3742706775665283  seconds  2.4871866747792035 1.2069276581373576 0.001
0.3237497806549072  seconds  -0.9535836464092572 -2.4373595770137366 0.001
0.32746148109436035  seconds  1.9751251325415093 -1.8252078999727313 0.001
0.3275597095489502  seconds  2.588212397787364 -0.3557286884291001 0.001
0.3271951675415039  seconds  2.4665631768055416 1.2616245482637618 0.001
0.5001711845397949  seconds  0.5226637959839774 -2.6542416219739313 0.001
0.33680200576782227  seconds  -0.9048501492663067 -2.46418382829303 0.001
0.3288147449493408  seconds  2.588924627661668 -0.30054872495656715 0.001
0.3442089557647705  seconds  2.0219774426438892 -1.7912218623207516 0.001
0.33530688285827637  seconds  2.443058979150749 1.3150832210862105 0.001
0.31778645515441895  seconds  -0.8556933215261368 -2.490859972945399 0.001
0.5058436393737793  seconds  0.5757631412781956 -2.630996531335018 0.001
0.33901309967041016  seconds  2.5894502913142805 -0.24558979947269233 0.001
0.32170939445495605  seconds  2.4165990866023503 1.367093970923433 0.001
0.33080458641052246  seconds  2.068245303598149 -1.756048632078168 0.001
0.3121824264526367  seconds  2.5898275591776336 -0.19081654740874932 0.001
0.31473779678344727  seconds  2.3871878335018355 1.4174782899077583 0.001
0.3140583038330078  seconds  2.113720744113013 -1.7195533243637708 0.001
0.5293829441070557  seconds  0.6281424095088315 -2.606800314562162 0.001
0.33078527450561523  seconds  2.590085810216081 -0.13619056991760986 0.001
0.3279449939727783  seconds  2.3549122481312215 1.4661009050760796 0.001
0.3961985111236572  seconds  2.1581631515911974 -1.6816007449962507 0.001
0.316035747528076170.3158440589904785  seconds    seconds  2.5902464029850672.3199368491592125  -0.081671269215503511.5128775463083104  0.0010.001

0.524207592010498  seconds  0.679833779043181 -2.581848669480655 0.001
0.42671799659729004  seconds  2.2013023680520045 -1.6420610735975563 0.001
0.3453786373138428  seconds  2.590323267668923 -0.027216549085774006 0.001
0.3454594612121582  seconds  2.2824901075946693 1.5577769585551222 0.001
0.4255483150482178  seconds  0.730877193647902 -2.556307250048037 0.001
0.3405008316040039  seconds  2.242845865332361 1.6008178041760617 0.001
0.33728933334350586  seconds  0.7813181516352515 -2.5303139871227396 0.001
time for calc.... 15.055086851119995
180.60user 51.89system 2:02.01elapsed 190%CPU (0avgtext+0avgdata 9651148maxresident)k
0inputs+2936outputs (65major+7280097minor)pagefaults 0swaps
