reading lattice from... ./Lattices/sqKgridX6000.npy
reading lattice from... ./Lattices/sqKgridY6000.npy
starting sampling in reciprocal space....
 finished sampling in reciprocal space.... 0.06147599220275879
started calculating filling for chemical potential and dispersion parameters TB_single_band..
reading lattice from... ./Lattices/KgridX1200.npy
reading lattice from... ./Lattices/KgridY1200.npy
reading lattice from... ./Lattices/KgridX1200.npy
reading lattice from... ./Lattices/KgridY1200.npy
sum of the hist, normed? 1.0
finished calculating filling for chemical potential
Filling: 0.5005457254054085 .... chemical potential: 27.426155987022412
reading lattice from... ./Lattices/KgridX1200.npy
reading lattice from... ./Lattices/KgridY1200.npy
sum of the hist, normed? 0.9999999999999923
The fermi energy in mev is: 3043.586452905812, and in units of J: 294.35072078392767, the bandwidth is:494.39071566731144
reading lattice from... ./Lattices/KgridX1000.npy
reading lattice from... ./Lattices/KgridY1000.npy
the effective diffusion constant is ... 0.73310610013193 the scale C is ....  2.8352829583717805
reading lattice from... ./Lattices/KgridX6000.npy
reading lattice from... ./Lattices/KgridY6000.npy
reading lattice from... ./Lattices/sqKgridX6000.npy
reading lattice from... ./Lattices/sqKgridY6000.npy
energy at the point.. 2.607302062202848 -0.0069534984789219045  is  3.923355237134274e-06
200 the points 10 chunk numtheads
starting with calculation of Sigma
75.40103769302368  seconds  2.607302062202848 -0.0069534984789219045 0.0
77.91993379592896  seconds  2.607302062202848 -0.0069534984789219045 1.0
80.64615654945374  seconds  2.607302062202848 -0.0069534984789219045 2.0
82.94999098777771  seconds  2.607302062202848 -0.0069534984789219045 3.0
84.24564743041992  seconds  2.607302062202848 -0.0069534984789219045 4.0
84.38070464134216  seconds  2.607302062202848 -0.0069534984789219045 5.0
85.99688458442688  seconds  2.607302062202848 -0.0069534984789219045 6.0
87.48808002471924  seconds  2.607302062202848 -0.0069534984789219045 7.0
89.13953876495361  seconds  2.607302062202848 -0.0069534984789219045 8.0
92.14340782165527  seconds  2.607302062202848 -0.0069534984789219045 9.0
85.53493618965149  seconds  2.607302062202848 -0.0069534984789219045 11.0
90.82601499557495  seconds  2.607302062202848 -0.0069534984789219045 10.0
89.45890665054321  seconds  2.607302062202848 -0.0069534984789219045 12.0
77.98684740066528  seconds  2.607302062202848 -0.0069534984789219045 14.0
76.12550592422485  seconds  2.607302062202848 -0.0069534984789219045 1.1
94.54492926597595  seconds  2.607302062202848 -0.0069534984789219045 13.0
95.58162307739258  seconds  2.607302062202848 -0.0069534984789219045 0.1
75.66451215744019  seconds  2.607302062202848 -0.0069534984789219045 17.0
95.21371841430664  seconds  2.607302062202848 -0.0069534984789219045 15.0
94.7543568611145  seconds  2.607302062202848 -0.0069534984789219045 16.0
95.14889287948608  seconds  2.607302062202848 -0.0069534984789219045 2.1
94.50983333587646  seconds  2.607302062202848 -0.0069534984789219045 3.1
94.33286094665527  seconds  2.607302062202848 -0.0069534984789219045 18.0
94.02729082107544  seconds  2.607302062202848 -0.0069534984789219045 4.1000000000000005
95.28223919868469  seconds  2.607302062202848 -0.0069534984789219045 19.0
94.45192170143127  seconds  2.607302062202848 -0.0069534984789219045 5.1000000000000005
92.1749095916748  seconds  2.607302062202848 -0.0069534984789219045 6.1000000000000005
91.64341950416565  seconds  2.607302062202848 -0.0069534984789219045 7.1000000000000005
90.82380771636963  seconds  2.607302062202848 -0.0069534984789219045 8.1
80.03008675575256  seconds  2.607302062202848 -0.0069534984789219045 11.100000000000001
89.78374814987183  seconds  2.607302062202848 -0.0069534984789219045 9.1
89.30271220207214  seconds  2.607302062202848 -0.0069534984789219045 10.100000000000001
81.419358253479  seconds  2.607302062202848 -0.0069534984789219045 14.100000000000001
81.59320759773254  seconds  2.607302062202848 -0.0069534984789219045 12.100000000000001
78.40565156936646  seconds  2.607302062202848 -0.0069534984789219045 1.2000000000000002
79.66326761245728  seconds  2.607302062202848 -0.0069534984789219045 17.1
86.63500809669495  seconds  2.607302062202848 -0.0069534984789219045 13.100000000000001
85.9397087097168  seconds  2.607302062202848 -0.0069534984789219045 0.2
83.94852471351624  seconds  2.607302062202848 -0.0069534984789219045 15.100000000000001
83.00239992141724  seconds  2.607302062202848 -0.0069534984789219045 16.1
82.74674558639526  seconds  2.607302062202848 -0.0069534984789219045 2.2
81.57008290290833  seconds  2.607302062202848 -0.0069534984789219045 3.2
80.3171591758728  seconds  2.607302062202848 -0.0069534984789219045 18.1
81.60802340507507  seconds  2.607302062202848 -0.0069534984789219045 4.2
81.75683116912842  seconds  2.607302062202848 -0.0069534984789219045 19.1
82.18597745895386  seconds  2.607302062202848 -0.0069534984789219045 5.2
82.02812910079956  seconds  2.607302062202848 -0.0069534984789219045 6.2
81.30458927154541  seconds  2.607302062202848 -0.0069534984789219045 7.2
76.31544828414917  seconds  2.607302062202848 -0.0069534984789219045 11.200000000000001
81.37168955802917  seconds  2.607302062202848 -0.0069534984789219045 8.200000000000001
81.74133825302124  seconds  2.607302062202848 -0.0069534984789219045 9.200000000000001
78.17224025726318  seconds  2.607302062202848 -0.0069534984789219045 10.200000000000001
78.28971910476685  seconds  2.607302062202848 -0.0069534984789219045 12.200000000000001
78.4834713935852  seconds  2.607302062202848 -0.0069534984789219045 14.200000000000001
77.63943338394165  seconds  2.607302062202848 -0.0069534984789219045 1.3
77.83949375152588  seconds  2.607302062202848 -0.0069534984789219045 17.2
77.21672940254211  seconds  2.607302062202848 -0.0069534984789219045 13.200000000000001
77.97065615653992  seconds  2.607302062202848 -0.0069534984789219045 0.30000000000000004
81.20813226699829  seconds  2.607302062202848 -0.0069534984789219045 15.200000000000001
80.88982510566711  seconds  2.607302062202848 -0.0069534984789219045 16.2
81.86201477050781  seconds  2.607302062202848 -0.0069534984789219045 2.3000000000000003
77.4572286605835  seconds  2.607302062202848 -0.0069534984789219045 18.2
81.36886501312256  seconds  2.607302062202848 -0.0069534984789219045 3.3000000000000003
80.35507369041443  seconds  2.607302062202848 -0.0069534984789219045 4.3
81.33760118484497  seconds  2.607302062202848 -0.0069534984789219045 19.200000000000003
81.82248950004578  seconds  2.607302062202848 -0.0069534984789219045 5.300000000000001
81.91693305969238  seconds  2.607302062202848 -0.0069534984789219045 6.300000000000001
77.46989583969116  seconds  2.607302062202848 -0.0069534984789219045 11.3
81.8441572189331  seconds  2.607302062202848 -0.0069534984789219045 7.300000000000001
80.79989576339722  seconds  2.607302062202848 -0.0069534984789219045 8.3
77.67869758605957  seconds  2.607302062202848 -0.0069534984789219045 10.3
78.26865196228027  seconds  2.607302062202848 -0.0069534984789219045 1.4000000000000001
78.42258834838867  seconds  2.607302062202848 -0.0069534984789219045 14.3
78.51386380195618  seconds  2.607302062202848 -0.0069534984789219045 12.3
81.90536856651306  seconds  2.607302062202848 -0.0069534984789219045 9.3
77.31837964057922  seconds  2.607302062202848 -0.0069534984789219045 17.3
77.1168463230133  seconds  2.607302062202848 -0.0069534984789219045 13.3
77.41420388221741  seconds  2.607302062202848 -0.0069534984789219045 0.4
80.61534118652344  seconds  2.607302062202848 -0.0069534984789219045 15.3
81.69858360290527  seconds  2.607302062202848 -0.0069534984789219045 16.3
77.10401606559753  seconds  2.607302062202848 -0.0069534984789219045 18.3
81.65393900871277  seconds  2.607302062202848 -0.0069534984789219045 2.4000000000000004
81.20028901100159  seconds  2.607302062202848 -0.0069534984789219045 3.4000000000000004
81.65592789649963  seconds  2.607302062202848 -0.0069534984789219045 4.4
80.62805318832397  seconds  2.607302062202848 -0.0069534984789219045 19.3
81.69748902320862  seconds  2.607302062202848 -0.0069534984789219045 5.4
81.89014291763306  seconds  2.607302062202848 -0.0069534984789219045 6.4
77.0622992515564  seconds  2.607302062202848 -0.0069534984789219045 11.4
81.64684700965881  seconds  2.607302062202848 -0.0069534984789219045 7.4
81.92920398712158  seconds  2.607302062202848 -0.0069534984789219045 8.4
77.68328166007996  seconds  2.607302062202848 -0.0069534984789219045 10.4
77.08441257476807  seconds  2.607302062202848 -0.0069534984789219045 1.5
78.22909903526306  seconds  2.607302062202848 -0.0069534984789219045 12.4
78.52164435386658  seconds  2.607302062202848 -0.0069534984789219045 14.4
82.0486228466034  seconds  2.607302062202848 -0.0069534984789219045 9.4
76.55886101722717  seconds  2.607302062202848 -0.0069534984789219045 17.400000000000002
77.26637196540833  seconds  2.607302062202848 -0.0069534984789219045 13.4
78.09560441970825  seconds  2.607302062202848 -0.0069534984789219045 0.5
82.20349669456482  seconds  2.607302062202848 -0.0069534984789219045 15.4
78.96956825256348  seconds  2.607302062202848 -0.0069534984789219045 18.400000000000002
83.16556644439697  seconds  2.607302062202848 -0.0069534984789219045 16.400000000000002
82.38560509681702  seconds  2.607302062202848 -0.0069534984789219045 2.5
82.56257653236389  seconds  2.607302062202848 -0.0069534984789219045 3.5
82.50511455535889  seconds  2.607302062202848 -0.0069534984789219045 4.5
83.18082237243652  seconds  2.607302062202848 -0.0069534984789219045 19.400000000000002
83.09173107147217  seconds  2.607302062202848 -0.0069534984789219045 5.5
82.81670331954956  seconds  2.607302062202848 -0.0069534984789219045 11.5
83.66976189613342  seconds  2.607302062202848 -0.0069534984789219045 6.5
84.1756055355072  seconds  2.607302062202848 -0.0069534984789219045 7.5
84.1888427734375  seconds  2.607302062202848 -0.0069534984789219045 8.5
86.35936307907104  seconds  2.607302062202848 -0.0069534984789219045 10.5
84.40505456924438  seconds  2.607302062202848 -0.0069534984789219045 12.5
85.73427700996399  seconds  2.607302062202848 -0.0069534984789219045 1.6
84.56493711471558  seconds  2.607302062202848 -0.0069534984789219045 14.5
84.28436088562012  seconds  2.607302062202848 -0.0069534984789219045 9.5
84.05581974983215  seconds  2.607302062202848 -0.0069534984789219045 17.5
84.98724031448364  seconds  2.607302062202848 -0.0069534984789219045 13.5
84.43897080421448  seconds  2.607302062202848 -0.0069534984789219045 0.6000000000000001
85.36647081375122  seconds  2.607302062202848 -0.0069534984789219045 15.5
85.80089902877808  seconds  2.607302062202848 -0.0069534984789219045 18.5
84.55312824249268  seconds  2.607302062202848 -0.0069534984789219045 16.5
84.62872862815857  seconds  2.607302062202848 -0.0069534984789219045 2.6
84.13368773460388  seconds  2.607302062202848 -0.0069534984789219045 3.6
84.53576064109802  seconds  2.607302062202848 -0.0069534984789219045 4.6000000000000005
84.50217723846436  seconds  2.607302062202848 -0.0069534984789219045 19.5
84.29883813858032  seconds  2.607302062202848 -0.0069534984789219045 5.6000000000000005
83.77937889099121  seconds  2.607302062202848 -0.0069534984789219045 6.6000000000000005
85.01402044296265  seconds  2.607302062202848 -0.0069534984789219045 11.600000000000001
84.90749216079712  seconds  2.607302062202848 -0.0069534984789219045 7.6000000000000005
84.25993728637695  seconds  2.607302062202848 -0.0069534984789219045 8.6
86.0420970916748  seconds  2.607302062202848 -0.0069534984789219045 10.600000000000001
85.08474969863892  seconds  2.607302062202848 -0.0069534984789219045 12.600000000000001
85.52931022644043  seconds  2.607302062202848 -0.0069534984789219045 14.600000000000001
86.10184025764465  seconds  2.607302062202848 -0.0069534984789219045 1.7000000000000002
84.25099563598633  seconds  2.607302062202848 -0.0069534984789219045 9.600000000000001
85.04543113708496  seconds  2.607302062202848 -0.0069534984789219045 13.600000000000001
89.19866681098938  seconds  2.607302062202848 -0.0069534984789219045 17.6
84.33162784576416  seconds  2.607302062202848 -0.0069534984789219045 0.7000000000000001
84.58993482589722  seconds  2.607302062202848 -0.0069534984789219045 15.600000000000001
84.48630714416504  seconds  2.607302062202848 -0.0069534984789219045 16.6
87.42923188209534  seconds  2.607302062202848 -0.0069534984789219045 18.6
84.98694276809692  seconds  2.607302062202848 -0.0069534984789219045 2.7
84.53910613059998  seconds  2.607302062202848 -0.0069534984789219045 3.7
83.78403615951538  seconds  2.607302062202848 -0.0069534984789219045 4.7
84.21476078033447  seconds  2.607302062202848 -0.0069534984789219045 19.6
84.68130493164062  seconds  2.607302062202848 -0.0069534984789219045 5.7
84.33344888687134  seconds  2.607302062202848 -0.0069534984789219045 6.7
85.80728268623352  seconds  2.607302062202848 -0.0069534984789219045 11.700000000000001
83.31148529052734  seconds  2.607302062202848 -0.0069534984789219045 7.7
83.64825940132141  seconds  2.607302062202848 -0.0069534984789219045 8.700000000000001
85.46930646896362  seconds  2.607302062202848 -0.0069534984789219045 10.700000000000001
85.81617879867554  seconds  2.607302062202848 -0.0069534984789219045 12.700000000000001
83.86491274833679  seconds  2.607302062202848 -0.0069534984789219045 9.700000000000001
86.66059184074402  seconds  2.607302062202848 -0.0069534984789219045 1.8
87.74967813491821  seconds  2.607302062202848 -0.0069534984789219045 14.700000000000001
85.62866353988647  seconds  2.607302062202848 -0.0069534984789219045 13.700000000000001
86.82483339309692  seconds  2.607302062202848 -0.0069534984789219045 17.7
85.19789576530457  seconds  2.607302062202848 -0.0069534984789219045 0.8
84.07335424423218  seconds  2.607302062202848 -0.0069534984789219045 15.700000000000001
84.07069492340088  seconds  2.607302062202848 -0.0069534984789219045 16.7
84.9590106010437  seconds  2.607302062202848 -0.0069534984789219045 2.8000000000000003
85.98756265640259  seconds  2.607302062202848 -0.0069534984789219045 18.7
84.17770838737488  seconds  2.607302062202848 -0.0069534984789219045 3.8000000000000003
83.77416658401489  seconds  2.607302062202848 -0.0069534984789219045 4.800000000000001
83.50905227661133  seconds  2.607302062202848 -0.0069534984789219045 19.700000000000003
83.82104659080505  seconds  2.607302062202848 -0.0069534984789219045 5.800000000000001
83.03027415275574  seconds  2.607302062202848 -0.0069534984789219045 6.800000000000001
84.54551601409912  seconds  2.607302062202848 -0.0069534984789219045 11.8
84.57423138618469  seconds  2.607302062202848 -0.0069534984789219045 7.800000000000001
82.78177952766418  seconds  2.607302062202848 -0.0069534984789219045 8.8
83.41756534576416  seconds  2.607302062202848 -0.0069534984789219045 10.8
84.08253693580627  seconds  2.607302062202848 -0.0069534984789219045 12.8
83.23814988136292  seconds  2.607302062202848 -0.0069534984789219045 1.9000000000000001
84.33682227134705  seconds  2.607302062202848 -0.0069534984789219045 9.8
82.5267972946167  seconds  2.607302062202848 -0.0069534984789219045 14.8
82.66613483428955  seconds  2.607302062202848 -0.0069534984789219045 13.8
81.12347841262817  seconds  2.607302062202848 -0.0069534984789219045 17.8
81.44656658172607  seconds  2.607302062202848 -0.0069534984789219045 0.9
86.17013597488403  seconds  2.607302062202848 -0.0069534984789219045 15.8
78.82595586776733  seconds  2.607302062202848 -0.0069534984789219045 18.8
86.38580417633057  seconds  2.607302062202848 -0.0069534984789219045 16.8
85.93875670433044  seconds  2.607302062202848 -0.0069534984789219045 2.9000000000000004
85.98467540740967  seconds  2.607302062202848 -0.0069534984789219045 3.9000000000000004
84.63495945930481  seconds  2.607302062202848 -0.0069534984789219045 4.9
84.40441656112671  seconds  2.607302062202848 -0.0069534984789219045 19.8
77.52895379066467  seconds  2.607302062202848 -0.0069534984789219045 11.9
86.25107169151306  seconds  2.607302062202848 -0.0069534984789219045 5.9
83.5113091468811  seconds  2.607302062202848 -0.0069534984789219045 6.9
83.73107862472534  seconds  2.607302062202848 -0.0069534984789219045 7.9
82.88924813270569  seconds  2.607302062202848 -0.0069534984789219045 8.9
76.9065535068512  seconds  2.607302062202848 -0.0069534984789219045 10.9
77.86436939239502  seconds  2.607302062202848 -0.0069534984789219045 12.9
77.40919804573059  seconds  2.607302062202848 -0.0069534984789219045 14.9
80.33303236961365  seconds  2.607302062202848 -0.0069534984789219045 9.9
74.45928168296814  seconds  2.607302062202848 -0.0069534984789219045 13.9
74.24599170684814  seconds  2.607302062202848 -0.0069534984789219045 17.900000000000002
71.11357426643372  seconds  2.607302062202848 -0.0069534984789219045 15.9
71.01442074775696  seconds  2.607302062202848 -0.0069534984789219045 18.900000000000002
69.05894494056702  seconds  2.607302062202848 -0.0069534984789219045 16.900000000000002
64.97191500663757  seconds  2.607302062202848 -0.0069534984789219045 19.900000000000002
time for calc.... 938.7867383956909
energy at the point.. 2.6065504737387184 0.2694480660582359  is  2.9915582295814147e-06
200 the points 10 chunk numtheads
starting with calculation of Sigma
74.9788293838501  seconds  2.6065504737387184 0.2694480660582359 0.0
76.31615209579468  seconds  2.6065504737387184 0.2694480660582359 1.0
77.91288137435913  seconds  2.6065504737387184 0.2694480660582359 2.0
79.75217008590698  seconds  2.6065504737387184 0.2694480660582359 3.0
81.36176872253418  seconds  2.6065504737387184 0.2694480660582359 4.0
83.26846098899841  seconds  2.6065504737387184 0.2694480660582359 5.0
87.06102561950684  seconds  2.6065504737387184 0.2694480660582359 6.0
87.74374675750732  seconds  2.6065504737387184 0.2694480660582359 7.0
74.8175196647644  seconds  2.6065504737387184 0.2694480660582359 10.0
89.18992280960083  seconds  2.6065504737387184 0.2694480660582359 8.0
89.42949652671814  seconds  2.6065504737387184 0.2694480660582359 9.0
72.02023124694824  seconds  2.6065504737387184 0.2694480660582359 12.0
90.93429732322693  seconds  2.6065504737387184 0.2694480660582359 11.0
75.85056281089783  seconds  2.6065504737387184 0.2694480660582359 15.0
94.83815002441406  seconds  2.6065504737387184 0.2694480660582359 13.0
96.20534086227417  seconds  2.6065504737387184 0.2694480660582359 0.1
96.50801920890808  seconds  2.6065504737387184 0.2694480660582359 14.0
96.00855755805969  seconds  2.6065504737387184 0.2694480660582359 1.1
95.19904804229736  seconds  2.6065504737387184 0.2694480660582359 2.1
95.27209615707397  seconds  2.6065504737387184 0.2694480660582359 16.0
78.99440884590149  seconds  2.6065504737387184 0.2694480660582359 19.0
96.80987930297852  seconds  2.6065504737387184 0.2694480660582359 3.1
99.14539074897766  seconds  2.6065504737387184 0.2694480660582359 17.0
98.43212008476257  seconds  2.6065504737387184 0.2694480660582359 4.1000000000000005
97.32235860824585  seconds  2.6065504737387184 0.2694480660582359 18.0
76.85297632217407  seconds  2.6065504737387184 0.2694480660582359 10.100000000000001
97.19569659233093  seconds  2.6065504737387184 0.2694480660582359 5.1000000000000005
83.17003345489502  seconds  2.6065504737387184 0.2694480660582359 8.1
97.68119263648987  seconds  2.6065504737387184 0.2694480660582359 6.1000000000000005
78.04562282562256  seconds  2.6065504737387184 0.2694480660582359 12.100000000000001
96.99989461898804  seconds  2.6065504737387184 0.2694480660582359 7.1000000000000005
97.45868372917175  seconds  2.6065504737387184 0.2694480660582359 9.1
77.57232975959778  seconds  2.6065504737387184 0.2694480660582359 15.100000000000001
96.00030422210693  seconds  2.6065504737387184 0.2694480660582359 11.100000000000001
95.52097606658936  seconds  2.6065504737387184 0.2694480660582359 13.100000000000001
96.15339970588684  seconds  2.6065504737387184 0.2694480660582359 0.2
78.55309581756592  seconds  2.6065504737387184 0.2694480660582359 19.1
96.7512218952179  seconds  2.6065504737387184 0.2694480660582359 14.100000000000001
96.84707880020142  seconds  2.6065504737387184 0.2694480660582359 1.2000000000000002
95.0926992893219  seconds  2.6065504737387184 0.2694480660582359 2.2
95.3760449886322  seconds  2.6065504737387184 0.2694480660582359 16.1
78.63418006896973  seconds  2.6065504737387184 0.2694480660582359 10.200000000000001
95.79921507835388  seconds  2.6065504737387184 0.2694480660582359 3.2
79.03678488731384  seconds  2.6065504737387184 0.2694480660582359 8.200000000000001
96.08591079711914  seconds  2.6065504737387184 0.2694480660582359 17.1
78.100332736969  seconds  2.6065504737387184 0.2694480660582359 12.200000000000001
96.42324328422546  seconds  2.6065504737387184 0.2694480660582359 4.2
96.45100140571594  seconds  2.6065504737387184 0.2694480660582359 18.1
96.19666767120361  seconds  2.6065504737387184 0.2694480660582359 5.2
95.22675132751465  seconds  2.6065504737387184 0.2694480660582359 6.2
78.10827445983887  seconds  2.6065504737387184 0.2694480660582359 15.200000000000001
95.17043733596802  seconds  2.6065504737387184 0.2694480660582359 7.2
96.08437371253967  seconds  2.6065504737387184 0.2694480660582359 9.200000000000001
96.51659917831421  seconds  2.6065504737387184 0.2694480660582359 11.200000000000001
75.59657716751099  seconds  2.6065504737387184 0.2694480660582359 19.200000000000003
96.31992840766907  seconds  2.6065504737387184 0.2694480660582359 13.200000000000001
78.07349467277527  seconds  2.6065504737387184 0.2694480660582359 10.3
98.31954503059387  seconds  2.6065504737387184 0.2694480660582359 0.30000000000000004
97.90535950660706  seconds  2.6065504737387184 0.2694480660582359 14.200000000000001
78.96162509918213  seconds  2.6065504737387184 0.2694480660582359 8.3
97.90043830871582  seconds  2.6065504737387184 0.2694480660582359 1.3
78.53962278366089  seconds  2.6065504737387184 0.2694480660582359 12.3
95.83424401283264  seconds  2.6065504737387184 0.2694480660582359 2.3000000000000003
96.81994247436523  seconds  2.6065504737387184 0.2694480660582359 16.2
95.11798858642578  seconds  2.6065504737387184 0.2694480660582359 3.3000000000000003
95.73018980026245  seconds  2.6065504737387184 0.2694480660582359 17.2
96.78281044960022  seconds  2.6065504737387184 0.2694480660582359 4.3
79.49299716949463  seconds  2.6065504737387184 0.2694480660582359 15.3
97.78388667106628  seconds  2.6065504737387184 0.2694480660582359 18.2
97.33256602287292  seconds  2.6065504737387184 0.2694480660582359 5.300000000000001
96.67548155784607  seconds  2.6065504737387184 0.2694480660582359 6.300000000000001
96.67339086532593  seconds  2.6065504737387184 0.2694480660582359 7.300000000000001
78.36716079711914  seconds  2.6065504737387184 0.2694480660582359 19.3
96.98253440856934  seconds  2.6065504737387184 0.2694480660582359 9.3
75.84900665283203  seconds  2.6065504737387184 0.2694480660582359 10.4
96.64539098739624  seconds  2.6065504737387184 0.2694480660582359 11.3
75.59396028518677  seconds  2.6065504737387184 0.2694480660582359 8.4
76.51392984390259  seconds  2.6065504737387184 0.2694480660582359 12.4
95.99224328994751  seconds  2.6065504737387184 0.2694480660582359 13.3
96.8381290435791  seconds  2.6065504737387184 0.2694480660582359 0.4
96.71027278900146  seconds  2.6065504737387184 0.2694480660582359 14.3
95.93792986869812  seconds  2.6065504737387184 0.2694480660582359 1.4000000000000001
96.40610408782959  seconds  2.6065504737387184 0.2694480660582359 2.4000000000000004
78.51900625228882  seconds  2.6065504737387184 0.2694480660582359 15.4
96.23903012275696  seconds  2.6065504737387184 0.2694480660582359 16.3
97.12812352180481  seconds  2.6065504737387184 0.2694480660582359 3.4000000000000004
95.87660098075867  seconds  2.6065504737387184 0.2694480660582359 17.3
96.65282130241394  seconds  2.6065504737387184 0.2694480660582359 4.4
96.31620812416077  seconds  2.6065504737387184 0.2694480660582359 18.3
98.00862741470337  seconds  2.6065504737387184 0.2694480660582359 5.4
95.35826706886292  seconds  2.6065504737387184 0.2694480660582359 6.4
79.92675614356995  seconds  2.6065504737387184 0.2694480660582359 19.400000000000002
93.7511990070343  seconds  2.6065504737387184 0.2694480660582359 7.4
80.2194995880127  seconds  2.6065504737387184 0.2694480660582359 10.5
92.71925806999207  seconds  2.6065504737387184 0.2694480660582359 9.4
80.89516091346741  seconds  2.6065504737387184 0.2694480660582359 8.5
80.12440729141235  seconds  2.6065504737387184 0.2694480660582359 12.5
91.60118198394775  seconds  2.6065504737387184 0.2694480660582359 11.4
88.94041514396667  seconds  2.6065504737387184 0.2694480660582359 13.4
86.52485466003418  seconds  2.6065504737387184 0.2694480660582359 0.5
76.25498652458191  seconds  2.6065504737387184 0.2694480660582359 15.5
86.58597350120544  seconds  2.6065504737387184 0.2694480660582359 14.4
85.34051752090454  seconds  2.6065504737387184 0.2694480660582359 1.5
85.56500267982483  seconds  2.6065504737387184 0.2694480660582359 2.5
84.31181287765503  seconds  2.6065504737387184 0.2694480660582359 16.400000000000002
83.35686349868774  seconds  2.6065504737387184 0.2694480660582359 3.5
80.20691323280334  seconds  2.6065504737387184 0.2694480660582359 17.400000000000002
82.73370480537415  seconds  2.6065504737387184 0.2694480660582359 4.5
82.49830484390259  seconds  2.6065504737387184 0.2694480660582359 18.400000000000002
81.10142159461975  seconds  2.6065504737387184 0.2694480660582359 5.5
76.91664934158325  seconds  2.6065504737387184 0.2694480660582359 19.5
81.87420630455017  seconds  2.6065504737387184 0.2694480660582359 6.5
81.84036374092102  seconds  2.6065504737387184 0.2694480660582359 7.5
76.386803150177  seconds  2.6065504737387184 0.2694480660582359 10.600000000000001
80.5628125667572  seconds  2.6065504737387184 0.2694480660582359 9.5
77.54777216911316  seconds  2.6065504737387184 0.2694480660582359 12.600000000000001
78.37075781822205  seconds  2.6065504737387184 0.2694480660582359 8.6
81.69972252845764  seconds  2.6065504737387184 0.2694480660582359 11.5
78.66004204750061  seconds  2.6065504737387184 0.2694480660582359 13.5
77.8933835029602  seconds  2.6065504737387184 0.2694480660582359 15.600000000000001
82.10896730422974  seconds  2.6065504737387184 0.2694480660582359 0.6000000000000001
82.06976294517517  seconds  2.6065504737387184 0.2694480660582359 14.5
82.27522397041321  seconds  2.6065504737387184 0.2694480660582359 1.6
76.99649715423584  seconds  2.6065504737387184 0.2694480660582359 16.5
81.62463760375977  seconds  2.6065504737387184 0.2694480660582359 2.6
76.54656195640564  seconds  2.6065504737387184 0.2694480660582359 17.5
80.77769136428833  seconds  2.6065504737387184 0.2694480660582359 3.6
80.86047720909119  seconds  2.6065504737387184 0.2694480660582359 4.6000000000000005
76.53201818466187  seconds  2.6065504737387184 0.2694480660582359 5.6000000000000005
81.41423320770264  seconds  2.6065504737387184 0.2694480660582359 18.5
77.49466443061829  seconds  2.6065504737387184 0.2694480660582359 19.6
81.68284964561462  seconds  2.6065504737387184 0.2694480660582359 6.6000000000000005
81.3993604183197  seconds  2.6065504737387184 0.2694480660582359 7.6000000000000005
76.64964699745178  seconds  2.6065504737387184 0.2694480660582359 10.700000000000001
81.22782683372498  seconds  2.6065504737387184 0.2694480660582359 9.600000000000001
77.35518169403076  seconds  2.6065504737387184 0.2694480660582359 12.700000000000001
78.08771204948425  seconds  2.6065504737387184 0.2694480660582359 8.700000000000001
81.79214334487915  seconds  2.6065504737387184 0.2694480660582359 11.600000000000001
76.82091760635376  seconds  2.6065504737387184 0.2694480660582359 13.600000000000001
76.748375415802  seconds  2.6065504737387184 0.2694480660582359 15.700000000000001
81.5801043510437  seconds  2.6065504737387184 0.2694480660582359 0.7000000000000001
77.49381494522095  seconds  2.6065504737387184 0.2694480660582359 16.6
82.18896126747131  seconds  2.6065504737387184 0.2694480660582359 14.600000000000001
82.08804392814636  seconds  2.6065504737387184 0.2694480660582359 1.7000000000000002
76.73183584213257  seconds  2.6065504737387184 0.2694480660582359 17.6
81.58138084411621  seconds  2.6065504737387184 0.2694480660582359 2.7
81.36136937141418  seconds  2.6065504737387184 0.2694480660582359 3.7
76.86973738670349  seconds  2.6065504737387184 0.2694480660582359 5.7
80.0951156616211  seconds  2.6065504737387184 0.2694480660582359 4.7
77.10151290893555  seconds  2.6065504737387184 0.2694480660582359 19.700000000000003
81.72999548912048  seconds  2.6065504737387184 0.2694480660582359 18.6
76.52160120010376  seconds  2.6065504737387184 0.2694480660582359 10.8
81.80145955085754  seconds  2.6065504737387184 0.2694480660582359 6.7
81.3810806274414  seconds  2.6065504737387184 0.2694480660582359 7.7
77.4334352016449  seconds  2.6065504737387184 0.2694480660582359 12.8
77.18879795074463  seconds  2.6065504737387184 0.2694480660582359 8.8
80.75844860076904  seconds  2.6065504737387184 0.2694480660582359 9.700000000000001
81.65590834617615  seconds  2.6065504737387184 0.2694480660582359 11.700000000000001
76.4803524017334  seconds  2.6065504737387184 0.2694480660582359 13.700000000000001
76.80264949798584  seconds  2.6065504737387184 0.2694480660582359 15.8
77.20667481422424  seconds  2.6065504737387184 0.2694480660582359 16.7
81.47159743309021  seconds  2.6065504737387184 0.2694480660582359 0.8
78.45163178443909  seconds  2.6065504737387184 0.2694480660582359 17.7
82.21525573730469  seconds  2.6065504737387184 0.2694480660582359 14.700000000000001
82.2158408164978  seconds  2.6065504737387184 0.2694480660582359 1.8
81.86252498626709  seconds  2.6065504737387184 0.2694480660582359 2.8000000000000003
80.97047996520996  seconds  2.6065504737387184 0.2694480660582359 3.8000000000000003
76.8395357131958  seconds  2.6065504737387184 0.2694480660582359 5.800000000000001
77.61606884002686  seconds  2.6065504737387184 0.2694480660582359 19.8
80.97445249557495  seconds  2.6065504737387184 0.2694480660582359 4.800000000000001
81.24516654014587  seconds  2.6065504737387184 0.2694480660582359 18.7
77.45843863487244  seconds  2.6065504737387184 0.2694480660582359 10.9
81.24242448806763  seconds  2.6065504737387184 0.2694480660582359 6.800000000000001
81.50741291046143  seconds  2.6065504737387184 0.2694480660582359 7.800000000000001
76.46640753746033  seconds  2.6065504737387184 0.2694480660582359 12.9
76.19408679008484  seconds  2.6065504737387184 0.2694480660582359 8.9
80.32693243026733  seconds  2.6065504737387184 0.2694480660582359 9.8
74.94163131713867  seconds  2.6065504737387184 0.2694480660582359 13.8
76.18469905853271  seconds  2.6065504737387184 0.2694480660582359 15.9
82.88123917579651  seconds  2.6065504737387184 0.2694480660582359 11.8
75.57412838935852  seconds  2.6065504737387184 0.2694480660582359 16.8
74.71943545341492  seconds  2.6065504737387184 0.2694480660582359 17.8
81.0575098991394  seconds  2.6065504737387184 0.2694480660582359 0.9
81.0145034790039  seconds  2.6065504737387184 0.2694480660582359 14.8
80.10204195976257  seconds  2.6065504737387184 0.2694480660582359 2.9000000000000004
82.34773755073547  seconds  2.6065504737387184 0.2694480660582359 1.9000000000000001
74.32584023475647  seconds  2.6065504737387184 0.2694480660582359 5.9
79.4848735332489  seconds  2.6065504737387184 0.2694480660582359 3.9000000000000004
73.76952385902405  seconds  2.6065504737387184 0.2694480660582359 19.900000000000002
76.35527729988098  seconds  2.6065504737387184 0.2694480660582359 4.9
76.68078804016113  seconds  2.6065504737387184 0.2694480660582359 18.8
76.12680125236511  seconds  2.6065504737387184 0.2694480660582359 6.9
74.78472685813904  seconds  2.6065504737387184 0.2694480660582359 7.9
71.87634992599487  seconds  2.6065504737387184 0.2694480660582359 9.9
69.19660305976868  seconds  2.6065504737387184 0.2694480660582359 13.9
67.97463393211365  seconds  2.6065504737387184 0.2694480660582359 11.9
66.66269278526306  seconds  2.6065504737387184 0.2694480660582359 16.900000000000002
65.6974425315857  seconds  2.6065504737387184 0.2694480660582359 17.900000000000002
63.77351713180542  seconds  2.6065504737387184 0.2694480660582359 14.9
60.675190925598145  seconds  2.6065504737387184 0.2694480660582359 18.900000000000002
time for calc.... 964.6731283664703
energy at the point.. 2.602114031264387 0.5441112559756629  is  7.517785363120311e-06
200 the points 10 chunk numtheads
starting with calculation of Sigma
74.56248116493225  seconds  2.602114031264387 0.5441112559756629 0.0
76.08559775352478  seconds  2.602114031264387 0.5441112559756629 1.0
78.4507966041565  seconds  2.602114031264387 0.5441112559756629 2.0
81.88406324386597  seconds  2.602114031264387 0.5441112559756629 3.0
82.63096618652344  seconds  2.602114031264387 0.5441112559756629 4.0
84.57746124267578  seconds  2.602114031264387 0.5441112559756629 5.0
86.43434500694275  seconds  2.602114031264387 0.5441112559756629 6.0
88.92309856414795  seconds  2.602114031264387 0.5441112559756629 7.0
90.40954327583313  seconds  2.602114031264387 0.5441112559756629 8.0
84.2204430103302  seconds  2.602114031264387 0.5441112559756629 9.0
75.59523749351501  seconds  2.602114031264387 0.5441112559756629 12.0
92.09493231773376  seconds  2.602114031264387 0.5441112559756629 10.0
93.26990222930908  seconds  2.602114031264387 0.5441112559756629 11.0
73.66974425315857  seconds  2.602114031264387 0.5441112559756629 15.0
95.88070392608643  seconds  2.602114031264387 0.5441112559756629 13.0
95.85160756111145  seconds  2.602114031264387 0.5441112559756629 0.1
97.15956354141235  seconds  2.602114031264387 0.5441112559756629 14.0
96.56460285186768  seconds  2.602114031264387 0.5441112559756629 1.1
93.34240484237671  seconds  2.602114031264387 0.5441112559756629 2.1
96.9393081665039  seconds  2.602114031264387 0.5441112559756629 16.0
78.9604959487915  seconds  2.602114031264387 0.5441112559756629 19.0
95.74283218383789  seconds  2.602114031264387 0.5441112559756629 3.1
96.28254842758179  seconds  2.602114031264387 0.5441112559756629 17.0
96.42976593971252  seconds  2.602114031264387 0.5441112559756629 4.1000000000000005
83.73924446105957  seconds  2.602114031264387 0.5441112559756629 6.1000000000000005
96.41331672668457  seconds  2.602114031264387 0.5441112559756629 18.0
96.44300746917725  seconds  2.602114031264387 0.5441112559756629 5.1000000000000005
78.0587842464447  seconds  2.602114031264387 0.5441112559756629 9.1
77.4671630859375  seconds  2.602114031264387 0.5441112559756629 12.100000000000001
95.07393312454224  seconds  2.602114031264387 0.5441112559756629 7.1000000000000005
95.35665130615234  seconds  2.602114031264387 0.5441112559756629 8.1
77.278559923172  seconds  2.602114031264387 0.5441112559756629 15.100000000000001
97.26676034927368  seconds  2.602114031264387 0.5441112559756629 10.100000000000001
95.76317167282104  seconds  2.602114031264387 0.5441112559756629 11.100000000000001
95.9244875907898  seconds  2.602114031264387 0.5441112559756629 13.100000000000001
95.06824469566345  seconds  2.602114031264387 0.5441112559756629 0.2
78.14840602874756  seconds  2.602114031264387 0.5441112559756629 19.1
95.51389288902283  seconds  2.602114031264387 0.5441112559756629 14.100000000000001
95.03160572052002  seconds  2.602114031264387 0.5441112559756629 1.2000000000000002
94.66118025779724  seconds  2.602114031264387 0.5441112559756629 2.2
77.26135659217834  seconds  2.602114031264387 0.5441112559756629 6.2
94.79347157478333  seconds  2.602114031264387 0.5441112559756629 16.1
78.95655727386475  seconds  2.602114031264387 0.5441112559756629 9.200000000000001
95.82162070274353  seconds  2.602114031264387 0.5441112559756629 3.2
96.0821738243103  seconds  2.602114031264387 0.5441112559756629 17.1
96.35255146026611  seconds  2.602114031264387 0.5441112559756629 4.2
77.58492302894592  seconds  2.602114031264387 0.5441112559756629 12.200000000000001
95.82796001434326  seconds  2.602114031264387 0.5441112559756629 18.1
95.07720518112183  seconds  2.602114031264387 0.5441112559756629 5.2
95.5300874710083  seconds  2.602114031264387 0.5441112559756629 7.2
78.80258202552795  seconds  2.602114031264387 0.5441112559756629 15.200000000000001
95.70054936408997  seconds  2.602114031264387 0.5441112559756629 8.200000000000001
99.63067269325256  seconds  2.602114031264387 0.5441112559756629 10.200000000000001
95.76256370544434  seconds  2.602114031264387 0.5441112559756629 11.200000000000001
77.83566880226135  seconds  2.602114031264387 0.5441112559756629 19.200000000000003
78.69073677062988  seconds  2.602114031264387 0.5441112559756629 6.300000000000001
95.57455468177795  seconds  2.602114031264387 0.5441112559756629 13.200000000000001
95.24351835250854  seconds  2.602114031264387 0.5441112559756629 0.30000000000000004
95.56166219711304  seconds  2.602114031264387 0.5441112559756629 14.200000000000001
79.50995516777039  seconds  2.602114031264387 0.5441112559756629 9.3
95.39972996711731  seconds  2.602114031264387 0.5441112559756629 1.3
94.64648699760437  seconds  2.602114031264387 0.5441112559756629 2.3000000000000003
79.33116245269775  seconds  2.602114031264387 0.5441112559756629 12.3
93.06032872200012  seconds  2.602114031264387 0.5441112559756629 16.2
93.56433963775635  seconds  2.602114031264387 0.5441112559756629 3.3000000000000003
93.50784397125244  seconds  2.602114031264387 0.5441112559756629 17.2
93.55127167701721  seconds  2.602114031264387 0.5441112559756629 4.3
93.48708271980286  seconds  2.602114031264387 0.5441112559756629 18.2
90.93929123878479  seconds  2.602114031264387 0.5441112559756629 5.300000000000001
81.00715208053589  seconds  2.602114031264387 0.5441112559756629 15.3
90.43157863616943  seconds  2.602114031264387 0.5441112559756629 7.300000000000001
91.79551315307617  seconds  2.602114031264387 0.5441112559756629 8.3
78.77297902107239  seconds  2.602114031264387 0.5441112559756629 19.3
86.84353160858154  seconds  2.602114031264387 0.5441112559756629 10.3
87.69457077980042  seconds  2.602114031264387 0.5441112559756629 11.3
76.0299551486969  seconds  2.602114031264387 0.5441112559756629 6.4
82.64358639717102  seconds  2.602114031264387 0.5441112559756629 13.3
82.28822469711304  seconds  2.602114031264387 0.5441112559756629 0.4
76.43470048904419  seconds  2.602114031264387 0.5441112559756629 9.4
80.93343472480774  seconds  2.602114031264387 0.5441112559756629 1.4000000000000001
84.1056399345398  seconds  2.602114031264387 0.5441112559756629 14.3
76.97128629684448  seconds  2.602114031264387 0.5441112559756629 12.4
82.53346109390259  seconds  2.602114031264387 0.5441112559756629 2.4000000000000004
81.92143058776855  seconds  2.602114031264387 0.5441112559756629 16.3
75.94118618965149  seconds  2.602114031264387 0.5441112559756629 17.3
81.7858955860138  seconds  2.602114031264387 0.5441112559756629 3.4000000000000004
78.70850372314453  seconds  2.602114031264387 0.5441112559756629 5.4
82.53176140785217  seconds  2.602114031264387 0.5441112559756629 4.4
81.33219075202942  seconds  2.602114031264387 0.5441112559756629 18.3
76.77320861816406  seconds  2.602114031264387 0.5441112559756629 15.4
81.59095478057861  seconds  2.602114031264387 0.5441112559756629 7.4
81.5931167602539  seconds  2.602114031264387 0.5441112559756629 8.4
78.1647584438324  seconds  2.602114031264387 0.5441112559756629 19.400000000000002
77.0747401714325  seconds  2.602114031264387 0.5441112559756629 6.5
80.74432063102722  seconds  2.602114031264387 0.5441112559756629 10.4
81.57810878753662  seconds  2.602114031264387 0.5441112559756629 11.4
76.8459701538086  seconds  2.602114031264387 0.5441112559756629 9.5
81.2712471485138  seconds  2.602114031264387 0.5441112559756629 13.4
81.42963743209839  seconds  2.602114031264387 0.5441112559756629 0.5
78.0255925655365  seconds  2.602114031264387 0.5441112559756629 1.5
78.28032517433167  seconds  2.602114031264387 0.5441112559756629 14.4
78.00619697570801  seconds  2.602114031264387 0.5441112559756629 12.5
81.49410033226013  seconds  2.602114031264387 0.5441112559756629 2.5
76.57236814498901  seconds  2.602114031264387 0.5441112559756629 17.400000000000002
80.79967141151428  seconds  2.602114031264387 0.5441112559756629 16.400000000000002
81.29783821105957  seconds  2.602114031264387 0.5441112559756629 3.5
78.2692883014679  seconds  2.602114031264387 0.5441112559756629 5.5
77.87027287483215  seconds  2.602114031264387 0.5441112559756629 15.5
81.5541160106659  seconds  2.602114031264387 0.5441112559756629 4.5
80.9227225780487  seconds  2.602114031264387 0.5441112559756629 18.400000000000002
81.00998568534851  seconds  2.602114031264387 0.5441112559756629 7.5
80.91234850883484  seconds  2.602114031264387 0.5441112559756629 8.5
76.89579820632935  seconds  2.602114031264387 0.5441112559756629 19.5
78.76546239852905  seconds  2.602114031264387 0.5441112559756629 6.6000000000000005
81.88826990127563  seconds  2.602114031264387 0.5441112559756629 10.5
82.53066444396973  seconds  2.602114031264387 0.5441112559756629 11.5
77.61702966690063  seconds  2.602114031264387 0.5441112559756629 9.600000000000001
82.40258240699768  seconds  2.602114031264387 0.5441112559756629 13.5
82.03350925445557  seconds  2.602114031264387 0.5441112559756629 0.6000000000000001
80.33414912223816  seconds  2.602114031264387 0.5441112559756629 1.6
81.084552526474  seconds  2.602114031264387 0.5441112559756629 14.5
80.87569451332092  seconds  2.602114031264387 0.5441112559756629 12.600000000000001
82.77135801315308  seconds  2.602114031264387 0.5441112559756629 2.6
81.3712682723999  seconds  2.602114031264387 0.5441112559756629 17.5
82.38510012626648  seconds  2.602114031264387 0.5441112559756629 16.5
82.71635293960571  seconds  2.602114031264387 0.5441112559756629 3.6
82.17370700836182  seconds  2.602114031264387 0.5441112559756629 15.600000000000001
83.89087510108948  seconds  2.602114031264387 0.5441112559756629 5.6000000000000005
82.90458583831787  seconds  2.602114031264387 0.5441112559756629 4.6000000000000005
83.49498248100281  seconds  2.602114031264387 0.5441112559756629 18.5
82.63641357421875  seconds  2.602114031264387 0.5441112559756629 7.6000000000000005
83.51735019683838  seconds  2.602114031264387 0.5441112559756629 8.6
86.1875684261322  seconds  2.602114031264387 0.5441112559756629 19.6
84.69148397445679  seconds  2.602114031264387 0.5441112559756629 6.7
83.92346692085266  seconds  2.602114031264387 0.5441112559756629 10.600000000000001
83.68356847763062  seconds  2.602114031264387 0.5441112559756629 11.600000000000001
82.2700047492981  seconds  2.602114031264387 0.5441112559756629 9.700000000000001
83.55051612854004  seconds  2.602114031264387 0.5441112559756629 13.600000000000001
83.28038573265076  seconds  2.602114031264387 0.5441112559756629 0.7000000000000001
83.55080461502075  seconds  2.602114031264387 0.5441112559756629 1.7000000000000002
84.93998575210571  seconds  2.602114031264387 0.5441112559756629 14.600000000000001
84.66346955299377  seconds  2.602114031264387 0.5441112559756629 12.700000000000001
83.69901251792908  seconds  2.602114031264387 0.5441112559756629 2.7
84.24099850654602  seconds  2.602114031264387 0.5441112559756629 17.6
83.43710160255432  seconds  2.602114031264387 0.5441112559756629 16.6
83.45151805877686  seconds  2.602114031264387 0.5441112559756629 3.7
83.72090601921082  seconds  2.602114031264387 0.5441112559756629 15.700000000000001
85.71576619148254  seconds  2.602114031264387 0.5441112559756629 5.7
82.94749546051025  seconds  2.602114031264387 0.5441112559756629 4.7
83.56385922431946  seconds  2.602114031264387 0.5441112559756629 18.6
83.17291760444641  seconds  2.602114031264387 0.5441112559756629 7.7
83.78093099594116  seconds  2.602114031264387 0.5441112559756629 8.700000000000001
83.60849714279175  seconds  2.602114031264387 0.5441112559756629 19.700000000000003
85.49215078353882  seconds  2.602114031264387 0.5441112559756629 6.800000000000001
83.75068068504333  seconds  2.602114031264387 0.5441112559756629 10.700000000000001
83.73721098899841  seconds  2.602114031264387 0.5441112559756629 11.700000000000001
82.44234132766724  seconds  2.602114031264387 0.5441112559756629 9.8
83.96034741401672  seconds  2.602114031264387 0.5441112559756629 13.700000000000001
83.66882133483887  seconds  2.602114031264387 0.5441112559756629 0.8
84.91090559959412  seconds  2.602114031264387 0.5441112559756629 1.8
84.37854266166687  seconds  2.602114031264387 0.5441112559756629 14.700000000000001
84.5976390838623  seconds  2.602114031264387 0.5441112559756629 12.8
83.19326686859131  seconds  2.602114031264387 0.5441112559756629 2.8000000000000003
83.29633092880249  seconds  2.602114031264387 0.5441112559756629 17.7
83.5200138092041  seconds  2.602114031264387 0.5441112559756629 16.7
83.73941659927368  seconds  2.602114031264387 0.5441112559756629 3.8000000000000003
83.13793730735779  seconds  2.602114031264387 0.5441112559756629 4.800000000000001
86.2419445514679  seconds  2.602114031264387 0.5441112559756629 15.8
83.58839964866638  seconds  2.602114031264387 0.5441112559756629 18.7
86.15521121025085  seconds  2.602114031264387 0.5441112559756629 5.800000000000001
83.35755801200867  seconds  2.602114031264387 0.5441112559756629 7.800000000000001
84.11766505241394  seconds  2.602114031264387 0.5441112559756629 8.8
83.86763024330139  seconds  2.602114031264387 0.5441112559756629 19.8
82.9454882144928  seconds  2.602114031264387 0.5441112559756629 10.8
83.79237651824951  seconds  2.602114031264387 0.5441112559756629 6.9
83.23456621170044  seconds  2.602114031264387 0.5441112559756629 11.8
83.83002877235413  seconds  2.602114031264387 0.5441112559756629 9.9
82.80028414726257  seconds  2.602114031264387 0.5441112559756629 13.8
83.09281396865845  seconds  2.602114031264387 0.5441112559756629 0.9
82.93559622764587  seconds  2.602114031264387 0.5441112559756629 1.9000000000000001
81.91352009773254  seconds  2.602114031264387 0.5441112559756629 14.8
82.80257678031921  seconds  2.602114031264387 0.5441112559756629 12.9
82.74067568778992  seconds  2.602114031264387 0.5441112559756629 2.9000000000000004
82.54834580421448  seconds  2.602114031264387 0.5441112559756629 17.8
82.36696219444275  seconds  2.602114031264387 0.5441112559756629 16.8
81.54515504837036  seconds  2.602114031264387 0.5441112559756629 3.9000000000000004
80.29527807235718  seconds  2.602114031264387 0.5441112559756629 15.9
81.64416670799255  seconds  2.602114031264387 0.5441112559756629 4.9
81.32041525840759  seconds  2.602114031264387 0.5441112559756629 18.8
81.34900212287903  seconds  2.602114031264387 0.5441112559756629 5.9
79.21138787269592  seconds  2.602114031264387 0.5441112559756629 7.9
77.38716006278992  seconds  2.602114031264387 0.5441112559756629 8.9
74.7051694393158  seconds  2.602114031264387 0.5441112559756629 19.900000000000002
74.58082723617554  seconds  2.602114031264387 0.5441112559756629 10.9
74.44378018379211  seconds  2.602114031264387 0.5441112559756629 11.9
71.537024974823  seconds  2.602114031264387 0.5441112559756629 13.9
69.34948992729187  seconds  2.602114031264387 0.5441112559756629 14.9
68.3620491027832  seconds  2.602114031264387 0.5441112559756629 17.900000000000002
68.33961129188538  seconds  2.602114031264387 0.5441112559756629 16.900000000000002
64.34895372390747  seconds  2.602114031264387 0.5441112559756629 18.900000000000002
time for calc.... 955.7723879814148
energy at the point.. 2.5846892989406154 0.8396349413298569  is  1.1574406936887272e-05
200 the points 10 chunk numtheads
starting with calculation of Sigma
74.31990790367126  seconds  2.5846892989406154 0.8396349413298569 0.0
76.00133275985718  seconds  2.5846892989406154 0.8396349413298569 1.0
78.52318358421326  seconds  2.5846892989406154 0.8396349413298569 2.0
80.05686736106873  seconds  2.5846892989406154 0.8396349413298569 3.0
81.87561368942261  seconds  2.5846892989406154 0.8396349413298569 4.0
84.21658253669739  seconds  2.5846892989406154 0.8396349413298569 5.0
85.82868146896362  seconds  2.5846892989406154 0.8396349413298569 6.0
87.99020648002625  seconds  2.5846892989406154 0.8396349413298569 7.0
88.71999788284302  seconds  2.5846892989406154 0.8396349413298569 8.0
89.8281078338623  seconds  2.5846892989406154 0.8396349413298569 9.0
90.79401588439941  seconds  2.5846892989406154 0.8396349413298569 10.0
72.933278799057  seconds  2.5846892989406154 0.8396349413298569 0.1
92.0800838470459  seconds  2.5846892989406154 0.8396349413298569 11.0
93.34968090057373  seconds  2.5846892989406154 0.8396349413298569 12.0
75.88882493972778  seconds  2.5846892989406154 0.8396349413298569 15.0
94.56549286842346  seconds  2.5846892989406154 0.8396349413298569 13.0
94.04453015327454  seconds  2.5846892989406154 0.8396349413298569 14.0
94.6733832359314  seconds  2.5846892989406154 0.8396349413298569 1.1
76.603586435318  seconds  2.5846892989406154 0.8396349413298569 17.0
92.4076235294342  seconds  2.5846892989406154 0.8396349413298569 2.1
92.47914958000183  seconds  2.5846892989406154 0.8396349413298569 16.0
92.77809047698975  seconds  2.5846892989406154 0.8396349413298569 3.1
82.10499358177185  seconds  2.5846892989406154 0.8396349413298569 18.0
92.58550786972046  seconds  2.5846892989406154 0.8396349413298569 4.1000000000000005
79.77615308761597  seconds  2.5846892989406154 0.8396349413298569 19.0
91.35597681999207  seconds  2.5846892989406154 0.8396349413298569 5.1000000000000005
90.55489134788513  seconds  2.5846892989406154 0.8396349413298569 6.1000000000000005
88.26409769058228  seconds  2.5846892989406154 0.8396349413298569 7.1000000000000005
89.85340237617493  seconds  2.5846892989406154 0.8396349413298569 8.1
87.50091361999512  seconds  2.5846892989406154 0.8396349413298569 9.1
77.71779346466064  seconds  2.5846892989406154 0.8396349413298569 0.2
86.30762934684753  seconds  2.5846892989406154 0.8396349413298569 10.100000000000001
75.85454845428467  seconds  2.5846892989406154 0.8396349413298569 15.100000000000001
85.93949508666992  seconds  2.5846892989406154 0.8396349413298569 11.100000000000001
85.10676312446594  seconds  2.5846892989406154 0.8396349413298569 12.100000000000001
80.68305945396423  seconds  2.5846892989406154 0.8396349413298569 13.100000000000001
76.08383107185364  seconds  2.5846892989406154 0.8396349413298569 17.1
80.03191876411438  seconds  2.5846892989406154 0.8396349413298569 14.100000000000001
82.5690369606018  seconds  2.5846892989406154 0.8396349413298569 1.2000000000000002
83.05216431617737  seconds  2.5846892989406154 0.8396349413298569 2.2
78.08492875099182  seconds  2.5846892989406154 0.8396349413298569 18.1
83.58629608154297  seconds  2.5846892989406154 0.8396349413298569 16.1
81.67237091064453  seconds  2.5846892989406154 0.8396349413298569 3.2
77.25710916519165  seconds  2.5846892989406154 0.8396349413298569 19.1
81.22042059898376  seconds  2.5846892989406154 0.8396349413298569 4.2
81.92167639732361  seconds  2.5846892989406154 0.8396349413298569 5.2
81.58886408805847  seconds  2.5846892989406154 0.8396349413298569 6.2
80.83850717544556  seconds  2.5846892989406154 0.8396349413298569 7.2
77.72489285469055  seconds  2.5846892989406154 0.8396349413298569 8.200000000000001
77.17580151557922  seconds  2.5846892989406154 0.8396349413298569 0.30000000000000004
81.07896304130554  seconds  2.5846892989406154 0.8396349413298569 9.200000000000001
81.38241600990295  seconds  2.5846892989406154 0.8396349413298569 10.200000000000001
77.01422786712646  seconds  2.5846892989406154 0.8396349413298569 15.200000000000001
81.73572659492493  seconds  2.5846892989406154 0.8396349413298569 11.200000000000001
81.17565441131592  seconds  2.5846892989406154 0.8396349413298569 12.200000000000001
78.30292105674744  seconds  2.5846892989406154 0.8396349413298569 13.200000000000001
77.32442855834961  seconds  2.5846892989406154 0.8396349413298569 17.2
77.32605791091919  seconds  2.5846892989406154 0.8396349413298569 14.200000000000001
81.00496649742126  seconds  2.5846892989406154 0.8396349413298569 1.3
77.31482434272766  seconds  2.5846892989406154 0.8396349413298569 16.2
77.7764937877655  seconds  2.5846892989406154 0.8396349413298569 18.2
82.00487565994263  seconds  2.5846892989406154 0.8396349413298569 2.3000000000000003
78.12891912460327  seconds  2.5846892989406154 0.8396349413298569 19.200000000000003
81.23335433006287  seconds  2.5846892989406154 0.8396349413298569 3.3000000000000003
80.89607524871826  seconds  2.5846892989406154 0.8396349413298569 4.3
81.09102892875671  seconds  2.5846892989406154 0.8396349413298569 5.300000000000001
81.4035952091217  seconds  2.5846892989406154 0.8396349413298569 6.300000000000001
81.46094727516174  seconds  2.5846892989406154 0.8396349413298569 7.300000000000001
77.19770169258118  seconds  2.5846892989406154 0.8396349413298569 8.3
77.530681848526  seconds  2.5846892989406154 0.8396349413298569 0.4
81.07851195335388  seconds  2.5846892989406154 0.8396349413298569 9.3
78.65384984016418  seconds  2.5846892989406154 0.8396349413298569 15.3
81.01612710952759  seconds  2.5846892989406154 0.8396349413298569 10.3
82.1032509803772  seconds  2.5846892989406154 0.8396349413298569 11.3
78.39267253875732  seconds  2.5846892989406154 0.8396349413298569 13.3
81.23305249214172  seconds  2.5846892989406154 0.8396349413298569 12.3
77.24532985687256  seconds  2.5846892989406154 0.8396349413298569 17.3
77.67702460289001  seconds  2.5846892989406154 0.8396349413298569 14.3
80.95071935653687  seconds  2.5846892989406154 0.8396349413298569 1.4000000000000001
76.8383686542511  seconds  2.5846892989406154 0.8396349413298569 16.3
77.74389958381653  seconds  2.5846892989406154 0.8396349413298569 18.3
81.86144995689392  seconds  2.5846892989406154 0.8396349413298569 2.4000000000000004
77.37807083129883  seconds  2.5846892989406154 0.8396349413298569 19.3
80.87368083000183  seconds  2.5846892989406154 0.8396349413298569 3.4000000000000004
80.90040278434753  seconds  2.5846892989406154 0.8396349413298569 4.4
80.83966135978699  seconds  2.5846892989406154 0.8396349413298569 5.4
81.41108727455139  seconds  2.5846892989406154 0.8396349413298569 6.4
76.9532265663147  seconds  2.5846892989406154 0.8396349413298569 8.4
81.08703875541687  seconds  2.5846892989406154 0.8396349413298569 7.4
76.9975197315216  seconds  2.5846892989406154 0.8396349413298569 0.5
81.48834943771362  seconds  2.5846892989406154 0.8396349413298569 9.4
76.70206999778748  seconds  2.5846892989406154 0.8396349413298569 15.4
81.3861973285675  seconds  2.5846892989406154 0.8396349413298569 10.4
78.16338729858398  seconds  2.5846892989406154 0.8396349413298569 13.4
81.668696641922  seconds  2.5846892989406154 0.8396349413298569 11.4
77.50966024398804  seconds  2.5846892989406154 0.8396349413298569 17.400000000000002
76.95454835891724  seconds  2.5846892989406154 0.8396349413298569 14.4
81.78283905982971  seconds  2.5846892989406154 0.8396349413298569 12.4
77.01348900794983  seconds  2.5846892989406154 0.8396349413298569 18.400000000000002
78.8529441356659  seconds  2.5846892989406154 0.8396349413298569 16.400000000000002
81.8807361125946  seconds  2.5846892989406154 0.8396349413298569 1.5
77.27198791503906  seconds  2.5846892989406154 0.8396349413298569 19.400000000000002
82.01988935470581  seconds  2.5846892989406154 0.8396349413298569 2.5
81.43819117546082  seconds  2.5846892989406154 0.8396349413298569 3.5
80.79409289360046  seconds  2.5846892989406154 0.8396349413298569 4.5
81.24098801612854  seconds  2.5846892989406154 0.8396349413298569 5.5
77.10152459144592  seconds  2.5846892989406154 0.8396349413298569 8.5
81.41087245941162  seconds  2.5846892989406154 0.8396349413298569 6.5
77.10937571525574  seconds  2.5846892989406154 0.8396349413298569 0.6000000000000001
81.05283904075623  seconds  2.5846892989406154 0.8396349413298569 7.5
76.30691838264465  seconds  2.5846892989406154 0.8396349413298569 15.5
81.53968214988708  seconds  2.5846892989406154 0.8396349413298569 9.5
81.4955701828003  seconds  2.5846892989406154 0.8396349413298569 10.5
77.345205783844  seconds  2.5846892989406154 0.8396349413298569 13.5
77.49080610275269  seconds  2.5846892989406154 0.8396349413298569 17.5
77.5149896144867  seconds  2.5846892989406154 0.8396349413298569 14.5
81.63118433952332  seconds  2.5846892989406154 0.8396349413298569 11.5
82.06874012947083  seconds  2.5846892989406154 0.8396349413298569 12.5
76.87370109558105  seconds  2.5846892989406154 0.8396349413298569 18.5
76.8918023109436  seconds  2.5846892989406154 0.8396349413298569 16.5
80.91591286659241  seconds  2.5846892989406154 0.8396349413298569 1.6
78.08598732948303  seconds  2.5846892989406154 0.8396349413298569 19.5
81.76307725906372  seconds  2.5846892989406154 0.8396349413298569 2.6
81.77970552444458  seconds  2.5846892989406154 0.8396349413298569 3.6
81.00738048553467  seconds  2.5846892989406154 0.8396349413298569 4.6000000000000005
80.94485998153687  seconds  2.5846892989406154 0.8396349413298569 5.6000000000000005
76.96673679351807  seconds  2.5846892989406154 0.8396349413298569 8.6
77.2177107334137  seconds  2.5846892989406154 0.8396349413298569 0.7000000000000001
81.03774356842041  seconds  2.5846892989406154 0.8396349413298569 6.6000000000000005
81.42538332939148  seconds  2.5846892989406154 0.8396349413298569 7.6000000000000005
76.77535367012024  seconds  2.5846892989406154 0.8396349413298569 15.600000000000001
80.96390175819397  seconds  2.5846892989406154 0.8396349413298569 9.600000000000001
77.18772840499878  seconds  2.5846892989406154 0.8396349413298569 13.600000000000001
81.10043549537659  seconds  2.5846892989406154 0.8396349413298569 10.600000000000001
77.56783294677734  seconds  2.5846892989406154 0.8396349413298569 17.6
77.4757149219513  seconds  2.5846892989406154 0.8396349413298569 14.600000000000001
81.67363834381104  seconds  2.5846892989406154 0.8396349413298569 11.600000000000001
81.32673192024231  seconds  2.5846892989406154 0.8396349413298569 12.600000000000001
77.45414543151855  seconds  2.5846892989406154 0.8396349413298569 16.6
78.11356925964355  seconds  2.5846892989406154 0.8396349413298569 18.6
77.36351180076599  seconds  2.5846892989406154 0.8396349413298569 19.6
80.93809843063354  seconds  2.5846892989406154 0.8396349413298569 1.7000000000000002
81.69440412521362  seconds  2.5846892989406154 0.8396349413298569 2.7
81.46110415458679  seconds  2.5846892989406154 0.8396349413298569 3.7
81.59509325027466  seconds  2.5846892989406154 0.8396349413298569 4.7
77.14041495323181  seconds  2.5846892989406154 0.8396349413298569 8.700000000000001
80.93256855010986  seconds  2.5846892989406154 0.8396349413298569 5.7
76.73838663101196  seconds  2.5846892989406154 0.8396349413298569 0.8
81.34425497055054  seconds  2.5846892989406154 0.8396349413298569 6.7
77.60947847366333  seconds  2.5846892989406154 0.8396349413298569 15.700000000000001
81.3510992527008  seconds  2.5846892989406154 0.8396349413298569 7.7
80.89624404907227  seconds  2.5846892989406154 0.8396349413298569 9.700000000000001
78.05266404151917  seconds  2.5846892989406154 0.8396349413298569 13.700000000000001
77.10844731330872  seconds  2.5846892989406154 0.8396349413298569 17.7
77.29924368858337  seconds  2.5846892989406154 0.8396349413298569 14.700000000000001
80.93789148330688  seconds  2.5846892989406154 0.8396349413298569 10.700000000000001
81.42060613632202  seconds  2.5846892989406154 0.8396349413298569 11.700000000000001
77.52457451820374  seconds  2.5846892989406154 0.8396349413298569 16.7
81.24203372001648  seconds  2.5846892989406154 0.8396349413298569 12.700000000000001
79.35727119445801  seconds  2.5846892989406154 0.8396349413298569 18.7
77.97944021224976  seconds  2.5846892989406154 0.8396349413298569 19.700000000000003
81.17938089370728  seconds  2.5846892989406154 0.8396349413298569 1.8
81.41825747489929  seconds  2.5846892989406154 0.8396349413298569 2.8000000000000003
81.87401819229126  seconds  2.5846892989406154 0.8396349413298569 3.8000000000000003
76.86623477935791  seconds  2.5846892989406154 0.8396349413298569 8.8
81.65164923667908  seconds  2.5846892989406154 0.8396349413298569 4.800000000000001
78.07497930526733  seconds  2.5846892989406154 0.8396349413298569 0.9
80.86530351638794  seconds  2.5846892989406154 0.8396349413298569 5.800000000000001
80.6409523487091  seconds  2.5846892989406154 0.8396349413298569 6.800000000000001
76.48341393470764  seconds  2.5846892989406154 0.8396349413298569 15.8
80.73921036720276  seconds  2.5846892989406154 0.8396349413298569 7.800000000000001
77.09816861152649  seconds  2.5846892989406154 0.8396349413298569 13.8
81.25590014457703  seconds  2.5846892989406154 0.8396349413298569 9.8
76.67228627204895  seconds  2.5846892989406154 0.8396349413298569 14.8
77.8046350479126  seconds  2.5846892989406154 0.8396349413298569 17.8
80.72449159622192  seconds  2.5846892989406154 0.8396349413298569 10.8
80.67976951599121  seconds  2.5846892989406154 0.8396349413298569 11.8
76.6195170879364  seconds  2.5846892989406154 0.8396349413298569 16.8
76.7524995803833  seconds  2.5846892989406154 0.8396349413298569 18.8
81.29730701446533  seconds  2.5846892989406154 0.8396349413298569 12.8
76.57638669013977  seconds  2.5846892989406154 0.8396349413298569 19.8
80.19452023506165  seconds  2.5846892989406154 0.8396349413298569 1.9000000000000001
80.74868702888489  seconds  2.5846892989406154 0.8396349413298569 2.9000000000000004
75.3461594581604  seconds  2.5846892989406154 0.8396349413298569 8.9
80.04567313194275  seconds  2.5846892989406154 0.8396349413298569 3.9000000000000004
80.13519954681396  seconds  2.5846892989406154 0.8396349413298569 4.9
78.49119639396667  seconds  2.5846892989406154 0.8396349413298569 5.9
75.02917766571045  seconds  2.5846892989406154 0.8396349413298569 15.9
79.11008834838867  seconds  2.5846892989406154 0.8396349413298569 6.9
77.30491304397583  seconds  2.5846892989406154 0.8396349413298569 7.9
74.21062016487122  seconds  2.5846892989406154 0.8396349413298569 13.9
74.66192054748535  seconds  2.5846892989406154 0.8396349413298569 9.9
74.31803274154663  seconds  2.5846892989406154 0.8396349413298569 14.9
73.92912793159485  seconds  2.5846892989406154 0.8396349413298569 17.900000000000002
73.36995553970337  seconds  2.5846892989406154 0.8396349413298569 10.9
70.31159472465515  seconds  2.5846892989406154 0.8396349413298569 11.9
70.26984763145447  seconds  2.5846892989406154 0.8396349413298569 16.900000000000002
70.45025324821472  seconds  2.5846892989406154 0.8396349413298569 18.900000000000002
69.08600974082947  seconds  2.5846892989406154 0.8396349413298569 12.9
70.21404361724854  seconds  2.5846892989406154 0.8396349413298569 19.900000000000002
time for calc.... 891.6232001781464
energy at the point.. 2.5337077240684835 1.1368970013037814  is  2.067935501059992e-06
200 the points 10 chunk numtheads
starting with calculation of Sigma
70.87204885482788  seconds  2.5337077240684835 1.1368970013037814 0.0
69.54613280296326  seconds  2.5337077240684835 1.1368970013037814 1.0
70.29629755020142  seconds  2.5337077240684835 1.1368970013037814 2.0
71.21714401245117  seconds  2.5337077240684835 1.1368970013037814 3.0
72.33385396003723  seconds  2.5337077240684835 1.1368970013037814 4.0
68.47065806388855  seconds  2.5337077240684835 1.1368970013037814 5.0
70.31182503700256  seconds  2.5337077240684835 1.1368970013037814 6.0
74.05227422714233  seconds  2.5337077240684835 1.1368970013037814 7.0
75.9138433933258  seconds  2.5337077240684835 1.1368970013037814 8.0
75.1785523891449  seconds  2.5337077240684835 1.1368970013037814 9.0
77.82075238227844  seconds  2.5337077240684835 1.1368970013037814 10.0
77.75396847724915  seconds  2.5337077240684835 1.1368970013037814 11.0
80.7451684474945  seconds  2.5337077240684835 1.1368970013037814 12.0
77.65124654769897  seconds  2.5337077240684835 1.1368970013037814 13.0
78.13262128829956  seconds  2.5337077240684835 1.1368970013037814 0.1
78.27668690681458  seconds  2.5337077240684835 1.1368970013037814 14.0
79.10548281669617  seconds  2.5337077240684835 1.1368970013037814 1.1
79.1111249923706  seconds  2.5337077240684835 1.1368970013037814 2.1
79.14168453216553  seconds  2.5337077240684835 1.1368970013037814 15.0
78.27465009689331  seconds  2.5337077240684835 1.1368970013037814 16.0
79.00802206993103  seconds  2.5337077240684835 1.1368970013037814 3.1
78.99843382835388  seconds  2.5337077240684835 1.1368970013037814 4.1000000000000005
79.44929766654968  seconds  2.5337077240684835 1.1368970013037814 5.1000000000000005
81.73226284980774  seconds  2.5337077240684835 1.1368970013037814 17.0
78.9195785522461  seconds  2.5337077240684835 1.1368970013037814 18.0
79.65661430358887  seconds  2.5337077240684835 1.1368970013037814 6.1000000000000005
80.14240741729736  seconds  2.5337077240684835 1.1368970013037814 19.0
78.50820660591125  seconds  2.5337077240684835 1.1368970013037814 7.1000000000000005
78.80438733100891  seconds  2.5337077240684835 1.1368970013037814 8.1
79.60704588890076  seconds  2.5337077240684835 1.1368970013037814 9.1
79.0682098865509  seconds  2.5337077240684835 1.1368970013037814 10.100000000000001
79.30669641494751  seconds  2.5337077240684835 1.1368970013037814 11.100000000000001
79.77327585220337  seconds  2.5337077240684835 1.1368970013037814 12.100000000000001
78.37491965293884  seconds  2.5337077240684835 1.1368970013037814 13.100000000000001
79.64705848693848  seconds  2.5337077240684835 1.1368970013037814 0.2
79.99209356307983  seconds  2.5337077240684835 1.1368970013037814 14.100000000000001
79.2666494846344  seconds  2.5337077240684835 1.1368970013037814 1.2000000000000002
79.20015811920166  seconds  2.5337077240684835 1.1368970013037814 2.2
79.38269805908203  seconds  2.5337077240684835 1.1368970013037814 15.100000000000001
78.50319170951843  seconds  2.5337077240684835 1.1368970013037814 16.1
79.0394172668457  seconds  2.5337077240684835 1.1368970013037814 3.2
78.98353481292725  seconds  2.5337077240684835 1.1368970013037814 4.2
79.80793690681458  seconds  2.5337077240684835 1.1368970013037814 5.2
79.7336049079895  seconds  2.5337077240684835 1.1368970013037814 17.1
78.57372450828552  seconds  2.5337077240684835 1.1368970013037814 18.1
79.25118923187256  seconds  2.5337077240684835 1.1368970013037814 6.2
79.6415114402771  seconds  2.5337077240684835 1.1368970013037814 19.1
78.76037526130676  seconds  2.5337077240684835 1.1368970013037814 7.2
78.77235221862793  seconds  2.5337077240684835 1.1368970013037814 8.200000000000001
79.33951330184937  seconds  2.5337077240684835 1.1368970013037814 9.200000000000001
78.9582245349884  seconds  2.5337077240684835 1.1368970013037814 10.200000000000001
79.00677371025085  seconds  2.5337077240684835 1.1368970013037814 11.200000000000001
79.00913381576538  seconds  2.5337077240684835 1.1368970013037814 12.200000000000001
78.73389649391174  seconds  2.5337077240684835 1.1368970013037814 13.200000000000001
80.33609247207642  seconds  2.5337077240684835 1.1368970013037814 0.30000000000000004
78.77857851982117  seconds  2.5337077240684835 1.1368970013037814 1.3
79.8969841003418  seconds  2.5337077240684835 1.1368970013037814 14.200000000000001
78.9880576133728  seconds  2.5337077240684835 1.1368970013037814 2.3000000000000003
79.08284544944763  seconds  2.5337077240684835 1.1368970013037814 15.200000000000001
78.1904444694519  seconds  2.5337077240684835 1.1368970013037814 16.2
79.43122458457947  seconds  2.5337077240684835 1.1368970013037814 3.3000000000000003
78.91858220100403  seconds  2.5337077240684835 1.1368970013037814 4.3
79.9471173286438  seconds  2.5337077240684835 1.1368970013037814 5.300000000000001
79.39299583435059  seconds  2.5337077240684835 1.1368970013037814 17.2
78.64767599105835  seconds  2.5337077240684835 1.1368970013037814 18.2
79.5992660522461  seconds  2.5337077240684835 1.1368970013037814 6.300000000000001
79.62370157241821  seconds  2.5337077240684835 1.1368970013037814 19.200000000000003
78.92996573448181  seconds  2.5337077240684835 1.1368970013037814 7.300000000000001
78.9093029499054  seconds  2.5337077240684835 1.1368970013037814 8.3
79.25208401679993  seconds  2.5337077240684835 1.1368970013037814 9.3
78.59204077720642  seconds  2.5337077240684835 1.1368970013037814 10.3
78.98564529418945  seconds  2.5337077240684835 1.1368970013037814 11.3
78.38001418113708  seconds  2.5337077240684835 1.1368970013037814 13.3
79.90136623382568  seconds  2.5337077240684835 1.1368970013037814 12.3
78.88434791564941  seconds  2.5337077240684835 1.1368970013037814 0.4
79.24532651901245  seconds  2.5337077240684835 1.1368970013037814 1.4000000000000001
79.85084772109985  seconds  2.5337077240684835 1.1368970013037814 14.3
79.26877045631409  seconds  2.5337077240684835 1.1368970013037814 2.4000000000000004
78.83003854751587  seconds  2.5337077240684835 1.1368970013037814 15.3
78.7188024520874  seconds  2.5337077240684835 1.1368970013037814 16.3
79.15585255622864  seconds  2.5337077240684835 1.1368970013037814 3.4000000000000004
79.24343776702881  seconds  2.5337077240684835 1.1368970013037814 4.4
79.48590588569641  seconds  2.5337077240684835 1.1368970013037814 5.4
79.30991053581238  seconds  2.5337077240684835 1.1368970013037814 17.3
78.85246968269348  seconds  2.5337077240684835 1.1368970013037814 18.3
80.4848279953003  seconds  2.5337077240684835 1.1368970013037814 6.4
79.59638857841492  seconds  2.5337077240684835 1.1368970013037814 19.3
79.22435402870178  seconds  2.5337077240684835 1.1368970013037814 7.4
79.07888436317444  seconds  2.5337077240684835 1.1368970013037814 8.4
79.52996850013733  seconds  2.5337077240684835 1.1368970013037814 9.4
79.0505759716034  seconds  2.5337077240684835 1.1368970013037814 10.4
78.69379162788391  seconds  2.5337077240684835 1.1368970013037814 11.4
78.53936052322388  seconds  2.5337077240684835 1.1368970013037814 13.4
79.83200597763062  seconds  2.5337077240684835 1.1368970013037814 12.4
79.72118139266968  seconds  2.5337077240684835 1.1368970013037814 0.5
79.19448137283325  seconds  2.5337077240684835 1.1368970013037814 1.5
79.11586117744446  seconds  2.5337077240684835 1.1368970013037814 14.4
79.04203009605408  seconds  2.5337077240684835 1.1368970013037814 2.5
78.82178926467896  seconds  2.5337077240684835 1.1368970013037814 15.4
79.03014016151428  seconds  2.5337077240684835 1.1368970013037814 16.400000000000002
79.13530111312866  seconds  2.5337077240684835 1.1368970013037814 3.5
79.04503536224365  seconds  2.5337077240684835 1.1368970013037814 4.5
79.0555808544159  seconds  2.5337077240684835 1.1368970013037814 5.5
79.36213326454163  seconds  2.5337077240684835 1.1368970013037814 17.400000000000002
79.47939133644104  seconds  2.5337077240684835 1.1368970013037814 18.400000000000002
79.70463728904724  seconds  2.5337077240684835 1.1368970013037814 6.5
79.46578192710876  seconds  2.5337077240684835 1.1368970013037814 19.400000000000002
79.60673260688782  seconds  2.5337077240684835 1.1368970013037814 7.5
79.25691080093384  seconds  2.5337077240684835 1.1368970013037814 8.5
79.23999094963074  seconds  2.5337077240684835 1.1368970013037814 9.5
79.12619638442993  seconds  2.5337077240684835 1.1368970013037814 10.5
79.19101405143738  seconds  2.5337077240684835 1.1368970013037814 11.5
78.99086999893188  seconds  2.5337077240684835 1.1368970013037814 13.5
79.51587510108948  seconds  2.5337077240684835 1.1368970013037814 12.5
80.58026766777039  seconds  2.5337077240684835 1.1368970013037814 0.6000000000000001
78.49571585655212  seconds  2.5337077240684835 1.1368970013037814 1.6
79.3405556678772  seconds  2.5337077240684835 1.1368970013037814 14.5
79.48486804962158  seconds  2.5337077240684835 1.1368970013037814 2.6
79.48953461647034  seconds  2.5337077240684835 1.1368970013037814 15.5
78.97560358047485  seconds  2.5337077240684835 1.1368970013037814 16.5
79.15518093109131  seconds  2.5337077240684835 1.1368970013037814 3.6
79.10350203514099  seconds  2.5337077240684835 1.1368970013037814 4.6000000000000005
79.27105569839478  seconds  2.5337077240684835 1.1368970013037814 5.6000000000000005
78.8371045589447  seconds  2.5337077240684835 1.1368970013037814 17.5
78.89313554763794  seconds  2.5337077240684835 1.1368970013037814 18.5
80.58828568458557  seconds  2.5337077240684835 1.1368970013037814 6.6000000000000005
80.37615776062012  seconds  2.5337077240684835 1.1368970013037814 19.5
79.59824085235596  seconds  2.5337077240684835 1.1368970013037814 7.6000000000000005
78.92450714111328  seconds  2.5337077240684835 1.1368970013037814 8.6
79.23266506195068  seconds  2.5337077240684835 1.1368970013037814 9.600000000000001
78.80903649330139  seconds  2.5337077240684835 1.1368970013037814 10.600000000000001
79.00375747680664  seconds  2.5337077240684835 1.1368970013037814 11.600000000000001
78.4304792881012  seconds  2.5337077240684835 1.1368970013037814 13.600000000000001
79.64428806304932  seconds  2.5337077240684835 1.1368970013037814 12.600000000000001
78.51417660713196  seconds  2.5337077240684835 1.1368970013037814 1.7000000000000002
79.18702030181885  seconds  2.5337077240684835 1.1368970013037814 0.7000000000000001
80.01709961891174  seconds  2.5337077240684835 1.1368970013037814 14.600000000000001
79.4583170413971  seconds  2.5337077240684835 1.1368970013037814 15.600000000000001
80.04068422317505  seconds  2.5337077240684835 1.1368970013037814 2.7
78.77817249298096  seconds  2.5337077240684835 1.1368970013037814 16.6
79.57328224182129  seconds  2.5337077240684835 1.1368970013037814 3.7
79.40528583526611  seconds  2.5337077240684835 1.1368970013037814 4.7
79.45247292518616  seconds  2.5337077240684835 1.1368970013037814 5.7
79.41563200950623  seconds  2.5337077240684835 1.1368970013037814 17.6
79.22496604919434  seconds  2.5337077240684835 1.1368970013037814 18.6
79.81794762611389  seconds  2.5337077240684835 1.1368970013037814 6.7
79.83179235458374  seconds  2.5337077240684835 1.1368970013037814 19.6
79.16156363487244  seconds  2.5337077240684835 1.1368970013037814 7.7
79.33056902885437  seconds  2.5337077240684835 1.1368970013037814 8.700000000000001
78.74968767166138  seconds  2.5337077240684835 1.1368970013037814 9.700000000000001
78.91840767860413  seconds  2.5337077240684835 1.1368970013037814 10.700000000000001
79.41209244728088  seconds  2.5337077240684835 1.1368970013037814 11.700000000000001
78.33253574371338  seconds  2.5337077240684835 1.1368970013037814 13.700000000000001
79.62806367874146  seconds  2.5337077240684835 1.1368970013037814 12.700000000000001
78.82574105262756  seconds  2.5337077240684835 1.1368970013037814 1.8
79.48892426490784  seconds  2.5337077240684835 1.1368970013037814 0.8
80.11060214042664  seconds  2.5337077240684835 1.1368970013037814 14.700000000000001
78.75824117660522  seconds  2.5337077240684835 1.1368970013037814 15.700000000000001
79.39613151550293  seconds  2.5337077240684835 1.1368970013037814 2.8000000000000003
79.0828309059143  seconds  2.5337077240684835 1.1368970013037814 16.7
79.47004508972168  seconds  2.5337077240684835 1.1368970013037814 3.8000000000000003
79.44265627861023  seconds  2.5337077240684835 1.1368970013037814 4.800000000000001
78.56035494804382  seconds  2.5337077240684835 1.1368970013037814 5.800000000000001
79.39759349822998  seconds  2.5337077240684835 1.1368970013037814 17.7
79.14990568161011  seconds  2.5337077240684835 1.1368970013037814 18.7
79.26344108581543  seconds  2.5337077240684835 1.1368970013037814 6.800000000000001
79.81981658935547  seconds  2.5337077240684835 1.1368970013037814 19.700000000000003
79.18317461013794  seconds  2.5337077240684835 1.1368970013037814 7.800000000000001
79.3505346775055  seconds  2.5337077240684835 1.1368970013037814 8.8
79.03705215454102  seconds  2.5337077240684835 1.1368970013037814 9.8
78.40591669082642  seconds  2.5337077240684835 1.1368970013037814 10.8
78.80042386054993  seconds  2.5337077240684835 1.1368970013037814 11.8
79.06012272834778  seconds  2.5337077240684835 1.1368970013037814 13.8
79.9745020866394  seconds  2.5337077240684835 1.1368970013037814 12.8
79.52122330665588  seconds  2.5337077240684835 1.1368970013037814 1.9000000000000001
79.69251751899719  seconds  2.5337077240684835 1.1368970013037814 0.9
79.415931224823  seconds  2.5337077240684835 1.1368970013037814 14.8
78.40566372871399  seconds  2.5337077240684835 1.1368970013037814 15.8
78.01985764503479  seconds  2.5337077240684835 1.1368970013037814 16.8
79.19325757026672  seconds  2.5337077240684835 1.1368970013037814 2.9000000000000004
78.5263409614563  seconds  2.5337077240684835 1.1368970013037814 3.9000000000000004
78.32002878189087  seconds  2.5337077240684835 1.1368970013037814 4.9
77.870272397995  seconds  2.5337077240684835 1.1368970013037814 5.9
77.63784623146057  seconds  2.5337077240684835 1.1368970013037814 18.8
78.38927030563354  seconds  2.5337077240684835 1.1368970013037814 17.8
77.78274250030518  seconds  2.5337077240684835 1.1368970013037814 19.8
81.09233665466309  seconds  2.5337077240684835 1.1368970013037814 6.9
77.66756510734558  seconds  2.5337077240684835 1.1368970013037814 7.9
75.6548821926117  seconds  2.5337077240684835 1.1368970013037814 8.9
75.628901720047  seconds  2.5337077240684835 1.1368970013037814 9.9
73.20256924629211  seconds  2.5337077240684835 1.1368970013037814 10.9
71.98040437698364  seconds  2.5337077240684835 1.1368970013037814 11.9
70.48503041267395  seconds  2.5337077240684835 1.1368970013037814 13.9
72.55764293670654  seconds  2.5337077240684835 1.1368970013037814 12.9
67.38321232795715  seconds  2.5337077240684835 1.1368970013037814 15.9
69.99325680732727  seconds  2.5337077240684835 1.1368970013037814 16.900000000000002
74.60194730758667  seconds  2.5337077240684835 1.1368970013037814 14.9
63.00149154663086  seconds  2.5337077240684835 1.1368970013037814 18.900000000000002
66.8265221118927  seconds  2.5337077240684835 1.1368970013037814 17.900000000000002
64.8374400138855  seconds  2.5337077240684835 1.1368970013037814 19.900000000000002
time for calc.... 891.6715121269226
energy at the point.. 2.421355054487129 1.409821816601478  is  6.066433012819061e-06
200 the points 10 chunk numtheads
starting with calculation of Sigma
69.86576461791992  seconds  2.421355054487129 1.409821816601478 0.0
70.20714807510376  seconds  2.421355054487129 1.409821816601478 1.0
68.71489024162292  seconds  2.421355054487129 1.409821816601478 2.0
70.31585454940796  seconds  2.421355054487129 1.409821816601478 3.0
73.58347797393799  seconds  2.421355054487129 1.409821816601478 4.0
73.82877111434937  seconds  2.421355054487129 1.409821816601478 5.0
75.2132613658905  seconds  2.421355054487129 1.409821816601478 6.0
71.46251940727234  seconds  2.421355054487129 1.409821816601478 7.0
77.09213709831238  seconds  2.421355054487129 1.409821816601478 8.0
77.07195448875427  seconds  2.421355054487129 1.409821816601478 9.0
74.2453727722168  seconds  2.421355054487129 1.409821816601478 10.0
76.11584424972534  seconds  2.421355054487129 1.409821816601478 11.0
76.21437454223633  seconds  2.421355054487129 1.409821816601478 12.0
78.7224953174591  seconds  2.421355054487129 1.409821816601478 13.0
79.76870679855347  seconds  2.421355054487129 1.409821816601478 0.1
79.32338237762451  seconds  2.421355054487129 1.409821816601478 1.1
81.02495622634888  seconds  2.421355054487129 1.409821816601478 14.0
78.56718611717224  seconds  2.421355054487129 1.409821816601478 2.1
79.06151056289673  seconds  2.421355054487129 1.409821816601478 15.0
79.35019421577454  seconds  2.421355054487129 1.409821816601478 3.1
79.3605740070343  seconds  2.421355054487129 1.409821816601478 16.0
78.63260221481323  seconds  2.421355054487129 1.409821816601478 17.0
78.83685541152954  seconds  2.421355054487129 1.409821816601478 4.1000000000000005
79.30706095695496  seconds  2.421355054487129 1.409821816601478 5.1000000000000005
80.53173184394836  seconds  2.421355054487129 1.409821816601478 18.0
80.30426216125488  seconds  2.421355054487129 1.409821816601478 19.0
79.09943962097168  seconds  2.421355054487129 1.409821816601478 6.1000000000000005
79.12342715263367  seconds  2.421355054487129 1.409821816601478 7.1000000000000005
79.06217908859253  seconds  2.421355054487129 1.409821816601478 8.1
79.1210572719574  seconds  2.421355054487129 1.409821816601478 9.1
78.84017515182495  seconds  2.421355054487129 1.409821816601478 10.100000000000001
82.43040466308594  seconds  2.421355054487129 1.409821816601478 11.100000000000001
79.5325345993042  seconds  2.421355054487129 1.409821816601478 12.100000000000001
79.18493247032166  seconds  2.421355054487129 1.409821816601478 13.100000000000001
79.61394572257996  seconds  2.421355054487129 1.409821816601478 0.2
79.01791095733643  seconds  2.421355054487129 1.409821816601478 1.2000000000000002
79.43000102043152  seconds  2.421355054487129 1.409821816601478 14.100000000000001
79.5250735282898  seconds  2.421355054487129 1.409821816601478 2.2
78.82972145080566  seconds  2.421355054487129 1.409821816601478 15.100000000000001
78.76703381538391  seconds  2.421355054487129 1.409821816601478 3.2
78.75420999526978  seconds  2.421355054487129 1.409821816601478 16.1
78.8051221370697  seconds  2.421355054487129 1.409821816601478 17.1
78.81605577468872  seconds  2.421355054487129 1.409821816601478 4.2
78.85287594795227  seconds  2.421355054487129 1.409821816601478 5.2
79.32059216499329  seconds  2.421355054487129 1.409821816601478 18.1
78.82306623458862  seconds  2.421355054487129 1.409821816601478 6.2
79.56861233711243  seconds  2.421355054487129 1.409821816601478 19.1
78.67777824401855  seconds  2.421355054487129 1.409821816601478 7.2
79.52702736854553  seconds  2.421355054487129 1.409821816601478 8.200000000000001
78.83900237083435  seconds  2.421355054487129 1.409821816601478 9.200000000000001
78.85764455795288  seconds  2.421355054487129 1.409821816601478 10.200000000000001
80.14232301712036  seconds  2.421355054487129 1.409821816601478 11.200000000000001
79.73312091827393  seconds  2.421355054487129 1.409821816601478 12.200000000000001
79.23220229148865  seconds  2.421355054487129 1.409821816601478 13.200000000000001
79.79960775375366  seconds  2.421355054487129 1.409821816601478 0.30000000000000004
79.11282444000244  seconds  2.421355054487129 1.409821816601478 1.3
79.97734594345093  seconds  2.421355054487129 1.409821816601478 14.200000000000001
79.76378035545349  seconds  2.421355054487129 1.409821816601478 2.3000000000000003
78.59888529777527  seconds  2.421355054487129 1.409821816601478 15.200000000000001
78.51359796524048  seconds  2.421355054487129 1.409821816601478 3.3000000000000003
78.5795488357544  seconds  2.421355054487129 1.409821816601478 16.2
79.6045982837677  seconds  2.421355054487129 1.409821816601478 17.2
78.6018738746643  seconds  2.421355054487129 1.409821816601478 4.3
79.22770476341248  seconds  2.421355054487129 1.409821816601478 5.300000000000001
79.81961798667908  seconds  2.421355054487129 1.409821816601478 18.2
78.73555898666382  seconds  2.421355054487129 1.409821816601478 6.300000000000001
79.81962394714355  seconds  2.421355054487129 1.409821816601478 19.200000000000003
79.29065608978271  seconds  2.421355054487129 1.409821816601478 7.300000000000001
78.83414053916931  seconds  2.421355054487129 1.409821816601478 8.3
78.88905739784241  seconds  2.421355054487129 1.409821816601478 9.3
78.5687837600708  seconds  2.421355054487129 1.409821816601478 10.3
80.03076195716858  seconds  2.421355054487129 1.409821816601478 11.3
79.82552170753479  seconds  2.421355054487129 1.409821816601478 12.3
78.98655271530151  seconds  2.421355054487129 1.409821816601478 13.3
79.93063831329346  seconds  2.421355054487129 1.409821816601478 0.4
78.97288274765015  seconds  2.421355054487129 1.409821816601478 1.4000000000000001
79.52281904220581  seconds  2.421355054487129 1.409821816601478 14.3
79.25528883934021  seconds  2.421355054487129 1.409821816601478 2.4000000000000004
79.59596872329712  seconds  2.421355054487129 1.409821816601478 15.3
78.89947652816772  seconds  2.421355054487129 1.409821816601478 3.4000000000000004
78.9605667591095  seconds  2.421355054487129 1.409821816601478 16.3
78.49545311927795  seconds  2.421355054487129 1.409821816601478 4.4
79.2188618183136  seconds  2.421355054487129 1.409821816601478 17.3
78.88530135154724  seconds  2.421355054487129 1.409821816601478 5.4
79.35829091072083  seconds  2.421355054487129 1.409821816601478 18.3
79.4095230102539  seconds  2.421355054487129 1.409821816601478 6.4
79.0868558883667  seconds  2.421355054487129 1.409821816601478 19.3
79.59294962882996  seconds  2.421355054487129 1.409821816601478 7.4
79.27130222320557  seconds  2.421355054487129 1.409821816601478 8.4
79.09084606170654  seconds  2.421355054487129 1.409821816601478 9.4
79.09554529190063  seconds  2.421355054487129 1.409821816601478 10.4
80.46016645431519  seconds  2.421355054487129 1.409821816601478 11.4
79.79116106033325  seconds  2.421355054487129 1.409821816601478 12.4
78.83027052879333  seconds  2.421355054487129 1.409821816601478 13.4
79.73268365859985  seconds  2.421355054487129 1.409821816601478 0.5
78.99029850959778  seconds  2.421355054487129 1.409821816601478 1.5
79.37530016899109  seconds  2.421355054487129 1.409821816601478 14.4
78.95608329772949  seconds  2.421355054487129 1.409821816601478 2.5
79.24711847305298  seconds  2.421355054487129 1.409821816601478 15.4
78.47057151794434  seconds  2.421355054487129 1.409821816601478 3.5
79.00769233703613  seconds  2.421355054487129 1.409821816601478 16.400000000000002
78.93542218208313  seconds  2.421355054487129 1.409821816601478 4.5
78.9972198009491  seconds  2.421355054487129 1.409821816601478 17.400000000000002
78.40659642219543  seconds  2.421355054487129 1.409821816601478 5.5
78.84788775444031  seconds  2.421355054487129 1.409821816601478 18.400000000000002
79.07980513572693  seconds  2.421355054487129 1.409821816601478 6.5
79.70078086853027  seconds  2.421355054487129 1.409821816601478 19.400000000000002
79.38597059249878  seconds  2.421355054487129 1.409821816601478 7.5
79.13849639892578  seconds  2.421355054487129 1.409821816601478 8.5
78.77631425857544  seconds  2.421355054487129 1.409821816601478 9.5
79.14466834068298  seconds  2.421355054487129 1.409821816601478 10.5
79.60339593887329  seconds  2.421355054487129 1.409821816601478 12.5
81.06860542297363  seconds  2.421355054487129 1.409821816601478 11.5
79.09835505485535  seconds  2.421355054487129 1.409821816601478 13.5
79.79195356369019  seconds  2.421355054487129 1.409821816601478 0.6000000000000001
79.07814884185791  seconds  2.421355054487129 1.409821816601478 1.6
79.30400395393372  seconds  2.421355054487129 1.409821816601478 2.6
80.09941053390503  seconds  2.421355054487129 1.409821816601478 14.5
79.24840569496155  seconds  2.421355054487129 1.409821816601478 15.5
78.54357814788818  seconds  2.421355054487129 1.409821816601478 3.6
78.87781929969788  seconds  2.421355054487129 1.409821816601478 16.5
78.77492666244507  seconds  2.421355054487129 1.409821816601478 4.6000000000000005
79.12227535247803  seconds  2.421355054487129 1.409821816601478 17.5
78.58788466453552  seconds  2.421355054487129 1.409821816601478 5.6000000000000005
79.6923360824585  seconds  2.421355054487129 1.409821816601478 18.5
79.21027660369873  seconds  2.421355054487129 1.409821816601478 6.6000000000000005
79.47684741020203  seconds  2.421355054487129 1.409821816601478 19.5
80.22150349617004  seconds  2.421355054487129 1.409821816601478 7.6000000000000005
78.79152822494507  seconds  2.421355054487129 1.409821816601478 8.6
79.71173429489136  seconds  2.421355054487129 1.409821816601478 9.600000000000001
79.40782856941223  seconds  2.421355054487129 1.409821816601478 10.600000000000001
79.97802424430847  seconds  2.421355054487129 1.409821816601478 12.600000000000001
79.6902220249176  seconds  2.421355054487129 1.409821816601478 11.600000000000001
78.30788469314575  seconds  2.421355054487129 1.409821816601478 13.600000000000001
79.65552949905396  seconds  2.421355054487129 1.409821816601478 0.7000000000000001
79.06734251976013  seconds  2.421355054487129 1.409821816601478 1.7000000000000002
79.94978022575378  seconds  2.421355054487129 1.409821816601478 14.600000000000001
80.7780065536499  seconds  2.421355054487129 1.409821816601478 2.7
79.1986095905304  seconds  2.421355054487129 1.409821816601478 15.600000000000001
79.5441026687622  seconds  2.421355054487129 1.409821816601478 3.7
78.26843333244324  seconds  2.421355054487129 1.409821816601478 16.6
78.50997877120972  seconds  2.421355054487129 1.409821816601478 4.7
78.54137587547302  seconds  2.421355054487129 1.409821816601478 17.6
78.4850263595581  seconds  2.421355054487129 1.409821816601478 5.7
78.95704960823059  seconds  2.421355054487129 1.409821816601478 18.6
79.31478834152222  seconds  2.421355054487129 1.409821816601478 6.7
80.52383279800415  seconds  2.421355054487129 1.409821816601478 19.6
79.44811868667603  seconds  2.421355054487129 1.409821816601478 7.7
79.3537654876709  seconds  2.421355054487129 1.409821816601478 8.700000000000001
79.07625007629395  seconds  2.421355054487129 1.409821816601478 9.700000000000001
79.34921360015869  seconds  2.421355054487129 1.409821816601478 10.700000000000001
79.66971898078918  seconds  2.421355054487129 1.409821816601478 11.700000000000001
80.60650086402893  seconds  2.421355054487129 1.409821816601478 12.700000000000001
78.3957622051239  seconds  2.421355054487129 1.409821816601478 13.700000000000001
79.79922103881836  seconds  2.421355054487129 1.409821816601478 0.8
79.51058411598206  seconds  2.421355054487129 1.409821816601478 1.8
79.47005701065063  seconds  2.421355054487129 1.409821816601478 14.700000000000001
79.09917521476746  seconds  2.421355054487129 1.409821816601478 15.700000000000001
79.48356556892395  seconds  2.421355054487129 1.409821816601478 2.8000000000000003
79.5230963230133  seconds  2.421355054487129 1.409821816601478 3.8000000000000003
79.49935841560364  seconds  2.421355054487129 1.409821816601478 16.7
78.71821141242981  seconds  2.421355054487129 1.409821816601478 4.800000000000001
79.58924579620361  seconds  2.421355054487129 1.409821816601478 17.7
78.8420000076294  seconds  2.421355054487129 1.409821816601478 5.800000000000001
78.93035316467285  seconds  2.421355054487129 1.409821816601478 18.7
79.5699622631073  seconds  2.421355054487129 1.409821816601478 6.800000000000001
80.24779748916626  seconds  2.421355054487129 1.409821816601478 19.700000000000003
79.65760970115662  seconds  2.421355054487129 1.409821816601478 7.800000000000001
79.53289103507996  seconds  2.421355054487129 1.409821816601478 8.8
79.31832385063171  seconds  2.421355054487129 1.409821816601478 9.8
79.4659218788147  seconds  2.421355054487129 1.409821816601478 10.8
79.60385513305664  seconds  2.421355054487129 1.409821816601478 11.8
79.19133138656616  seconds  2.421355054487129 1.409821816601478 12.8
78.90706086158752  seconds  2.421355054487129 1.409821816601478 13.8
79.38768863677979  seconds  2.421355054487129 1.409821816601478 1.9000000000000001
79.86377906799316  seconds  2.421355054487129 1.409821816601478 0.9
79.04195189476013  seconds  2.421355054487129 1.409821816601478 14.8
78.8321750164032  seconds  2.421355054487129 1.409821816601478 15.8
78.88870787620544  seconds  2.421355054487129 1.409821816601478 2.9000000000000004
78.84510612487793  seconds  2.421355054487129 1.409821816601478 3.9000000000000004
78.88553142547607  seconds  2.421355054487129 1.409821816601478 16.8
77.28449440002441  seconds  2.421355054487129 1.409821816601478 4.9
78.28543496131897  seconds  2.421355054487129 1.409821816601478 17.8
76.7315285205841  seconds  2.421355054487129 1.409821816601478 5.9
78.04217410087585  seconds  2.421355054487129 1.409821816601478 18.8
76.8116717338562  seconds  2.421355054487129 1.409821816601478 6.9
78.17254519462585  seconds  2.421355054487129 1.409821816601478 19.8
78.60630989074707  seconds  2.421355054487129 1.409821816601478 7.9
76.33648324012756  seconds  2.421355054487129 1.409821816601478 8.9
74.07753849029541  seconds  2.421355054487129 1.409821816601478 9.9
76.61346936225891  seconds  2.421355054487129 1.409821816601478 10.9
69.94579672813416  seconds  2.421355054487129 1.409821816601478 13.9
73.55005168914795  seconds  2.421355054487129 1.409821816601478 11.9
73.87941360473633  seconds  2.421355054487129 1.409821816601478 12.9
67.41929793357849  seconds  2.421355054487129 1.409821816601478 15.9
68.63755393028259  seconds  2.421355054487129 1.409821816601478 14.9
66.73630046844482  seconds  2.421355054487129 1.409821816601478 16.900000000000002
68.25590062141418  seconds  2.421355054487129 1.409821816601478 17.900000000000002
65.95645475387573  seconds  2.421355054487129 1.409821816601478 18.900000000000002
63.78544902801514  seconds  2.421355054487129 1.409821816601478 19.900000000000002
time for calc.... 891.2376706600189
67295.41user 31043.03system 1:32:26elapsed 1772%CPU (0avgtext+0avgdata 25847972maxresident)k
0inputs+132704outputs (385major+564643221minor)pagefaults 0swaps
