loading data for the structure factor at T=3.0
time for loading 0.18055105209350586
reshaping the original array....
(4097, 320, 320)
time for recasting 11.382071733474731
time for interpolation 0.00015687942504882812
starting sampling in reciprocal space....
finished sampling in reciprocal space....
time for sampling was... 35.653804779052734
dense shape (1337,)
starting with calculation of Sigma theta w=0.....
0 13.166881220625436
1 12.388029984525947
2 12.698340487653269
3 12.248553587297797
4 11.934465767819223
5 11.907942518843301
6 11.826478273240678
7 11.868031735306282
8 11.751562467945657
9 12.519575748871654
10 11.930135023885752
11 12.860935354048797
12 11.845492230283886
13 11.844364876592369
14 11.80490841317009
15 12.32078101698741
16 11.836236380334979
17 12.658389646774307
18 11.813770892350512
19 11.832790025929459
20 12.207920739936545
21 11.803290296633424
22 12.578524792398511
23 11.806948576602514
24 11.844473466801
25 13.115124579290441
26 12.811740770271852
27 11.80103063211201
28 11.807874746375653
29 13.021738041313109
30 12.046140535775622
31 11.910144594262434
32 12.30013142731626
33 12.854045694891882
34 13.33735556742158
35 11.830774786463788
36 12.138500421353902
37 11.916548699091518
38 12.497512243751988
39 11.788143152678927
40 12.935500859781715
41 11.89600313892425
42 11.960212798975563
43 12.261383583884754
44 11.91362950444923
45 12.4529798516459
46 12.123459553843826
47 12.224814095063357
48 12.91072336999439
49 12.044501287984565
50 12.974310257810334
51 12.218486089726019
52 12.13601113999801
53 12.663835129512409
54 11.805857383529531
55 12.42395523441602
56 12.586086751757085
57 11.868113880046323
58 12.38714402985644
59 12.60857825769452
60 11.801021724612058
61 12.507636451983846
62 12.600852276493931
63 11.889349800981934
64 12.684305993664506
65 12.573869777623342
66 11.806160616481817
67 12.60797835336958
68 12.56437405448365
69 11.801238676802118
70 12.664008818811201
71 12.732883261441755
72 11.836670837132747
73 12.739799230199802
74 12.927718948404161
75 12.004578050919214
76 12.825334036062543
77 12.90319342469345
78 12.1224719653675
79 12.714075186582445
80 13.002487130191941
81 12.548170260736105
82 12.756823444157227
83 13.040126175214592
84 13.096827212790485
85 12.839493722085379
86 12.505702566109816
87 13.047190136250984
88 12.95946333876009
89 12.270702490287773
90 13.0546815444409
91 13.06167308726419
92 12.313537646745704
93 13.115238420203472
94 13.158731035626202
95 12.625915317152508
96 13.18233935264088
97 13.215980809846492
98 13.16203592204002
99 13.158526852900597
100 12.858349281144777
101 13.22184843242546
102 13.203967569412836
103 12.843559465063178
104 13.275557438194786
105 13.514832945612063
106 13.460454013277005
107 13.97614233335277
108 15.408990767375373
109 15.3961061425574
110 13.403869176857826
111 13.331519889293642
112 13.312320291342743
113 13.024268948304643
114 13.08016297546853
115 12.87541320847395
116 13.07154662521658
117 13.144042945013945
118 12.655542452194997
119 13.135722368043961
120 13.021606195042997
121 12.61728955161063
122 13.093256204007497
123 12.617723969994268
124 12.828217179566199
125 13.14567658537164
126 12.376091369425637
127 13.123377955478292
128 12.911193319844092
129 12.39736289441388
130 13.037201030693858
131 12.381863088816594
132 12.764792853516084
133 13.026970471273936
134 12.133140524501034
135 12.97949554586325
136 12.632517872838644
137 12.330562121237298
138 12.900990376160152
139 12.109052327295375
140 13.250894717701723
141 13.244965414756633
142 12.207754288116842
143 12.981610310505612
144 12.254276487615085
145 12.76174905080331
146 12.979890815991293
147 11.940893597483877
148 12.802599310529516
149 12.303327326063666
150 12.477100970638144
151 12.860109918086117
152 11.922587316898284
153 12.899136124021151
154 12.438181308533187
155 12.416907319144675
156 12.862552876671572
157 11.792082954813171
158 12.778507045917106
159 12.201882684435748
160 12.567431226366475
161 12.927041411702497
162 11.886219553227674
163 12.655779403176208
164 11.900913057504617
165 13.021630292478536
166 13.08167816702273
167 12.034224157485744
168 12.647541630080003
169 12.019379734156427
170 12.995437025238191
171 12.218339677156784
172 12.525676184603377
173 12.89194586063251
174 11.821492673676481
175 12.540257033613573
176 11.784257903544603
177 12.708077138874705
178 12.104050437753283
179 13.412819414584641
180 13.207031551488955
181 11.881018865061932
182 12.692016564809908
183 11.874602340895107
184 12.527333431710957
185 11.865346788048537
186 12.605951203341906
187 11.869714330104188
188 12.863307737438818
189 12.37158837643054
190 13.145805737592493
191 13.11100121592651
192 12.469868484670846
193 12.940736312189694
194 12.055335479178687
195 12.726127715573215
196 11.791631562780484
197 12.666063930783649
198 11.913199696999037
199 12.613102082189965
200 11.838356527251397
201 12.601892781191237
202 11.785211345488621
203 12.674540053555353
204 11.836344184520367
205 12.89582857500757
206 12.333309032637535
207 12.986417584629995
208 14.05385213705185
209 13.882232702127405
210 12.910276669635378
211 11.97610643960055
212 12.633392961686724
213 11.966884008578024
214 12.493849343447355
215 11.789451843512335
216 12.740811253904617
217 12.513269321088666
218 13.004330677535116
219 12.757822175052342
220 11.90002263598621
221 12.646328587089778
222 11.812090183408653
223 12.732557393151772
224 12.874872542101121
225 11.824084917354634
226 12.573745884683833
227 11.838548370327445
228 12.879536748485634
229 12.799674867960759
230 12.248917864530805
231 12.692049165482139
232 12.954983852027114
233 11.83568209324314
234 12.664690622003747
235 13.071506793412045
236 12.41828834745498
237 12.682285564458518
238 13.219758017259743
239 12.353545197755276
240 12.657192604728053
241 12.905542024227076
242 11.900489923748419
243 12.800224226079528
244 12.821162700422336
245 11.814314625214278
246 12.956669178554224
247 12.90006411274979
248 13.057362534648734
249 11.811559910235394
250 12.833109902449484
251 13.035895147495035
252 13.104237493983138
253 11.809237500240341
254 12.939617739921996
255 12.919080659155902
256 12.913794359160164
257 11.85603792895958
258 13.030785718936247
259 12.923247875429475
260 13.05139914232532
261 13.046577209076672
262 11.863195736710853
263 13.047684256175229
264 12.95884856178708
265 12.921972215417151
266 13.025883706456069
267 13.362080711763813
268 13.094177172740304
269 13.09367752794215
270 13.250469340212534
271 13.119491569154128
272 13.087391483567252
273 13.128708093059235
274 11.917620682326584
275 13.13917684823079
276 13.108037427154146
277 13.159365144243203
278 13.09687045430215
279 13.048025619300715
280 13.479203476721974
281 13.137785964927994
282 13.112707626968367
283 12.663958902542914
284 13.112859542149884
285 13.151694621607954
286 13.174870270817406
287 13.151860846295403
288 13.192695112291249
289 13.15180578319147
290 13.186729844298895
291 13.134007446445816
292 13.171421474615123
293 13.1214200255942
294 13.175925457625201
295 12.307670296341783
296 13.222059176066484
297 13.223461500340333
298 13.121578385028227
299 13.031839497322336
300 13.025495865086095
301 13.070189047322195
302 13.010584522611952
303 13.037151066466258
304 13.107001596878987
305 13.107552452873923
306 13.036678718937672
307 12.932291079116522
308 12.926874938069146
309 12.922295005239397
310 12.913115673957414
311 12.911220198876626
312 12.923811326410881
313 12.940171115943043
314 12.95502553408765
315 12.970218585514148
316 12.983836465761785
317 13.002311738086167
318 13.025599168482296
319 13.04718787129703
320 13.069262798640615
321 13.097099508326378
322 13.123206444219292
323 13.157977160922279
324 13.19827460480848
325 13.252825555793752
326 13.32565233952489
327 13.461705707265153
328 13.71909268336457
329 15.333928034466663
330 15.335869051416934
331 13.72823532291831
332 13.470563834587642
333 13.323534935031836
334 13.251009638742897
335 13.19524258349233
336 13.158108090928756
337 13.124726287024476
338 13.095897693848665
339 13.068456692940115
340 13.047220185014325
341 13.026048221279956
342 13.000755694256872
343 12.984773353436331
344 12.972402936231166
345 12.954793020675089
346 12.939972752817056
347 12.923110099774556
348 12.911316154787025
349 12.911937534461407
350 12.922364259417298
351 12.927815925222484
352 12.933220240483696
353 13.03743090453756
354 13.107784868047027
355 13.108847661674092
356 13.037304054388303
357 13.012216617879416
358 13.068163299481691
359 13.025689184690588
360 13.033884972172046
361 13.121830472348021
362 13.224055133432236
363 13.222800540192196
364 12.308902446498697
365 13.17442035603473
366 13.121467702464267
367 13.168160741690455
368 13.134699629858735
369 13.186888525881747
370 13.152326726292323
371 13.177195108757006
372 13.153069134056771
373 13.17633167698112
374 13.152416494830305
375 13.114536670348073
376 12.665400478730033
377 13.11436618532672
378 13.139729356883553
379 13.448926774133415
380 13.049194276840664
381 13.098271416674542
382 13.179363749618606
383 13.121208872263546
384 13.1429865796851
385 11.9176702191799
386 13.130006462630652
387 13.086256304169796
388 13.120970103188004
389 13.250118094114697
390 13.092758814751589
391 13.111772402351408
392 13.344174358667289
393 13.024834812012168
394 12.921833153910345
395 12.958533991601735
396 13.05074119599527
397 11.872026246440676
398 13.044026662099977
399 13.0608587025979
400 12.901008497630592
401 13.03092814358642
402 11.8638698812971
403 12.914372541410575
404 12.902936089820207
405 12.942691757902892
406 11.812080486021333
407 13.108704054376725
408 13.040241849092098
409 12.835842478107102
410 11.815414994210522
411 13.05893882797121
412 12.877240002727312
413 12.957943350722337
414 11.81386197763658
415 12.824793344648732
416 12.800345521040944
417 11.899679712701598
418 12.907143666688972
419 12.657469976709141
420 12.354563485886457
421 13.222622179152001
422 12.68586372959837
423 12.4183678575446
424 13.069272459880176
425 12.661824895754014
426 11.838630123940883
427 12.958654731556338
428 12.710219266893102
429 12.21704377575002
430 12.833945130157153
431 12.880821805602592
432 11.83682295445485
433 12.574403550294532
434 11.821421934865677
435 12.875782147385477
436 12.731570393227585
437 11.811869229641815
438 12.684684386415874
439 11.943043258213496
440 12.757003852703997
441 13.004021709450917
442 12.515181169298504
443 12.731992081625497
444 11.789542983425747
445 12.492746413651359
446 11.95416293913524
447 12.633014818996088
448 11.978380403537143
449 12.938201604905032
450 13.751169845067318
451 13.89106511222789
452 12.999422952804442
453 12.330055105483247
454 12.905497571666748
455 11.836649736896836
456 12.675447601906953
457 11.782951576785953
458 12.60226948226691
459 11.838077508137795
460 12.615298767764793
461 11.925885598793132
462 12.668138269845759
463 11.79238094343183
464 12.7281244276687
465 12.055938115244011
466 12.942963333276392
467 12.471718423656796
468 13.107534577186575
469 13.1499452717994
470 12.362679099964026
471 12.864427271154572
472 11.893278091219486
473 12.610167275123814
474 11.866500929634304
475 12.530355924408612
476 11.915756408598135
477 12.692210514364836
478 11.881646601916419
479 13.23301970687288
480 13.252912144640824
481 12.105552652264686
482 12.709304463081306
483 11.785472274972582
484 12.540817375243803
485 11.824414850705638
486 12.891994833558737
487 12.524147190944445
488 12.219894750126286
489 12.983392186360424
490 12.033616085071772
491 12.64352636937246
492 12.027378571045645
493 13.084093285991969
494 13.022036300090821
495 11.905194765457841
496 12.656181956480367
497 11.889711953455377
498 12.929316910364838
499 12.572532483117515
500 12.202811154161497
501 12.781551744255443
502 11.792326937261764
503 12.856664152320484
504 12.422022267123609
505 12.440354458645489
506 12.898300204464995
507 11.915120405438532
508 12.860468113942108
509 12.475499567092982
510 12.299382682822763
511 12.804080480818854
512 11.938921505717522
513 12.980130455016287
514 12.761156875060646
515 12.252907036478753
516 12.981594233845067
517 12.206257980614032
518 13.244908478342762
519 13.249843166415097
520 12.110936298231522
521 12.904272861943138
522 12.33144388159904
523 12.63384234998422
524 12.980265803619268
525 12.133396867020048
526 13.027733612218626
527 12.767270047019485
528 12.382125385054048
529 13.039564106436014
530 12.396346182956014
531 12.912043916484738
532 13.127620262452066
533 12.377224956802657
534 13.146316000580256
535 12.829790208865214
536 12.618924622641071
537 13.095763583896566
538 12.619977754565564
539 13.022870703677047
540 13.13896124217285
541 12.658995185828125
542 13.15340525601881
543 13.0802333395216
544 12.882948988601017
545 13.094302348273732
546 13.04116335247601
547 13.331179247418584
548 13.36600237493238
549 13.47158054721987
550 15.241880668459633
551 15.263011818779185
552 13.889293446683686
553 13.447765036077584
554 13.591818451072918
555 13.28727644638613
556 12.86490896009275
557 13.217059177920062
558 13.228208331283211
559 12.86564672136649
560 13.163859711484573
561 13.168015099516976
562 13.219777077131482
563 13.184898616442334
564 12.628062794991262
565 13.161061635275686
566 13.11709870093261
567 12.315103796260772
568 13.062084758780799
569 13.056091488716078
570 12.27273682601276
571 12.958710762760886
572 13.047651028230437
573 12.507361866790419
574 12.840320319130537
575 13.0971925371149
576 13.041532448467583
577 12.760207114749988
578 12.550837975672886
579 13.003106149191748
580 12.715078612488883
581 12.122904548942811
582 12.905077737465982
583 12.82597351211928
584 12.004246676313233
585 12.926436397692207
586 12.740293372362272
587 11.837499695870756
588 12.733924745350809
589 12.66659609848456
590 11.800989256643996
591 12.56377153403957
592 12.609720082225838
593 11.805558273918125
594 12.57410554109371
595 12.686188454229177
596 11.891143275106876
597 12.595180047033548
598 12.510265810079
599 11.802608104662202
600 12.591676124857484
601 12.388643106626127
602 11.870270053363658
603 12.587419825382803
604 12.41201939316778
605 11.805761217335128
606 12.664661219266563
607 12.13408305730965
608 12.221796448134251
609 12.971760225986513
610 12.04529726379046
611 12.910365144395096
612 12.225614059729025
613 12.11259919010954
614 12.455729979684312
615 11.917311869976867
616 12.264094557437462
617 11.960853273546777
618 11.897865009350616
619 12.936340925744934
620 11.789506425169073
621 12.499132531268147
622 11.913996297523125
623 12.13894430751999
624 11.833326161329852
625 13.330045428774357
626 12.856833515706455
627 12.2055468917183
628 11.910170672374523
629 12.049349374484443
630 13.033807388028517
631 11.808724293810798
632 11.803904460892333
633 12.809412406193355
634 13.115065014627074
635 11.848687296833157
636 11.80822434323613
637 12.583522859088198
638 11.804517637755508
639 12.207178219558486
640 11.833688353816513
641 11.814846871397654
642 12.65717570215655
643 11.837873448880543
644 12.319860629442394
645 11.80753467632554
646 11.849499088535824
647 11.847768323086951
648 12.859188434879739
649 11.930591113580213
650 12.5218188975981
651 11.75175807804139
652 11.871288861248164
653 11.827243144342386
654 11.907738068435153
655 11.940456337785776
656 12.250548227354425
657 12.698005244703506
658 12.389247183817758
659 13.166509599862358
660 12.74814685321239
661 12.572348540523983
662 12.338263220844393
663 12.489731976769734
664 12.488459980242844
665 12.339138952264234
666 12.571701140451433
667 12.749109749136174
668 13.167255439789352
669 12.388620656671817
670 12.697555287215751
671 12.250073641012836
672 11.934069283719557
673 11.909634790136016
674 11.827613623946243
675 11.868960910305361
676 11.751325463936379
677 12.518383199999768
678 11.929837260872743
679 12.862217914643466
680 11.845971541684843
681 11.841955100954749
682 11.807356377134191
683 12.321896898594396
684 11.8351589098934
685 12.659226054749492
686 11.81517631675185
687 11.832682589040425
688 12.207198751323604
689 11.805093592221883
690 12.57627881188762
691 11.806500583556243
692 11.84340645717935
693 13.114643507170182
694 12.810713639878514
695 11.800731914011143
696 11.808874652734945
697 13.024118179468461
698 12.046777737362536
699 11.909419829036574
700 12.302280009448959
701 12.854330905052391
702 13.338790960491039
703 11.831491817496694
704 12.13895010725704
705 11.915328026502165
706 12.498247918019867
707 11.787576731043842
708 12.936035342318704
709 11.896705249475957
710 11.961379506262736
711 12.261738066089086
712 11.915119780989533
713 12.454619421713662
714 12.124070220168328
715 12.225594753660332
716 12.910882776962785
717 12.045365925000112
718 12.975713855148552
719 12.219691043163055
720 12.135111456228188
721 12.664442561133585
722 11.807057873210248
723 12.425045932303084
724 12.587052749519938
725 11.869260130980852
726 12.38736284590265
727 12.609882237374435
728 11.802127693386105
729 12.508818780750492
730 12.598615669056521
731 11.89091390771459
732 12.684489829212868
733 12.574163156741815
734 11.805540428963733
735 12.6081913745776
736 12.563213711512248
737 11.801493522419074
738 12.66549756187609
739 12.732870562724754
740 11.835773918246105
741 12.740501407823421
742 12.926804082904646
743 12.005415214593226
744 12.826954910815953
745 12.904805054057688
746 12.122887456775748
747 12.715277662081704
748 13.00300802615745
749 12.549532070002405
750 12.760628449992504
751 13.041270863495212
752 13.09796907642309
753 12.839407094932996
754 12.506266367378771
755 13.047346797826066
756 12.958084595760454
757 12.27212685550589
758 13.05547881039526
759 13.0612227060695
760 12.313942701730703
761 13.114877867982216
762 13.159160121029053
763 12.626025146579803
764 13.18292245646016
765 13.217146263080537
766 13.162163547972218
767 13.160907221492458
768 12.85832170909112
769 13.22265896122821
770 13.204599708931642
771 12.844761993642132
772 13.273925724731708
773 13.517166172379621
774 13.46876910696064
775 13.978266008163978
776 15.411230885676842
777 15.398547732767343
778 13.401368614237779
779 13.330323149058335
780 13.312039357199765
781 13.023727585596738
782 13.08101553575035
783 12.877521798946947
784 13.07324376579641
785 13.148549694104277
786 12.656033740732859
787 13.138181538420431
788 13.02008621043695
789 12.616844597826915
790 13.092610989140033
791 12.618958843776486
792 12.829016694886727
793 13.147063084648693
794 12.377619673577593
795 13.124697548147582
796 12.910914833505108
797 12.396078433782659
798 13.037658428072326
799 12.38276941925228
800 12.766386707323674
801 13.026958981454603
802 12.13222087532725
803 12.979348284157014
804 12.633314098095116
805 12.330140108163574
806 12.902179659560316
807 12.11134860319855
808 13.25091067575117
809 13.245412108931758
810 12.208871793804771
811 12.98232820099891
812 12.253502329722547
813 12.761564073404749
814 12.979351414650928
815 11.941956441360716
816 12.802551538252104
817 12.303183484260163
818 12.479557767768553
819 12.861637139776924
820 11.925206644893288
821 12.898823341981329
822 12.438834348214295
823 12.416887513616409
824 12.862093241810657
825 11.78987906784206
826 12.780053283090773
827 12.202475948405828
828 12.567837649808267
829 12.925813914080955
830 11.88615614768258
831 12.6546194745879
832 11.902489527031674
833 13.020422298366979
834 13.08123342605338
835 12.03455035888526
836 12.64774320004799
837 12.0157780788702
838 12.996544276921238
839 12.21880226257105
840 12.52584115886066
841 12.89117631540849
842 11.821653827738382
843 12.541587314596029
844 11.784955157945443
845 12.70854444668107
846 12.103692190172143
847 13.41326684826496
848 13.208254031103309
849 11.880379457287965
850 12.691319561258354
851 11.875532419252309
852 12.527283503257724
853 11.865921995637484
854 12.60775499276563
855 11.872299557434637
856 12.860053874664647
857 12.371911194866664
858 13.146250988591472
859 13.110345327697708
860 12.468959235769736
861 12.938798168616778
862 12.055623455771196
863 12.725839468465136
864 11.790257068354695
865 12.666035178738404
866 11.912655427648255
867 12.615463842190898
868 11.839822892371684
869 12.600554143846313
870 11.785247771076483
871 12.673412152120687
872 11.836930646692277
873 12.89341823724
874 12.333101666994066
875 12.986955994746726
876 14.05349902395712
877 13.881928164547858
878 12.909537052091762
879 11.975405507447212
880 12.631140945176002
881 11.965966749355665
882 12.494610867619793
883 11.789602288955544
884 12.739286145083984
885 12.513976587885503
886 13.00403546727582
887 12.757287103384545
888 11.901948911148635
889 12.644881598695727
890 11.811949642861226
891 12.73100121907989
892 12.875846236505804
893 11.822456059995286
894 12.574788114332625
895 11.838167299753833
896 12.879129268127587
897 12.800726196692722
898 12.249314136575403
899 12.690339797149958
900 12.956198405073541
901 11.836363516200679
902 12.666356946849534
903 13.072740434969246
904 12.419432072281197
905 12.68281637487825
906 13.220182498569377
907 12.354171786814724
908 12.657069555654065
909 12.906982828315702
910 11.901571397560337
911 12.799956758820972
912 12.822045164381784
913 11.81641541308524
914 12.957922822468252
915 12.900994987570183
916 13.058985097667637
917 11.812211231939278
918 12.83345000022826
919 13.033280509916995
920 13.105412262687523
921 11.810547775392443
922 12.94200091968583
923 12.91774291946803
924 12.914001883997662
925 11.856310424571895
926 13.029754650352798
927 12.925448884092035
928 13.05155079967965
929 13.047310171600197
930 11.86566029967095
931 13.046835410745416
932 12.960078418478373
933 12.921770905647401
934 13.023832724366434
935 13.360630341983303
936 13.092180841656793
937 13.093635897564694
938 13.247494062756878
939 13.12230352075457
940 13.087189184002995
941 13.129602350815059
942 11.916371007775698
943 13.139181643095645
944 13.105816020891531
945 13.161374916090132
946 13.094886896159958
947 13.049957903290085
948 13.478596018090697
949 13.139080818985427
950 13.112465948980292
951 12.664952976010202
952 13.112917241917163
953 13.15201672595778
954 13.175325604679708
955 13.15121290090042
956 13.190257970821474
957 13.150062652072656
958 13.185834561996515
959 13.134638989467964
960 13.174708103137572
961 13.119356977584813
962 13.174510522716295
963 12.306189176274009
964 13.221621048072157
965 13.22477362254978
966 13.121296734119364
967 13.031096161369394
968 13.025521303889105
969 13.068021867915048
970 13.012173508763683
971 13.035509063635361
972 13.108225319356276
973 13.108390467843028
974 13.037091528377326
975 12.933552198915848
976 12.92753370534292
977 12.923316877688537
978 12.913267561725966
979 12.91071376194155
980 12.923121065271076
981 12.93971400257032
982 12.956441766606334
983 12.971214446882188
984 12.982949511123959
985 12.99984376039508
986 13.02415196249048
987 13.047316578392008
988 13.067590804296682
989 13.09686659533948
990 13.123755275723056
991 13.157172211429817
992 13.19640257821231
993 13.250289075935811
994 13.323193586459661
995 13.469794431323972
996 13.728741478296817
997 15.335162560194847
998 15.333789576044317
999 13.718502651160227
1000 13.462114272367819
1001 13.324635449859743
1002 13.252844759996709
1003 13.19631171934375
1004 13.157175278339105
1005 13.121536745741443
1006 13.095171745511843
1007 13.067892583530732
1008 13.047521865724898
1009 13.023794276850241
1010 13.001563676096131
1011 12.982353125552828
1012 12.970723615003289
1013 12.955911586052302
1014 12.938426228085033
1015 12.922836824751618
1016 12.911826956892654
1017 12.912910577481492
1018 12.921213521725589
1019 12.927119245532435
1020 12.933145602757042
1021 13.036238906779449
1022 13.10688502329965
1023 13.106617135248742
1024 13.036250668844646
1025 13.010930146612417
1026 13.068554528739494
1027 13.024556976349732
1028 13.034195787520936
1029 13.12084746749169
1030 13.22265586564071
1031 13.22231727275986
1032 12.308295202800556
1033 13.175378329105069
1034 13.12107412573848
1035 13.166377409814212
1036 13.134692014397977
1037 13.18736820673504
1038 13.150816929384801
1039 13.176818276364452
1040 13.154331503440307
1041 13.177002833149587
1042 13.152395330074889
1043 13.111783282681198
1044 12.66478887819558
1045 13.113074922519118
1046 13.139034452179517
1047 13.451185878520961
1048 13.04865973565937
1049 13.098136314783265
1050 13.177094328185769
1051 13.124375760438626
1052 13.143010947956148
1053 11.916871797966547
1054 13.130765649424854
1055 13.086818223124709
1056 13.118174698327618
1057 13.254831483593904
1058 13.090530239096935
1059 13.115407793774711
1060 13.347831219261087
1061 13.026720434168663
1062 12.92148300070784
1063 12.959703396520265
1064 13.049758456781216
1065 11.8728366768593
1066 13.04772100079953
1067 13.060843193042496
1068 12.900150278927375
1069 13.03163827488924
1070 11.866076854673947
1071 12.913969550770451
1072 12.904514512087076
1073 12.941063642349187
1074 11.813336966530366
1075 13.109250573837842
1076 13.044512931953916
1077 12.835355936640966
1078 11.815217801204687
1079 13.060753143668418
1080 12.877958571015611
1081 12.956979482778832
1082 11.813181198465443
1083 12.826229768509261
1084 12.800442474940771
1085 11.898638903164215
1086 12.907199779335157
1087 12.657510189590628
1088 12.35447465597143
1089 13.227742057361734
1090 12.686699748871222
1091 12.419439266017937
1092 13.07128701195382
1093 12.663691775495401
1094 11.839596522315935
1095 12.95684337093324
1096 12.711364126437854
1097 12.218310930301108
1098 12.830437942143817
1099 12.881802740544732
1100 11.838908914070863
1101 12.574701898316151
1102 11.823580349044144
1103 12.876030571582145
1104 12.732217180249318
1105 11.813014747415524
1106 12.688016636495055
1107 11.93986691602995
1108 12.758315316319013
1109 13.005174608759846
1110 12.515209509776042
1111 12.734236390026973
1112 11.791066983910211
1113 12.495211561061149
1114 11.957491527865438
1115 12.634836554636479
1116 11.978367091811574
1117 12.942795527531432
1118 13.752012161050656
1119 13.892256453275653
1120 13.00132829260086
1121 12.3309606488321
1122 12.90905408217553
1123 11.838636508772751
1124 12.676042439398548
1125 11.784582353784927
1126 12.60386703850411
1127 11.840109673725195
1128 12.616617185730487
1129 11.926285891796516
1130 12.667239307252993
1131 11.7948299432548
1132 12.730996876609657
1133 12.057596057182025
1134 12.945093813602064
1135 12.473029864566271
1136 13.108297990649934
1137 13.15110640684539
1138 12.363356835690627
1139 12.864191865363429
1140 11.893144456479767
1141 12.61165375824123
1142 11.869646723461187
1143 12.530111977575093
1144 11.920360551123283
1145 12.69377905596244
1146 11.882993306764982
1147 13.231450486570175
1148 13.25332504422462
1149 12.105710615858008
1150 12.710462559831363
1151 11.78837832953474
1152 12.540621553993624
1153 11.823921487449718
1154 12.892607552419156
1155 12.528398955875788
1156 12.220737599353718
1157 12.986365719724779
1158 12.03309990081859
1159 12.643616162163978
1160 12.029694404684168
1161 13.085975408114383
1162 13.02332463918706
1163 11.907008425842019
1164 12.655029165684658
1165 11.891016681423586
1166 12.929347859604535
1167 12.573294962525654
1168 12.205081894318255
1169 12.782663139771651
1170 11.794320071188684
1171 12.860095231395487
1172 12.422578586427765
1173 12.440946764231693
1174 12.901064863261135
1175 11.917002028835755
1176 12.862696789006948
1177 12.477924352416174
1178 12.300927009802097
1179 12.805330513239097
1180 11.939341149721077
1181 12.98105114655033
1182 12.762874910779306
1183 12.255602266552025
1184 12.982848217990595
1185 12.209086092301614
1186 13.247020150542204
1187 13.252806785568907
1188 12.11106564269946
1189 12.90367638523648
1190 12.332610179890935
1191 12.635188982954602
1192 12.98191569381379
1193 12.135168752594263
1194 13.028205690479238
1195 12.768239091006144
1196 12.385517369506607
1197 13.040046590092725
1198 12.398047595423149
1199 12.911755416147042
1200 13.125986861903574
1201 12.379385996644826
1202 13.14527791239807
1203 12.83005408601938
1204 12.620780296936324
1205 13.096676703653337
1206 12.620577414821174
1207 13.023241840696974
1208 13.141518804747383
1209 12.660521877876416
1210 13.15474675337632
1211 13.079585307811202
1212 12.883924147833612
1213 13.09442092777428
1214 13.039715851581589
1215 13.332443744622767
1216 13.367340192955977
1217 13.47628282866941
1218 15.244876013553476
1219 15.266434137649249
1220 13.883167635698038
1221 13.443548808050059
1222 13.58721662065859
1223 13.283756249791857
1224 12.866189818531033
1225 13.218119269132991
1226 13.229076418849731
1227 12.865638378164993
1228 13.163807028035487
1229 13.166010988356234
1230 13.220444471208289
1231 13.183052474253218
1232 12.627641503988372
1233 13.161921986831214
1234 13.11691783799277
1235 12.315320860157442
1236 13.06376002586675
1237 13.055821734003985
1238 12.271563057056586
1239 12.956409315643294
1240 13.047044149476681
1241 12.507803381164596
1242 12.841044087210332
1243 13.097759079864296
1244 13.040753990123521
1245 12.760120541812563
1246 12.549076184879342
1247 13.002205308236315
1248 12.713590806064632
1249 12.123005414497012
1250 12.905404263544094
1251 12.824814538117533
1252 12.004495919552307
1253 12.926397509336532
1254 12.739737691887418
1255 11.837131247719167
1256 12.733200052491812
1257 12.66597795228316
1258 11.802981100413776
1259 12.564801872915996
1260 12.610413082802053
1261 11.806587973990691
1262 12.573553851709134
1263 12.685207648258869
1264 11.889490686296947
1265 12.596577941422465
1266 12.507968569430343
1267 11.803260661160001
1268 12.59395841678818
1269 12.387371873942286
1270 11.86840458272132
1271 12.588155332921563
1272 12.409428156481871
1273 11.805887974599692
1274 12.664470756631522
1275 12.134876377946506
1276 12.218734335359603
1277 12.972968289389922
1278 12.044371977706438
1279 12.912397782759674
1280 12.224969223881065
1281 12.111503232139084
1282 12.455760454033523
1283 11.918942247443212
1284 12.264381653753764
1285 11.961354486692015
1286 11.897111409935908
1287 12.939292053500319
1288 11.788400444047824
1289 12.498973023435987
1290 11.916973515961626
1291 12.139190734643078
1292 11.835631952760576
1293 13.332979469130468
1294 12.855489522757356
1295 12.204933051469464
1296 11.909479090674102
1297 12.049735397976285
1298 13.031786507897674
1299 11.808448967306578
1300 11.802090496680822
1301 12.813049470788807
1302 13.114875563531173
1303 11.848918934914714
1304 11.806560273802969
1305 12.58399441898229
1306 11.805200658521
1307 12.207498114785095
1308 11.833669026735228
1309 11.814775703144296
1310 12.657209549033182
1311 11.838914239014462
1312 12.319542263255816
1313 11.807182494239832
1314 11.849100812243403
1315 11.846294087824427
1316 12.861391836002557
1317 11.927794240522948
1318 12.520113118312509
1319 11.750652579068035
1320 11.867634661851891
1321 11.827975975712711
1322 11.90560177895033
1323 11.935906612807564
1324 12.249785844260947
1325 12.697547441157084
1326 12.388828452438442
1327 13.166359063672335
1328 12.747827894140578
1329 12.574530296193428
1330 12.337991991303403
1331 12.4894654285672
1332 12.487069498766816
1333 12.338439333706896
1334 12.571246062262984
1335 12.748661880258636
1336 13.166881220625438
finished  calculation of Sigma theta w=0.....
time for calc.... 2864.1893038749695
