reading lattice from... ./Lattices/sqKgridX1000.npy
reading lattice from... ./Lattices/sqKgridY1000.npy
starting sampling in reciprocal space....
 finished sampling in reciprocal space.... 0.07117319107055664
started calculating filling for chemical potential and dispersion parameters TB_single_band..
reading lattice from... ./Lattices/KgridX400.npy
reading lattice from... ./Lattices/KgridY400.npy
reading lattice from... ./Lattices/KgridX400.npy
reading lattice from... ./Lattices/KgridY400.npy
finished calculating filling for chemical potential
Filling: 0.5021914101708863 .... chemical potential: 29.41164495334965
The fermi energy in mev is: 3064.1164088176356, and in units of J: 296.3362097502549, the bandwidth is:494.39071566731144
reading lattice from... ./Lattices/KgridX1000.npy
reading lattice from... ./Lattices/KgridY1000.npy
reading lattice from... ./Lattices/sqKgridX1000.npy
reading lattice from... ./Lattices/sqKgridY1000.npy
the fermi surface points 515 numtheads 11
starting with calculation samplinggg
the acceptance ratio for the MC walk was ... 0.3901907
time for sampling.... 631.9885740280151
starting with calculation of Sigma
time for calc.... 2119.669734954834
Successfully created the directory MC_omega_0.0dir_T_5.0_fit_SF_func_2021-12-01-01:41:52 
 plotting data from the run ...
saving data from the run ...
6096.03user 3197.19system 46:18.40elapsed 334%CPU (0avgtext+0avgdata 3191820maxresident)k
9845608inputs+126136outputs (1136950major+74868205minor)pagefaults 0swaps
