reading lattice from... ./Lattices/sqKgridX6000.npy
reading lattice from... ./Lattices/sqKgridY6000.npy
starting sampling in reciprocal space....
 finished sampling in reciprocal space.... 0.05891585350036621
started calculating filling for chemical potential and dispersion parameters TB_single_band..
reading lattice from... ./Lattices/KgridX400.npy
reading lattice from... ./Lattices/KgridY400.npy
reading lattice from... ./Lattices/KgridX400.npy
reading lattice from... ./Lattices/KgridY400.npy
finished calculating filling for chemical potential
Filling: 0.5021914101708863 .... chemical potential: 29.41164495334965
The fermi energy in mev is: 3064.1164088176356, and in units of J: 296.3362097502549, the bandwidth is:494.39071566731144
reading lattice from... ./Lattices/KgridX6000.npy
reading lattice from... ./Lattices/KgridY6000.npy
reading lattice from... ./Lattices/sqKgridX6000.npy
reading lattice from... ./Lattices/sqKgridY6000.npy
energy at the point.. 2.616965833149795 -0.012168622338113444  is  4.813565695371835e-06
200 the points 10 chunk numtheads
starting with calculation of Sigma
62.718610525131226  seconds  2.616965833149795 -0.012168622338113444 0.0
64.41462111473083  seconds  2.616965833149795 -0.012168622338113444 1.0
64.09437823295593  seconds  2.616965833149795 -0.012168622338113444 2.0
60.622626543045044  seconds  2.616965833149795 -0.012168622338113444 3.0
61.995282888412476  seconds  2.616965833149795 -0.012168622338113444 5.0
67.96680283546448  seconds  2.616965833149795 -0.012168622338113444 4.0
69.38529849052429  seconds  2.616965833149795 -0.012168622338113444 6.0
70.98320126533508  seconds  2.616965833149795 -0.012168622338113444 7.0
66.7504255771637  seconds  2.616965833149795 -0.012168622338113444 8.0
69.7685718536377  seconds  2.616965833149795 -0.012168622338113444 9.0
73.36530137062073  seconds  2.616965833149795 -0.012168622338113444 10.0
68.8603765964508  seconds  2.616965833149795 -0.012168622338113444 11.0
68.6871931552887  seconds  2.616965833149795 -0.012168622338113444 12.0
73.38671731948853  seconds  2.616965833149795 -0.012168622338113444 0.1
74.0276415348053  seconds  2.616965833149795 -0.012168622338113444 13.0
73.9847686290741  seconds  2.616965833149795 -0.012168622338113444 1.1
69.81864190101624  seconds  2.616965833149795 -0.012168622338113444 3.1
74.35493993759155  seconds  2.616965833149795 -0.012168622338113444 14.0
73.67960715293884  seconds  2.616965833149795 -0.012168622338113444 2.1
70.15724897384644  seconds  2.616965833149795 -0.012168622338113444 15.0
69.84533262252808  seconds  2.616965833149795 -0.012168622338113444 5.1000000000000005
75.3889513015747  seconds  2.616965833149795 -0.012168622338113444 16.0
74.99491906166077  seconds  2.616965833149795 -0.012168622338113444 4.1000000000000005
74.79318118095398  seconds  2.616965833149795 -0.012168622338113444 17.0
70.45786333084106  seconds  2.616965833149795 -0.012168622338113444 18.0
70.80384755134583  seconds  2.616965833149795 -0.012168622338113444 19.0
74.15530943870544  seconds  2.616965833149795 -0.012168622338113444 6.1000000000000005
70.25237774848938  seconds  2.616965833149795 -0.012168622338113444 8.1
74.50938367843628  seconds  2.616965833149795 -0.012168622338113444 7.1000000000000005
70.5707049369812  seconds  2.616965833149795 -0.012168622338113444 9.1
70.59764957427979  seconds  2.616965833149795 -0.012168622338113444 11.100000000000001
74.2693817615509  seconds  2.616965833149795 -0.012168622338113444 10.100000000000001
70.62300491333008  seconds  2.616965833149795 -0.012168622338113444 12.100000000000001
74.41021275520325  seconds  2.616965833149795 -0.012168622338113444 0.2
70.37442994117737  seconds  2.616965833149795 -0.012168622338113444 3.2
74.55496501922607  seconds  2.616965833149795 -0.012168622338113444 13.100000000000001
75.23586678504944  seconds  2.616965833149795 -0.012168622338113444 1.2000000000000002
71.03770446777344  seconds  2.616965833149795 -0.012168622338113444 15.100000000000001
74.47726249694824  seconds  2.616965833149795 -0.012168622338113444 14.100000000000001
74.50649666786194  seconds  2.616965833149795 -0.012168622338113444 2.2
70.09515762329102  seconds  2.616965833149795 -0.012168622338113444 5.2
74.7692461013794  seconds  2.616965833149795 -0.012168622338113444 16.1
70.40156507492065  seconds  2.616965833149795 -0.012168622338113444 18.1
75.09527444839478  seconds  2.616965833149795 -0.012168622338113444 4.2
74.82443141937256  seconds  2.616965833149795 -0.012168622338113444 17.1
70.73264765739441  seconds  2.616965833149795 -0.012168622338113444 19.1
70.5371687412262  seconds  2.616965833149795 -0.012168622338113444 8.200000000000001
74.14430022239685  seconds  2.616965833149795 -0.012168622338113444 6.2
74.33507370948792  seconds  2.616965833149795 -0.012168622338113444 7.2
70.00070428848267  seconds  2.616965833149795 -0.012168622338113444 9.200000000000001
70.55898380279541  seconds  2.616965833149795 -0.012168622338113444 11.200000000000001
71.05729103088379  seconds  2.616965833149795 -0.012168622338113444 12.200000000000001
74.67270421981812  seconds  2.616965833149795 -0.012168622338113444 10.200000000000001
73.82492756843567  seconds  2.616965833149795 -0.012168622338113444 0.30000000000000004
70.58095693588257  seconds  2.616965833149795 -0.012168622338113444 3.3000000000000003
74.77591800689697  seconds  2.616965833149795 -0.012168622338113444 13.200000000000001
70.94934964179993  seconds  2.616965833149795 -0.012168622338113444 15.200000000000001
74.82312607765198  seconds  2.616965833149795 -0.012168622338113444 1.3
74.16429376602173  seconds  2.616965833149795 -0.012168622338113444 14.200000000000001
74.62388515472412  seconds  2.616965833149795 -0.012168622338113444 2.3000000000000003
70.70176935195923  seconds  2.616965833149795 -0.012168622338113444 5.300000000000001
70.01216626167297  seconds  2.616965833149795 -0.012168622338113444 18.2
73.88681864738464  seconds  2.616965833149795 -0.012168622338113444 16.2
74.6540641784668  seconds  2.616965833149795 -0.012168622338113444 4.3
70.9400680065155  seconds  2.616965833149795 -0.012168622338113444 19.200000000000003
74.60450577735901  seconds  2.616965833149795 -0.012168622338113444 17.2
71.05069732666016  seconds  2.616965833149795 -0.012168622338113444 8.3
75.37171745300293  seconds  2.616965833149795 -0.012168622338113444 6.300000000000001
70.34391117095947  seconds  2.616965833149795 -0.012168622338113444 9.3
74.87672162055969  seconds  2.616965833149795 -0.012168622338113444 7.300000000000001
70.52846598625183  seconds  2.616965833149795 -0.012168622338113444 11.3
70.54818272590637  seconds  2.616965833149795 -0.012168622338113444 12.3
75.18393468856812  seconds  2.616965833149795 -0.012168622338113444 10.3
70.60488867759705  seconds  2.616965833149795 -0.012168622338113444 3.4000000000000004
74.74975299835205  seconds  2.616965833149795 -0.012168622338113444 0.4
70.93945789337158  seconds  2.616965833149795 -0.012168622338113444 15.3
75.20229172706604  seconds  2.616965833149795 -0.012168622338113444 13.3
69.95459246635437  seconds  2.616965833149795 -0.012168622338113444 5.4
74.67373394966125  seconds  2.616965833149795 -0.012168622338113444 1.4000000000000001
74.93852996826172  seconds  2.616965833149795 -0.012168622338113444 14.3
74.2175829410553  seconds  2.616965833149795 -0.012168622338113444 2.4000000000000004
70.48624920845032  seconds  2.616965833149795 -0.012168622338113444 18.3
74.30120706558228  seconds  2.616965833149795 -0.012168622338113444 16.3
70.75565791130066  seconds  2.616965833149795 -0.012168622338113444 19.3
74.32971525192261  seconds  2.616965833149795 -0.012168622338113444 4.4
70.55343461036682  seconds  2.616965833149795 -0.012168622338113444 8.4
74.34738111495972  seconds  2.616965833149795 -0.012168622338113444 17.3
74.1944191455841  seconds  2.616965833149795 -0.012168622338113444 6.4
70.00791645050049  seconds  2.616965833149795 -0.012168622338113444 9.4
74.64662027359009  seconds  2.616965833149795 -0.012168622338113444 7.4
70.627512216568  seconds  2.616965833149795 -0.012168622338113444 11.4
70.81934213638306  seconds  2.616965833149795 -0.012168622338113444 12.4
74.67060947418213  seconds  2.616965833149795 -0.012168622338113444 10.4
70.44747185707092  seconds  2.616965833149795 -0.012168622338113444 3.5
70.90368580818176  seconds  2.616965833149795 -0.012168622338113444 15.4
73.8542537689209  seconds  2.616965833149795 -0.012168622338113444 0.5
70.2162230014801  seconds  2.616965833149795 -0.012168622338113444 5.5
74.81875467300415  seconds  2.616965833149795 -0.012168622338113444 13.4
74.51007843017578  seconds  2.616965833149795 -0.012168622338113444 1.5
74.51656150817871  seconds  2.616965833149795 -0.012168622338113444 14.4
74.89446544647217  seconds  2.616965833149795 -0.012168622338113444 2.5
70.55373573303223  seconds  2.616965833149795 -0.012168622338113444 18.400000000000002
70.62583565711975  seconds  2.616965833149795 -0.012168622338113444 19.400000000000002
73.82638168334961  seconds  2.616965833149795 -0.012168622338113444 16.400000000000002
70.59877848625183  seconds  2.616965833149795 -0.012168622338113444 8.5
75.13883209228516  seconds  2.616965833149795 -0.012168622338113444 4.5
74.31354451179504  seconds  2.616965833149795 -0.012168622338113444 17.400000000000002
70.32670283317566  seconds  2.616965833149795 -0.012168622338113444 9.5
74.27675485610962  seconds  2.616965833149795 -0.012168622338113444 6.5
70.77095413208008  seconds  2.616965833149795 -0.012168622338113444 11.5
74.22379493713379  seconds  2.616965833149795 -0.012168622338113444 7.5
70.70728087425232  seconds  2.616965833149795 -0.012168622338113444 12.5
70.48563408851624  seconds  2.616965833149795 -0.012168622338113444 3.6
74.38319945335388  seconds  2.616965833149795 -0.012168622338113444 10.5
70.88373732566833  seconds  2.616965833149795 -0.012168622338113444 15.5
70.5094051361084  seconds  2.616965833149795 -0.012168622338113444 5.6000000000000005
73.95711874961853  seconds  2.616965833149795 -0.012168622338113444 0.6000000000000001
74.57847094535828  seconds  2.616965833149795 -0.012168622338113444 13.5
74.84092116355896  seconds  2.616965833149795 -0.012168622338113444 1.6
70.52391743659973  seconds  2.616965833149795 -0.012168622338113444 18.5
74.38484025001526  seconds  2.616965833149795 -0.012168622338113444 14.5
74.59055066108704  seconds  2.616965833149795 -0.012168622338113444 2.6
70.85591650009155  seconds  2.616965833149795 -0.012168622338113444 19.5
70.8100516796112  seconds  2.616965833149795 -0.012168622338113444 8.6
73.58174228668213  seconds  2.616965833149795 -0.012168622338113444 16.5
74.75091552734375  seconds  2.616965833149795 -0.012168622338113444 4.6000000000000005
70.6775815486908  seconds  2.616965833149795 -0.012168622338113444 9.600000000000001
74.48612952232361  seconds  2.616965833149795 -0.012168622338113444 17.5
74.26900386810303  seconds  2.616965833149795 -0.012168622338113444 6.6000000000000005
70.54005098342896  seconds  2.616965833149795 -0.012168622338113444 11.600000000000001
75.13494372367859  seconds  2.616965833149795 -0.012168622338113444 7.6000000000000005
70.7647476196289  seconds  2.616965833149795 -0.012168622338113444 12.600000000000001
70.48451232910156  seconds  2.616965833149795 -0.012168622338113444 3.7
75.16953420639038  seconds  2.616965833149795 -0.012168622338113444 10.600000000000001
70.7939465045929  seconds  2.616965833149795 -0.012168622338113444 15.600000000000001
70.50576090812683  seconds  2.616965833149795 -0.012168622338113444 5.7
74.21450185775757  seconds  2.616965833149795 -0.012168622338113444 0.7000000000000001
70.47727990150452  seconds  2.616965833149795 -0.012168622338113444 18.6
74.58898115158081  seconds  2.616965833149795 -0.012168622338113444 13.600000000000001
74.87835049629211  seconds  2.616965833149795 -0.012168622338113444 1.7000000000000002
74.88082194328308  seconds  2.616965833149795 -0.012168622338113444 14.600000000000001
74.54554104804993  seconds  2.616965833149795 -0.012168622338113444 2.7
70.82067966461182  seconds  2.616965833149795 -0.012168622338113444 19.6
70.68694233894348  seconds  2.616965833149795 -0.012168622338113444 8.700000000000001
73.38851976394653  seconds  2.616965833149795 -0.012168622338113444 16.6
70.68536877632141  seconds  2.616965833149795 -0.012168622338113444 9.700000000000001
74.31081986427307  seconds  2.616965833149795 -0.012168622338113444 4.7
74.75220537185669  seconds  2.616965833149795 -0.012168622338113444 17.6
70.29362154006958  seconds  2.616965833149795 -0.012168622338113444 11.700000000000001
74.09011340141296  seconds  2.616965833149795 -0.012168622338113444 6.7
70.62358713150024  seconds  2.616965833149795 -0.012168622338113444 12.700000000000001
74.75974535942078  seconds  2.616965833149795 -0.012168622338113444 7.7
70.78287100791931  seconds  2.616965833149795 -0.012168622338113444 3.8000000000000003
70.9547061920166  seconds  2.616965833149795 -0.012168622338113444 15.700000000000001
74.59762144088745  seconds  2.616965833149795 -0.012168622338113444 10.700000000000001
70.61871075630188  seconds  2.616965833149795 -0.012168622338113444 5.800000000000001
73.5636625289917  seconds  2.616965833149795 -0.012168622338113444 0.8
70.01273798942566  seconds  2.616965833149795 -0.012168622338113444 18.7
74.04785180091858  seconds  2.616965833149795 -0.012168622338113444 13.700000000000001
75.19880747795105  seconds  2.616965833149795 -0.012168622338113444 1.8
70.79712128639221  seconds  2.616965833149795 -0.012168622338113444 19.700000000000003
74.67203497886658  seconds  2.616965833149795 -0.012168622338113444 14.700000000000001
74.58004426956177  seconds  2.616965833149795 -0.012168622338113444 2.8000000000000003
71.0446047782898  seconds  2.616965833149795 -0.012168622338113444 8.8
74.38729667663574  seconds  2.616965833149795 -0.012168622338113444 16.7
70.42816972732544  seconds  2.616965833149795 -0.012168622338113444 9.8
73.96675753593445  seconds  2.616965833149795 -0.012168622338113444 4.800000000000001
74.83860778808594  seconds  2.616965833149795 -0.012168622338113444 17.7
70.51100587844849  seconds  2.616965833149795 -0.012168622338113444 11.8
74.35236048698425  seconds  2.616965833149795 -0.012168622338113444 6.800000000000001
70.3856589794159  seconds  2.616965833149795 -0.012168622338113444 12.8
74.91666436195374  seconds  2.616965833149795 -0.012168622338113444 7.800000000000001
70.15070271492004  seconds  2.616965833149795 -0.012168622338113444 3.9000000000000004
70.54668474197388  seconds  2.616965833149795 -0.012168622338113444 15.8
70.4850664138794  seconds  2.616965833149795 -0.012168622338113444 5.9
74.83613419532776  seconds  2.616965833149795 -0.012168622338113444 10.8
69.54599356651306  seconds  2.616965833149795 -0.012168622338113444 18.8
74.31399846076965  seconds  2.616965833149795 -0.012168622338113444 0.9
73.69897508621216  seconds  2.616965833149795 -0.012168622338113444 13.8
69.60232067108154  seconds  2.616965833149795 -0.012168622338113444 19.8
69.27301335334778  seconds  2.616965833149795 -0.012168622338113444 8.9
74.48151206970215  seconds  2.616965833149795 -0.012168622338113444 1.9000000000000001
73.72450709342957  seconds  2.616965833149795 -0.012168622338113444 14.8
73.95691299438477  seconds  2.616965833149795 -0.012168622338113444 2.9000000000000004
68.1371169090271  seconds  2.616965833149795 -0.012168622338113444 9.9
73.60989212989807  seconds  2.616965833149795 -0.012168622338113444 16.8
67.1978759765625  seconds  2.616965833149795 -0.012168622338113444 11.9
72.65937638282776  seconds  2.616965833149795 -0.012168622338113444 4.9
72.00299859046936  seconds  2.616965833149795 -0.012168622338113444 17.8
67.08328747749329  seconds  2.616965833149795 -0.012168622338113444 12.9
70.95205593109131  seconds  2.616965833149795 -0.012168622338113444 6.9
69.6294584274292  seconds  2.616965833149795 -0.012168622338113444 7.9
63.86578893661499  seconds  2.616965833149795 -0.012168622338113444 15.9
65.88378667831421  seconds  2.616965833149795 -0.012168622338113444 10.9
61.74228858947754  seconds  2.616965833149795 -0.012168622338113444 18.900000000000002
60.21857762336731  seconds  2.616965833149795 -0.012168622338113444 19.900000000000002
63.1548798084259  seconds  2.616965833149795 -0.012168622338113444 13.9
62.32441687583923  seconds  2.616965833149795 -0.012168622338113444 14.9
61.988715410232544  seconds  2.616965833149795 -0.012168622338113444 16.900000000000002
58.054779291152954  seconds  2.616965833149795 -0.012168622338113444 17.900000000000002
time for calc.... 823.2102999687195
energy at the point.. 2.61642751975197 0.2659713168187743  is  6.169288720769828e-06
200 the points 10 chunk numtheads
starting with calculation of Sigma
62.405224561691284  seconds  2.61642751975197 0.2659713168187743 0.0
66.28144454956055  seconds  2.61642751975197 0.2659713168187743 1.0
65.43509197235107  seconds  2.61642751975197 0.2659713168187743 2.0
61.671539068222046  seconds  2.61642751975197 0.2659713168187743 4.0
67.43566465377808  seconds  2.61642751975197 0.2659713168187743 3.0
62.29835081100464  seconds  2.61642751975197 0.2659713168187743 5.0
68.74160933494568  seconds  2.61642751975197 0.2659713168187743 6.0
69.71332859992981  seconds  2.61642751975197 0.2659713168187743 7.0
71.17926740646362  seconds  2.61642751975197 0.2659713168187743 8.0
71.54172134399414  seconds  2.61642751975197 0.2659713168187743 9.0
68.41850924491882  seconds  2.61642751975197 0.2659713168187743 10.0
73.15207028388977  seconds  2.61642751975197 0.2659713168187743 11.0
69.6684639453888  seconds  2.61642751975197 0.2659713168187743 12.0
73.40583372116089  seconds  2.61642751975197 0.2659713168187743 0.1
68.88721990585327  seconds  2.61642751975197 0.2659713168187743 1.1
74.05427098274231  seconds  2.61642751975197 0.2659713168187743 13.0
75.67598009109497  seconds  2.61642751975197 0.2659713168187743 14.0
74.27547526359558  seconds  2.61642751975197 0.2659713168187743 2.1
71.01678967475891  seconds  2.61642751975197 0.2659713168187743 15.0
70.34061479568481  seconds  2.61642751975197 0.2659713168187743 4.1000000000000005
69.93099522590637  seconds  2.61642751975197 0.2659713168187743 3.1
69.81642484664917  seconds  2.61642751975197 0.2659713168187743 5.1000000000000005
74.54121112823486  seconds  2.61642751975197 0.2659713168187743 16.0
70.45626735687256  seconds  2.61642751975197 0.2659713168187743 17.0
74.81764388084412  seconds  2.61642751975197 0.2659713168187743 18.0
74.6003201007843  seconds  2.61642751975197 0.2659713168187743 6.1000000000000005
75.220703125  seconds  2.61642751975197 0.2659713168187743 19.0
74.94599676132202  seconds  2.61642751975197 0.2659713168187743 7.1000000000000005
75.37646818161011  seconds  2.61642751975197 0.2659713168187743 8.1
70.65572881698608  seconds  2.61642751975197 0.2659713168187743 10.100000000000001
74.1952555179596  seconds  2.61642751975197 0.2659713168187743 9.1
70.29239845275879  seconds  2.61642751975197 0.2659713168187743 12.100000000000001
74.33586025238037  seconds  2.61642751975197 0.2659713168187743 11.100000000000001
69.36262392997742  seconds  2.61642751975197 0.2659713168187743 1.2000000000000002
74.3080792427063  seconds  2.61642751975197 0.2659713168187743 0.2
74.30090069770813  seconds  2.61642751975197 0.2659713168187743 13.100000000000001
71.6138699054718  seconds  2.61642751975197 0.2659713168187743 15.100000000000001
72.97249984741211  seconds  2.61642751975197 0.2659713168187743 14.100000000000001
71.6019127368927  seconds  2.61642751975197 0.2659713168187743 4.2
73.9498336315155  seconds  2.61642751975197 0.2659713168187743 2.2
71.6623694896698  seconds  2.61642751975197 0.2659713168187743 3.2
71.48370838165283  seconds  2.61642751975197 0.2659713168187743 5.2
70.42430591583252  seconds  2.61642751975197 0.2659713168187743 17.1
74.0163025856018  seconds  2.61642751975197 0.2659713168187743 16.1
74.33359670639038  seconds  2.61642751975197 0.2659713168187743 18.1
74.76279902458191  seconds  2.61642751975197 0.2659713168187743 6.2
74.90209412574768  seconds  2.61642751975197 0.2659713168187743 19.1
74.21452045440674  seconds  2.61642751975197 0.2659713168187743 7.2
70.1409273147583  seconds  2.61642751975197 0.2659713168187743 10.200000000000001
74.62961268424988  seconds  2.61642751975197 0.2659713168187743 8.200000000000001
74.1411337852478  seconds  2.61642751975197 0.2659713168187743 9.200000000000001
70.42871117591858  seconds  2.61642751975197 0.2659713168187743 12.200000000000001
74.22600531578064  seconds  2.61642751975197 0.2659713168187743 11.200000000000001
69.98712515830994  seconds  2.61642751975197 0.2659713168187743 1.3
74.91977572441101  seconds  2.61642751975197 0.2659713168187743 0.30000000000000004
74.6202232837677  seconds  2.61642751975197 0.2659713168187743 13.200000000000001
71.22052192687988  seconds  2.61642751975197 0.2659713168187743 15.200000000000001
71.18629956245422  seconds  2.61642751975197 0.2659713168187743 14.200000000000001
71.06818580627441  seconds  2.61642751975197 0.2659713168187743 4.3
71.32578325271606  seconds  2.61642751975197 0.2659713168187743 3.3000000000000003
74.13722825050354  seconds  2.61642751975197 0.2659713168187743 2.3000000000000003
70.57705402374268  seconds  2.61642751975197 0.2659713168187743 5.300000000000001
70.10685086250305  seconds  2.61642751975197 0.2659713168187743 17.2
73.93852925300598  seconds  2.61642751975197 0.2659713168187743 16.2
74.48217868804932  seconds  2.61642751975197 0.2659713168187743 18.2
74.04785180091858  seconds  2.61642751975197 0.2659713168187743 6.300000000000001
74.63765358924866  seconds  2.61642751975197 0.2659713168187743 19.200000000000003
74.56561851501465  seconds  2.61642751975197 0.2659713168187743 7.300000000000001
70.6587564945221  seconds  2.61642751975197 0.2659713168187743 10.3
73.98234724998474  seconds  2.61642751975197 0.2659713168187743 8.3
73.87693381309509  seconds  2.61642751975197 0.2659713168187743 9.3
70.08189702033997  seconds  2.61642751975197 0.2659713168187743 12.3
70.07636523246765  seconds  2.61642751975197 0.2659713168187743 1.4000000000000001
74.19999766349792  seconds  2.61642751975197 0.2659713168187743 11.3
74.90635800361633  seconds  2.61642751975197 0.2659713168187743 0.4
71.48268413543701  seconds  2.61642751975197 0.2659713168187743 15.3
71.60280990600586  seconds  2.61642751975197 0.2659713168187743 14.3
74.54621315002441  seconds  2.61642751975197 0.2659713168187743 13.3
71.1582362651825  seconds  2.61642751975197 0.2659713168187743 4.4
71.45867562294006  seconds  2.61642751975197 0.2659713168187743 3.4000000000000004
70.86297130584717  seconds  2.61642751975197 0.2659713168187743 5.4
74.06930303573608  seconds  2.61642751975197 0.2659713168187743 2.4000000000000004
70.10747933387756  seconds  2.61642751975197 0.2659713168187743 17.3
75.11930584907532  seconds  2.61642751975197 0.2659713168187743 16.3
74.38284754753113  seconds  2.61642751975197 0.2659713168187743 18.3
74.88613891601562  seconds  2.61642751975197 0.2659713168187743 6.4
70.46234321594238  seconds  2.61642751975197 0.2659713168187743 10.4
74.76043725013733  seconds  2.61642751975197 0.2659713168187743 19.3
74.89422655105591  seconds  2.61642751975197 0.2659713168187743 7.4
74.54390549659729  seconds  2.61642751975197 0.2659713168187743 8.4
70.03721499443054  seconds  2.61642751975197 0.2659713168187743 12.4
74.16690444946289  seconds  2.61642751975197 0.2659713168187743 9.4
70.15434980392456  seconds  2.61642751975197 0.2659713168187743 1.5
74.24032640457153  seconds  2.61642751975197 0.2659713168187743 11.4
74.55407762527466  seconds  2.61642751975197 0.2659713168187743 0.5
72.13672542572021  seconds  2.61642751975197 0.2659713168187743 15.4
71.89960265159607  seconds  2.61642751975197 0.2659713168187743 14.4
71.50258779525757  seconds  2.61642751975197 0.2659713168187743 4.5
71.68551635742188  seconds  2.61642751975197 0.2659713168187743 3.5
74.26650190353394  seconds  2.61642751975197 0.2659713168187743 13.4
71.157555103302  seconds  2.61642751975197 0.2659713168187743 5.5
70.13741064071655  seconds  2.61642751975197 0.2659713168187743 17.400000000000002
74.11750483512878  seconds  2.61642751975197 0.2659713168187743 2.5
74.30740308761597  seconds  2.61642751975197 0.2659713168187743 16.400000000000002
74.30331921577454  seconds  2.61642751975197 0.2659713168187743 18.400000000000002
74.50876235961914  seconds  2.61642751975197 0.2659713168187743 6.5
70.60096573829651  seconds  2.61642751975197 0.2659713168187743 10.5
74.69988870620728  seconds  2.61642751975197 0.2659713168187743 19.400000000000002
74.53661274909973  seconds  2.61642751975197 0.2659713168187743 7.5
69.94989776611328  seconds  2.61642751975197 0.2659713168187743 12.5
74.51128792762756  seconds  2.61642751975197 0.2659713168187743 8.5
74.04381656646729  seconds  2.61642751975197 0.2659713168187743 9.5
70.34850001335144  seconds  2.61642751975197 0.2659713168187743 1.6
74.38754224777222  seconds  2.61642751975197 0.2659713168187743 11.5
72.33902788162231  seconds  2.61642751975197 0.2659713168187743 14.5
72.44347882270813  seconds  2.61642751975197 0.2659713168187743 15.5
72.21308183670044  seconds  2.61642751975197 0.2659713168187743 4.6000000000000005
71.40290832519531  seconds  2.61642751975197 0.2659713168187743 3.6
74.6015625  seconds  2.61642751975197 0.2659713168187743 0.6000000000000001
70.98443245887756  seconds  2.61642751975197 0.2659713168187743 5.6000000000000005
70.59720969200134  seconds  2.61642751975197 0.2659713168187743 17.5
74.08040046691895  seconds  2.61642751975197 0.2659713168187743 13.5
74.42772221565247  seconds  2.61642751975197 0.2659713168187743 2.6
74.51621794700623  seconds  2.61642751975197 0.2659713168187743 16.5
70.40339398384094  seconds  2.61642751975197 0.2659713168187743 10.600000000000001
74.3462564945221  seconds  2.61642751975197 0.2659713168187743 18.5
74.58515858650208  seconds  2.61642751975197 0.2659713168187743 6.6000000000000005
74.14225196838379  seconds  2.61642751975197 0.2659713168187743 19.5
74.78715944290161  seconds  2.61642751975197 0.2659713168187743 7.6000000000000005
69.89141941070557  seconds  2.61642751975197 0.2659713168187743 12.600000000000001
74.84042501449585  seconds  2.61642751975197 0.2659713168187743 8.6
70.96846151351929  seconds  2.61642751975197 0.2659713168187743 1.7000000000000002
74.38864660263062  seconds  2.61642751975197 0.2659713168187743 9.600000000000001
74.44291853904724  seconds  2.61642751975197 0.2659713168187743 11.600000000000001
71.31434416770935  seconds  2.61642751975197 0.2659713168187743 14.600000000000001
71.63761687278748  seconds  2.61642751975197 0.2659713168187743 15.600000000000001
72.19597029685974  seconds  2.61642751975197 0.2659713168187743 4.7
72.08107948303223  seconds  2.61642751975197 0.2659713168187743 3.7
71.09895586967468  seconds  2.61642751975197 0.2659713168187743 5.7
70.94810700416565  seconds  2.61642751975197 0.2659713168187743 17.6
74.61026859283447  seconds  2.61642751975197 0.2659713168187743 0.7000000000000001
74.41240406036377  seconds  2.61642751975197 0.2659713168187743 13.600000000000001
74.79963755607605  seconds  2.61642751975197 0.2659713168187743 2.7
74.2236762046814  seconds  2.61642751975197 0.2659713168187743 16.6
70.492360830307  seconds  2.61642751975197 0.2659713168187743 10.700000000000001
74.96591329574585  seconds  2.61642751975197 0.2659713168187743 18.6
75.06043124198914  seconds  2.61642751975197 0.2659713168187743 6.7
70.11765193939209  seconds  2.61642751975197 0.2659713168187743 12.700000000000001
74.63050246238708  seconds  2.61642751975197 0.2659713168187743 19.6
75.0519597530365  seconds  2.61642751975197 0.2659713168187743 7.7
70.94769549369812  seconds  2.61642751975197 0.2659713168187743 1.8
74.44460487365723  seconds  2.61642751975197 0.2659713168187743 8.700000000000001
74.17790150642395  seconds  2.61642751975197 0.2659713168187743 9.700000000000001
73.8609893321991  seconds  2.61642751975197 0.2659713168187743 11.700000000000001
71.69105410575867  seconds  2.61642751975197 0.2659713168187743 14.700000000000001
71.80354523658752  seconds  2.61642751975197 0.2659713168187743 15.700000000000001
71.70920181274414  seconds  2.61642751975197 0.2659713168187743 3.8000000000000003
71.88449120521545  seconds  2.61642751975197 0.2659713168187743 4.800000000000001
71.53696966171265  seconds  2.61642751975197 0.2659713168187743 5.800000000000001
71.26161408424377  seconds  2.61642751975197 0.2659713168187743 17.7
75.24828791618347  seconds  2.61642751975197 0.2659713168187743 0.8
74.83562779426575  seconds  2.61642751975197 0.2659713168187743 13.700000000000001
74.23921704292297  seconds  2.61642751975197 0.2659713168187743 2.8000000000000003
74.40549230575562  seconds  2.61642751975197 0.2659713168187743 16.7
70.39731740951538  seconds  2.61642751975197 0.2659713168187743 10.8
70.12606072425842  seconds  2.61642751975197 0.2659713168187743 12.8
74.42673373222351  seconds  2.61642751975197 0.2659713168187743 18.7
75.35318183898926  seconds  2.61642751975197 0.2659713168187743 6.800000000000001
74.7687177658081  seconds  2.61642751975197 0.2659713168187743 19.700000000000003
74.53543901443481  seconds  2.61642751975197 0.2659713168187743 7.800000000000001
70.42606973648071  seconds  2.61642751975197 0.2659713168187743 1.9000000000000001
73.94657564163208  seconds  2.61642751975197 0.2659713168187743 8.8
74.22325611114502  seconds  2.61642751975197 0.2659713168187743 9.8
70.81604814529419  seconds  2.61642751975197 0.2659713168187743 14.8
71.14931654930115  seconds  2.61642751975197 0.2659713168187743 15.8
74.27122497558594  seconds  2.61642751975197 0.2659713168187743 11.8
70.88418650627136  seconds  2.61642751975197 0.2659713168187743 3.9000000000000004
71.30892634391785  seconds  2.61642751975197 0.2659713168187743 4.9
70.57430768013  seconds  2.61642751975197 0.2659713168187743 5.9
70.19974899291992  seconds  2.61642751975197 0.2659713168187743 17.8
74.30976128578186  seconds  2.61642751975197 0.2659713168187743 0.9
74.3736515045166  seconds  2.61642751975197 0.2659713168187743 13.8
73.56517553329468  seconds  2.61642751975197 0.2659713168187743 2.9000000000000004
66.32967233657837  seconds  2.61642751975197 0.2659713168187743 10.9
73.33351731300354  seconds  2.61642751975197 0.2659713168187743 16.8
65.26887655258179  seconds  2.61642751975197 0.2659713168187743 12.9
73.51434087753296  seconds  2.61642751975197 0.2659713168187743 18.8
72.13932585716248  seconds  2.61642751975197 0.2659713168187743 6.9
71.86799645423889  seconds  2.61642751975197 0.2659713168187743 7.9
73.25115966796875  seconds  2.61642751975197 0.2659713168187743 19.8
70.36646699905396  seconds  2.61642751975197 0.2659713168187743 8.9
69.76582837104797  seconds  2.61642751975197 0.2659713168187743 9.9
61.97656559944153  seconds  2.61642751975197 0.2659713168187743 14.9
61.972609996795654  seconds  2.61642751975197 0.2659713168187743 15.9
61.70019221305847  seconds  2.61642751975197 0.2659713168187743 17.900000000000002
67.26230263710022  seconds  2.61642751975197 0.2659713168187743 11.9
64.79201412200928  seconds  2.61642751975197 0.2659713168187743 13.9
61.465253591537476  seconds  2.61642751975197 0.2659713168187743 16.900000000000002
58.858203649520874  seconds  2.61642751975197 0.2659713168187743 18.900000000000002
57.39409303665161  seconds  2.61642751975197 0.2659713168187743 19.900000000000002
time for calc.... 836.8993542194366
energy at the point.. 2.612699153466239 0.5406345067362022  is  7.400112771449585e-06
200 the points 10 chunk numtheads
starting with calculation of Sigma
62.62049388885498  seconds  2.612699153466239 0.5406345067362022 0.0
65.00736379623413  seconds  2.612699153466239 0.5406345067362022 1.0
66.26491332054138  seconds  2.612699153466239 0.5406345067362022 2.0
61.349833488464355  seconds  2.612699153466239 0.5406345067362022 4.0
67.96406292915344  seconds  2.612699153466239 0.5406345067362022 3.0
63.39402222633362  seconds  2.612699153466239 0.5406345067362022 6.0
68.79563736915588  seconds  2.612699153466239 0.5406345067362022 5.0
64.27758836746216  seconds  2.612699153466239 0.5406345067362022 7.0
68.66844868659973  seconds  2.612699153466239 0.5406345067362022 8.0
71.65263342857361  seconds  2.612699153466239 0.5406345067362022 9.0
68.02693819999695  seconds  2.612699153466239 0.5406345067362022 10.0
73.28513312339783  seconds  2.612699153466239 0.5406345067362022 11.0
73.15175437927246  seconds  2.612699153466239 0.5406345067362022 12.0
73.71939587593079  seconds  2.612699153466239 0.5406345067362022 0.1
72.04875564575195  seconds  2.612699153466239 0.5406345067362022 13.0
73.73897099494934  seconds  2.612699153466239 0.5406345067362022 1.1
74.21019148826599  seconds  2.612699153466239 0.5406345067362022 14.0
69.6865656375885  seconds  2.612699153466239 0.5406345067362022 4.1000000000000005
74.74101495742798  seconds  2.612699153466239 0.5406345067362022 2.1
74.4831976890564  seconds  2.612699153466239 0.5406345067362022 15.0
71.75791001319885  seconds  2.612699153466239 0.5406345067362022 3.1
72.9113187789917  seconds  2.612699153466239 0.5406345067362022 16.0
69.78778123855591  seconds  2.612699153466239 0.5406345067362022 6.1000000000000005
74.68928503990173  seconds  2.612699153466239 0.5406345067362022 17.0
75.15631771087646  seconds  2.612699153466239 0.5406345067362022 5.1000000000000005
75.44809675216675  seconds  2.612699153466239 0.5406345067362022 18.0
70.68187546730042  seconds  2.612699153466239 0.5406345067362022 7.1000000000000005
73.35425996780396  seconds  2.612699153466239 0.5406345067362022 19.0
70.53372359275818  seconds  2.612699153466239 0.5406345067362022 8.1
70.53714895248413  seconds  2.612699153466239 0.5406345067362022 10.100000000000001
74.60036826133728  seconds  2.612699153466239 0.5406345067362022 9.1
74.47909545898438  seconds  2.612699153466239 0.5406345067362022 11.100000000000001
70.36015152931213  seconds  2.612699153466239 0.5406345067362022 13.100000000000001
75.29629182815552  seconds  2.612699153466239 0.5406345067362022 12.100000000000001
74.46317625045776  seconds  2.612699153466239 0.5406345067362022 0.2
74.54623198509216  seconds  2.612699153466239 0.5406345067362022 1.2000000000000002
73.90433883666992  seconds  2.612699153466239 0.5406345067362022 14.100000000000001
70.58785438537598  seconds  2.612699153466239 0.5406345067362022 4.2
71.21415066719055  seconds  2.612699153466239 0.5406345067362022 3.2
75.01021432876587  seconds  2.612699153466239 0.5406345067362022 2.2
74.18750858306885  seconds  2.612699153466239 0.5406345067362022 15.100000000000001
71.33586096763611  seconds  2.612699153466239 0.5406345067362022 16.1
69.89000701904297  seconds  2.612699153466239 0.5406345067362022 6.2
74.03467154502869  seconds  2.612699153466239 0.5406345067362022 17.1
70.74877119064331  seconds  2.612699153466239 0.5406345067362022 7.2
70.92065501213074  seconds  2.612699153466239 0.5406345067362022 19.1
75.72658491134644  seconds  2.612699153466239 0.5406345067362022 5.2
75.18367981910706  seconds  2.612699153466239 0.5406345067362022 18.1
70.1693594455719  seconds  2.612699153466239 0.5406345067362022 8.200000000000001
70.67552351951599  seconds  2.612699153466239 0.5406345067362022 10.200000000000001
74.35852217674255  seconds  2.612699153466239 0.5406345067362022 9.200000000000001
73.99940919876099  seconds  2.612699153466239 0.5406345067362022 11.200000000000001
70.76414966583252  seconds  2.612699153466239 0.5406345067362022 13.200000000000001
74.99550986289978  seconds  2.612699153466239 0.5406345067362022 12.200000000000001
74.39499187469482  seconds  2.612699153466239 0.5406345067362022 0.30000000000000004
70.15030908584595  seconds  2.612699153466239 0.5406345067362022 4.3
75.17731857299805  seconds  2.612699153466239 0.5406345067362022 1.3
74.75657939910889  seconds  2.612699153466239 0.5406345067362022 14.200000000000001
71.18135237693787  seconds  2.612699153466239 0.5406345067362022 3.3000000000000003
71.02940583229065  seconds  2.612699153466239 0.5406345067362022 16.2
75.1398618221283  seconds  2.612699153466239 0.5406345067362022 2.3000000000000003
74.59018182754517  seconds  2.612699153466239 0.5406345067362022 15.200000000000001
69.58417749404907  seconds  2.612699153466239 0.5406345067362022 6.300000000000001
70.24734258651733  seconds  2.612699153466239 0.5406345067362022 7.300000000000001
74.36652112007141  seconds  2.612699153466239 0.5406345067362022 17.2
70.90496802330017  seconds  2.612699153466239 0.5406345067362022 19.200000000000003
75.12811017036438  seconds  2.612699153466239 0.5406345067362022 18.2
70.66458463668823  seconds  2.612699153466239 0.5406345067362022 8.3
75.38035941123962  seconds  2.612699153466239 0.5406345067362022 5.300000000000001
70.72903275489807  seconds  2.612699153466239 0.5406345067362022 10.3
74.26257920265198  seconds  2.612699153466239 0.5406345067362022 9.3
70.37303757667542  seconds  2.612699153466239 0.5406345067362022 13.3
74.21103978157043  seconds  2.612699153466239 0.5406345067362022 11.3
74.46102619171143  seconds  2.612699153466239 0.5406345067362022 12.3
74.16535592079163  seconds  2.612699153466239 0.5406345067362022 0.4
70.0820939540863  seconds  2.612699153466239 0.5406345067362022 4.4
70.72748827934265  seconds  2.612699153466239 0.5406345067362022 3.4000000000000004
74.43112325668335  seconds  2.612699153466239 0.5406345067362022 1.4000000000000001
70.80356812477112  seconds  2.612699153466239 0.5406345067362022 16.3
74.5638678073883  seconds  2.612699153466239 0.5406345067362022 14.3
70.31658244132996  seconds  2.612699153466239 0.5406345067362022 6.4
74.69128751754761  seconds  2.612699153466239 0.5406345067362022 15.3
74.95598673820496  seconds  2.612699153466239 0.5406345067362022 2.4000000000000004
70.36966180801392  seconds  2.612699153466239 0.5406345067362022 7.4
73.84686636924744  seconds  2.612699153466239 0.5406345067362022 17.3
71.0947539806366  seconds  2.612699153466239 0.5406345067362022 19.3
70.87044477462769  seconds  2.612699153466239 0.5406345067362022 8.4
74.88564825057983  seconds  2.612699153466239 0.5406345067362022 5.4
75.2585871219635  seconds  2.612699153466239 0.5406345067362022 18.3
71.04870963096619  seconds  2.612699153466239 0.5406345067362022 10.4
74.24772715568542  seconds  2.612699153466239 0.5406345067362022 9.4
70.6827039718628  seconds  2.612699153466239 0.5406345067362022 13.4
74.43663692474365  seconds  2.612699153466239 0.5406345067362022 11.4
70.12894749641418  seconds  2.612699153466239 0.5406345067362022 4.5
74.58226275444031  seconds  2.612699153466239 0.5406345067362022 12.4
74.41175580024719  seconds  2.612699153466239 0.5406345067362022 0.5
70.81769299507141  seconds  2.612699153466239 0.5406345067362022 3.5
71.33823347091675  seconds  2.612699153466239 0.5406345067362022 16.400000000000002
74.69701957702637  seconds  2.612699153466239 0.5406345067362022 1.5
70.28011727333069  seconds  2.612699153466239 0.5406345067362022 6.5
74.34868049621582  seconds  2.612699153466239 0.5406345067362022 14.4
74.83198976516724  seconds  2.612699153466239 0.5406345067362022 15.4
74.72419786453247  seconds  2.612699153466239 0.5406345067362022 2.5
69.9480619430542  seconds  2.612699153466239 0.5406345067362022 7.5
70.84546780586243  seconds  2.612699153466239 0.5406345067362022 19.400000000000002
74.24899888038635  seconds  2.612699153466239 0.5406345067362022 17.400000000000002
71.26275634765625  seconds  2.612699153466239 0.5406345067362022 8.5
75.22549319267273  seconds  2.612699153466239 0.5406345067362022 5.5
75.52295327186584  seconds  2.612699153466239 0.5406345067362022 18.400000000000002
70.81077551841736  seconds  2.612699153466239 0.5406345067362022 10.5
74.70121884346008  seconds  2.612699153466239 0.5406345067362022 9.5
70.82053971290588  seconds  2.612699153466239 0.5406345067362022 13.5
69.65681385993958  seconds  2.612699153466239 0.5406345067362022 4.6000000000000005
74.40253758430481  seconds  2.612699153466239 0.5406345067362022 11.5
70.6764907836914  seconds  2.612699153466239 0.5406345067362022 3.6
75.2753655910492  seconds  2.612699153466239 0.5406345067362022 12.5
74.50422978401184  seconds  2.612699153466239 0.5406345067362022 0.6000000000000001
71.06754279136658  seconds  2.612699153466239 0.5406345067362022 16.5
71.05348420143127  seconds  2.612699153466239 0.5406345067362022 6.6000000000000005
74.19300675392151  seconds  2.612699153466239 0.5406345067362022 1.6
74.79397702217102  seconds  2.612699153466239 0.5406345067362022 14.5
70.30732035636902  seconds  2.612699153466239 0.5406345067362022 7.6000000000000005
74.94016814231873  seconds  2.612699153466239 0.5406345067362022 2.6
75.42435622215271  seconds  2.612699153466239 0.5406345067362022 15.5
71.39995908737183  seconds  2.612699153466239 0.5406345067362022 19.5
70.56374597549438  seconds  2.612699153466239 0.5406345067362022 8.6
73.73138737678528  seconds  2.612699153466239 0.5406345067362022 17.5
70.35256791114807  seconds  2.612699153466239 0.5406345067362022 10.600000000000001
74.96907663345337  seconds  2.612699153466239 0.5406345067362022 5.6000000000000005
74.72531247138977  seconds  2.612699153466239 0.5406345067362022 18.5
70.62696671485901  seconds  2.612699153466239 0.5406345067362022 13.600000000000001
74.33639788627625  seconds  2.612699153466239 0.5406345067362022 9.600000000000001
70.22821760177612  seconds  2.612699153466239 0.5406345067362022 4.7
73.90432047843933  seconds  2.612699153466239 0.5406345067362022 11.600000000000001
70.30050420761108  seconds  2.612699153466239 0.5406345067362022 3.7
70.63126301765442  seconds  2.612699153466239 0.5406345067362022 16.6
74.76965165138245  seconds  2.612699153466239 0.5406345067362022 12.600000000000001
74.89433979988098  seconds  2.612699153466239 0.5406345067362022 0.7000000000000001
70.60021781921387  seconds  2.612699153466239 0.5406345067362022 6.7
74.42163944244385  seconds  2.612699153466239 0.5406345067362022 1.7000000000000002
69.81344223022461  seconds  2.612699153466239 0.5406345067362022 7.7
74.2801411151886  seconds  2.612699153466239 0.5406345067362022 14.600000000000001
70.31053853034973  seconds  2.612699153466239 0.5406345067362022 19.6
75.03373575210571  seconds  2.612699153466239 0.5406345067362022 2.7
74.5797986984253  seconds  2.612699153466239 0.5406345067362022 15.600000000000001
70.39218616485596  seconds  2.612699153466239 0.5406345067362022 8.700000000000001
73.82294464111328  seconds  2.612699153466239 0.5406345067362022 17.6
70.45945715904236  seconds  2.612699153466239 0.5406345067362022 10.700000000000001
74.33169460296631  seconds  2.612699153466239 0.5406345067362022 5.7
74.6701774597168  seconds  2.612699153466239 0.5406345067362022 18.6
70.55931663513184  seconds  2.612699153466239 0.5406345067362022 13.700000000000001
74.21619200706482  seconds  2.612699153466239 0.5406345067362022 9.700000000000001
69.95182943344116  seconds  2.612699153466239 0.5406345067362022 4.800000000000001
74.09162187576294  seconds  2.612699153466239 0.5406345067362022 11.700000000000001
70.52769613265991  seconds  2.612699153466239 0.5406345067362022 3.8000000000000003
70.77176117897034  seconds  2.612699153466239 0.5406345067362022 16.7
70.742107629776  seconds  2.612699153466239 0.5406345067362022 6.800000000000001
75.19107246398926  seconds  2.612699153466239 0.5406345067362022 12.700000000000001
75.17570948600769  seconds  2.612699153466239 0.5406345067362022 0.8
70.52518320083618  seconds  2.612699153466239 0.5406345067362022 7.800000000000001
74.24822854995728  seconds  2.612699153466239 0.5406345067362022 1.8
74.91686725616455  seconds  2.612699153466239 0.5406345067362022 14.700000000000001
70.29247212409973  seconds  2.612699153466239 0.5406345067362022 19.700000000000003
70.53017687797546  seconds  2.612699153466239 0.5406345067362022 8.8
74.65268397331238  seconds  2.612699153466239 0.5406345067362022 2.8000000000000003
75.19826745986938  seconds  2.612699153466239 0.5406345067362022 15.700000000000001
74.27114200592041  seconds  2.612699153466239 0.5406345067362022 17.7
70.62000870704651  seconds  2.612699153466239 0.5406345067362022 10.8
74.7981059551239  seconds  2.612699153466239 0.5406345067362022 5.800000000000001
74.92982625961304  seconds  2.612699153466239 0.5406345067362022 18.7
70.91682505607605  seconds  2.612699153466239 0.5406345067362022 13.8
70.68172144889832  seconds  2.612699153466239 0.5406345067362022 4.9
74.2398636341095  seconds  2.612699153466239 0.5406345067362022 9.8
70.6030662059784  seconds  2.612699153466239 0.5406345067362022 3.9000000000000004
70.3906786441803  seconds  2.612699153466239 0.5406345067362022 16.8
73.87451767921448  seconds  2.612699153466239 0.5406345067362022 11.8
70.27640795707703  seconds  2.612699153466239 0.5406345067362022 6.9
69.00530076026917  seconds  2.612699153466239 0.5406345067362022 7.9
74.80515885353088  seconds  2.612699153466239 0.5406345067362022 12.8
74.96692371368408  seconds  2.612699153466239 0.5406345067362022 0.9
68.90079307556152  seconds  2.612699153466239 0.5406345067362022 19.8
73.36736273765564  seconds  2.612699153466239 0.5406345067362022 1.9000000000000001
73.42718720436096  seconds  2.612699153466239 0.5406345067362022 14.8
68.6610918045044  seconds  2.612699153466239 0.5406345067362022 8.9
73.04881501197815  seconds  2.612699153466239 0.5406345067362022 2.9000000000000004
72.89007878303528  seconds  2.612699153466239 0.5406345067362022 15.8
68.17496347427368  seconds  2.612699153466239 0.5406345067362022 10.9
71.79605984687805  seconds  2.612699153466239 0.5406345067362022 17.8
71.19705057144165  seconds  2.612699153466239 0.5406345067362022 5.9
70.96995449066162  seconds  2.612699153466239 0.5406345067362022 18.8
64.77521753311157  seconds  2.612699153466239 0.5406345067362022 13.9
67.85815024375916  seconds  2.612699153466239 0.5406345067362022 9.9
61.56907081604004  seconds  2.612699153466239 0.5406345067362022 16.900000000000002
66.10912251472473  seconds  2.612699153466239 0.5406345067362022 11.9
61.94350481033325  seconds  2.612699153466239 0.5406345067362022 12.9
59.3161563873291  seconds  2.612699153466239 0.5406345067362022 19.900000000000002
62.7647807598114  seconds  2.612699153466239 0.5406345067362022 14.9
62.370105266571045  seconds  2.612699153466239 0.5406345067362022 15.9
60.960418701171875  seconds  2.612699153466239 0.5406345067362022 17.900000000000002
60.10071802139282  seconds  2.612699153466239 0.5406345067362022 18.900000000000002
time for calc.... 831.9163444042206
energy at the point.. 2.5966539165555025 0.8378965667101266  is  1.0400959698841916e-05
200 the points 10 chunk numtheads
starting with calculation of Sigma
63.392693519592285  seconds  2.5966539165555025 0.8378965667101266 0.0
64.59457921981812  seconds  2.5966539165555025 0.8378965667101266 1.0
61.9876594543457  seconds  2.5966539165555025 0.8378965667101266 2.0
64.29662251472473  seconds  2.5966539165555025 0.8378965667101266 3.0
67.73204064369202  seconds  2.5966539165555025 0.8378965667101266 4.0
69.97277092933655  seconds  2.5966539165555025 0.8378965667101266 5.0
70.76860237121582  seconds  2.5966539165555025 0.8378965667101266 6.0
65.87931680679321  seconds  2.5966539165555025 0.8378965667101266 8.0
70.63167476654053  seconds  2.5966539165555025 0.8378965667101266 7.0
67.22647356987  seconds  2.5966539165555025 0.8378965667101266 9.0
73.15219497680664  seconds  2.5966539165555025 0.8378965667101266 10.0
72.69068431854248  seconds  2.5966539165555025 0.8378965667101266 11.0
73.51349568367004  seconds  2.5966539165555025 0.8378965667101266 12.0
70.66706466674805  seconds  2.5966539165555025 0.8378965667101266 13.0
73.52596807479858  seconds  2.5966539165555025 0.8378965667101266 0.1
69.56939339637756  seconds  2.5966539165555025 0.8378965667101266 2.1
74.7163016796112  seconds  2.5966539165555025 0.8378965667101266 1.1
73.86483716964722  seconds  2.5966539165555025 0.8378965667101266 14.0
70.33737111091614  seconds  2.5966539165555025 0.8378965667101266 15.0
70.21641707420349  seconds  2.5966539165555025 0.8378965667101266 3.1
71.50237250328064  seconds  2.5966539165555025 0.8378965667101266 4.1000000000000005
75.34982538223267  seconds  2.5966539165555025 0.8378965667101266 16.0
75.583655834198  seconds  2.5966539165555025 0.8378965667101266 17.0
71.163654088974  seconds  2.5966539165555025 0.8378965667101266 18.0
74.29943013191223  seconds  2.5966539165555025 0.8378965667101266 5.1000000000000005
70.69518065452576  seconds  2.5966539165555025 0.8378965667101266 19.0
74.869309425354  seconds  2.5966539165555025 0.8378965667101266 6.1000000000000005
70.55367350578308  seconds  2.5966539165555025 0.8378965667101266 8.1
74.91588854789734  seconds  2.5966539165555025 0.8378965667101266 7.1000000000000005
70.59583854675293  seconds  2.5966539165555025 0.8378965667101266 9.1
74.4169294834137  seconds  2.5966539165555025 0.8378965667101266 10.100000000000001
74.44257640838623  seconds  2.5966539165555025 0.8378965667101266 11.100000000000001
70.49385499954224  seconds  2.5966539165555025 0.8378965667101266 13.100000000000001
73.90317130088806  seconds  2.5966539165555025 0.8378965667101266 12.100000000000001
74.22137188911438  seconds  2.5966539165555025 0.8378965667101266 0.2
70.73627805709839  seconds  2.5966539165555025 0.8378965667101266 2.2
70.61337637901306  seconds  2.5966539165555025 0.8378965667101266 15.100000000000001
70.30720376968384  seconds  2.5966539165555025 0.8378965667101266 3.2
74.87792897224426  seconds  2.5966539165555025 0.8378965667101266 1.2000000000000002
74.31499338150024  seconds  2.5966539165555025 0.8378965667101266 14.100000000000001
69.84142017364502  seconds  2.5966539165555025 0.8378965667101266 4.2
73.92256879806519  seconds  2.5966539165555025 0.8378965667101266 16.1
70.26454329490662  seconds  2.5966539165555025 0.8378965667101266 18.1
74.55462098121643  seconds  2.5966539165555025 0.8378965667101266 17.1
70.67846274375916  seconds  2.5966539165555025 0.8378965667101266 19.1
74.35280656814575  seconds  2.5966539165555025 0.8378965667101266 5.2
70.66370153427124  seconds  2.5966539165555025 0.8378965667101266 8.200000000000001
74.54617404937744  seconds  2.5966539165555025 0.8378965667101266 6.2
70.55641198158264  seconds  2.5966539165555025 0.8378965667101266 9.200000000000001
74.83324861526489  seconds  2.5966539165555025 0.8378965667101266 7.2
74.91023540496826  seconds  2.5966539165555025 0.8378965667101266 10.200000000000001
75.06193494796753  seconds  2.5966539165555025 0.8378965667101266 11.200000000000001
70.45378684997559  seconds  2.5966539165555025 0.8378965667101266 13.200000000000001
74.75316214561462  seconds  2.5966539165555025 0.8378965667101266 12.200000000000001
70.97994995117188  seconds  2.5966539165555025 0.8378965667101266 2.3000000000000003
74.0863242149353  seconds  2.5966539165555025 0.8378965667101266 0.30000000000000004
70.1742799282074  seconds  2.5966539165555025 0.8378965667101266 15.200000000000001
70.39233231544495  seconds  2.5966539165555025 0.8378965667101266 3.3000000000000003
74.65727519989014  seconds  2.5966539165555025 0.8378965667101266 1.3
74.65638780593872  seconds  2.5966539165555025 0.8378965667101266 14.200000000000001
70.24246668815613  seconds  2.5966539165555025 0.8378965667101266 4.3
74.05942630767822  seconds  2.5966539165555025 0.8378965667101266 16.2
70.81155157089233  seconds  2.5966539165555025 0.8378965667101266 18.2
71.248948097229  seconds  2.5966539165555025 0.8378965667101266 19.200000000000003
74.13568472862244  seconds  2.5966539165555025 0.8378965667101266 17.2
70.99493598937988  seconds  2.5966539165555025 0.8378965667101266 8.3
74.52166604995728  seconds  2.5966539165555025 0.8378965667101266 5.300000000000001
70.23432183265686  seconds  2.5966539165555025 0.8378965667101266 9.3
74.45322680473328  seconds  2.5966539165555025 0.8378965667101266 6.300000000000001
74.89961171150208  seconds  2.5966539165555025 0.8378965667101266 7.300000000000001
74.82048058509827  seconds  2.5966539165555025 0.8378965667101266 10.3
70.1736958026886  seconds  2.5966539165555025 0.8378965667101266 13.3
74.90884017944336  seconds  2.5966539165555025 0.8378965667101266 11.3
70.8360812664032  seconds  2.5966539165555025 0.8378965667101266 2.4000000000000004
74.71901607513428  seconds  2.5966539165555025 0.8378965667101266 12.3
71.02037835121155  seconds  2.5966539165555025 0.8378965667101266 15.3
74.61320114135742  seconds  2.5966539165555025 0.8378965667101266 0.4
70.74436402320862  seconds  2.5966539165555025 0.8378965667101266 3.4000000000000004
74.54934597015381  seconds  2.5966539165555025 0.8378965667101266 1.4000000000000001
74.52691435813904  seconds  2.5966539165555025 0.8378965667101266 14.3
70.1852514743805  seconds  2.5966539165555025 0.8378965667101266 4.4
71.63368916511536  seconds  2.5966539165555025 0.8378965667101266 18.3
73.94078516960144  seconds  2.5966539165555025 0.8378965667101266 16.3
70.90454268455505  seconds  2.5966539165555025 0.8378965667101266 19.3
74.26302862167358  seconds  2.5966539165555025 0.8378965667101266 17.3
70.95566773414612  seconds  2.5966539165555025 0.8378965667101266 8.4
74.29973196983337  seconds  2.5966539165555025 0.8378965667101266 5.4
70.37736439704895  seconds  2.5966539165555025 0.8378965667101266 9.4
74.21274399757385  seconds  2.5966539165555025 0.8378965667101266 6.4
74.43484473228455  seconds  2.5966539165555025 0.8378965667101266 7.4
70.49640774726868  seconds  2.5966539165555025 0.8378965667101266 13.4
74.68548822402954  seconds  2.5966539165555025 0.8378965667101266 10.4
70.71257734298706  seconds  2.5966539165555025 0.8378965667101266 2.5
74.92777514457703  seconds  2.5966539165555025 0.8378965667101266 11.4
70.76823234558105  seconds  2.5966539165555025 0.8378965667101266 15.4
70.13372874259949  seconds  2.5966539165555025 0.8378965667101266 3.5
74.43298697471619  seconds  2.5966539165555025 0.8378965667101266 12.4
74.12692785263062  seconds  2.5966539165555025 0.8378965667101266 0.5
70.05328702926636  seconds  2.5966539165555025 0.8378965667101266 4.5
74.40311741828918  seconds  2.5966539165555025 0.8378965667101266 1.5
74.38016986846924  seconds  2.5966539165555025 0.8378965667101266 14.4
70.10059380531311  seconds  2.5966539165555025 0.8378965667101266 18.400000000000002
70.71693277359009  seconds  2.5966539165555025 0.8378965667101266 19.400000000000002
74.13166308403015  seconds  2.5966539165555025 0.8378965667101266 16.400000000000002
70.71305871009827  seconds  2.5966539165555025 0.8378965667101266 8.5
74.41848087310791  seconds  2.5966539165555025 0.8378965667101266 17.400000000000002
70.85212564468384  seconds  2.5966539165555025 0.8378965667101266 9.5
74.05662178993225  seconds  2.5966539165555025 0.8378965667101266 5.5
74.32960605621338  seconds  2.5966539165555025 0.8378965667101266 6.5
74.30940914154053  seconds  2.5966539165555025 0.8378965667101266 7.5
70.53915977478027  seconds  2.5966539165555025 0.8378965667101266 13.5
70.56215953826904  seconds  2.5966539165555025 0.8378965667101266 2.6
74.31234407424927  seconds  2.5966539165555025 0.8378965667101266 10.5
70.74799275398254  seconds  2.5966539165555025 0.8378965667101266 3.6
71.08246803283691  seconds  2.5966539165555025 0.8378965667101266 15.5
74.53318309783936  seconds  2.5966539165555025 0.8378965667101266 11.5
74.08714437484741  seconds  2.5966539165555025 0.8378965667101266 12.5
74.31964421272278  seconds  2.5966539165555025 0.8378965667101266 0.6000000000000001
70.22060370445251  seconds  2.5966539165555025 0.8378965667101266 4.6000000000000005
74.25492835044861  seconds  2.5966539165555025 0.8378965667101266 1.6
74.50266170501709  seconds  2.5966539165555025 0.8378965667101266 14.5
70.69592308998108  seconds  2.5966539165555025 0.8378965667101266 18.5
70.8780632019043  seconds  2.5966539165555025 0.8378965667101266 19.5
70.29058504104614  seconds  2.5966539165555025 0.8378965667101266 8.6
74.32453346252441  seconds  2.5966539165555025 0.8378965667101266 16.5
70.71115517616272  seconds  2.5966539165555025 0.8378965667101266 9.600000000000001
74.68712091445923  seconds  2.5966539165555025 0.8378965667101266 17.5
74.21910405158997  seconds  2.5966539165555025 0.8378965667101266 5.6000000000000005
74.30802512168884  seconds  2.5966539165555025 0.8378965667101266 6.6000000000000005
74.22312474250793  seconds  2.5966539165555025 0.8378965667101266 7.6000000000000005
70.43094563484192  seconds  2.5966539165555025 0.8378965667101266 13.600000000000001
70.45956516265869  seconds  2.5966539165555025 0.8378965667101266 2.7
74.3176703453064  seconds  2.5966539165555025 0.8378965667101266 10.600000000000001
71.02064442634583  seconds  2.5966539165555025 0.8378965667101266 15.600000000000001
71.53702640533447  seconds  2.5966539165555025 0.8378965667101266 3.7
74.63646936416626  seconds  2.5966539165555025 0.8378965667101266 11.600000000000001
69.88667178153992  seconds  2.5966539165555025 0.8378965667101266 4.7
74.72533965110779  seconds  2.5966539165555025 0.8378965667101266 12.600000000000001
74.90209245681763  seconds  2.5966539165555025 0.8378965667101266 0.7000000000000001
70.50734353065491  seconds  2.5966539165555025 0.8378965667101266 18.6
74.07365202903748  seconds  2.5966539165555025 0.8378965667101266 1.7000000000000002
74.73971724510193  seconds  2.5966539165555025 0.8378965667101266 14.600000000000001
71.04843735694885  seconds  2.5966539165555025 0.8378965667101266 19.6
70.24285221099854  seconds  2.5966539165555025 0.8378965667101266 8.700000000000001
74.56298327445984  seconds  2.5966539165555025 0.8378965667101266 16.6
70.12876844406128  seconds  2.5966539165555025 0.8378965667101266 9.700000000000001
74.58022832870483  seconds  2.5966539165555025 0.8378965667101266 17.6
74.60408449172974  seconds  2.5966539165555025 0.8378965667101266 5.7
74.29746890068054  seconds  2.5966539165555025 0.8378965667101266 6.7
74.22889304161072  seconds  2.5966539165555025 0.8378965667101266 7.7
70.67336559295654  seconds  2.5966539165555025 0.8378965667101266 13.700000000000001
70.33441305160522  seconds  2.5966539165555025 0.8378965667101266 2.8000000000000003
70.96268582344055  seconds  2.5966539165555025 0.8378965667101266 3.8000000000000003
71.43608856201172  seconds  2.5966539165555025 0.8378965667101266 15.700000000000001
74.58373546600342  seconds  2.5966539165555025 0.8378965667101266 10.700000000000001
70.14557003974915  seconds  2.5966539165555025 0.8378965667101266 4.800000000000001
74.25212097167969  seconds  2.5966539165555025 0.8378965667101266 11.700000000000001
74.61970162391663  seconds  2.5966539165555025 0.8378965667101266 12.700000000000001
74.7521607875824  seconds  2.5966539165555025 0.8378965667101266 0.8
70.2501449584961  seconds  2.5966539165555025 0.8378965667101266 18.7
74.71023631095886  seconds  2.5966539165555025 0.8378965667101266 1.8
74.29293322563171  seconds  2.5966539165555025 0.8378965667101266 14.700000000000001
70.69105863571167  seconds  2.5966539165555025 0.8378965667101266 19.700000000000003
70.64002966880798  seconds  2.5966539165555025 0.8378965667101266 8.8
70.53071117401123  seconds  2.5966539165555025 0.8378965667101266 9.8
74.35796523094177  seconds  2.5966539165555025 0.8378965667101266 16.7
74.66020107269287  seconds  2.5966539165555025 0.8378965667101266 17.7
74.4207034111023  seconds  2.5966539165555025 0.8378965667101266 5.800000000000001
74.03922891616821  seconds  2.5966539165555025 0.8378965667101266 6.800000000000001
70.6626250743866  seconds  2.5966539165555025 0.8378965667101266 13.8
74.39349746704102  seconds  2.5966539165555025 0.8378965667101266 7.800000000000001
70.26961708068848  seconds  2.5966539165555025 0.8378965667101266 2.9000000000000004
70.56495904922485  seconds  2.5966539165555025 0.8378965667101266 3.9000000000000004
70.77475643157959  seconds  2.5966539165555025 0.8378965667101266 15.8
74.28489947319031  seconds  2.5966539165555025 0.8378965667101266 10.8
70.35740900039673  seconds  2.5966539165555025 0.8378965667101266 4.9
74.25835180282593  seconds  2.5966539165555025 0.8378965667101266 11.8
74.03037524223328  seconds  2.5966539165555025 0.8378965667101266 12.8
69.3987762928009  seconds  2.5966539165555025 0.8378965667101266 18.8
74.27164554595947  seconds  2.5966539165555025 0.8378965667101266 0.9
69.72560262680054  seconds  2.5966539165555025 0.8378965667101266 19.8
69.16265845298767  seconds  2.5966539165555025 0.8378965667101266 8.9
73.76379585266113  seconds  2.5966539165555025 0.8378965667101266 1.9000000000000001
73.48286652565002  seconds  2.5966539165555025 0.8378965667101266 14.8
68.3009865283966  seconds  2.5966539165555025 0.8378965667101266 9.9
72.15875887870789  seconds  2.5966539165555025 0.8378965667101266 16.8
72.20403599739075  seconds  2.5966539165555025 0.8378965667101266 17.8
71.4466016292572  seconds  2.5966539165555025 0.8378965667101266 5.9
65.96787905693054  seconds  2.5966539165555025 0.8378965667101266 13.9
71.71553087234497  seconds  2.5966539165555025 0.8378965667101266 6.9
69.98096179962158  seconds  2.5966539165555025 0.8378965667101266 7.9
63.60262680053711  seconds  2.5966539165555025 0.8378965667101266 15.9
66.86769485473633  seconds  2.5966539165555025 0.8378965667101266 10.9
66.17232728004456  seconds  2.5966539165555025 0.8378965667101266 11.9
62.08811330795288  seconds  2.5966539165555025 0.8378965667101266 18.900000000000002
64.86465287208557  seconds  2.5966539165555025 0.8378965667101266 12.9
60.874671936035156  seconds  2.5966539165555025 0.8378965667101266 19.900000000000002
62.969423055648804  seconds  2.5966539165555025 0.8378965667101266 14.9
59.234301805496216  seconds  2.5966539165555025 0.8378965667101266 16.900000000000002
59.79992938041687  seconds  2.5966539165555025 0.8378965667101266 17.900000000000002
time for calc.... 823.7858669757843
energy at the point.. 2.5477213028327195 1.1368970013037814  is  9.295332997538708e-06
200 the points 10 chunk numtheads
starting with calculation of Sigma
62.53004240989685  seconds  2.5477213028327195 1.1368970013037814 0.0
64.65920424461365  seconds  2.5477213028327195 1.1368970013037814 1.0
64.81947350502014  seconds  2.5477213028327195 1.1368970013037814 2.0
60.58270525932312  seconds  2.5477213028327195 1.1368970013037814 4.0
65.88930559158325  seconds  2.5477213028327195 1.1368970013037814 3.0
63.172921895980835  seconds  2.5477213028327195 1.1368970013037814 6.0
69.90275549888611  seconds  2.5477213028327195 1.1368970013037814 5.0
69.68192720413208  seconds  2.5477213028327195 1.1368970013037814 7.0
71.46048855781555  seconds  2.5477213028327195 1.1368970013037814 8.0
67.88034677505493  seconds  2.5477213028327195 1.1368970013037814 10.0
73.68344259262085  seconds  2.5477213028327195 1.1368970013037814 9.0
73.3590087890625  seconds  2.5477213028327195 1.1368970013037814 11.0
68.6339955329895  seconds  2.5477213028327195 1.1368970013037814 12.0
73.1443338394165  seconds  2.5477213028327195 1.1368970013037814 0.1
69.7161955833435  seconds  2.5477213028327195 1.1368970013037814 13.0
68.90327072143555  seconds  2.5477213028327195 1.1368970013037814 1.1
74.49080514907837  seconds  2.5477213028327195 1.1368970013037814 14.0
69.95685625076294  seconds  2.5477213028327195 1.1368970013037814 15.0
74.79390287399292  seconds  2.5477213028327195 1.1368970013037814 2.1
69.62861585617065  seconds  2.5477213028327195 1.1368970013037814 4.1000000000000005
75.27290320396423  seconds  2.5477213028327195 1.1368970013037814 3.1
74.92102837562561  seconds  2.5477213028327195 1.1368970013037814 16.0
70.6586389541626  seconds  2.5477213028327195 1.1368970013037814 6.1000000000000005
75.32031011581421  seconds  2.5477213028327195 1.1368970013037814 17.0
70.19559288024902  seconds  2.5477213028327195 1.1368970013037814 18.0
74.82336926460266  seconds  2.5477213028327195 1.1368970013037814 5.1000000000000005
72.07730484008789  seconds  2.5477213028327195 1.1368970013037814 19.0
74.49740195274353  seconds  2.5477213028327195 1.1368970013037814 7.1000000000000005
74.72145342826843  seconds  2.5477213028327195 1.1368970013037814 8.1
70.55618572235107  seconds  2.5477213028327195 1.1368970013037814 10.100000000000001
74.62431454658508  seconds  2.5477213028327195 1.1368970013037814 9.1
70.97269296646118  seconds  2.5477213028327195 1.1368970013037814 12.100000000000001
74.64611840248108  seconds  2.5477213028327195 1.1368970013037814 11.100000000000001
71.05081629753113  seconds  2.5477213028327195 1.1368970013037814 13.100000000000001
70.77761697769165  seconds  2.5477213028327195 1.1368970013037814 1.2000000000000002
74.22620964050293  seconds  2.5477213028327195 1.1368970013037814 0.2
70.69364166259766  seconds  2.5477213028327195 1.1368970013037814 15.100000000000001
70.40502643585205  seconds  2.5477213028327195 1.1368970013037814 4.2
75.04165530204773  seconds  2.5477213028327195 1.1368970013037814 14.100000000000001
75.0275251865387  seconds  2.5477213028327195 1.1368970013037814 2.2
75.24190640449524  seconds  2.5477213028327195 1.1368970013037814 3.2
73.76094388961792  seconds  2.5477213028327195 1.1368970013037814 16.1
70.54420876502991  seconds  2.5477213028327195 1.1368970013037814 6.2
70.94255065917969  seconds  2.5477213028327195 1.1368970013037814 18.1
74.658438205719  seconds  2.5477213028327195 1.1368970013037814 17.1
74.59842157363892  seconds  2.5477213028327195 1.1368970013037814 5.2
70.55074310302734  seconds  2.5477213028327195 1.1368970013037814 19.1
73.90728449821472  seconds  2.5477213028327195 1.1368970013037814 7.2
70.68353605270386  seconds  2.5477213028327195 1.1368970013037814 10.200000000000001
74.37805843353271  seconds  2.5477213028327195 1.1368970013037814 8.200000000000001
74.10151362419128  seconds  2.5477213028327195 1.1368970013037814 9.200000000000001
70.49156832695007  seconds  2.5477213028327195 1.1368970013037814 12.200000000000001
70.82797694206238  seconds  2.5477213028327195 1.1368970013037814 13.200000000000001
74.33040380477905  seconds  2.5477213028327195 1.1368970013037814 11.200000000000001
70.38940358161926  seconds  2.5477213028327195 1.1368970013037814 1.3
74.38321352005005  seconds  2.5477213028327195 1.1368970013037814 0.30000000000000004
70.25950288772583  seconds  2.5477213028327195 1.1368970013037814 15.200000000000001
70.44726943969727  seconds  2.5477213028327195 1.1368970013037814 4.3
74.9308910369873  seconds  2.5477213028327195 1.1368970013037814 14.200000000000001
74.78798198699951  seconds  2.5477213028327195 1.1368970013037814 2.3000000000000003
70.48381805419922  seconds  2.5477213028327195 1.1368970013037814 6.300000000000001
74.5663411617279  seconds  2.5477213028327195 1.1368970013037814 3.3000000000000003
74.34604859352112  seconds  2.5477213028327195 1.1368970013037814 16.2
70.71527934074402  seconds  2.5477213028327195 1.1368970013037814 18.2
74.09740018844604  seconds  2.5477213028327195 1.1368970013037814 17.2
70.61421775817871  seconds  2.5477213028327195 1.1368970013037814 19.200000000000003
74.05430054664612  seconds  2.5477213028327195 1.1368970013037814 5.300000000000001
74.26581478118896  seconds  2.5477213028327195 1.1368970013037814 7.300000000000001
70.56542229652405  seconds  2.5477213028327195 1.1368970013037814 10.3
74.51016163825989  seconds  2.5477213028327195 1.1368970013037814 8.3
70.43735074996948  seconds  2.5477213028327195 1.1368970013037814 12.3
74.04782915115356  seconds  2.5477213028327195 1.1368970013037814 9.3
71.01758432388306  seconds  2.5477213028327195 1.1368970013037814 13.3
70.39687490463257  seconds  2.5477213028327195 1.1368970013037814 1.4000000000000001
74.51927280426025  seconds  2.5477213028327195 1.1368970013037814 11.3
74.18222117424011  seconds  2.5477213028327195 1.1368970013037814 0.4
70.36926794052124  seconds  2.5477213028327195 1.1368970013037814 15.3
70.68070363998413  seconds  2.5477213028327195 1.1368970013037814 4.4
75.0535876750946  seconds  2.5477213028327195 1.1368970013037814 14.3
75.18893575668335  seconds  2.5477213028327195 1.1368970013037814 2.4000000000000004
70.79034686088562  seconds  2.5477213028327195 1.1368970013037814 6.4
71.3427791595459  seconds  2.5477213028327195 1.1368970013037814 18.3
74.31463646888733  seconds  2.5477213028327195 1.1368970013037814 3.4000000000000004
74.02632784843445  seconds  2.5477213028327195 1.1368970013037814 16.3
71.0622251033783  seconds  2.5477213028327195 1.1368970013037814 19.3
74.3631272315979  seconds  2.5477213028327195 1.1368970013037814 17.3
74.68141961097717  seconds  2.5477213028327195 1.1368970013037814 5.4
74.04922699928284  seconds  2.5477213028327195 1.1368970013037814 7.4
70.6020188331604  seconds  2.5477213028327195 1.1368970013037814 10.4
74.63798093795776  seconds  2.5477213028327195 1.1368970013037814 8.4
70.12802720069885  seconds  2.5477213028327195 1.1368970013037814 12.4
74.48156833648682  seconds  2.5477213028327195 1.1368970013037814 9.4
70.94606804847717  seconds  2.5477213028327195 1.1368970013037814 1.5
71.31805372238159  seconds  2.5477213028327195 1.1368970013037814 13.4
74.89475679397583  seconds  2.5477213028327195 1.1368970013037814 11.4
71.1725001335144  seconds  2.5477213028327195 1.1368970013037814 15.4
70.99029850959778  seconds  2.5477213028327195 1.1368970013037814 4.5
75.09066534042358  seconds  2.5477213028327195 1.1368970013037814 0.5
70.8374490737915  seconds  2.5477213028327195 1.1368970013037814 6.5
74.84034037590027  seconds  2.5477213028327195 1.1368970013037814 14.4
75.15729713439941  seconds  2.5477213028327195 1.1368970013037814 2.5
71.21341395378113  seconds  2.5477213028327195 1.1368970013037814 18.400000000000002
74.80171251296997  seconds  2.5477213028327195 1.1368970013037814 3.5
74.38167929649353  seconds  2.5477213028327195 1.1368970013037814 16.400000000000002
70.76330161094666  seconds  2.5477213028327195 1.1368970013037814 19.400000000000002
74.15168642997742  seconds  2.5477213028327195 1.1368970013037814 17.400000000000002
74.51094365119934  seconds  2.5477213028327195 1.1368970013037814 5.5
70.6629250049591  seconds  2.5477213028327195 1.1368970013037814 10.5
74.0454592704773  seconds  2.5477213028327195 1.1368970013037814 7.5
69.93066096305847  seconds  2.5477213028327195 1.1368970013037814 12.5
74.76612257957458  seconds  2.5477213028327195 1.1368970013037814 8.5
74.4798653125763  seconds  2.5477213028327195 1.1368970013037814 9.5
70.86245083808899  seconds  2.5477213028327195 1.1368970013037814 1.6
70.98549389839172  seconds  2.5477213028327195 1.1368970013037814 13.5
70.61610412597656  seconds  2.5477213028327195 1.1368970013037814 15.5
70.6792380809784  seconds  2.5477213028327195 1.1368970013037814 4.6000000000000005
75.19063568115234  seconds  2.5477213028327195 1.1368970013037814 11.5
74.97679662704468  seconds  2.5477213028327195 1.1368970013037814 0.6000000000000001
70.55153465270996  seconds  2.5477213028327195 1.1368970013037814 6.6000000000000005
70.90934777259827  seconds  2.5477213028327195 1.1368970013037814 18.5
74.70712351799011  seconds  2.5477213028327195 1.1368970013037814 14.5
74.758061170578  seconds  2.5477213028327195 1.1368970013037814 2.6
70.40374660491943  seconds  2.5477213028327195 1.1368970013037814 19.5
74.7576973438263  seconds  2.5477213028327195 1.1368970013037814 3.6
74.67746090888977  seconds  2.5477213028327195 1.1368970013037814 16.5
74.6466600894928  seconds  2.5477213028327195 1.1368970013037814 17.5
74.5591766834259  seconds  2.5477213028327195 1.1368970013037814 5.6000000000000005
70.27056980133057  seconds  2.5477213028327195 1.1368970013037814 10.600000000000001
74.31838345527649  seconds  2.5477213028327195 1.1368970013037814 7.6000000000000005
70.58798670768738  seconds  2.5477213028327195 1.1368970013037814 12.600000000000001
74.66299343109131  seconds  2.5477213028327195 1.1368970013037814 8.6
70.58849716186523  seconds  2.5477213028327195 1.1368970013037814 13.600000000000001
71.00844407081604  seconds  2.5477213028327195 1.1368970013037814 1.7000000000000002
74.58139824867249  seconds  2.5477213028327195 1.1368970013037814 9.600000000000001
70.4017071723938  seconds  2.5477213028327195 1.1368970013037814 15.600000000000001
70.44789409637451  seconds  2.5477213028327195 1.1368970013037814 4.7
75.05661535263062  seconds  2.5477213028327195 1.1368970013037814 11.600000000000001
74.44091486930847  seconds  2.5477213028327195 1.1368970013037814 0.7000000000000001
70.78786182403564  seconds  2.5477213028327195 1.1368970013037814 6.7
70.68688821792603  seconds  2.5477213028327195 1.1368970013037814 18.6
74.47880959510803  seconds  2.5477213028327195 1.1368970013037814 14.600000000000001
70.76744484901428  seconds  2.5477213028327195 1.1368970013037814 19.6
74.79388475418091  seconds  2.5477213028327195 1.1368970013037814 2.7
74.8429205417633  seconds  2.5477213028327195 1.1368970013037814 3.7
74.62274956703186  seconds  2.5477213028327195 1.1368970013037814 16.6
74.38716244697571  seconds  2.5477213028327195 1.1368970013037814 17.6
70.56409573554993  seconds  2.5477213028327195 1.1368970013037814 10.700000000000001
74.41608548164368  seconds  2.5477213028327195 1.1368970013037814 5.7
70.46608018875122  seconds  2.5477213028327195 1.1368970013037814 12.700000000000001
74.35678577423096  seconds  2.5477213028327195 1.1368970013037814 7.7
70.88572859764099  seconds  2.5477213028327195 1.1368970013037814 13.700000000000001
74.46420478820801  seconds  2.5477213028327195 1.1368970013037814 8.700000000000001
71.13489508628845  seconds  2.5477213028327195 1.1368970013037814 1.8
74.57608771324158  seconds  2.5477213028327195 1.1368970013037814 9.700000000000001
70.87451195716858  seconds  2.5477213028327195 1.1368970013037814 15.700000000000001
70.72965979576111  seconds  2.5477213028327195 1.1368970013037814 4.800000000000001
74.69040513038635  seconds  2.5477213028327195 1.1368970013037814 11.700000000000001
74.55774855613708  seconds  2.5477213028327195 1.1368970013037814 0.8
70.68850588798523  seconds  2.5477213028327195 1.1368970013037814 6.800000000000001
70.77821016311646  seconds  2.5477213028327195 1.1368970013037814 18.7
70.67585873603821  seconds  2.5477213028327195 1.1368970013037814 19.700000000000003
74.12634778022766  seconds  2.5477213028327195 1.1368970013037814 14.700000000000001
74.85306239128113  seconds  2.5477213028327195 1.1368970013037814 2.8000000000000003
74.81477808952332  seconds  2.5477213028327195 1.1368970013037814 16.7
75.7156195640564  seconds  2.5477213028327195 1.1368970013037814 3.8000000000000003
70.6182849407196  seconds  2.5477213028327195 1.1368970013037814 10.8
73.9593677520752  seconds  2.5477213028327195 1.1368970013037814 17.7
74.01675701141357  seconds  2.5477213028327195 1.1368970013037814 5.800000000000001
70.2560350894928  seconds  2.5477213028327195 1.1368970013037814 12.8
73.95014190673828  seconds  2.5477213028327195 1.1368970013037814 7.800000000000001
70.52048659324646  seconds  2.5477213028327195 1.1368970013037814 13.8
70.84259629249573  seconds  2.5477213028327195 1.1368970013037814 1.9000000000000001
74.66153860092163  seconds  2.5477213028327195 1.1368970013037814 8.8
70.45291996002197  seconds  2.5477213028327195 1.1368970013037814 15.8
70.40086793899536  seconds  2.5477213028327195 1.1368970013037814 4.9
74.57114171981812  seconds  2.5477213028327195 1.1368970013037814 9.8
74.43604898452759  seconds  2.5477213028327195 1.1368970013037814 11.8
69.60403609275818  seconds  2.5477213028327195 1.1368970013037814 6.9
74.32761454582214  seconds  2.5477213028327195 1.1368970013037814 0.9
69.7186906337738  seconds  2.5477213028327195 1.1368970013037814 18.8
68.95610117912292  seconds  2.5477213028327195 1.1368970013037814 19.8
72.98973536491394  seconds  2.5477213028327195 1.1368970013037814 14.8
73.48771166801453  seconds  2.5477213028327195 1.1368970013037814 2.9000000000000004
67.96720337867737  seconds  2.5477213028327195 1.1368970013037814 10.9
73.20676517486572  seconds  2.5477213028327195 1.1368970013037814 16.8
73.35458946228027  seconds  2.5477213028327195 1.1368970013037814 3.9000000000000004
71.72404313087463  seconds  2.5477213028327195 1.1368970013037814 17.8
67.18327355384827  seconds  2.5477213028327195 1.1368970013037814 12.9
73.73020100593567  seconds  2.5477213028327195 1.1368970013037814 5.9
70.87925338745117  seconds  2.5477213028327195 1.1368970013037814 7.9
65.46123838424683  seconds  2.5477213028327195 1.1368970013037814 13.9
64.22942352294922  seconds  2.5477213028327195 1.1368970013037814 15.9
69.59556818008423  seconds  2.5477213028327195 1.1368970013037814 8.9
67.87785959243774  seconds  2.5477213028327195 1.1368970013037814 9.9
65.493497133255  seconds  2.5477213028327195 1.1368970013037814 11.9
61.35559892654419  seconds  2.5477213028327195 1.1368970013037814 18.900000000000002
60.3542959690094  seconds  2.5477213028327195 1.1368970013037814 19.900000000000002
62.603047132492065  seconds  2.5477213028327195 1.1368970013037814 14.9
61.33625149726868  seconds  2.5477213028327195 1.1368970013037814 16.900000000000002
60.507976055145264  seconds  2.5477213028327195 1.1368970013037814 17.900000000000002
time for calc.... 824.0702233314514
energy at the point.. 2.4372546507317705 1.4115601912212083  is  1.07841213363713e-05
200 the points 10 chunk numtheads
starting with calculation of Sigma
63.22289323806763  seconds  2.4372546507317705 1.4115601912212083 0.0
64.57753944396973  seconds  2.4372546507317705 1.4115601912212083 1.0
66.37492084503174  seconds  2.4372546507317705 1.4115601912212083 2.0
59.900362968444824  seconds  2.4372546507317705 1.4115601912212083 4.0
66.725919008255  seconds  2.4372546507317705 1.4115601912212083 3.0
63.984312772750854  seconds  2.4372546507317705 1.4115601912212083 5.0
69.75279092788696  seconds  2.4372546507317705 1.4115601912212083 6.0
72.93796372413635  seconds  2.4372546507317705 1.4115601912212083 7.0
72.49402332305908  seconds  2.4372546507317705 1.4115601912212083 8.0
73.9219229221344  seconds  2.4372546507317705 1.4115601912212083 9.0
67.34434676170349  seconds  2.4372546507317705 1.4115601912212083 11.0
73.71212887763977  seconds  2.4372546507317705 1.4115601912212083 10.0
71.78331899642944  seconds  2.4372546507317705 1.4115601912212083 12.0
73.35741257667542  seconds  2.4372546507317705 1.4115601912212083 0.1
70.70864534378052  seconds  2.4372546507317705 1.4115601912212083 1.1
74.12448406219482  seconds  2.4372546507317705 1.4115601912212083 13.0
74.07827425003052  seconds  2.4372546507317705 1.4115601912212083 14.0
69.7300672531128  seconds  2.4372546507317705 1.4115601912212083 4.1000000000000005
74.70801162719727  seconds  2.4372546507317705 1.4115601912212083 2.1
70.56192946434021  seconds  2.4372546507317705 1.4115601912212083 15.0
74.55618834495544  seconds  2.4372546507317705 1.4115601912212083 3.1
70.57256317138672  seconds  2.4372546507317705 1.4115601912212083 16.0
70.64936876296997  seconds  2.4372546507317705 1.4115601912212083 5.1000000000000005
70.64470744132996  seconds  2.4372546507317705 1.4115601912212083 17.0
74.57909655570984  seconds  2.4372546507317705 1.4115601912212083 18.0
70.67789793014526  seconds  2.4372546507317705 1.4115601912212083 19.0
74.26265382766724  seconds  2.4372546507317705 1.4115601912212083 6.1000000000000005
74.43754649162292  seconds  2.4372546507317705 1.4115601912212083 7.1000000000000005
74.67205548286438  seconds  2.4372546507317705 1.4115601912212083 8.1
74.57895827293396  seconds  2.4372546507317705 1.4115601912212083 9.1
70.70950293540955  seconds  2.4372546507317705 1.4115601912212083 11.100000000000001
74.3872287273407  seconds  2.4372546507317705 1.4115601912212083 10.100000000000001
70.66725087165833  seconds  2.4372546507317705 1.4115601912212083 12.100000000000001
70.45633816719055  seconds  2.4372546507317705 1.4115601912212083 1.2000000000000002
74.73660969734192  seconds  2.4372546507317705 1.4115601912212083 0.2
74.51528859138489  seconds  2.4372546507317705 1.4115601912212083 13.100000000000001
70.46598982810974  seconds  2.4372546507317705 1.4115601912212083 4.2
70.24572467803955  seconds  2.4372546507317705 1.4115601912212083 15.100000000000001
74.54975438117981  seconds  2.4372546507317705 1.4115601912212083 14.100000000000001
74.67410731315613  seconds  2.4372546507317705 1.4115601912212083 2.2
70.60098433494568  seconds  2.4372546507317705 1.4115601912212083 16.1
70.66815876960754  seconds  2.4372546507317705 1.4115601912212083 5.2
74.49966788291931  seconds  2.4372546507317705 1.4115601912212083 3.2
70.50638699531555  seconds  2.4372546507317705 1.4115601912212083 17.1
70.44151020050049  seconds  2.4372546507317705 1.4115601912212083 19.1
74.4307770729065  seconds  2.4372546507317705 1.4115601912212083 18.1
74.45185136795044  seconds  2.4372546507317705 1.4115601912212083 6.2
73.70199751853943  seconds  2.4372546507317705 1.4115601912212083 7.2
74.43921208381653  seconds  2.4372546507317705 1.4115601912212083 8.200000000000001
70.43560910224915  seconds  2.4372546507317705 1.4115601912212083 11.200000000000001
74.91951513290405  seconds  2.4372546507317705 1.4115601912212083 9.200000000000001
74.21753430366516  seconds  2.4372546507317705 1.4115601912212083 10.200000000000001
70.64312100410461  seconds  2.4372546507317705 1.4115601912212083 12.200000000000001
70.58670020103455  seconds  2.4372546507317705 1.4115601912212083 1.3
74.48670530319214  seconds  2.4372546507317705 1.4115601912212083 0.30000000000000004
70.58160161972046  seconds  2.4372546507317705 1.4115601912212083 4.3
74.46675944328308  seconds  2.4372546507317705 1.4115601912212083 13.200000000000001
70.36374521255493  seconds  2.4372546507317705 1.4115601912212083 15.200000000000001
70.8203477859497  seconds  2.4372546507317705 1.4115601912212083 16.2
74.65245699882507  seconds  2.4372546507317705 1.4115601912212083 14.200000000000001
74.95177555084229  seconds  2.4372546507317705 1.4115601912212083 2.3000000000000003
70.69032788276672  seconds  2.4372546507317705 1.4115601912212083 5.300000000000001
70.53341293334961  seconds  2.4372546507317705 1.4115601912212083 17.2
74.33733367919922  seconds  2.4372546507317705 1.4115601912212083 3.3000000000000003
70.5679144859314  seconds  2.4372546507317705 1.4115601912212083 19.200000000000003
74.41453981399536  seconds  2.4372546507317705 1.4115601912212083 18.2
74.62117099761963  seconds  2.4372546507317705 1.4115601912212083 6.300000000000001
74.25726866722107  seconds  2.4372546507317705 1.4115601912212083 7.300000000000001
70.72862434387207  seconds  2.4372546507317705 1.4115601912212083 11.3
74.57848739624023  seconds  2.4372546507317705 1.4115601912212083 8.3
74.92701363563538  seconds  2.4372546507317705 1.4115601912212083 9.3
70.44412612915039  seconds  2.4372546507317705 1.4115601912212083 12.3
73.96866750717163  seconds  2.4372546507317705 1.4115601912212083 10.3
70.6886420249939  seconds  2.4372546507317705 1.4115601912212083 1.4000000000000001
70.41294407844543  seconds  2.4372546507317705 1.4115601912212083 4.4
74.126291513443  seconds  2.4372546507317705 1.4115601912212083 0.4
70.22415041923523  seconds  2.4372546507317705 1.4115601912212083 15.3
74.46781277656555  seconds  2.4372546507317705 1.4115601912212083 13.3
71.21943259239197  seconds  2.4372546507317705 1.4115601912212083 16.3
70.76559114456177  seconds  2.4372546507317705 1.4115601912212083 5.4
74.63250231742859  seconds  2.4372546507317705 1.4115601912212083 14.3
70.67389225959778  seconds  2.4372546507317705 1.4115601912212083 17.3
74.29166960716248  seconds  2.4372546507317705 1.4115601912212083 2.4000000000000004
74.38530373573303  seconds  2.4372546507317705 1.4115601912212083 3.4000000000000004
70.53946614265442  seconds  2.4372546507317705 1.4115601912212083 19.3
74.33700704574585  seconds  2.4372546507317705 1.4115601912212083 18.3
74.61896467208862  seconds  2.4372546507317705 1.4115601912212083 6.4
74.07917380332947  seconds  2.4372546507317705 1.4115601912212083 7.4
70.73638272285461  seconds  2.4372546507317705 1.4115601912212083 11.4
74.15022039413452  seconds  2.4372546507317705 1.4115601912212083 8.4
70.5145058631897  seconds  2.4372546507317705 1.4115601912212083 12.4
74.34995889663696  seconds  2.4372546507317705 1.4115601912212083 9.4
74.27003884315491  seconds  2.4372546507317705 1.4115601912212083 10.4
70.6503655910492  seconds  2.4372546507317705 1.4115601912212083 1.5
71.19954061508179  seconds  2.4372546507317705 1.4115601912212083 4.5
70.75801801681519  seconds  2.4372546507317705 1.4115601912212083 15.4
74.30871272087097  seconds  2.4372546507317705 1.4115601912212083 0.5
71.17386627197266  seconds  2.4372546507317705 1.4115601912212083 16.400000000000002
74.53383827209473  seconds  2.4372546507317705 1.4115601912212083 13.4
71.25584387779236  seconds  2.4372546507317705 1.4115601912212083 5.5
70.54266834259033  seconds  2.4372546507317705 1.4115601912212083 17.400000000000002
74.76132559776306  seconds  2.4372546507317705 1.4115601912212083 14.4
74.30722665786743  seconds  2.4372546507317705 1.4115601912212083 2.5
74.86957120895386  seconds  2.4372546507317705 1.4115601912212083 3.5
70.39801573753357  seconds  2.4372546507317705 1.4115601912212083 19.400000000000002
74.97399473190308  seconds  2.4372546507317705 1.4115601912212083 18.400000000000002
74.579265832901  seconds  2.4372546507317705 1.4115601912212083 6.5
71.06179070472717  seconds  2.4372546507317705 1.4115601912212083 11.5
74.33920907974243  seconds  2.4372546507317705 1.4115601912212083 7.5
74.53478765487671  seconds  2.4372546507317705 1.4115601912212083 8.5
70.43044853210449  seconds  2.4372546507317705 1.4115601912212083 12.5
70.27106976509094  seconds  2.4372546507317705 1.4115601912212083 1.6
74.59468722343445  seconds  2.4372546507317705 1.4115601912212083 9.5
73.91509985923767  seconds  2.4372546507317705 1.4115601912212083 10.5
70.34973073005676  seconds  2.4372546507317705 1.4115601912212083 4.6000000000000005
70.00334858894348  seconds  2.4372546507317705 1.4115601912212083 15.5
74.27791547775269  seconds  2.4372546507317705 1.4115601912212083 0.6000000000000001
70.76308488845825  seconds  2.4372546507317705 1.4115601912212083 16.5
70.76490259170532  seconds  2.4372546507317705 1.4115601912212083 5.6000000000000005
70.39176344871521  seconds  2.4372546507317705 1.4115601912212083 17.5
74.56197595596313  seconds  2.4372546507317705 1.4115601912212083 13.5
74.36632585525513  seconds  2.4372546507317705 1.4115601912212083 14.5
74.67327237129211  seconds  2.4372546507317705 1.4115601912212083 2.6
70.4571259021759  seconds  2.4372546507317705 1.4115601912212083 19.5
74.68939280509949  seconds  2.4372546507317705 1.4115601912212083 3.6
74.7689266204834  seconds  2.4372546507317705 1.4115601912212083 18.5
74.43826746940613  seconds  2.4372546507317705 1.4115601912212083 6.6000000000000005
70.36751437187195  seconds  2.4372546507317705 1.4115601912212083 11.600000000000001
74.22689151763916  seconds  2.4372546507317705 1.4115601912212083 7.6000000000000005
70.27219343185425  seconds  2.4372546507317705 1.4115601912212083 12.600000000000001
74.5668933391571  seconds  2.4372546507317705 1.4115601912212083 8.6
70.60847163200378  seconds  2.4372546507317705 1.4115601912212083 1.7000000000000002
74.72770142555237  seconds  2.4372546507317705 1.4115601912212083 9.600000000000001
74.11791586875916  seconds  2.4372546507317705 1.4115601912212083 10.600000000000001
69.71596837043762  seconds  2.4372546507317705 1.4115601912212083 4.7
70.30524063110352  seconds  2.4372546507317705 1.4115601912212083 15.600000000000001
71.04378485679626  seconds  2.4372546507317705 1.4115601912212083 16.6
74.04610824584961  seconds  2.4372546507317705 1.4115601912212083 0.7000000000000001
70.71973514556885  seconds  2.4372546507317705 1.4115601912212083 5.7
70.89962458610535  seconds  2.4372546507317705 1.4115601912212083 17.6
74.89223265647888  seconds  2.4372546507317705 1.4115601912212083 13.600000000000001
74.10125851631165  seconds  2.4372546507317705 1.4115601912212083 14.600000000000001
70.6871874332428  seconds  2.4372546507317705 1.4115601912212083 19.6
74.60000205039978  seconds  2.4372546507317705 1.4115601912212083 2.7
74.24119424819946  seconds  2.4372546507317705 1.4115601912212083 3.7
74.38470816612244  seconds  2.4372546507317705 1.4115601912212083 18.6
70.50902152061462  seconds  2.4372546507317705 1.4115601912212083 11.700000000000001
74.43917560577393  seconds  2.4372546507317705 1.4115601912212083 6.7
74.1942048072815  seconds  2.4372546507317705 1.4115601912212083 7.7
70.73001527786255  seconds  2.4372546507317705 1.4115601912212083 12.700000000000001
70.59082770347595  seconds  2.4372546507317705 1.4115601912212083 1.8
73.91598415374756  seconds  2.4372546507317705 1.4115601912212083 8.700000000000001
70.91504645347595  seconds  2.4372546507317705 1.4115601912212083 4.800000000000001
69.80936050415039  seconds  2.4372546507317705 1.4115601912212083 15.700000000000001
74.6092734336853  seconds  2.4372546507317705 1.4115601912212083 9.700000000000001
74.2393753528595  seconds  2.4372546507317705 1.4115601912212083 10.700000000000001
70.92406368255615  seconds  2.4372546507317705 1.4115601912212083 16.7
70.45679783821106  seconds  2.4372546507317705 1.4115601912212083 5.800000000000001
71.00096821784973  seconds  2.4372546507317705 1.4115601912212083 17.7
74.24125552177429  seconds  2.4372546507317705 1.4115601912212083 0.8
74.79965305328369  seconds  2.4372546507317705 1.4115601912212083 13.700000000000001
70.3907823562622  seconds  2.4372546507317705 1.4115601912212083 19.700000000000003
74.77974152565002  seconds  2.4372546507317705 1.4115601912212083 14.700000000000001
74.83152890205383  seconds  2.4372546507317705 1.4115601912212083 2.8000000000000003
74.13327264785767  seconds  2.4372546507317705 1.4115601912212083 3.8000000000000003
70.55005168914795  seconds  2.4372546507317705 1.4115601912212083 11.8
74.69159579277039  seconds  2.4372546507317705 1.4115601912212083 18.7
74.8621621131897  seconds  2.4372546507317705 1.4115601912212083 6.800000000000001
70.50711274147034  seconds  2.4372546507317705 1.4115601912212083 12.8
74.31254410743713  seconds  2.4372546507317705 1.4115601912212083 7.800000000000001
70.21359515190125  seconds  2.4372546507317705 1.4115601912212083 1.9000000000000001
74.05515122413635  seconds  2.4372546507317705 1.4115601912212083 8.8
70.61787676811218  seconds  2.4372546507317705 1.4115601912212083 4.9
70.77971458435059  seconds  2.4372546507317705 1.4115601912212083 15.8
74.504478931427  seconds  2.4372546507317705 1.4115601912212083 9.8
74.30002450942993  seconds  2.4372546507317705 1.4115601912212083 10.8
70.26542282104492  seconds  2.4372546507317705 1.4115601912212083 16.8
70.07169461250305  seconds  2.4372546507317705 1.4115601912212083 5.9
70.06089353561401  seconds  2.4372546507317705 1.4115601912212083 17.8
73.17506051063538  seconds  2.4372546507317705 1.4115601912212083 0.9
68.8887288570404  seconds  2.4372546507317705 1.4115601912212083 19.8
73.6084668636322  seconds  2.4372546507317705 1.4115601912212083 13.8
73.51054668426514  seconds  2.4372546507317705 1.4115601912212083 14.8
73.59126543998718  seconds  2.4372546507317705 1.4115601912212083 2.9000000000000004
73.05190443992615  seconds  2.4372546507317705 1.4115601912212083 3.9000000000000004
67.47537732124329  seconds  2.4372546507317705 1.4115601912212083 11.9
66.39047598838806  seconds  2.4372546507317705 1.4115601912212083 12.9
71.9325795173645  seconds  2.4372546507317705 1.4115601912212083 18.8
71.44112491607666  seconds  2.4372546507317705 1.4115601912212083 6.9
69.90707588195801  seconds  2.4372546507317705 1.4115601912212083 7.9
68.99352788925171  seconds  2.4372546507317705 1.4115601912212083 8.9
65.18413186073303  seconds  2.4372546507317705 1.4115601912212083 15.9
68.08404183387756  seconds  2.4372546507317705 1.4115601912212083 9.9
63.46094870567322  seconds  2.4372546507317705 1.4115601912212083 16.900000000000002
67.69317674636841  seconds  2.4372546507317705 1.4115601912212083 10.9
62.90623617172241  seconds  2.4372546507317705 1.4115601912212083 17.900000000000002
61.0425341129303  seconds  2.4372546507317705 1.4115601912212083 19.900000000000002
64.53484654426575  seconds  2.4372546507317705 1.4115601912212083 13.9
62.799795389175415  seconds  2.4372546507317705 1.4115601912212083 14.9
59.19141221046448  seconds  2.4372546507317705 1.4115601912212083 18.900000000000002
time for calc.... 829.8598873615265
60468.05user 26411.67system 1:22:59elapsed 1744%CPU (0avgtext+0avgdata 21605360maxresident)k
0inputs+128896outputs (385major+513010176minor)pagefaults 0swaps
