reading lattice from... ./Lattices/sqKgridX100.npy
reading lattice from... ./Lattices/sqKgridY100.npy
started calculating filling for chemical potential and dispersion parameters TB_single_band..
reading lattice from... ./Lattices/KgridX400.npy
reading lattice from... ./Lattices/KgridY400.npy
reading lattice from... ./Lattices/KgridX400.npy
reading lattice from... ./Lattices/KgridY400.npy
finished calculating filling for chemical potential
Filling: 0.5021914101708863 .... chemical potential: 29.41164495334965
dispersion params: 54.93230174081238 	 -10.444874274661508
The fermi energy in mev is: 3064.1164088176356, and in units of J: 296.3362097502549, the bandwidth is:494.39071566731144
reading lattice from... ./Lattices/KgridX2000.npy
reading lattice from... ./Lattices/KgridY2000.npy
reading lattice from... ./Lattices/sqKgridX2000.npy
reading lattice from... ./Lattices/sqKgridY2000.npy
412 the fermi surface points 9 numtheads
starting with calculation of Sigma
11.962387084960938  seconds  2.4732452258771103 1.343763581051717 0.001
11.834228992462158  seconds  2.4732452258771103 1.343763581051717 1.0918181818181818
11.432904243469238  seconds  2.4732452258771103 1.343763581051717 2.1826363636363637
11.609899759292603  seconds  2.4732452258771103 1.343763581051717 3.2734545454545456
11.557888269424438  seconds  2.4732452258771103 1.343763581051717 4.364272727272728
11.144062995910645  seconds  2.4732452258771103 1.343763581051717 5.45509090909091
11.07358455657959  seconds  2.4732452258771103 1.343763581051717 6.545909090909092
10.839352369308472  seconds  2.4732452258771103 1.343763581051717 7.636727272727274
11.109801530838013  seconds  2.4732452258771103 1.343763581051717 8.727545454545455
10.795392751693726  seconds  2.4732452258771103 1.343763581051717 9.818363636363637
10.421978950500488  seconds  2.4732452258771103 1.343763581051717 10.90918181818182
10.025810718536377  seconds  2.4732452258771103 1.343763581051717 12.0
8.232381105422974  seconds  2.4732452258771103 1.343763581051717 0.12220202020202021
8.450303316116333  seconds  2.4732452258771103 1.343763581051717 1.213020202020202
9.234715461730957  seconds  2.4732452258771103 1.343763581051717 2.303838383838384
9.679980993270874  seconds  2.4732452258771103 1.343763581051717 3.394656565656566
10.498986005783081  seconds  2.4732452258771103 1.343763581051717 4.485474747474748
10.557427883148193  seconds  2.4732452258771103 1.343763581051717 5.57629292929293
11.215409994125366  seconds  2.4732452258771103 1.343763581051717 6.667111111111112
11.113397121429443  seconds  2.4732452258771103 1.343763581051717 7.757929292929294
11.769813060760498  seconds  2.4732452258771103 1.343763581051717 8.848747474747475
11.633689880371094  seconds  2.4732452258771103 1.343763581051717 9.939565656565657
11.645331382751465  seconds  2.4732452258771103 1.343763581051717 11.03038383838384
10.735340595245361  seconds  2.4732452258771103 1.343763581051717 0.24340404040404043
10.610193252563477  seconds  2.4732452258771103 1.343763581051717 1.3342222222222222
10.55533242225647  seconds  2.4732452258771103 1.343763581051717 2.4250404040404043
9.860875606536865  seconds  2.4732452258771103 1.343763581051717 3.5158585858585862
9.564456939697266  seconds  2.4732452258771103 1.343763581051717 4.606676767676769
9.724103927612305  seconds  2.4732452258771103 1.343763581051717 5.69749494949495
9.231498718261719  seconds  2.4732452258771103 1.343763581051717 6.788313131313132
9.13807201385498  seconds  2.4732452258771103 1.343763581051717 7.879131313131314
8.561412811279297  seconds  2.4732452258771103 1.343763581051717 8.969949494949494
8.741024494171143  seconds  2.4732452258771103 1.343763581051717 10.060767676767677
9.016443490982056  seconds  2.4732452258771103 1.343763581051717 11.15158585858586
10.861992597579956  seconds  2.4732452258771103 1.343763581051717 0.36460606060606066
11.59614372253418  seconds  2.4732452258771103 1.343763581051717 1.4554242424242425
11.809225082397461  seconds  2.4732452258771103 1.343763581051717 2.546242424242424
11.722729206085205  seconds  2.4732452258771103 1.343763581051717 3.637060606060606
11.386702299118042  seconds  2.4732452258771103 1.343763581051717 4.7278787878787885
11.403341293334961  seconds  2.4732452258771103 1.343763581051717 5.818696969696971
11.146482944488525  seconds  2.4732452258771103 1.343763581051717 6.909515151515152
11.05976676940918  seconds  2.4732452258771103 1.343763581051717 8.000333333333334
10.836084604263306  seconds  2.4732452258771103 1.343763581051717 9.091151515151516
10.769622802734375  seconds  2.4732452258771103 1.343763581051717 10.181969696969697
10.719396829605103  seconds  2.4732452258771103 1.343763581051717 11.272787878787879
8.733351469039917  seconds  2.4732452258771103 1.343763581051717 0.48580808080808086
8.231635570526123  seconds  2.4732452258771103 1.343763581051717 1.5766262626262626
8.141456127166748  seconds  2.4732452258771103 1.343763581051717 3.7582626262626264
8.638883829116821  seconds  2.4732452258771103 1.343763581051717 2.6674444444444445
9.169335126876831  seconds  2.4732452258771103 1.343763581051717 4.849080808080809
10.264338254928589  seconds  2.4732452258771103 1.343763581051717 5.939898989898991
10.601247549057007  seconds  2.4732452258771103 1.343763581051717 7.030717171717173
10.619575023651123  seconds  2.4732452258771103 1.343763581051717 8.121535353535354
11.401582717895508  seconds  2.4732452258771103 1.343763581051717 9.212353535353536
11.666958808898926  seconds  2.4732452258771103 1.343763581051717 10.303171717171718
12.08142876625061  seconds  2.4732452258771103 1.343763581051717 11.393989898989899
11.55716848373413  seconds  2.4732452258771103 1.343763581051717 0.6070101010101011
11.410746335983276  seconds  2.4732452258771103 1.343763581051717 1.697828282828283
10.962253332138062  seconds  2.4732452258771103 1.343763581051717 3.8794646464646467
11.304765701293945  seconds  2.4732452258771103 1.343763581051717 2.788646464646465
10.588143348693848  seconds  2.4732452258771103 1.343763581051717 4.970282828282829
10.244075775146484  seconds  2.4732452258771103 1.343763581051717 6.061101010101011
10.137538433074951  seconds  2.4732452258771103 1.343763581051717 7.151919191919193
10.00285530090332  seconds  2.4732452258771103 1.343763581051717 8.242737373737373
9.257367372512817  seconds  2.4732452258771103 1.343763581051717 9.333555555555556
9.005502223968506  seconds  2.4732452258771103 1.343763581051717 10.424373737373738
8.6121244430542  seconds  2.4732452258771103 1.343763581051717 11.51519191919192
8.608814001083374  seconds  2.4732452258771103 1.343763581051717 0.7282121212121213
9.437753677368164  seconds  2.4732452258771103 1.343763581051717 1.819030303030303
10.565796375274658  seconds  2.4732452258771103 1.343763581051717 4.0006666666666675
11.25704026222229  seconds  2.4732452258771103 1.343763581051717 2.909848484848485
11.5766282081604  seconds  2.4732452258771103 1.343763581051717 5.091484848484849
12.193285942077637  seconds  2.4732452258771103 1.343763581051717 6.182303030303031
12.135111093521118  seconds  2.4732452258771103 1.343763581051717 7.273121212121213
12.148192644119263  seconds  2.4732452258771103 1.343763581051717 8.363939393939393
11.835509777069092  seconds  2.4732452258771103 1.343763581051717 9.454757575757576
11.689422130584717  seconds  2.4732452258771103 1.343763581051717 10.545575757575758
11.57141661643982  seconds  2.4732452258771103 1.343763581051717 11.63639393939394
10.994663953781128  seconds  2.4732452258771103 1.343763581051717 0.8494141414141415
10.377009153366089  seconds  2.4732452258771103 1.343763581051717 1.9402323232323233
9.693856239318848  seconds  2.4732452258771103 1.343763581051717 4.121868686868687
9.53550386428833  seconds  2.4732452258771103 1.343763581051717 3.0310505050505054
8.694230079650879  seconds  2.4732452258771103 1.343763581051717 5.21268686868687
8.601141691207886  seconds  2.4732452258771103 1.343763581051717 6.303505050505051
8.874205827713013  seconds  2.4732452258771103 1.343763581051717 7.3943232323232335
8.876415967941284  seconds  2.4732452258771103 1.343763581051717 8.485141414141415
9.373177528381348  seconds  2.4732452258771103 1.343763581051717 9.575959595959596
9.707045555114746  seconds  2.4732452258771103 1.343763581051717 10.666777777777778
10.286177396774292  seconds  2.4732452258771103 1.343763581051717 11.75759595959596
10.67345929145813  seconds  2.4732452258771103 1.343763581051717 0.9706161616161617
11.8227698802948  seconds  2.4732452258771103 1.343763581051717 2.0614343434343434
11.893654823303223  seconds  2.4732452258771103 1.343763581051717 4.243070707070708
11.63600492477417  seconds  2.4732452258771103 1.343763581051717 3.1522525252525253
11.40552020072937  seconds  2.4732452258771103 1.343763581051717 5.33388888888889
11.15094518661499  seconds  2.4732452258771103 1.343763581051717 6.424707070707072
11.006190299987793  seconds  2.4732452258771103 1.343763581051717 8.606343434343435
11.045522212982178  seconds  2.4732452258771103 1.343763581051717 7.515525252525253
10.507568120956421  seconds  2.4732452258771103 1.343763581051717 9.697161616161617
10.296199321746826  seconds  2.4732452258771103 1.343763581051717 10.787979797979798
9.772928237915039  seconds  2.4732452258771103 1.343763581051717 11.87879797979798
time for calc.... 101.74801301956177
Successfully created the directory dir_T_6.0_fit_SF_func_2021-11-09-22:48:44 
 plotting data from the run ...
saving data from the run ...
807.88user 258.68system 1:51.87elapsed 953%CPU (0avgtext+0avgdata 2981100maxresident)k
0inputs+544outputs (65major+9202660minor)pagefaults 0swaps
