reading lattice from... ./Lattices/sqKgridX6000.npy
reading lattice from... ./Lattices/sqKgridY6000.npy
starting sampling in reciprocal space....
 finished sampling in reciprocal space.... 0.09250068664550781
started calculating filling for chemical potential and dispersion parameters TB_single_band..
reading lattice from... ./Lattices/KgridX1200.npy
reading lattice from... ./Lattices/KgridY1200.npy
reading lattice from... ./Lattices/KgridX1200.npy
reading lattice from... ./Lattices/KgridY1200.npy
sum of the hist, normed? 1.0
finished calculating filling for chemical potential
Filling: 0.5005457254054085 .... chemical potential: 27.426155987022412
reading lattice from... ./Lattices/KgridX1200.npy
reading lattice from... ./Lattices/KgridY1200.npy
sum of the hist, normed? 0.9999999999999923
The fermi energy in mev is: 3043.586452905812, and in units of J: 294.35072078392767, the bandwidth is:494.39071566731144
reading lattice from... ./Lattices/KgridX6000.npy
reading lattice from... ./Lattices/KgridY6000.npy
reading lattice from... ./Lattices/sqKgridX6000.npy
reading lattice from... ./Lattices/sqKgridY6000.npy
energy at the point.. 2.607302062202848 -0.0069534984789219045  is  3.923355237134274e-06
200 the points 10 chunk numtheads
starting with calculation of Sigma
109.10567736625671  seconds  2.607302062202848 -0.0069534984789219045 0.0
97.64203953742981  seconds  2.607302062202848 -0.0069534984789219045 2.0
110.74910378456116  seconds  2.607302062202848 -0.0069534984789219045 1.0
114.43903732299805  seconds  2.607302062202848 -0.0069534984789219045 3.0
116.80979704856873  seconds  2.607302062202848 -0.0069534984789219045 4.0
116.33496403694153  seconds  2.607302062202848 -0.0069534984789219045 5.0
103.22037482261658  seconds  2.607302062202848 -0.0069534984789219045 7.0
117.05777096748352  seconds  2.607302062202848 -0.0069534984789219045 6.0
122.50751948356628  seconds  2.607302062202848 -0.0069534984789219045 8.0
102.85839462280273  seconds  2.607302062202848 -0.0069534984789219045 11.0
123.34477090835571  seconds  2.607302062202848 -0.0069534984789219045 9.0
125.75836753845215  seconds  2.607302062202848 -0.0069534984789219045 10.0
103.00403594970703  seconds  2.607302062202848 -0.0069534984789219045 2.1
129.57024312019348  seconds  2.607302062202848 -0.0069534984789219045 12.0
127.8343141078949  seconds  2.607302062202848 -0.0069534984789219045 13.0
128.53960800170898  seconds  2.607302062202848 -0.0069534984789219045 0.1
129.5043671131134  seconds  2.607302062202848 -0.0069534984789219045 14.0
130.38420796394348  seconds  2.607302062202848 -0.0069534984789219045 1.1
133.57246208190918  seconds  2.607302062202848 -0.0069534984789219045 15.0
104.44995737075806  seconds  2.607302062202848 -0.0069534984789219045 7.1000000000000005
133.01508235931396  seconds  2.607302062202848 -0.0069534984789219045 3.1
138.88125205039978  seconds  2.607302062202848 -0.0069534984789219045 16.0
133.75440955162048  seconds  2.607302062202848 -0.0069534984789219045 17.0
135.97217059135437  seconds  2.607302062202848 -0.0069534984789219045 4.1000000000000005
134.59988975524902  seconds  2.607302062202848 -0.0069534984789219045 5.1000000000000005
137.13256859779358  seconds  2.607302062202848 -0.0069534984789219045 18.0
134.0395209789276  seconds  2.607302062202848 -0.0069534984789219045 6.1000000000000005
105.36988186836243  seconds  2.607302062202848 -0.0069534984789219045 11.100000000000001
136.89326643943787  seconds  2.607302062202848 -0.0069534984789219045 19.0
105.24006509780884  seconds  2.607302062202848 -0.0069534984789219045 2.2
140.1680884361267  seconds  2.607302062202848 -0.0069534984789219045 8.1
132.31302046775818  seconds  2.607302062202848 -0.0069534984789219045 9.1
136.51775860786438  seconds  2.607302062202848 -0.0069534984789219045 10.100000000000001
132.50314855575562  seconds  2.607302062202848 -0.0069534984789219045 12.100000000000001
103.31685900688171  seconds  2.607302062202848 -0.0069534984789219045 7.2
134.08136510849  seconds  2.607302062202848 -0.0069534984789219045 13.100000000000001
134.6860635280609  seconds  2.607302062202848 -0.0069534984789219045 0.2
135.47888350486755  seconds  2.607302062202848 -0.0069534984789219045 1.2000000000000002
138.06773257255554  seconds  2.607302062202848 -0.0069534984789219045 14.100000000000001
130.72189354896545  seconds  2.607302062202848 -0.0069534984789219045 15.100000000000001
128.87197756767273  seconds  2.607302062202848 -0.0069534984789219045 16.1
133.04104661941528  seconds  2.607302062202848 -0.0069534984789219045 3.2
104.28812408447266  seconds  2.607302062202848 -0.0069534984789219045 11.200000000000001
135.34265542030334  seconds  2.607302062202848 -0.0069534984789219045 17.1
135.22891855239868  seconds  2.607302062202848 -0.0069534984789219045 4.2
104.50733399391174  seconds  2.607302062202848 -0.0069534984789219045 2.3000000000000003
136.76432752609253  seconds  2.607302062202848 -0.0069534984789219045 5.2
135.36903047561646  seconds  2.607302062202848 -0.0069534984789219045 18.1
132.61733627319336  seconds  2.607302062202848 -0.0069534984789219045 6.2
136.27854347229004  seconds  2.607302062202848 -0.0069534984789219045 19.1
135.71260499954224  seconds  2.607302062202848 -0.0069534984789219045 8.200000000000001
138.24884462356567  seconds  2.607302062202848 -0.0069534984789219045 9.200000000000001
104.25132513046265  seconds  2.607302062202848 -0.0069534984789219045 7.300000000000001
130.63085651397705  seconds  2.607302062202848 -0.0069534984789219045 10.200000000000001
138.43551898002625  seconds  2.607302062202848 -0.0069534984789219045 12.200000000000001
139.38923621177673  seconds  2.607302062202848 -0.0069534984789219045 13.200000000000001
106.07846546173096  seconds  2.607302062202848 -0.0069534984789219045 11.3
141.89515948295593  seconds  2.607302062202848 -0.0069534984789219045 0.30000000000000004
133.90057754516602  seconds  2.607302062202848 -0.0069534984789219045 1.3
133.945241689682  seconds  2.607302062202848 -0.0069534984789219045 14.200000000000001
138.6206250190735  seconds  2.607302062202848 -0.0069534984789219045 15.200000000000001
105.39216375350952  seconds  2.607302062202848 -0.0069534984789219045 2.4000000000000004
135.74761581420898  seconds  2.607302062202848 -0.0069534984789219045 16.2
139.21575331687927  seconds  2.607302062202848 -0.0069534984789219045 3.3000000000000003
134.6362488269806  seconds  2.607302062202848 -0.0069534984789219045 17.2
132.7341113090515  seconds  2.607302062202848 -0.0069534984789219045 4.3
131.29640316963196  seconds  2.607302062202848 -0.0069534984789219045 5.300000000000001
131.5005259513855  seconds  2.607302062202848 -0.0069534984789219045 6.300000000000001
138.92532229423523  seconds  2.607302062202848 -0.0069534984789219045 18.2
132.8067033290863  seconds  2.607302062202848 -0.0069534984789219045 19.200000000000003
104.94973111152649  seconds  2.607302062202848 -0.0069534984789219045 7.4
137.70474672317505  seconds  2.607302062202848 -0.0069534984789219045 8.3
136.62708497047424  seconds  2.607302062202848 -0.0069534984789219045 9.3
135.596985578537  seconds  2.607302062202848 -0.0069534984789219045 10.3
105.52500557899475  seconds  2.607302062202848 -0.0069534984789219045 11.4
131.46332216262817  seconds  2.607302062202848 -0.0069534984789219045 12.3
104.77994060516357  seconds  2.607302062202848 -0.0069534984789219045 2.5
131.58880352973938  seconds  2.607302062202848 -0.0069534984789219045 13.3
132.75658297538757  seconds  2.607302062202848 -0.0069534984789219045 0.4
131.46018648147583  seconds  2.607302062202848 -0.0069534984789219045 14.3
136.26256346702576  seconds  2.607302062202848 -0.0069534984789219045 1.4000000000000001
138.4291877746582  seconds  2.607302062202848 -0.0069534984789219045 15.3
139.13729333877563  seconds  2.607302062202848 -0.0069534984789219045 16.3
137.7042956352234  seconds  2.607302062202848 -0.0069534984789219045 3.4000000000000004
103.81471347808838  seconds  2.607302062202848 -0.0069534984789219045 7.5
132.68280386924744  seconds  2.607302062202848 -0.0069534984789219045 4.4
134.66928720474243  seconds  2.607302062202848 -0.0069534984789219045 17.3
131.3612608909607  seconds  2.607302062202848 -0.0069534984789219045 5.4
132.18268084526062  seconds  2.607302062202848 -0.0069534984789219045 6.4
133.40902400016785  seconds  2.607302062202848 -0.0069534984789219045 19.3
138.63885378837585  seconds  2.607302062202848 -0.0069534984789219045 18.3
102.50280547142029  seconds  2.607302062202848 -0.0069534984789219045 11.5
136.81724381446838  seconds  2.607302062202848 -0.0069534984789219045 9.4
132.23669457435608  seconds  2.607302062202848 -0.0069534984789219045 10.4
106.11108708381653  seconds  2.607302062202848 -0.0069534984789219045 2.6
141.94779467582703  seconds  2.607302062202848 -0.0069534984789219045 8.4
134.74003410339355  seconds  2.607302062202848 -0.0069534984789219045 12.4
131.92224550247192  seconds  2.607302062202848 -0.0069534984789219045 13.4
134.3864233493805  seconds  2.607302062202848 -0.0069534984789219045 0.5
130.4005434513092  seconds  2.607302062202848 -0.0069534984789219045 14.4
131.81101202964783  seconds  2.607302062202848 -0.0069534984789219045 1.5
104.7251341342926  seconds  2.607302062202848 -0.0069534984789219045 7.6000000000000005
132.26002955436707  seconds  2.607302062202848 -0.0069534984789219045 15.4
131.84413027763367  seconds  2.607302062202848 -0.0069534984789219045 16.400000000000002
131.2333312034607  seconds  2.607302062202848 -0.0069534984789219045 17.400000000000002
136.12611055374146  seconds  2.607302062202848 -0.0069534984789219045 3.5
134.47351145744324  seconds  2.607302062202848 -0.0069534984789219045 4.5
133.3057644367218  seconds  2.607302062202848 -0.0069534984789219045 5.5
105.07888984680176  seconds  2.607302062202848 -0.0069534984789219045 11.600000000000001
130.87413215637207  seconds  2.607302062202848 -0.0069534984789219045 6.5
134.09480500221252  seconds  2.607302062202848 -0.0069534984789219045 19.400000000000002
133.40509223937988  seconds  2.607302062202848 -0.0069534984789219045 18.400000000000002
103.56224274635315  seconds  2.607302062202848 -0.0069534984789219045 2.7
131.81878018379211  seconds  2.607302062202848 -0.0069534984789219045 8.5
134.4225389957428  seconds  2.607302062202848 -0.0069534984789219045 9.5
137.67339253425598  seconds  2.607302062202848 -0.0069534984789219045 10.5
102.47982096672058  seconds  2.607302062202848 -0.0069534984789219045 7.7
133.77484273910522  seconds  2.607302062202848 -0.0069534984789219045 12.5
133.32932305335999  seconds  2.607302062202848 -0.0069534984789219045 13.5
131.3465931415558  seconds  2.607302062202848 -0.0069534984789219045 0.6000000000000001
133.18432235717773  seconds  2.607302062202848 -0.0069534984789219045 1.6
138.9674994945526  seconds  2.607302062202848 -0.0069534984789219045 14.5
103.79542660713196  seconds  2.607302062202848 -0.0069534984789219045 11.700000000000001
131.54656410217285  seconds  2.607302062202848 -0.0069534984789219045 15.5
130.29094171524048  seconds  2.607302062202848 -0.0069534984789219045 16.5
130.61956095695496  seconds  2.607302062202848 -0.0069534984789219045 17.5
132.20874500274658  seconds  2.607302062202848 -0.0069534984789219045 3.6
130.53736424446106  seconds  2.607302062202848 -0.0069534984789219045 4.6000000000000005
103.90454769134521  seconds  2.607302062202848 -0.0069534984789219045 2.8000000000000003
131.87589025497437  seconds  2.607302062202848 -0.0069534984789219045 5.6000000000000005
135.09080958366394  seconds  2.607302062202848 -0.0069534984789219045 6.6000000000000005
132.86220407485962  seconds  2.607302062202848 -0.0069534984789219045 18.5
134.57625484466553  seconds  2.607302062202848 -0.0069534984789219045 19.5
103.35426259040833  seconds  2.607302062202848 -0.0069534984789219045 7.800000000000001
131.88168001174927  seconds  2.607302062202848 -0.0069534984789219045 9.600000000000001
135.76424288749695  seconds  2.607302062202848 -0.0069534984789219045 8.6
137.551118850708  seconds  2.607302062202848 -0.0069534984789219045 10.600000000000001
128.59743285179138  seconds  2.607302062202848 -0.0069534984789219045 12.600000000000001
106.70531249046326  seconds  2.607302062202848 -0.0069534984789219045 11.8
132.98783683776855  seconds  2.607302062202848 -0.0069534984789219045 13.600000000000001
133.899640083313  seconds  2.607302062202848 -0.0069534984789219045 0.7000000000000001
130.25398063659668  seconds  2.607302062202848 -0.0069534984789219045 1.7000000000000002
132.69326615333557  seconds  2.607302062202848 -0.0069534984789219045 14.600000000000001
107.09989476203918  seconds  2.607302062202848 -0.0069534984789219045 2.9000000000000004
132.97971868515015  seconds  2.607302062202848 -0.0069534984789219045 15.600000000000001
137.30178833007812  seconds  2.607302062202848 -0.0069534984789219045 16.6
132.38776350021362  seconds  2.607302062202848 -0.0069534984789219045 17.6
133.50112104415894  seconds  2.607302062202848 -0.0069534984789219045 3.7
133.56442880630493  seconds  2.607302062202848 -0.0069534984789219045 4.7
131.2226951122284  seconds  2.607302062202848 -0.0069534984789219045 5.7
102.2005832195282  seconds  2.607302062202848 -0.0069534984789219045 7.9
133.62104392051697  seconds  2.607302062202848 -0.0069534984789219045 6.7
132.63552975654602  seconds  2.607302062202848 -0.0069534984789219045 18.6
133.89687371253967  seconds  2.607302062202848 -0.0069534984789219045 19.6
98.88721537590027  seconds  2.607302062202848 -0.0069534984789219045 11.9
131.46977543830872  seconds  2.607302062202848 -0.0069534984789219045 9.700000000000001
138.03511691093445  seconds  2.607302062202848 -0.0069534984789219045 8.700000000000001
137.38402223587036  seconds  2.607302062202848 -0.0069534984789219045 10.700000000000001
130.64851832389832  seconds  2.607302062202848 -0.0069534984789219045 12.700000000000001
128.82195591926575  seconds  2.607302062202848 -0.0069534984789219045 13.700000000000001
134.00858902931213  seconds  2.607302062202848 -0.0069534984789219045 0.8
130.95464324951172  seconds  2.607302062202848 -0.0069534984789219045 1.8
131.4761836528778  seconds  2.607302062202848 -0.0069534984789219045 14.700000000000001
129.7113983631134  seconds  2.607302062202848 -0.0069534984789219045 15.700000000000001
132.6181046962738  seconds  2.607302062202848 -0.0069534984789219045 16.7
132.44829082489014  seconds  2.607302062202848 -0.0069534984789219045 17.7
133.15606379508972  seconds  2.607302062202848 -0.0069534984789219045 3.8000000000000003
134.15047121047974  seconds  2.607302062202848 -0.0069534984789219045 4.800000000000001
134.0660469532013  seconds  2.607302062202848 -0.0069534984789219045 5.800000000000001
131.25054383277893  seconds  2.607302062202848 -0.0069534984789219045 6.800000000000001
129.54683566093445  seconds  2.607302062202848 -0.0069534984789219045 18.7
131.70367193222046  seconds  2.607302062202848 -0.0069534984789219045 19.700000000000003
129.69804787635803  seconds  2.607302062202848 -0.0069534984789219045 9.8
137.44977116584778  seconds  2.607302062202848 -0.0069534984789219045 8.8
132.16939544677734  seconds  2.607302062202848 -0.0069534984789219045 10.8
135.2546169757843  seconds  2.607302062202848 -0.0069534984789219045 12.8
130.0277600288391  seconds  2.607302062202848 -0.0069534984789219045 13.8
132.0120198726654  seconds  2.607302062202848 -0.0069534984789219045 1.9000000000000001
134.23155856132507  seconds  2.607302062202848 -0.0069534984789219045 0.9
130.64031887054443  seconds  2.607302062202848 -0.0069534984789219045 14.8
129.64260745048523  seconds  2.607302062202848 -0.0069534984789219045 15.8
128.8966224193573  seconds  2.607302062202848 -0.0069534984789219045 16.8
129.69964718818665  seconds  2.607302062202848 -0.0069534984789219045 17.8
132.3694348335266  seconds  2.607302062202848 -0.0069534984789219045 3.9000000000000004
131.6620864868164  seconds  2.607302062202848 -0.0069534984789219045 4.9
131.32205367088318  seconds  2.607302062202848 -0.0069534984789219045 5.9
130.63556790351868  seconds  2.607302062202848 -0.0069534984789219045 6.9
129.81932091712952  seconds  2.607302062202848 -0.0069534984789219045 18.8
127.93455100059509  seconds  2.607302062202848 -0.0069534984789219045 19.8
124.98341298103333  seconds  2.607302062202848 -0.0069534984789219045 9.9
122.87682366371155  seconds  2.607302062202848 -0.0069534984789219045 10.9
124.22643232345581  seconds  2.607302062202848 -0.0069534984789219045 8.9
121.6172845363617  seconds  2.607302062202848 -0.0069534984789219045 12.9
119.82030010223389  seconds  2.607302062202848 -0.0069534984789219045 13.9
115.82028865814209  seconds  2.607302062202848 -0.0069534984789219045 14.9
114.99151349067688  seconds  2.607302062202848 -0.0069534984789219045 15.9
112.41652846336365  seconds  2.607302062202848 -0.0069534984789219045 16.900000000000002
111.925297498703  seconds  2.607302062202848 -0.0069534984789219045 17.900000000000002
105.64810419082642  seconds  2.607302062202848 -0.0069534984789219045 18.900000000000002
106.84391570091248  seconds  2.607302062202848 -0.0069534984789219045 19.900000000000002
time for calc.... 1485.4543008804321
energy at the point.. 2.6065504737387184 0.2694480660582359  is  2.9915582295814147e-06
200 the points 10 chunk numtheads
starting with calculation of Sigma
105.94853281974792  seconds  2.6065504737387184 0.2694480660582359 0.0
109.98410272598267  seconds  2.6065504737387184 0.2694480660582359 1.0
112.62206792831421  seconds  2.6065504737387184 0.2694480660582359 2.0
111.72164702415466  seconds  2.6065504737387184 0.2694480660582359 3.0
115.73437571525574  seconds  2.6065504737387184 0.2694480660582359 4.0
117.41438293457031  seconds  2.6065504737387184 0.2694480660582359 5.0
102.10502505302429  seconds  2.6065504737387184 0.2694480660582359 7.0
118.17676138877869  seconds  2.6065504737387184 0.2694480660582359 6.0
109.19281816482544  seconds  2.6065504737387184 0.2694480660582359 9.0
127.50854301452637  seconds  2.6065504737387184 0.2694480660582359 8.0
107.76235151290894  seconds  2.6065504737387184 0.2694480660582359 11.0
128.15089344978333  seconds  2.6065504737387184 0.2694480660582359 10.0
111.85226392745972  seconds  2.6065504737387184 0.2694480660582359 13.0
131.87405824661255  seconds  2.6065504737387184 0.2694480660582359 12.0
133.69909954071045  seconds  2.6065504737387184 0.2694480660582359 0.1
107.3196189403534  seconds  2.6065504737387184 0.2694480660582359 17.0
137.4796006679535  seconds  2.6065504737387184 0.2694480660582359 1.1
144.74514198303223  seconds  2.6065504737387184 0.2694480660582359 14.0
105.1771035194397  seconds  2.6065504737387184 0.2694480660582359 7.1000000000000005
140.7481129169464  seconds  2.6065504737387184 0.2694480660582359 15.0
106.82612729072571  seconds  2.6065504737387184 0.2694480660582359 19.0
141.5624930858612  seconds  2.6065504737387184 0.2694480660582359 2.1
139.31090140342712  seconds  2.6065504737387184 0.2694480660582359 16.0
138.49034309387207  seconds  2.6065504737387184 0.2694480660582359 3.1
141.97721314430237  seconds  2.6065504737387184 0.2694480660582359 4.1000000000000005
112.30989933013916  seconds  2.6065504737387184 0.2694480660582359 9.1
137.6017348766327  seconds  2.6065504737387184 0.2694480660582359 5.1000000000000005
144.24111795425415  seconds  2.6065504737387184 0.2694480660582359 18.0
107.76687717437744  seconds  2.6065504737387184 0.2694480660582359 11.100000000000001
139.17453908920288  seconds  2.6065504737387184 0.2694480660582359 6.1000000000000005
137.69463300704956  seconds  2.6065504737387184 0.2694480660582359 8.1
111.23835730552673  seconds  2.6065504737387184 0.2694480660582359 13.100000000000001
136.14426827430725  seconds  2.6065504737387184 0.2694480660582359 10.100000000000001
109.88964748382568  seconds  2.6065504737387184 0.2694480660582359 17.1
139.21989393234253  seconds  2.6065504737387184 0.2694480660582359 12.100000000000001
107.29220414161682  seconds  2.6065504737387184 0.2694480660582359 7.2
134.4116485118866  seconds  2.6065504737387184 0.2694480660582359 0.2
107.4312379360199  seconds  2.6065504737387184 0.2694480660582359 19.1
120.93466448783875  seconds  2.6065504737387184 0.2694480660582359 15.100000000000001
138.81717777252197  seconds  2.6065504737387184 0.2694480660582359 1.2000000000000002
137.20290637016296  seconds  2.6065504737387184 0.2694480660582359 14.100000000000001
107.20927143096924  seconds  2.6065504737387184 0.2694480660582359 9.200000000000001
130.51902985572815  seconds  2.6065504737387184 0.2694480660582359 2.2
134.69590401649475  seconds  2.6065504737387184 0.2694480660582359 3.2
140.62479662895203  seconds  2.6065504737387184 0.2694480660582359 16.1
108.60198283195496  seconds  2.6065504737387184 0.2694480660582359 11.200000000000001
138.39563989639282  seconds  2.6065504737387184 0.2694480660582359 4.2
136.40940499305725  seconds  2.6065504737387184 0.2694480660582359 5.2
139.7842676639557  seconds  2.6065504737387184 0.2694480660582359 18.1
108.42933964729309  seconds  2.6065504737387184 0.2694480660582359 13.200000000000001
135.03132462501526  seconds  2.6065504737387184 0.2694480660582359 6.2
135.54402422904968  seconds  2.6065504737387184 0.2694480660582359 8.200000000000001
113.20746040344238  seconds  2.6065504737387184 0.2694480660582359 17.2
134.66870856285095  seconds  2.6065504737387184 0.2694480660582359 10.200000000000001
109.7851984500885  seconds  2.6065504737387184 0.2694480660582359 7.300000000000001
107.42695879936218  seconds  2.6065504737387184 0.2694480660582359 19.200000000000003
111.6833426952362  seconds  2.6065504737387184 0.2694480660582359 15.200000000000001
134.81407356262207  seconds  2.6065504737387184 0.2694480660582359 12.200000000000001
108.28312158584595  seconds  2.6065504737387184 0.2694480660582359 9.3
134.17793822288513  seconds  2.6065504737387184 0.2694480660582359 0.30000000000000004
108.54577827453613  seconds  2.6065504737387184 0.2694480660582359 11.3
135.04493618011475  seconds  2.6065504737387184 0.2694480660582359 14.200000000000001
137.38120126724243  seconds  2.6065504737387184 0.2694480660582359 1.3
136.24867963790894  seconds  2.6065504737387184 0.2694480660582359 2.3000000000000003
134.9188826084137  seconds  2.6065504737387184 0.2694480660582359 3.3000000000000003
109.33316612243652  seconds  2.6065504737387184 0.2694480660582359 13.3
135.38698291778564  seconds  2.6065504737387184 0.2694480660582359 16.2
139.13183283805847  seconds  2.6065504737387184 0.2694480660582359 4.3
141.25751662254333  seconds  2.6065504737387184 0.2694480660582359 5.300000000000001
138.70144057273865  seconds  2.6065504737387184 0.2694480660582359 18.2
137.50530576705933  seconds  2.6065504737387184 0.2694480660582359 6.300000000000001
109.02872848510742  seconds  2.6065504737387184 0.2694480660582359 17.3
110.6846182346344  seconds  2.6065504737387184 0.2694480660582359 7.4
108.70554041862488  seconds  2.6065504737387184 0.2694480660582359 19.3
137.42998385429382  seconds  2.6065504737387184 0.2694480660582359 8.3
108.22171688079834  seconds  2.6065504737387184 0.2694480660582359 15.3
136.6112253665924  seconds  2.6065504737387184 0.2694480660582359 10.3
108.88404035568237  seconds  2.6065504737387184 0.2694480660582359 9.4
109.46303796768188  seconds  2.6065504737387184 0.2694480660582359 11.4
135.0372235774994  seconds  2.6065504737387184 0.2694480660582359 12.3
136.53027892112732  seconds  2.6065504737387184 0.2694480660582359 0.4
110.05618381500244  seconds  2.6065504737387184 0.2694480660582359 13.4
135.90322995185852  seconds  2.6065504737387184 0.2694480660582359 1.4000000000000001
141.14124274253845  seconds  2.6065504737387184 0.2694480660582359 14.3
134.5064353942871  seconds  2.6065504737387184 0.2694480660582359 2.4000000000000004
137.81748580932617  seconds  2.6065504737387184 0.2694480660582359 3.4000000000000004
142.855393409729  seconds  2.6065504737387184 0.2694480660582359 16.3
108.95214200019836  seconds  2.6065504737387184 0.2694480660582359 17.400000000000002
110.1884377002716  seconds  2.6065504737387184 0.2694480660582359 19.400000000000002
111.30257177352905  seconds  2.6065504737387184 0.2694480660582359 7.5
135.0199294090271  seconds  2.6065504737387184 0.2694480660582359 4.4
133.57327103614807  seconds  2.6065504737387184 0.2694480660582359 6.4
139.6551251411438  seconds  2.6065504737387184 0.2694480660582359 5.4
139.12993478775024  seconds  2.6065504737387184 0.2694480660582359 18.3
109.97812986373901  seconds  2.6065504737387184 0.2694480660582359 15.4
109.0548324584961  seconds  2.6065504737387184 0.2694480660582359 9.5
131.41774940490723  seconds  2.6065504737387184 0.2694480660582359 8.4
109.6354353427887  seconds  2.6065504737387184 0.2694480660582359 11.5
136.5485315322876  seconds  2.6065504737387184 0.2694480660582359 10.4
110.29680347442627  seconds  2.6065504737387184 0.2694480660582359 13.5
130.72754645347595  seconds  2.6065504737387184 0.2694480660582359 0.5
138.99006295204163  seconds  2.6065504737387184 0.2694480660582359 12.4
115.88792824745178  seconds  2.6065504737387184 0.2694480660582359 14.4
110.06604623794556  seconds  2.6065504737387184 0.2694480660582359 17.5
131.3291563987732  seconds  2.6065504737387184 0.2694480660582359 2.5
136.56989765167236  seconds  2.6065504737387184 0.2694480660582359 1.5
111.1017849445343  seconds  2.6065504737387184 0.2694480660582359 19.5
130.95563650131226  seconds  2.6065504737387184 0.2694480660582359 3.5
111.76215815544128  seconds  2.6065504737387184 0.2694480660582359 7.6000000000000005
128.76513814926147  seconds  2.6065504737387184 0.2694480660582359 16.400000000000002
110.18949866294861  seconds  2.6065504737387184 0.2694480660582359 15.5
129.56199979782104  seconds  2.6065504737387184 0.2694480660582359 4.5
109.22186875343323  seconds  2.6065504737387184 0.2694480660582359 9.600000000000001
129.06513285636902  seconds  2.6065504737387184 0.2694480660582359 18.400000000000002
133.1853268146515  seconds  2.6065504737387184 0.2694480660582359 5.5
136.3368740081787  seconds  2.6065504737387184 0.2694480660582359 6.5
110.18211245536804  seconds  2.6065504737387184 0.2694480660582359 11.600000000000001
135.38363599777222  seconds  2.6065504737387184 0.2694480660582359 8.5
110.42473411560059  seconds  2.6065504737387184 0.2694480660582359 13.600000000000001
128.9380292892456  seconds  2.6065504737387184 0.2694480660582359 10.5
111.06019401550293  seconds  2.6065504737387184 0.2694480660582359 14.5
130.20684933662415  seconds  2.6065504737387184 0.2694480660582359 12.5
134.04472041130066  seconds  2.6065504737387184 0.2694480660582359 0.6000000000000001
112.20357513427734  seconds  2.6065504737387184 0.2694480660582359 17.6
110.72200965881348  seconds  2.6065504737387184 0.2694480660582359 19.6
111.17494463920593  seconds  2.6065504737387184 0.2694480660582359 7.7
133.72971296310425  seconds  2.6065504737387184 0.2694480660582359 2.6
113.55963158607483  seconds  2.6065504737387184 0.2694480660582359 15.600000000000001
136.13438773155212  seconds  2.6065504737387184 0.2694480660582359 1.6
109.33173084259033  seconds  2.6065504737387184 0.2694480660582359 9.700000000000001
131.60732865333557  seconds  2.6065504737387184 0.2694480660582359 3.6
135.59177994728088  seconds  2.6065504737387184 0.2694480660582359 16.5
110.1286518573761  seconds  2.6065504737387184 0.2694480660582359 11.700000000000001
133.1385052204132  seconds  2.6065504737387184 0.2694480660582359 4.6000000000000005
126.6766357421875  seconds  2.6065504737387184 0.2694480660582359 5.6000000000000005
134.55401945114136  seconds  2.6065504737387184 0.2694480660582359 18.5
135.69125890731812  seconds  2.6065504737387184 0.2694480660582359 6.6000000000000005
111.3683693408966  seconds  2.6065504737387184 0.2694480660582359 13.700000000000001
133.18998908996582  seconds  2.6065504737387184 0.2694480660582359 8.6
111.16279006004333  seconds  2.6065504737387184 0.2694480660582359 14.600000000000001
129.2858943939209  seconds  2.6065504737387184 0.2694480660582359 10.600000000000001
112.73763084411621  seconds  2.6065504737387184 0.2694480660582359 17.7
111.48803114891052  seconds  2.6065504737387184 0.2694480660582359 19.700000000000003
129.50213837623596  seconds  2.6065504737387184 0.2694480660582359 12.600000000000001
112.36852407455444  seconds  2.6065504737387184 0.2694480660582359 7.800000000000001
132.12418723106384  seconds  2.6065504737387184 0.2694480660582359 0.7000000000000001
111.42551779747009  seconds  2.6065504737387184 0.2694480660582359 15.700000000000001
111.5747058391571  seconds  2.6065504737387184 0.2694480660582359 9.8
127.20278191566467  seconds  2.6065504737387184 0.2694480660582359 2.7
126.29232692718506  seconds  2.6065504737387184 0.2694480660582359 3.7
130.2142915725708  seconds  2.6065504737387184 0.2694480660582359 1.7000000000000002
112.86914324760437  seconds  2.6065504737387184 0.2694480660582359 11.8
127.2024552822113  seconds  2.6065504737387184 0.2694480660582359 16.6
127.84471702575684  seconds  2.6065504737387184 0.2694480660582359 4.7
113.43650150299072  seconds  2.6065504737387184 0.2694480660582359 13.8
130.43521904945374  seconds  2.6065504737387184 0.2694480660582359 5.7
124.83261632919312  seconds  2.6065504737387184 0.2694480660582359 6.7
130.94288396835327  seconds  2.6065504737387184 0.2694480660582359 18.6
112.9046983718872  seconds  2.6065504737387184 0.2694480660582359 14.700000000000001
128.86748361587524  seconds  2.6065504737387184 0.2694480660582359 8.700000000000001
113.70929789543152  seconds  2.6065504737387184 0.2694480660582359 17.8
132.9001865386963  seconds  2.6065504737387184 0.2694480660582359 10.700000000000001
112.6527452468872  seconds  2.6065504737387184 0.2694480660582359 19.8
112.50182151794434  seconds  2.6065504737387184 0.2694480660582359 7.9
111.08394312858582  seconds  2.6065504737387184 0.2694480660582359 15.8
110.67742896080017  seconds  2.6065504737387184 0.2694480660582359 9.9
131.32328081130981  seconds  2.6065504737387184 0.2694480660582359 12.700000000000001
125.75087547302246  seconds  2.6065504737387184 0.2694480660582359 0.8
111.99794793128967  seconds  2.6065504737387184 0.2694480660582359 3.8000000000000003
112.2796196937561  seconds  2.6065504737387184 0.2694480660582359 11.9
125.998948097229  seconds  2.6065504737387184 0.2694480660582359 2.8000000000000003
127.9081289768219  seconds  2.6065504737387184 0.2694480660582359 1.8
125.22623062133789  seconds  2.6065504737387184 0.2694480660582359 16.7
110.64960289001465  seconds  2.6065504737387184 0.2694480660582359 13.9
128.25939893722534  seconds  2.6065504737387184 0.2694480660582359 4.800000000000001
120.56138324737549  seconds  2.6065504737387184 0.2694480660582359 6.800000000000001
129.31583762168884  seconds  2.6065504737387184 0.2694480660582359 5.800000000000001
111.35922503471375  seconds  2.6065504737387184 0.2694480660582359 14.8
126.43501877784729  seconds  2.6065504737387184 0.2694480660582359 18.7
108.10409188270569  seconds  2.6065504737387184 0.2694480660582359 17.900000000000002
121.20474410057068  seconds  2.6065504737387184 0.2694480660582359 8.8
109.91130137443542  seconds  2.6065504737387184 0.2694480660582359 19.900000000000002
121.48896956443787  seconds  2.6065504737387184 0.2694480660582359 10.8
104.82012176513672  seconds  2.6065504737387184 0.2694480660582359 15.9
115.41737961769104  seconds  2.6065504737387184 0.2694480660582359 12.8
103.09526753425598  seconds  2.6065504737387184 0.2694480660582359 3.9000000000000004
118.67517685890198  seconds  2.6065504737387184 0.2694480660582359 0.9
117.79052257537842  seconds  2.6065504737387184 0.2694480660582359 2.9000000000000004
116.72411847114563  seconds  2.6065504737387184 0.2694480660582359 1.9000000000000001
116.3963611125946  seconds  2.6065504737387184 0.2694480660582359 16.8
97.99834704399109  seconds  2.6065504737387184 0.2694480660582359 14.9
113.30123591423035  seconds  2.6065504737387184 0.2694480660582359 4.9
113.7629497051239  seconds  2.6065504737387184 0.2694480660582359 6.9
114.70740056037903  seconds  2.6065504737387184 0.2694480660582359 5.9
113.79949522018433  seconds  2.6065504737387184 0.2694480660582359 18.8
109.96478748321533  seconds  2.6065504737387184 0.2694480660582359 8.9
110.0705816745758  seconds  2.6065504737387184 0.2694480660582359 10.9
108.10227012634277  seconds  2.6065504737387184 0.2694480660582359 12.9
103.09682083129883  seconds  2.6065504737387184 0.2694480660582359 16.900000000000002
99.5402204990387  seconds  2.6065504737387184 0.2694480660582359 18.900000000000002
time for calc.... 1459.3926739692688
energy at the point.. 2.602114031264387 0.5441112559756629  is  7.517785363120311e-06
200 the points 10 chunk numtheads
starting with calculation of Sigma
110.57462477684021  seconds  2.602114031264387 0.5441112559756629 0.0
99.05160403251648  seconds  2.602114031264387 0.5441112559756629 2.0
113.05205726623535  seconds  2.602114031264387 0.5441112559756629 1.0
113.1934335231781  seconds  2.602114031264387 0.5441112559756629 3.0
117.89511370658875  seconds  2.602114031264387 0.5441112559756629 4.0
120.56250977516174  seconds  2.602114031264387 0.5441112559756629 5.0
124.93593740463257  seconds  2.602114031264387 0.5441112559756629 6.0
130.4399631023407  seconds  2.602114031264387 0.5441112559756629 7.0
133.11501669883728  seconds  2.602114031264387 0.5441112559756629 8.0
106.47975397109985  seconds  2.602114031264387 0.5441112559756629 12.0
132.0494782924652  seconds  2.602114031264387 0.5441112559756629 9.0
101.13161039352417  seconds  2.602114031264387 0.5441112559756629 2.1
126.91065526008606  seconds  2.602114031264387 0.5441112559756629 11.0
139.08916807174683  seconds  2.602114031264387 0.5441112559756629 10.0
114.41313862800598  seconds  2.602114031264387 0.5441112559756629 14.0
145.78056645393372  seconds  2.602114031264387 0.5441112559756629 0.1
148.46382784843445  seconds  2.602114031264387 0.5441112559756629 13.0
143.33713150024414  seconds  2.602114031264387 0.5441112559756629 1.1
144.80232191085815  seconds  2.602114031264387 0.5441112559756629 15.0
141.5139548778534  seconds  2.602114031264387 0.5441112559756629 16.0
142.05949139595032  seconds  2.602114031264387 0.5441112559756629 3.1
146.21069049835205  seconds  2.602114031264387 0.5441112559756629 17.0
147.41943764686584  seconds  2.602114031264387 0.5441112559756629 4.1000000000000005
148.00907969474792  seconds  2.602114031264387 0.5441112559756629 18.0
143.42903971672058  seconds  2.602114031264387 0.5441112559756629 5.1000000000000005
145.8795292377472  seconds  2.602114031264387 0.5441112559756629 19.0
106.47957968711853  seconds  2.602114031264387 0.5441112559756629 12.100000000000001
140.33311915397644  seconds  2.602114031264387 0.5441112559756629 6.1000000000000005
113.37982153892517  seconds  2.602114031264387 0.5441112559756629 9.1
105.7888731956482  seconds  2.602114031264387 0.5441112559756629 2.2
106.7910487651825  seconds  2.602114031264387 0.5441112559756629 11.100000000000001
146.22991394996643  seconds  2.602114031264387 0.5441112559756629 7.1000000000000005
105.6068365573883  seconds  2.602114031264387 0.5441112559756629 14.100000000000001
142.3249442577362  seconds  2.602114031264387 0.5441112559756629 8.1
146.67649626731873  seconds  2.602114031264387 0.5441112559756629 10.100000000000001
132.23632216453552  seconds  2.602114031264387 0.5441112559756629 13.100000000000001
143.3612666130066  seconds  2.602114031264387 0.5441112559756629 0.2
142.58512949943542  seconds  2.602114031264387 0.5441112559756629 1.2000000000000002
137.74737119674683  seconds  2.602114031264387 0.5441112559756629 15.100000000000001
139.03039073944092  seconds  2.602114031264387 0.5441112559756629 16.1
139.0839729309082  seconds  2.602114031264387 0.5441112559756629 3.2
108.07158422470093  seconds  2.602114031264387 0.5441112559756629 12.200000000000001
106.24268651008606  seconds  2.602114031264387 0.5441112559756629 9.200000000000001
107.14340996742249  seconds  2.602114031264387 0.5441112559756629 2.3000000000000003
107.15226316452026  seconds  2.602114031264387 0.5441112559756629 11.200000000000001
142.09720945358276  seconds  2.602114031264387 0.5441112559756629 17.1
106.42230415344238  seconds  2.602114031264387 0.5441112559756629 14.200000000000001
144.67015290260315  seconds  2.602114031264387 0.5441112559756629 4.2
139.90706634521484  seconds  2.602114031264387 0.5441112559756629 5.2
141.47339487075806  seconds  2.602114031264387 0.5441112559756629 18.1
143.1064965724945  seconds  2.602114031264387 0.5441112559756629 19.1
140.98105263710022  seconds  2.602114031264387 0.5441112559756629 6.2
142.98440408706665  seconds  2.602114031264387 0.5441112559756629 7.2
136.36301517486572  seconds  2.602114031264387 0.5441112559756629 8.200000000000001
127.3564805984497  seconds  2.602114031264387 0.5441112559756629 10.200000000000001
111.09461569786072  seconds  2.602114031264387 0.5441112559756629 13.200000000000001
110.39804935455322  seconds  2.602114031264387 0.5441112559756629 12.3
131.89461541175842  seconds  2.602114031264387 0.5441112559756629 0.30000000000000004
126.58530163764954  seconds  2.602114031264387 0.5441112559756629 1.3
110.48033428192139  seconds  2.602114031264387 0.5441112559756629 9.3
111.20567989349365  seconds  2.602114031264387 0.5441112559756629 2.4000000000000004
111.35860967636108  seconds  2.602114031264387 0.5441112559756629 11.3
133.6033318042755  seconds  2.602114031264387 0.5441112559756629 15.200000000000001
127.92406392097473  seconds  2.602114031264387 0.5441112559756629 3.3000000000000003
130.48417925834656  seconds  2.602114031264387 0.5441112559756629 16.2
110.50854110717773  seconds  2.602114031264387 0.5441112559756629 14.3
130.98735356330872  seconds  2.602114031264387 0.5441112559756629 17.2
117.9763171672821  seconds  2.602114031264387 0.5441112559756629 6.300000000000001
127.95550680160522  seconds  2.602114031264387 0.5441112559756629 18.2
135.41921496391296  seconds  2.602114031264387 0.5441112559756629 4.3
134.49480748176575  seconds  2.602114031264387 0.5441112559756629 5.300000000000001
132.5417549610138  seconds  2.602114031264387 0.5441112559756629 19.200000000000003
125.65948438644409  seconds  2.602114031264387 0.5441112559756629 7.300000000000001
127.30334711074829  seconds  2.602114031264387 0.5441112559756629 8.3
118.38644528388977  seconds  2.602114031264387 0.5441112559756629 10.3
117.43765640258789  seconds  2.602114031264387 0.5441112559756629 13.3
112.41186261177063  seconds  2.602114031264387 0.5441112559756629 12.4
111.62645983695984  seconds  2.602114031264387 0.5441112559756629 9.4
113.40979671478271  seconds  2.602114031264387 0.5441112559756629 2.5
127.77921438217163  seconds  2.602114031264387 0.5441112559756629 0.4
116.03967785835266  seconds  2.602114031264387 0.5441112559756629 11.4
127.55282306671143  seconds  2.602114031264387 0.5441112559756629 1.4000000000000001
112.80559611320496  seconds  2.602114031264387 0.5441112559756629 14.4
132.05959129333496  seconds  2.602114031264387 0.5441112559756629 15.3
130.03140473365784  seconds  2.602114031264387 0.5441112559756629 3.4000000000000004
114.52501726150513  seconds  2.602114031264387 0.5441112559756629 17.3
132.50838088989258  seconds  2.602114031264387 0.5441112559756629 16.3
113.21028923988342  seconds  2.602114031264387 0.5441112559756629 6.4
124.2638099193573  seconds  2.602114031264387 0.5441112559756629 18.3
127.27144002914429  seconds  2.602114031264387 0.5441112559756629 4.4
131.43253707885742  seconds  2.602114031264387 0.5441112559756629 5.4
127.0117700099945  seconds  2.602114031264387 0.5441112559756629 19.3
114.87049841880798  seconds  2.602114031264387 0.5441112559756629 10.4
126.04185032844543  seconds  2.602114031264387 0.5441112559756629 7.4
112.99658846855164  seconds  2.602114031264387 0.5441112559756629 13.4
127.38216876983643  seconds  2.602114031264387 0.5441112559756629 8.4
112.77197456359863  seconds  2.602114031264387 0.5441112559756629 12.5
112.32160353660583  seconds  2.602114031264387 0.5441112559756629 9.5
114.68493819236755  seconds  2.602114031264387 0.5441112559756629 2.6
112.79245662689209  seconds  2.602114031264387 0.5441112559756629 11.5
111.5159707069397  seconds  2.602114031264387 0.5441112559756629 14.5
123.86155533790588  seconds  2.602114031264387 0.5441112559756629 1.5
126.38740038871765  seconds  2.602114031264387 0.5441112559756629 0.5
113.7641134262085  seconds  2.602114031264387 0.5441112559756629 17.400000000000002
112.20694947242737  seconds  2.602114031264387 0.5441112559756629 6.5
129.00956797599792  seconds  2.602114031264387 0.5441112559756629 16.400000000000002
132.66621232032776  seconds  2.602114031264387 0.5441112559756629 3.5
133.44907569885254  seconds  2.602114031264387 0.5441112559756629 15.4
125.35673832893372  seconds  2.602114031264387 0.5441112559756629 18.400000000000002
128.28345370292664  seconds  2.602114031264387 0.5441112559756629 4.5
125.62020874023438  seconds  2.602114031264387 0.5441112559756629 5.5
128.61772418022156  seconds  2.602114031264387 0.5441112559756629 19.400000000000002
112.99389362335205  seconds  2.602114031264387 0.5441112559756629 13.5
114.63610124588013  seconds  2.602114031264387 0.5441112559756629 10.5
125.21995139122009  seconds  2.602114031264387 0.5441112559756629 7.5
128.00027298927307  seconds  2.602114031264387 0.5441112559756629 8.5
115.08417415618896  seconds  2.602114031264387 0.5441112559756629 12.600000000000001
114.28068971633911  seconds  2.602114031264387 0.5441112559756629 9.600000000000001
114.58120918273926  seconds  2.602114031264387 0.5441112559756629 2.7
115.92406392097473  seconds  2.602114031264387 0.5441112559756629 11.600000000000001
115.432208776474  seconds  2.602114031264387 0.5441112559756629 14.600000000000001
120.27339291572571  seconds  2.602114031264387 0.5441112559756629 1.6
122.1943428516388  seconds  2.602114031264387 0.5441112559756629 0.6000000000000001
116.44587302207947  seconds  2.602114031264387 0.5441112559756629 17.5
116.53026056289673  seconds  2.602114031264387 0.5441112559756629 6.6000000000000005
125.0695264339447  seconds  2.602114031264387 0.5441112559756629 3.6
127.72035956382751  seconds  2.602114031264387 0.5441112559756629 16.5
128.56316614151  seconds  2.602114031264387 0.5441112559756629 15.5
125.35014820098877  seconds  2.602114031264387 0.5441112559756629 18.5
119.34770941734314  seconds  2.602114031264387 0.5441112559756629 5.6000000000000005
114.53773355484009  seconds  2.602114031264387 0.5441112559756629 13.600000000000001
115.53078174591064  seconds  2.602114031264387 0.5441112559756629 10.600000000000001
126.59690618515015  seconds  2.602114031264387 0.5441112559756629 4.6000000000000005
122.6020302772522  seconds  2.602114031264387 0.5441112559756629 19.5
118.87976169586182  seconds  2.602114031264387 0.5441112559756629 8.6
128.09176683425903  seconds  2.602114031264387 0.5441112559756629 7.6000000000000005
113.50887084007263  seconds  2.602114031264387 0.5441112559756629 12.700000000000001
114.67140436172485  seconds  2.602114031264387 0.5441112559756629 9.700000000000001
115.22123980522156  seconds  2.602114031264387 0.5441112559756629 2.8000000000000003
114.8358211517334  seconds  2.602114031264387 0.5441112559756629 11.700000000000001
113.91059494018555  seconds  2.602114031264387 0.5441112559756629 14.700000000000001
119.84466981887817  seconds  2.602114031264387 0.5441112559756629 1.7000000000000002
114.28136610984802  seconds  2.602114031264387 0.5441112559756629 6.7
120.17478656768799  seconds  2.602114031264387 0.5441112559756629 17.6
128.73273301124573  seconds  2.602114031264387 0.5441112559756629 0.7000000000000001
122.80472898483276  seconds  2.602114031264387 0.5441112559756629 3.7
121.48424077033997  seconds  2.602114031264387 0.5441112559756629 15.600000000000001
126.39702320098877  seconds  2.602114031264387 0.5441112559756629 16.6
123.20073246955872  seconds  2.602114031264387 0.5441112559756629 18.6
114.50671863555908  seconds  2.602114031264387 0.5441112559756629 10.700000000000001
117.04402947425842  seconds  2.602114031264387 0.5441112559756629 13.700000000000001
122.06634092330933  seconds  2.602114031264387 0.5441112559756629 5.7
124.25154447555542  seconds  2.602114031264387 0.5441112559756629 4.7
122.92172837257385  seconds  2.602114031264387 0.5441112559756629 19.6
116.53043913841248  seconds  2.602114031264387 0.5441112559756629 8.700000000000001
113.90492534637451  seconds  2.602114031264387 0.5441112559756629 9.8
119.05042910575867  seconds  2.602114031264387 0.5441112559756629 12.8
121.15129089355469  seconds  2.602114031264387 0.5441112559756629 7.7
114.05313277244568  seconds  2.602114031264387 0.5441112559756629 2.9000000000000004
113.24410009384155  seconds  2.602114031264387 0.5441112559756629 11.8
116.51649594306946  seconds  2.602114031264387 0.5441112559756629 14.8
114.87132859230042  seconds  2.602114031264387 0.5441112559756629 17.7
121.25230884552002  seconds  2.602114031264387 0.5441112559756629 1.8
119.14452743530273  seconds  2.602114031264387 0.5441112559756629 6.800000000000001
124.81216239929199  seconds  2.602114031264387 0.5441112559756629 0.8
121.62270641326904  seconds  2.602114031264387 0.5441112559756629 15.700000000000001
126.04710483551025  seconds  2.602114031264387 0.5441112559756629 3.8000000000000003
123.07731580734253  seconds  2.602114031264387 0.5441112559756629 16.7
115.31643199920654  seconds  2.602114031264387 0.5441112559756629 13.8
118.86360549926758  seconds  2.602114031264387 0.5441112559756629 18.7
120.58183574676514  seconds  2.602114031264387 0.5441112559756629 10.8
119.4631576538086  seconds  2.602114031264387 0.5441112559756629 5.800000000000001
117.58944845199585  seconds  2.602114031264387 0.5441112559756629 19.700000000000003
121.97928977012634  seconds  2.602114031264387 0.5441112559756629 4.800000000000001
113.36578798294067  seconds  2.602114031264387 0.5441112559756629 8.8
114.45850038528442  seconds  2.602114031264387 0.5441112559756629 9.9
115.19442629814148  seconds  2.602114031264387 0.5441112559756629 12.9
117.01044273376465  seconds  2.602114031264387 0.5441112559756629 7.800000000000001
113.80122566223145  seconds  2.602114031264387 0.5441112559756629 11.9
113.37670183181763  seconds  2.602114031264387 0.5441112559756629 14.9
112.05807590484619  seconds  2.602114031264387 0.5441112559756629 17.8
111.374338388443  seconds  2.602114031264387 0.5441112559756629 6.9
118.56973147392273  seconds  2.602114031264387 0.5441112559756629 1.9000000000000001
114.26193428039551  seconds  2.602114031264387 0.5441112559756629 0.9
106.61962080001831  seconds  2.602114031264387 0.5441112559756629 3.9000000000000004
113.66067886352539  seconds  2.602114031264387 0.5441112559756629 15.8
111.64739179611206  seconds  2.602114031264387 0.5441112559756629 16.8
108.91011357307434  seconds  2.602114031264387 0.5441112559756629 13.9
109.51972103118896  seconds  2.602114031264387 0.5441112559756629 10.9
112.64420676231384  seconds  2.602114031264387 0.5441112559756629 18.8
112.3284239768982  seconds  2.602114031264387 0.5441112559756629 5.9
105.89586758613586  seconds  2.602114031264387 0.5441112559756629 8.9
109.80007815361023  seconds  2.602114031264387 0.5441112559756629 19.8
110.54489183425903  seconds  2.602114031264387 0.5441112559756629 4.9
108.97546315193176  seconds  2.602114031264387 0.5441112559756629 7.9
100.3897602558136  seconds  2.602114031264387 0.5441112559756629 17.900000000000002
99.79316258430481  seconds  2.602114031264387 0.5441112559756629 15.9
100.87067699432373  seconds  2.602114031264387 0.5441112559756629 16.900000000000002
100.64470529556274  seconds  2.602114031264387 0.5441112559756629 18.900000000000002
99.41755294799805  seconds  2.602114031264387 0.5441112559756629 19.900000000000002
time for calc.... 1429.1434905529022
energy at the point.. 2.5846892989406154 0.8396349413298569  is  1.1574406936887272e-05
200 the points 10 chunk numtheads
starting with calculation of Sigma
105.76956963539124  seconds  2.5846892989406154 0.8396349413298569 0.0
109.51279497146606  seconds  2.5846892989406154 0.8396349413298569 1.0
109.84763288497925  seconds  2.5846892989406154 0.8396349413298569 2.0
104.71070003509521  seconds  2.5846892989406154 0.8396349413298569 4.0
116.52024602890015  seconds  2.5846892989406154 0.8396349413298569 3.0
115.36929726600647  seconds  2.5846892989406154 0.8396349413298569 5.0
117.66386842727661  seconds  2.5846892989406154 0.8396349413298569 6.0
123.80708956718445  seconds  2.5846892989406154 0.8396349413298569 7.0
123.9140944480896  seconds  2.5846892989406154 0.8396349413298569 8.0
133.2938277721405  seconds  2.5846892989406154 0.8396349413298569 9.0
127.94890689849854  seconds  2.5846892989406154 0.8396349413298569 10.0
128.54165482521057  seconds  2.5846892989406154 0.8396349413298569 11.0
101.65951776504517  seconds  2.5846892989406154 0.8396349413298569 4.1000000000000005
141.62260603904724  seconds  2.5846892989406154 0.8396349413298569 12.0
138.66298079490662  seconds  2.5846892989406154 0.8396349413298569 0.1
138.72083377838135  seconds  2.5846892989406154 0.8396349413298569 13.0
142.12750458717346  seconds  2.5846892989406154 0.8396349413298569 1.1
146.56322288513184  seconds  2.5846892989406154 0.8396349413298569 14.0
145.17127656936646  seconds  2.5846892989406154 0.8396349413298569 15.0
147.174476146698  seconds  2.5846892989406154 0.8396349413298569 2.1
147.86530113220215  seconds  2.5846892989406154 0.8396349413298569 16.0
146.99124240875244  seconds  2.5846892989406154 0.8396349413298569 3.1
145.67752623558044  seconds  2.5846892989406154 0.8396349413298569 17.0
143.4401569366455  seconds  2.5846892989406154 0.8396349413298569 18.0
147.91814494132996  seconds  2.5846892989406154 0.8396349413298569 5.1000000000000005
147.92106556892395  seconds  2.5846892989406154 0.8396349413298569 19.0
148.9438672065735  seconds  2.5846892989406154 0.8396349413298569 6.1000000000000005
144.9300515651703  seconds  2.5846892989406154 0.8396349413298569 7.1000000000000005
141.63182187080383  seconds  2.5846892989406154 0.8396349413298569 8.1
102.98654007911682  seconds  2.5846892989406154 0.8396349413298569 4.2
146.72884941101074  seconds  2.5846892989406154 0.8396349413298569 9.1
144.4850513935089  seconds  2.5846892989406154 0.8396349413298569 10.100000000000001
145.6486086845398  seconds  2.5846892989406154 0.8396349413298569 11.100000000000001
142.34646725654602  seconds  2.5846892989406154 0.8396349413298569 12.100000000000001
146.1190435886383  seconds  2.5846892989406154 0.8396349413298569 0.2
144.17700505256653  seconds  2.5846892989406154 0.8396349413298569 13.100000000000001
145.6733980178833  seconds  2.5846892989406154 0.8396349413298569 1.2000000000000002
146.6541976928711  seconds  2.5846892989406154 0.8396349413298569 14.100000000000001
144.74712991714478  seconds  2.5846892989406154 0.8396349413298569 15.100000000000001
145.6807506084442  seconds  2.5846892989406154 0.8396349413298569 2.2
146.94471549987793  seconds  2.5846892989406154 0.8396349413298569 16.1
146.2051124572754  seconds  2.5846892989406154 0.8396349413298569 3.2
147.31811451911926  seconds  2.5846892989406154 0.8396349413298569 17.1
106.40408062934875  seconds  2.5846892989406154 0.8396349413298569 4.3
146.79130482673645  seconds  2.5846892989406154 0.8396349413298569 5.2
149.80464100837708  seconds  2.5846892989406154 0.8396349413298569 18.1
145.74233269691467  seconds  2.5846892989406154 0.8396349413298569 19.1
148.92769479751587  seconds  2.5846892989406154 0.8396349413298569 6.2
146.52766299247742  seconds  2.5846892989406154 0.8396349413298569 7.2
143.0236349105835  seconds  2.5846892989406154 0.8396349413298569 8.200000000000001
143.58270573616028  seconds  2.5846892989406154 0.8396349413298569 9.200000000000001
149.7691216468811  seconds  2.5846892989406154 0.8396349413298569 10.200000000000001
140.13787412643433  seconds  2.5846892989406154 0.8396349413298569 11.200000000000001
140.3854558467865  seconds  2.5846892989406154 0.8396349413298569 0.30000000000000004
148.6131854057312  seconds  2.5846892989406154 0.8396349413298569 12.200000000000001
144.6430332660675  seconds  2.5846892989406154 0.8396349413298569 13.200000000000001
140.6666920185089  seconds  2.5846892989406154 0.8396349413298569 14.200000000000001
146.27721667289734  seconds  2.5846892989406154 0.8396349413298569 1.3
103.68304395675659  seconds  2.5846892989406154 0.8396349413298569 4.4
140.91960048675537  seconds  2.5846892989406154 0.8396349413298569 2.3000000000000003
146.62256574630737  seconds  2.5846892989406154 0.8396349413298569 15.200000000000001
143.4465868473053  seconds  2.5846892989406154 0.8396349413298569 16.2
144.08470034599304  seconds  2.5846892989406154 0.8396349413298569 3.3000000000000003
141.27499914169312  seconds  2.5846892989406154 0.8396349413298569 17.2
144.75438380241394  seconds  2.5846892989406154 0.8396349413298569 18.2
145.29025411605835  seconds  2.5846892989406154 0.8396349413298569 5.300000000000001
145.64221906661987  seconds  2.5846892989406154 0.8396349413298569 19.200000000000003
147.12945461273193  seconds  2.5846892989406154 0.8396349413298569 6.300000000000001
144.97564554214478  seconds  2.5846892989406154 0.8396349413298569 8.3
147.92182302474976  seconds  2.5846892989406154 0.8396349413298569 7.300000000000001
142.67891240119934  seconds  2.5846892989406154 0.8396349413298569 9.3
142.60138964653015  seconds  2.5846892989406154 0.8396349413298569 11.3
146.023202419281  seconds  2.5846892989406154 0.8396349413298569 10.3
101.01442456245422  seconds  2.5846892989406154 0.8396349413298569 4.5
139.7873694896698  seconds  2.5846892989406154 0.8396349413298569 0.4
141.55477333068848  seconds  2.5846892989406154 0.8396349413298569 12.3
142.32591366767883  seconds  2.5846892989406154 0.8396349413298569 13.3
142.1403329372406  seconds  2.5846892989406154 0.8396349413298569 14.3
141.47740864753723  seconds  2.5846892989406154 0.8396349413298569 1.4000000000000001
143.16403222084045  seconds  2.5846892989406154 0.8396349413298569 2.4000000000000004
141.34175062179565  seconds  2.5846892989406154 0.8396349413298569 15.3
139.46346712112427  seconds  2.5846892989406154 0.8396349413298569 16.3
142.31072521209717  seconds  2.5846892989406154 0.8396349413298569 3.4000000000000004
143.19712901115417  seconds  2.5846892989406154 0.8396349413298569 17.3
140.64439249038696  seconds  2.5846892989406154 0.8396349413298569 18.3
146.08121800422668  seconds  2.5846892989406154 0.8396349413298569 5.4
144.36967206001282  seconds  2.5846892989406154 0.8396349413298569 19.3
143.28030848503113  seconds  2.5846892989406154 0.8396349413298569 6.4
101.53273749351501  seconds  2.5846892989406154 0.8396349413298569 4.6000000000000005
143.96465134620667  seconds  2.5846892989406154 0.8396349413298569 7.4
150.38289546966553  seconds  2.5846892989406154 0.8396349413298569 8.4
139.44023776054382  seconds  2.5846892989406154 0.8396349413298569 9.4
140.5502700805664  seconds  2.5846892989406154 0.8396349413298569 11.4
140.62053513526917  seconds  2.5846892989406154 0.8396349413298569 10.4
142.81966042518616  seconds  2.5846892989406154 0.8396349413298569 0.5
143.0438244342804  seconds  2.5846892989406154 0.8396349413298569 12.4
143.30629992485046  seconds  2.5846892989406154 0.8396349413298569 13.4
139.33248710632324  seconds  2.5846892989406154 0.8396349413298569 14.4
146.87507033348083  seconds  2.5846892989406154 0.8396349413298569 1.5
140.17384362220764  seconds  2.5846892989406154 0.8396349413298569 15.4
143.86282682418823  seconds  2.5846892989406154 0.8396349413298569 2.5
102.92595744132996  seconds  2.5846892989406154 0.8396349413298569 4.7
147.42528247833252  seconds  2.5846892989406154 0.8396349413298569 16.400000000000002
142.3813464641571  seconds  2.5846892989406154 0.8396349413298569 3.5
143.7719931602478  seconds  2.5846892989406154 0.8396349413298569 17.400000000000002
139.9066686630249  seconds  2.5846892989406154 0.8396349413298569 18.400000000000002
143.56727838516235  seconds  2.5846892989406154 0.8396349413298569 5.5
141.92042708396912  seconds  2.5846892989406154 0.8396349413298569 19.400000000000002
143.74198198318481  seconds  2.5846892989406154 0.8396349413298569 6.5
142.98905110359192  seconds  2.5846892989406154 0.8396349413298569 7.5
143.3100438117981  seconds  2.5846892989406154 0.8396349413298569 8.5
144.41000723838806  seconds  2.5846892989406154 0.8396349413298569 9.5
138.3118851184845  seconds  2.5846892989406154 0.8396349413298569 10.5
144.37189412117004  seconds  2.5846892989406154 0.8396349413298569 11.5
141.08540058135986  seconds  2.5846892989406154 0.8396349413298569 12.5
102.96179533004761  seconds  2.5846892989406154 0.8396349413298569 4.800000000000001
148.54410529136658  seconds  2.5846892989406154 0.8396349413298569 0.6000000000000001
143.6129331588745  seconds  2.5846892989406154 0.8396349413298569 13.5
138.64187669754028  seconds  2.5846892989406154 0.8396349413298569 14.5
139.7580964565277  seconds  2.5846892989406154 0.8396349413298569 15.5
145.1839644908905  seconds  2.5846892989406154 0.8396349413298569 1.6
145.31137418746948  seconds  2.5846892989406154 0.8396349413298569 2.6
139.64630150794983  seconds  2.5846892989406154 0.8396349413298569 3.6
144.781592130661  seconds  2.5846892989406154 0.8396349413298569 16.5
145.87121033668518  seconds  2.5846892989406154 0.8396349413298569 17.5
141.73194575309753  seconds  2.5846892989406154 0.8396349413298569 18.5
144.24785137176514  seconds  2.5846892989406154 0.8396349413298569 5.6000000000000005
146.77719593048096  seconds  2.5846892989406154 0.8396349413298569 19.5
142.05208230018616  seconds  2.5846892989406154 0.8396349413298569 6.6000000000000005
139.5127456188202  seconds  2.5846892989406154 0.8396349413298569 7.6000000000000005
139.44491457939148  seconds  2.5846892989406154 0.8396349413298569 8.6
102.14090204238892  seconds  2.5846892989406154 0.8396349413298569 4.9
146.2233521938324  seconds  2.5846892989406154 0.8396349413298569 9.600000000000001
144.15560746192932  seconds  2.5846892989406154 0.8396349413298569 10.600000000000001
144.92695903778076  seconds  2.5846892989406154 0.8396349413298569 11.600000000000001
142.4305362701416  seconds  2.5846892989406154 0.8396349413298569 12.600000000000001
143.9872407913208  seconds  2.5846892989406154 0.8396349413298569 0.7000000000000001
144.185161113739  seconds  2.5846892989406154 0.8396349413298569 13.600000000000001
148.41545176506042  seconds  2.5846892989406154 0.8396349413298569 14.600000000000001
137.8661072254181  seconds  2.5846892989406154 0.8396349413298569 15.600000000000001
139.23895144462585  seconds  2.5846892989406154 0.8396349413298569 1.7000000000000002
143.7386133670807  seconds  2.5846892989406154 0.8396349413298569 2.7
140.9484097957611  seconds  2.5846892989406154 0.8396349413298569 16.6
145.7724575996399  seconds  2.5846892989406154 0.8396349413298569 3.7
139.74015927314758  seconds  2.5846892989406154 0.8396349413298569 17.6
143.25697112083435  seconds  2.5846892989406154 0.8396349413298569 18.6
139.89544796943665  seconds  2.5846892989406154 0.8396349413298569 19.6
148.99493098258972  seconds  2.5846892989406154 0.8396349413298569 5.7
145.79073429107666  seconds  2.5846892989406154 0.8396349413298569 6.7
139.88563752174377  seconds  2.5846892989406154 0.8396349413298569 7.7
142.25128269195557  seconds  2.5846892989406154 0.8396349413298569 8.700000000000001
140.3810532093048  seconds  2.5846892989406154 0.8396349413298569 10.700000000000001
149.21921277046204  seconds  2.5846892989406154 0.8396349413298569 9.700000000000001
142.1990988254547  seconds  2.5846892989406154 0.8396349413298569 11.700000000000001
140.8103425502777  seconds  2.5846892989406154 0.8396349413298569 12.700000000000001
141.13659167289734  seconds  2.5846892989406154 0.8396349413298569 13.700000000000001
145.025399684906  seconds  2.5846892989406154 0.8396349413298569 0.8
141.5793399810791  seconds  2.5846892989406154 0.8396349413298569 14.700000000000001
141.17963576316833  seconds  2.5846892989406154 0.8396349413298569 1.8
145.16066122055054  seconds  2.5846892989406154 0.8396349413298569 15.700000000000001
140.50631737709045  seconds  2.5846892989406154 0.8396349413298569 2.8000000000000003
144.61562085151672  seconds  2.5846892989406154 0.8396349413298569 3.8000000000000003
145.89534378051758  seconds  2.5846892989406154 0.8396349413298569 16.7
141.37459301948547  seconds  2.5846892989406154 0.8396349413298569 17.7
139.86347675323486  seconds  2.5846892989406154 0.8396349413298569 18.7
140.12229776382446  seconds  2.5846892989406154 0.8396349413298569 5.800000000000001
147.11326098442078  seconds  2.5846892989406154 0.8396349413298569 19.700000000000003
143.3521077632904  seconds  2.5846892989406154 0.8396349413298569 6.800000000000001
150.0474100112915  seconds  2.5846892989406154 0.8396349413298569 7.800000000000001
146.02549767494202  seconds  2.5846892989406154 0.8396349413298569 8.8
144.8716835975647  seconds  2.5846892989406154 0.8396349413298569 10.8
143.37040042877197  seconds  2.5846892989406154 0.8396349413298569 9.8
144.7662079334259  seconds  2.5846892989406154 0.8396349413298569 11.8
136.61676335334778  seconds  2.5846892989406154 0.8396349413298569 12.8
144.5747458934784  seconds  2.5846892989406154 0.8396349413298569 13.8
143.8565013408661  seconds  2.5846892989406154 0.8396349413298569 0.9
143.01926350593567  seconds  2.5846892989406154 0.8396349413298569 14.8
138.42922258377075  seconds  2.5846892989406154 0.8396349413298569 15.8
144.36920952796936  seconds  2.5846892989406154 0.8396349413298569 1.9000000000000001
140.69885158538818  seconds  2.5846892989406154 0.8396349413298569 2.9000000000000004
138.48693919181824  seconds  2.5846892989406154 0.8396349413298569 3.9000000000000004
139.41715598106384  seconds  2.5846892989406154 0.8396349413298569 17.8
141.6013514995575  seconds  2.5846892989406154 0.8396349413298569 16.8
136.22644662857056  seconds  2.5846892989406154 0.8396349413298569 18.8
134.2918086051941  seconds  2.5846892989406154 0.8396349413298569 5.9
135.08733868598938  seconds  2.5846892989406154 0.8396349413298569 19.8
137.83276891708374  seconds  2.5846892989406154 0.8396349413298569 6.9
132.82915043830872  seconds  2.5846892989406154 0.8396349413298569 7.9
135.60379481315613  seconds  2.5846892989406154 0.8396349413298569 8.9
130.25549268722534  seconds  2.5846892989406154 0.8396349413298569 10.9
130.54724526405334  seconds  2.5846892989406154 0.8396349413298569 9.9
132.47635436058044  seconds  2.5846892989406154 0.8396349413298569 11.9
124.84649395942688  seconds  2.5846892989406154 0.8396349413298569 12.9
121.40330600738525  seconds  2.5846892989406154 0.8396349413298569 13.9
120.71850848197937  seconds  2.5846892989406154 0.8396349413298569 14.9
120.37823748588562  seconds  2.5846892989406154 0.8396349413298569 15.9
110.82669115066528  seconds  2.5846892989406154 0.8396349413298569 17.900000000000002
112.52850008010864  seconds  2.5846892989406154 0.8396349413298569 16.900000000000002
111.77502536773682  seconds  2.5846892989406154 0.8396349413298569 18.900000000000002
105.48032069206238  seconds  2.5846892989406154 0.8396349413298569 19.900000000000002
time for calc.... 1577.2322375774384
energy at the point.. 2.5337077240684835 1.1368970013037814  is  2.067935501059992e-06
200 the points 10 chunk numtheads
starting with calculation of Sigma
104.41332006454468  seconds  2.5337077240684835 1.1368970013037814 0.0
109.23737406730652  seconds  2.5337077240684835 1.1368970013037814 1.0
111.9392638206482  seconds  2.5337077240684835 1.1368970013037814 2.0
114.39828300476074  seconds  2.5337077240684835 1.1368970013037814 3.0
116.99867534637451  seconds  2.5337077240684835 1.1368970013037814 4.0
130.85995030403137  seconds  2.5337077240684835 1.1368970013037814 5.0
125.14882969856262  seconds  2.5337077240684835 1.1368970013037814 6.0
101.93356418609619  seconds  2.5337077240684835 1.1368970013037814 10.0
126.96624517440796  seconds  2.5337077240684835 1.1368970013037814 7.0
127.41725540161133  seconds  2.5337077240684835 1.1368970013037814 8.0
133.04061317443848  seconds  2.5337077240684835 1.1368970013037814 9.0
119.48106455802917  seconds  2.5337077240684835 1.1368970013037814 11.0
135.2225856781006  seconds  2.5337077240684835 1.1368970013037814 12.0
131.82643604278564  seconds  2.5337077240684835 1.1368970013037814 0.1
140.05112719535828  seconds  2.5337077240684835 1.1368970013037814 13.0
104.84532523155212  seconds  2.5337077240684835 1.1368970013037814 17.0
101.88623523712158  seconds  2.5337077240684835 1.1368970013037814 18.0
139.76066040992737  seconds  2.5337077240684835 1.1368970013037814 14.0
141.079176902771  seconds  2.5337077240684835 1.1368970013037814 1.1
140.50434947013855  seconds  2.5337077240684835 1.1368970013037814 15.0
107.37128639221191  seconds  2.5337077240684835 1.1368970013037814 19.0
147.43361616134644  seconds  2.5337077240684835 1.1368970013037814 2.1
138.8702998161316  seconds  2.5337077240684835 1.1368970013037814 3.1
147.05434846878052  seconds  2.5337077240684835 1.1368970013037814 16.0
106.93187355995178  seconds  2.5337077240684835 1.1368970013037814 10.100000000000001
145.09807562828064  seconds  2.5337077240684835 1.1368970013037814 4.1000000000000005
138.43737602233887  seconds  2.5337077240684835 1.1368970013037814 5.1000000000000005
107.43460035324097  seconds  2.5337077240684835 1.1368970013037814 11.100000000000001
144.92384910583496  seconds  2.5337077240684835 1.1368970013037814 6.1000000000000005
143.00762367248535  seconds  2.5337077240684835 1.1368970013037814 7.1000000000000005
141.69549465179443  seconds  2.5337077240684835 1.1368970013037814 8.1
140.07811212539673  seconds  2.5337077240684835 1.1368970013037814 9.1
113.63396501541138  seconds  2.5337077240684835 1.1368970013037814 0.2
106.79300594329834  seconds  2.5337077240684835 1.1368970013037814 17.1
103.35831832885742  seconds  2.5337077240684835 1.1368970013037814 18.1
139.65043210983276  seconds  2.5337077240684835 1.1368970013037814 12.100000000000001
107.31198024749756  seconds  2.5337077240684835 1.1368970013037814 19.1
138.8221616744995  seconds  2.5337077240684835 1.1368970013037814 13.100000000000001
136.83150219917297  seconds  2.5337077240684835 1.1368970013037814 14.100000000000001
139.158917427063  seconds  2.5337077240684835 1.1368970013037814 1.2000000000000002
111.18142509460449  seconds  2.5337077240684835 1.1368970013037814 10.200000000000001
138.7778468132019  seconds  2.5337077240684835 1.1368970013037814 15.100000000000001
132.11751914024353  seconds  2.5337077240684835 1.1368970013037814 3.2
136.46536087989807  seconds  2.5337077240684835 1.1368970013037814 2.2
143.39586210250854  seconds  2.5337077240684835 1.1368970013037814 16.1
108.4056990146637  seconds  2.5337077240684835 1.1368970013037814 11.200000000000001
133.14294385910034  seconds  2.5337077240684835 1.1368970013037814 4.2
130.73375415802002  seconds  2.5337077240684835 1.1368970013037814 5.2
136.9609785079956  seconds  2.5337077240684835 1.1368970013037814 6.2
110.0926263332367  seconds  2.5337077240684835 1.1368970013037814 0.30000000000000004
135.628000497818  seconds  2.5337077240684835 1.1368970013037814 7.2
105.58029794692993  seconds  2.5337077240684835 1.1368970013037814 18.2
110.31814932823181  seconds  2.5337077240684835 1.1368970013037814 17.2
134.0738377571106  seconds  2.5337077240684835 1.1368970013037814 8.200000000000001
132.85735511779785  seconds  2.5337077240684835 1.1368970013037814 9.200000000000001
109.28380799293518  seconds  2.5337077240684835 1.1368970013037814 19.200000000000003
132.57051134109497  seconds  2.5337077240684835 1.1368970013037814 12.200000000000001
111.14368796348572  seconds  2.5337077240684835 1.1368970013037814 10.3
111.20248460769653  seconds  2.5337077240684835 1.1368970013037814 3.3000000000000003
134.84847164154053  seconds  2.5337077240684835 1.1368970013037814 13.200000000000001
136.38062000274658  seconds  2.5337077240684835 1.1368970013037814 14.200000000000001
133.52476859092712  seconds  2.5337077240684835 1.1368970013037814 1.3
113.01055264472961  seconds  2.5337077240684835 1.1368970013037814 11.3
133.73916268348694  seconds  2.5337077240684835 1.1368970013037814 15.200000000000001
137.79884457588196  seconds  2.5337077240684835 1.1368970013037814 2.3000000000000003
132.14784002304077  seconds  2.5337077240684835 1.1368970013037814 16.2
135.1684546470642  seconds  2.5337077240684835 1.1368970013037814 4.3
112.01532983779907  seconds  2.5337077240684835 1.1368970013037814 0.4
110.33113145828247  seconds  2.5337077240684835 1.1368970013037814 18.3
136.84190011024475  seconds  2.5337077240684835 1.1368970013037814 5.300000000000001
114.61579442024231  seconds  2.5337077240684835 1.1368970013037814 7.300000000000001
112.71283435821533  seconds  2.5337077240684835 1.1368970013037814 17.3
139.53707003593445  seconds  2.5337077240684835 1.1368970013037814 6.300000000000001
113.3402328491211  seconds  2.5337077240684835 1.1368970013037814 19.3
133.90580916404724  seconds  2.5337077240684835 1.1368970013037814 8.3
135.33858966827393  seconds  2.5337077240684835 1.1368970013037814 9.3
112.14393711090088  seconds  2.5337077240684835 1.1368970013037814 10.4
110.29433798789978  seconds  2.5337077240684835 1.1368970013037814 3.4000000000000004
134.19575595855713  seconds  2.5337077240684835 1.1368970013037814 12.3
113.68878149986267  seconds  2.5337077240684835 1.1368970013037814 11.4
133.39285445213318  seconds  2.5337077240684835 1.1368970013037814 13.3
129.52206182479858  seconds  2.5337077240684835 1.1368970013037814 1.4000000000000001
136.4526345729828  seconds  2.5337077240684835 1.1368970013037814 14.3
134.437153339386  seconds  2.5337077240684835 1.1368970013037814 15.3
128.10160064697266  seconds  2.5337077240684835 1.1368970013037814 2.4000000000000004
111.60931491851807  seconds  2.5337077240684835 1.1368970013037814 0.5
107.5021231174469  seconds  2.5337077240684835 1.1368970013037814 18.400000000000002
131.3077895641327  seconds  2.5337077240684835 1.1368970013037814 16.3
112.35224485397339  seconds  2.5337077240684835 1.1368970013037814 7.4
112.66219186782837  seconds  2.5337077240684835 1.1368970013037814 17.400000000000002
133.25070333480835  seconds  2.5337077240684835 1.1368970013037814 4.4
110.82445049285889  seconds  2.5337077240684835 1.1368970013037814 19.400000000000002
133.73794031143188  seconds  2.5337077240684835 1.1368970013037814 5.4
131.37308931350708  seconds  2.5337077240684835 1.1368970013037814 6.4
130.6045413017273  seconds  2.5337077240684835 1.1368970013037814 8.4
111.64484882354736  seconds  2.5337077240684835 1.1368970013037814 10.5
110.84396195411682  seconds  2.5337077240684835 1.1368970013037814 3.5
130.90518426895142  seconds  2.5337077240684835 1.1368970013037814 9.4
110.74363803863525  seconds  2.5337077240684835 1.1368970013037814 11.5
133.46771836280823  seconds  2.5337077240684835 1.1368970013037814 12.4
129.7004702091217  seconds  2.5337077240684835 1.1368970013037814 13.4
106.85972285270691  seconds  2.5337077240684835 1.1368970013037814 18.5
129.88466000556946  seconds  2.5337077240684835 1.1368970013037814 1.5
112.1863431930542  seconds  2.5337077240684835 1.1368970013037814 0.6000000000000001
132.5860447883606  seconds  2.5337077240684835 1.1368970013037814 14.4
128.16484117507935  seconds  2.5337077240684835 1.1368970013037814 15.4
111.82036566734314  seconds  2.5337077240684835 1.1368970013037814 7.5
110.64330506324768  seconds  2.5337077240684835 1.1368970013037814 17.5
134.1915900707245  seconds  2.5337077240684835 1.1368970013037814 2.5
110.41751456260681  seconds  2.5337077240684835 1.1368970013037814 19.5
131.18045496940613  seconds  2.5337077240684835 1.1368970013037814 16.400000000000002
131.8645839691162  seconds  2.5337077240684835 1.1368970013037814 4.5
134.90532994270325  seconds  2.5337077240684835 1.1368970013037814 5.5
113.75427293777466  seconds  2.5337077240684835 1.1368970013037814 10.600000000000001
112.63053798675537  seconds  2.5337077240684835 1.1368970013037814 3.6
136.79256081581116  seconds  2.5337077240684835 1.1368970013037814 6.5
132.5925624370575  seconds  2.5337077240684835 1.1368970013037814 8.5
112.83821725845337  seconds  2.5337077240684835 1.1368970013037814 11.600000000000001
131.4089879989624  seconds  2.5337077240684835 1.1368970013037814 9.5
105.64527201652527  seconds  2.5337077240684835 1.1368970013037814 18.6
113.20904779434204  seconds  2.5337077240684835 1.1368970013037814 0.7000000000000001
136.22520422935486  seconds  2.5337077240684835 1.1368970013037814 12.5
111.25532841682434  seconds  2.5337077240684835 1.1368970013037814 7.6000000000000005
110.70799565315247  seconds  2.5337077240684835 1.1368970013037814 17.6
135.97612953186035  seconds  2.5337077240684835 1.1368970013037814 13.5
134.2750072479248  seconds  2.5337077240684835 1.1368970013037814 1.6
110.78088092803955  seconds  2.5337077240684835 1.1368970013037814 19.6
134.01499724388123  seconds  2.5337077240684835 1.1368970013037814 14.5
132.32627201080322  seconds  2.5337077240684835 1.1368970013037814 15.5
135.48416209220886  seconds  2.5337077240684835 1.1368970013037814 2.6
128.72242832183838  seconds  2.5337077240684835 1.1368970013037814 16.5
128.70467400550842  seconds  2.5337077240684835 1.1368970013037814 4.6000000000000005
111.30638241767883  seconds  2.5337077240684835 1.1368970013037814 10.700000000000001
111.75178527832031  seconds  2.5337077240684835 1.1368970013037814 3.7
132.5377631187439  seconds  2.5337077240684835 1.1368970013037814 5.6000000000000005
111.06698083877563  seconds  2.5337077240684835 1.1368970013037814 11.700000000000001
106.46763134002686  seconds  2.5337077240684835 1.1368970013037814 18.7
136.05512285232544  seconds  2.5337077240684835 1.1368970013037814 8.6
138.80225563049316  seconds  2.5337077240684835 1.1368970013037814 6.6000000000000005
127.55062460899353  seconds  2.5337077240684835 1.1368970013037814 9.600000000000001
112.4125304222107  seconds  2.5337077240684835 1.1368970013037814 0.8
111.57422518730164  seconds  2.5337077240684835 1.1368970013037814 7.7
111.44998073577881  seconds  2.5337077240684835 1.1368970013037814 17.7
129.13397550582886  seconds  2.5337077240684835 1.1368970013037814 12.600000000000001
116.10706973075867  seconds  2.5337077240684835 1.1368970013037814 19.700000000000003
133.5967299938202  seconds  2.5337077240684835 1.1368970013037814 13.600000000000001
131.39538502693176  seconds  2.5337077240684835 1.1368970013037814 1.7000000000000002
130.51234936714172  seconds  2.5337077240684835 1.1368970013037814 14.600000000000001
131.19535279273987  seconds  2.5337077240684835 1.1368970013037814 15.600000000000001
129.98945355415344  seconds  2.5337077240684835 1.1368970013037814 2.7
111.88876700401306  seconds  2.5337077240684835 1.1368970013037814 3.8000000000000003
130.4924292564392  seconds  2.5337077240684835 1.1368970013037814 16.6
118.24677991867065  seconds  2.5337077240684835 1.1368970013037814 10.8
133.46361541748047  seconds  2.5337077240684835 1.1368970013037814 4.7
112.91783690452576  seconds  2.5337077240684835 1.1368970013037814 11.8
125.24121189117432  seconds  2.5337077240684835 1.1368970013037814 5.7
108.04001259803772  seconds  2.5337077240684835 1.1368970013037814 18.8
126.58600974082947  seconds  2.5337077240684835 1.1368970013037814 8.700000000000001
112.79288101196289  seconds  2.5337077240684835 1.1368970013037814 0.9
129.54174828529358  seconds  2.5337077240684835 1.1368970013037814 6.7
130.65220260620117  seconds  2.5337077240684835 1.1368970013037814 9.700000000000001
111.87795805931091  seconds  2.5337077240684835 1.1368970013037814 7.800000000000001
112.62379503250122  seconds  2.5337077240684835 1.1368970013037814 17.8
113.97913384437561  seconds  2.5337077240684835 1.1368970013037814 19.8
130.41408920288086  seconds  2.5337077240684835 1.1368970013037814 12.700000000000001
126.6938488483429  seconds  2.5337077240684835 1.1368970013037814 1.8
130.3685975074768  seconds  2.5337077240684835 1.1368970013037814 13.700000000000001
124.33669972419739  seconds  2.5337077240684835 1.1368970013037814 15.700000000000001
113.83105945587158  seconds  2.5337077240684835 1.1368970013037814 2.8000000000000003
112.4078516960144  seconds  2.5337077240684835 1.1368970013037814 3.9000000000000004
128.5154266357422  seconds  2.5337077240684835 1.1368970013037814 14.700000000000001
112.6035418510437  seconds  2.5337077240684835 1.1368970013037814 10.9
123.24636650085449  seconds  2.5337077240684835 1.1368970013037814 16.7
112.08979988098145  seconds  2.5337077240684835 1.1368970013037814 11.9
123.78527331352234  seconds  2.5337077240684835 1.1368970013037814 4.800000000000001
107.02894449234009  seconds  2.5337077240684835 1.1368970013037814 18.900000000000002
124.14640283584595  seconds  2.5337077240684835 1.1368970013037814 5.800000000000001
108.50085163116455  seconds  2.5337077240684835 1.1368970013037814 7.9
107.51453161239624  seconds  2.5337077240684835 1.1368970013037814 17.900000000000002
120.95060205459595  seconds  2.5337077240684835 1.1368970013037814 6.800000000000001
125.72678852081299  seconds  2.5337077240684835 1.1368970013037814 8.8
128.06359767913818  seconds  2.5337077240684835 1.1368970013037814 9.8
105.48300766944885  seconds  2.5337077240684835 1.1368970013037814 19.900000000000002
117.50450420379639  seconds  2.5337077240684835 1.1368970013037814 12.8
102.0112235546112  seconds  2.5337077240684835 1.1368970013037814 2.9000000000000004
119.05439138412476  seconds  2.5337077240684835 1.1368970013037814 1.9000000000000001
117.94195747375488  seconds  2.5337077240684835 1.1368970013037814 13.8
115.45099449157715  seconds  2.5337077240684835 1.1368970013037814 15.8
115.75743699073792  seconds  2.5337077240684835 1.1368970013037814 14.8
117.76259279251099  seconds  2.5337077240684835 1.1368970013037814 16.8
113.04833674430847  seconds  2.5337077240684835 1.1368970013037814 4.9
114.14352035522461  seconds  2.5337077240684835 1.1368970013037814 5.9
111.01400876045227  seconds  2.5337077240684835 1.1368970013037814 6.9
110.75265789031982  seconds  2.5337077240684835 1.1368970013037814 8.9
109.89364624023438  seconds  2.5337077240684835 1.1368970013037814 9.9
107.22019815444946  seconds  2.5337077240684835 1.1368970013037814 12.9
104.61362266540527  seconds  2.5337077240684835 1.1368970013037814 13.9
105.06795763969421  seconds  2.5337077240684835 1.1368970013037814 15.9
104.46931886672974  seconds  2.5337077240684835 1.1368970013037814 14.9
103.29718065261841  seconds  2.5337077240684835 1.1368970013037814 16.900000000000002
time for calc.... 1437.2224791049957
energy at the point.. 2.421355054487129 1.409821816601478  is  6.066433012819061e-06
200 the points 10 chunk numtheads
starting with calculation of Sigma
108.58520674705505  seconds  2.421355054487129 1.409821816601478 0.0
109.37643623352051  seconds  2.421355054487129 1.409821816601478 1.0
113.76277542114258  seconds  2.421355054487129 1.409821816601478 2.0
117.01721358299255  seconds  2.421355054487129 1.409821816601478 3.0
124.84163618087769  seconds  2.421355054487129 1.409821816601478 4.0
126.12273144721985  seconds  2.421355054487129 1.409821816601478 5.0
124.51640605926514  seconds  2.421355054487129 1.409821816601478 6.0
127.18573498725891  seconds  2.421355054487129 1.409821816601478 7.0
132.62136316299438  seconds  2.421355054487129 1.409821816601478 8.0
127.98054051399231  seconds  2.421355054487129 1.409821816601478 9.0
103.3215856552124  seconds  2.421355054487129 1.409821816601478 13.0
133.3532054424286  seconds  2.421355054487129 1.409821816601478 10.0
134.70792841911316  seconds  2.421355054487129 1.409821816601478 11.0
106.82555055618286  seconds  2.421355054487129 1.409821816601478 15.0
136.81616258621216  seconds  2.421355054487129 1.409821816601478 12.0
104.81488680839539  seconds  2.421355054487129 1.409821816601478 16.0
108.78984308242798  seconds  2.421355054487129 1.409821816601478 17.0
143.3410542011261  seconds  2.421355054487129 1.409821816601478 0.1
140.18224620819092  seconds  2.421355054487129 1.409821816601478 14.0
142.302170753479  seconds  2.421355054487129 1.409821816601478 1.1
138.64646291732788  seconds  2.421355054487129 1.409821816601478 2.1
144.40418410301208  seconds  2.421355054487129 1.409821816601478 3.1
136.3312361240387  seconds  2.421355054487129 1.409821816601478 4.1000000000000005
142.88870668411255  seconds  2.421355054487129 1.409821816601478 18.0
140.60133934020996  seconds  2.421355054487129 1.409821816601478 19.0
139.50905990600586  seconds  2.421355054487129 1.409821816601478 5.1000000000000005
107.96782970428467  seconds  2.421355054487129 1.409821816601478 9.1
140.52584981918335  seconds  2.421355054487129 1.409821816601478 6.1000000000000005
107.3874340057373  seconds  2.421355054487129 1.409821816601478 13.100000000000001
123.46686458587646  seconds  2.421355054487129 1.409821816601478 8.1
137.56678819656372  seconds  2.421355054487129 1.409821816601478 7.1000000000000005
106.44078516960144  seconds  2.421355054487129 1.409821816601478 15.100000000000001
109.35356402397156  seconds  2.421355054487129 1.409821816601478 16.1
130.94093775749207  seconds  2.421355054487129 1.409821816601478 11.100000000000001
141.32302069664001  seconds  2.421355054487129 1.409821816601478 10.100000000000001
107.23364067077637  seconds  2.421355054487129 1.409821816601478 17.1
140.0755386352539  seconds  2.421355054487129 1.409821816601478 12.100000000000001
140.59397435188293  seconds  2.421355054487129 1.409821816601478 0.2
142.4079988002777  seconds  2.421355054487129 1.409821816601478 14.100000000000001
137.90657114982605  seconds  2.421355054487129 1.409821816601478 1.2000000000000002
130.77965140342712  seconds  2.421355054487129 1.409821816601478 2.2
108.95468854904175  seconds  2.421355054487129 1.409821816601478 9.200000000000001
130.64753580093384  seconds  2.421355054487129 1.409821816601478 4.2
138.5809462070465  seconds  2.421355054487129 1.409821816601478 3.2
108.66743469238281  seconds  2.421355054487129 1.409821816601478 13.200000000000001
108.02650475502014  seconds  2.421355054487129 1.409821816601478 8.200000000000001
134.06410765647888  seconds  2.421355054487129 1.409821816601478 18.1
134.82223176956177  seconds  2.421355054487129 1.409821816601478 19.1
132.61474895477295  seconds  2.421355054487129 1.409821816601478 5.2
108.32265996932983  seconds  2.421355054487129 1.409821816601478 15.200000000000001
138.39554262161255  seconds  2.421355054487129 1.409821816601478 6.2
109.16891431808472  seconds  2.421355054487129 1.409821816601478 16.2
135.14085745811462  seconds  2.421355054487129 1.409821816601478 7.2
111.0261218547821  seconds  2.421355054487129 1.409821816601478 11.200000000000001
108.97577548027039  seconds  2.421355054487129 1.409821816601478 17.2
138.1553394794464  seconds  2.421355054487129 1.409821816601478 10.200000000000001
135.8230104446411  seconds  2.421355054487129 1.409821816601478 12.200000000000001
108.69548749923706  seconds  2.421355054487129 1.409821816601478 9.3
137.63666582107544  seconds  2.421355054487129 1.409821816601478 0.30000000000000004
134.49481797218323  seconds  2.421355054487129 1.409821816601478 14.200000000000001
137.35198855400085  seconds  2.421355054487129 1.409821816601478 1.3
110.8577208518982  seconds  2.421355054487129 1.409821816601478 13.3
108.69561338424683  seconds  2.421355054487129 1.409821816601478 8.3
138.84225296974182  seconds  2.421355054487129 1.409821816601478 2.3000000000000003
109.38711166381836  seconds  2.421355054487129 1.409821816601478 15.3
130.08407497406006  seconds  2.421355054487129 1.409821816601478 3.3000000000000003
136.36394023895264  seconds  2.421355054487129 1.409821816601478 4.3
111.36169457435608  seconds  2.421355054487129 1.409821816601478 16.3
136.27073502540588  seconds  2.421355054487129 1.409821816601478 18.2
134.6677050590515  seconds  2.421355054487129 1.409821816601478 5.300000000000001
109.45555019378662  seconds  2.421355054487129 1.409821816601478 11.3
136.1945173740387  seconds  2.421355054487129 1.409821816601478 19.200000000000003
109.73776030540466  seconds  2.421355054487129 1.409821816601478 17.3
129.34573936462402  seconds  2.421355054487129 1.409821816601478 7.300000000000001
136.06210923194885  seconds  2.421355054487129 1.409821816601478 6.300000000000001
138.65676522254944  seconds  2.421355054487129 1.409821816601478 10.3
109.02518653869629  seconds  2.421355054487129 1.409821816601478 9.4
109.62509369850159  seconds  2.421355054487129 1.409821816601478 13.4
108.66402244567871  seconds  2.421355054487129 1.409821816601478 8.4
136.59248733520508  seconds  2.421355054487129 1.409821816601478 12.3
129.80086755752563  seconds  2.421355054487129 1.409821816601478 0.4
109.75985360145569  seconds  2.421355054487129 1.409821816601478 15.4
133.12281394004822  seconds  2.421355054487129 1.409821816601478 14.3
134.35061717033386  seconds  2.421355054487129 1.409821816601478 1.4000000000000001
132.98649191856384  seconds  2.421355054487129 1.409821816601478 2.4000000000000004
108.89893651008606  seconds  2.421355054487129 1.409821816601478 16.400000000000002
110.1925117969513  seconds  2.421355054487129 1.409821816601478 11.4
110.85071158409119  seconds  2.421355054487129 1.409821816601478 17.400000000000002
135.15306425094604  seconds  2.421355054487129 1.409821816601478 3.4000000000000004
132.67217755317688  seconds  2.421355054487129 1.409821816601478 4.4
135.37939596176147  seconds  2.421355054487129 1.409821816601478 18.3
130.9528751373291  seconds  2.421355054487129 1.409821816601478 5.4
134.3205587863922  seconds  2.421355054487129 1.409821816601478 19.3
132.48387622833252  seconds  2.421355054487129 1.409821816601478 7.4
134.01597380638123  seconds  2.421355054487129 1.409821816601478 6.4
111.53750467300415  seconds  2.421355054487129 1.409821816601478 9.5
111.26773023605347  seconds  2.421355054487129 1.409821816601478 13.5
110.9721143245697  seconds  2.421355054487129 1.409821816601478 8.5
137.42608094215393  seconds  2.421355054487129 1.409821816601478 10.4
109.59884643554688  seconds  2.421355054487129 1.409821816601478 15.5
133.17992997169495  seconds  2.421355054487129 1.409821816601478 12.4
112.30013918876648  seconds  2.421355054487129 1.409821816601478 2.5
127.09558844566345  seconds  2.421355054487129 1.409821816601478 0.5
112.90762400627136  seconds  2.421355054487129 1.409821816601478 16.5
112.09139108657837  seconds  2.421355054487129 1.409821816601478 11.5
133.75136423110962  seconds  2.421355054487129 1.409821816601478 14.4
113.09898829460144  seconds  2.421355054487129 1.409821816601478 17.5
134.03731846809387  seconds  2.421355054487129 1.409821816601478 1.5
131.27683186531067  seconds  2.421355054487129 1.409821816601478 3.5
131.77334761619568  seconds  2.421355054487129 1.409821816601478 4.5
132.21896982192993  seconds  2.421355054487129 1.409821816601478 18.400000000000002
133.23157501220703  seconds  2.421355054487129 1.409821816601478 5.5
135.26667428016663  seconds  2.421355054487129 1.409821816601478 19.400000000000002
132.03005719184875  seconds  2.421355054487129 1.409821816601478 7.5
131.79979348182678  seconds  2.421355054487129 1.409821816601478 6.5
115.63628363609314  seconds  2.421355054487129 1.409821816601478 9.600000000000001
112.87691855430603  seconds  2.421355054487129 1.409821816601478 13.600000000000001
114.35968780517578  seconds  2.421355054487129 1.409821816601478 8.6
113.72859358787537  seconds  2.421355054487129 1.409821816601478 15.600000000000001
110.62997031211853  seconds  2.421355054487129 1.409821816601478 2.6
112.66488218307495  seconds  2.421355054487129 1.409821816601478 16.6
131.75344347953796  seconds  2.421355054487129 1.409821816601478 10.5
127.6838686466217  seconds  2.421355054487129 1.409821816601478 12.5
111.12403678894043  seconds  2.421355054487129 1.409821816601478 11.600000000000001
114.72808361053467  seconds  2.421355054487129 1.409821816601478 17.6
137.3147804737091  seconds  2.421355054487129 1.409821816601478 0.6000000000000001
129.35688042640686  seconds  2.421355054487129 1.409821816601478 14.5
126.46126198768616  seconds  2.421355054487129 1.409821816601478 1.6
133.58225917816162  seconds  2.421355054487129 1.409821816601478 3.6
132.7826111316681  seconds  2.421355054487129 1.409821816601478 4.6000000000000005
132.02481126785278  seconds  2.421355054487129 1.409821816601478 18.5
130.38285422325134  seconds  2.421355054487129 1.409821816601478 5.6000000000000005
129.42932891845703  seconds  2.421355054487129 1.409821816601478 19.5
112.47587990760803  seconds  2.421355054487129 1.409821816601478 9.700000000000001
125.70014119148254  seconds  2.421355054487129 1.409821816601478 7.6000000000000005
111.92116117477417  seconds  2.421355054487129 1.409821816601478 13.700000000000001
111.26344442367554  seconds  2.421355054487129 1.409821816601478 8.700000000000001
129.91438364982605  seconds  2.421355054487129 1.409821816601478 6.6000000000000005
112.69257974624634  seconds  2.421355054487129 1.409821816601478 15.700000000000001
111.53419661521912  seconds  2.421355054487129 1.409821816601478 2.7
111.64695334434509  seconds  2.421355054487129 1.409821816601478 16.7
111.1470160484314  seconds  2.421355054487129 1.409821816601478 11.700000000000001
110.9375696182251  seconds  2.421355054487129 1.409821816601478 17.7
130.52438306808472  seconds  2.421355054487129 1.409821816601478 10.600000000000001
131.2144660949707  seconds  2.421355054487129 1.409821816601478 12.600000000000001
127.87884974479675  seconds  2.421355054487129 1.409821816601478 14.600000000000001
136.00103902816772  seconds  2.421355054487129 1.409821816601478 0.7000000000000001
130.55275964736938  seconds  2.421355054487129 1.409821816601478 1.7000000000000002
127.7699704170227  seconds  2.421355054487129 1.409821816601478 3.7
114.57957530021667  seconds  2.421355054487129 1.409821816601478 9.8
132.97025108337402  seconds  2.421355054487129 1.409821816601478 4.7
124.76937508583069  seconds  2.421355054487129 1.409821816601478 18.6
111.6186466217041  seconds  2.421355054487129 1.409821816601478 13.8
111.00984716415405  seconds  2.421355054487129 1.409821816601478 8.8
128.8106746673584  seconds  2.421355054487129 1.409821816601478 19.6
135.36167407035828  seconds  2.421355054487129 1.409821816601478 5.7
127.98501801490784  seconds  2.421355054487129 1.409821816601478 7.7
110.94715094566345  seconds  2.421355054487129 1.409821816601478 15.8
129.7620232105255  seconds  2.421355054487129 1.409821816601478 6.7
111.87187647819519  seconds  2.421355054487129 1.409821816601478 2.8000000000000003
110.70744752883911  seconds  2.421355054487129 1.409821816601478 16.8
116.23189926147461  seconds  2.421355054487129 1.409821816601478 11.8
112.20540595054626  seconds  2.421355054487129 1.409821816601478 17.8
124.88785195350647  seconds  2.421355054487129 1.409821816601478 10.700000000000001
126.37851071357727  seconds  2.421355054487129 1.409821816601478 12.700000000000001
122.9836049079895  seconds  2.421355054487129 1.409821816601478 14.700000000000001
121.508948802948  seconds  2.421355054487129 1.409821816601478 0.8
126.87613272666931  seconds  2.421355054487129 1.409821816601478 1.8
124.11256504058838  seconds  2.421355054487129 1.409821816601478 3.8000000000000003
117.22358083724976  seconds  2.421355054487129 1.409821816601478 9.9
115.42160987854004  seconds  2.421355054487129 1.409821816601478 13.9
116.80477595329285  seconds  2.421355054487129 1.409821816601478 8.9
124.06436967849731  seconds  2.421355054487129 1.409821816601478 4.800000000000001
124.14911603927612  seconds  2.421355054487129 1.409821816601478 18.7
112.89217281341553  seconds  2.421355054487129 1.409821816601478 15.9
125.25499391555786  seconds  2.421355054487129 1.409821816601478 19.700000000000003
123.9754798412323  seconds  2.421355054487129 1.409821816601478 5.800000000000001
114.09192538261414  seconds  2.421355054487129 1.409821816601478 2.9000000000000004
128.0877673625946  seconds  2.421355054487129 1.409821816601478 7.800000000000001
121.55295515060425  seconds  2.421355054487129 1.409821816601478 6.800000000000001
112.7475037574768  seconds  2.421355054487129 1.409821816601478 16.900000000000002
110.58539056777954  seconds  2.421355054487129 1.409821816601478 11.9
111.65588045120239  seconds  2.421355054487129 1.409821816601478 17.900000000000002
120.09431219100952  seconds  2.421355054487129 1.409821816601478 10.8
119.34828686714172  seconds  2.421355054487129 1.409821816601478 12.8
105.20921182632446  seconds  2.421355054487129 1.409821816601478 0.9
104.7620267868042  seconds  2.421355054487129 1.409821816601478 1.9000000000000001
118.75731158256531  seconds  2.421355054487129 1.409821816601478 14.8
113.7273256778717  seconds  2.421355054487129 1.409821816601478 3.9000000000000004
111.85443210601807  seconds  2.421355054487129 1.409821816601478 18.8
114.64218521118164  seconds  2.421355054487129 1.409821816601478 4.9
110.43413043022156  seconds  2.421355054487129 1.409821816601478 5.9
111.52986216545105  seconds  2.421355054487129 1.409821816601478 19.8
109.9740092754364  seconds  2.421355054487129 1.409821816601478 7.9
109.19040632247925  seconds  2.421355054487129 1.409821816601478 6.9
107.34861779212952  seconds  2.421355054487129 1.409821816601478 10.9
104.55345797538757  seconds  2.421355054487129 1.409821816601478 12.9
104.88897037506104  seconds  2.421355054487129 1.409821816601478 14.9
101.41537308692932  seconds  2.421355054487129 1.409821816601478 18.900000000000002
100.95012736320496  seconds  2.421355054487129 1.409821816601478 19.900000000000002
time for calc.... 1451.412208557129
108514.15user 34889.23system 2:27:41elapsed 1618%CPU (0avgtext+0avgdata 21605972maxresident)k
5648inputs+129624outputs (391major+555595683minor)pagefaults 0swaps
