Machine arg is, CH1
Machine arg is, CH1
started calculating filling for chemical potential and dispersion parameters TB_single_band..
Machine arg is, CH1
reading lattice from... ./Lattices/KgridX1200.npy
reading lattice from... ./Lattices/KgridY1200.npy
Machine arg is, CH1
reading lattice from... ./Lattices/KgridX1200.npy
reading lattice from... ./Lattices/KgridY1200.npy
norm of Dos, 42.97093206665365 45.58575006211245
sum of the hist, normed? 42.97093206665365
finished calculating filling for chemical potential
Filling: 0.20819788495844793 .... chemical potential: -140.32234035297995
Machine arg is, CH1
reading lattice from... ./Lattices/KgridX1200.npy
reading lattice from... ./Lattices/KgridY1200.npy
sum of the hist, normed? 0.9999999999999923
starting high res contour.....
attempting countour of size 10280
number of sheets..... 1
contour size before interpolation..... 23837
finished high res contour..... 13.870050191879272
range of angles from marching squares -3.141423697744524 3.141423697744524
The fermi energy in mev is: 1309.0670007501876, and in units of J: 126.60222444392531, the bandwidth is:494.39071566731144
starting contour.....
finished contour..... 2.05159330368042
Machine arg is, CH1
ED starting sampling in reciprocal space....
starting high res contour.....
attempting countour of size 10280
number of sheets..... 1
contour size before interpolation..... 23837
finished high res contour..... 18.135791063308716
range of angles from marching squares -3.141423697744524 3.141423697744524
comparing volume elements 

0.024543692606170175
0.00016964956132975464 0.00016981523472952932
shapes, are they adequate? (2049, 257) 2049 257
finished sampling in reciprocal space....t= 18.22578525543213  s


differentials, dr= 0.00016981523472952932   dth= 0.024543692606170175


PLOTTING
for error, maximum difference 173.89951457418996
number of active points (2, 157340)
for error, maximum difference 173.89951457418996
number of active points (2, 282671)
300 the points 30 chunk numtheads
starting with calculation of Sigma
0.32125091552734375  seconds  -1.7274168958693144 -0.0002918571845511586 0.001
0.30271029472351074  seconds  -1.412182771108882 -1.030844120524929 0.001
0.30461788177490234  seconds  -0.5291772536245273 -1.6528112689913108 0.001
0.3498849868774414  seconds  0.5465714508313027 -1.646406180190847 0.001
0.33841753005981445  seconds  1.423476578124524 -1.0159740195183566 0.001
0.33604979515075684  seconds  1.7273433667015592 0.01814888659202192 0.001
0.3523125648498535  seconds  1.401068460469987 1.0451017093387591 0.001
0.34171414375305176  seconds  0.5122671967396781 1.6588532207172262 0.001
0.3390626907348633  seconds  -1.7271179790329678 -0.036588980431030434 0.001
0.3126564025878906  seconds  -0.4947364284795003 -1.6649238207268102 0.001
0.41679859161376953  seconds  -1.3894108850496256 -1.0596776722052317 0.001
0.4100527763366699  seconds  -0.5633480896635382 1.640046471305969 0.001
0.3113417625427246  seconds  0.5806034906947934 -1.6333194324959566 0.001
0.4045572280883789  seconds  -1.4342311933227754 1.0014340358798948 0.001
0.331981897354126  seconds  1.445146108587424 -0.9862752227957889 0.001
0.31192898750305176  seconds  1.7267547478334115 0.05444413411017522 0.001
0.3068501949310303  seconds  0.4776954512938767 1.6706354893135977 0.001
0.34943103790283203  seconds  1.3779518994123545 1.0736483323844028 0.001
0.3113899230957031  seconds  -0.46003103293552466 -1.6763581938382939 0.001
0.3412346839904785  seconds  -1.726229550904878 -0.0728809801832566 0.001
0.31603288650512695  seconds  -1.36594643306698 -1.087926251999943 0.001
0.31177544593811035  seconds  -0.5972448661762045 1.62665369601729 0.001
0.31940698623657227  seconds  0.6143598229627543 -1.6196162807263508 0.001
0.3373403549194336  seconds  -1.4555269610227153 0.9714589259370225 0.001
0.3147885799407959  seconds  1.7255751318130368 0.09073168161648199 0.001
0.3416910171508789  seconds  1.4660490540407538 -0.9560184840527503 0.001
0.3378877639770508  seconds  0.4428623553456195 1.6817262732774638 0.001
0.3414924144744873  seconds  1.3541585013840682 1.1016069976632683 0.001
0.32062315940856934  seconds  -0.4250680402621617 -1.6870870372913067 0.001
0.33586978912353516  seconds  -1.7247480011029819 -0.10916252477831824 0.001
0.30303263664245605  seconds  -1.3418216151169735 -1.1155845364689954 0.001
0.3065366744995117  seconds  0.6478378428453966 -1.6053178281351093 0.001
0.3370962142944336  seconds  -0.6308645547130738 1.6126551711094335 0.001
0.3030092716217041  seconds  1.7237997733404389 0.12700598632863327 0.001
0.37883424758911133  seconds  -1.4760432513349944 0.9409334693682714 0.001
0.3377044200897217  seconds  1.486159992307062 -0.9252200641125328 0.001
0.3329660892486572  seconds  0.4077757134592273 1.6920976140042066 0.001
0.3108193874359131  seconds  -0.3898561556510836 -1.697081843100805 0.001
0.3314981460571289  seconds  1.3297207968188363 1.1289737670921995 0.001
0.32969045639038086  seconds  -1.7226674381763387 -0.14542779274686046 0.001
0.2964189052581787  seconds  -1.3170691768874883 -1.1426499850569134 0.001
0.3080477714538574  seconds  -0.6642049490084007 1.5980709972883935 0.001
0.3640148639678955  seconds  0.6810356957801731 -1.5904431122303622 0.001
0.32366394996643066  seconds  1.7214216428706057 0.16326089590600587 0.001
0.3269045352935791  seconds  1.5054567506391883 -0.8938993257970382 0.001
0.3347136974334717  seconds  -1.495756228901129 0.9098755048966519 0.001
0.28969860076904297  seconds  0.37244516475244216 1.7017206229701745 0.001
0.29898881912231445  seconds  -0.3544060337961523 -1.7063134680637242 0.001
0.30359983444213867  seconds  -1.2917218492458185 -1.1691225748972485 0.001
0.3380312919616699  seconds  1.3046716190152277 1.1557474004370993 0.001
0.32932186126708984  seconds  -1.7199796863774481 -0.18167023193253737 0.001
0.3050093650817871  seconds  -0.6972644132825889 1.5829190314962867 0.001
0.3234851360321045  seconds  0.7139518960532363 -1.57500874340186 0.001
0.29620862007141113  seconds  1.7184314853713318 0.19948941229968617 0.001
0.30933213233947754  seconds  1.523920621324846 -0.8620783915013723 0.001
0.3039095401763916  seconds  -1.5146453157343651 0.8783057434532323 0.001
0.3145148754119873  seconds  0.33688238599419434 1.7105660489805967 0.001
0.30277585983276367  seconds  -0.31873041317096074 -1.7147526178901955 0.001
0.30690956115722656  seconds  -1.265812034278167 -1.1950047065656262 0.001
0.33880066871643066  seconds  1.279043588585877 1.1819290979589236 0.001
0.3396315574645996  seconds  -1.7166743464497833 -0.2178823217734476 0.001
0.3322887420654297  seconds  -0.7300415764699277 1.5672147309426339 0.001
0.3240232467651367  seconds  0.7465851535361736 -1.5590290281919825 0.001
0.31667208671569824  seconds  1.7148179139247646 0.23568346343627908 0.001
0.3166162967681885  seconds  1.5415369435032342 -0.8297820111448112 0.001
0.31995415687561035  seconds  -1.532693808165752 0.8462476729048704 0.001
0.31835150718688965  seconds  -0.2828442049327116 -1.7223703339265617 0.001
0.3325779438018799  seconds  0.30110115784651453 1.7186046397633556 0.001
0.31148529052734375  seconds  -1.239371066726244 -1.2203005822597048 0.001
0.34357357025146484  seconds  -1.7127390417920796 -0.25405536477335894 0.001
0.3615117073059082  seconds  1.2528686219995024 1.2075221790933985 0.001
0.34888648986816406  seconds  -0.7625351454605989 1.5509712508705094 0.001
0.34308671951293945  seconds  0.7789340937757806 -1.5425159069012777 0.001
0.3961918354034424  seconds  1.7105675561731184 0.271833686940333 0.001
0.3645493984222412  seconds  -1.5498889934784874 0.8137271276674051 0.001
0.40644335746765137  seconds  1.5582951206380034 -0.7970370746042845 0.001
0.34148240089416504  seconds  -0.24676452417441902 -1.7291385399956043 0.001
0.3726987838745117  seconds  0.26511749177871086 1.7258078593663961 0.001
0.3574373722076416  seconds  -1.2124290093417955 -1.245016043752848 0.001
0.3770744800567627  seconds  1.2261774914293344 1.232531718516235 0.001
0.3886396884918213  seconds  -1.7081594287255195 -0.29017926202483824 0.001
0.3777635097503662  seconds  -0.7947435955485632 1.5341993411468058 0.001
0.33689260482788086  seconds  0.8109969537032591 -1.5254788700478008 0.001
0.3311178684234619  seconds  1.705665158458759 0.30792922016142993 0.001
0.3558797836303711  seconds  -1.5662224215741585 0.7807719531919299 0.001
0.3267357349395752  seconds  -0.21051070812149925 -1.735030800610576 0.001
0.3577086925506592  seconds  1.5741888047839183 -0.7638722375627315 0.001
0.31165337562561035  seconds  -1.1850143197398688 -1.2691582046630001 0.001
0.3218686580657959  seconds  0.22894959667286122 1.7321483332501326 0.001
0.34720706939697266  seconds  1.198999472847317 1.256964187675893 0.001
0.3442869186401367  seconds  -1.7029194519277786 -0.3262423281913201 0.001
0.3156712055206299  seconds  0.8427714311263086 -1.507925186340179 0.001
0.33154940605163574  seconds  -0.8266649143954609 1.5169073650582379 0.001
0.3167097568511963  seconds  1.7000939644813906 0.343957545914392 0.001
0.3176748752593994  seconds  -0.1741041845249068 -1.740022710864597 0.001
0.34441065788269043  seconds  -1.581689825712105 0.7474114972438999 0.001
0.31420230865478516  seconds  0.19261784646279476 1.7376005272182788 0.001
0.3563213348388672  seconds  1.5892159553740564 -0.7303174890440285 0.001
0.33684515953063965  seconds  -1.1571535085598983 -1.2927349642762689 0.001
0.328718900680542  seconds  0.8742544005088514 -1.4898598772712426 0.001
0.33721256256103516  seconds  -0.8582964369000248 1.4991014985911868 0.001
0.3570842742919922  seconds  1.171362111671539 1.280827151495453 0.001
0.36788439750671387  seconds  -1.6970015843340787 -0.36223112619761444 0.001
0.3244900703430176  seconds  1.693835751275462 0.3799042985316835 0.001
0.33040428161621094  seconds  -0.13756835771265005 -1.7440927231100711 0.001
0.3558809757232666  seconds  -1.5962911429861786 0.7136761779157276 0.001
0.33805131912231445  seconds  -1.1288709968086268 -1.3157547145988784 0.001
0.366473913192749  seconds  0.15614467902390375 1.7421414554592598 0.001
0.4422140121459961  seconds  1.603378524966134 -0.6964035750854638 0.001
0.3241922855377197  seconds  0.9054416693068307 -1.4712857908802002 0.001
0.35204267501831055  seconds  -0.8896345221522846 1.480785649284837 0.001
0.32906460762023926  seconds  1.6868713302772018 0.4157531868368666 0.001
0.3658714294433594  seconds  1.1432909212084086 1.3041288188256122 0.001
0.35399842262268066  seconds  -1.6903870351387327 -0.3981303218002606 0.001
0.33085012435913086  seconds  -0.10092835896267875 -1.7472225042936347 0.001
0.3355555534362793  seconds  -1.6100303023227578 0.6795969780792471 0.001
0.2971203327178955  seconds  0.1195543611016246 1.7457509397042135 0.001
0.3134043216705322  seconds  -1.1001890825722407 -1.3382260972343576 0.001
0.3261072635650635  seconds  0.9363277870010297 -1.4522037617538597 0.001
0.31072473526000977  seconds  -0.920674416656183 1.4619617122130018 0.001
0.33500218391418457  seconds  1.6791807308108482 0.45148587747888375 0.001
0.3581216335296631  seconds  1.1148092756242043 1.3268777197277333 0.001
0.3574028015136719  seconds  -1.6830562257701627 -0.4339226004236662 0.001
0.3177063465118408  seconds  -0.06421077961361309 -1.749397555675894 0.001
0.2969233989715576  seconds  0.08287279560515987 1.748412598979531 0.001
0.3250720500946045  seconds  -1.0711277243307717 -1.3601574695006011 0.001
0.3567163944244385  seconds  -1.622914910075193 0.6452049451944768 0.001
0.5853221416473389  seconds  1.6166823980899467 -0.6621615886381191 0.001
0.3305528163909912  seconds  0.966905876069168 -1.4326128065595962 0.001
0.36156225204467773  seconds  -0.9514099561758763 1.4426295488637453 0.001
0.3439033031463623  seconds  1.6707435988947226 0.48708195927799947 0.001
0.35428357124328613  seconds  1.0859383367448294 1.3490824178250975 0.001
0.3172285556793213  seconds  0.046127162031569885 1.7501139097376355 0.001
0.34282350540161133  seconds  -0.02744332373355191 -1.750607578477022 0.001
0.33519673347473145  seconds  -1.0417046896876954 -1.3815568311950768 0.001
0.36741065979003906  seconds  -1.634955792106005 0.6105307050757641 0.001
0.478971004486084  seconds  -1.6749889083752623 -0.46958857032843054 0.001
0.379030704498291  seconds  1.6291367942299593 -0.6276223897398546 0.001
0.3532083034515381  seconds  0.9971673387786953 -1.4125101085954268 0.001
0.34582972526550293  seconds  -0.9818334555314479 1.4227872785512776 0.001
0.3453028202056885  seconds  1.6615397392109403 0.5225189828671223 0.001
0.34321069717407227  seconds  1.0566969742311816 1.3707511124321177 0.001
0.32976770401000977  seconds  0.009345574380747379 1.7508467658613007 0.001
0.37556958198547363  seconds  0.009345574380747379 -1.750846765861301 0.001
0.3566138744354248  seconds  -1.0119354821030866 -1.4024313710259542 0.001
0.38284921646118164  seconds  -1.6461667210871054 0.5756040976327076 0.001
0.4092109203338623  seconds  1.640754176186197 -0.5928162840832648 0.001
0.3573472499847412  seconds  1.0271018363834556 -1.391891442182268 0.001
0.36305713653564453  seconds  -1.0119354821030866 1.4024313710259544 0.001
0.35927557945251465  seconds  1.6515494798858594 0.5577725174475717 0.001
0.35486507415771484  seconds  1.0271018363834556 1.391891442182268 0.001
0.35553669929504395  seconds  -0.027443323733552686 1.7506075784770219 0.001
0.5776815414428711  seconds  -1.666164736742678 -0.5051067731905887 0.001
0.344313383102417  seconds  0.04612716203157027 -1.7501139097376355 0.001
0.3419790267944336  seconds  -0.9818334555314477 -1.4227872785512774 0.001
0.3867988586425781  seconds  -1.656563727408889 0.5404537410890701 0.001
0.361675500869751  seconds  1.0566969742311816 -1.3707511124321174 0.001
0.3408041000366211  seconds  1.640754176186197 0.5928162840832648 0.001
0.3567502498626709  seconds  -1.041704689687696 1.3815568311950766 0.001
0.4670071601867676  seconds  1.6515494798858597 -0.557772517447571 0.001
0.3443613052368164  seconds  0.9971673387786948 1.4125101085954275 0.001
0.3558816909790039  seconds  -0.06421077961361348 1.749397555675894 0.001
0.3577718734741211  seconds  0.08287279560516066 -1.748412598979531 0.001
0.3425023555755615  seconds  -0.9514099561758755 -1.442629548863746 0.001
0.5831167697906494  seconds  -1.6565637274088887 -0.5404537410890699 0.001
0.36710667610168457  seconds  1.6291367942299593 0.6276223897398554 0.001
0.4266388416290283  seconds  1.08593833674483 -1.349082417825097 0.001
0.3937249183654785  seconds  -1.0711277243307717 1.360157469500601 0.001
0.3738229274749756  seconds  0.966905876069168 1.4326128065595962 0.001
0.3835277557373047  seconds  -0.10092835896267875 1.7472225042936347 0.001
0.3753504753112793  seconds  0.1195543611016246 -1.7457509397042135 0.001
0.39101409912109375  seconds  -0.9206744166561832 -1.4619617122130015 0.001
0.6142220497131348  seconds  -1.6661647367426782 0.5051067731905879 0.001
0.647228479385376  seconds  1.6615397392109406 -0.5225189828671216 0.001
0.37458324432373047  seconds  1.6166823980899463 0.6621615886381198 0.001
0.371532678604126  seconds  0.9363277870010298 1.45220376175386 0.001
0.4021620750427246  seconds  -1.1001890825722405 1.3382260972343576 0.001
0.5193538665771484  seconds  -1.6461667210871052 -0.5756040976327083 0.001
0.3832132816314697  seconds  -0.13756835771265083 1.7440927231100711 0.001
0.46084046363830566  seconds  1.1148092756242043 -1.3268777197277333 0.001
0.369415283203125  seconds  0.15614467902390414 -1.74214145545926 0.001
0.3817107677459717  seconds  -0.8896345221522846 -1.4807856492848368 0.001
0.37726640701293945  seconds  1.603378524966134 0.6964035750854637 0.001
0.6205320358276367  seconds  -1.6749889083752627 0.4695885703284293 0.001
0.37254905700683594  seconds  0.9054416693068302 1.4712857908802006 0.001
0.392197847366333  seconds  -1.6349557921060045 -0.6105307050757649 0.001
0.3972737789154053  seconds  -1.1288709968086272 1.3157547145988782 0.001
0.385936975479126  seconds  -0.17410418452490717 1.7400227108645965 0.001
0.38078975677490234  seconds  0.19261784646279553 -1.7376005272182786 0.001
0.3992125988006592  seconds  1.1432909212084088 -1.3041288188256124 0.001
0.6137561798095703  seconds  1.6707435988947223 -0.4870819592779994 0.001
0.4434854984283447  seconds  -0.8582964369000241 -1.4991014985911872 0.001
0.35150980949401855  seconds  -1.6830562257701627 0.4339226004236661 0.001
0.3208174705505371  seconds  0.8742544005088514 1.4898598772712424 0.001
0.3736557960510254  seconds  1.5892159553740561 0.7303174890440293 0.001
0.30434370040893555  seconds  -1.157153508559899 1.2927349642762689 0.001
0.3004896640777588  seconds  -0.21051070812149925 1.735030800610576 0.001
0.32297515869140625  seconds  -1.6229149100751927 -0.6452049451944766 0.001
0.3054192066192627  seconds  0.22894959667286113 -1.7321483332501322 0.001
0.31772732734680176  seconds  1.1713621116715394 -1.2808271514954523 0.001
0.3115274906158447  seconds  -0.8266649143954609 -1.516907365058238 0.001
0.3044114112854004  seconds  0.8427714311263086 1.507925186340179 0.001
0.2801482677459717  seconds  -1.1850143197398686 1.2691582046630003 0.001
0.4898960590362549  seconds  1.6791807308108484 -0.45148587747888297 0.001
0.30237364768981934  seconds  1.5741888047839179 0.763872237562732 0.001
0.29023098945617676  seconds  -0.2467645241744198 1.729138539995604 0.001
0.3291890621185303  seconds  -1.6903870351387327 0.39813032180025953 0.001
0.3022277355194092  seconds  0.26511749177871125 -1.7258078593663961 0.001
0.3127892017364502  seconds  -1.6100303023227573 -0.6795969780792476 0.001
0.2977790832519531  seconds  1.1989994728473177 -1.2569641876758926 0.001
0.30647897720336914  seconds  -0.7947435955485632 -1.5341993411468058 0.001
0.28948044776916504  seconds  -1.2124290093417962 1.2450160437528477 0.001
0.2871055603027344  seconds  -0.282844204932712 1.7223703339265615 0.001
0.307605504989624  seconds  0.8109969537032585 1.5254788700478012 0.001
0.31186389923095703  seconds  1.686871330277202 -0.41575318683686585 0.001
0.30658555030822754  seconds  1.5582951206380031 0.7970370746042844 0.001
0.30699801445007324  seconds  0.30110115784651525 -1.7186046397633556 0.001
0.3400843143463135  seconds  -1.6970015843340789 0.36223112619761333 0.001
0.3080568313598633  seconds  -1.5962911429861786 -0.713676177915728 0.001
0.3011200428009033  seconds  1.2261774914293342 -1.2325317185162348 0.001
0.30890440940856934  seconds  -0.7625351454605982 -1.5509712508705098 0.001
0.27645277976989746  seconds  -1.239371066726244 1.220300582259705 0.001
0.2780132293701172  seconds  -0.31873041317096057 1.7147526178901953 0.001
0.3015756607055664  seconds  0.7789340937757806 1.5425159069012777 0.001
0.29923200607299805  seconds  1.693835751275462 -0.3799042985316835 0.001
0.30446505546569824  seconds  1.5415369435032338 0.8297820111448118 0.001
0.3161196708679199  seconds  0.33688238599419446 -1.7105660489805967 0.001
0.30803656578063965  seconds  -1.5816898257121053 -0.7474114972438997 0.001
0.2998013496398926  seconds  1.252868621999503 -1.207522179093398 0.001
0.3247966766357422  seconds  -1.7029194519277786 0.3262423281913201 0.001
0.2997140884399414  seconds  -0.7300415764699276 -1.5672147309426339 0.001
0.3111534118652344  seconds  -1.2658120342781662 1.1950047065656264 0.001
0.32477283477783203  seconds  -0.3544060337961531 1.706313468063724 0.001
0.30955934524536133  seconds  0.7465851535361734 1.5590290281919825 0.001
0.3221242427825928  seconds  1.7000939644813908 -0.34395754591439126 0.001
0.32869768142700195  seconds  1.5239206213248457 0.8620783915013729 0.001
0.3149886131286621  seconds  0.3724451647524425 -1.7017206229701742 0.001
0.3154914379119873  seconds  1.2790435885858775 -1.181929097958923 0.001
0.3201465606689453  seconds  -1.5662224215741576 -0.780771953191931 0.001
0.33902406692504883  seconds  -1.7081594287255197 0.290179262024837 0.001
0.3606865406036377  seconds  -1.2917218492458193 1.1691225748972478 0.001
0.5052003860473633  seconds  -0.6972644132825886 -1.5829190314962867 0.001
0.3709983825683594  seconds  -0.389856155651084 1.697081843100805 0.001
0.38535284996032715  seconds  0.7139518960532357 1.5750087434018603 0.001
0.37565040588378906  seconds  1.7056651584587592 -0.3079292201614292 0.001
0.3560318946838379  seconds  1.3046716190152277 -1.1557474004370993 0.001
0.39163875579833984  seconds  1.5054567506391883 0.8938993257970383 0.001
0.36821746826171875  seconds  -1.5498889934784867 -0.8137271276674061 0.001
0.3548133373260498  seconds  -1.71273904179208 0.25405536477335794 0.001
0.4028935432434082  seconds  0.40777571345922803 -1.6920976140042063 0.001
0.38711023330688477  seconds  -1.3170691768874883 1.1426499850569132 0.001
0.3946499824523926  seconds  -0.4250680402621618 1.6870870372913067 0.001
0.3470113277435303  seconds  1.3297207968188367 -1.1289737670921989 0.001
0.3567020893096924  seconds  -1.532693808165752 -0.8462476729048704 0.001
0.3948347568511963  seconds  1.4861599923070616 0.9252200641125334 0.001
0.3704187870025635  seconds  -1.7166743464497833 0.21788232177344782 0.001
0.3641200065612793  seconds  0.4428623553456195 -1.6817262732774636 0.001
0.4634988307952881  seconds  1.7105675561731184 -0.271833686940333 0.001
0.5399870872497559  seconds  -0.6642049490083999 -1.5980709972883935 0.001
0.5735929012298584  seconds  0.6810356957801728 1.5904431122303624 0.001
0.3822300434112549  seconds  -1.3418216151169735 1.1155845364689954 0.001
0.3500790596008301  seconds  1.354158501384069 -1.1016069976632679 0.001
0.35588693618774414  seconds  -1.5146453157343651 -0.8783057434532328 0.001
0.40885353088378906  seconds  -0.4600310329355254 1.6763581938382939 0.001
0.3566861152648926  seconds  0.477695451293877 -1.6706354893135973 0.001
0.3821268081665039  seconds  -1.7199796863774481 0.1816702319325368 0.001
0.39432382583618164  seconds  1.4660490540407534 0.9560184840527509 0.001
0.4238598346710205  seconds  1.7148179139247648 -0.23568346343627827 0.001
0.5679976940155029  seconds  -0.6308645547130739 -1.6126551711094335 0.001
0.5329968929290771  seconds  0.6478378428453967 1.605317828135109 0.001
0.3806192874908447  seconds  1.3779518994123543 -1.0736483323844028 0.001
0.42841076850891113  seconds  -1.3659464330669808 1.0879262519999424 0.001
0.415128231048584  seconds  -1.4957562289011286 -0.9098755048966526 0.001
0.4488942623138428  seconds  -0.49473642847950067 1.6649238207268102 0.001
0.42403292655944824  seconds  0.5122671967396789 -1.6588532207172257 0.001
0.43513059616088867  seconds  -1.7226674381763387 0.14542779274685938 0.001
0.4804716110229492  seconds  1.7184314853713318 -0.1994894122996854 0.001
0.5859799385070801  seconds  1.445146108587424 0.986275222795789 0.001
0.4420285224914551  seconds  -1.3894108850496256 1.059677672205232 0.001
0.4894256591796875  seconds  0.6143598229627536 1.619616280726351 0.001
0.41498875617980957  seconds  -1.4760432513349941 -0.9409334693682713 0.001
0.47875332832336426  seconds  1.4010684604699877 -1.0451017093387585 0.001
0.5821173191070557  seconds  -0.5972448661762039 -1.62665369601729 0.001
0.4620692729949951  seconds  -0.5291772536245273 1.6528112689913106 0.001
0.45905494689941406  seconds  -1.7247480011029819 0.10916252477831795 0.001
0.4099009037017822  seconds  1.7214216428706057 -0.16326089590600587 0.001
0.38360095024108887  seconds  -1.412182771108882 1.030844120524929 0.001
0.38388991355895996  seconds  0.5806034906947928 1.6333194324959563 0.001
0.38752245903015137  seconds  -1.4555269610227153 -0.9714589259370225 0.001
0.584766149520874  seconds  1.4234765781245233 1.0159740195183575 0.001
0.36290717124938965  seconds  1.7237997733404387 -0.12700598632863247 0.001
0.4751310348510742  seconds  -1.726229550904878 0.07288098018325588 0.001
0.5591135025024414  seconds  -0.5633480896635374 -1.6400464713059693 0.001
0.3589639663696289  seconds  -1.4342311933227752 -1.001434035879895 0.001
0.39104461669921875  seconds  0.5465714508313023 1.646406180190847 0.001
0.33098483085632324  seconds  1.7255751318130368 -0.09073168161648122 0.001
0.3191952705383301  seconds  -1.7271179790329678 0.036588980431029365 0.001
0.29575300216674805  seconds  1.7267547478334115 -0.05444413411017522 0.001
0.30765438079833984  seconds  -1.7274168958693144 0.0002918571845507145 0.001
0.29150938987731934  seconds  1.7273433667015592 -0.018148886592021154 0.001
time for calc.... 12.486098051071167
169.11user 77.89system 2:34.01elapsed 160%CPU (0avgtext+0avgdata 9650992maxresident)k
7520inputs+2792outputs (147major+7500933minor)pagefaults 0swaps
