reading lattice from... ./Lattices/sqKgridX100.npy
reading lattice from... ./Lattices/sqKgridY100.npy
started calculating filling for chemical potential and dispersion parameters TB_single_band..
reading lattice from... ./Lattices/KgridX400.npy
reading lattice from... ./Lattices/KgridY400.npy
reading lattice from... ./Lattices/KgridX400.npy
reading lattice from... ./Lattices/KgridY400.npy
finished calculating filling for chemical potential
Filling: 0.5021914101708863 .... chemical potential: 29.41164495334965
dispersion params: 54.93230174081238 	 -10.444874274661508
The fermi energy in mev is: 3064.1164088176356, and in units of J: 296.3362097502549, the bandwidth is:494.39071566731144
reading lattice from... ./Lattices/KgridX1000.npy
reading lattice from... ./Lattices/KgridY1000.npy
reading lattice from... ./Lattices/sqKgridX1000.npy
reading lattice from... ./Lattices/sqKgridY1000.npy
101 the fermi surface points 6 numtheads
starting with calculation of Sigma
0.5161473751068115  seconds  -0.024945675793133226 -2.8161907488399467
0.45372605323791504  seconds  -0.9728813559322034 -2.4583851965736856
0.4615302085876465  seconds  -1.796088657105606 -1.9791022367058257
0.5428369045257568  seconds  -2.4690068785779684 -1.3524554541503693
0.49842381477355957  seconds  -1.1112083417911718 -2.3798348544111256
0.5542562007904053  seconds  -0.2191655801825294 -2.792227306218569
0.5719032287597656  seconds  -2.616652882337493 -0.21382007822685756
0.4988553524017334  seconds  -1.9285861713018952 -1.8948283355063014
0.5582265853881836  seconds  -2.571839841119024 1.0256410256410255
0.5680866241455078  seconds  -2.0568727012565935 1.8061712299000439
0.5721476078033447  seconds  -2.530204259017818 -1.1984655239329292
0.5761890411376953  seconds  -1.2490656236418949 2.3006338277527103
0.5273654460906982  seconds  -1.2490656236418949 -2.3006338277527103
0.5814700126647949  seconds  -0.3884398087787919 -2.743402291241713
0.5811965465545654  seconds  -2.616966647080588 0.0
0.6009700298309326  seconds  -0.3884398087787919 2.7434022912417135
0.5272085666656494  seconds  -2.0568727012565944 -1.8061712299000434
0.591747522354126  seconds  -2.530204259017818 1.1984655239329292
0.6004791259765625  seconds  0.6574967405475878 2.6271700108337774
0.6021840572357178  seconds  -1.928586171301894 1.8948283355063023
0.6103389263153076  seconds  1.4931768796175575 2.1593658903371877
0.6124820709228516  seconds  -2.571839841119024 -1.0256410256410255
0.6118972301483154  seconds  -1.1112083417911718 2.3798348544111256
0.571277379989624  seconds  -1.3862668405041283 -2.2213978014208307
0.6221780776977539  seconds  2.265870765405998 1.6305953933072583
0.575347900390625  seconds  -0.543459365493264 -2.680965670701486
0.5080554485321045  seconds  -2.178749557444965 -1.7105606258148633
0.6210882663726807  seconds  -2.616652882337493 0.213820078226858
0.632551908493042  seconds  -0.2191655801825294 2.792227306218569
0.6387865543365479  seconds  2.6075039372111597 0.6814428509343768
0.6037967205047607  seconds  -2.469006878577968 1.3524554541503697
0.6274473667144775  seconds  0.8000434593654928 2.553529293298396
0.6531915664672852  seconds  2.6113242733416926 -0.5875706214689265
0.6359362602233887  seconds  -1.796088657105606 1.9791022367058257
0.6346862316131592  seconds  1.6301443532370459 2.0790960451977405
0.6112241744995117  seconds  2.313730042429954 -1.5801825293350715
0.6324126720428467  seconds  -2.5968143651433158 -0.8361581920903953
0.6094167232513428  seconds  -0.9728813559322034 2.458385196573686
0.6138021945953369  seconds  -1.5235307117886814 -2.14167753150804
0.5413570404052734  seconds  -2.2896566710126027 -1.6062493997558465
0.6118261814117432  seconds  -0.6897459576583111 -2.611038678835289
0.6302285194396973  seconds  2.3671658213176814 1.5158626684050418
0.6318328380584717  seconds  -2.61496303446288 0.42590178183398564
0.6699326038360596  seconds  1.555541069100391 -2.1229714393820576
0.5332169532775879  seconds  0.7234245980008689 -2.5938343297545767
0.6608657836914062  seconds  -0.024945675793133226 2.8161907488399467
0.6085333824157715  seconds  -2.3877646932055163 1.4880486744893524
0.6324703693389893  seconds  2.6141658421216176 0.4745762711864412
0.5993516445159912  seconds  0.9408083441981745 2.4763639948190708
0.6280817985534668  seconds  2.6006353551490045 -0.790960451977401
0.6079702377319336  seconds  -1.6606692742285962 2.060996522217499
0.4954957962036133  seconds  -2.3877646932055163 -1.4880486744893524
0.6080029010772705  seconds  1.7657974793568014 1.997702905203677
0.6086852550506592  seconds  2.2047710812218613 -1.6879617557583657
0.6130974292755127  seconds  -2.6096127859447087 -0.6345067362016512
0.6050333976745605  seconds  -0.8321164710995221 2.5362522348656857
0.6159834861755371  seconds  -1.6606692742285962 -2.060996522217499
0.6111354827880859  seconds  -0.8321164710995221 -2.5362522348656857
0.6053485870361328  seconds  2.451912257537374 1.3854845719252502
0.513300895690918  seconds  0.5773142112125162 -2.6655826733629424
0.5963966846466064  seconds  -2.6096127859447087 0.6345067362016517
0.6344091892242432  seconds  1.418339852238157 -2.2028227894898706
0.599090576171875  seconds  -2.2896566710126027 1.6062493997558462
0.6002521514892578  seconds  2.616445372786151 0.26249456757931355
0.6316080093383789  seconds  0.17719829845572493 2.8005215123859193
0.5835890769958496  seconds  1.079791395045632 2.397785581402676
0.5885224342346191  seconds  2.578832269697698 -0.9839200347674923
0.5808684825897217  seconds  -1.5235307117886803 2.1416775315080407
0.5806882381439209  seconds  1.8993017333531739 1.913950456323338
0.5780785083770752  seconds  2.085029339388275 -1.7853107344632768
0.5805094242095947  seconds  -2.61496303446288 -0.4259017818339852
0.5790011882781982  seconds  -0.6897459576583111 2.611038678835289
0.4781169891357422  seconds  0.4240764884832684 -2.7303557269623626
0.5626225471496582  seconds  2.5177768129260976 1.2359843546284228
0.564507007598877  seconds  -2.5968143651433158 0.8361581920903953
0.5644485950469971  seconds  1.2805402398711225 -2.2824858757062145
0.5629796981811523  seconds  -2.178749557444965 1.7105606258148633
0.5616641044616699  seconds  2.616953467469413 0.04867448935245555
0.5690939426422119  seconds  0.3510212950890912 2.7561437732610026
0.5536446571350098  seconds  1.2171923796090136 2.3189917427205566
0.5487799644470215  seconds  2.5411968469730537 -1.1612342459800087
0.544780969619751  seconds  -1.3862668405041283 2.2213978014208307
0.44234514236450195  seconds  0.2583659278574535 -2.783032302613339
0.5409424304962158  seconds  2.027899128990798 1.82703172533681
0.5358476638793945  seconds  1.958235549760973 -1.8751057426265663
0.5293540954589844  seconds  -0.543459365493264 2.680965670701486
0.52321457862854  seconds  2.564059104737071 1.06610859066661
0.5079567432403564  seconds  1.1421555845284654 -2.3621084771342495
0.5108513832092285  seconds  2.616794619082061 -0.165145588874402
0.5161986351013184  seconds  0.5085857062096537 2.6962190352020867
0.5032787322998047  seconds  1.3557922584807076 2.239026510212951
0.42571282386779785  seconds  0.07127335940895296 -2.81389496652667
0.4884500503540039  seconds  2.4845648438034282 -1.3194263363754888
0.491912841796875  seconds  2.1516378577883994 1.7331594958713605
0.4876983165740967  seconds  1.8263798348544107 -1.9602917291791533
0.4712975025177002  seconds  2.5924756695136337 0.8796175575836597
0.468184232711792  seconds  1.0042878588444897 -2.4406779661016946
0.4608418941497803  seconds  2.6155689039782146 -0.3772272924815296
0.44724059104919434  seconds  2.4080888676421632 -1.458496305953933
0.4344043731689453  seconds  1.6915247478231827 -2.0425901781833984
0.42435574531555176  seconds  0.8641894828335506 -2.5187761430448345
time for calc.... 5.909664154052734
 plotting data from the run ...
saving data from the run ...
