reading lattice from... ./Lattices/sqKgridX8000.npy
reading lattice from... ./Lattices/sqKgridY8000.npy
starting sampling in reciprocal space....
 finished sampling in reciprocal space.... 0.07133126258850098
started calculating filling for chemical potential and dispersion parameters TB_single_band..
reading lattice from... ./Lattices/KgridX400.npy
reading lattice from... ./Lattices/KgridY400.npy
reading lattice from... ./Lattices/KgridX400.npy
reading lattice from... ./Lattices/KgridY400.npy
finished calculating filling for chemical potential
Filling: 0.5021914101708863 .... chemical potential: 29.41164495334965
The fermi energy in mev is: 3064.1164088176356, and in units of J: 296.3362097502549, the bandwidth is:494.39071566731144
reading lattice from... ./Lattices/KgridX8000.npy
reading lattice from... ./Lattices/KgridY8000.npy
reading lattice from... ./Lattices/sqKgridX8000.npy
reading lattice from... ./Lattices/sqKgridY8000.npy
energy at the point.. 2.612699153466239 0.5406345067362022  is  7.400112771449585e-06
the angle is  0.20404589651971108
10 the fermi surface points 2 chunk numtheads
starting with calculation of Sigma
168.5820436477661  seconds  2.612699153466239 0.5406345067362022 0
168.28245306015015  seconds  2.6719689351532985 0.5421814381316298 0
168.2810561656952  seconds  2.7312387168403585 0.5437283695270573 0
166.58974885940552  seconds  2.790508498527418 0.5452753009224849 0
171.36251521110535  seconds  2.8497782802144775 0.5468222323179124 0
170.31215715408325  seconds  2.6423340443097687 0.5414079724339159 0
172.41801714897156  seconds  2.7016038259968287 0.5429549038293435 0
169.59748721122742  seconds  2.7608736076838882 0.544501835224771 0
162.40025734901428  seconds  2.8201433893709478 0.5460487666201986 0
168.55418872833252  seconds  2.8794131710580073 0.5475956980156261 0
time for calc.... 404.0492265224457
 plotting data from the run ...
saving data from the run ...
energy at the point.. 2.5966539165555025 0.8378965667101266  is  1.0400959698841916e-05
the angle is  0.3121349978541341
10 the fermi surface points 2 chunk numtheads
starting with calculation of Sigma
169.37434434890747  seconds  2.5966539165555025 0.8378965667101266 0
169.0678515434265  seconds  2.65702886209787 0.8434869362577044 0
170.59908723831177  seconds  2.717403807640237 0.8490773058052823 0
170.67149090766907  seconds  2.7777787531826044 0.8546676753528601 0
172.7325530052185  seconds  2.8381536987249714 0.8602580449004381 0
169.77088356018066  seconds  2.626841389326686 0.8406917514839155 0
171.08427119255066  seconds  2.687216334869053 0.8462821210314934 0
170.12193298339844  seconds  2.7475912804114206 0.8518724905790712 0
171.4590027332306  seconds  2.8079662259537876 0.8574628601266492 0
167.1149001121521  seconds  2.868341171496155 0.863053229674227 0
time for calc.... 406.4537010192871
 plotting data from the run ...
saving data from the run ...
energy at the point.. 2.5477213028327195 1.1368970013037814  is  9.295332997538708e-06
the angle is  0.4197233160056505
10 the fermi surface points 2 chunk numtheads
starting with calculation of Sigma
169.6481626033783  seconds  2.5477213028327195 1.1368970013037814 0
170.80462384223938  seconds  2.607753845774826 1.1523810998613908 0
170.4507782459259  seconds  2.6677863887169324 1.1678651984190003 0
175.6530954837799  seconds  2.727818931659039 1.1833492969766097 0
177.49553656578064  seconds  2.7878514746011454 1.1988333955342192 0
171.89630341529846  seconds  2.5777375743037725 1.144639050582586 0
174.586975812912  seconds  2.637770117245879 1.1601231491401955 0
170.60452508926392  seconds  2.6978026601879854 1.175607247697805 0
170.60661387443542  seconds  2.757835203130092 1.1910913462554145 0
169.50157809257507  seconds  2.8178677460721984 1.206575444813024 0
time for calc.... 411.4271237850189
 plotting data from the run ...
saving data from the run ...
energy at the point.. 2.4372546507317705 1.4115601912212083  is  1.07841213363713e-05
the angle is  0.5249549448529208
10 the fermi surface points 2 chunk numtheads
starting with calculation of Sigma
167.30493593215942  seconds  2.4372546507317705 1.4115601912212083 0
169.9631061553955  seconds  2.4913344804294115 1.4430682991034762 0
168.1575632095337  seconds  2.545414310127052 1.474576406985744 0
171.4734616279602  seconds  2.599494139824693 1.506084514868012 0
170.90655899047852  seconds  2.653573969522334 1.5375926227502799 0
174.51776027679443  seconds  2.464294565580591 1.4273142451623422 0
173.74950075149536  seconds  2.5183743952782316 1.45882235304461 0
171.56518149375916  seconds  2.5724542249758726 1.490330460926878 0
169.94689989089966  seconds  2.6265340546735136 1.5218385688091458 0
169.01026701927185  seconds  2.680613884371154 1.5533466766914137 0
time for calc.... 402.8709330558777
 plotting data from the run ...
saving data from the run ...
5593.18user 1536.16system 27:23.62elapsed 433%CPU (0avgtext+0avgdata 38259076maxresident)k
0inputs+126920outputs (257major+118833502minor)pagefaults 0swaps
