reading lattice from... ./Lattices/sqKgridX6000.npy
reading lattice from... ./Lattices/sqKgridY6000.npy
starting sampling in reciprocal space....
 finished sampling in reciprocal space.... 0.08674955368041992
started calculating filling for chemical potential and dispersion parameters TB_single_band..
reading lattice from... ./Lattices/KgridX1200.npy
reading lattice from... ./Lattices/KgridY1200.npy
reading lattice from... ./Lattices/KgridX1200.npy
reading lattice from... ./Lattices/KgridY1200.npy
finished calculating filling for chemical potential
Filling: 0.5005457254054085 .... chemical potential: 27.426155987022412
The fermi energy in mev is: 3043.586452905812, and in units of J: 294.35072078392767, the bandwidth is:494.39071566731144
reading lattice from... ./Lattices/KgridX6000.npy
reading lattice from... ./Lattices/KgridY6000.npy
reading lattice from... ./Lattices/sqKgridX6000.npy
reading lattice from... ./Lattices/sqKgridY6000.npy
energy at the point.. 2.607302062202848 -0.0069534984789219045  is  3.923355237134274e-06
200 the points 10 chunk numtheads
starting with calculation of Sigma
115.22456002235413  seconds  2.607302062202848 -0.0069534984789219045 0.0
116.64014935493469  seconds  2.607302062202848 -0.0069534984789219045 1.0
116.45434975624084  seconds  2.607302062202848 -0.0069534984789219045 2.0
120.45626044273376  seconds  2.607302062202848 -0.0069534984789219045 3.0
120.32995223999023  seconds  2.607302062202848 -0.0069534984789219045 4.0
129.8513262271881  seconds  2.607302062202848 -0.0069534984789219045 5.0
123.61877775192261  seconds  2.607302062202848 -0.0069534984789219045 6.0
126.07598090171814  seconds  2.607302062202848 -0.0069534984789219045 7.0
132.26575136184692  seconds  2.607302062202848 -0.0069534984789219045 8.0
130.26948428153992  seconds  2.607302062202848 -0.0069534984789219045 9.0
135.08331847190857  seconds  2.607302062202848 -0.0069534984789219045 10.0
136.980877161026  seconds  2.607302062202848 -0.0069534984789219045 11.0
148.53646898269653  seconds  2.607302062202848 -0.0069534984789219045 12.0
141.4165496826172  seconds  2.607302062202848 -0.0069534984789219045 13.0
147.77773714065552  seconds  2.607302062202848 -0.0069534984789219045 0.1
148.3960781097412  seconds  2.607302062202848 -0.0069534984789219045 14.0
150.3184633255005  seconds  2.607302062202848 -0.0069534984789219045 1.1
152.62974762916565  seconds  2.607302062202848 -0.0069534984789219045 15.0
148.86958718299866  seconds  2.607302062202848 -0.0069534984789219045 2.1
154.8077483177185  seconds  2.607302062202848 -0.0069534984789219045 16.0
153.66280698776245  seconds  2.607302062202848 -0.0069534984789219045 3.1
155.75265407562256  seconds  2.607302062202848 -0.0069534984789219045 17.0
154.32811832427979  seconds  2.607302062202848 -0.0069534984789219045 4.1000000000000005
154.6975131034851  seconds  2.607302062202848 -0.0069534984789219045 18.0
156.050874710083  seconds  2.607302062202848 -0.0069534984789219045 19.0
152.2736520767212  seconds  2.607302062202848 -0.0069534984789219045 5.1000000000000005
150.61572241783142  seconds  2.607302062202848 -0.0069534984789219045 6.1000000000000005
131.36234092712402  seconds  2.607302062202848 -0.0069534984789219045 9.1
153.21196818351746  seconds  2.607302062202848 -0.0069534984789219045 7.1000000000000005
152.6474163532257  seconds  2.607302062202848 -0.0069534984789219045 8.1
150.72992062568665  seconds  2.607302062202848 -0.0069534984789219045 10.100000000000001
156.2154185771942  seconds  2.607302062202848 -0.0069534984789219045 11.100000000000001
144.423241853714  seconds  2.607302062202848 -0.0069534984789219045 13.100000000000001
146.80934286117554  seconds  2.607302062202848 -0.0069534984789219045 12.100000000000001
143.4226508140564  seconds  2.607302062202848 -0.0069534984789219045 0.2
150.57095217704773  seconds  2.607302062202848 -0.0069534984789219045 14.100000000000001
149.78647089004517  seconds  2.607302062202848 -0.0069534984789219045 1.2000000000000002
148.7297580242157  seconds  2.607302062202848 -0.0069534984789219045 2.2
155.5996196269989  seconds  2.607302062202848 -0.0069534984789219045 15.100000000000001
105.29258322715759  seconds  2.607302062202848 -0.0069534984789219045 9.200000000000001
151.90439343452454  seconds  2.607302062202848 -0.0069534984789219045 16.1
147.25040793418884  seconds  2.607302062202848 -0.0069534984789219045 3.2
149.40548706054688  seconds  2.607302062202848 -0.0069534984789219045 17.1
151.83991265296936  seconds  2.607302062202848 -0.0069534984789219045 4.2
151.3905382156372  seconds  2.607302062202848 -0.0069534984789219045 18.1
152.36867547035217  seconds  2.607302062202848 -0.0069534984789219045 19.1
150.6972839832306  seconds  2.607302062202848 -0.0069534984789219045 6.2
151.5674250125885  seconds  2.607302062202848 -0.0069534984789219045 5.2
145.75583481788635  seconds  2.607302062202848 -0.0069534984789219045 7.2
148.94634675979614  seconds  2.607302062202848 -0.0069534984789219045 8.200000000000001
151.53021240234375  seconds  2.607302062202848 -0.0069534984789219045 10.200000000000001
148.47467732429504  seconds  2.607302062202848 -0.0069534984789219045 11.200000000000001
145.01899909973145  seconds  2.607302062202848 -0.0069534984789219045 13.200000000000001
102.22968435287476  seconds  2.607302062202848 -0.0069534984789219045 9.3
149.68646931648254  seconds  2.607302062202848 -0.0069534984789219045 12.200000000000001
147.7040891647339  seconds  2.607302062202848 -0.0069534984789219045 0.30000000000000004
146.48478293418884  seconds  2.607302062202848 -0.0069534984789219045 14.200000000000001
142.05468678474426  seconds  2.607302062202848 -0.0069534984789219045 1.3
148.57757997512817  seconds  2.607302062202848 -0.0069534984789219045 2.3000000000000003
147.5321340560913  seconds  2.607302062202848 -0.0069534984789219045 15.200000000000001
146.5944766998291  seconds  2.607302062202848 -0.0069534984789219045 16.2
147.44882440567017  seconds  2.607302062202848 -0.0069534984789219045 3.3000000000000003
146.02833580970764  seconds  2.607302062202848 -0.0069534984789219045 17.2
148.5169951915741  seconds  2.607302062202848 -0.0069534984789219045 18.2
152.60876965522766  seconds  2.607302062202848 -0.0069534984789219045 4.3
146.82631874084473  seconds  2.607302062202848 -0.0069534984789219045 6.300000000000001
150.88655877113342  seconds  2.607302062202848 -0.0069534984789219045 19.200000000000003
150.5458526611328  seconds  2.607302062202848 -0.0069534984789219045 5.300000000000001
144.26187801361084  seconds  2.607302062202848 -0.0069534984789219045 7.300000000000001
102.54737997055054  seconds  2.607302062202848 -0.0069534984789219045 9.4
150.3627953529358  seconds  2.607302062202848 -0.0069534984789219045 8.3
146.1745481491089  seconds  2.607302062202848 -0.0069534984789219045 10.3
145.16072010993958  seconds  2.607302062202848 -0.0069534984789219045 11.3
148.8800573348999  seconds  2.607302062202848 -0.0069534984789219045 13.3
145.1035213470459  seconds  2.607302062202848 -0.0069534984789219045 12.3
150.12585854530334  seconds  2.607302062202848 -0.0069534984789219045 0.4
145.1335093975067  seconds  2.607302062202848 -0.0069534984789219045 14.3
145.7148871421814  seconds  2.607302062202848 -0.0069534984789219045 1.4000000000000001
145.1663007736206  seconds  2.607302062202848 -0.0069534984789219045 15.3
150.75277638435364  seconds  2.607302062202848 -0.0069534984789219045 2.4000000000000004
147.19947004318237  seconds  2.607302062202848 -0.0069534984789219045 16.3
145.23257970809937  seconds  2.607302062202848 -0.0069534984789219045 3.4000000000000004
148.26665878295898  seconds  2.607302062202848 -0.0069534984789219045 17.3
104.29333353042603  seconds  2.607302062202848 -0.0069534984789219045 9.5
146.12719917297363  seconds  2.607302062202848 -0.0069534984789219045 18.3
150.6615765094757  seconds  2.607302062202848 -0.0069534984789219045 4.4
145.31960606575012  seconds  2.607302062202848 -0.0069534984789219045 19.3
148.23570132255554  seconds  2.607302062202848 -0.0069534984789219045 6.4
143.81142807006836  seconds  2.607302062202848 -0.0069534984789219045 7.4
147.28227829933167  seconds  2.607302062202848 -0.0069534984789219045 5.4
143.43032574653625  seconds  2.607302062202848 -0.0069534984789219045 8.4
149.7020525932312  seconds  2.607302062202848 -0.0069534984789219045 10.4
148.3581199645996  seconds  2.607302062202848 -0.0069534984789219045 11.4
145.7225637435913  seconds  2.607302062202848 -0.0069534984789219045 13.4
145.3229215145111  seconds  2.607302062202848 -0.0069534984789219045 12.4
147.5896770954132  seconds  2.607302062202848 -0.0069534984789219045 0.5
145.46352434158325  seconds  2.607302062202848 -0.0069534984789219045 14.4
103.87138485908508  seconds  2.607302062202848 -0.0069534984789219045 9.600000000000001
142.34221076965332  seconds  2.607302062202848 -0.0069534984789219045 1.5
148.5289978981018  seconds  2.607302062202848 -0.0069534984789219045 2.5
152.16782474517822  seconds  2.607302062202848 -0.0069534984789219045 15.4
143.0519642829895  seconds  2.607302062202848 -0.0069534984789219045 3.5
150.21032333374023  seconds  2.607302062202848 -0.0069534984789219045 16.400000000000002
144.51871967315674  seconds  2.607302062202848 -0.0069534984789219045 17.400000000000002
145.82153177261353  seconds  2.607302062202848 -0.0069534984789219045 18.400000000000002
147.72388911247253  seconds  2.607302062202848 -0.0069534984789219045 4.5
149.08584213256836  seconds  2.607302062202848 -0.0069534984789219045 19.400000000000002
145.64997243881226  seconds  2.607302062202848 -0.0069534984789219045 7.5
146.61970567703247  seconds  2.607302062202848 -0.0069534984789219045 5.5
151.611918926239  seconds  2.607302062202848 -0.0069534984789219045 6.5
143.6308138370514  seconds  2.607302062202848 -0.0069534984789219045 8.5
105.13338160514832  seconds  2.607302062202848 -0.0069534984789219045 9.700000000000001
146.18822288513184  seconds  2.607302062202848 -0.0069534984789219045 10.5
146.43919897079468  seconds  2.607302062202848 -0.0069534984789219045 11.5
149.67797017097473  seconds  2.607302062202848 -0.0069534984789219045 13.5
149.99044513702393  seconds  2.607302062202848 -0.0069534984789219045 12.5
144.73070812225342  seconds  2.607302062202848 -0.0069534984789219045 0.6000000000000001
145.72471952438354  seconds  2.607302062202848 -0.0069534984789219045 14.5
147.2032380104065  seconds  2.607302062202848 -0.0069534984789219045 1.6
149.46540331840515  seconds  2.607302062202848 -0.0069534984789219045 2.6
148.56899189949036  seconds  2.607302062202848 -0.0069534984789219045 3.6
151.61131620407104  seconds  2.607302062202848 -0.0069534984789219045 15.5
148.90231490135193  seconds  2.607302062202848 -0.0069534984789219045 16.5
150.84113574028015  seconds  2.607302062202848 -0.0069534984789219045 17.5
144.122985124588  seconds  2.607302062202848 -0.0069534984789219045 18.5
148.9504783153534  seconds  2.607302062202848 -0.0069534984789219045 4.6000000000000005
145.7875461578369  seconds  2.607302062202848 -0.0069534984789219045 7.6000000000000005
105.75479793548584  seconds  2.607302062202848 -0.0069534984789219045 9.8
151.3664276599884  seconds  2.607302062202848 -0.0069534984789219045 19.5
148.49633026123047  seconds  2.607302062202848 -0.0069534984789219045 5.6000000000000005
150.2455768585205  seconds  2.607302062202848 -0.0069534984789219045 6.6000000000000005
145.90260767936707  seconds  2.607302062202848 -0.0069534984789219045 8.6
147.9332411289215  seconds  2.607302062202848 -0.0069534984789219045 10.600000000000001
148.77619862556458  seconds  2.607302062202848 -0.0069534984789219045 11.600000000000001
142.4870409965515  seconds  2.607302062202848 -0.0069534984789219045 13.600000000000001
145.87405610084534  seconds  2.607302062202848 -0.0069534984789219045 12.600000000000001
141.6313774585724  seconds  2.607302062202848 -0.0069534984789219045 0.7000000000000001
150.68075037002563  seconds  2.607302062202848 -0.0069534984789219045 1.7000000000000002
153.48474287986755  seconds  2.607302062202848 -0.0069534984789219045 14.600000000000001
105.4913158416748  seconds  2.607302062202848 -0.0069534984789219045 9.9
150.35145592689514  seconds  2.607302062202848 -0.0069534984789219045 2.7
150.72208642959595  seconds  2.607302062202848 -0.0069534984789219045 15.600000000000001
153.8594138622284  seconds  2.607302062202848 -0.0069534984789219045 3.7
147.09177231788635  seconds  2.607302062202848 -0.0069534984789219045 17.6
152.90304350852966  seconds  2.607302062202848 -0.0069534984789219045 16.6
147.79728150367737  seconds  2.607302062202848 -0.0069534984789219045 18.6
143.94266939163208  seconds  2.607302062202848 -0.0069534984789219045 4.7
149.01368498802185  seconds  2.607302062202848 -0.0069534984789219045 7.7
147.79505133628845  seconds  2.607302062202848 -0.0069534984789219045 19.6
145.5818703174591  seconds  2.607302062202848 -0.0069534984789219045 6.7
149.89112448692322  seconds  2.607302062202848 -0.0069534984789219045 5.7
146.89078164100647  seconds  2.607302062202848 -0.0069534984789219045 8.700000000000001
142.9683907032013  seconds  2.607302062202848 -0.0069534984789219045 10.700000000000001
143.60325121879578  seconds  2.607302062202848 -0.0069534984789219045 11.700000000000001
141.0657947063446  seconds  2.607302062202848 -0.0069534984789219045 13.700000000000001
146.4677734375  seconds  2.607302062202848 -0.0069534984789219045 12.700000000000001
145.50450539588928  seconds  2.607302062202848 -0.0069534984789219045 0.8
141.20901083946228  seconds  2.607302062202848 -0.0069534984789219045 14.700000000000001
143.41077041625977  seconds  2.607302062202848 -0.0069534984789219045 1.8
145.19786381721497  seconds  2.607302062202848 -0.0069534984789219045 15.700000000000001
145.34455561637878  seconds  2.607302062202848 -0.0069534984789219045 3.8000000000000003
152.58477926254272  seconds  2.607302062202848 -0.0069534984789219045 2.8000000000000003
145.94499158859253  seconds  2.607302062202848 -0.0069534984789219045 16.7
150.92251777648926  seconds  2.607302062202848 -0.0069534984789219045 17.7
147.54416871070862  seconds  2.607302062202848 -0.0069534984789219045 18.7
140.98260688781738  seconds  2.607302062202848 -0.0069534984789219045 4.800000000000001
146.46861100196838  seconds  2.607302062202848 -0.0069534984789219045 7.800000000000001
145.75110840797424  seconds  2.607302062202848 -0.0069534984789219045 19.700000000000003
148.80636405944824  seconds  2.607302062202848 -0.0069534984789219045 6.800000000000001
149.12940907478333  seconds  2.607302062202848 -0.0069534984789219045 5.800000000000001
143.40642595291138  seconds  2.607302062202848 -0.0069534984789219045 8.8
150.24437952041626  seconds  2.607302062202848 -0.0069534984789219045 10.8
147.50136637687683  seconds  2.607302062202848 -0.0069534984789219045 11.8
146.8394672870636  seconds  2.607302062202848 -0.0069534984789219045 13.8
142.30598974227905  seconds  2.607302062202848 -0.0069534984789219045 12.8
146.3373830318451  seconds  2.607302062202848 -0.0069534984789219045 0.9
145.569810628891  seconds  2.607302062202848 -0.0069534984789219045 14.8
149.21606636047363  seconds  2.607302062202848 -0.0069534984789219045 1.9000000000000001
143.7574291229248  seconds  2.607302062202848 -0.0069534984789219045 15.8
139.45981621742249  seconds  2.607302062202848 -0.0069534984789219045 16.8
144.8971848487854  seconds  2.607302062202848 -0.0069534984789219045 3.9000000000000004
144.3502552509308  seconds  2.607302062202848 -0.0069534984789219045 2.9000000000000004
141.05662441253662  seconds  2.607302062202848 -0.0069534984789219045 17.8
142.12691044807434  seconds  2.607302062202848 -0.0069534984789219045 18.8
140.52895522117615  seconds  2.607302062202848 -0.0069534984789219045 4.9
139.77892184257507  seconds  2.607302062202848 -0.0069534984789219045 7.9
140.71181464195251  seconds  2.607302062202848 -0.0069534984789219045 19.8
139.0531349182129  seconds  2.607302062202848 -0.0069534984789219045 6.9
143.92211985588074  seconds  2.607302062202848 -0.0069534984789219045 5.9
136.50933980941772  seconds  2.607302062202848 -0.0069534984789219045 8.9
132.4951024055481  seconds  2.607302062202848 -0.0069534984789219045 10.9
130.7447111606598  seconds  2.607302062202848 -0.0069534984789219045 11.9
131.05513095855713  seconds  2.607302062202848 -0.0069534984789219045 13.9
128.32992124557495  seconds  2.607302062202848 -0.0069534984789219045 12.9
123.67410039901733  seconds  2.607302062202848 -0.0069534984789219045 14.9
113.96974229812622  seconds  2.607302062202848 -0.0069534984789219045 15.9
112.05326676368713  seconds  2.607302062202848 -0.0069534984789219045 16.900000000000002
113.3996844291687  seconds  2.607302062202848 -0.0069534984789219045 17.900000000000002
111.86621594429016  seconds  2.607302062202848 -0.0069534984789219045 18.900000000000002
109.68042182922363  seconds  2.607302062202848 -0.0069534984789219045 19.900000000000002
time for calc.... 1621.7407908439636
energy at the point.. 2.6065504737387184 0.2694480660582359  is  2.9915582295814147e-06
200 the points 10 chunk numtheads
starting with calculation of Sigma
106.39584541320801  seconds  2.6065504737387184 0.2694480660582359 0.0
101.38757920265198  seconds  2.6065504737387184 0.2694480660582359 1.0
109.32933783531189  seconds  2.6065504737387184 0.2694480660582359 2.0
102.32220673561096  seconds  2.6065504737387184 0.2694480660582359 3.0
110.60604953765869  seconds  2.6065504737387184 0.2694480660582359 4.0
113.87908339500427  seconds  2.6065504737387184 0.2694480660582359 5.0
118.28537273406982  seconds  2.6065504737387184 0.2694480660582359 6.0
120.51030969619751  seconds  2.6065504737387184 0.2694480660582359 7.0
119.66608119010925  seconds  2.6065504737387184 0.2694480660582359 8.0
108.77083396911621  seconds  2.6065504737387184 0.2694480660582359 10.0
118.41162467002869  seconds  2.6065504737387184 0.2694480660582359 9.0
121.20153903961182  seconds  2.6065504737387184 0.2694480660582359 11.0
113.48735499382019  seconds  2.6065504737387184 0.2694480660582359 12.0
110.9203748703003  seconds  2.6065504737387184 0.2694480660582359 1.1
111.3526701927185  seconds  2.6065504737387184 0.2694480660582359 14.0
128.48795676231384  seconds  2.6065504737387184 0.2694480660582359 0.1
127.41479539871216  seconds  2.6065504737387184 0.2694480660582359 13.0
113.14686822891235  seconds  2.6065504737387184 0.2694480660582359 15.0
113.22361898422241  seconds  2.6065504737387184 0.2694480660582359 3.1
112.66125893592834  seconds  2.6065504737387184 0.2694480660582359 16.0
111.6030216217041  seconds  2.6065504737387184 0.2694480660582359 17.0
134.17579102516174  seconds  2.6065504737387184 0.2694480660582359 2.1
114.51209855079651  seconds  2.6065504737387184 0.2694480660582359 19.0
132.6071240901947  seconds  2.6065504737387184 0.2694480660582359 4.1000000000000005
124.98046803474426  seconds  2.6065504737387184 0.2694480660582359 5.1000000000000005
133.5261812210083  seconds  2.6065504737387184 0.2694480660582359 18.0
129.23149991035461  seconds  2.6065504737387184 0.2694480660582359 6.1000000000000005
113.32229709625244  seconds  2.6065504737387184 0.2694480660582359 10.100000000000001
131.42391324043274  seconds  2.6065504737387184 0.2694480660582359 7.1000000000000005
127.3747456073761  seconds  2.6065504737387184 0.2694480660582359 8.1
126.92077589035034  seconds  2.6065504737387184 0.2694480660582359 9.1
118.29231452941895  seconds  2.6065504737387184 0.2694480660582359 12.100000000000001
128.83800506591797  seconds  2.6065504737387184 0.2694480660582359 11.100000000000001
117.978999376297  seconds  2.6065504737387184 0.2694480660582359 1.2000000000000002
113.12766432762146  seconds  2.6065504737387184 0.2694480660582359 14.100000000000001
114.60130977630615  seconds  2.6065504737387184 0.2694480660582359 15.100000000000001
114.85708832740784  seconds  2.6065504737387184 0.2694480660582359 3.2
123.24787211418152  seconds  2.6065504737387184 0.2694480660582359 0.2
113.96472120285034  seconds  2.6065504737387184 0.2694480660582359 16.1
127.68148756027222  seconds  2.6065504737387184 0.2694480660582359 13.100000000000001
113.37717151641846  seconds  2.6065504737387184 0.2694480660582359 17.1
116.92466425895691  seconds  2.6065504737387184 0.2694480660582359 2.2
114.56275939941406  seconds  2.6065504737387184 0.2694480660582359 19.1
126.02472877502441  seconds  2.6065504737387184 0.2694480660582359 5.2
131.10786819458008  seconds  2.6065504737387184 0.2694480660582359 4.2
125.59380221366882  seconds  2.6065504737387184 0.2694480660582359 18.1
114.1534595489502  seconds  2.6065504737387184 0.2694480660582359 10.200000000000001
123.85537600517273  seconds  2.6065504737387184 0.2694480660582359 6.2
124.1466109752655  seconds  2.6065504737387184 0.2694480660582359 7.2
115.91432118415833  seconds  2.6065504737387184 0.2694480660582359 12.200000000000001
128.35830330848694  seconds  2.6065504737387184 0.2694480660582359 9.200000000000001
135.81450033187866  seconds  2.6065504737387184 0.2694480660582359 8.200000000000001
114.43602323532104  seconds  2.6065504737387184 0.2694480660582359 14.200000000000001
116.07310390472412  seconds  2.6065504737387184 0.2694480660582359 1.3
124.16753649711609  seconds  2.6065504737387184 0.2694480660582359 11.200000000000001
117.1094720363617  seconds  2.6065504737387184 0.2694480660582359 15.200000000000001
114.4162974357605  seconds  2.6065504737387184 0.2694480660582359 3.3000000000000003
114.69674301147461  seconds  2.6065504737387184 0.2694480660582359 16.2
115.41652083396912  seconds  2.6065504737387184 0.2694480660582359 17.2
127.23082160949707  seconds  2.6065504737387184 0.2694480660582359 0.30000000000000004
127.19823789596558  seconds  2.6065504737387184 0.2694480660582359 13.200000000000001
114.9230284690857  seconds  2.6065504737387184 0.2694480660582359 2.3000000000000003
114.83900427818298  seconds  2.6065504737387184 0.2694480660582359 19.200000000000003
125.12916803359985  seconds  2.6065504737387184 0.2694480660582359 5.300000000000001
114.54766201972961  seconds  2.6065504737387184 0.2694480660582359 10.3
126.65991282463074  seconds  2.6065504737387184 0.2694480660582359 18.2
133.2421088218689  seconds  2.6065504737387184 0.2694480660582359 4.3
131.67908644676208  seconds  2.6065504737387184 0.2694480660582359 6.300000000000001
125.90254378318787  seconds  2.6065504737387184 0.2694480660582359 7.300000000000001
113.93207144737244  seconds  2.6065504737387184 0.2694480660582359 12.3
114.74468278884888  seconds  2.6065504737387184 0.2694480660582359 14.3
115.13557767868042  seconds  2.6065504737387184 0.2694480660582359 1.4000000000000001
127.35849142074585  seconds  2.6065504737387184 0.2694480660582359 8.3
131.54254150390625  seconds  2.6065504737387184 0.2694480660582359 9.3
114.43102407455444  seconds  2.6065504737387184 0.2694480660582359 15.3
115.39416646957397  seconds  2.6065504737387184 0.2694480660582359 3.4000000000000004
125.03063416481018  seconds  2.6065504737387184 0.2694480660582359 11.3
114.67522764205933  seconds  2.6065504737387184 0.2694480660582359 16.3
112.91577172279358  seconds  2.6065504737387184 0.2694480660582359 17.3
114.37676453590393  seconds  2.6065504737387184 0.2694480660582359 2.4000000000000004
128.4356062412262  seconds  2.6065504737387184 0.2694480660582359 0.4
123.065603017807  seconds  2.6065504737387184 0.2694480660582359 13.3
114.3548891544342  seconds  2.6065504737387184 0.2694480660582359 19.3
114.79174017906189  seconds  2.6065504737387184 0.2694480660582359 10.4
124.50647163391113  seconds  2.6065504737387184 0.2694480660582359 5.4
127.2830183506012  seconds  2.6065504737387184 0.2694480660582359 18.3
124.32992577552795  seconds  2.6065504737387184 0.2694480660582359 4.4
114.01935648918152  seconds  2.6065504737387184 0.2694480660582359 12.4
120.84076642990112  seconds  2.6065504737387184 0.2694480660582359 7.4
115.36319899559021  seconds  2.6065504737387184 0.2694480660582359 14.4
115.12751460075378  seconds  2.6065504737387184 0.2694480660582359 1.5
135.7888467311859  seconds  2.6065504737387184 0.2694480660582359 6.4
113.96451258659363  seconds  2.6065504737387184 0.2694480660582359 15.4
124.80401945114136  seconds  2.6065504737387184 0.2694480660582359 8.4
116.25275826454163  seconds  2.6065504737387184 0.2694480660582359 3.5
123.61033630371094  seconds  2.6065504737387184 0.2694480660582359 9.4
116.342355966568  seconds  2.6065504737387184 0.2694480660582359 16.400000000000002
115.42954349517822  seconds  2.6065504737387184 0.2694480660582359 17.400000000000002
125.5013542175293  seconds  2.6065504737387184 0.2694480660582359 11.4
113.98589158058167  seconds  2.6065504737387184 0.2694480660582359 2.5
115.16587018966675  seconds  2.6065504737387184 0.2694480660582359 19.400000000000002
125.00538396835327  seconds  2.6065504737387184 0.2694480660582359 13.4
128.1665861606598  seconds  2.6065504737387184 0.2694480660582359 0.5
113.99320077896118  seconds  2.6065504737387184 0.2694480660582359 10.5
123.27865219116211  seconds  2.6065504737387184 0.2694480660582359 5.5
114.51645708084106  seconds  2.6065504737387184 0.2694480660582359 12.5
126.74140524864197  seconds  2.6065504737387184 0.2694480660582359 18.400000000000002
126.36005115509033  seconds  2.6065504737387184 0.2694480660582359 4.5
115.55670094490051  seconds  2.6065504737387184 0.2694480660582359 1.6
121.8651762008667  seconds  2.6065504737387184 0.2694480660582359 7.5
118.51457166671753  seconds  2.6065504737387184 0.2694480660582359 14.5
114.15862703323364  seconds  2.6065504737387184 0.2694480660582359 15.5
113.5490710735321  seconds  2.6065504737387184 0.2694480660582359 3.6
114.34845733642578  seconds  2.6065504737387184 0.2694480660582359 16.5
133.02480244636536  seconds  2.6065504737387184 0.2694480660582359 6.5
124.00144720077515  seconds  2.6065504737387184 0.2694480660582359 9.5
126.61907625198364  seconds  2.6065504737387184 0.2694480660582359 8.5
119.3678286075592  seconds  2.6065504737387184 0.2694480660582359 17.5
113.56912231445312  seconds  2.6065504737387184 0.2694480660582359 2.6
126.60539150238037  seconds  2.6065504737387184 0.2694480660582359 11.5
115.59237933158875  seconds  2.6065504737387184 0.2694480660582359 19.5
122.09283924102783  seconds  2.6065504737387184 0.2694480660582359 13.5
124.72098755836487  seconds  2.6065504737387184 0.2694480660582359 0.6000000000000001
114.63549613952637  seconds  2.6065504737387184 0.2694480660582359 10.600000000000001
114.26596927642822  seconds  2.6065504737387184 0.2694480660582359 12.600000000000001
125.08896541595459  seconds  2.6065504737387184 0.2694480660582359 5.6000000000000005
121.37507915496826  seconds  2.6065504737387184 0.2694480660582359 18.5
124.13065099716187  seconds  2.6065504737387184 0.2694480660582359 4.6000000000000005
115.3199155330658  seconds  2.6065504737387184 0.2694480660582359 1.7000000000000002
120.73572206497192  seconds  2.6065504737387184 0.2694480660582359 7.6000000000000005
119.56255650520325  seconds  2.6065504737387184 0.2694480660582359 14.600000000000001
115.09858131408691  seconds  2.6065504737387184 0.2694480660582359 15.600000000000001
115.55719137191772  seconds  2.6065504737387184 0.2694480660582359 3.7
115.39444327354431  seconds  2.6065504737387184 0.2694480660582359 16.6
126.6146547794342  seconds  2.6065504737387184 0.2694480660582359 6.6000000000000005
123.22663426399231  seconds  2.6065504737387184 0.2694480660582359 9.600000000000001
115.79253315925598  seconds  2.6065504737387184 0.2694480660582359 2.7
123.75642609596252  seconds  2.6065504737387184 0.2694480660582359 8.6
119.93154382705688  seconds  2.6065504737387184 0.2694480660582359 17.6
119.09808349609375  seconds  2.6065504737387184 0.2694480660582359 11.600000000000001
115.4394268989563  seconds  2.6065504737387184 0.2694480660582359 19.6
123.1724021434784  seconds  2.6065504737387184 0.2694480660582359 13.600000000000001
121.38174700737  seconds  2.6065504737387184 0.2694480660582359 0.7000000000000001
115.99262309074402  seconds  2.6065504737387184 0.2694480660582359 10.700000000000001
114.56516408920288  seconds  2.6065504737387184 0.2694480660582359 12.700000000000001
123.08302164077759  seconds  2.6065504737387184 0.2694480660582359 5.7
120.30317687988281  seconds  2.6065504737387184 0.2694480660582359 18.6
115.92688059806824  seconds  2.6065504737387184 0.2694480660582359 1.8
122.6654109954834  seconds  2.6065504737387184 0.2694480660582359 4.7
115.32232165336609  seconds  2.6065504737387184 0.2694480660582359 15.700000000000001
121.28416967391968  seconds  2.6065504737387184 0.2694480660582359 14.700000000000001
116.65211224555969  seconds  2.6065504737387184 0.2694480660582359 3.8000000000000003
125.72546648979187  seconds  2.6065504737387184 0.2694480660582359 7.7
115.66337180137634  seconds  2.6065504737387184 0.2694480660582359 16.7
116.02943015098572  seconds  2.6065504737387184 0.2694480660582359 6.7
115.1345489025116  seconds  2.6065504737387184 0.2694480660582359 2.8000000000000003
118.87138295173645  seconds  2.6065504737387184 0.2694480660582359 8.700000000000001
122.4706039428711  seconds  2.6065504737387184 0.2694480660582359 9.700000000000001
123.05083703994751  seconds  2.6065504737387184 0.2694480660582359 17.7
118.46297001838684  seconds  2.6065504737387184 0.2694480660582359 11.700000000000001
116.17404174804688  seconds  2.6065504737387184 0.2694480660582359 19.700000000000003
118.6851556301117  seconds  2.6065504737387184 0.2694480660582359 0.8
124.82456278800964  seconds  2.6065504737387184 0.2694480660582359 13.700000000000001
118.48813700675964  seconds  2.6065504737387184 0.2694480660582359 10.8
115.67280864715576  seconds  2.6065504737387184 0.2694480660582359 12.8
114.38619375228882  seconds  2.6065504737387184 0.2694480660582359 1.9000000000000001
120.51517820358276  seconds  2.6065504737387184 0.2694480660582359 5.800000000000001
123.76580834388733  seconds  2.6065504737387184 0.2694480660582359 18.7
116.54209399223328  seconds  2.6065504737387184 0.2694480660582359 15.8
121.38660335540771  seconds  2.6065504737387184 0.2694480660582359 4.800000000000001
115.86003684997559  seconds  2.6065504737387184 0.2694480660582359 14.8
116.4061381816864  seconds  2.6065504737387184 0.2694480660582359 3.9000000000000004
119.34904193878174  seconds  2.6065504737387184 0.2694480660582359 7.800000000000001
118.37406468391418  seconds  2.6065504737387184 0.2694480660582359 16.8
115.4596905708313  seconds  2.6065504737387184 0.2694480660582359 6.800000000000001
116.29156947135925  seconds  2.6065504737387184 0.2694480660582359 2.9000000000000004
114.79918670654297  seconds  2.6065504737387184 0.2694480660582359 17.8
122.18632388114929  seconds  2.6065504737387184 0.2694480660582359 8.8
121.67852234840393  seconds  2.6065504737387184 0.2694480660582359 9.8
118.95825695991516  seconds  2.6065504737387184 0.2694480660582359 11.8
118.11046385765076  seconds  2.6065504737387184 0.2694480660582359 19.8
113.49514865875244  seconds  2.6065504737387184 0.2694480660582359 10.9
121.2864282131195  seconds  2.6065504737387184 0.2694480660582359 0.9
120.53252339363098  seconds  2.6065504737387184 0.2694480660582359 13.8
111.49017691612244  seconds  2.6065504737387184 0.2694480660582359 12.9
116.5284914970398  seconds  2.6065504737387184 0.2694480660582359 5.9
109.92407035827637  seconds  2.6065504737387184 0.2694480660582359 15.9
114.25488018989563  seconds  2.6065504737387184 0.2694480660582359 18.8
109.3941445350647  seconds  2.6065504737387184 0.2694480660582359 14.9
113.93319058418274  seconds  2.6065504737387184 0.2694480660582359 4.9
111.61209154129028  seconds  2.6065504737387184 0.2694480660582359 7.9
109.36679816246033  seconds  2.6065504737387184 0.2694480660582359 16.900000000000002
107.28976488113403  seconds  2.6065504737387184 0.2694480660582359 6.9
106.27147841453552  seconds  2.6065504737387184 0.2694480660582359 17.900000000000002
111.12919425964355  seconds  2.6065504737387184 0.2694480660582359 8.9
104.9259123802185  seconds  2.6065504737387184 0.2694480660582359 19.900000000000002
110.24627828598022  seconds  2.6065504737387184 0.2694480660582359 9.9
108.66168451309204  seconds  2.6065504737387184 0.2694480660582359 11.9
104.93042659759521  seconds  2.6065504737387184 0.2694480660582359 13.9
98.8383903503418  seconds  2.6065504737387184 0.2694480660582359 18.900000000000002
time for calc.... 1382.7733306884766
energy at the point.. 2.602114031264387 0.5441112559756629  is  7.517785363120311e-06
200 the points 10 chunk numtheads
starting with calculation of Sigma
107.98290967941284  seconds  2.602114031264387 0.5441112559756629 0.0
105.95941662788391  seconds  2.602114031264387 0.5441112559756629 1.0
107.68199872970581  seconds  2.602114031264387 0.5441112559756629 2.0
105.38696098327637  seconds  2.602114031264387 0.5441112559756629 3.0
114.46560525894165  seconds  2.602114031264387 0.5441112559756629 4.0
113.59563875198364  seconds  2.602114031264387 0.5441112559756629 5.0
116.68207859992981  seconds  2.602114031264387 0.5441112559756629 6.0
119.02150988578796  seconds  2.602114031264387 0.5441112559756629 7.0
117.24210667610168  seconds  2.602114031264387 0.5441112559756629 8.0
123.54050135612488  seconds  2.602114031264387 0.5441112559756629 9.0
118.90221405029297  seconds  2.602114031264387 0.5441112559756629 10.0
111.0163004398346  seconds  2.602114031264387 0.5441112559756629 12.0
120.8585045337677  seconds  2.602114031264387 0.5441112559756629 11.0
113.42887091636658  seconds  2.602114031264387 0.5441112559756629 0.1
115.30361104011536  seconds  2.602114031264387 0.5441112559756629 13.0
113.00157356262207  seconds  2.602114031264387 0.5441112559756629 14.0
113.9548487663269  seconds  2.602114031264387 0.5441112559756629 15.0
122.54674768447876  seconds  2.602114031264387 0.5441112559756629 1.1
115.523024559021  seconds  2.602114031264387 0.5441112559756629 3.1
122.87207508087158  seconds  2.602114031264387 0.5441112559756629 2.1
116.51942610740662  seconds  2.602114031264387 0.5441112559756629 16.0
118.5774462223053  seconds  2.602114031264387 0.5441112559756629 17.0
117.99194073677063  seconds  2.602114031264387 0.5441112559756629 4.1000000000000005
115.60982418060303  seconds  2.602114031264387 0.5441112559756629 19.0
124.6065239906311  seconds  2.602114031264387 0.5441112559756629 18.0
125.29731178283691  seconds  2.602114031264387 0.5441112559756629 5.1000000000000005
123.33806085586548  seconds  2.602114031264387 0.5441112559756629 6.1000000000000005
120.15496683120728  seconds  2.602114031264387 0.5441112559756629 7.1000000000000005
124.15510439872742  seconds  2.602114031264387 0.5441112559756629 8.1
123.47032570838928  seconds  2.602114031264387 0.5441112559756629 9.1
121.32769179344177  seconds  2.602114031264387 0.5441112559756629 10.100000000000001
115.8706305027008  seconds  2.602114031264387 0.5441112559756629 12.100000000000001
120.20023989677429  seconds  2.602114031264387 0.5441112559756629 11.100000000000001
116.70586395263672  seconds  2.602114031264387 0.5441112559756629 0.2
117.16791129112244  seconds  2.602114031264387 0.5441112559756629 13.100000000000001
115.58421087265015  seconds  2.602114031264387 0.5441112559756629 14.100000000000001
116.19543552398682  seconds  2.602114031264387 0.5441112559756629 15.100000000000001
122.21798062324524  seconds  2.602114031264387 0.5441112559756629 1.2000000000000002
114.87168383598328  seconds  2.602114031264387 0.5441112559756629 16.1
117.9506344795227  seconds  2.602114031264387 0.5441112559756629 3.2
125.77043151855469  seconds  2.602114031264387 0.5441112559756629 2.2
115.02665495872498  seconds  2.602114031264387 0.5441112559756629 17.1
114.81031274795532  seconds  2.602114031264387 0.5441112559756629 4.2
115.79378414154053  seconds  2.602114031264387 0.5441112559756629 19.1
115.58486199378967  seconds  2.602114031264387 0.5441112559756629 18.1
126.28692436218262  seconds  2.602114031264387 0.5441112559756629 5.2
119.95440649986267  seconds  2.602114031264387 0.5441112559756629 6.2
123.18424701690674  seconds  2.602114031264387 0.5441112559756629 7.2
123.22590231895447  seconds  2.602114031264387 0.5441112559756629 8.200000000000001
115.48057389259338  seconds  2.602114031264387 0.5441112559756629 12.200000000000001
127.81332755088806  seconds  2.602114031264387 0.5441112559756629 9.200000000000001
126.17181706428528  seconds  2.602114031264387 0.5441112559756629 10.200000000000001
123.53176164627075  seconds  2.602114031264387 0.5441112559756629 11.200000000000001
119.90536737442017  seconds  2.602114031264387 0.5441112559756629 0.30000000000000004
117.10141801834106  seconds  2.602114031264387 0.5441112559756629 13.200000000000001
116.5199785232544  seconds  2.602114031264387 0.5441112559756629 14.200000000000001
118.38696098327637  seconds  2.602114031264387 0.5441112559756629 15.200000000000001
117.88612365722656  seconds  2.602114031264387 0.5441112559756629 16.2
117.0087583065033  seconds  2.602114031264387 0.5441112559756629 3.3000000000000003
125.16156506538391  seconds  2.602114031264387 0.5441112559756629 1.3
115.59831500053406  seconds  2.602114031264387 0.5441112559756629 17.2
122.30996346473694  seconds  2.602114031264387 0.5441112559756629 2.3000000000000003
115.8404004573822  seconds  2.602114031264387 0.5441112559756629 4.3
115.5256896018982  seconds  2.602114031264387 0.5441112559756629 19.200000000000003
116.23099970817566  seconds  2.602114031264387 0.5441112559756629 18.2
120.43843054771423  seconds  2.602114031264387 0.5441112559756629 5.300000000000001
126.62869000434875  seconds  2.602114031264387 0.5441112559756629 6.300000000000001
128.35352611541748  seconds  2.602114031264387 0.5441112559756629 7.300000000000001
124.31851816177368  seconds  2.602114031264387 0.5441112559756629 8.3
118.735675573349  seconds  2.602114031264387 0.5441112559756629 12.3
122.83772778511047  seconds  2.602114031264387 0.5441112559756629 10.3
116.74181699752808  seconds  2.602114031264387 0.5441112559756629 13.3
124.24400067329407  seconds  2.602114031264387 0.5441112559756629 9.3
118.24991488456726  seconds  2.602114031264387 0.5441112559756629 0.4
117.36637878417969  seconds  2.602114031264387 0.5441112559756629 14.3
121.5545482635498  seconds  2.602114031264387 0.5441112559756629 11.3
117.27694940567017  seconds  2.602114031264387 0.5441112559756629 15.3
116.96170687675476  seconds  2.602114031264387 0.5441112559756629 3.4000000000000004
117.89432835578918  seconds  2.602114031264387 0.5441112559756629 16.3
114.43636274337769  seconds  2.602114031264387 0.5441112559756629 17.3
124.44806003570557  seconds  2.602114031264387 0.5441112559756629 1.4000000000000001
115.5818464756012  seconds  2.602114031264387 0.5441112559756629 4.4
124.46682810783386  seconds  2.602114031264387 0.5441112559756629 2.4000000000000004
117.38381767272949  seconds  2.602114031264387 0.5441112559756629 19.3
117.71779251098633  seconds  2.602114031264387 0.5441112559756629 18.3
122.50826668739319  seconds  2.602114031264387 0.5441112559756629 5.4
118.79584383964539  seconds  2.602114031264387 0.5441112559756629 6.4
118.54434847831726  seconds  2.602114031264387 0.5441112559756629 7.4
115.330801486969  seconds  2.602114031264387 0.5441112559756629 8.4
121.7550539970398  seconds  2.602114031264387 0.5441112559756629 12.4
117.32780718803406  seconds  2.602114031264387 0.5441112559756629 13.4
116.43615293502808  seconds  2.602114031264387 0.5441112559756629 9.4
116.2636935710907  seconds  2.602114031264387 0.5441112559756629 0.5
115.68587064743042  seconds  2.602114031264387 0.5441112559756629 14.4
120.2619776725769  seconds  2.602114031264387 0.5441112559756629 10.4
115.49684524536133  seconds  2.602114031264387 0.5441112559756629 15.4
126.43641328811646  seconds  2.602114031264387 0.5441112559756629 11.4
118.32179594039917  seconds  2.602114031264387 0.5441112559756629 3.5
118.31176352500916  seconds  2.602114031264387 0.5441112559756629 16.400000000000002
116.62618923187256  seconds  2.602114031264387 0.5441112559756629 17.400000000000002
117.61638951301575  seconds  2.602114031264387 0.5441112559756629 4.5
122.86234426498413  seconds  2.602114031264387 0.5441112559756629 1.5
120.2133719921112  seconds  2.602114031264387 0.5441112559756629 2.5
117.58907914161682  seconds  2.602114031264387 0.5441112559756629 18.400000000000002
123.93473148345947  seconds  2.602114031264387 0.5441112559756629 19.400000000000002
115.2023868560791  seconds  2.602114031264387 0.5441112559756629 5.5
122.41507196426392  seconds  2.602114031264387 0.5441112559756629 6.5
117.57126116752625  seconds  2.602114031264387 0.5441112559756629 7.5
115.24551129341125  seconds  2.602114031264387 0.5441112559756629 8.5
126.33995461463928  seconds  2.602114031264387 0.5441112559756629 12.5
118.862788438797  seconds  2.602114031264387 0.5441112559756629 0.6000000000000001
120.31067728996277  seconds  2.602114031264387 0.5441112559756629 9.5
118.59819149971008  seconds  2.602114031264387 0.5441112559756629 10.5
119.8874499797821  seconds  2.602114031264387 0.5441112559756629 14.5
122.0263922214508  seconds  2.602114031264387 0.5441112559756629 13.5
118.67492461204529  seconds  2.602114031264387 0.5441112559756629 15.5
119.75711488723755  seconds  2.602114031264387 0.5441112559756629 11.5
118.70280504226685  seconds  2.602114031264387 0.5441112559756629 16.5
120.19852423667908  seconds  2.602114031264387 0.5441112559756629 3.6
118.6750738620758  seconds  2.602114031264387 0.5441112559756629 17.5
116.2658863067627  seconds  2.602114031264387 0.5441112559756629 1.6
118.16146874427795  seconds  2.602114031264387 0.5441112559756629 4.6000000000000005
120.92956256866455  seconds  2.602114031264387 0.5441112559756629 2.6
120.31968283653259  seconds  2.602114031264387 0.5441112559756629 18.5
123.10377550125122  seconds  2.602114031264387 0.5441112559756629 19.5
115.20059895515442  seconds  2.602114031264387 0.5441112559756629 5.6000000000000005
118.43282151222229  seconds  2.602114031264387 0.5441112559756629 6.6000000000000005
114.09005236625671  seconds  2.602114031264387 0.5441112559756629 7.6000000000000005
117.0885124206543  seconds  2.602114031264387 0.5441112559756629 8.6
117.7635989189148  seconds  2.602114031264387 0.5441112559756629 9.600000000000001
120.05078530311584  seconds  2.602114031264387 0.5441112559756629 0.7000000000000001
118.55981111526489  seconds  2.602114031264387 0.5441112559756629 10.600000000000001
128.06494450569153  seconds  2.602114031264387 0.5441112559756629 12.600000000000001
124.25043272972107  seconds  2.602114031264387 0.5441112559756629 14.600000000000001
118.6413140296936  seconds  2.602114031264387 0.5441112559756629 15.600000000000001
128.2360978126526  seconds  2.602114031264387 0.5441112559756629 13.600000000000001
122.74277210235596  seconds  2.602114031264387 0.5441112559756629 11.600000000000001
122.05849170684814  seconds  2.602114031264387 0.5441112559756629 16.6
118.03854894638062  seconds  2.602114031264387 0.5441112559756629 17.6
121.86039972305298  seconds  2.602114031264387 0.5441112559756629 3.7
112.61674666404724  seconds  2.602114031264387 0.5441112559756629 1.7000000000000002
117.51571321487427  seconds  2.602114031264387 0.5441112559756629 4.7
117.5459520816803  seconds  2.602114031264387 0.5441112559756629 2.7
117.8052728176117  seconds  2.602114031264387 0.5441112559756629 18.6
119.00048875808716  seconds  2.602114031264387 0.5441112559756629 19.6
111.65034580230713  seconds  2.602114031264387 0.5441112559756629 5.7
114.45094442367554  seconds  2.602114031264387 0.5441112559756629 7.7
113.46534037590027  seconds  2.602114031264387 0.5441112559756629 8.700000000000001
122.98998785018921  seconds  2.602114031264387 0.5441112559756629 6.7
121.32510137557983  seconds  2.602114031264387 0.5441112559756629 9.700000000000001
121.67152404785156  seconds  2.602114031264387 0.5441112559756629 0.8
126.74854898452759  seconds  2.602114031264387 0.5441112559756629 10.700000000000001
122.07388043403625  seconds  2.602114031264387 0.5441112559756629 12.700000000000001
123.01077437400818  seconds  2.602114031264387 0.5441112559756629 14.700000000000001
120.9191358089447  seconds  2.602114031264387 0.5441112559756629 15.700000000000001
121.98758435249329  seconds  2.602114031264387 0.5441112559756629 13.700000000000001
118.81129360198975  seconds  2.602114031264387 0.5441112559756629 11.700000000000001
117.90969204902649  seconds  2.602114031264387 0.5441112559756629 16.7
115.98010849952698  seconds  2.602114031264387 0.5441112559756629 1.8
119.54897212982178  seconds  2.602114031264387 0.5441112559756629 3.8000000000000003
121.0881278514862  seconds  2.602114031264387 0.5441112559756629 17.7
120.4507622718811  seconds  2.602114031264387 0.5441112559756629 4.800000000000001
120.49866914749146  seconds  2.602114031264387 0.5441112559756629 2.8000000000000003
119.12491035461426  seconds  2.602114031264387 0.5441112559756629 18.7
113.04185009002686  seconds  2.602114031264387 0.5441112559756629 5.800000000000001
122.14480829238892  seconds  2.602114031264387 0.5441112559756629 19.700000000000003
114.5178120136261  seconds  2.602114031264387 0.5441112559756629 7.800000000000001
119.79860877990723  seconds  2.602114031264387 0.5441112559756629 6.800000000000001
122.87080097198486  seconds  2.602114031264387 0.5441112559756629 8.8
119.84923958778381  seconds  2.602114031264387 0.5441112559756629 9.8
118.68969559669495  seconds  2.602114031264387 0.5441112559756629 0.9
114.6336624622345  seconds  2.602114031264387 0.5441112559756629 10.8
118.21257305145264  seconds  2.602114031264387 0.5441112559756629 12.8
120.74513292312622  seconds  2.602114031264387 0.5441112559756629 15.8
118.94822454452515  seconds  2.602114031264387 0.5441112559756629 11.8
126.65736103057861  seconds  2.602114031264387 0.5441112559756629 14.8
125.97694802284241  seconds  2.602114031264387 0.5441112559756629 13.8
116.67878031730652  seconds  2.602114031264387 0.5441112559756629 1.9000000000000001
119.64096522331238  seconds  2.602114031264387 0.5441112559756629 3.9000000000000004
119.08751893043518  seconds  2.602114031264387 0.5441112559756629 17.8
123.91020083427429  seconds  2.602114031264387 0.5441112559756629 16.8
116.63999199867249  seconds  2.602114031264387 0.5441112559756629 4.9
117.90737986564636  seconds  2.602114031264387 0.5441112559756629 2.9000000000000004
116.32227325439453  seconds  2.602114031264387 0.5441112559756629 18.8
115.82005190849304  seconds  2.602114031264387 0.5441112559756629 5.9
124.14297556877136  seconds  2.602114031264387 0.5441112559756629 19.8
110.7742714881897  seconds  2.602114031264387 0.5441112559756629 7.9
107.87268900871277  seconds  2.602114031264387 0.5441112559756629 8.9
109.40106797218323  seconds  2.602114031264387 0.5441112559756629 6.9
105.75886917114258  seconds  2.602114031264387 0.5441112559756629 9.9
104.94038033485413  seconds  2.602114031264387 0.5441112559756629 10.9
112.84510326385498  seconds  2.602114031264387 0.5441112559756629 12.9
113.9097535610199  seconds  2.602114031264387 0.5441112559756629 15.9
112.58800220489502  seconds  2.602114031264387 0.5441112559756629 11.9
111.73827338218689  seconds  2.602114031264387 0.5441112559756629 14.9
111.81170320510864  seconds  2.602114031264387 0.5441112559756629 13.9
109.36911511421204  seconds  2.602114031264387 0.5441112559756629 17.900000000000002
113.62987279891968  seconds  2.602114031264387 0.5441112559756629 16.900000000000002
107.43659520149231  seconds  2.602114031264387 0.5441112559756629 18.900000000000002
105.00672578811646  seconds  2.602114031264387 0.5441112559756629 19.900000000000002
time for calc.... 1356.0458879470825
energy at the point.. 2.5846892989406154 0.8396349413298569  is  1.1574406936887272e-05
200 the points 10 chunk numtheads
starting with calculation of Sigma
114.73995447158813  seconds  2.5846892989406154 0.8396349413298569 0.0
114.18927335739136  seconds  2.5846892989406154 0.8396349413298569 1.0
116.05044412612915  seconds  2.5846892989406154 0.8396349413298569 2.0
118.52743124961853  seconds  2.5846892989406154 0.8396349413298569 3.0
122.5621063709259  seconds  2.5846892989406154 0.8396349413298569 4.0
120.85059523582458  seconds  2.5846892989406154 0.8396349413298569 5.0
123.71364688873291  seconds  2.5846892989406154 0.8396349413298569 6.0
128.0040032863617  seconds  2.5846892989406154 0.8396349413298569 7.0
125.7799232006073  seconds  2.5846892989406154 0.8396349413298569 8.0
129.6995804309845  seconds  2.5846892989406154 0.8396349413298569 9.0
131.67318439483643  seconds  2.5846892989406154 0.8396349413298569 10.0
136.20781111717224  seconds  2.5846892989406154 0.8396349413298569 11.0
136.30665373802185  seconds  2.5846892989406154 0.8396349413298569 12.0
147.256933927536  seconds  2.5846892989406154 0.8396349413298569 13.0
146.8575780391693  seconds  2.5846892989406154 0.8396349413298569 0.1
150.06055641174316  seconds  2.5846892989406154 0.8396349413298569 14.0
146.36810731887817  seconds  2.5846892989406154 0.8396349413298569 1.1
147.71074414253235  seconds  2.5846892989406154 0.8396349413298569 15.0
142.29167222976685  seconds  2.5846892989406154 0.8396349413298569 2.1
132.25432348251343  seconds  2.5846892989406154 0.8396349413298569 4.1000000000000005
150.58655190467834  seconds  2.5846892989406154 0.8396349413298569 16.0
148.03819465637207  seconds  2.5846892989406154 0.8396349413298569 3.1
152.33960056304932  seconds  2.5846892989406154 0.8396349413298569 17.0
149.45429253578186  seconds  2.5846892989406154 0.8396349413298569 5.1000000000000005
154.30484199523926  seconds  2.5846892989406154 0.8396349413298569 18.0
152.14734077453613  seconds  2.5846892989406154 0.8396349413298569 19.0
148.97271084785461  seconds  2.5846892989406154 0.8396349413298569 6.1000000000000005
148.86212372779846  seconds  2.5846892989406154 0.8396349413298569 7.1000000000000005
145.82322883605957  seconds  2.5846892989406154 0.8396349413298569 8.1
147.60787916183472  seconds  2.5846892989406154 0.8396349413298569 9.1
146.66428685188293  seconds  2.5846892989406154 0.8396349413298569 10.100000000000001
146.13668251037598  seconds  2.5846892989406154 0.8396349413298569 11.100000000000001
148.54503655433655  seconds  2.5846892989406154 0.8396349413298569 12.100000000000001
104.59665560722351  seconds  2.5846892989406154 0.8396349413298569 4.2
144.12316823005676  seconds  2.5846892989406154 0.8396349413298569 13.100000000000001
140.57442593574524  seconds  2.5846892989406154 0.8396349413298569 0.2
140.106689453125  seconds  2.5846892989406154 0.8396349413298569 14.100000000000001
141.22264528274536  seconds  2.5846892989406154 0.8396349413298569 1.2000000000000002
147.53536915779114  seconds  2.5846892989406154 0.8396349413298569 15.100000000000001
149.42894768714905  seconds  2.5846892989406154 0.8396349413298569 2.2
144.8493390083313  seconds  2.5846892989406154 0.8396349413298569 16.1
146.37334418296814  seconds  2.5846892989406154 0.8396349413298569 3.2
146.4362394809723  seconds  2.5846892989406154 0.8396349413298569 17.1
144.21829462051392  seconds  2.5846892989406154 0.8396349413298569 5.2
150.98287105560303  seconds  2.5846892989406154 0.8396349413298569 18.1
144.09702825546265  seconds  2.5846892989406154 0.8396349413298569 19.1
144.21302032470703  seconds  2.5846892989406154 0.8396349413298569 6.2
143.1040325164795  seconds  2.5846892989406154 0.8396349413298569 7.2
145.04295444488525  seconds  2.5846892989406154 0.8396349413298569 8.200000000000001
100.63118505477905  seconds  2.5846892989406154 0.8396349413298569 4.3
145.07199048995972  seconds  2.5846892989406154 0.8396349413298569 9.200000000000001
144.56086444854736  seconds  2.5846892989406154 0.8396349413298569 10.200000000000001
141.68983936309814  seconds  2.5846892989406154 0.8396349413298569 11.200000000000001
142.40770530700684  seconds  2.5846892989406154 0.8396349413298569 12.200000000000001
145.5178246498108  seconds  2.5846892989406154 0.8396349413298569 0.30000000000000004
142.18129920959473  seconds  2.5846892989406154 0.8396349413298569 14.200000000000001
151.51609826087952  seconds  2.5846892989406154 0.8396349413298569 13.200000000000001
146.26843738555908  seconds  2.5846892989406154 0.8396349413298569 1.3
141.03001976013184  seconds  2.5846892989406154 0.8396349413298569 2.3000000000000003
143.26365685462952  seconds  2.5846892989406154 0.8396349413298569 15.200000000000001
143.74929237365723  seconds  2.5846892989406154 0.8396349413298569 16.2
148.08421277999878  seconds  2.5846892989406154 0.8396349413298569 3.3000000000000003
101.6731185913086  seconds  2.5846892989406154 0.8396349413298569 4.4
149.1784839630127  seconds  2.5846892989406154 0.8396349413298569 17.2
144.52646350860596  seconds  2.5846892989406154 0.8396349413298569 5.300000000000001
139.70058798789978  seconds  2.5846892989406154 0.8396349413298569 19.200000000000003
144.35606408119202  seconds  2.5846892989406154 0.8396349413298569 18.2
142.24602055549622  seconds  2.5846892989406154 0.8396349413298569 6.300000000000001
140.06493067741394  seconds  2.5846892989406154 0.8396349413298569 7.300000000000001
149.03603553771973  seconds  2.5846892989406154 0.8396349413298569 8.3
143.90106749534607  seconds  2.5846892989406154 0.8396349413298569 9.3
150.92563247680664  seconds  2.5846892989406154 0.8396349413298569 10.3
147.14207339286804  seconds  2.5846892989406154 0.8396349413298569 11.3
138.45431327819824  seconds  2.5846892989406154 0.8396349413298569 12.3
141.09275007247925  seconds  2.5846892989406154 0.8396349413298569 14.3
147.43328976631165  seconds  2.5846892989406154 0.8396349413298569 0.4
101.67319655418396  seconds  2.5846892989406154 0.8396349413298569 4.5
143.49054622650146  seconds  2.5846892989406154 0.8396349413298569 13.3
144.3530945777893  seconds  2.5846892989406154 0.8396349413298569 1.4000000000000001
143.1030135154724  seconds  2.5846892989406154 0.8396349413298569 2.4000000000000004
150.4793131351471  seconds  2.5846892989406154 0.8396349413298569 15.3
141.51329803466797  seconds  2.5846892989406154 0.8396349413298569 16.3
139.96760487556458  seconds  2.5846892989406154 0.8396349413298569 3.4000000000000004
149.91309762001038  seconds  2.5846892989406154 0.8396349413298569 17.3
148.33504223823547  seconds  2.5846892989406154 0.8396349413298569 5.4
145.7403576374054  seconds  2.5846892989406154 0.8396349413298569 19.3
141.80409336090088  seconds  2.5846892989406154 0.8396349413298569 18.3
145.82032084465027  seconds  2.5846892989406154 0.8396349413298569 6.4
142.94732069969177  seconds  2.5846892989406154 0.8396349413298569 7.4
145.92526483535767  seconds  2.5846892989406154 0.8396349413298569 8.4
149.41429781913757  seconds  2.5846892989406154 0.8396349413298569 9.4
100.4390161037445  seconds  2.5846892989406154 0.8396349413298569 4.6000000000000005
147.77850604057312  seconds  2.5846892989406154 0.8396349413298569 10.4
141.4760706424713  seconds  2.5846892989406154 0.8396349413298569 12.4
146.20560359954834  seconds  2.5846892989406154 0.8396349413298569 11.4
140.52469182014465  seconds  2.5846892989406154 0.8396349413298569 0.5
146.74373412132263  seconds  2.5846892989406154 0.8396349413298569 14.4
143.21625137329102  seconds  2.5846892989406154 0.8396349413298569 13.4
148.14153575897217  seconds  2.5846892989406154 0.8396349413298569 1.5
140.32014894485474  seconds  2.5846892989406154 0.8396349413298569 15.4
148.2859799861908  seconds  2.5846892989406154 0.8396349413298569 2.5
148.33979988098145  seconds  2.5846892989406154 0.8396349413298569 16.400000000000002
145.57547521591187  seconds  2.5846892989406154 0.8396349413298569 3.5
141.4663782119751  seconds  2.5846892989406154 0.8396349413298569 17.400000000000002
145.08851981163025  seconds  2.5846892989406154 0.8396349413298569 5.5
145.1917462348938  seconds  2.5846892989406154 0.8396349413298569 18.400000000000002
147.76091289520264  seconds  2.5846892989406154 0.8396349413298569 19.400000000000002
102.53459620475769  seconds  2.5846892989406154 0.8396349413298569 4.7
148.07513880729675  seconds  2.5846892989406154 0.8396349413298569 6.5
144.80054688453674  seconds  2.5846892989406154 0.8396349413298569 7.5
143.56468605995178  seconds  2.5846892989406154 0.8396349413298569 8.5
144.79727244377136  seconds  2.5846892989406154 0.8396349413298569 9.5
143.09937930107117  seconds  2.5846892989406154 0.8396349413298569 12.5
148.50404024124146  seconds  2.5846892989406154 0.8396349413298569 10.5
145.82064056396484  seconds  2.5846892989406154 0.8396349413298569 11.5
143.5907232761383  seconds  2.5846892989406154 0.8396349413298569 0.6000000000000001
142.10034894943237  seconds  2.5846892989406154 0.8396349413298569 14.5
146.60932159423828  seconds  2.5846892989406154 0.8396349413298569 13.5
149.1367528438568  seconds  2.5846892989406154 0.8396349413298569 1.6
143.81000232696533  seconds  2.5846892989406154 0.8396349413298569 2.6
144.46597957611084  seconds  2.5846892989406154 0.8396349413298569 15.5
104.28112387657166  seconds  2.5846892989406154 0.8396349413298569 4.800000000000001
141.51219940185547  seconds  2.5846892989406154 0.8396349413298569 16.5
150.0107889175415  seconds  2.5846892989406154 0.8396349413298569 3.6
141.12341260910034  seconds  2.5846892989406154 0.8396349413298569 17.5
147.46004939079285  seconds  2.5846892989406154 0.8396349413298569 18.5
149.08914375305176  seconds  2.5846892989406154 0.8396349413298569 5.6000000000000005
145.89207792282104  seconds  2.5846892989406154 0.8396349413298569 19.5
148.38310360908508  seconds  2.5846892989406154 0.8396349413298569 6.6000000000000005
149.39057445526123  seconds  2.5846892989406154 0.8396349413298569 7.6000000000000005
150.22606587409973  seconds  2.5846892989406154 0.8396349413298569 8.6
146.78846907615662  seconds  2.5846892989406154 0.8396349413298569 9.600000000000001
148.04538941383362  seconds  2.5846892989406154 0.8396349413298569 10.600000000000001
146.72483825683594  seconds  2.5846892989406154 0.8396349413298569 11.600000000000001
153.3209958076477  seconds  2.5846892989406154 0.8396349413298569 12.600000000000001
102.04767656326294  seconds  2.5846892989406154 0.8396349413298569 4.9
143.57935523986816  seconds  2.5846892989406154 0.8396349413298569 0.7000000000000001
145.14680767059326  seconds  2.5846892989406154 0.8396349413298569 14.600000000000001
143.97523260116577  seconds  2.5846892989406154 0.8396349413298569 13.600000000000001
143.94801425933838  seconds  2.5846892989406154 0.8396349413298569 2.7
145.82149958610535  seconds  2.5846892989406154 0.8396349413298569 1.7000000000000002
144.94152283668518  seconds  2.5846892989406154 0.8396349413298569 15.600000000000001
144.39102435112  seconds  2.5846892989406154 0.8396349413298569 16.6
146.7449073791504  seconds  2.5846892989406154 0.8396349413298569 3.7
145.07797694206238  seconds  2.5846892989406154 0.8396349413298569 17.6
144.59721183776855  seconds  2.5846892989406154 0.8396349413298569 19.6
145.30500674247742  seconds  2.5846892989406154 0.8396349413298569 18.6
146.31492924690247  seconds  2.5846892989406154 0.8396349413298569 5.7
143.71769833564758  seconds  2.5846892989406154 0.8396349413298569 6.7
142.782399892807  seconds  2.5846892989406154 0.8396349413298569 7.7
148.04168939590454  seconds  2.5846892989406154 0.8396349413298569 8.700000000000001
148.33411812782288  seconds  2.5846892989406154 0.8396349413298569 9.700000000000001
142.51163816452026  seconds  2.5846892989406154 0.8396349413298569 11.700000000000001
144.35825634002686  seconds  2.5846892989406154 0.8396349413298569 10.700000000000001
144.76243329048157  seconds  2.5846892989406154 0.8396349413298569 12.700000000000001
141.3555121421814  seconds  2.5846892989406154 0.8396349413298569 0.8
142.3428499698639  seconds  2.5846892989406154 0.8396349413298569 14.700000000000001
145.48438215255737  seconds  2.5846892989406154 0.8396349413298569 13.700000000000001
136.9093198776245  seconds  2.5846892989406154 0.8396349413298569 2.8000000000000003
144.44500041007996  seconds  2.5846892989406154 0.8396349413298569 15.700000000000001
147.2528223991394  seconds  2.5846892989406154 0.8396349413298569 1.8
142.7908809185028  seconds  2.5846892989406154 0.8396349413298569 16.7
142.21100997924805  seconds  2.5846892989406154 0.8396349413298569 3.8000000000000003
140.91037225723267  seconds  2.5846892989406154 0.8396349413298569 17.7
138.79599928855896  seconds  2.5846892989406154 0.8396349413298569 18.7
142.30793070793152  seconds  2.5846892989406154 0.8396349413298569 19.700000000000003
144.72629284858704  seconds  2.5846892989406154 0.8396349413298569 5.800000000000001
140.06168818473816  seconds  2.5846892989406154 0.8396349413298569 6.800000000000001
143.14724111557007  seconds  2.5846892989406154 0.8396349413298569 7.800000000000001
140.8343584537506  seconds  2.5846892989406154 0.8396349413298569 8.8
146.65872430801392  seconds  2.5846892989406154 0.8396349413298569 9.8
143.7736110687256  seconds  2.5846892989406154 0.8396349413298569 11.8
143.0759723186493  seconds  2.5846892989406154 0.8396349413298569 10.8
141.2558238506317  seconds  2.5846892989406154 0.8396349413298569 12.8
141.57692503929138  seconds  2.5846892989406154 0.8396349413298569 0.9
138.36345171928406  seconds  2.5846892989406154 0.8396349413298569 14.8
141.3263943195343  seconds  2.5846892989406154 0.8396349413298569 13.8
140.6424925327301  seconds  2.5846892989406154 0.8396349413298569 2.9000000000000004
138.6644105911255  seconds  2.5846892989406154 0.8396349413298569 1.9000000000000001
141.63082647323608  seconds  2.5846892989406154 0.8396349413298569 15.8
140.89568996429443  seconds  2.5846892989406154 0.8396349413298569 16.8
134.94182109832764  seconds  2.5846892989406154 0.8396349413298569 3.9000000000000004
134.61545252799988  seconds  2.5846892989406154 0.8396349413298569 17.8
134.4993932247162  seconds  2.5846892989406154 0.8396349413298569 18.8
137.57903790473938  seconds  2.5846892989406154 0.8396349413298569 19.8
138.26546812057495  seconds  2.5846892989406154 0.8396349413298569 5.9
138.66101551055908  seconds  2.5846892989406154 0.8396349413298569 6.9
136.20415592193604  seconds  2.5846892989406154 0.8396349413298569 7.9
134.54982924461365  seconds  2.5846892989406154 0.8396349413298569 8.9
129.88211941719055  seconds  2.5846892989406154 0.8396349413298569 9.9
127.75088310241699  seconds  2.5846892989406154 0.8396349413298569 11.9
128.7744517326355  seconds  2.5846892989406154 0.8396349413298569 12.9
131.3593897819519  seconds  2.5846892989406154 0.8396349413298569 10.9
123.17923521995544  seconds  2.5846892989406154 0.8396349413298569 14.9
119.39565181732178  seconds  2.5846892989406154 0.8396349413298569 13.9
115.4984016418457  seconds  2.5846892989406154 0.8396349413298569 15.9
115.2350697517395  seconds  2.5846892989406154 0.8396349413298569 16.900000000000002
112.26664900779724  seconds  2.5846892989406154 0.8396349413298569 17.900000000000002
108.97989654541016  seconds  2.5846892989406154 0.8396349413298569 18.900000000000002
107.04376435279846  seconds  2.5846892989406154 0.8396349413298569 19.900000000000002
time for calc.... 1583.569993019104
energy at the point.. 2.5337077240684835 1.1368970013037814  is  2.067935501059992e-06
200 the points 10 chunk numtheads
starting with calculation of Sigma
107.17456269264221  seconds  2.5337077240684835 1.1368970013037814 0.0
107.85417151451111  seconds  2.5337077240684835 1.1368970013037814 1.0
111.37529015541077  seconds  2.5337077240684835 1.1368970013037814 2.0
117.22190952301025  seconds  2.5337077240684835 1.1368970013037814 3.0
117.19167709350586  seconds  2.5337077240684835 1.1368970013037814 4.0
119.34860444068909  seconds  2.5337077240684835 1.1368970013037814 5.0
98.48194098472595  seconds  2.5337077240684835 1.1368970013037814 8.0
119.62911891937256  seconds  2.5337077240684835 1.1368970013037814 6.0
120.37171769142151  seconds  2.5337077240684835 1.1368970013037814 7.0
130.2824947834015  seconds  2.5337077240684835 1.1368970013037814 9.0
129.35234427452087  seconds  2.5337077240684835 1.1368970013037814 10.0
136.42150950431824  seconds  2.5337077240684835 1.1368970013037814 11.0
136.42303276062012  seconds  2.5337077240684835 1.1368970013037814 12.0
142.524338722229  seconds  2.5337077240684835 1.1368970013037814 13.0
139.4606921672821  seconds  2.5337077240684835 1.1368970013037814 0.1
140.87545824050903  seconds  2.5337077240684835 1.1368970013037814 14.0
144.7230622768402  seconds  2.5337077240684835 1.1368970013037814 1.1
103.65669417381287  seconds  2.5337077240684835 1.1368970013037814 8.1
145.0579731464386  seconds  2.5337077240684835 1.1368970013037814 15.0
143.52859807014465  seconds  2.5337077240684835 1.1368970013037814 2.1
139.83621788024902  seconds  2.5337077240684835 1.1368970013037814 16.0
147.52154350280762  seconds  2.5337077240684835 1.1368970013037814 3.1
149.75814199447632  seconds  2.5337077240684835 1.1368970013037814 17.0
145.56227660179138  seconds  2.5337077240684835 1.1368970013037814 4.1000000000000005
148.5998194217682  seconds  2.5337077240684835 1.1368970013037814 18.0
145.5940637588501  seconds  2.5337077240684835 1.1368970013037814 5.1000000000000005
146.69905614852905  seconds  2.5337077240684835 1.1368970013037814 19.0
141.89296698570251  seconds  2.5337077240684835 1.1368970013037814 7.1000000000000005
150.83461141586304  seconds  2.5337077240684835 1.1368970013037814 6.1000000000000005
147.6807463169098  seconds  2.5337077240684835 1.1368970013037814 9.1
154.65687894821167  seconds  2.5337077240684835 1.1368970013037814 10.100000000000001
102.18811559677124  seconds  2.5337077240684835 1.1368970013037814 8.200000000000001
149.67897748947144  seconds  2.5337077240684835 1.1368970013037814 11.100000000000001
148.34540176391602  seconds  2.5337077240684835 1.1368970013037814 12.100000000000001
145.72754096984863  seconds  2.5337077240684835 1.1368970013037814 0.2
146.576242685318  seconds  2.5337077240684835 1.1368970013037814 13.100000000000001
148.93094539642334  seconds  2.5337077240684835 1.1368970013037814 14.100000000000001
143.6451599597931  seconds  2.5337077240684835 1.1368970013037814 1.2000000000000002
142.11388516426086  seconds  2.5337077240684835 1.1368970013037814 15.100000000000001
147.57427835464478  seconds  2.5337077240684835 1.1368970013037814 16.1
149.70733404159546  seconds  2.5337077240684835 1.1368970013037814 2.2
143.1824197769165  seconds  2.5337077240684835 1.1368970013037814 3.2
141.941899061203  seconds  2.5337077240684835 1.1368970013037814 4.2
149.28292727470398  seconds  2.5337077240684835 1.1368970013037814 17.1
142.15507888793945  seconds  2.5337077240684835 1.1368970013037814 5.2
147.13268756866455  seconds  2.5337077240684835 1.1368970013037814 18.1
145.74287366867065  seconds  2.5337077240684835 1.1368970013037814 19.1
144.24582076072693  seconds  2.5337077240684835 1.1368970013037814 6.2
146.37838888168335  seconds  2.5337077240684835 1.1368970013037814 7.2
101.75127482414246  seconds  2.5337077240684835 1.1368970013037814 8.3
145.11548709869385  seconds  2.5337077240684835 1.1368970013037814 9.200000000000001
145.19448947906494  seconds  2.5337077240684835 1.1368970013037814 10.200000000000001
150.18198347091675  seconds  2.5337077240684835 1.1368970013037814 11.200000000000001
151.54943919181824  seconds  2.5337077240684835 1.1368970013037814 12.200000000000001
143.86017322540283  seconds  2.5337077240684835 1.1368970013037814 13.200000000000001
147.10440230369568  seconds  2.5337077240684835 1.1368970013037814 0.30000000000000004
143.40964937210083  seconds  2.5337077240684835 1.1368970013037814 14.200000000000001
148.62581157684326  seconds  2.5337077240684835 1.1368970013037814 1.3
148.7987096309662  seconds  2.5337077240684835 1.1368970013037814 15.200000000000001
144.31719064712524  seconds  2.5337077240684835 1.1368970013037814 16.2
151.9626271724701  seconds  2.5337077240684835 1.1368970013037814 2.3000000000000003
104.27259683609009  seconds  2.5337077240684835 1.1368970013037814 8.4
148.63114380836487  seconds  2.5337077240684835 1.1368970013037814 3.3000000000000003
150.33704900741577  seconds  2.5337077240684835 1.1368970013037814 4.3
149.49329280853271  seconds  2.5337077240684835 1.1368970013037814 17.2
147.9421558380127  seconds  2.5337077240684835 1.1368970013037814 18.2
151.37766361236572  seconds  2.5337077240684835 1.1368970013037814 5.300000000000001
150.98091745376587  seconds  2.5337077240684835 1.1368970013037814 19.200000000000003
147.35530519485474  seconds  2.5337077240684835 1.1368970013037814 7.300000000000001
149.92178082466125  seconds  2.5337077240684835 1.1368970013037814 6.300000000000001
151.27310991287231  seconds  2.5337077240684835 1.1368970013037814 9.3
146.71918535232544  seconds  2.5337077240684835 1.1368970013037814 10.3
143.5317132472992  seconds  2.5337077240684835 1.1368970013037814 11.3
100.37738466262817  seconds  2.5337077240684835 1.1368970013037814 8.5
147.52087426185608  seconds  2.5337077240684835 1.1368970013037814 12.3
142.9363133907318  seconds  2.5337077240684835 1.1368970013037814 13.3
143.64136362075806  seconds  2.5337077240684835 1.1368970013037814 0.4
145.74749064445496  seconds  2.5337077240684835 1.1368970013037814 14.3
139.97037172317505  seconds  2.5337077240684835 1.1368970013037814 1.4000000000000001
145.407723903656  seconds  2.5337077240684835 1.1368970013037814 15.3
143.8513708114624  seconds  2.5337077240684835 1.1368970013037814 2.4000000000000004
152.95262098312378  seconds  2.5337077240684835 1.1368970013037814 16.3
140.3562250137329  seconds  2.5337077240684835 1.1368970013037814 3.4000000000000004
149.8072144985199  seconds  2.5337077240684835 1.1368970013037814 4.4
147.66993880271912  seconds  2.5337077240684835 1.1368970013037814 17.3
143.01834559440613  seconds  2.5337077240684835 1.1368970013037814 18.3
143.33752822875977  seconds  2.5337077240684835 1.1368970013037814 5.4
150.19672179222107  seconds  2.5337077240684835 1.1368970013037814 19.3
148.17534637451172  seconds  2.5337077240684835 1.1368970013037814 7.4
148.13695287704468  seconds  2.5337077240684835 1.1368970013037814 6.4
103.29612612724304  seconds  2.5337077240684835 1.1368970013037814 8.6
147.12576866149902  seconds  2.5337077240684835 1.1368970013037814 9.4
148.17401480674744  seconds  2.5337077240684835 1.1368970013037814 10.4
148.78692841529846  seconds  2.5337077240684835 1.1368970013037814 11.4
144.51743602752686  seconds  2.5337077240684835 1.1368970013037814 12.4
146.87459087371826  seconds  2.5337077240684835 1.1368970013037814 13.4
149.74891781806946  seconds  2.5337077240684835 1.1368970013037814 0.5
142.23353743553162  seconds  2.5337077240684835 1.1368970013037814 14.4
148.50750017166138  seconds  2.5337077240684835 1.1368970013037814 1.5
150.73174619674683  seconds  2.5337077240684835 1.1368970013037814 15.4
145.01182222366333  seconds  2.5337077240684835 1.1368970013037814 16.400000000000002
145.98256754875183  seconds  2.5337077240684835 1.1368970013037814 2.5
148.24219512939453  seconds  2.5337077240684835 1.1368970013037814 3.5
105.0418336391449  seconds  2.5337077240684835 1.1368970013037814 8.700000000000001
147.4171531200409  seconds  2.5337077240684835 1.1368970013037814 4.5
146.58992791175842  seconds  2.5337077240684835 1.1368970013037814 18.400000000000002
144.493878364563  seconds  2.5337077240684835 1.1368970013037814 5.5
148.4942798614502  seconds  2.5337077240684835 1.1368970013037814 17.400000000000002
143.51748704910278  seconds  2.5337077240684835 1.1368970013037814 19.400000000000002
146.05434393882751  seconds  2.5337077240684835 1.1368970013037814 7.5
149.57122087478638  seconds  2.5337077240684835 1.1368970013037814 6.5
152.19367718696594  seconds  2.5337077240684835 1.1368970013037814 9.5
152.59003686904907  seconds  2.5337077240684835 1.1368970013037814 10.5
141.3508505821228  seconds  2.5337077240684835 1.1368970013037814 11.5
146.5213074684143  seconds  2.5337077240684835 1.1368970013037814 13.5
149.7504801750183  seconds  2.5337077240684835 1.1368970013037814 12.5
147.00734090805054  seconds  2.5337077240684835 1.1368970013037814 14.5
150.59592247009277  seconds  2.5337077240684835 1.1368970013037814 0.6000000000000001
103.23182916641235  seconds  2.5337077240684835 1.1368970013037814 8.8
145.2217903137207  seconds  2.5337077240684835 1.1368970013037814 1.6
152.33635926246643  seconds  2.5337077240684835 1.1368970013037814 15.5
146.27851796150208  seconds  2.5337077240684835 1.1368970013037814 16.5
147.62346124649048  seconds  2.5337077240684835 1.1368970013037814 2.6
148.20614171028137  seconds  2.5337077240684835 1.1368970013037814 3.6
145.69919276237488  seconds  2.5337077240684835 1.1368970013037814 5.6000000000000005
146.590416431427  seconds  2.5337077240684835 1.1368970013037814 18.5
147.71259689331055  seconds  2.5337077240684835 1.1368970013037814 4.6000000000000005
152.48548579216003  seconds  2.5337077240684835 1.1368970013037814 17.5
149.34684658050537  seconds  2.5337077240684835 1.1368970013037814 19.5
149.75865054130554  seconds  2.5337077240684835 1.1368970013037814 7.6000000000000005
146.9955506324768  seconds  2.5337077240684835 1.1368970013037814 6.6000000000000005
103.14438605308533  seconds  2.5337077240684835 1.1368970013037814 8.9
145.45095038414001  seconds  2.5337077240684835 1.1368970013037814 9.600000000000001
148.79705286026  seconds  2.5337077240684835 1.1368970013037814 10.600000000000001
149.60821676254272  seconds  2.5337077240684835 1.1368970013037814 11.600000000000001
144.9641649723053  seconds  2.5337077240684835 1.1368970013037814 13.600000000000001
145.47518610954285  seconds  2.5337077240684835 1.1368970013037814 12.600000000000001
142.65110301971436  seconds  2.5337077240684835 1.1368970013037814 14.600000000000001
149.99269318580627  seconds  2.5337077240684835 1.1368970013037814 0.7000000000000001
150.00285148620605  seconds  2.5337077240684835 1.1368970013037814 1.7000000000000002
144.11296033859253  seconds  2.5337077240684835 1.1368970013037814 16.6
146.53314065933228  seconds  2.5337077240684835 1.1368970013037814 15.600000000000001
146.38889408111572  seconds  2.5337077240684835 1.1368970013037814 2.7
141.55518913269043  seconds  2.5337077240684835 1.1368970013037814 3.7
143.18015456199646  seconds  2.5337077240684835 1.1368970013037814 4.7
145.40760803222656  seconds  2.5337077240684835 1.1368970013037814 18.6
144.8784282207489  seconds  2.5337077240684835 1.1368970013037814 17.6
153.66006541252136  seconds  2.5337077240684835 1.1368970013037814 5.7
147.32980275154114  seconds  2.5337077240684835 1.1368970013037814 19.6
141.90841007232666  seconds  2.5337077240684835 1.1368970013037814 6.7
143.87066316604614  seconds  2.5337077240684835 1.1368970013037814 7.7
137.87500500679016  seconds  2.5337077240684835 1.1368970013037814 9.700000000000001
144.25576663017273  seconds  2.5337077240684835 1.1368970013037814 11.700000000000001
147.3334038257599  seconds  2.5337077240684835 1.1368970013037814 10.700000000000001
145.22781920433044  seconds  2.5337077240684835 1.1368970013037814 12.700000000000001
148.2887237071991  seconds  2.5337077240684835 1.1368970013037814 13.700000000000001
144.44899559020996  seconds  2.5337077240684835 1.1368970013037814 14.700000000000001
146.5185718536377  seconds  2.5337077240684835 1.1368970013037814 0.8
147.68576741218567  seconds  2.5337077240684835 1.1368970013037814 1.8
145.6509301662445  seconds  2.5337077240684835 1.1368970013037814 2.8000000000000003
150.44191336631775  seconds  2.5337077240684835 1.1368970013037814 16.7
150.10639929771423  seconds  2.5337077240684835 1.1368970013037814 15.700000000000001
146.32013750076294  seconds  2.5337077240684835 1.1368970013037814 3.8000000000000003
142.7312970161438  seconds  2.5337077240684835 1.1368970013037814 4.800000000000001
143.37194919586182  seconds  2.5337077240684835 1.1368970013037814 18.7
143.22921586036682  seconds  2.5337077240684835 1.1368970013037814 17.7
144.74531984329224  seconds  2.5337077240684835 1.1368970013037814 5.800000000000001
149.19261384010315  seconds  2.5337077240684835 1.1368970013037814 19.700000000000003
146.5605640411377  seconds  2.5337077240684835 1.1368970013037814 6.800000000000001
149.66617560386658  seconds  2.5337077240684835 1.1368970013037814 7.800000000000001
145.83824157714844  seconds  2.5337077240684835 1.1368970013037814 9.8
143.92999601364136  seconds  2.5337077240684835 1.1368970013037814 10.8
148.1301760673523  seconds  2.5337077240684835 1.1368970013037814 11.8
141.98601412773132  seconds  2.5337077240684835 1.1368970013037814 12.8
141.69646382331848  seconds  2.5337077240684835 1.1368970013037814 14.8
143.73477411270142  seconds  2.5337077240684835 1.1368970013037814 13.8
143.48253440856934  seconds  2.5337077240684835 1.1368970013037814 0.9
141.7405345439911  seconds  2.5337077240684835 1.1368970013037814 1.9000000000000001
142.15571427345276  seconds  2.5337077240684835 1.1368970013037814 16.8
141.87533569335938  seconds  2.5337077240684835 1.1368970013037814 15.8
141.16044116020203  seconds  2.5337077240684835 1.1368970013037814 3.9000000000000004
148.15779614448547  seconds  2.5337077240684835 1.1368970013037814 2.9000000000000004
142.29425430297852  seconds  2.5337077240684835 1.1368970013037814 4.9
141.11396837234497  seconds  2.5337077240684835 1.1368970013037814 18.8
138.47075629234314  seconds  2.5337077240684835 1.1368970013037814 5.9
142.29106736183167  seconds  2.5337077240684835 1.1368970013037814 17.8
138.04663848876953  seconds  2.5337077240684835 1.1368970013037814 19.8
140.0903618335724  seconds  2.5337077240684835 1.1368970013037814 6.9
139.27636098861694  seconds  2.5337077240684835 1.1368970013037814 7.9
135.55628871917725  seconds  2.5337077240684835 1.1368970013037814 9.9
128.5663137435913  seconds  2.5337077240684835 1.1368970013037814 10.9
126.61514973640442  seconds  2.5337077240684835 1.1368970013037814 11.9
122.29017400741577  seconds  2.5337077240684835 1.1368970013037814 12.9
121.70373225212097  seconds  2.5337077240684835 1.1368970013037814 14.9
123.75095295906067  seconds  2.5337077240684835 1.1368970013037814 13.9
112.28361296653748  seconds  2.5337077240684835 1.1368970013037814 15.9
113.18581342697144  seconds  2.5337077240684835 1.1368970013037814 16.900000000000002
113.00291180610657  seconds  2.5337077240684835 1.1368970013037814 18.900000000000002
106.95549201965332  seconds  2.5337077240684835 1.1368970013037814 17.900000000000002
103.42072534561157  seconds  2.5337077240684835 1.1368970013037814 19.900000000000002
time for calc.... 1595.6745426654816
energy at the point.. 2.421355054487129 1.409821816601478  is  6.066433012819061e-06
200 the points 10 chunk numtheads
starting with calculation of Sigma
104.0771713256836  seconds  2.421355054487129 1.409821816601478 0.0
106.00870513916016  seconds  2.421355054487129 1.409821816601478 1.0
100.84581255912781  seconds  2.421355054487129 1.409821816601478 2.0
108.15386962890625  seconds  2.421355054487129 1.409821816601478 3.0
116.81677651405334  seconds  2.421355054487129 1.409821816601478 4.0
115.41844177246094  seconds  2.421355054487129 1.409821816601478 5.0
109.34965300559998  seconds  2.421355054487129 1.409821816601478 6.0
121.78142023086548  seconds  2.421355054487129 1.409821816601478 7.0
103.19858813285828  seconds  2.421355054487129 1.409821816601478 11.0
129.8984568119049  seconds  2.421355054487129 1.409821816601478 8.0
130.12902808189392  seconds  2.421355054487129 1.409821816601478 9.0
131.96578097343445  seconds  2.421355054487129 1.409821816601478 10.0
104.71951079368591  seconds  2.421355054487129 1.409821816601478 2.1
130.3029797077179  seconds  2.421355054487129 1.409821816601478 12.0
134.977117061615  seconds  2.421355054487129 1.409821816601478 0.1
134.26928615570068  seconds  2.421355054487129 1.409821816601478 13.0
104.90080499649048  seconds  2.421355054487129 1.409821816601478 17.0
133.88762831687927  seconds  2.421355054487129 1.409821816601478 1.1
138.95143246650696  seconds  2.421355054487129 1.409821816601478 14.0
105.2929470539093  seconds  2.421355054487129 1.409821816601478 6.1000000000000005
139.98854517936707  seconds  2.421355054487129 1.409821816601478 15.0
107.22473621368408  seconds  2.421355054487129 1.409821816601478 19.0
137.23041462898254  seconds  2.421355054487129 1.409821816601478 3.1
140.08379936218262  seconds  2.421355054487129 1.409821816601478 16.0
123.29576969146729  seconds  2.421355054487129 1.409821816601478 5.1000000000000005
138.90484952926636  seconds  2.421355054487129 1.409821816601478 4.1000000000000005
142.52649593353271  seconds  2.421355054487129 1.409821816601478 18.0
106.64247417449951  seconds  2.421355054487129 1.409821816601478 11.100000000000001
142.81078624725342  seconds  2.421355054487129 1.409821816601478 7.1000000000000005
106.35437893867493  seconds  2.421355054487129 1.409821816601478 2.2
137.17599201202393  seconds  2.421355054487129 1.409821816601478 8.1
143.49000716209412  seconds  2.421355054487129 1.409821816601478 9.1
138.88887739181519  seconds  2.421355054487129 1.409821816601478 10.100000000000001
107.41075587272644  seconds  2.421355054487129 1.409821816601478 17.1
105.94463467597961  seconds  2.421355054487129 1.409821816601478 6.2
143.1864948272705  seconds  2.421355054487129 1.409821816601478 12.100000000000001
107.47935700416565  seconds  2.421355054487129 1.409821816601478 19.1
144.83699679374695  seconds  2.421355054487129 1.409821816601478 0.2
142.99005675315857  seconds  2.421355054487129 1.409821816601478 13.100000000000001
106.26068949699402  seconds  2.421355054487129 1.409821816601478 5.2
144.5744092464447  seconds  2.421355054487129 1.409821816601478 1.2000000000000002
140.98612570762634  seconds  2.421355054487129 1.409821816601478 14.100000000000001
140.80871987342834  seconds  2.421355054487129 1.409821816601478 15.100000000000001
107.75947594642639  seconds  2.421355054487129 1.409821816601478 11.200000000000001
139.32145643234253  seconds  2.421355054487129 1.409821816601478 3.2
139.61411476135254  seconds  2.421355054487129 1.409821816601478 16.1
136.15798997879028  seconds  2.421355054487129 1.409821816601478 4.2
106.70433497428894  seconds  2.421355054487129 1.409821816601478 2.3000000000000003
142.76342511177063  seconds  2.421355054487129 1.409821816601478 18.1
106.72089076042175  seconds  2.421355054487129 1.409821816601478 17.2
142.13146495819092  seconds  2.421355054487129 1.409821816601478 7.2
140.82032012939453  seconds  2.421355054487129 1.409821816601478 8.200000000000001
105.8555600643158  seconds  2.421355054487129 1.409821816601478 6.300000000000001
106.09789562225342  seconds  2.421355054487129 1.409821816601478 19.200000000000003
137.53720688819885  seconds  2.421355054487129 1.409821816601478 9.200000000000001
137.2323076725006  seconds  2.421355054487129 1.409821816601478 10.200000000000001
106.46899056434631  seconds  2.421355054487129 1.409821816601478 5.300000000000001
137.14479398727417  seconds  2.421355054487129 1.409821816601478 12.200000000000001
108.00344753265381  seconds  2.421355054487129 1.409821816601478 11.3
138.7356653213501  seconds  2.421355054487129 1.409821816601478 13.200000000000001
143.10458874702454  seconds  2.421355054487129 1.409821816601478 0.30000000000000004
133.99162888526917  seconds  2.421355054487129 1.409821816601478 14.200000000000001
137.03876662254333  seconds  2.421355054487129 1.409821816601478 1.3
137.04315948486328  seconds  2.421355054487129 1.409821816601478 15.200000000000001
107.07530379295349  seconds  2.421355054487129 1.409821816601478 2.4000000000000004
144.20768976211548  seconds  2.421355054487129 1.409821816601478 3.3000000000000003
141.7399024963379  seconds  2.421355054487129 1.409821816601478 16.2
107.65603256225586  seconds  2.421355054487129 1.409821816601478 17.3
144.3379418849945  seconds  2.421355054487129 1.409821816601478 4.3
139.5956575870514  seconds  2.421355054487129 1.409821816601478 18.2
106.97070980072021  seconds  2.421355054487129 1.409821816601478 6.4
106.27446675300598  seconds  2.421355054487129 1.409821816601478 19.3
134.2758810520172  seconds  2.421355054487129 1.409821816601478 7.300000000000001
105.53019618988037  seconds  2.421355054487129 1.409821816601478 5.4
138.53688621520996  seconds  2.421355054487129 1.409821816601478 8.3
108.4207603931427  seconds  2.421355054487129 1.409821816601478 11.4
139.01537132263184  seconds  2.421355054487129 1.409821816601478 10.3
143.40948057174683  seconds  2.421355054487129 1.409821816601478 9.3
107.08813142776489  seconds  2.421355054487129 1.409821816601478 2.5
140.79881167411804  seconds  2.421355054487129 1.409821816601478 12.3
137.4039523601532  seconds  2.421355054487129 1.409821816601478 13.3
138.15566205978394  seconds  2.421355054487129 1.409821816601478 0.4
137.4970772266388  seconds  2.421355054487129 1.409821816601478 14.3
139.62496829032898  seconds  2.421355054487129 1.409821816601478 1.4000000000000001
107.49893617630005  seconds  2.421355054487129 1.409821816601478 17.400000000000002
135.1339819431305  seconds  2.421355054487129 1.409821816601478 15.3
106.01873064041138  seconds  2.421355054487129 1.409821816601478 6.5
136.80803847312927  seconds  2.421355054487129 1.409821816601478 3.4000000000000004
136.65969252586365  seconds  2.421355054487129 1.409821816601478 16.3
106.06809043884277  seconds  2.421355054487129 1.409821816601478 19.400000000000002
106.84268808364868  seconds  2.421355054487129 1.409821816601478 5.5
136.31985330581665  seconds  2.421355054487129 1.409821816601478 18.3
143.94571542739868  seconds  2.421355054487129 1.409821816601478 4.4
107.80338764190674  seconds  2.421355054487129 1.409821816601478 11.5
140.58540725708008  seconds  2.421355054487129 1.409821816601478 7.4
136.489102602005  seconds  2.421355054487129 1.409821816601478 8.4
107.37534189224243  seconds  2.421355054487129 1.409821816601478 2.6
137.7999975681305  seconds  2.421355054487129 1.409821816601478 10.4
137.80302119255066  seconds  2.421355054487129 1.409821816601478 9.4
107.57212138175964  seconds  2.421355054487129 1.409821816601478 17.5
140.0946044921875  seconds  2.421355054487129 1.409821816601478 12.4
105.9546890258789  seconds  2.421355054487129 1.409821816601478 6.6000000000000005
139.36448407173157  seconds  2.421355054487129 1.409821816601478 13.4
106.30262207984924  seconds  2.421355054487129 1.409821816601478 19.5
138.8697760105133  seconds  2.421355054487129 1.409821816601478 0.5
134.54145097732544  seconds  2.421355054487129 1.409821816601478 1.5
140.05622720718384  seconds  2.421355054487129 1.409821816601478 14.4
106.4647285938263  seconds  2.421355054487129 1.409821816601478 5.6000000000000005
140.03240036964417  seconds  2.421355054487129 1.409821816601478 15.4
139.06968069076538  seconds  2.421355054487129 1.409821816601478 3.5
138.35762739181519  seconds  2.421355054487129 1.409821816601478 16.400000000000002
107.4215636253357  seconds  2.421355054487129 1.409821816601478 11.600000000000001
135.87691521644592  seconds  2.421355054487129 1.409821816601478 18.400000000000002
136.47626662254333  seconds  2.421355054487129 1.409821816601478 4.5
106.58909440040588  seconds  2.421355054487129 1.409821816601478 2.7
136.1983346939087  seconds  2.421355054487129 1.409821816601478 7.5
106.56355428695679  seconds  2.421355054487129 1.409821816601478 17.6
142.37243103981018  seconds  2.421355054487129 1.409821816601478 8.5
107.29211258888245  seconds  2.421355054487129 1.409821816601478 6.7
140.05175757408142  seconds  2.421355054487129 1.409821816601478 9.5
141.34937930107117  seconds  2.421355054487129 1.409821816601478 10.5
106.40486311912537  seconds  2.421355054487129 1.409821816601478 19.6
107.26069355010986  seconds  2.421355054487129 1.409821816601478 5.7
142.61884355545044  seconds  2.421355054487129 1.409821816601478 12.5
138.98044323921204  seconds  2.421355054487129 1.409821816601478 13.5
106.68046879768372  seconds  2.421355054487129 1.409821816601478 11.700000000000001
144.14948558807373  seconds  2.421355054487129 1.409821816601478 0.6000000000000001
141.64958667755127  seconds  2.421355054487129 1.409821816601478 14.5
145.43241715431213  seconds  2.421355054487129 1.409821816601478 1.6
140.2644603252411  seconds  2.421355054487129 1.409821816601478 15.5
139.53523087501526  seconds  2.421355054487129 1.409821816601478 3.6
107.36353731155396  seconds  2.421355054487129 1.409821816601478 2.8000000000000003
143.8341155052185  seconds  2.421355054487129 1.409821816601478 16.5
133.92631149291992  seconds  2.421355054487129 1.409821816601478 18.5
140.73588705062866  seconds  2.421355054487129 1.409821816601478 4.6000000000000005
106.77674198150635  seconds  2.421355054487129 1.409821816601478 17.7
106.36586594581604  seconds  2.421355054487129 1.409821816601478 6.800000000000001
134.8184142112732  seconds  2.421355054487129 1.409821816601478 7.6000000000000005
106.59575533866882  seconds  2.421355054487129 1.409821816601478 19.700000000000003
106.24005341529846  seconds  2.421355054487129 1.409821816601478 5.800000000000001
140.4677972793579  seconds  2.421355054487129 1.409821816601478 8.6
139.1441388130188  seconds  2.421355054487129 1.409821816601478 10.600000000000001
142.20163440704346  seconds  2.421355054487129 1.409821816601478 9.600000000000001
106.7284882068634  seconds  2.421355054487129 1.409821816601478 11.8
107.76445841789246  seconds  2.421355054487129 1.409821816601478 2.9000000000000004
146.67675352096558  seconds  2.421355054487129 1.409821816601478 12.600000000000001
141.7203345298767  seconds  2.421355054487129 1.409821816601478 13.600000000000001
136.9420256614685  seconds  2.421355054487129 1.409821816601478 14.600000000000001
138.90955114364624  seconds  2.421355054487129 1.409821816601478 0.7000000000000001
141.49895215034485  seconds  2.421355054487129 1.409821816601478 1.7000000000000002
143.58115458488464  seconds  2.421355054487129 1.409821816601478 15.600000000000001
106.68736267089844  seconds  2.421355054487129 1.409821816601478 17.8
136.6946337223053  seconds  2.421355054487129 1.409821816601478 3.7
136.83986616134644  seconds  2.421355054487129 1.409821816601478 16.6
106.61505365371704  seconds  2.421355054487129 1.409821816601478 6.9
133.3476321697235  seconds  2.421355054487129 1.409821816601478 18.6
107.18371176719666  seconds  2.421355054487129 1.409821816601478 19.8
138.40179657936096  seconds  2.421355054487129 1.409821816601478 4.7
106.09625172615051  seconds  2.421355054487129 1.409821816601478 5.9
132.3424792289734  seconds  2.421355054487129 1.409821816601478 7.7
106.06844687461853  seconds  2.421355054487129 1.409821816601478 11.9
132.58051824569702  seconds  2.421355054487129 1.409821816601478 8.700000000000001
130.3586483001709  seconds  2.421355054487129 1.409821816601478 10.700000000000001
129.52246356010437  seconds  2.421355054487129 1.409821816601478 9.700000000000001
105.35554146766663  seconds  2.421355054487129 1.409821816601478 1.8
124.82513546943665  seconds  2.421355054487129 1.409821816601478 12.700000000000001
102.16102743148804  seconds  2.421355054487129 1.409821816601478 17.900000000000002
128.0917148590088  seconds  2.421355054487129 1.409821816601478 13.700000000000001
125.82651615142822  seconds  2.421355054487129 1.409821816601478 14.700000000000001
125.81640315055847  seconds  2.421355054487129 1.409821816601478 0.8
102.15653419494629  seconds  2.421355054487129 1.409821816601478 19.900000000000002
124.53609299659729  seconds  2.421355054487129 1.409821816601478 15.700000000000001
121.6873414516449  seconds  2.421355054487129 1.409821816601478 3.8000000000000003
121.8589117527008  seconds  2.421355054487129 1.409821816601478 16.7
123.89900064468384  seconds  2.421355054487129 1.409821816601478 18.7
122.12787008285522  seconds  2.421355054487129 1.409821816601478 4.800000000000001
119.68599462509155  seconds  2.421355054487129 1.409821816601478 7.800000000000001
120.06121802330017  seconds  2.421355054487129 1.409821816601478 8.8
117.92960000038147  seconds  2.421355054487129 1.409821816601478 10.8
100.1682014465332  seconds  2.421355054487129 1.409821816601478 1.9000000000000001
126.45228385925293  seconds  2.421355054487129 1.409821816601478 9.8
116.38311338424683  seconds  2.421355054487129 1.409821816601478 13.8
99.98899483680725  seconds  2.421355054487129 1.409821816601478 15.8
117.6815595626831  seconds  2.421355054487129 1.409821816601478 14.8
124.76507425308228  seconds  2.421355054487129 1.409821816601478 12.8
117.16532015800476  seconds  2.421355054487129 1.409821816601478 0.9
114.48474454879761  seconds  2.421355054487129 1.409821816601478 3.9000000000000004
114.95012187957764  seconds  2.421355054487129 1.409821816601478 16.8
120.02720546722412  seconds  2.421355054487129 1.409821816601478 18.8
115.24639081954956  seconds  2.421355054487129 1.409821816601478 4.9
114.0645809173584  seconds  2.421355054487129 1.409821816601478 7.9
110.79278111457825  seconds  2.421355054487129 1.409821816601478 8.9
110.84611105918884  seconds  2.421355054487129 1.409821816601478 10.9
111.36110401153564  seconds  2.421355054487129 1.409821816601478 9.9
96.86448669433594  seconds  2.421355054487129 1.409821816601478 15.9
106.75908851623535  seconds  2.421355054487129 1.409821816601478 13.9
107.38701224327087  seconds  2.421355054487129 1.409821816601478 14.9
111.79280996322632  seconds  2.421355054487129 1.409821816601478 12.9
104.06508994102478  seconds  2.421355054487129 1.409821816601478 16.900000000000002
102.52077221870422  seconds  2.421355054487129 1.409821816601478 18.900000000000002
time for calc.... 1477.9167149066925
110360.14user 40718.39system 2:30:42elapsed 1670%CPU (0avgtext+0avgdata 21605928maxresident)k
3387624inputs+129664outputs (767major+557225209minor)pagefaults 0swaps
