reading lattice from... ./Lattices/sqKgridX100.npy
reading lattice from... ./Lattices/sqKgridY100.npy
started calculating filling for chemical potential and dispersion parameters TB_single_band..
reading lattice from... ./Lattices/KgridX400.npy
reading lattice from... ./Lattices/KgridY400.npy
reading lattice from... ./Lattices/KgridX400.npy
reading lattice from... ./Lattices/KgridY400.npy
finished calculating filling for chemical potential
Filling: 0.5021914101708863 .... chemical potential: 29.41164495334965
dispersion params: 54.93230174081238 	 -10.444874274661508
The fermi energy in mev is: 3064.1164088176356, and in units of J: 296.3362097502549, the bandwidth is:494.39071566731144
reading lattice from... ./Lattices/KgridX2000.npy
reading lattice from... ./Lattices/KgridY2000.npy
reading lattice from... ./Lattices/sqKgridX2000.npy
reading lattice from... ./Lattices/sqKgridY2000.npy
412 the fermi surface points 9 numtheads
starting with calculation of Sigma
10.38887071609497  seconds  1.9849630595393304 1.8569733050797659 0.001
10.616878032684326  seconds  1.9849630595393304 1.8569733050797659 0.3645454545454545
10.627055168151855  seconds  1.9849630595393304 1.8569733050797659 0.728090909090909
10.212768793106079  seconds  1.9849630595393304 1.8569733050797659 1.455181818181818
11.111726522445679  seconds  1.9849630595393304 1.8569733050797659 1.0916363636363635
10.647392988204956  seconds  1.9849630595393304 1.8569733050797659 1.8187272727272725
10.525836706161499  seconds  1.9849630595393304 1.8569733050797659 2.182272727272727
10.061586141586304  seconds  1.9849630595393304 1.8569733050797659 2.909363636363636
10.916911363601685  seconds  1.9849630595393304 1.8569733050797659 2.5458181818181815
10.520996570587158  seconds  1.9849630595393304 1.8569733050797659 3.2729090909090908
10.77037501335144  seconds  1.9849630595393304 1.8569733050797659 3.636454545454545
11.197899103164673  seconds  1.9849630595393304 1.8569733050797659 4.0
11.162484407424927  seconds  1.9849630595393304 1.8569733050797659 0.04139393939393939
11.50340986251831  seconds  1.9849630595393304 1.8569733050797659 0.40493939393939393
11.155656814575195  seconds  1.9849630595393304 1.8569733050797659 0.7684848484848484
10.964475393295288  seconds  1.9849630595393304 1.8569733050797659 1.4955757575757573
10.90458083152771  seconds  1.9849630595393304 1.8569733050797659 1.132030303030303
10.859211444854736  seconds  1.9849630595393304 1.8569733050797659 1.859121212121212
10.899960279464722  seconds  1.9849630595393304 1.8569733050797659 2.2226666666666666
10.936500787734985  seconds  1.9849630595393304 1.8569733050797659 2.586212121212121
11.61661171913147  seconds  1.9849630595393304 1.8569733050797659 2.9497575757575754
10.730867624282837  seconds  1.9849630595393304 1.8569733050797659 3.31330303030303
10.542026996612549  seconds  1.9849630595393304 1.8569733050797659 3.6768484848484846
10.791940212249756  seconds  1.9849630595393304 1.8569733050797659 0.08178787878787878
11.141296863555908  seconds  1.9849630595393304 1.8569733050797659 0.4453333333333333
11.231478929519653  seconds  1.9849630595393304 1.8569733050797659 0.8088787878787879
11.102506399154663  seconds  1.9849630595393304 1.8569733050797659 1.1724242424242421
11.659109830856323  seconds  1.9849630595393304 1.8569733050797659 1.5359696969696968
10.867072343826294  seconds  1.9849630595393304 1.8569733050797659 1.8995151515151514
10.719930410385132  seconds  1.9849630595393304 1.8569733050797659 2.263060606060606
10.889183521270752  seconds  1.9849630595393304 1.8569733050797659 2.6266060606060604
10.95698595046997  seconds  1.9849630595393304 1.8569733050797659 3.3536969696969696
11.57859182357788  seconds  1.9849630595393304 1.8569733050797659 2.990151515151515
10.774383306503296  seconds  1.9849630595393304 1.8569733050797659 3.717242424242424
10.425989627838135  seconds  1.9849630595393304 1.8569733050797659 0.12218181818181817
10.889654636383057  seconds  1.9849630595393304 1.8569733050797659 0.4857272727272727
11.048874855041504  seconds  1.9849630595393304 1.8569733050797659 0.8492727272727272
11.187921285629272  seconds  1.9849630595393304 1.8569733050797659 1.2128181818181816
11.188724756240845  seconds  1.9849630595393304 1.8569733050797659 1.9399090909090906
11.056125402450562  seconds  1.9849630595393304 1.8569733050797659 2.3034545454545454
11.774639129638672  seconds  1.9849630595393304 1.8569733050797659 1.5763636363636362
10.669411897659302  seconds  1.9849630595393304 1.8569733050797659 2.667
10.784366607666016  seconds  1.9849630595393304 1.8569733050797659 3.3940909090909086
10.952347993850708  seconds  1.9849630595393304 1.8569733050797659 3.7576363636363634
11.623758792877197  seconds  1.9849630595393304 1.8569733050797659 3.030545454545454
10.373156309127808  seconds  1.9849630595393304 1.8569733050797659 0.16257575757575757
10.491782188415527  seconds  1.9849630595393304 1.8569733050797659 0.5261212121212121
10.774556398391724  seconds  1.9849630595393304 1.8569733050797659 0.8896666666666666
10.907615423202515  seconds  1.9849630595393304 1.8569733050797659 1.253212121212121
10.975342988967896  seconds  1.9849630595393304 1.8569733050797659 1.98030303030303
10.986038446426392  seconds  1.9849630595393304 1.8569733050797659 2.3438484848484844
10.831254005432129  seconds  1.9849630595393304 1.8569733050797659 2.7073939393939392
11.487220525741577  seconds  1.9849630595393304 1.8569733050797659 1.6167575757575756
10.630849361419678  seconds  1.9849630595393304 1.8569733050797659 3.434484848484848
10.90576171875  seconds  1.9849630595393304 1.8569733050797659 3.798030303030303
11.330024003982544  seconds  1.9849630595393304 1.8569733050797659 3.0709393939393936
10.362882614135742  seconds  1.9849630595393304 1.8569733050797659 0.20296969696969697
10.538373708724976  seconds  1.9849630595393304 1.8569733050797659 0.5665151515151515
10.540030717849731  seconds  1.9849630595393304 1.8569733050797659 0.930060606060606
10.765505313873291  seconds  1.9849630595393304 1.8569733050797659 1.2936060606060604
11.058776617050171  seconds  1.9849630595393304 1.8569733050797659 2.0206969696969694
11.187502384185791  seconds  1.9849630595393304 1.8569733050797659 2.384242424242424
11.034038782119751  seconds  1.9849630595393304 1.8569733050797659 2.7477878787878787
10.816611528396606  seconds  1.9849630595393304 1.8569733050797659 3.4748787878787875
11.602885246276855  seconds  1.9849630595393304 1.8569733050797659 1.657151515151515
10.693730592727661  seconds  1.9849630595393304 1.8569733050797659 3.8384242424242423
11.619306802749634  seconds  1.9849630595393304 1.8569733050797659 3.111333333333333
10.538519382476807  seconds  1.9849630595393304 1.8569733050797659 0.24336363636363634
10.234315395355225  seconds  1.9849630595393304 1.8569733050797659 0.6069090909090908
10.440157651901245  seconds  1.9849630595393304 1.8569733050797659 0.9704545454545453
10.462990045547485  seconds  1.9849630595393304 1.8569733050797659 1.3339999999999999
10.661044359207153  seconds  1.9849630595393304 1.8569733050797659 2.061090909090909
10.787643194198608  seconds  1.9849630595393304 1.8569733050797659 2.4246363636363633
10.932726621627808  seconds  1.9849630595393304 1.8569733050797659 2.788181818181818
10.949771165847778  seconds  1.9849630595393304 1.8569733050797659 3.515272727272727
11.467527866363525  seconds  1.9849630595393304 1.8569733050797659 1.6975454545454542
10.636136531829834  seconds  1.9849630595393304 1.8569733050797659 3.8788181818181813
11.59818148612976  seconds  1.9849630595393304 1.8569733050797659 3.1517272727272725
10.696000337600708  seconds  1.9849630595393304 1.8569733050797659 0.28375757575757576
10.389463663101196  seconds  1.9849630595393304 1.8569733050797659 0.6473030303030303
10.100657939910889  seconds  1.9849630595393304 1.8569733050797659 1.0108484848484847
10.443000078201294  seconds  1.9849630595393304 1.8569733050797659 1.3743939393939393
10.452602863311768  seconds  1.9849630595393304 1.8569733050797659 2.1014848484848483
10.96183967590332  seconds  1.9849630595393304 1.8569733050797659 2.4650303030303027
10.89776873588562  seconds  1.9849630595393304 1.8569733050797659 2.8285757575757575
11.146951675415039  seconds  1.9849630595393304 1.8569733050797659 3.5556666666666663
11.057124137878418  seconds  1.9849630595393304 1.8569733050797659 3.9192121212121207
11.647794723510742  seconds  1.9849630595393304 1.8569733050797659 1.7379393939393937
10.999418258666992  seconds  1.9849630595393304 1.8569733050797659 0.32415151515151513
12.255841970443726  seconds  1.9849630595393304 1.8569733050797659 3.192121212121212
10.60922622680664  seconds  1.9849630595393304 1.8569733050797659 0.6876969696969697
10.585709571838379  seconds  1.9849630595393304 1.8569733050797659 1.051242424242424
10.146191120147705  seconds  1.9849630595393304 1.8569733050797659 1.4147878787878787
10.402653694152832  seconds  1.9849630595393304 1.8569733050797659 2.1418787878787877
10.363093852996826  seconds  1.9849630595393304 1.8569733050797659 2.505424242424242
10.207841634750366  seconds  1.9849630595393304 1.8569733050797659 2.8689696969696965
10.2312171459198  seconds  1.9849630595393304 1.8569733050797659 3.5960606060606057
10.048594951629639  seconds  1.9849630595393304 1.8569733050797659 3.95960606060606
10.836182594299316  seconds  1.9849630595393304 1.8569733050797659 1.778333333333333
11.071523427963257  seconds  1.9849630595393304 1.8569733050797659 3.2325151515151513
time for calc.... 108.45008826255798
Successfully created the directory dir_T_2.0_fit_SF_func_2021-11-09-21:53:46 
 plotting data from the run ...
saving data from the run ...
832.97user 270.20system 1:57.76elapsed 936%CPU (0avgtext+0avgdata 2981240maxresident)k
0inputs+680outputs (65major+10872001minor)pagefaults 0swaps
