reading lattice from... ./Lattices/sqKgridX100.npy
reading lattice from... ./Lattices/sqKgridY100.npy
started calculating filling for chemical potential and dispersion parameters TB_single_band..
reading lattice from... ./Lattices/KgridX400.npy
reading lattice from... ./Lattices/KgridY400.npy
reading lattice from... ./Lattices/KgridX400.npy
reading lattice from... ./Lattices/KgridY400.npy
finished calculating filling for chemical potential
Filling: 0.5021914101708863 .... chemical potential: 29.41164495334965
dispersion params: 54.93230174081238 	 -10.444874274661508
The fermi energy in mev is: 3064.1164088176356, and in units of J: 296.3362097502549, the bandwidth is:494.39071566731144
reading lattice from... ./Lattices/KgridX1000.npy
reading lattice from... ./Lattices/KgridY1000.npy
the effective diffusion constant is ... 0.7162168309821263 the scale C is ....  2.628902914780765
reading lattice from... ./Lattices/KgridX2000.npy
reading lattice from... ./Lattices/KgridY2000.npy
reading lattice from... ./Lattices/sqKgridX2000.npy
reading lattice from... ./Lattices/sqKgridY2000.npy
412 the fermi surface points 9 numtheads
starting with calculation of Sigma
7.513011932373047  seconds  2.4732452258771103 1.343763581051717 1.4553636363636362
9.00227975845337  seconds  2.4732452258771103 1.343763581051717 0.001
8.761799812316895  seconds  2.4732452258771103 1.343763581051717 0.7281818181818182
9.385809898376465  seconds  2.4732452258771103 1.343763581051717 2.1825454545454543
9.62601351737976  seconds  2.4732452258771103 1.343763581051717 2.9097272727272725
9.471351385116577  seconds  2.4732452258771103 1.343763581051717 3.6369090909090906
9.472302198410034  seconds  2.4732452258771103 1.343763581051717 4.364090909090909
8.267626523971558  seconds  2.4732452258771103 1.343763581051717 6.545636363636364
9.725183486938477  seconds  2.4732452258771103 1.343763581051717 5.091272727272727
9.608834266662598  seconds  2.4732452258771103 1.343763581051717 5.8184545454545455
8.465277671813965  seconds  2.4732452258771103 1.343763581051717 7.272818181818182
7.917417287826538  seconds  2.4732452258771103 1.343763581051717 8.0
7.636848211288452  seconds  2.4732452258771103 1.343763581051717 1.536161616161616
9.081550598144531  seconds  2.4732452258771103 1.343763581051717 0.0817979797979798
9.154711246490479  seconds  2.4732452258771103 1.343763581051717 0.808979797979798
8.815531969070435  seconds  2.4732452258771103 1.343763581051717 2.2633434343434344
8.886714935302734  seconds  2.4732452258771103 1.343763581051717 2.9905252525252526
7.6251912117004395  seconds  2.4732452258771103 1.343763581051717 6.626434343434344
8.859520196914673  seconds  2.4732452258771103 1.343763581051717 3.7177070707070707
7.497567415237427  seconds  2.4732452258771103 1.343763581051717 7.353616161616162
7.6514928340911865  seconds  2.4732452258771103 1.343763581051717 5.899252525252526
9.058451414108276  seconds  2.4732452258771103 1.343763581051717 4.444888888888889
8.866640090942383  seconds  2.4732452258771103 1.343763581051717 5.1720707070707075
7.46810507774353  seconds  2.4732452258771103 1.343763581051717 1.616959595959596
8.780078172683716  seconds  2.4732452258771103 1.343763581051717 0.1625959595959596
8.727544784545898  seconds  2.4732452258771103 1.343763581051717 0.8897777777777778
7.442873477935791  seconds  2.4732452258771103 1.343763581051717 6.707232323232324
8.989759922027588  seconds  2.4732452258771103 1.343763581051717 2.344141414141414
7.504828929901123  seconds  2.4732452258771103 1.343763581051717 5.980050505050506
7.773717641830444  seconds  2.4732452258771103 1.343763581051717 7.434414141414142
8.854960203170776  seconds  2.4732452258771103 1.343763581051717 3.0713232323232322
8.843693494796753  seconds  2.4732452258771103 1.343763581051717 3.7985050505050504
8.892385244369507  seconds  2.4732452258771103 1.343763581051717 4.525686868686869
7.553988695144653  seconds  2.4732452258771103 1.343763581051717 1.6977575757575756
8.949398040771484  seconds  2.4732452258771103 1.343763581051717 5.252868686868688
8.84652304649353  seconds  2.4732452258771103 1.343763581051717 0.24339393939393938
7.420968055725098  seconds  2.4732452258771103 1.343763581051717 6.788030303030303
8.765940427780151  seconds  2.4732452258771103 1.343763581051717 0.9705757575757575
7.41582179069519  seconds  2.4732452258771103 1.343763581051717 6.060848484848485
7.445703506469727  seconds  2.4732452258771103 1.343763581051717 7.515212121212121
8.72028112411499  seconds  2.4732452258771103 1.343763581051717 2.4249393939393937
8.799116611480713  seconds  2.4732452258771103 1.343763581051717 3.152121212121212
8.643851041793823  seconds  2.4732452258771103 1.343763581051717 3.87930303030303
7.54396915435791  seconds  2.4732452258771103 1.343763581051717 1.7785555555555554
8.74974536895752  seconds  2.4732452258771103 1.343763581051717 4.606484848484849
8.731989860534668  seconds  2.4732452258771103 1.343763581051717 5.333666666666667
7.454821586608887  seconds  2.4732452258771103 1.343763581051717 6.868828282828283
7.504298448562622  seconds  2.4732452258771103 1.343763581051717 6.141646464646465
7.399310827255249  seconds  2.4732452258771103 1.343763581051717 7.596010101010101
8.807492017745972  seconds  2.4732452258771103 1.343763581051717 0.3241919191919192
8.844359874725342  seconds  2.4732452258771103 1.343763581051717 1.0513737373737373
8.707029104232788  seconds  2.4732452258771103 1.343763581051717 2.505737373737374
7.490535020828247  seconds  2.4732452258771103 1.343763581051717 1.8593535353535353
8.63161563873291  seconds  2.4732452258771103 1.343763581051717 3.232919191919192
8.679666996002197  seconds  2.4732452258771103 1.343763581051717 3.96010101010101
8.480783700942993  seconds  2.4732452258771103 1.343763581051717 4.687282828282829
8.669697523117065  seconds  2.4732452258771103 1.343763581051717 5.414464646464647
7.335647821426392  seconds  2.4732452258771103 1.343763581051717 6.949626262626263
7.2723188400268555  seconds  2.4732452258771103 1.343763581051717 6.222444444444445
7.262282133102417  seconds  2.4732452258771103 1.343763581051717 7.676808080808081
8.643472909927368  seconds  2.4732452258771103 1.343763581051717 0.404989898989899
8.59569525718689  seconds  2.4732452258771103 1.343763581051717 1.1321717171717172
7.3355584144592285  seconds  2.4732452258771103 1.343763581051717 1.940151515151515
8.564907789230347  seconds  2.4732452258771103 1.343763581051717 2.5865353535353535
8.540158987045288  seconds  2.4732452258771103 1.343763581051717 3.3137171717171716
8.506978750228882  seconds  2.4732452258771103 1.343763581051717 4.040898989898991
8.424997568130493  seconds  2.4732452258771103 1.343763581051717 4.768080808080809
8.517057657241821  seconds  2.4732452258771103 1.343763581051717 5.495262626262627
7.633064270019531  seconds  2.4732452258771103 1.343763581051717 7.0304242424242425
7.3845436573028564  seconds  2.4732452258771103 1.343763581051717 6.303242424242424
7.325830459594727  seconds  2.4732452258771103 1.343763581051717 7.757606060606061
7.477616310119629  seconds  2.4732452258771103 1.343763581051717 2.020949494949495
8.785778284072876  seconds  2.4732452258771103 1.343763581051717 0.48578787878787877
8.861331939697266  seconds  2.4732452258771103 1.343763581051717 1.2129696969696968
8.731611728668213  seconds  2.4732452258771103 1.343763581051717 2.667333333333333
8.589017152786255  seconds  2.4732452258771103 1.343763581051717 3.3945151515151513
8.734283208847046  seconds  2.4732452258771103 1.343763581051717 4.12169696969697
8.641952991485596  seconds  2.4732452258771103 1.343763581051717 4.848878787878788
7.377899646759033  seconds  2.4732452258771103 1.343763581051717 7.1112222222222226
8.72434377670288  seconds  2.4732452258771103 1.343763581051717 5.576060606060606
7.464417219161987  seconds  2.4732452258771103 1.343763581051717 7.838404040404041
7.558584451675415  seconds  2.4732452258771103 1.343763581051717 6.384040404040404
7.399838209152222  seconds  2.4732452258771103 1.343763581051717 2.1017474747474747
8.694324970245361  seconds  2.4732452258771103 1.343763581051717 0.5665858585858586
8.68825101852417  seconds  2.4732452258771103 1.343763581051717 1.2937676767676767
8.662535429000854  seconds  2.4732452258771103 1.343763581051717 2.748131313131313
8.682183027267456  seconds  2.4732452258771103 1.343763581051717 3.4753131313131314
7.29183030128479  seconds  2.4732452258771103 1.343763581051717 7.192020202020203
8.67550015449524  seconds  2.4732452258771103 1.343763581051717 4.20249494949495
7.222996950149536  seconds  2.4732452258771103 1.343763581051717 7.919202020202021
7.206145524978638  seconds  2.4732452258771103 1.343763581051717 6.4648383838383845
8.621224880218506  seconds  2.4732452258771103 1.343763581051717 4.929676767676768
8.699426174163818  seconds  2.4732452258771103 1.343763581051717 5.656858585858586
8.362838983535767  seconds  2.4732452258771103 1.343763581051717 0.6473838383838384
8.123412847518921  seconds  2.4732452258771103 1.343763581051717 1.3745656565656565
7.8374762535095215  seconds  2.4732452258771103 1.343763581051717 2.828929292929293
8.005430459976196  seconds  2.4732452258771103 1.343763581051717 3.556111111111111
7.946908235549927  seconds  2.4732452258771103 1.343763581051717 4.28329292929293
8.040600299835205  seconds  2.4732452258771103 1.343763581051717 5.010474747474748
7.549957275390625  seconds  2.4732452258771103 1.343763581051717 5.737656565656566
time for calc.... 83.17044496536255
Successfully created the directory dir_T_4.0_fit_SF_func_nodiffpeak_2021-11-10-04:06:24 
 plotting data from the run ...
saving data from the run ...
558.85user 283.83system 1:30.51elapsed 931%CPU (0avgtext+0avgdata 3360600maxresident)k
423624inputs+648outputs (101major+9862823minor)pagefaults 0swaps
