reading lattice from... ./Lattices/sqKgridX6000.npy
reading lattice from... ./Lattices/sqKgridY6000.npy
starting sampling in reciprocal space....
 finished sampling in reciprocal space.... 0.05536365509033203
started calculating filling for chemical potential and dispersion parameters TB_single_band..
reading lattice from... ./Lattices/KgridX1200.npy
reading lattice from... ./Lattices/KgridY1200.npy
reading lattice from... ./Lattices/KgridX1200.npy
reading lattice from... ./Lattices/KgridY1200.npy
sum of the hist, normed? 1.0
finished calculating filling for chemical potential
Filling: 0.5005457254054085 .... chemical potential: 27.426155987022412
reading lattice from... ./Lattices/KgridX1200.npy
reading lattice from... ./Lattices/KgridY1200.npy
sum of the hist, normed? 0.9999999999999923
The fermi energy in mev is: 3043.586452905812, and in units of J: 294.35072078392767, the bandwidth is:494.39071566731144
reading lattice from... ./Lattices/KgridX1000.npy
reading lattice from... ./Lattices/KgridY1000.npy
the effective diffusion constant is ... 0.794825521917035 the scale C is ....  3.3440184317783213
reading lattice from... ./Lattices/KgridX6000.npy
reading lattice from... ./Lattices/KgridY6000.npy
reading lattice from... ./Lattices/sqKgridX6000.npy
reading lattice from... ./Lattices/sqKgridY6000.npy
energy at the point.. 2.607302062202848 -0.0069534984789219045  is  3.923355237134274e-06
200 the points 10 chunk numtheads
starting with calculation of Sigma
68.42980599403381  seconds  2.607302062202848 -0.0069534984789219045 0.0
69.90555667877197  seconds  2.607302062202848 -0.0069534984789219045 1.0
71.07275080680847  seconds  2.607302062202848 -0.0069534984789219045 2.0
72.0747857093811  seconds  2.607302062202848 -0.0069534984789219045 3.0
67.92493510246277  seconds  2.607302062202848 -0.0069534984789219045 4.0
72.17302513122559  seconds  2.607302062202848 -0.0069534984789219045 5.0
74.80213713645935  seconds  2.607302062202848 -0.0069534984789219045 6.0
76.08669590950012  seconds  2.607302062202848 -0.0069534984789219045 7.0
76.8051176071167  seconds  2.607302062202848 -0.0069534984789219045 8.0
73.4391553401947  seconds  2.607302062202848 -0.0069534984789219045 9.0
75.01105690002441  seconds  2.607302062202848 -0.0069534984789219045 10.0
75.74676585197449  seconds  2.607302062202848 -0.0069534984789219045 11.0
79.83528900146484  seconds  2.607302062202848 -0.0069534984789219045 12.0
77.28478670120239  seconds  2.607302062202848 -0.0069534984789219045 13.0
79.61088442802429  seconds  2.607302062202848 -0.0069534984789219045 0.1
78.16689205169678  seconds  2.607302062202848 -0.0069534984789219045 14.0
79.90639972686768  seconds  2.607302062202848 -0.0069534984789219045 1.1
81.00598502159119  seconds  2.607302062202848 -0.0069534984789219045 15.0
77.45711636543274  seconds  2.607302062202848 -0.0069534984789219045 16.0
80.4202983379364  seconds  2.607302062202848 -0.0069534984789219045 2.1
77.14272212982178  seconds  2.607302062202848 -0.0069534984789219045 4.1000000000000005
81.27453851699829  seconds  2.607302062202848 -0.0069534984789219045 3.1
81.45147466659546  seconds  2.607302062202848 -0.0069534984789219045 17.0
77.67671155929565  seconds  2.607302062202848 -0.0069534984789219045 5.1000000000000005
84.03431034088135  seconds  2.607302062202848 -0.0069534984789219045 18.0
78.10942363739014  seconds  2.607302062202848 -0.0069534984789219045 19.0
81.1872124671936  seconds  2.607302062202848 -0.0069534984789219045 6.1000000000000005
81.53305220603943  seconds  2.607302062202848 -0.0069534984789219045 7.1000000000000005
78.08218312263489  seconds  2.607302062202848 -0.0069534984789219045 9.1
81.37790179252625  seconds  2.607302062202848 -0.0069534984789219045 8.1
77.5963294506073  seconds  2.607302062202848 -0.0069534984789219045 10.100000000000001
77.67948579788208  seconds  2.607302062202848 -0.0069534984789219045 11.100000000000001
77.81255388259888  seconds  2.607302062202848 -0.0069534984789219045 13.100000000000001
81.7755753993988  seconds  2.607302062202848 -0.0069534984789219045 12.100000000000001
81.23737955093384  seconds  2.607302062202848 -0.0069534984789219045 0.2
79.32205128669739  seconds  2.607302062202848 -0.0069534984789219045 14.100000000000001
81.40200543403625  seconds  2.607302062202848 -0.0069534984789219045 1.2000000000000002
77.58503746986389  seconds  2.607302062202848 -0.0069534984789219045 16.1
81.76146340370178  seconds  2.607302062202848 -0.0069534984789219045 15.100000000000001
77.53718256950378  seconds  2.607302062202848 -0.0069534984789219045 4.2
81.41345596313477  seconds  2.607302062202848 -0.0069534984789219045 2.2
81.13304495811462  seconds  2.607302062202848 -0.0069534984789219045 3.2
77.40206050872803  seconds  2.607302062202848 -0.0069534984789219045 5.2
81.35435605049133  seconds  2.607302062202848 -0.0069534984789219045 17.1
78.40496492385864  seconds  2.607302062202848 -0.0069534984789219045 19.1
81.3855881690979  seconds  2.607302062202848 -0.0069534984789219045 18.1
81.56232380867004  seconds  2.607302062202848 -0.0069534984789219045 6.2
81.81337189674377  seconds  2.607302062202848 -0.0069534984789219045 7.2
78.04898023605347  seconds  2.607302062202848 -0.0069534984789219045 9.200000000000001
77.2350504398346  seconds  2.607302062202848 -0.0069534984789219045 10.200000000000001
82.13268637657166  seconds  2.607302062202848 -0.0069534984789219045 8.200000000000001
77.11448407173157  seconds  2.607302062202848 -0.0069534984789219045 11.200000000000001
78.59677743911743  seconds  2.607302062202848 -0.0069534984789219045 13.200000000000001
81.62998580932617  seconds  2.607302062202848 -0.0069534984789219045 12.200000000000001
77.44670128822327  seconds  2.607302062202848 -0.0069534984789219045 14.200000000000001
81.43126845359802  seconds  2.607302062202848 -0.0069534984789219045 0.30000000000000004
77.84109997749329  seconds  2.607302062202848 -0.0069534984789219045 16.2
81.14660334587097  seconds  2.607302062202848 -0.0069534984789219045 1.3
77.63177466392517  seconds  2.607302062202848 -0.0069534984789219045 4.3
81.30076956748962  seconds  2.607302062202848 -0.0069534984789219045 15.200000000000001
81.34921884536743  seconds  2.607302062202848 -0.0069534984789219045 2.3000000000000003
77.52373886108398  seconds  2.607302062202848 -0.0069534984789219045 5.300000000000001
81.54547595977783  seconds  2.607302062202848 -0.0069534984789219045 3.3000000000000003
81.46697449684143  seconds  2.607302062202848 -0.0069534984789219045 17.2
77.32202649116516  seconds  2.607302062202848 -0.0069534984789219045 19.200000000000003
81.64749932289124  seconds  2.607302062202848 -0.0069534984789219045 18.2
81.27442526817322  seconds  2.607302062202848 -0.0069534984789219045 6.300000000000001
77.78324508666992  seconds  2.607302062202848 -0.0069534984789219045 9.3
81.84668612480164  seconds  2.607302062202848 -0.0069534984789219045 7.300000000000001
78.30357122421265  seconds  2.607302062202848 -0.0069534984789219045 10.3
81.72320246696472  seconds  2.607302062202848 -0.0069534984789219045 8.3
78.23794960975647  seconds  2.607302062202848 -0.0069534984789219045 11.3
76.96133685112  seconds  2.607302062202848 -0.0069534984789219045 13.3
77.45891094207764  seconds  2.607302062202848 -0.0069534984789219045 14.3
81.94080209732056  seconds  2.607302062202848 -0.0069534984789219045 12.3
81.29449462890625  seconds  2.607302062202848 -0.0069534984789219045 0.4
77.7105553150177  seconds  2.607302062202848 -0.0069534984789219045 16.3
77.51278018951416  seconds  2.607302062202848 -0.0069534984789219045 4.4
81.17691826820374  seconds  2.607302062202848 -0.0069534984789219045 1.4000000000000001
81.89488434791565  seconds  2.607302062202848 -0.0069534984789219045 15.3
82.0154504776001  seconds  2.607302062202848 -0.0069534984789219045 2.4000000000000004
77.47837734222412  seconds  2.607302062202848 -0.0069534984789219045 5.4
81.55287504196167  seconds  2.607302062202848 -0.0069534984789219045 3.4000000000000004
77.11334300041199  seconds  2.607302062202848 -0.0069534984789219045 19.3
81.49881386756897  seconds  2.607302062202848 -0.0069534984789219045 17.3
81.29643487930298  seconds  2.607302062202848 -0.0069534984789219045 18.3
77.29931163787842  seconds  2.607302062202848 -0.0069534984789219045 9.4
81.99079990386963  seconds  2.607302062202848 -0.0069534984789219045 6.4
77.75412487983704  seconds  2.607302062202848 -0.0069534984789219045 10.4
81.86576318740845  seconds  2.607302062202848 -0.0069534984789219045 7.4
77.43134498596191  seconds  2.607302062202848 -0.0069534984789219045 11.4
81.72889471054077  seconds  2.607302062202848 -0.0069534984789219045 8.4
78.71037864685059  seconds  2.607302062202848 -0.0069534984789219045 13.4
77.23870611190796  seconds  2.607302062202848 -0.0069534984789219045 14.4
81.64016032218933  seconds  2.607302062202848 -0.0069534984789219045 12.4
78.31220149993896  seconds  2.607302062202848 -0.0069534984789219045 16.400000000000002
81.42455649375916  seconds  2.607302062202848 -0.0069534984789219045 0.5
78.5821647644043  seconds  2.607302062202848 -0.0069534984789219045 4.5
80.98116636276245  seconds  2.607302062202848 -0.0069534984789219045 1.5
78.07782340049744  seconds  2.607302062202848 -0.0069534984789219045 5.5
81.42237901687622  seconds  2.607302062202848 -0.0069534984789219045 15.4
81.69398880004883  seconds  2.607302062202848 -0.0069534984789219045 2.5
77.44993329048157  seconds  2.607302062202848 -0.0069534984789219045 19.400000000000002
81.88789939880371  seconds  2.607302062202848 -0.0069534984789219045 3.5
81.61355185508728  seconds  2.607302062202848 -0.0069534984789219045 17.400000000000002
81.5080029964447  seconds  2.607302062202848 -0.0069534984789219045 18.400000000000002
77.55428910255432  seconds  2.607302062202848 -0.0069534984789219045 9.5
81.84183764457703  seconds  2.607302062202848 -0.0069534984789219045 6.5
77.46771955490112  seconds  2.607302062202848 -0.0069534984789219045 10.5
77.7003767490387  seconds  2.607302062202848 -0.0069534984789219045 11.5
82.13742780685425  seconds  2.607302062202848 -0.0069534984789219045 7.5
81.89380192756653  seconds  2.607302062202848 -0.0069534984789219045 8.5
77.31477928161621  seconds  2.607302062202848 -0.0069534984789219045 13.5
77.38917899131775  seconds  2.607302062202848 -0.0069534984789219045 14.5
82.12165141105652  seconds  2.607302062202848 -0.0069534984789219045 12.5
78.117342710495  seconds  2.607302062202848 -0.0069534984789219045 16.5
77.20919847488403  seconds  2.607302062202848 -0.0069534984789219045 4.6000000000000005
81.8171455860138  seconds  2.607302062202848 -0.0069534984789219045 0.6000000000000001
81.29799509048462  seconds  2.607302062202848 -0.0069534984789219045 1.6
78.51934051513672  seconds  2.607302062202848 -0.0069534984789219045 5.6000000000000005
81.34502625465393  seconds  2.607302062202848 -0.0069534984789219045 15.5
78.07042479515076  seconds  2.607302062202848 -0.0069534984789219045 19.5
82.0078661441803  seconds  2.607302062202848 -0.0069534984789219045 2.6
81.3795096874237  seconds  2.607302062202848 -0.0069534984789219045 3.6
81.95567989349365  seconds  2.607302062202848 -0.0069534984789219045 17.5
77.98916172981262  seconds  2.607302062202848 -0.0069534984789219045 9.600000000000001
81.80064177513123  seconds  2.607302062202848 -0.0069534984789219045 18.5
77.55197310447693  seconds  2.607302062202848 -0.0069534984789219045 10.600000000000001
82.15050864219666  seconds  2.607302062202848 -0.0069534984789219045 6.6000000000000005
77.36620616912842  seconds  2.607302062202848 -0.0069534984789219045 11.600000000000001
81.56073808670044  seconds  2.607302062202848 -0.0069534984789219045 7.6000000000000005
81.97878789901733  seconds  2.607302062202848 -0.0069534984789219045 8.6
77.44676971435547  seconds  2.607302062202848 -0.0069534984789219045 13.600000000000001
77.4171826839447  seconds  2.607302062202848 -0.0069534984789219045 14.600000000000001
76.607426404953  seconds  2.607302062202848 -0.0069534984789219045 16.6
77.26995778083801  seconds  2.607302062202848 -0.0069534984789219045 4.7
82.16973447799683  seconds  2.607302062202848 -0.0069534984789219045 12.600000000000001
81.30658078193665  seconds  2.607302062202848 -0.0069534984789219045 0.7000000000000001
77.53532385826111  seconds  2.607302062202848 -0.0069534984789219045 5.7
81.42966175079346  seconds  2.607302062202848 -0.0069534984789219045 1.7000000000000002
77.97838234901428  seconds  2.607302062202848 -0.0069534984789219045 19.6
80.96036529541016  seconds  2.607302062202848 -0.0069534984789219045 15.600000000000001
81.61226534843445  seconds  2.607302062202848 -0.0069534984789219045 2.7
81.66063785552979  seconds  2.607302062202848 -0.0069534984789219045 3.7
81.63232517242432  seconds  2.607302062202848 -0.0069534984789219045 17.6
78.48506140708923  seconds  2.607302062202848 -0.0069534984789219045 9.700000000000001
81.25582599639893  seconds  2.607302062202848 -0.0069534984789219045 18.6
77.684903383255  seconds  2.607302062202848 -0.0069534984789219045 10.700000000000001
77.58545970916748  seconds  2.607302062202848 -0.0069534984789219045 11.700000000000001
81.47138714790344  seconds  2.607302062202848 -0.0069534984789219045 6.7
81.9338104724884  seconds  2.607302062202848 -0.0069534984789219045 7.7
77.4487829208374  seconds  2.607302062202848 -0.0069534984789219045 13.700000000000001
81.54429507255554  seconds  2.607302062202848 -0.0069534984789219045 8.700000000000001
78.10902500152588  seconds  2.607302062202848 -0.0069534984789219045 14.700000000000001
76.80284595489502  seconds  2.607302062202848 -0.0069534984789219045 16.7
77.9361219406128  seconds  2.607302062202848 -0.0069534984789219045 4.800000000000001
81.86323952674866  seconds  2.607302062202848 -0.0069534984789219045 12.700000000000001
81.38416719436646  seconds  2.607302062202848 -0.0069534984789219045 0.8
77.61063408851624  seconds  2.607302062202848 -0.0069534984789219045 5.800000000000001
81.23966073989868  seconds  2.607302062202848 -0.0069534984789219045 1.8
78.65131425857544  seconds  2.607302062202848 -0.0069534984789219045 19.700000000000003
81.44398927688599  seconds  2.607302062202848 -0.0069534984789219045 15.700000000000001
81.21346426010132  seconds  2.607302062202848 -0.0069534984789219045 2.8000000000000003
81.78019332885742  seconds  2.607302062202848 -0.0069534984789219045 3.8000000000000003
81.3321008682251  seconds  2.607302062202848 -0.0069534984789219045 17.7
78.16634011268616  seconds  2.607302062202848 -0.0069534984789219045 9.8
78.17219090461731  seconds  2.607302062202848 -0.0069534984789219045 10.8
82.6018967628479  seconds  2.607302062202848 -0.0069534984789219045 18.7
77.17602753639221  seconds  2.607302062202848 -0.0069534984789219045 11.8
81.32880473136902  seconds  2.607302062202848 -0.0069534984789219045 6.800000000000001
81.6459755897522  seconds  2.607302062202848 -0.0069534984789219045 7.800000000000001
77.7009003162384  seconds  2.607302062202848 -0.0069534984789219045 13.8
81.56969928741455  seconds  2.607302062202848 -0.0069534984789219045 8.8
78.38566637039185  seconds  2.607302062202848 -0.0069534984789219045 14.8
77.26262068748474  seconds  2.607302062202848 -0.0069534984789219045 16.8
77.78991866111755  seconds  2.607302062202848 -0.0069534984789219045 4.9
76.92088890075684  seconds  2.607302062202848 -0.0069534984789219045 5.9
82.17444610595703  seconds  2.607302062202848 -0.0069534984789219045 12.8
81.86157894134521  seconds  2.607302062202848 -0.0069534984789219045 0.9
77.61362957954407  seconds  2.607302062202848 -0.0069534984789219045 19.8
81.60320687294006  seconds  2.607302062202848 -0.0069534984789219045 1.9000000000000001
80.32841873168945  seconds  2.607302062202848 -0.0069534984789219045 15.8
79.98489570617676  seconds  2.607302062202848 -0.0069534984789219045 2.9000000000000004
75.85425472259521  seconds  2.607302062202848 -0.0069534984789219045 9.9
79.8630952835083  seconds  2.607302062202848 -0.0069534984789219045 3.9000000000000004
79.27365112304688  seconds  2.607302062202848 -0.0069534984789219045 17.8
77.02814865112305  seconds  2.607302062202848 -0.0069534984789219045 10.9
76.38068842887878  seconds  2.607302062202848 -0.0069534984789219045 11.9
80.4078118801117  seconds  2.607302062202848 -0.0069534984789219045 18.8
76.10855150222778  seconds  2.607302062202848 -0.0069534984789219045 6.9
73.55483627319336  seconds  2.607302062202848 -0.0069534984789219045 13.9
75.62619352340698  seconds  2.607302062202848 -0.0069534984789219045 7.9
73.35262870788574  seconds  2.607302062202848 -0.0069534984789219045 8.9
72.90127229690552  seconds  2.607302062202848 -0.0069534984789219045 14.9
72.19597005844116  seconds  2.607302062202848 -0.0069534984789219045 16.900000000000002
69.13150978088379  seconds  2.607302062202848 -0.0069534984789219045 12.9
67.86055588722229  seconds  2.607302062202848 -0.0069534984789219045 19.900000000000002
65.03249168395996  seconds  2.607302062202848 -0.0069534984789219045 15.9
63.345038175582886  seconds  2.607302062202848 -0.0069534984789219045 17.900000000000002
63.11511850357056  seconds  2.607302062202848 -0.0069534984789219045 18.900000000000002
time for calc.... 901.3336730003357
energy at the point.. 2.6065504737387184 0.2694480660582359  is  2.9915582295814147e-06
200 the points 10 chunk numtheads
starting with calculation of Sigma
71.92535185813904  seconds  2.6065504737387184 0.2694480660582359 1.0
70.30795359611511  seconds  2.6065504737387184 0.2694480660582359 2.0
84.77973818778992  seconds  2.6065504737387184 0.2694480660582359 0.0
73.45232796669006  seconds  2.6065504737387184 0.2694480660582359 3.0
74.27382063865662  seconds  2.6065504737387184 0.2694480660582359 4.0
71.1312575340271  seconds  2.6065504737387184 0.2694480660582359 5.0
69.53718686103821  seconds  2.6065504737387184 0.2694480660582359 6.0
76.85004830360413  seconds  2.6065504737387184 0.2694480660582359 7.0
73.4956328868866  seconds  2.6065504737387184 0.2694480660582359 8.0
75.05679416656494  seconds  2.6065504737387184 0.2694480660582359 9.0
78.01146984100342  seconds  2.6065504737387184 0.2694480660582359 10.0
79.63287091255188  seconds  2.6065504737387184 0.2694480660582359 11.0
79.68537139892578  seconds  2.6065504737387184 0.2694480660582359 12.0
77.3471450805664  seconds  2.6065504737387184 0.2694480660582359 13.0
78.13305687904358  seconds  2.6065504737387184 0.2694480660582359 14.0
78.25698280334473  seconds  2.6065504737387184 0.2694480660582359 15.0
83.22728729248047  seconds  2.6065504737387184 0.2694480660582359 1.1
80.922367811203  seconds  2.6065504737387184 0.2694480660582359 2.1
80.0494658946991  seconds  2.6065504737387184 0.2694480660582359 16.0
82.23145890235901  seconds  2.6065504737387184 0.2694480660582359 0.1
81.21209359169006  seconds  2.6065504737387184 0.2694480660582359 3.1
81.80972337722778  seconds  2.6065504737387184 0.2694480660582359 17.0
77.92931652069092  seconds  2.6065504737387184 0.2694480660582359 5.1000000000000005
82.04375648498535  seconds  2.6065504737387184 0.2694480660582359 4.1000000000000005
81.66781044006348  seconds  2.6065504737387184 0.2694480660582359 18.0
77.23218154907227  seconds  2.6065504737387184 0.2694480660582359 6.1000000000000005
80.89023566246033  seconds  2.6065504737387184 0.2694480660582359 19.0
78.50265431404114  seconds  2.6065504737387184 0.2694480660582359 8.1
81.58285307884216  seconds  2.6065504737387184 0.2694480660582359 7.1000000000000005
77.29128813743591  seconds  2.6065504737387184 0.2694480660582359 9.1
81.01843118667603  seconds  2.6065504737387184 0.2694480660582359 10.100000000000001
78.43082594871521  seconds  2.6065504737387184 0.2694480660582359 11.100000000000001
77.4210410118103  seconds  2.6065504737387184 0.2694480660582359 13.100000000000001
81.47914934158325  seconds  2.6065504737387184 0.2694480660582359 12.100000000000001
78.6845395565033  seconds  2.6065504737387184 0.2694480660582359 14.100000000000001
77.63642072677612  seconds  2.6065504737387184 0.2694480660582359 15.100000000000001
76.77983283996582  seconds  2.6065504737387184 0.2694480660582359 16.1
81.2780749797821  seconds  2.6065504737387184 0.2694480660582359 2.2
84.55169987678528  seconds  2.6065504737387184 0.2694480660582359 1.2000000000000002
82.55387043952942  seconds  2.6065504737387184 0.2694480660582359 0.2
82.3182864189148  seconds  2.6065504737387184 0.2694480660582359 3.2
77.81926131248474  seconds  2.6065504737387184 0.2694480660582359 5.2
82.64568424224854  seconds  2.6065504737387184 0.2694480660582359 17.1
77.91263008117676  seconds  2.6065504737387184 0.2694480660582359 6.2
81.35465002059937  seconds  2.6065504737387184 0.2694480660582359 4.2
82.00920510292053  seconds  2.6065504737387184 0.2694480660582359 18.1
80.96499919891357  seconds  2.6065504737387184 0.2694480660582359 19.1
78.76787114143372  seconds  2.6065504737387184 0.2694480660582359 8.200000000000001
81.42096447944641  seconds  2.6065504737387184 0.2694480660582359 7.2
77.83250498771667  seconds  2.6065504737387184 0.2694480660582359 9.200000000000001
80.8483669757843  seconds  2.6065504737387184 0.2694480660582359 10.200000000000001
77.55601763725281  seconds  2.6065504737387184 0.2694480660582359 11.200000000000001
77.14391136169434  seconds  2.6065504737387184 0.2694480660582359 13.200000000000001
81.32172632217407  seconds  2.6065504737387184 0.2694480660582359 12.200000000000001
77.0511908531189  seconds  2.6065504737387184 0.2694480660582359 14.200000000000001
78.02154994010925  seconds  2.6065504737387184 0.2694480660582359 15.200000000000001
77.10194706916809  seconds  2.6065504737387184 0.2694480660582359 16.2
80.48381876945496  seconds  2.6065504737387184 0.2694480660582359 2.3000000000000003
77.35587215423584  seconds  2.6065504737387184 0.2694480660582359 5.300000000000001
84.64006328582764  seconds  2.6065504737387184 0.2694480660582359 1.3
82.74986267089844  seconds  2.6065504737387184 0.2694480660582359 0.30000000000000004
81.66200280189514  seconds  2.6065504737387184 0.2694480660582359 3.3000000000000003
79.19439697265625  seconds  2.6065504737387184 0.2694480660582359 6.300000000000001
82.33429074287415  seconds  2.6065504737387184 0.2694480660582359 17.2
82.02523827552795  seconds  2.6065504737387184 0.2694480660582359 4.3
81.54972624778748  seconds  2.6065504737387184 0.2694480660582359 18.2
81.35806560516357  seconds  2.6065504737387184 0.2694480660582359 19.200000000000003
77.61994314193726  seconds  2.6065504737387184 0.2694480660582359 8.3
78.0763783454895  seconds  2.6065504737387184 0.2694480660582359 9.3
81.59636783599854  seconds  2.6065504737387184 0.2694480660582359 7.300000000000001
78.11766147613525  seconds  2.6065504737387184 0.2694480660582359 11.3
81.32676482200623  seconds  2.6065504737387184 0.2694480660582359 10.3
77.91628646850586  seconds  2.6065504737387184 0.2694480660582359 13.3
77.6948299407959  seconds  2.6065504737387184 0.2694480660582359 14.3
81.54004979133606  seconds  2.6065504737387184 0.2694480660582359 12.3
77.35991191864014  seconds  2.6065504737387184 0.2694480660582359 15.3
77.12158417701721  seconds  2.6065504737387184 0.2694480660582359 16.3
80.8159065246582  seconds  2.6065504737387184 0.2694480660582359 2.4000000000000004
77.6620728969574  seconds  2.6065504737387184 0.2694480660582359 5.4
77.56878399848938  seconds  2.6065504737387184 0.2694480660582359 6.4
85.41128778457642  seconds  2.6065504737387184 0.2694480660582359 1.4000000000000001
82.2736713886261  seconds  2.6065504737387184 0.2694480660582359 0.4
82.75033903121948  seconds  2.6065504737387184 0.2694480660582359 3.4000000000000004
82.12142896652222  seconds  2.6065504737387184 0.2694480660582359 17.3
81.97833061218262  seconds  2.6065504737387184 0.2694480660582359 4.4
81.76127409934998  seconds  2.6065504737387184 0.2694480660582359 18.3
81.22339153289795  seconds  2.6065504737387184 0.2694480660582359 19.3
77.64821982383728  seconds  2.6065504737387184 0.2694480660582359 8.4
78.07317590713501  seconds  2.6065504737387184 0.2694480660582359 9.4
82.02911877632141  seconds  2.6065504737387184 0.2694480660582359 7.4
77.45904850959778  seconds  2.6065504737387184 0.2694480660582359 11.4
77.40363240242004  seconds  2.6065504737387184 0.2694480660582359 13.4
81.83786964416504  seconds  2.6065504737387184 0.2694480660582359 10.4
77.75875759124756  seconds  2.6065504737387184 0.2694480660582359 14.4
80.92573261260986  seconds  2.6065504737387184 0.2694480660582359 12.4
77.60174584388733  seconds  2.6065504737387184 0.2694480660582359 15.4
77.56833934783936  seconds  2.6065504737387184 0.2694480660582359 16.400000000000002
77.68166708946228  seconds  2.6065504737387184 0.2694480660582359 5.5
81.33387613296509  seconds  2.6065504737387184 0.2694480660582359 2.5
77.50330877304077  seconds  2.6065504737387184 0.2694480660582359 6.5
82.65140438079834  seconds  2.6065504737387184 0.2694480660582359 0.5
82.34005904197693  seconds  2.6065504737387184 0.2694480660582359 3.5
86.18477296829224  seconds  2.6065504737387184 0.2694480660582359 1.5
83.17063999176025  seconds  2.6065504737387184 0.2694480660582359 17.400000000000002
82.70958852767944  seconds  2.6065504737387184 0.2694480660582359 4.5
83.22308683395386  seconds  2.6065504737387184 0.2694480660582359 18.400000000000002
79.3962185382843  seconds  2.6065504737387184 0.2694480660582359 8.5
81.87884211540222  seconds  2.6065504737387184 0.2694480660582359 19.400000000000002
79.23211765289307  seconds  2.6065504737387184 0.2694480660582359 9.5
81.74615693092346  seconds  2.6065504737387184 0.2694480660582359 7.5
77.63303828239441  seconds  2.6065504737387184 0.2694480660582359 11.5
78.59304451942444  seconds  2.6065504737387184 0.2694480660582359 13.5
82.08410024642944  seconds  2.6065504737387184 0.2694480660582359 10.5
78.82953929901123  seconds  2.6065504737387184 0.2694480660582359 14.5
78.3635516166687  seconds  2.6065504737387184 0.2694480660582359 15.5
81.6882574558258  seconds  2.6065504737387184 0.2694480660582359 12.5
77.83585143089294  seconds  2.6065504737387184 0.2694480660582359 16.5
78.22185683250427  seconds  2.6065504737387184 0.2694480660582359 5.6000000000000005
81.43168592453003  seconds  2.6065504737387184 0.2694480660582359 2.6
78.19393610954285  seconds  2.6065504737387184 0.2694480660582359 6.6000000000000005
81.22845721244812  seconds  2.6065504737387184 0.2694480660582359 0.6000000000000001
82.01226329803467  seconds  2.6065504737387184 0.2694480660582359 3.6
78.01351499557495  seconds  2.6065504737387184 0.2694480660582359 8.6
82.32968401908875  seconds  2.6065504737387184 0.2694480660582359 17.5
85.18146777153015  seconds  2.6065504737387184 0.2694480660582359 1.6
82.18848872184753  seconds  2.6065504737387184 0.2694480660582359 4.6000000000000005
82.8559000492096  seconds  2.6065504737387184 0.2694480660582359 18.5
78.32375597953796  seconds  2.6065504737387184 0.2694480660582359 9.600000000000001
82.01091599464417  seconds  2.6065504737387184 0.2694480660582359 19.5
81.2413718700409  seconds  2.6065504737387184 0.2694480660582359 7.6000000000000005
77.31873488426208  seconds  2.6065504737387184 0.2694480660582359 11.600000000000001
77.23886966705322  seconds  2.6065504737387184 0.2694480660582359 13.600000000000001
81.76810193061829  seconds  2.6065504737387184 0.2694480660582359 10.600000000000001
77.67375206947327  seconds  2.6065504737387184 0.2694480660582359 14.600000000000001
77.51820397377014  seconds  2.6065504737387184 0.2694480660582359 15.600000000000001
77.49225401878357  seconds  2.6065504737387184 0.2694480660582359 16.6
81.49690318107605  seconds  2.6065504737387184 0.2694480660582359 12.600000000000001
77.70514106750488  seconds  2.6065504737387184 0.2694480660582359 5.7
77.71817970275879  seconds  2.6065504737387184 0.2694480660582359 6.7
81.95784115791321  seconds  2.6065504737387184 0.2694480660582359 2.7
81.72584199905396  seconds  2.6065504737387184 0.2694480660582359 0.7000000000000001
77.61279106140137  seconds  2.6065504737387184 0.2694480660582359 8.700000000000001
82.27491879463196  seconds  2.6065504737387184 0.2694480660582359 3.7
81.91423106193542  seconds  2.6065504737387184 0.2694480660582359 17.6
77.85655403137207  seconds  2.6065504737387184 0.2694480660582359 9.700000000000001
83.54039716720581  seconds  2.6065504737387184 0.2694480660582359 4.7
82.43971943855286  seconds  2.6065504737387184 0.2694480660582359 18.6
81.8054792881012  seconds  2.6065504737387184 0.2694480660582359 19.6
85.79952692985535  seconds  2.6065504737387184 0.2694480660582359 1.7000000000000002
77.81126880645752  seconds  2.6065504737387184 0.2694480660582359 11.700000000000001
80.68533539772034  seconds  2.6065504737387184 0.2694480660582359 7.7
77.7484860420227  seconds  2.6065504737387184 0.2694480660582359 13.700000000000001
77.30868864059448  seconds  2.6065504737387184 0.2694480660582359 14.700000000000001
81.47977375984192  seconds  2.6065504737387184 0.2694480660582359 10.700000000000001
77.81972241401672  seconds  2.6065504737387184 0.2694480660582359 15.700000000000001
77.74496936798096  seconds  2.6065504737387184 0.2694480660582359 16.7
81.30668234825134  seconds  2.6065504737387184 0.2694480660582359 12.700000000000001
77.37547492980957  seconds  2.6065504737387184 0.2694480660582359 5.800000000000001
77.31537055969238  seconds  2.6065504737387184 0.2694480660582359 6.800000000000001
81.0299813747406  seconds  2.6065504737387184 0.2694480660582359 2.8000000000000003
77.3836944103241  seconds  2.6065504737387184 0.2694480660582359 8.8
80.92696690559387  seconds  2.6065504737387184 0.2694480660582359 0.8
81.45858383178711  seconds  2.6065504737387184 0.2694480660582359 3.8000000000000003
78.18768501281738  seconds  2.6065504737387184 0.2694480660582359 9.8
81.67178583145142  seconds  2.6065504737387184 0.2694480660582359 17.7
82.39067602157593  seconds  2.6065504737387184 0.2694480660582359 18.7
83.13921022415161  seconds  2.6065504737387184 0.2694480660582359 4.800000000000001
82.37384033203125  seconds  2.6065504737387184 0.2694480660582359 19.700000000000003
76.72584891319275  seconds  2.6065504737387184 0.2694480660582359 11.8
84.68324661254883  seconds  2.6065504737387184 0.2694480660582359 1.8
80.99417042732239  seconds  2.6065504737387184 0.2694480660582359 7.800000000000001
77.4664990901947  seconds  2.6065504737387184 0.2694480660582359 13.8
77.8975989818573  seconds  2.6065504737387184 0.2694480660582359 14.8
78.22997403144836  seconds  2.6065504737387184 0.2694480660582359 15.8
81.91722345352173  seconds  2.6065504737387184 0.2694480660582359 10.8
77.18584871292114  seconds  2.6065504737387184 0.2694480660582359 16.8
81.71405386924744  seconds  2.6065504737387184 0.2694480660582359 12.8
78.13907217979431  seconds  2.6065504737387184 0.2694480660582359 5.9
78.21580052375793  seconds  2.6065504737387184 0.2694480660582359 6.9
81.30648994445801  seconds  2.6065504737387184 0.2694480660582359 2.9000000000000004
76.90827655792236  seconds  2.6065504737387184 0.2694480660582359 8.9
76.16716122627258  seconds  2.6065504737387184 0.2694480660582359 9.9
80.08148884773254  seconds  2.6065504737387184 0.2694480660582359 0.9
82.98119330406189  seconds  2.6065504737387184 0.2694480660582359 3.9000000000000004
80.5996904373169  seconds  2.6065504737387184 0.2694480660582359 17.8
74.99882888793945  seconds  2.6065504737387184 0.2694480660582359 11.9
80.50690531730652  seconds  2.6065504737387184 0.2694480660582359 19.8
80.79392433166504  seconds  2.6065504737387184 0.2694480660582359 4.9
81.27497482299805  seconds  2.6065504737387184 0.2694480660582359 18.8
73.1030342578888  seconds  2.6065504737387184 0.2694480660582359 13.9
82.01740026473999  seconds  2.6065504737387184 0.2694480660582359 1.9000000000000001
78.01676869392395  seconds  2.6065504737387184 0.2694480660582359 7.9
71.46795964241028  seconds  2.6065504737387184 0.2694480660582359 14.9
71.23194718360901  seconds  2.6065504737387184 0.2694480660582359 15.9
70.19383335113525  seconds  2.6065504737387184 0.2694480660582359 16.900000000000002
75.27871227264404  seconds  2.6065504737387184 0.2694480660582359 10.9
72.47576880455017  seconds  2.6065504737387184 0.2694480660582359 12.9
65.07856273651123  seconds  2.6065504737387184 0.2694480660582359 17.900000000000002
64.47868347167969  seconds  2.6065504737387184 0.2694480660582359 19.900000000000002
67.50548195838928  seconds  2.6065504737387184 0.2694480660582359 18.900000000000002
time for calc.... 908.3749756813049
energy at the point.. 2.602114031264387 0.5441112559756629  is  7.517785363120311e-06
200 the points 10 chunk numtheads
starting with calculation of Sigma
67.62659430503845  seconds  2.602114031264387 0.5441112559756629 0.0
69.04351353645325  seconds  2.602114031264387 0.5441112559756629 1.0
69.87856388092041  seconds  2.602114031264387 0.5441112559756629 2.0
71.15630865097046  seconds  2.602114031264387 0.5441112559756629 3.0
71.48864126205444  seconds  2.602114031264387 0.5441112559756629 4.0
72.21810984611511  seconds  2.602114031264387 0.5441112559756629 5.0
74.93014860153198  seconds  2.602114031264387 0.5441112559756629 6.0
76.56038641929626  seconds  2.602114031264387 0.5441112559756629 7.0
73.41036796569824  seconds  2.602114031264387 0.5441112559756629 8.0
75.56995820999146  seconds  2.602114031264387 0.5441112559756629 9.0
78.8707115650177  seconds  2.602114031264387 0.5441112559756629 10.0
75.46681547164917  seconds  2.602114031264387 0.5441112559756629 11.0
76.73286366462708  seconds  2.602114031264387 0.5441112559756629 12.0
77.44929099082947  seconds  2.602114031264387 0.5441112559756629 13.0
79.43231964111328  seconds  2.602114031264387 0.5441112559756629 0.1
76.37058138847351  seconds  2.602114031264387 0.5441112559756629 1.1
79.89738535881042  seconds  2.602114031264387 0.5441112559756629 14.0
80.71467447280884  seconds  2.602114031264387 0.5441112559756629 2.1
83.98280358314514  seconds  2.602114031264387 0.5441112559756629 15.0
81.93697047233582  seconds  2.602114031264387 0.5441112559756629 16.0
82.03418803215027  seconds  2.602114031264387 0.5441112559756629 3.1
82.34890985488892  seconds  2.602114031264387 0.5441112559756629 4.1000000000000005
82.74755764007568  seconds  2.602114031264387 0.5441112559756629 17.0
78.0806565284729  seconds  2.602114031264387 0.5441112559756629 18.0
78.66109728813171  seconds  2.602114031264387 0.5441112559756629 5.1000000000000005
78.277663230896  seconds  2.602114031264387 0.5441112559756629 19.0
81.54403400421143  seconds  2.602114031264387 0.5441112559756629 6.1000000000000005
77.75053715705872  seconds  2.602114031264387 0.5441112559756629 8.1
81.78130292892456  seconds  2.602114031264387 0.5441112559756629 7.1000000000000005
77.54418516159058  seconds  2.602114031264387 0.5441112559756629 9.1
77.35149359703064  seconds  2.602114031264387 0.5441112559756629 11.100000000000001
81.70542621612549  seconds  2.602114031264387 0.5441112559756629 10.100000000000001
77.49482822418213  seconds  2.602114031264387 0.5441112559756629 12.100000000000001
77.76413059234619  seconds  2.602114031264387 0.5441112559756629 13.100000000000001
77.60263109207153  seconds  2.602114031264387 0.5441112559756629 1.2000000000000002
81.34208655357361  seconds  2.602114031264387 0.5441112559756629 0.2
81.07235884666443  seconds  2.602114031264387 0.5441112559756629 14.100000000000001
81.15632557868958  seconds  2.602114031264387 0.5441112559756629 2.2
81.52340745925903  seconds  2.602114031264387 0.5441112559756629 15.100000000000001
82.10116291046143  seconds  2.602114031264387 0.5441112559756629 16.1
82.00786209106445  seconds  2.602114031264387 0.5441112559756629 3.2
77.96676445007324  seconds  2.602114031264387 0.5441112559756629 18.1
78.29416537284851  seconds  2.602114031264387 0.5441112559756629 5.2
81.83152866363525  seconds  2.602114031264387 0.5441112559756629 4.2
81.91788005828857  seconds  2.602114031264387 0.5441112559756629 17.1
77.60914778709412  seconds  2.602114031264387 0.5441112559756629 19.1
81.79384517669678  seconds  2.602114031264387 0.5441112559756629 6.2
77.32200789451599  seconds  2.602114031264387 0.5441112559756629 8.200000000000001
81.88318061828613  seconds  2.602114031264387 0.5441112559756629 7.2
77.42094230651855  seconds  2.602114031264387 0.5441112559756629 9.200000000000001
76.89363861083984  seconds  2.602114031264387 0.5441112559756629 11.200000000000001
77.19196605682373  seconds  2.602114031264387 0.5441112559756629 12.200000000000001
81.73864459991455  seconds  2.602114031264387 0.5441112559756629 10.200000000000001
77.62194204330444  seconds  2.602114031264387 0.5441112559756629 13.200000000000001
77.55695390701294  seconds  2.602114031264387 0.5441112559756629 1.3
81.50784921646118  seconds  2.602114031264387 0.5441112559756629 0.30000000000000004
81.14337182044983  seconds  2.602114031264387 0.5441112559756629 14.200000000000001
81.45928573608398  seconds  2.602114031264387 0.5441112559756629 2.3000000000000003
80.75833439826965  seconds  2.602114031264387 0.5441112559756629 15.200000000000001
77.91682696342468  seconds  2.602114031264387 0.5441112559756629 18.2
81.9751546382904  seconds  2.602114031264387 0.5441112559756629 16.2
77.58582091331482  seconds  2.602114031264387 0.5441112559756629 5.300000000000001
82.309809923172  seconds  2.602114031264387 0.5441112559756629 3.3000000000000003
78.33737826347351  seconds  2.602114031264387 0.5441112559756629 19.200000000000003
82.13712525367737  seconds  2.602114031264387 0.5441112559756629 4.3
82.16785526275635  seconds  2.602114031264387 0.5441112559756629 17.2
76.88415312767029  seconds  2.602114031264387 0.5441112559756629 8.3
82.0486810207367  seconds  2.602114031264387 0.5441112559756629 6.300000000000001
77.70206713676453  seconds  2.602114031264387 0.5441112559756629 9.3
82.16545629501343  seconds  2.602114031264387 0.5441112559756629 7.300000000000001
77.06595778465271  seconds  2.602114031264387 0.5441112559756629 11.3
77.51605200767517  seconds  2.602114031264387 0.5441112559756629 12.3
81.62742447853088  seconds  2.602114031264387 0.5441112559756629 10.3
78.38109755516052  seconds  2.602114031264387 0.5441112559756629 13.3
77.75800204277039  seconds  2.602114031264387 0.5441112559756629 1.4000000000000001
81.60850930213928  seconds  2.602114031264387 0.5441112559756629 0.4
81.30326581001282  seconds  2.602114031264387 0.5441112559756629 14.3
81.23231840133667  seconds  2.602114031264387 0.5441112559756629 2.4000000000000004
81.40898251533508  seconds  2.602114031264387 0.5441112559756629 15.3
77.80049347877502  seconds  2.602114031264387 0.5441112559756629 18.3
78.73164582252502  seconds  2.602114031264387 0.5441112559756629 5.4
81.89496994018555  seconds  2.602114031264387 0.5441112559756629 16.3
82.07162141799927  seconds  2.602114031264387 0.5441112559756629 3.4000000000000004
78.1421537399292  seconds  2.602114031264387 0.5441112559756629 19.3
82.40119361877441  seconds  2.602114031264387 0.5441112559756629 4.4
81.93675947189331  seconds  2.602114031264387 0.5441112559756629 17.3
77.11153841018677  seconds  2.602114031264387 0.5441112559756629 8.4
81.67674398422241  seconds  2.602114031264387 0.5441112559756629 6.4
79.1323561668396  seconds  2.602114031264387 0.5441112559756629 9.4
81.89262294769287  seconds  2.602114031264387 0.5441112559756629 7.4
77.77648901939392  seconds  2.602114031264387 0.5441112559756629 11.4
77.83221960067749  seconds  2.602114031264387 0.5441112559756629 12.4
77.57063031196594  seconds  2.602114031264387 0.5441112559756629 13.4
81.86115765571594  seconds  2.602114031264387 0.5441112559756629 10.4
77.69615292549133  seconds  2.602114031264387 0.5441112559756629 1.5
81.7851459980011  seconds  2.602114031264387 0.5441112559756629 0.5
82.2323887348175  seconds  2.602114031264387 0.5441112559756629 14.4
81.78159642219543  seconds  2.602114031264387 0.5441112559756629 2.5
78.41214847564697  seconds  2.602114031264387 0.5441112559756629 18.400000000000002
80.83742213249207  seconds  2.602114031264387 0.5441112559756629 15.4
78.11256003379822  seconds  2.602114031264387 0.5441112559756629 5.5
79.48834252357483  seconds  2.602114031264387 0.5441112559756629 19.400000000000002
81.92373180389404  seconds  2.602114031264387 0.5441112559756629 16.400000000000002
81.69804382324219  seconds  2.602114031264387 0.5441112559756629 3.5
76.84918451309204  seconds  2.602114031264387 0.5441112559756629 8.5
81.92303133010864  seconds  2.602114031264387 0.5441112559756629 17.400000000000002
82.26280474662781  seconds  2.602114031264387 0.5441112559756629 4.5
78.25106811523438  seconds  2.602114031264387 0.5441112559756629 9.5
81.00426387786865  seconds  2.602114031264387 0.5441112559756629 6.5
77.48687839508057  seconds  2.602114031264387 0.5441112559756629 11.5
81.65818119049072  seconds  2.602114031264387 0.5441112559756629 7.5
77.78042316436768  seconds  2.602114031264387 0.5441112559756629 12.5
76.69457411766052  seconds  2.602114031264387 0.5441112559756629 13.5
78.09528589248657  seconds  2.602114031264387 0.5441112559756629 1.6
81.82623791694641  seconds  2.602114031264387 0.5441112559756629 10.5
82.10481715202332  seconds  2.602114031264387 0.5441112559756629 0.6000000000000001
82.00300693511963  seconds  2.602114031264387 0.5441112559756629 14.5
78.11763024330139  seconds  2.602114031264387 0.5441112559756629 18.5
77.64917182922363  seconds  2.602114031264387 0.5441112559756629 5.6000000000000005
81.92452359199524  seconds  2.602114031264387 0.5441112559756629 2.6
81.90684938430786  seconds  2.602114031264387 0.5441112559756629 15.5
77.36148643493652  seconds  2.602114031264387 0.5441112559756629 19.5
82.41003346443176  seconds  2.602114031264387 0.5441112559756629 16.5
77.26818060874939  seconds  2.602114031264387 0.5441112559756629 8.6
82.26104688644409  seconds  2.602114031264387 0.5441112559756629 3.6
81.51984643936157  seconds  2.602114031264387 0.5441112559756629 17.5
82.14748191833496  seconds  2.602114031264387 0.5441112559756629 4.6000000000000005
78.3642840385437  seconds  2.602114031264387 0.5441112559756629 9.600000000000001
81.50237464904785  seconds  2.602114031264387 0.5441112559756629 6.6000000000000005
77.73123979568481  seconds  2.602114031264387 0.5441112559756629 11.600000000000001
81.77029585838318  seconds  2.602114031264387 0.5441112559756629 7.6000000000000005
77.63029670715332  seconds  2.602114031264387 0.5441112559756629 12.600000000000001
77.17773652076721  seconds  2.602114031264387 0.5441112559756629 13.600000000000001
78.12088942527771  seconds  2.602114031264387 0.5441112559756629 1.7000000000000002
81.54802513122559  seconds  2.602114031264387 0.5441112559756629 10.600000000000001
81.61149668693542  seconds  2.602114031264387 0.5441112559756629 0.7000000000000001
77.55664134025574  seconds  2.602114031264387 0.5441112559756629 18.6
81.53369212150574  seconds  2.602114031264387 0.5441112559756629 14.600000000000001
78.30789518356323  seconds  2.602114031264387 0.5441112559756629 5.7
77.68388938903809  seconds  2.602114031264387 0.5441112559756629 19.6
81.43295550346375  seconds  2.602114031264387 0.5441112559756629 2.7
81.34559607505798  seconds  2.602114031264387 0.5441112559756629 15.600000000000001
77.02584838867188  seconds  2.602114031264387 0.5441112559756629 8.700000000000001
81.91818833351135  seconds  2.602114031264387 0.5441112559756629 16.6
81.60606384277344  seconds  2.602114031264387 0.5441112559756629 3.7
81.73418021202087  seconds  2.602114031264387 0.5441112559756629 17.6
81.49102878570557  seconds  2.602114031264387 0.5441112559756629 4.7
77.70172548294067  seconds  2.602114031264387 0.5441112559756629 9.700000000000001
77.67353582382202  seconds  2.602114031264387 0.5441112559756629 11.700000000000001
81.50967860221863  seconds  2.602114031264387 0.5441112559756629 6.7
76.880943775177  seconds  2.602114031264387 0.5441112559756629 12.700000000000001
82.01253342628479  seconds  2.602114031264387 0.5441112559756629 7.7
78.19600200653076  seconds  2.602114031264387 0.5441112559756629 13.700000000000001
77.41740345954895  seconds  2.602114031264387 0.5441112559756629 1.8
82.19598174095154  seconds  2.602114031264387 0.5441112559756629 10.700000000000001
81.99668526649475  seconds  2.602114031264387 0.5441112559756629 0.8
77.34811472892761  seconds  2.602114031264387 0.5441112559756629 18.7
78.75251507759094  seconds  2.602114031264387 0.5441112559756629 5.800000000000001
81.63584589958191  seconds  2.602114031264387 0.5441112559756629 14.700000000000001
78.03011846542358  seconds  2.602114031264387 0.5441112559756629 19.700000000000003
81.55360674858093  seconds  2.602114031264387 0.5441112559756629 2.8000000000000003
77.2482647895813  seconds  2.602114031264387 0.5441112559756629 8.8
81.71089577674866  seconds  2.602114031264387 0.5441112559756629 15.700000000000001
81.913902759552  seconds  2.602114031264387 0.5441112559756629 16.7
81.81840586662292  seconds  2.602114031264387 0.5441112559756629 3.8000000000000003
77.13121461868286  seconds  2.602114031264387 0.5441112559756629 9.8
81.62281680107117  seconds  2.602114031264387 0.5441112559756629 17.7
81.7251443862915  seconds  2.602114031264387 0.5441112559756629 4.800000000000001
77.92039084434509  seconds  2.602114031264387 0.5441112559756629 11.8
81.37213635444641  seconds  2.602114031264387 0.5441112559756629 6.800000000000001
77.63021564483643  seconds  2.602114031264387 0.5441112559756629 12.8
76.84354639053345  seconds  2.602114031264387 0.5441112559756629 13.8
82.31507611274719  seconds  2.602114031264387 0.5441112559756629 7.800000000000001
77.38504385948181  seconds  2.602114031264387 0.5441112559756629 1.9000000000000001
81.76410365104675  seconds  2.602114031264387 0.5441112559756629 10.8
76.51124691963196  seconds  2.602114031264387 0.5441112559756629 18.8
77.20009851455688  seconds  2.602114031264387 0.5441112559756629 5.9
81.46407890319824  seconds  2.602114031264387 0.5441112559756629 0.9
77.23598408699036  seconds  2.602114031264387 0.5441112559756629 19.8
81.1700713634491  seconds  2.602114031264387 0.5441112559756629 14.8
76.67863821983337  seconds  2.602114031264387 0.5441112559756629 8.9
80.89846992492676  seconds  2.602114031264387 0.5441112559756629 2.9000000000000004
80.39057850837708  seconds  2.602114031264387 0.5441112559756629 15.8
75.19895792007446  seconds  2.602114031264387 0.5441112559756629 9.9
80.31916761398315  seconds  2.602114031264387 0.5441112559756629 16.8
80.69335508346558  seconds  2.602114031264387 0.5441112559756629 3.9000000000000004
79.77563190460205  seconds  2.602114031264387 0.5441112559756629 17.8
76.31714510917664  seconds  2.602114031264387 0.5441112559756629 11.9
82.98465371131897  seconds  2.602114031264387 0.5441112559756629 4.9
73.89952874183655  seconds  2.602114031264387 0.5441112559756629 12.9
78.18296074867249  seconds  2.602114031264387 0.5441112559756629 6.9
74.35925364494324  seconds  2.602114031264387 0.5441112559756629 13.9
76.8126814365387  seconds  2.602114031264387 0.5441112559756629 7.9
75.37465858459473  seconds  2.602114031264387 0.5441112559756629 10.9
66.68991112709045  seconds  2.602114031264387 0.5441112559756629 18.900000000000002
64.69427728652954  seconds  2.602114031264387 0.5441112559756629 19.900000000000002
69.50326204299927  seconds  2.602114031264387 0.5441112559756629 14.9
68.26683688163757  seconds  2.602114031264387 0.5441112559756629 15.9
66.63396835327148  seconds  2.602114031264387 0.5441112559756629 16.900000000000002
65.41802263259888  seconds  2.602114031264387 0.5441112559756629 17.900000000000002
time for calc.... 898.5712375640869
energy at the point.. 2.5846892989406154 0.8396349413298569  is  1.1574406936887272e-05
200 the points 10 chunk numtheads
starting with calculation of Sigma
68.68451237678528  seconds  2.5846892989406154 0.8396349413298569 0.0
69.00318002700806  seconds  2.5846892989406154 0.8396349413298569 1.0
70.72974967956543  seconds  2.5846892989406154 0.8396349413298569 2.0
71.85771775245667  seconds  2.5846892989406154 0.8396349413298569 3.0
72.63765001296997  seconds  2.5846892989406154 0.8396349413298569 4.0
70.86095213890076  seconds  2.5846892989406154 0.8396349413298569 5.0
69.90389227867126  seconds  2.5846892989406154 0.8396349413298569 6.0
76.50681257247925  seconds  2.5846892989406154 0.8396349413298569 7.0
72.6678695678711  seconds  2.5846892989406154 0.8396349413298569 8.0
75.12211894989014  seconds  2.5846892989406154 0.8396349413298569 9.0
78.95240950584412  seconds  2.5846892989406154 0.8396349413298569 10.0
78.4739031791687  seconds  2.5846892989406154 0.8396349413298569 11.0
77.25043082237244  seconds  2.5846892989406154 0.8396349413298569 12.0
80.4322030544281  seconds  2.5846892989406154 0.8396349413298569 0.1
80.75852513313293  seconds  2.5846892989406154 0.8396349413298569 13.0
81.01650667190552  seconds  2.5846892989406154 0.8396349413298569 1.1
80.20641088485718  seconds  2.5846892989406154 0.8396349413298569 14.0
81.70271062850952  seconds  2.5846892989406154 0.8396349413298569 2.1
81.43784785270691  seconds  2.5846892989406154 0.8396349413298569 15.0
82.11225843429565  seconds  2.5846892989406154 0.8396349413298569 3.1
82.0987548828125  seconds  2.5846892989406154 0.8396349413298569 16.0
78.5550274848938  seconds  2.5846892989406154 0.8396349413298569 17.0
77.41836929321289  seconds  2.5846892989406154 0.8396349413298569 5.1000000000000005
81.8411033153534  seconds  2.5846892989406154 0.8396349413298569 4.1000000000000005
78.10480761528015  seconds  2.5846892989406154 0.8396349413298569 6.1000000000000005
80.30337429046631  seconds  2.5846892989406154 0.8396349413298569 18.0
81.98331594467163  seconds  2.5846892989406154 0.8396349413298569 19.0
76.88945126533508  seconds  2.5846892989406154 0.8396349413298569 8.1
81.77324533462524  seconds  2.5846892989406154 0.8396349413298569 7.1000000000000005
77.68989443778992  seconds  2.5846892989406154 0.8396349413298569 9.1
81.4678475856781  seconds  2.5846892989406154 0.8396349413298569 10.100000000000001
77.63663005828857  seconds  2.5846892989406154 0.8396349413298569 11.100000000000001
76.71512699127197  seconds  2.5846892989406154 0.8396349413298569 12.100000000000001
81.65603041648865  seconds  2.5846892989406154 0.8396349413298569 0.2
81.29660749435425  seconds  2.5846892989406154 0.8396349413298569 13.100000000000001
77.44452905654907  seconds  2.5846892989406154 0.8396349413298569 14.100000000000001
81.42385482788086  seconds  2.5846892989406154 0.8396349413298569 1.2000000000000002
81.97927665710449  seconds  2.5846892989406154 0.8396349413298569 2.2
82.22745943069458  seconds  2.5846892989406154 0.8396349413298569 15.100000000000001
78.70066165924072  seconds  2.5846892989406154 0.8396349413298569 17.1
81.82995247840881  seconds  2.5846892989406154 0.8396349413298569 3.2
77.61411619186401  seconds  2.5846892989406154 0.8396349413298569 5.2
81.79523277282715  seconds  2.5846892989406154 0.8396349413298569 16.1
81.34520268440247  seconds  2.5846892989406154 0.8396349413298569 4.2
78.46435904502869  seconds  2.5846892989406154 0.8396349413298569 6.2
78.51556515693665  seconds  2.5846892989406154 0.8396349413298569 18.1
81.29845833778381  seconds  2.5846892989406154 0.8396349413298569 19.1
77.77970504760742  seconds  2.5846892989406154 0.8396349413298569 8.200000000000001
82.12708616256714  seconds  2.5846892989406154 0.8396349413298569 7.2
77.09342193603516  seconds  2.5846892989406154 0.8396349413298569 9.200000000000001
77.78869843482971  seconds  2.5846892989406154 0.8396349413298569 11.200000000000001
81.89066100120544  seconds  2.5846892989406154 0.8396349413298569 10.200000000000001
78.21702527999878  seconds  2.5846892989406154 0.8396349413298569 12.200000000000001
77.58556318283081  seconds  2.5846892989406154 0.8396349413298569 14.200000000000001
81.58759570121765  seconds  2.5846892989406154 0.8396349413298569 0.30000000000000004
81.64262771606445  seconds  2.5846892989406154 0.8396349413298569 13.200000000000001
81.38854265213013  seconds  2.5846892989406154 0.8396349413298569 1.3
81.48047041893005  seconds  2.5846892989406154 0.8396349413298569 2.3000000000000003
81.74569177627563  seconds  2.5846892989406154 0.8396349413298569 15.200000000000001
78.48477053642273  seconds  2.5846892989406154 0.8396349413298569 17.2
77.74506759643555  seconds  2.5846892989406154 0.8396349413298569 5.300000000000001
82.14647555351257  seconds  2.5846892989406154 0.8396349413298569 3.3000000000000003
81.62831044197083  seconds  2.5846892989406154 0.8396349413298569 16.2
77.70287418365479  seconds  2.5846892989406154 0.8396349413298569 18.2
78.05064487457275  seconds  2.5846892989406154 0.8396349413298569 6.300000000000001
81.80989360809326  seconds  2.5846892989406154 0.8396349413298569 4.3
77.64832925796509  seconds  2.5846892989406154 0.8396349413298569 8.3
81.44508743286133  seconds  2.5846892989406154 0.8396349413298569 19.200000000000003
78.2476716041565  seconds  2.5846892989406154 0.8396349413298569 9.3
82.23156523704529  seconds  2.5846892989406154 0.8396349413298569 7.300000000000001
77.43296432495117  seconds  2.5846892989406154 0.8396349413298569 11.3
77.34046077728271  seconds  2.5846892989406154 0.8396349413298569 12.3
81.99727821350098  seconds  2.5846892989406154 0.8396349413298569 10.3
77.83105039596558  seconds  2.5846892989406154 0.8396349413298569 14.3
81.72422909736633  seconds  2.5846892989406154 0.8396349413298569 0.4
81.76690745353699  seconds  2.5846892989406154 0.8396349413298569 13.3
81.5962324142456  seconds  2.5846892989406154 0.8396349413298569 1.4000000000000001
78.50091409683228  seconds  2.5846892989406154 0.8396349413298569 17.3
78.91443252563477  seconds  2.5846892989406154 0.8396349413298569 5.4
81.62543082237244  seconds  2.5846892989406154 0.8396349413298569 2.4000000000000004
81.51182460784912  seconds  2.5846892989406154 0.8396349413298569 15.3
77.94284701347351  seconds  2.5846892989406154 0.8396349413298569 18.3
78.08687663078308  seconds  2.5846892989406154 0.8396349413298569 6.4
82.59152030944824  seconds  2.5846892989406154 0.8396349413298569 3.4000000000000004
82.62751126289368  seconds  2.5846892989406154 0.8396349413298569 16.3
81.45627045631409  seconds  2.5846892989406154 0.8396349413298569 4.4
77.29977631568909  seconds  2.5846892989406154 0.8396349413298569 8.4
81.4155592918396  seconds  2.5846892989406154 0.8396349413298569 19.3
77.43870425224304  seconds  2.5846892989406154 0.8396349413298569 9.4
81.83861041069031  seconds  2.5846892989406154 0.8396349413298569 7.4
76.60845184326172  seconds  2.5846892989406154 0.8396349413298569 11.4
77.38473510742188  seconds  2.5846892989406154 0.8396349413298569 12.4
81.7271785736084  seconds  2.5846892989406154 0.8396349413298569 10.4
77.39411091804504  seconds  2.5846892989406154 0.8396349413298569 14.4
81.70691251754761  seconds  2.5846892989406154 0.8396349413298569 0.5
81.75347685813904  seconds  2.5846892989406154 0.8396349413298569 13.4
81.58574652671814  seconds  2.5846892989406154 0.8396349413298569 1.5
79.14391875267029  seconds  2.5846892989406154 0.8396349413298569 17.400000000000002
78.98515844345093  seconds  2.5846892989406154 0.8396349413298569 5.5
81.31423807144165  seconds  2.5846892989406154 0.8396349413298569 2.5
81.49894547462463  seconds  2.5846892989406154 0.8396349413298569 15.4
78.08189821243286  seconds  2.5846892989406154 0.8396349413298569 18.400000000000002
78.12277555465698  seconds  2.5846892989406154 0.8396349413298569 6.5
81.98462796211243  seconds  2.5846892989406154 0.8396349413298569 16.400000000000002
82.22075819969177  seconds  2.5846892989406154 0.8396349413298569 3.5
81.6719617843628  seconds  2.5846892989406154 0.8396349413298569 4.5
77.80583167076111  seconds  2.5846892989406154 0.8396349413298569 8.5
77.32036304473877  seconds  2.5846892989406154 0.8396349413298569 9.5
81.01558876037598  seconds  2.5846892989406154 0.8396349413298569 19.400000000000002
81.85069918632507  seconds  2.5846892989406154 0.8396349413298569 7.5
77.99492120742798  seconds  2.5846892989406154 0.8396349413298569 11.5
77.34323048591614  seconds  2.5846892989406154 0.8396349413298569 12.5
81.538645029068  seconds  2.5846892989406154 0.8396349413298569 10.5
78.04394769668579  seconds  2.5846892989406154 0.8396349413298569 14.5
82.09110379219055  seconds  2.5846892989406154 0.8396349413298569 0.6000000000000001
81.51902651786804  seconds  2.5846892989406154 0.8396349413298569 13.5
81.53511548042297  seconds  2.5846892989406154 0.8396349413298569 1.6
77.80101823806763  seconds  2.5846892989406154 0.8396349413298569 5.6000000000000005
78.23170113563538  seconds  2.5846892989406154 0.8396349413298569 17.5
78.07434701919556  seconds  2.5846892989406154 0.8396349413298569 6.6000000000000005
78.7735071182251  seconds  2.5846892989406154 0.8396349413298569 18.5
81.8280520439148  seconds  2.5846892989406154 0.8396349413298569 2.6
81.34931087493896  seconds  2.5846892989406154 0.8396349413298569 15.5
76.89030814170837  seconds  2.5846892989406154 0.8396349413298569 8.6
81.88638305664062  seconds  2.5846892989406154 0.8396349413298569 16.5
83.08313846588135  seconds  2.5846892989406154 0.8396349413298569 3.6
81.70232009887695  seconds  2.5846892989406154 0.8396349413298569 4.6000000000000005
77.04265260696411  seconds  2.5846892989406154 0.8396349413298569 9.600000000000001
81.22829461097717  seconds  2.5846892989406154 0.8396349413298569 19.5
77.67648315429688  seconds  2.5846892989406154 0.8396349413298569 11.600000000000001
81.53200459480286  seconds  2.5846892989406154 0.8396349413298569 7.6000000000000005
77.64660787582397  seconds  2.5846892989406154 0.8396349413298569 12.600000000000001
81.33610367774963  seconds  2.5846892989406154 0.8396349413298569 10.600000000000001
78.4524028301239  seconds  2.5846892989406154 0.8396349413298569 14.600000000000001
81.81334519386292  seconds  2.5846892989406154 0.8396349413298569 0.7000000000000001
81.69742155075073  seconds  2.5846892989406154 0.8396349413298569 13.600000000000001
78.71355438232422  seconds  2.5846892989406154 0.8396349413298569 5.7
78.69769835472107  seconds  2.5846892989406154 0.8396349413298569 17.6
81.65238833427429  seconds  2.5846892989406154 0.8396349413298569 1.7000000000000002
78.44788122177124  seconds  2.5846892989406154 0.8396349413298569 6.7
78.6416027545929  seconds  2.5846892989406154 0.8396349413298569 18.6
81.58309698104858  seconds  2.5846892989406154 0.8396349413298569 2.7
81.52218532562256  seconds  2.5846892989406154 0.8396349413298569 15.600000000000001
76.66163682937622  seconds  2.5846892989406154 0.8396349413298569 8.700000000000001
81.93667578697205  seconds  2.5846892989406154 0.8396349413298569 16.6
82.05103254318237  seconds  2.5846892989406154 0.8396349413298569 3.7
81.4805748462677  seconds  2.5846892989406154 0.8396349413298569 4.7
77.1959216594696  seconds  2.5846892989406154 0.8396349413298569 9.700000000000001
81.04255747795105  seconds  2.5846892989406154 0.8396349413298569 19.6
77.91472697257996  seconds  2.5846892989406154 0.8396349413298569 11.700000000000001
77.42531561851501  seconds  2.5846892989406154 0.8396349413298569 12.700000000000001
81.5006206035614  seconds  2.5846892989406154 0.8396349413298569 7.7
78.9552674293518  seconds  2.5846892989406154 0.8396349413298569 14.700000000000001
81.48641777038574  seconds  2.5846892989406154 0.8396349413298569 10.700000000000001
78.51362204551697  seconds  2.5846892989406154 0.8396349413298569 5.800000000000001
78.49651575088501  seconds  2.5846892989406154 0.8396349413298569 17.7
82.09045219421387  seconds  2.5846892989406154 0.8396349413298569 0.8
82.15491461753845  seconds  2.5846892989406154 0.8396349413298569 13.700000000000001
77.9577317237854  seconds  2.5846892989406154 0.8396349413298569 6.800000000000001
81.52610325813293  seconds  2.5846892989406154 0.8396349413298569 1.8
78.51220846176147  seconds  2.5846892989406154 0.8396349413298569 18.7
76.95113158226013  seconds  2.5846892989406154 0.8396349413298569 8.8
81.72192192077637  seconds  2.5846892989406154 0.8396349413298569 2.8000000000000003
81.57507276535034  seconds  2.5846892989406154 0.8396349413298569 15.700000000000001
76.90033960342407  seconds  2.5846892989406154 0.8396349413298569 9.8
81.8726134300232  seconds  2.5846892989406154 0.8396349413298569 16.7
81.76526117324829  seconds  2.5846892989406154 0.8396349413298569 3.8000000000000003
81.89969825744629  seconds  2.5846892989406154 0.8396349413298569 4.800000000000001
81.17384648323059  seconds  2.5846892989406154 0.8396349413298569 19.700000000000003
77.82420897483826  seconds  2.5846892989406154 0.8396349413298569 11.8
77.55460834503174  seconds  2.5846892989406154 0.8396349413298569 12.8
81.53367495536804  seconds  2.5846892989406154 0.8396349413298569 7.800000000000001
77.6490969657898  seconds  2.5846892989406154 0.8396349413298569 14.8
81.61238741874695  seconds  2.5846892989406154 0.8396349413298569 10.8
79.01454973220825  seconds  2.5846892989406154 0.8396349413298569 5.9
79.23457431793213  seconds  2.5846892989406154 0.8396349413298569 17.8
78.56332635879517  seconds  2.5846892989406154 0.8396349413298569 6.9
82.21184945106506  seconds  2.5846892989406154 0.8396349413298569 0.9
82.04686164855957  seconds  2.5846892989406154 0.8396349413298569 13.8
78.65456318855286  seconds  2.5846892989406154 0.8396349413298569 18.8
81.73230576515198  seconds  2.5846892989406154 0.8396349413298569 1.9000000000000001
76.69625282287598  seconds  2.5846892989406154 0.8396349413298569 8.9
80.9642608165741  seconds  2.5846892989406154 0.8396349413298569 15.8
81.31733298301697  seconds  2.5846892989406154 0.8396349413298569 2.9000000000000004
75.4468605518341  seconds  2.5846892989406154 0.8396349413298569 9.9
79.991614818573  seconds  2.5846892989406154 0.8396349413298569 16.8
79.52676057815552  seconds  2.5846892989406154 0.8396349413298569 3.9000000000000004
79.30364298820496  seconds  2.5846892989406154 0.8396349413298569 4.9
77.99446892738342  seconds  2.5846892989406154 0.8396349413298569 19.8
75.25232553482056  seconds  2.5846892989406154 0.8396349413298569 11.9
74.87195229530334  seconds  2.5846892989406154 0.8396349413298569 12.9
77.90929198265076  seconds  2.5846892989406154 0.8396349413298569 7.9
71.1548216342926  seconds  2.5846892989406154 0.8396349413298569 14.9
73.0168571472168  seconds  2.5846892989406154 0.8396349413298569 10.9
68.02479219436646  seconds  2.5846892989406154 0.8396349413298569 17.900000000000002
65.43825769424438  seconds  2.5846892989406154 0.8396349413298569 18.900000000000002
69.75627899169922  seconds  2.5846892989406154 0.8396349413298569 13.9
67.13301038742065  seconds  2.5846892989406154 0.8396349413298569 15.9
65.7587399482727  seconds  2.5846892989406154 0.8396349413298569 16.900000000000002
64.01173400878906  seconds  2.5846892989406154 0.8396349413298569 19.900000000000002
time for calc.... 902.8743114471436
energy at the point.. 2.5337077240684835 1.1368970013037814  is  2.067935501059992e-06
200 the points 10 chunk numtheads
starting with calculation of Sigma
69.0157675743103  seconds  2.5337077240684835 1.1368970013037814 0.0
71.00567674636841  seconds  2.5337077240684835 1.1368970013037814 1.0
71.35588955879211  seconds  2.5337077240684835 1.1368970013037814 2.0
72.2056450843811  seconds  2.5337077240684835 1.1368970013037814 3.0
68.19189476966858  seconds  2.5337077240684835 1.1368970013037814 5.0
74.60190463066101  seconds  2.5337077240684835 1.1368970013037814 4.0
69.19455933570862  seconds  2.5337077240684835 1.1368970013037814 6.0
78.45658278465271  seconds  2.5337077240684835 1.1368970013037814 7.0
75.88529872894287  seconds  2.5337077240684835 1.1368970013037814 8.0
74.00922012329102  seconds  2.5337077240684835 1.1368970013037814 9.0
80.32892107963562  seconds  2.5337077240684835 1.1368970013037814 10.0
75.11245846748352  seconds  2.5337077240684835 1.1368970013037814 11.0
78.6795403957367  seconds  2.5337077240684835 1.1368970013037814 12.0
81.36140084266663  seconds  2.5337077240684835 1.1368970013037814 13.0
81.66464161872864  seconds  2.5337077240684835 1.1368970013037814 0.1
81.96370100975037  seconds  2.5337077240684835 1.1368970013037814 14.0
81.94355726242065  seconds  2.5337077240684835 1.1368970013037814 1.1
79.27632856369019  seconds  2.5337077240684835 1.1368970013037814 15.0
82.09032726287842  seconds  2.5337077240684835 1.1368970013037814 2.1
82.20233416557312  seconds  2.5337077240684835 1.1368970013037814 16.0
82.11837697029114  seconds  2.5337077240684835 1.1368970013037814 3.1
77.32096362113953  seconds  2.5337077240684835 1.1368970013037814 5.1000000000000005
81.73914170265198  seconds  2.5337077240684835 1.1368970013037814 17.0
81.75175189971924  seconds  2.5337077240684835 1.1368970013037814 4.1000000000000005
77.95699667930603  seconds  2.5337077240684835 1.1368970013037814 6.1000000000000005
81.45409440994263  seconds  2.5337077240684835 1.1368970013037814 18.0
78.20938348770142  seconds  2.5337077240684835 1.1368970013037814 19.0
81.59215140342712  seconds  2.5337077240684835 1.1368970013037814 7.1000000000000005
78.12340140342712  seconds  2.5337077240684835 1.1368970013037814 8.1
77.51843404769897  seconds  2.5337077240684835 1.1368970013037814 9.1
78.10691523551941  seconds  2.5337077240684835 1.1368970013037814 11.100000000000001
81.74215412139893  seconds  2.5337077240684835 1.1368970013037814 10.100000000000001
77.82434701919556  seconds  2.5337077240684835 1.1368970013037814 12.100000000000001
81.65471744537354  seconds  2.5337077240684835 1.1368970013037814 13.100000000000001
81.83739352226257  seconds  2.5337077240684835 1.1368970013037814 0.2
77.37722897529602  seconds  2.5337077240684835 1.1368970013037814 15.100000000000001
82.32065558433533  seconds  2.5337077240684835 1.1368970013037814 14.100000000000001
81.61173367500305  seconds  2.5337077240684835 1.1368970013037814 1.2000000000000002
81.33302879333496  seconds  2.5337077240684835 1.1368970013037814 2.2
77.23083639144897  seconds  2.5337077240684835 1.1368970013037814 5.2
81.92116069793701  seconds  2.5337077240684835 1.1368970013037814 3.2
82.16703343391418  seconds  2.5337077240684835 1.1368970013037814 16.1
78.02018237113953  seconds  2.5337077240684835 1.1368970013037814 17.1
78.35459280014038  seconds  2.5337077240684835 1.1368970013037814 6.2
81.77544641494751  seconds  2.5337077240684835 1.1368970013037814 4.2
76.49976801872253  seconds  2.5337077240684835 1.1368970013037814 19.1
81.31206822395325  seconds  2.5337077240684835 1.1368970013037814 18.1
77.94626259803772  seconds  2.5337077240684835 1.1368970013037814 8.200000000000001
77.5475127696991  seconds  2.5337077240684835 1.1368970013037814 9.200000000000001
81.71407556533813  seconds  2.5337077240684835 1.1368970013037814 7.2
77.09863018989563  seconds  2.5337077240684835 1.1368970013037814 11.200000000000001
81.50600123405457  seconds  2.5337077240684835 1.1368970013037814 10.200000000000001
77.5040967464447  seconds  2.5337077240684835 1.1368970013037814 12.200000000000001
82.16108632087708  seconds  2.5337077240684835 1.1368970013037814 13.200000000000001
77.52036809921265  seconds  2.5337077240684835 1.1368970013037814 15.200000000000001
81.99562573432922  seconds  2.5337077240684835 1.1368970013037814 0.30000000000000004
81.5083839893341  seconds  2.5337077240684835 1.1368970013037814 14.200000000000001
81.4116382598877  seconds  2.5337077240684835 1.1368970013037814 1.3
78.13399744033813  seconds  2.5337077240684835 1.1368970013037814 5.300000000000001
81.65554738044739  seconds  2.5337077240684835 1.1368970013037814 2.3000000000000003
79.17399787902832  seconds  2.5337077240684835 1.1368970013037814 17.2
81.576504945755  seconds  2.5337077240684835 1.1368970013037814 3.3000000000000003
81.82613682746887  seconds  2.5337077240684835 1.1368970013037814 16.2
77.90098357200623  seconds  2.5337077240684835 1.1368970013037814 6.300000000000001
76.92472815513611  seconds  2.5337077240684835 1.1368970013037814 19.200000000000003
81.39856171607971  seconds  2.5337077240684835 1.1368970013037814 4.3
81.42962574958801  seconds  2.5337077240684835 1.1368970013037814 18.2
77.50392127037048  seconds  2.5337077240684835 1.1368970013037814 8.3
77.68407726287842  seconds  2.5337077240684835 1.1368970013037814 9.3
81.34470415115356  seconds  2.5337077240684835 1.1368970013037814 7.300000000000001
77.04045152664185  seconds  2.5337077240684835 1.1368970013037814 11.3
77.33667373657227  seconds  2.5337077240684835 1.1368970013037814 12.3
81.77331161499023  seconds  2.5337077240684835 1.1368970013037814 10.3
77.50205278396606  seconds  2.5337077240684835 1.1368970013037814 15.3
82.17187237739563  seconds  2.5337077240684835 1.1368970013037814 13.3
81.9938051700592  seconds  2.5337077240684835 1.1368970013037814 0.4
82.02146863937378  seconds  2.5337077240684835 1.1368970013037814 14.3
81.88129091262817  seconds  2.5337077240684835 1.1368970013037814 1.4000000000000001
77.36966252326965  seconds  2.5337077240684835 1.1368970013037814 5.4
81.18785834312439  seconds  2.5337077240684835 1.1368970013037814 2.4000000000000004
78.0735125541687  seconds  2.5337077240684835 1.1368970013037814 17.3
78.07954430580139  seconds  2.5337077240684835 1.1368970013037814 6.4
81.42201828956604  seconds  2.5337077240684835 1.1368970013037814 3.4000000000000004
81.41533899307251  seconds  2.5337077240684835 1.1368970013037814 16.3
77.47873663902283  seconds  2.5337077240684835 1.1368970013037814 19.3
81.53098177909851  seconds  2.5337077240684835 1.1368970013037814 4.4
81.34369254112244  seconds  2.5337077240684835 1.1368970013037814 18.3
77.6852719783783  seconds  2.5337077240684835 1.1368970013037814 8.4
77.38610053062439  seconds  2.5337077240684835 1.1368970013037814 9.4
81.80930757522583  seconds  2.5337077240684835 1.1368970013037814 7.4
77.05494117736816  seconds  2.5337077240684835 1.1368970013037814 11.4
77.10861682891846  seconds  2.5337077240684835 1.1368970013037814 12.4
81.83044648170471  seconds  2.5337077240684835 1.1368970013037814 10.4
77.45101261138916  seconds  2.5337077240684835 1.1368970013037814 15.4
81.38501024246216  seconds  2.5337077240684835 1.1368970013037814 13.4
82.23636198043823  seconds  2.5337077240684835 1.1368970013037814 0.5
76.5796160697937  seconds  2.5337077240684835 1.1368970013037814 5.5
82.32429528236389  seconds  2.5337077240684835 1.1368970013037814 14.4
81.95446705818176  seconds  2.5337077240684835 1.1368970013037814 1.5
78.54099607467651  seconds  2.5337077240684835 1.1368970013037814 17.400000000000002
81.68107652664185  seconds  2.5337077240684835 1.1368970013037814 2.5
77.82632350921631  seconds  2.5337077240684835 1.1368970013037814 6.5
77.23741030693054  seconds  2.5337077240684835 1.1368970013037814 19.400000000000002
81.17927694320679  seconds  2.5337077240684835 1.1368970013037814 3.5
81.797119140625  seconds  2.5337077240684835 1.1368970013037814 16.400000000000002
81.36282873153687  seconds  2.5337077240684835 1.1368970013037814 4.5
77.42176079750061  seconds  2.5337077240684835 1.1368970013037814 8.5
81.43495965003967  seconds  2.5337077240684835 1.1368970013037814 18.400000000000002
78.02632975578308  seconds  2.5337077240684835 1.1368970013037814 9.5
76.96665024757385  seconds  2.5337077240684835 1.1368970013037814 11.5
81.82526421546936  seconds  2.5337077240684835 1.1368970013037814 7.5
77.57864546775818  seconds  2.5337077240684835 1.1368970013037814 12.5
82.00476694107056  seconds  2.5337077240684835 1.1368970013037814 10.5
77.24230670928955  seconds  2.5337077240684835 1.1368970013037814 15.5
77.08794569969177  seconds  2.5337077240684835 1.1368970013037814 5.6000000000000005
81.66512799263  seconds  2.5337077240684835 1.1368970013037814 13.5
82.01132607460022  seconds  2.5337077240684835 1.1368970013037814 0.6000000000000001
81.99215292930603  seconds  2.5337077240684835 1.1368970013037814 14.5
77.99027466773987  seconds  2.5337077240684835 1.1368970013037814 17.5
77.74131917953491  seconds  2.5337077240684835 1.1368970013037814 6.6000000000000005
82.2591781616211  seconds  2.5337077240684835 1.1368970013037814 1.6
81.38596439361572  seconds  2.5337077240684835 1.1368970013037814 2.6
78.5975558757782  seconds  2.5337077240684835 1.1368970013037814 19.5
81.53282856941223  seconds  2.5337077240684835 1.1368970013037814 3.6
81.31938099861145  seconds  2.5337077240684835 1.1368970013037814 16.5
81.61213326454163  seconds  2.5337077240684835 1.1368970013037814 4.6000000000000005
77.90898180007935  seconds  2.5337077240684835 1.1368970013037814 8.6
77.73424863815308  seconds  2.5337077240684835 1.1368970013037814 9.600000000000001
81.68189334869385  seconds  2.5337077240684835 1.1368970013037814 18.5
77.69791841506958  seconds  2.5337077240684835 1.1368970013037814 11.600000000000001
82.00724649429321  seconds  2.5337077240684835 1.1368970013037814 7.6000000000000005
78.08828234672546  seconds  2.5337077240684835 1.1368970013037814 12.600000000000001
82.02782559394836  seconds  2.5337077240684835 1.1368970013037814 10.600000000000001
77.04856967926025  seconds  2.5337077240684835 1.1368970013037814 15.600000000000001
77.02404522895813  seconds  2.5337077240684835 1.1368970013037814 5.7
82.08956003189087  seconds  2.5337077240684835 1.1368970013037814 13.600000000000001
82.23897957801819  seconds  2.5337077240684835 1.1368970013037814 0.7000000000000001
78.17227363586426  seconds  2.5337077240684835 1.1368970013037814 17.6
78.24206781387329  seconds  2.5337077240684835 1.1368970013037814 6.7
82.70496678352356  seconds  2.5337077240684835 1.1368970013037814 14.600000000000001
82.37225484848022  seconds  2.5337077240684835 1.1368970013037814 1.7000000000000002
78.46366930007935  seconds  2.5337077240684835 1.1368970013037814 19.6
81.98094296455383  seconds  2.5337077240684835 1.1368970013037814 2.7
81.25461912155151  seconds  2.5337077240684835 1.1368970013037814 3.7
81.88576459884644  seconds  2.5337077240684835 1.1368970013037814 16.6
77.88552165031433  seconds  2.5337077240684835 1.1368970013037814 8.700000000000001
77.6726930141449  seconds  2.5337077240684835 1.1368970013037814 9.700000000000001
81.45734286308289  seconds  2.5337077240684835 1.1368970013037814 4.7
81.77794671058655  seconds  2.5337077240684835 1.1368970013037814 18.6
77.1404139995575  seconds  2.5337077240684835 1.1368970013037814 11.700000000000001
81.91694402694702  seconds  2.5337077240684835 1.1368970013037814 7.7
78.14874744415283  seconds  2.5337077240684835 1.1368970013037814 12.700000000000001
77.54467344284058  seconds  2.5337077240684835 1.1368970013037814 15.700000000000001
81.66102957725525  seconds  2.5337077240684835 1.1368970013037814 10.700000000000001
76.88566946983337  seconds  2.5337077240684835 1.1368970013037814 5.800000000000001
78.0661609172821  seconds  2.5337077240684835 1.1368970013037814 17.7
78.23058009147644  seconds  2.5337077240684835 1.1368970013037814 6.800000000000001
82.36787104606628  seconds  2.5337077240684835 1.1368970013037814 13.700000000000001
81.61232042312622  seconds  2.5337077240684835 1.1368970013037814 0.8
78.55874824523926  seconds  2.5337077240684835 1.1368970013037814 19.700000000000003
82.15923595428467  seconds  2.5337077240684835 1.1368970013037814 14.700000000000001
82.11376404762268  seconds  2.5337077240684835 1.1368970013037814 1.8
81.65289688110352  seconds  2.5337077240684835 1.1368970013037814 2.8000000000000003
77.25487184524536  seconds  2.5337077240684835 1.1368970013037814 8.8
82.23069977760315  seconds  2.5337077240684835 1.1368970013037814 3.8000000000000003
77.55190825462341  seconds  2.5337077240684835 1.1368970013037814 9.8
82.36206388473511  seconds  2.5337077240684835 1.1368970013037814 16.7
81.70959997177124  seconds  2.5337077240684835 1.1368970013037814 4.800000000000001
77.10001254081726  seconds  2.5337077240684835 1.1368970013037814 11.8
81.18039083480835  seconds  2.5337077240684835 1.1368970013037814 18.7
77.77564668655396  seconds  2.5337077240684835 1.1368970013037814 12.8
81.96961069107056  seconds  2.5337077240684835 1.1368970013037814 7.800000000000001
78.0368344783783  seconds  2.5337077240684835 1.1368970013037814 15.8
81.77419567108154  seconds  2.5337077240684835 1.1368970013037814 10.8
76.96770191192627  seconds  2.5337077240684835 1.1368970013037814 5.9
77.65420937538147  seconds  2.5337077240684835 1.1368970013037814 6.9
78.27339673042297  seconds  2.5337077240684835 1.1368970013037814 17.8
81.15364527702332  seconds  2.5337077240684835 1.1368970013037814 13.8
76.75815176963806  seconds  2.5337077240684835 1.1368970013037814 19.8
81.61325550079346  seconds  2.5337077240684835 1.1368970013037814 0.9
81.49672746658325  seconds  2.5337077240684835 1.1368970013037814 14.8
81.62756323814392  seconds  2.5337077240684835 1.1368970013037814 1.9000000000000001
80.93283772468567  seconds  2.5337077240684835 1.1368970013037814 2.9000000000000004
76.90577530860901  seconds  2.5337077240684835 1.1368970013037814 8.9
76.2066376209259  seconds  2.5337077240684835 1.1368970013037814 9.9
80.5637993812561  seconds  2.5337077240684835 1.1368970013037814 3.9000000000000004
80.09383392333984  seconds  2.5337077240684835 1.1368970013037814 16.8
75.29097270965576  seconds  2.5337077240684835 1.1368970013037814 11.9
78.83463263511658  seconds  2.5337077240684835 1.1368970013037814 4.9
78.7663345336914  seconds  2.5337077240684835 1.1368970013037814 18.8
72.78535985946655  seconds  2.5337077240684835 1.1368970013037814 12.9
77.58048820495605  seconds  2.5337077240684835 1.1368970013037814 7.9
70.26902556419373  seconds  2.5337077240684835 1.1368970013037814 15.9
73.1311445236206  seconds  2.5337077240684835 1.1368970013037814 10.9
66.33161950111389  seconds  2.5337077240684835 1.1368970013037814 17.900000000000002
65.53240489959717  seconds  2.5337077240684835 1.1368970013037814 19.900000000000002
70.76076555252075  seconds  2.5337077240684835 1.1368970013037814 13.9
68.1017644405365  seconds  2.5337077240684835 1.1368970013037814 14.9
65.78941702842712  seconds  2.5337077240684835 1.1368970013037814 16.900000000000002
64.6136953830719  seconds  2.5337077240684835 1.1368970013037814 18.900000000000002
time for calc.... 901.4912056922913
energy at the point.. 2.421355054487129 1.409821816601478  is  6.066433012819061e-06
200 the points 10 chunk numtheads
starting with calculation of Sigma
67.73102378845215  seconds  2.421355054487129 1.409821816601478 0.0
68.46229648590088  seconds  2.421355054487129 1.409821816601478 1.0
69.64301776885986  seconds  2.421355054487129 1.409821816601478 2.0
71.10230326652527  seconds  2.421355054487129 1.409821816601478 3.0
73.08942103385925  seconds  2.421355054487129 1.409821816601478 4.0
68.30803155899048  seconds  2.421355054487129 1.409821816601478 5.0
69.81040239334106  seconds  2.421355054487129 1.409821816601478 6.0
73.67426109313965  seconds  2.421355054487129 1.409821816601478 7.0
77.47316718101501  seconds  2.421355054487129 1.409821816601478 8.0
74.08292055130005  seconds  2.421355054487129 1.409821816601478 9.0
78.64520788192749  seconds  2.421355054487129 1.409821816601478 10.0
75.25885462760925  seconds  2.421355054487129 1.409821816601478 11.0
76.90404224395752  seconds  2.421355054487129 1.409821816601478 12.0
75.83019304275513  seconds  2.421355054487129 1.409821816601478 13.0
81.62110161781311  seconds  2.421355054487129 1.409821816601478 0.1
81.77068448066711  seconds  2.421355054487129 1.409821816601478 1.1
82.5283453464508  seconds  2.421355054487129 1.409821816601478 14.0
82.36496305465698  seconds  2.421355054487129 1.409821816601478 2.1
81.90336751937866  seconds  2.421355054487129 1.409821816601478 15.0
81.14410448074341  seconds  2.421355054487129 1.409821816601478 16.0
81.42710733413696  seconds  2.421355054487129 1.409821816601478 3.1
77.44680786132812  seconds  2.421355054487129 1.409821816601478 5.1000000000000005
82.05760312080383  seconds  2.421355054487129 1.409821816601478 17.0
82.08705973625183  seconds  2.421355054487129 1.409821816601478 4.1000000000000005
76.38867044448853  seconds  2.421355054487129 1.409821816601478 6.1000000000000005
82.0390248298645  seconds  2.421355054487129 1.409821816601478 18.0
77.85947632789612  seconds  2.421355054487129 1.409821816601478 7.1000000000000005
82.73119926452637  seconds  2.421355054487129 1.409821816601478 19.0
77.32990145683289  seconds  2.421355054487129 1.409821816601478 9.1
81.90444540977478  seconds  2.421355054487129 1.409821816601478 8.1
77.79721665382385  seconds  2.421355054487129 1.409821816601478 11.100000000000001
82.12644791603088  seconds  2.421355054487129 1.409821816601478 10.100000000000001
77.74107456207275  seconds  2.421355054487129 1.409821816601478 12.100000000000001
77.55567479133606  seconds  2.421355054487129 1.409821816601478 13.100000000000001
80.80448937416077  seconds  2.421355054487129 1.409821816601478 0.2
82.01517963409424  seconds  2.421355054487129 1.409821816601478 1.2000000000000002
82.23041725158691  seconds  2.421355054487129 1.409821816601478 14.100000000000001
82.06508779525757  seconds  2.421355054487129 1.409821816601478 15.100000000000001
82.2026641368866  seconds  2.421355054487129 1.409821816601478 2.2
77.27390623092651  seconds  2.421355054487129 1.409821816601478 16.1
81.5047972202301  seconds  2.421355054487129 1.409821816601478 3.2
78.76597094535828  seconds  2.421355054487129 1.409821816601478 5.2
76.8325264453888  seconds  2.421355054487129 1.409821816601478 6.2
81.46039915084839  seconds  2.421355054487129 1.409821816601478 17.1
82.03581476211548  seconds  2.421355054487129 1.409821816601478 4.2
81.10413980484009  seconds  2.421355054487129 1.409821816601478 18.1
77.94351267814636  seconds  2.421355054487129 1.409821816601478 7.2
78.01884698867798  seconds  2.421355054487129 1.409821816601478 19.1
77.2524402141571  seconds  2.421355054487129 1.409821816601478 9.200000000000001
81.81895899772644  seconds  2.421355054487129 1.409821816601478 8.200000000000001
77.19283890724182  seconds  2.421355054487129 1.409821816601478 11.200000000000001
82.01600432395935  seconds  2.421355054487129 1.409821816601478 10.200000000000001
77.33159947395325  seconds  2.421355054487129 1.409821816601478 12.200000000000001
77.81670570373535  seconds  2.421355054487129 1.409821816601478 13.200000000000001
81.26292252540588  seconds  2.421355054487129 1.409821816601478 0.30000000000000004
81.91004920005798  seconds  2.421355054487129 1.409821816601478 1.3
82.47496604919434  seconds  2.421355054487129 1.409821816601478 14.200000000000001
77.75289368629456  seconds  2.421355054487129 1.409821816601478 16.2
81.42649435997009  seconds  2.421355054487129 1.409821816601478 15.200000000000001
81.65638089179993  seconds  2.421355054487129 1.409821816601478 2.3000000000000003
77.87021374702454  seconds  2.421355054487129 1.409821816601478 5.300000000000001
81.23237299919128  seconds  2.421355054487129 1.409821816601478 3.3000000000000003
77.30273079872131  seconds  2.421355054487129 1.409821816601478 6.300000000000001
81.92829847335815  seconds  2.421355054487129 1.409821816601478 17.2
82.17045640945435  seconds  2.421355054487129 1.409821816601478 4.3
82.49712586402893  seconds  2.421355054487129 1.409821816601478 18.2
77.9115538597107  seconds  2.421355054487129 1.409821816601478 7.300000000000001
77.64192938804626  seconds  2.421355054487129 1.409821816601478 19.200000000000003
77.90594220161438  seconds  2.421355054487129 1.409821816601478 9.3
82.1562922000885  seconds  2.421355054487129 1.409821816601478 8.3
77.63592910766602  seconds  2.421355054487129 1.409821816601478 11.3
78.14915823936462  seconds  2.421355054487129 1.409821816601478 12.3
81.74248385429382  seconds  2.421355054487129 1.409821816601478 10.3
77.0946900844574  seconds  2.421355054487129 1.409821816601478 13.3
81.12715101242065  seconds  2.421355054487129 1.409821816601478 0.4
78.12853240966797  seconds  2.421355054487129 1.409821816601478 16.3
81.70124936103821  seconds  2.421355054487129 1.409821816601478 1.4000000000000001
82.37578916549683  seconds  2.421355054487129 1.409821816601478 14.3
77.67771506309509  seconds  2.421355054487129 1.409821816601478 5.4
82.00331592559814  seconds  2.421355054487129 1.409821816601478 2.4000000000000004
82.52160882949829  seconds  2.421355054487129 1.409821816601478 15.3
77.68484091758728  seconds  2.421355054487129 1.409821816601478 6.4
81.07639360427856  seconds  2.421355054487129 1.409821816601478 3.4000000000000004
81.37125420570374  seconds  2.421355054487129 1.409821816601478 17.3
81.96179485321045  seconds  2.421355054487129 1.409821816601478 4.4
77.56336855888367  seconds  2.421355054487129 1.409821816601478 19.3
78.7300910949707  seconds  2.421355054487129 1.409821816601478 7.4
81.62038660049438  seconds  2.421355054487129 1.409821816601478 18.3
77.65181541442871  seconds  2.421355054487129 1.409821816601478 9.4
77.28348851203918  seconds  2.421355054487129 1.409821816601478 11.4
81.61276292800903  seconds  2.421355054487129 1.409821816601478 8.4
78.37905621528625  seconds  2.421355054487129 1.409821816601478 12.4
77.85551285743713  seconds  2.421355054487129 1.409821816601478 13.4
81.8213267326355  seconds  2.421355054487129 1.409821816601478 10.4
80.99936509132385  seconds  2.421355054487129 1.409821816601478 0.5
78.73017001152039  seconds  2.421355054487129 1.409821816601478 16.400000000000002
81.9655921459198  seconds  2.421355054487129 1.409821816601478 1.5
77.89879488945007  seconds  2.421355054487129 1.409821816601478 5.5
81.57849073410034  seconds  2.421355054487129 1.409821816601478 14.4
77.71803998947144  seconds  2.421355054487129 1.409821816601478 6.5
82.68187379837036  seconds  2.421355054487129 1.409821816601478 2.5
82.56630277633667  seconds  2.421355054487129 1.409821816601478 15.4
81.7271089553833  seconds  2.421355054487129 1.409821816601478 3.5
77.38528728485107  seconds  2.421355054487129 1.409821816601478 19.400000000000002
77.40116500854492  seconds  2.421355054487129 1.409821816601478 7.5
82.05759119987488  seconds  2.421355054487129 1.409821816601478 17.400000000000002
81.54452919960022  seconds  2.421355054487129 1.409821816601478 4.5
81.63980340957642  seconds  2.421355054487129 1.409821816601478 18.400000000000002
77.78926992416382  seconds  2.421355054487129 1.409821816601478 9.5
77.0360038280487  seconds  2.421355054487129 1.409821816601478 11.5
82.28333139419556  seconds  2.421355054487129 1.409821816601478 8.5
77.47172832489014  seconds  2.421355054487129 1.409821816601478 12.5
77.76164889335632  seconds  2.421355054487129 1.409821816601478 13.5
81.61815023422241  seconds  2.421355054487129 1.409821816601478 10.5
81.46259593963623  seconds  2.421355054487129 1.409821816601478 0.6000000000000001
77.77664732933044  seconds  2.421355054487129 1.409821816601478 16.5
78.03439378738403  seconds  2.421355054487129 1.409821816601478 5.6000000000000005
81.0667610168457  seconds  2.421355054487129 1.409821816601478 1.6
78.49686098098755  seconds  2.421355054487129 1.409821816601478 6.6000000000000005
81.73274874687195  seconds  2.421355054487129 1.409821816601478 14.5
82.28405523300171  seconds  2.421355054487129 1.409821816601478 2.6
82.24439883232117  seconds  2.421355054487129 1.409821816601478 15.5
81.70557761192322  seconds  2.421355054487129 1.409821816601478 3.6
77.19104933738708  seconds  2.421355054487129 1.409821816601478 19.5
77.55541515350342  seconds  2.421355054487129 1.409821816601478 7.6000000000000005
81.39158201217651  seconds  2.421355054487129 1.409821816601478 17.5
81.74220991134644  seconds  2.421355054487129 1.409821816601478 4.6000000000000005
78.20657777786255  seconds  2.421355054487129 1.409821816601478 9.600000000000001
81.95876955986023  seconds  2.421355054487129 1.409821816601478 18.5
76.94893455505371  seconds  2.421355054487129 1.409821816601478 11.600000000000001
77.89725875854492  seconds  2.421355054487129 1.409821816601478 12.600000000000001
81.81879830360413  seconds  2.421355054487129 1.409821816601478 8.6
78.08603692054749  seconds  2.421355054487129 1.409821816601478 13.600000000000001
81.11613321304321  seconds  2.421355054487129 1.409821816601478 10.600000000000001
78.31080055236816  seconds  2.421355054487129 1.409821816601478 16.6
82.03708672523499  seconds  2.421355054487129 1.409821816601478 0.7000000000000001
78.28027272224426  seconds  2.421355054487129 1.409821816601478 5.7
77.80707716941833  seconds  2.421355054487129 1.409821816601478 6.7
81.98726272583008  seconds  2.421355054487129 1.409821816601478 1.7000000000000002
82.31189250946045  seconds  2.421355054487129 1.409821816601478 14.600000000000001
76.90849804878235  seconds  2.421355054487129 1.409821816601478 19.6
77.39289259910583  seconds  2.421355054487129 1.409821816601478 7.7
83.0243110656738383.07221937179565   seconds  seconds   2.4213550544871292.421355054487129  1.4098218166014781.409821816601478  15.6000000000000012.7

82.78169989585876  seconds  2.421355054487129 1.409821816601478 3.7
82.09654092788696  seconds  2.421355054487129 1.409821816601478 17.6
78.21452522277832  seconds  2.421355054487129 1.409821816601478 9.700000000000001
81.86168789863586  seconds  2.421355054487129 1.409821816601478 4.7
81.53113508224487  seconds  2.421355054487129 1.409821816601478 18.6
76.74568939208984  seconds  2.421355054487129 1.409821816601478 11.700000000000001
77.64607310295105  seconds  2.421355054487129 1.409821816601478 12.700000000000001
77.42185759544373  seconds  2.421355054487129 1.409821816601478 13.700000000000001
81.67417073249817  seconds  2.421355054487129 1.409821816601478 8.700000000000001
81.47463464736938  seconds  2.421355054487129 1.409821816601478 10.700000000000001
79.93390107154846  seconds  2.421355054487129 1.409821816601478 16.7
78.08717942237854  seconds  2.421355054487129 1.409821816601478 5.800000000000001
81.66714525222778  seconds  2.421355054487129 1.409821816601478 0.8
77.19535779953003  seconds  2.421355054487129 1.409821816601478 6.800000000000001
81.32222056388855  seconds  2.421355054487129 1.409821816601478 1.8
77.50850629806519  seconds  2.421355054487129 1.409821816601478 19.700000000000003
81.23486495018005  seconds  2.421355054487129 1.409821816601478 14.700000000000001
77.20333743095398  seconds  2.421355054487129 1.409821816601478 7.800000000000001
82.50570583343506  seconds  2.421355054487129 1.409821816601478 15.700000000000001
82.52147364616394  seconds  2.421355054487129 1.409821816601478 2.8000000000000003
81.99637746810913  seconds  2.421355054487129 1.409821816601478 3.8000000000000003
78.05065441131592  seconds  2.421355054487129 1.409821816601478 9.8
81.30278515815735  seconds  2.421355054487129 1.409821816601478 17.7
81.57777237892151  seconds  2.421355054487129 1.409821816601478 4.800000000000001
77.57655048370361  seconds  2.421355054487129 1.409821816601478 11.8
81.91774392127991  seconds  2.421355054487129 1.409821816601478 18.7
78.04765892028809  seconds  2.421355054487129 1.409821816601478 12.8
77.76823782920837  seconds  2.421355054487129 1.409821816601478 13.8
82.19423198699951  seconds  2.421355054487129 1.409821816601478 8.8
82.17426180839539  seconds  2.421355054487129 1.409821816601478 10.8
78.11164665222168  seconds  2.421355054487129 1.409821816601478 16.8
77.46358919143677  seconds  2.421355054487129 1.409821816601478 5.9
78.29540848731995  seconds  2.421355054487129 1.409821816601478 6.9
81.9593620300293  seconds  2.421355054487129 1.409821816601478 0.9
77.30654048919678  seconds  2.421355054487129 1.409821816601478 19.8
80.51702761650085  seconds  2.421355054487129 1.409821816601478 1.9000000000000001
76.7127537727356  seconds  2.421355054487129 1.409821816601478 7.9
81.06669545173645  seconds  2.421355054487129 1.409821816601478 14.8
75.3458309173584  seconds  2.421355054487129 1.409821816601478 9.9
81.42073774337769  seconds  2.421355054487129 1.409821816601478 15.8
81.69529151916504  seconds  2.421355054487129 1.409821816601478 2.9000000000000004
80.60994553565979  seconds  2.421355054487129 1.409821816601478 3.9000000000000004
73.5379376411438  seconds  2.421355054487129 1.409821816601478 11.9
79.88529586791992  seconds  2.421355054487129 1.409821816601478 17.8
79.87035179138184  seconds  2.421355054487129 1.409821816601478 4.9
78.55840158462524  seconds  2.421355054487129 1.409821816601478 18.8
73.59110307693481  seconds  2.421355054487129 1.409821816601478 12.9
72.11619091033936  seconds  2.421355054487129 1.409821816601478 13.9
75.60437154769897  seconds  2.421355054487129 1.409821816601478 8.9
74.09997916221619  seconds  2.421355054487129 1.409821816601478 10.9
66.8286235332489  seconds  2.421355054487129 1.409821816601478 16.900000000000002
63.392027854919434  seconds  2.421355054487129 1.409821816601478 19.900000000000002
68.53036761283875  seconds  2.421355054487129 1.409821816601478 14.9
66.82086157798767  seconds  2.421355054487129 1.409821816601478 15.9
65.39641165733337  seconds  2.421355054487129 1.409821816601478 17.900000000000002
64.43623805046082  seconds  2.421355054487129 1.409821816601478 18.900000000000002
time for calc.... 902.2573337554932
66036.16user 29407.11system 1:30:27elapsed 1758%CPU (0avgtext+0avgdata 25848120maxresident)k
16inputs+131680outputs (385major+505742108minor)pagefaults 0swaps
