Machine arg is, CH1
Machine arg is, CH1
started calculating filling for chemical potential and dispersion parameters TB_single_band..
Machine arg is, CH1
reading lattice from... ./Lattices/KgridX400.npy
reading lattice from... ./Lattices/KgridY400.npy
Machine arg is, CH1
reading lattice from... ./Lattices/KgridX400.npy
reading lattice from... ./Lattices/KgridY400.npy
norm of Dos, 42.951937478998964 45.58575006211245
sum of the hist, normed? 42.951937478998964
finished calculating filling for chemical potential
Filling: 0.11117899737529534 .... chemical potential: -202.01251028424417
Machine arg is, CH1
reading lattice from... ./Lattices/KgridX400.npy
reading lattice from... ./Lattices/KgridY400.npy
sum of the hist, normed? 1.0000000000000024
starting high res contour.....
attempting countour of size 10280
number of sheets..... 1
contour size before interpolation..... 17481
finished high res contour..... 32.191152811050415
range of angles from marching squares -3.1413632526240227 3.141363252624023
The fermi energy in mev is: 671.1906436609156, and in units of J: 64.91205451266109, the bandwidth is:494.39071566731144
starting contour.....
finished contour..... 7.35099458694458
Machine arg is, CH1
ED starting sampling in reciprocal space....
starting high res contour.....
attempting countour of size 10280
number of sheets..... 1
contour size before interpolation..... 17481
finished high res contour..... 34.78414607048035
range of angles from marching squares -3.1413632526240227 3.141363252624023
comparing volume elements 

0.024543692606170175
0.00017772317878995492 0.00017789673658170154
shapes, are they adequate? (2049, 257) 2049 257
finished sampling in reciprocal space....t= 35.06340789794922  s


differentials, dr= 0.00017789673658170154   dth= 0.024543692606170175


PLOTTING
for error, maximum difference 77.63492059292705
number of active points (2, 195959)
for error, maximum difference 77.63492059292705
number of active points (2, 360889)
300 the points 30 chunk numtheads
starting with calculation of Sigma
0.5890343189239502  seconds  -1.2722578497049464 -0.0002918571845511586 0.001 0.1296917838735398
0.5465266704559326  seconds  -1.031824872078138 -0.7532725544574449 0.001 0.12977303410886595
0.5464155673980713  seconds  -0.3885249249857683 -1.2136545887845727 0.001 0.129217189507109
0.5734739303588867  seconds  0.40147554289484993 -1.2092447198008378 0.001 0.12939910107382874
0.6105136871337891  seconds  1.039941921727511 -0.7422161629727884 0.001 0.1298213151180723
0.6261651515960693  seconds  1.2721933387720945 0.01336644973275063 0.001 0.1295494906138016
0.5899507999420166  seconds  1.0239372169655916 0.763767818434163 0.001 0.12954216506706748
0.5085501670837402  seconds  -1.0155761929221467 -0.7746379134021644 0.001 0.12969261415383576
0.5444250106811523  seconds  -1.2719940625724229 -0.02702358983045408 0.001 0.1293549074434243
0.5347497463226318  seconds  -0.3630412414418827 -1.2218935114529839 0.001 0.1289566625463595
0.7341783046722412  seconds  0.3760834114395543 1.217749363778262 0.001 0.12912003604407082
0.5293734073638916  seconds  0.4266820351494754 -1.2002267368513138 0.001 0.12942041211685332
0.7054343223571777  seconds  -0.41382730672691503 1.204897757106799 0.001 0.12942328288269142
0.6945145130157471  seconds  -1.0475931535895406 0.7315447731349323 0.001 0.12989534319514023
0.6398487091064453  seconds  1.0554603357996348 -0.7203068319467295 0.001 0.12974810274440773
0.650287389755249  seconds  1.007457944549402 0.7849527472387241 0.001 0.12996237839929084
0.5950431823730469  seconds  -0.9988591585459662 -0.7956322557913516 0.001 0.13049782196883458
0.7128069400787354  seconds  1.2716770577194787 0.040094879229963847 0.001 0.12922775761983218
0.6327624320983887  seconds  -1.2712138221528864 -0.05374627580131759 0.001 0.12922051665660492
0.5974252223968506  seconds  -0.3373851024318625 -1.2296055076067938 0.001 0.12933019253527436
0.5213413238525391  seconds  0.4516947098978375 -1.190704201329317 0.001 0.1295998217293784
0.7154695987701416  seconds  0.35051425520547247 1.2257317291990404 0.001 0.12902948987395937
0.7193853855133057  seconds  -0.4389400136826283 1.1956319498384267 0.001 0.12948719077403834
0.7160875797271729  seconds  -1.0628697425552227 0.7094641188920646 0.001 0.12951816244111988
0.5098469257354736  seconds  -0.9816861665033895 -0.8162477293665438 0.001 0.13041346181825383
0.48654842376708984  seconds  -1.2699163053730358 -0.0804508979014222 0.001 0.12932000018938614
0.5851607322692871  seconds  0.9905163373876588 0.8057627232235374 0.001 0.13041688007331098
0.47252988815307617  seconds  0.4765057165105712 -1.1806855368316256 0.001 0.12992410933644816
0.5087511539459229  seconds  -0.3115657959607335 -1.2367813394451637 0.001 0.13026825197587144
0.7014191150665283  seconds  1.07048152240698 -0.6980498022990478 0.001 0.1293066419554074
0.6286938190460205  seconds  1.2706439440111412 0.06680986367276219 0.001 0.12928368811502777
0.6130073070526123  seconds  -0.46385502377819327 1.1858657486289086 0.001 0.1299174241832655
0.6770853996276855  seconds  0.32477712001777176 1.2331826518773488 0.001 0.12986408020368911
0.6713223457336426  seconds  -1.0776439119890897 0.6870408606508289 0.001 0.12917694095077634
0.5588891506195068  seconds  -0.9640699446838514 -0.8364772760978505 0.001 0.12955649864630323
0.49414849281311035  seconds  0.5011074697289369 -1.1701787554359429 0.001 0.1291819204323872
0.5845842361450195  seconds  -1.2681001461563965 -0.10712829823808315 0.001 0.12939099541921914
0.6133790016174316  seconds  0.9731249533295647 0.8261902722514664 0.001 0.12969525173229043
0.6049087047576904  seconds  -0.28559317395032024 -1.2434119019832188 0.001 0.1294199743050091
0.6953141689300537  seconds  1.2690929168081193 0.0935023242448059 0.001 0.129281169679278
0.7904617786407471  seconds  1.084995168631007 -0.6754557601438175 0.001 0.1290654716728872
0.5212681293487549  seconds  0.29888156860882525 1.2400929466406856 0.001 0.13132142569998884
0.6929237842559814  seconds  -0.488564598344667 1.175607325008535 0.001 0.12984144623734706
0.5761709213256836  seconds  -0.9460234969010586 -0.856314652805409 0.001 0.1305116697642974
0.6113991737365723  seconds  0.5254925801840197 -1.1591914174118805 0.001 0.12901733651838754
0.6056265830993652  seconds  -1.2657634570545282 -0.1337691107265833 0.001 0.12923641808304415
0.7310066223144531  seconds  -1.0919058401485788 0.6642861252228686 0.001 0.12902148718474438
0.615534782409668  seconds  -0.2594776264763813 -1.2494881736347285 0.001 0.12991294827013802
0.6362941265106201  seconds  0.9552966951535629 0.8462287612962601 0.001 0.1296497579573127
0.6460258960723877  seconds  1.098991821894201 -0.6525361665363505 0.001 0.12900416430942388
0.6844193935394287  seconds  1.2670224464763213 0.12016301559967688 0.001 0.1293085628682402
0.6287286281585693  seconds  0.2728377082510383 1.2464535220612243 0.001 0.12965732665766508
0.5544328689575195  seconds  -0.5130613185108791 1.164864618828014 0.001 0.12894208218305064
0.5475449562072754  seconds  -0.9275599195791944 -0.8757543333128852 0.001 0.1307859068832592
0.5822160243988037  seconds  0.5496538433010087 -1.1477307184724126 0.001 0.12994405074306226
0.4697690010070801  seconds  -0.2332300890041549 -1.2550012472321614 0.001 0.12964012802306177
0.6114182472229004  seconds  -1.2629040427637723 -0.1603637157832188 0.001 0.12898762092081623
0.692903995513916  seconds  -1.1056465033141802 0.6412117152594542 0.001 0.12904826093969138
0.7043688297271729  seconds  0.9370446012951339 0.8658722830510182 0.001 0.13045440660541333
0.5889208316802979  seconds  1.112462979967521 -0.6293032037184709 0.001 0.12903790711671
0.6477041244506836  seconds  1.2644304295485929 0.14678245100661325 0.001 0.12900879015355282
0.5208759307861328  seconds  -0.908692283468179 -0.8947914345619558 0.001 0.13864765208699015
0.49347662925720215  seconds  -0.20686212726257092 -1.2599428294442292 0.001 0.12913973017194452
0.5182051658630371  seconds  0.5735840437302341 -1.135803203394613 0.001 0.13032105867893123
0.715808629989624  seconds  0.24665619857610446 1.2522554120236116 0.001 0.13051463301809038
0.6430761814117432  seconds  -0.5373378630521318 1.1536449411318557 0.001 0.12959269959903055
0.5471715927124023  seconds  -1.2595191807194366 -0.1869021613429252 0.001 0.12947914002589023
0.5860395431518555  seconds  -1.1188578535209854 0.6178301199078114 0.001 0.12905070271293378
0.4493699073791504  seconds  -0.8894335731453127 -0.9134216889671025 0.001 0.13303376406843384
0.6462304592132568  seconds  0.9183817753157367 0.8851156393853782 0.001 0.13077630161706258
0.5753281116485596  seconds  1.1254011384195723 -0.605769692826135 0.001 0.1290460706083079
0.45816540718078613  seconds  -0.1803858233548627 -1.264304844390879 0.001 0.12927362476040843
0.47101879119873047  seconds  0.597275989236444 -1.1234149858255604 0.001 0.12918893458208683
0.595067024230957  seconds  1.261314367900397 0.17335085225139182 0.001 0.129118432629544
0.4780087471008301  seconds  -1.2556059400539703 -0.21337414024217016 0.001 0.12953534630211927
0.5967707633972168  seconds  -0.561387004504273 1.1419551155475893 0.001 0.1303041099841815
0.6490848064422607  seconds  0.22034828772450415 1.2574900085511653 0.001 0.12933646115070815
0.4445066452026367  seconds  -0.8697965507210532 -0.9316413186174876 0.001 0.1314700756104363
0.6074392795562744  seconds  -1.1315329106672918 0.5941544545602558 0.001 0.12907596796120266
0.460681676864624  seconds  -0.15381386685080503 -1.2680801909882224 0.001 0.12987851310477058
0.44583582878112793  seconds  0.6207223717047665 -1.1105716082291908 0.001 0.130059067780189
0.5560288429260254  seconds  0.8993212619580322 0.9039542611997766 0.001 0.12970732241225275
0.5912086963653564  seconds  1.1377998270951046 -0.581949006424917 0.001 0.12908379645577175
0.5573403835296631  seconds  1.2576715249552057 0.19985811016826951 0.001 0.12946441181219268
0.4870171546936035  seconds  -1.2511610307460315 -0.23976892307269818 0.001 0.12999682760662679
0.49921679496765137  seconds  -0.5852015954195541 1.1298015745425913 0.001 0.12994349163858193
0.575049877166748  seconds  0.19392578691254161 1.2621490737896284 0.001 0.12913683272894494
0.5418717861175537  seconds  -0.8497937367542476 -0.9494470209618034 0.001 0.13723717464012794
0.5553374290466309  seconds  -0.12715939363223003 -1.2712620667646528 0.001 0.13023480853473873
0.5973310470581055  seconds  -1.1436657006928053 0.5701983187406269 0.001 0.12905955514662443
0.5605180263519287  seconds  0.6439156974663387 -1.097278065525296 0.001 0.12957493671743261
0.5441548824310303  seconds  1.1496536820277459 -0.5578549988084152 0.001 0.12901768363095673
0.6526491641998291  seconds  0.87987594031707 0.9223841234303047 0.001 0.1309578295340721
0.5962612628936768  seconds  -1.2461809892946611 -0.26607533046131143 0.001 0.12977310429383496
0.6454081535339355  seconds  1.2534986612000893 0.22629369931293494 0.001 0.12966204014669033
0.6276555061340332  seconds  -0.6087743297617527 1.1171900256326066 0.001 0.12941812454387502
0.5999128818511963  seconds  0.16740108732737075 1.266225025664356 0.001 0.1295243898090722
0.5603594779968262  seconds  -0.8294372260602688 -0.9668357384915658 0.001 0.13119450793275791
0.5691032409667969  seconds  -0.10043606157460438 -1.2738449428222163 0.001 0.12950120028490128
0.5392167568206787  seconds  1.160958293427246 -0.5335018323141808 0.001 0.12901907966879347
0.6101844310760498  seconds  0.666848323448355 -1.083539001293734 0.001 0.1298132731436976
0.6286590099334717  seconds  -1.1552514078354914 0.5459757692854832 0.001 0.12900686496139774
0.6278085708618164  seconds  0.8600584686999365 0.9404016952859621 0.001 0.13321972549918934
0.5661377906799316  seconds  -1.2406624458678348 -0.2922817564371114 0.001 0.13003721433243556
0.46857118606567383  seconds  -0.8087388160559874 -0.983804786219717 0.001 0.13849167492837539
0.6987662315368652  seconds  1.2487924544303033 0.25264668194363193 0.001 0.1313002126589774
0.5806734561920166  seconds  0.14078709663791186 1.2697108788746636 0.001 0.1303324211385702
0.707038164138794  seconds  -0.6320979108706323 1.1041259146999651 0.001 0.1297538909128878
0.5709567070007324  seconds  -0.07365789941876592 -1.2758239848183657 0.001 0.13028194935429646
0.5248706340789795  seconds  0.6895122029316023 -1.0693584089054116 0.001 0.13019695625642208
0.5331392288208008  seconds  1.1717105509725698 -0.5089040404691116 0.001 0.1292371422714028
0.613178014755249  seconds  -1.1662862271017016 0.5215011469176601 0.001 0.12914087123375928
0.515488862991333  seconds  -1.234601811174042 -0.3183760694838495 0.001 0.13009282946286568
0.5764350891113281  seconds  0.8398811633556423 0.9580038006734883 0.001 0.1481483114416017
0.43953752517700195  seconds  -0.7877097321022638 -1.0003514736597416 0.001 0.13234735090900843
0.4914224147796631  seconds  -0.655164721962646 1.0906139543476836 0.001 0.12958397603311045
0.5315883159637451  seconds  0.11409722140825071 1.2726004984686674 0.001 0.1298791319428757
0.6204299926757812  seconds  1.2435494791284991 0.27890567272218963 0.001 0.12933852372362278
0.5164525508880615  seconds  0.711899041090952 -1.0547400306683499 0.001 0.13152729909889943
0.534764289855957  seconds  -0.04683927636163769 -1.2771954589158856 0.001 0.13119624533987678
0.6149706840515137  seconds  1.1819081789440191 -0.4840762221219036 0.001 0.12927193383348795
0.5653610229492188  seconds  -1.1767674065077 0.49678900613770915 0.001 0.1294818009475343
0.49498701095581055  seconds  -0.7663608443818097 -1.0164733097511094 0.001 0.13831357690712742
0.5627908706665039  seconds  -1.227995823567532 -0.34434571061944985 0.001 0.12907332021983112
0.5657711029052734  seconds  0.8193559974170378 0.9751876004767834 0.001 0.14605765245968377
0.5233607292175293  seconds  0.08734529434920903 1.2748885600045754 0.001 0.12982859645581457
0.5658767223358154  seconds  -0.6779669382785989 1.0766584786541744 0.001 0.13004904356662736
0.6276326179504395  seconds  1.2377662513176857 0.30505881182978734 0.001 0.1315963524387565
0.5417075157165527  seconds  -0.019994813964600965 -1.2779567863135197 0.001 0.12990940664529577
0.5638232231140137  seconds  0.7340000867415407 -1.039687143753062 0.001 0.13121398844794321
0.560617208480835  seconds  1.1915500109636918 -0.45903308610302634 0.001 0.12908448064698225
0.5177562236785889  seconds  -0.7447024948642584 -1.0321677205611401 0.001 0.1388460129226881
0.5803356170654297  seconds  -1.2208414560398622 -0.37017766417976006 0.001 0.12928513275713566
0.6458432674407959  seconds  -1.1866933044554535 0.47185404818876114 0.001 0.1291804941074866
0.5728387832641602  seconds  0.7984944675700243 0.9919503852951043 0.001 0.13493535924510974
0.5827677249908447  seconds  0.06054553004416904 1.2765708431493794 0.001 0.13046890311742187
0.5834746360778809  seconds  -0.700496360411795 1.0622632958468283 0.001 0.13028346772857205
0.5028901100158691  seconds  0.006860706503288447 -1.2781064522805623 0.001 0.12961091400240177
0.5581216812133789  seconds  0.755806165343423 -1.0242027419771005 0.001 0.1349562346517964
0.6158506870269775  seconds  1.2314392788332806 0.331093746004688 0.001 0.12947647984017857
0.46390318870544434  seconds  -0.7227445463551162 -1.0474320244944828 0.001 0.1390666571862651
0.5697829723358154  seconds  1.2006356911945866 -0.4337892552442961 0.001 0.12951402201219234
0.5166506767272949  seconds  -1.2131358986783212 -0.3958584521023644 0.001 0.12972630104133473
0.5528233051300049  seconds  -1.1960631134574522 0.4467109318379942 0.001 0.1292946250320236
0.5642416477203369  seconds  0.7773076707695089 1.0082896285138452 0.001 0.1314946512965725
0.647172212600708  seconds  0.03371243070093678 1.2776441604557887 0.001 0.13054196029089932
0.5379960536956787  seconds  0.03371243070093791 -1.2776441604557887 0.001 0.13054196029086107
0.6667747497558594  seconds  -0.7227445463551169 1.047432024494482 0.001 0.13906665718471198
0.5685663223266602  seconds  -0.7004963604117941 -1.062263295846829 0.001 0.1302834677285782
0.6479265689849854  seconds  0.777307670769509 -1.0082896285138445 0.001 0.13149465129655727
0.5579614639282227  seconds  1.2091659128069001 -0.4083592895552191 0.001 0.12967795301110166
0.56817626953125  seconds  -1.2048769935176402 -0.4213742594383122 0.001 0.12981763297551613
0.717273473739624  seconds  1.2245654427240091 0.35699769806722675 0.001 0.12900247153301544
0.597123384475708  seconds  -1.2048769935176409 0.4213742594383112 0.001 0.12981763297549864
0.68267822265625  seconds  0.7558061653434222 1.0242027419771014 0.001 0.13495623465179732
0.5876986980438232  seconds  0.060545530044169606 -1.2765708431493792 0.001 0.13046890311741705
0.5307276248931885  seconds  -0.6779669382785983 -1.0766584786541744 0.001 0.1300490435666278
0.5748116970062256  seconds  0.7984944675700244 -0.9919503852951043 0.001 0.13493535924509453
0.5359492301940918  seconds  -1.196063113457452 -0.4467109318379946 0.001 0.12929462503203534
0.6130976676940918  seconds  1.217141794941382 -0.38275742087611864 0.001 0.129412809277466
0.8226768970489502  seconds  0.006860706503288163 1.2781064522805623 0.001 0.1296109140024037
0.7797515392303467  seconds  -0.7447024948642584 1.0321677205611395 0.001 0.13884601292207008
0.5838594436645508  seconds  -1.2131358986783214 0.395858452102364 0.001 0.12972630104134011
0.6900856494903564  seconds  1.2171417949413819 0.3827574208761192 0.001 0.12941280927744267
0.6299374103546143  seconds  0.7340000867415407 1.039687143753062 0.001 0.13121398844791765
0.4434361457824707  seconds  -0.6551647219626455 -1.090613954347684 0.001 0.12958397603311148
0.37113308906555176  seconds  -1.1866933044554533 -0.47185404818876103 0.001 0.1291804941074963
0.5846307277679443  seconds  0.08734529434920932 -1.2748885600045754 0.001 0.12982859645574538
0.47664308547973633  seconds  0.8193559974170384 -0.9751876004767831 0.001 0.14605765245840507
0.5722546577453613  seconds  -0.019994813964601815 1.2779567863135195 0.001 0.12990940664529674
0.5984237194061279  seconds  1.2245654427240094 -0.35699769806722625 0.001 0.12900247153302122
0.5775625705718994  seconds  -1.2208414560398622 0.3701776641797596 0.001 0.1292851327571446
0.4474637508392334  seconds  -0.6320979108706317 -1.1041259146999651 0.001 0.12975389091289127
0.6230101585388184  seconds  1.2091659128069 0.4083592895552196 0.001 0.12967795301108526
0.816655158996582  seconds  -0.7663608443818098 1.0164733097511092 0.001 0.1383135769071295
0.5410223007202148  seconds  -1.1767674065076996 -0.4967890061377096 0.001 0.12948180094755402
0.5439355373382568  seconds  0.11409722140825154 -1.2726004984686667 0.001 0.12987913194287143
0.630084753036499  seconds  0.7118990410909517 1.0547400306683503 0.001 0.1315272990988974
0.5051231384277344  seconds  0.8398811633556433 -0.9580038006734877 0.001 0.14814831143671464
0.5827236175537109  seconds  -0.04683927636163769 1.2771954589158858 0.001 0.13119624533987848
0.653994083404541  seconds  1.2314392788332809 -0.33109374600468744 0.001 0.1294764798401782
0.5441970825195312  seconds  -0.6087743297617522 -1.1171900256326066 0.001 0.12941812454387808
0.6031036376953125  seconds  -1.2279958235675321 0.34434571061944885 0.001 0.1290733202198341
0.6050143241882324  seconds  1.2006356911945866 0.4337892552442967 0.001 0.12951402201217452
0.5151040554046631  seconds  0.14078709663791242 -1.2697108788746634 0.001 0.13033242113856877
0.5442943572998047  seconds  -1.1662862271017012 -0.5215011469176611 0.001 0.12914087123376064
0.6556978225708008  seconds  -0.7877097321022642 1.000351473659741 0.001 0.13234735090896063
0.6060404777526855  seconds  0.860058468699937 -0.9404016952859616 0.001 0.13321972549916541
0.636664867401123  seconds  0.6895122029316013 1.069358408905412 0.001 0.1301969562563924
0.4467306137084961  seconds  -0.5852015954195541 -1.1298015745425913 0.001 0.12994349163858204
0.6083509922027588  seconds  -0.07365789941876649 1.2758239848183661 0.001 0.13028194935430187
0.5739197731018066  seconds  -1.2346018111740424 0.31837606948384917 0.001 0.1300928294628896
0.6262071132659912  seconds  1.237766251317686 -0.3050588118297867 0.001 0.1315963524386944
0.47432899475097656  seconds  0.16740108732737188 -1.2662250256643557 0.001 0.12952438980907133
0.5885500907897949  seconds  1.1915500109636916 0.4590330861030269 0.001 0.12908448064698594
0.5374388694763184  seconds  -1.155251407835491 -0.5459757692854842 0.001 0.1290068649613987
0.4700322151184082  seconds  0.8798759403170704 -0.9223841234303044 0.001 0.1309578295340685
0.6566920280456543  seconds  -0.8087388160559879 0.9838047862197162 0.001 0.13849167492837014
0.6403188705444336  seconds  0.6668483234483545 1.0835390012937345 0.001 0.12981327314369337
0.5784077644348145  seconds  -0.5613870045042725 -1.1419551155475895 0.001 0.1303041099841811
0.6273903846740723  seconds  -0.10043606157460536 1.2738449428222165 0.001 0.1295012002849056
0.5428662300109863  seconds  0.19392578691254195 -1.262149073789628 0.001 0.1291368327289448
0.5649902820587158  seconds  -1.2406624458678348 0.2922817564371104 0.001 0.13003721433248072
0.6393768787384033  seconds  1.2435494791284993 -0.2789056727221885 0.001 0.12933852372363855
0.5788662433624268  seconds  -1.1436657006928048 -0.5701983187406273 0.001 0.12905955514662668
0.6110296249389648  seconds  1.181908178944019 0.4840762221219041 0.001 0.12927193383347277
0.5942370891571045  seconds  0.8993212619580329 -0.9039542611997764 0.001 0.12970732241225016
0.5594742298126221  seconds  0.643915697466338 1.0972780655252963 0.001 0.12957493671743325
0.6155569553375244  seconds  -0.8294372260602695 0.9668357384915655 0.001 0.13119450793276385
0.5113916397094727  seconds  -0.5373378630521313 -1.1536449411318557 0.001 0.12959269959903028
0.46186113357543945  seconds  0.22034828772450443 -1.257490008551165 0.001 0.12933646115070827
0.5024404525756836  seconds  -0.1271593936322303 1.271262066764653 0.001 0.13023480853473812
0.4676704406738281  seconds  -1.246180989294661 0.2660753304613112 0.001 0.1297731042938749
0.4938492774963379  seconds  1.2487924544303035 -0.2526466819436313 0.001 0.13130021265890604
0.4968423843383789  seconds  -1.1315329106672918 -0.5941544545602556 0.001 0.12907596796120344
0.5086278915405273  seconds  0.9183817753157374 -0.8851156393853781 0.001 0.13077630161706003
0.5831139087677002  seconds  1.1717105509725696 0.5089040404691122 0.001 0.12923714227139732
0.47510266304016113  seconds  0.6207223717047665 1.110571608229191 0.001 0.13005906778014406
0.5449159145355225  seconds  -0.8497937367542477 0.949447020961803 0.001 0.13723717464013238
0.5352864265441895  seconds  -0.513061318510878 -1.1648646188280145 0.001 0.1289420821830503
0.46785497665405273  seconds  -1.2511610307460317 0.2397689230726977 0.001 0.12999682760664236
0.5238678455352783  seconds  0.24665619857610532 -1.2522554120236116 0.001 0.13051463301809071
0.531317949295044  seconds  -0.15381386685080564 1.2680801909882224 0.001 0.12987851310477525
0.5221047401428223  seconds  1.2534986612000893 -0.2262936993129344 0.001 0.12966204014669025
0.5123929977416992  seconds  -1.1188578535209854 -0.6178301199078118 0.001 0.12905070271293315
0.5547053813934326  seconds  0.9370446012951341 -0.8658722830510175 0.001 0.1304544066054136
0.46054911613464355  seconds  0.5972759892364431 1.1234149858255607 0.001 0.1291889345820856
0.528674840927124  seconds  1.1609582934272458 0.5335018323141811 0.001 0.12901907966879586
0.534010648727417  seconds  -0.869796550721053 0.9316413186174878 0.001 0.13147007561043852
0.5021412372589111  seconds  -1.2556059400539703 0.21337414024216916 0.001 0.12953534630211785
0.5767474174499512  seconds  -0.4885645983446666 -1.1756073250085355 0.001 0.12984144623734784
0.5420668125152588  seconds  0.27283770825103865 -1.2464535220612238 0.001 0.1296573266576678
0.5840015411376953  seconds  -0.1803858233548638 1.2643048443908786 0.001 0.1292736247604119
0.4744377136230469  seconds  -1.10564650331418 -0.6412117152594551 0.001 0.12904826093969163
0.5564703941345215  seconds  1.2576715249552062 -0.19985811016826902 0.001 0.12946441181219967
0.4931519031524658  seconds  0.5735840437302331 1.135803203394614 0.001 0.13032105867891322
0.5602426528930664  seconds  0.9552966951535633 -0.8462287612962597 0.001 0.12964975795731443
0.5476341247558594  seconds  1.1496536820277454 0.5578549988084157 0.001 0.12901768363095878
0.4902169704437256  seconds  -0.8894335731453135 0.9134216889671021 0.001 0.1330337640684323
0.5419924259185791  seconds  -1.2595191807194366 0.18690216134292428 0.001 0.12947914002587663
0.5135297775268555  seconds  0.2988815686088252 -1.2400929466406856 0.001 0.13132142569999422
0.5278582572937012  seconds  -0.46385502377819304 -1.1858657486289084 0.001 0.12991742418326643
0.5009801387786865  seconds  -1.0919058401485788 -0.6642861252228686 0.001 0.12902148718474682
0.5660691261291504  seconds  -0.2068621272625711 1.2599428294442294 0.001 0.1291397301719455
0.5858278274536133  seconds  1.2613143679003973 -0.17335085225139074 0.001 0.12911843262954653
0.5098965167999268  seconds  0.5496538433010086 1.1477307184724126 0.001 0.1299440507430651
0.4953789710998535  seconds  0.9731249533295651 -0.8261902722514659 0.001 0.12969525173229465
0.5405192375183105  seconds  1.1377998270951044 0.5819490064249175 0.001 0.1290837964557732
0.4923405647277832  seconds  -0.9086922834681798 0.8947914345619551 0.001 0.13864765208699045
0.4877927303314209  seconds  0.3247771200177728 -1.2331826518773485 0.001 0.12986408020368972
0.43535518646240234  seconds  -1.0776439119890895 -0.6870408606508294 0.001 0.129176940950779
0.5246257781982422  seconds  -0.4389400136826275 -1.195631949838427 0.001 0.1294871907740369
0.5974247455596924  seconds  -1.262904042763772 0.16036371578321842 0.001 0.1289876209208161
0.5528314113616943  seconds  -0.23323008900415573 1.2550012472321612 0.001 0.12964012802306255
0.5478930473327637  seconds  0.5254925801840189 1.159191417411881 0.001 0.1290173365183912
0.5616881847381592  seconds  0.9905163373876593 -0.8057627232235371 0.001 0.1304168800733161
0.62963509559631350.4779226779937744   seconds  seconds   1.264430429548593-0.9275599195791946  -0.1467824510066127 0.8757543333128848 0.001 0.12900879015355063
0.001 0.13078590688327565
0.5473318099975586  seconds  1.1254011384195721 0.6057696928261362 0.001 0.12904607060831
0.5391597747802734  seconds  0.35051425520547275 -1.22573172919904 0.001 0.1290294898739588
0.5085935592651367  seconds  -0.41382730672691453 -1.2048977571067991 0.001 0.1294232828826854
0.5559060573577881  seconds  -1.0628697425552225 -0.7094641188920651 0.001 0.1295181624411208
0.6025538444519043  seconds  -1.2657634570545282 0.13376911072658315 0.001 0.1292364180830319
0.547471284866333  seconds  -0.2594776264763813 1.2494881736347285 0.001 0.12991294827014
0.437946081161499  seconds  -0.9460234969010589 0.856314652805409 0.001 0.13051166976436043
0.4817543029785156  seconds  1.0074579445494023 -0.7849527472387235 0.001 0.12996237839929653
0.5555398464202881  seconds  0.5011074697289359 1.1701787554359433 0.001 0.12918192043239
0.5443871021270752  seconds  1.112462979967521 0.6293032037184714 0.001 0.12903790711671306
0.5949118137359619  seconds  1.2670224464763211 -0.1201630155996763 0.001 0.12930856286824816
0.39832377433776855  seconds  -1.0475931535895402 -0.7315447731349332 0.001 0.1298953431951399
0.5167162418365479  seconds  0.37608341143955515 -1.2177493637782613 0.001 0.12912003604407465
0.5190730094909668  seconds  -1.2681001461563968 0.10712829823808216 0.001 0.12939099541921192
0.46747803688049316  seconds  -0.2855931739503208 1.2434119019832186 0.001 0.1294199743050142
0.4159071445465088  seconds  1.0239372169655918 -0.7637678184341624 0.001 0.1295421650670719
0.5418035984039307  seconds  -0.9640699446838521 0.8364772760978497 0.001 0.12955649864630484
0.5636551380157471  seconds  0.4765057165105707 1.1806855368316258 0.001 0.12992410933644954
0.5120201110839844  seconds  1.2690929168081193 -0.09350232424480533 0.001 0.12928116967927075
0.5616176128387451  seconds  1.0989918218942007 0.652536166536351 0.001 0.1290041643094254
0.5120911598205566  seconds  -0.3115657959607346 1.2367813394451632 0.001 0.13026825197587585
0.5442004203796387  seconds  -1.269916305373036 0.08045089790142108 0.001 0.12932000018938486
0.459134578704834  seconds  -0.9816861665033897 0.8162477293665433 0.001 0.1304134618183058
0.4140326976776123  seconds  1.2706439440111414 -0.06680986367276164 0.001 0.129283688114995
0.48939061164855957  seconds  0.45169470989783644 1.1907042013293172 0.001 0.12959982172937903
0.4942450523376465  seconds  1.0849951686310066 0.6754557601438178 0.001 0.12906547167288687
0.4246983528137207  seconds  -0.33738510243186287 1.2296055076067933 0.001 0.129330192535276
0.5632634162902832  seconds  -1.2712138221528864 0.05374627580131722 0.001 0.12922051665660453
0.5118322372436523  seconds  -0.9988591585459666 0.7956322557913513 0.001 0.13049782196886517
0.44532060623168945  seconds  0.4266820351494751 1.2002267368513138 0.001 0.12942041211685312
0.46729040145874023  seconds  1.2716770577194787 -0.040094879229963284 0.001 0.12922775761983157
0.5652182102203369  seconds  1.0704815224069797 0.6980498022990483 0.001 0.12930664195540545
0.5996749401092529  seconds  -0.36304124144188354 1.2218935114529836 0.001 0.1289566625463607
0.5139687061309814  seconds  -1.0155761929221467 0.7746379134021645 0.001 0.1296926141538404
0.4866201877593994  seconds  0.4014755428948495 1.209244719800838 0.001 0.12939910107382557
0.5473246574401855  seconds  1.2721933387720945 -0.013366449732750064 0.001 0.1295494906138143
0.6067180633544922  seconds  -1.2719940625724229 0.02702358983045366 0.001 0.12935490744342415
0.5487439632415771  seconds  1.0554603357996346 0.72030683194673 0.001 0.12974810274440116
0.5339744091033936  seconds  -0.38852492498576935 1.2136545887845724 0.001 0.12921718950711486
0.4572410583496094  seconds  -1.0318248720781384 0.753272554457444 0.001 0.1297730341088671
0.5883369445800781  seconds  -1.2722578497049464 0.0002918571845507145 0.001 0.1296917838735398
0.5238842964172363  seconds  1.0399419217275105 0.7422161629727886 0.001 0.12982131511806172
time for calc.... 20.6672945022583
209.81user 63.92system 2:06.33elapsed 216%CPU (0avgtext+0avgdata 9608448maxresident)k
32inputs+2784outputs (70major+5503346minor)pagefaults 0swaps
