reading lattice from... ./Lattices/sqKgridX8000.npy
reading lattice from... ./Lattices/sqKgridY8000.npy
starting sampling in reciprocal space....
 finished sampling in reciprocal space.... 0.0768580436706543
started calculating filling for chemical potential and dispersion parameters TB_single_band..
reading lattice from... ./Lattices/KgridX400.npy
reading lattice from... ./Lattices/KgridY400.npy
reading lattice from... ./Lattices/KgridX400.npy
reading lattice from... ./Lattices/KgridY400.npy
finished calculating filling for chemical potential
Filling: 0.5021914101708863 .... chemical potential: 29.41164495334965
The fermi energy in mev is: 3064.1164088176356, and in units of J: 296.3362097502549, the bandwidth is:494.39071566731144
reading lattice from... ./Lattices/KgridX8000.npy
reading lattice from... ./Lattices/KgridY8000.npy
reading lattice from... ./Lattices/sqKgridX8000.npy
reading lattice from... ./Lattices/sqKgridY8000.npy
energy at the point.. 2.612699153466239 0.5406345067362022  is  7.400112771449585e-06
the angle is  0.20404589651971108
20 the fermi surface points 4 chunk numtheads
starting with calculation of Sigma
169.981858253479  seconds  2.612699153466239 0.5406345067362022 0
166.33086013793945  seconds  2.724999792452247 0.543565534643328 0
172.9872646331787  seconds  2.8373004314382544 0.546496562550454 0
171.03098154067993  seconds  2.9496010704242623 0.5494275904575798 0
168.56060361862183  seconds  3.0619017094102703 0.5523586183647058 0
160.44089794158936  seconds  2.7530749521987485 0.5442982916201096 0
169.50843977928162  seconds  2.640774313212741 0.5413672637129836 0
171.06723999977112  seconds  2.8653755911847565 0.5472293195272354 0
171.96149134635925  seconds  2.9776762301707644 0.5501603474343614 0
173.67312335968018  seconds  3.0899768691567724 0.5530913753414872 0
171.44896697998047  seconds  2.7811501119452506 0.545031048596891 0
173.94116020202637  seconds  2.6688494729592427 0.5421000206897651 0
171.3810977935791  seconds  2.8934507509312586 0.5479620765040168 0
175.1390242576599  seconds  3.0057513899172665 0.5508931044111428 0
173.85965371131897  seconds  3.118052028903274 0.5538241323182687 0
164.5375030040741  seconds  2.8092252716917527 0.5457638055736724 0
173.269296169281  seconds  2.696924632705745 0.5428327776665466 0
171.78621530532837  seconds  2.9215259106777607 0.5486948334807984 0
168.56406450271606  seconds  3.033826549663768 0.5516258613879242 0
171.94487166404724  seconds  3.146127188649776 0.5545568892950502 0
time for calc.... 751.8274595737457
 plotting data from the run ...
saving data from the run ...
energy at the point.. 2.5966539165555025 0.8378965667101266  is  1.0400959698841916e-05
the angle is  0.3121349978541341
20 the fermi surface points 4 chunk numtheads
starting with calculation of Sigma
171.85487842559814  seconds  2.5966539165555025 0.8378965667101266 0
172.63537216186523  seconds  2.711048550214725 0.8484888458529057 0
173.3930823802948  seconds  2.8254431838739467 0.8590811249956848 0
172.87611722946167  seconds  2.939837817533169 0.869673404138464 0
164.2627730369568  seconds  3.054232451192391 0.8802656832812431 0
171.67197036743164  seconds  2.625252574970308 0.8405446364958213 0
175.13665080070496  seconds  2.7396472086295303 0.8511369156386005 0
173.0414776802063  seconds  2.854041842288752 0.8617291947813797 0
160.61503791809082  seconds  3.0828311096071968 0.8829137530669379 0
172.89434385299683  seconds  2.9684364759479744 0.8723214739241587 0
171.4966962337494  seconds  2.6538512333851134 0.8431927062815161 0
172.12644243240356  seconds  2.7682458670443357 0.8537849854242953 0
161.74660897254944  seconds  3.111429768022002 0.8855618228526326 0
170.88649487495422  seconds  2.882640500703558 0.8643772645670744 0
170.5918264389038  seconds  2.99703513436278 0.8749695437098536 0
170.51498794555664  seconds  2.682449891799919 0.845840776067211 0
161.6348569393158  seconds  3.1400284264368077 0.8882098926383275 0
170.95785856246948  seconds  2.796844525459141 0.85643305520999 0
172.0055079460144  seconds  2.9112391591183635 0.8670253343527692 0
170.72031927108765  seconds  3.0256337927775854 0.8776176134955483 0
time for calc.... 737.8560729026794
 plotting data from the run ...
saving data from the run ...
energy at the point.. 2.5477213028327195 1.1368970013037814  is  9.295332997538708e-06
the angle is  0.4197233160056505
20 the fermi surface points 4 chunk numtheads
starting with calculation of Sigma
169.76768040657043  seconds  2.5477213028327195 1.1368970013037814 0
167.01571011543274  seconds  2.661467173670395 1.166235293307673 0
170.75512290000916  seconds  2.7752130445080705 1.1955735853115645 0
163.26509475708008  seconds  2.8889589153457456 1.2249118773154561 0
168.62771821022034  seconds  3.002704786183421 1.2542501693193477 0
169.62511134147644  seconds  2.5761577705421383 1.1442315743047542 0
176.6855447292328  seconds  2.689903641379814 1.1735698663086458 0
162.28252959251404  seconds  2.9173953830551644 1.232246450316429 0
170.48781895637512  seconds  2.803649512217489 1.2029081583125374 0
170.0763304233551  seconds  3.03114125389284 1.2615847423203206 0
169.5075442790985  seconds  2.6045942382515572 1.151566147305727 0
161.5740261077881  seconds  2.9458318507645833 1.2395810233174018 0
174.71005058288574  seconds  2.7183401090892327 1.1809044393096186 0
169.08074021339417  seconds  2.832085979926908 1.2102427313135102 0
172.46266341209412  seconds  3.059577721602259 1.2689193153212934 0
172.29569959640503  seconds  2.633030705960976 1.1589007203067 0
171.22637176513672  seconds  2.974268318474002 1.2469155963183747 0
170.9003345966339  seconds  2.7467765767986516 1.1882390123105917 0
171.75699663162231  seconds  2.8605224476363267 1.2175773043144833 0
168.49067330360413  seconds  3.0880141893116777 1.2762538883222663 0
time for calc.... 745.7224364280701
 plotting data from the run ...
saving data from the run ...
energy at the point.. 2.4372546507317705 1.4115601912212083  is  1.07841213363713e-05
the angle is  0.5249549448529208
20 the fermi surface points 4 chunk numtheads
starting with calculation of Sigma
174.8997929096222  seconds  2.4372546507317705 1.4115601912212083 0
173.11837148666382  seconds  2.539721696474669 1.4712597640507685 0
170.36263012886047  seconds  2.6421887422175674 1.5309593368803287 0
177.42167735099792  seconds  2.744655787960466 1.5906589097098889 0
176.91103887557983  seconds  2.8471228337033647 1.6503584825394488 0
175.40916204452515  seconds  2.462871412167495 1.4264850844285983 0
174.52922916412354  seconds  2.5653384579103937 1.4861846572581585 0
168.73233771324158  seconds  2.667805503653292 1.5458842300877187 0
175.8505415916443  seconds  2.7702725493961906 1.6055838029172789 0
175.09373211860657  seconds  2.8727395951390893 1.665283375746839 0
177.421719789505  seconds  2.4884881736032196 1.4414099776359883 0
172.5102162361145  seconds  2.693422265089017 1.5608091232951087 0
177.87058472633362  seconds  2.5909552193461183 1.5011095504655485 0
177.72741556167603  seconds  2.795889310831915 1.6205086961246689 0
176.30505871772766  seconds  2.898356356574814 1.680208268954229 0
178.31190752983093  seconds  2.514104935038944 1.4563348708433785 0
171.25823259353638  seconds  2.7190390265247415 1.5757340165024987 0
177.51042318344116  seconds  2.616571980781843 1.5160344436729387 0
173.12847137451172  seconds  2.8215060722676397 1.6354335893320588 0
171.58481788635254  seconds  2.9239731180105384 1.695133162161619 0
time for calc.... 763.8353130817413
 plotting data from the run ...
saving data from the run ...
11183.30user 2803.81system 50:19.52elapsed 463%CPU (0avgtext+0avgdata 38259012maxresident)k
0inputs+127112outputs (257major+130598602minor)pagefaults 0swaps
