reading lattice from... ./Lattices/sqKgridX8000.npy
reading lattice from... ./Lattices/sqKgridY8000.npy
starting sampling in reciprocal space....
 finished sampling in reciprocal space.... 0.07480978965759277
started calculating filling for chemical potential and dispersion parameters TB_single_band..
reading lattice from... ./Lattices/KgridX400.npy
reading lattice from... ./Lattices/KgridY400.npy
reading lattice from... ./Lattices/KgridX400.npy
reading lattice from... ./Lattices/KgridY400.npy
finished calculating filling for chemical potential
Filling: 0.5021914101708863 .... chemical potential: 29.41164495334965
the fermi velocity is rough 141.4672589743371
The fermi energy in mev is: 3064.1164088176356, and in units of J: 296.3362097502549, the bandwidth is:494.39071566731144
reading lattice from... ./Lattices/KgridX8000.npy
reading lattice from... ./Lattices/KgridY8000.npy
reading lattice from... ./Lattices/sqKgridX8000.npy
reading lattice from... ./Lattices/sqKgridY8000.npy
energy at the point.. 2.612699153466239 0.5406345067362022  is  7.400112771449585e-06
the angle is  0.20404589651971108
20 the fermi surface points 4 chunk numtheads
starting with calculation of Sigma
170.22100830078125  seconds  2.612699153466239 0.5406345067362022 0.5
173.9702923297882  seconds  2.724999792452247 0.543565534643328 0.5
169.62285041809082  seconds  2.8373004314382544 0.546496562550454 0.5
151.42203426361084  seconds  3.0619017094102703 0.5523586183647058 0.5
173.53831458091736  seconds  2.9496010704242623 0.5494275904575798 0.5
168.8783175945282  seconds  2.640774313212741 0.5413672637129836 0.5
159.335928440094  seconds  3.0899768691567724 0.5530913753414872 0.5
177.2980740070343  seconds  2.7530749521987485 0.5442982916201096 0.5
172.83914256095886  seconds  2.8653755911847565 0.5472293195272354 0.5
175.01447319984436  seconds  2.9776762301707644 0.5501603474343614 0.5
164.8416862487793  seconds  2.6688494729592427 0.5421000206897651 0.5
147.76778888702393  seconds  3.118052028903274 0.5538241323182687 0.5
174.77039766311646  seconds  2.7811501119452506 0.545031048596891 0.5
175.58262085914612  seconds  2.8934507509312586 0.5479620765040168 0.5
167.9221589565277  seconds  3.0057513899172665 0.5508931044111428 0.5
153.55486869812012  seconds  3.146127188649776 0.5545568892950502 0.5
177.9117829799652  seconds  2.696924632705745 0.5428327776665466 0.5
165.94927215576172  seconds  2.9215259106777607 0.5486948334807984 0.5
173.26707911491394  seconds  2.8092252716917527 0.5457638055736724 0.5
166.10418820381165  seconds  3.033826549663768 0.5516258613879242 0.5
time for calc.... 735.4520528316498
 plotting data from the run ...
saving data from the run ...
energy at the point.. 2.5966539165555025 0.8378965667101266  is  1.0400959698841916e-05
the angle is  0.3121349978541341
20 the fermi surface points 4 chunk numtheads
starting with calculation of Sigma
161.32614398002625  seconds  2.5966539165555025 0.8378965667101266 0.5
176.34427857398987  seconds  2.711048550214725 0.8484888458529057 0.5
167.12036991119385  seconds  2.8254431838739467 0.8590811249956848 0.5
174.4790050983429  seconds  2.939837817533169 0.869673404138464 0.5
173.072829246521  seconds  3.054232451192391 0.8802656832812431 0.5
172.69636964797974  seconds  2.625252574970308 0.8405446364958213 0.5
158.65751600265503  seconds  2.854041842288752 0.8617291947813797 0.5
174.23389101028442  seconds  2.7396472086295303 0.8511369156386005 0.5
180.9389989376068  seconds  2.9684364759479744 0.8723214739241587 0.5
171.70687222480774  seconds  3.0828311096071968 0.8829137530669379 0.5
174.63400077819824  seconds  2.6538512333851134 0.8431927062815161 0.5
156.91825532913208  seconds  2.882640500703558 0.8643772645670744 0.5
168.42735743522644  seconds  2.7682458670443357 0.8537849854242953 0.5
172.95433926582336  seconds  2.99703513436278 0.8749695437098536 0.5
171.5158176422119  seconds  3.111429768022002 0.8855618228526326 0.5
150.57419323921204  seconds  2.9112391591183635 0.8670253343527692 0.5
178.5002281665802  seconds  2.682449891799919 0.845840776067211 0.5
178.0983567237854  seconds  2.796844525459141 0.85643305520999 0.5
175.33276200294495  seconds  3.1400284264368077 0.8882098926383275 0.5
179.4305284023285  seconds  3.0256337927775854 0.8776176134955483 0.5
time for calc.... 762.5168068408966
 plotting data from the run ...
saving data from the run ...
energy at the point.. 2.5477213028327195 1.1368970013037814  is  9.295332997538708e-06
the angle is  0.4197233160056505
20 the fermi surface points 4 chunk numtheads
starting with calculation of Sigma
175.23704528808594  seconds  2.5477213028327195 1.1368970013037814 0.5
170.8421130180359  seconds  2.661467173670395 1.166235293307673 0.5
162.01315259933472  seconds  2.7752130445080705 1.1955735853115645 0.5
154.33868718147278  seconds  3.002704786183421 1.2542501693193477 0.5
170.11207151412964  seconds  2.8889589153457456 1.2249118773154561 0.5
158.98262906074524  seconds  2.803649512217489 1.2029081583125374 0.5
174.29324507713318  seconds  2.5761577705421383 1.1442315743047542 0.5
165.9431858062744  seconds  2.689903641379814 1.1735698663086458 0.5
161.37640261650085  seconds  3.03114125389284 1.2615847423203206 0.5
168.41576027870178  seconds  2.9173953830551644 1.232246450316429 0.5
154.785977602005  seconds  2.832085979926908 1.2102427313135102 0.5
170.50325202941895  seconds  2.6045942382515572 1.151566147305727 0.5
154.1241376399994  seconds  3.059577721602259 1.2689193153212934 0.5
175.66063904762268  seconds  2.7183401090892327 1.1809044393096186 0.5
173.66795897483826  seconds  2.9458318507645833 1.2395810233174018 0.5
154.041757106781  seconds  2.8605224476363267 1.2175773043144833 0.5
157.0236575603485  seconds  3.0880141893116777 1.2762538883222663 0.5
174.97944164276123  seconds  2.633030705960976 1.1589007203067 0.5
170.4061267375946  seconds  2.7467765767986516 1.1882390123105917 0.5
166.92600274085999  seconds  2.974268318474002 1.2469155963183747 0.5
time for calc.... 733.7472424507141
 plotting data from the run ...
saving data from the run ...
energy at the point.. 2.4372546507317705 1.4115601912212083  is  1.07841213363713e-05
the angle is  0.5249549448529208
20 the fermi surface points 4 chunk numtheads
starting with calculation of Sigma
176.85109543800354  seconds  2.4372546507317705 1.4115601912212083 0.5
178.80925178527832  seconds  2.539721696474669 1.4712597640507685 0.5
179.11566853523254  seconds  2.6421887422175674 1.5309593368803287 0.5
179.10441827774048  seconds  2.744655787960466 1.5906589097098889 0.5
180.57120490074158  seconds  2.8471228337033647 1.6503584825394488 0.5
178.55742502212524  seconds  2.462871412167495 1.4264850844285983 0.5
176.43304300308228  seconds  2.5653384579103937 1.4861846572581585 0.5
180.42162680625916  seconds  2.667805503653292 1.5458842300877187 0.5
176.3567931652069  seconds  2.7702725493961906 1.6055838029172789 0.5
184.75217986106873  seconds  2.8727395951390893 1.665283375746839 0.5
179.83619117736816  seconds  2.4884881736032196 1.4414099776359883 0.5
171.12768244743347  seconds  2.5909552193461183 1.5011095504655485 0.5
176.5614116191864  seconds  2.693422265089017 1.5608091232951087 0.5
177.80907487869263  seconds  2.795889310831915 1.6205086961246689 0.5
182.93990540504456  seconds  2.898356356574814 1.680208268954229 0.5
170.70148706436157  seconds  2.514104935038944 1.4563348708433785 0.5
180.91538786888123  seconds  2.616571980781843 1.5160344436729387 0.5
177.02698707580566  seconds  2.7190390265247415 1.5757340165024987 0.5
173.37533473968506  seconds  2.8215060722676397 1.6354335893320588 0.5
166.76634073257446  seconds  2.9239731180105384 1.695133162161619 0.5
time for calc.... 783.7642440795898
 plotting data from the run ...
saving data from the run ...
11143.65user 2821.78system 50:35.98elapsed 459%CPU (0avgtext+0avgdata 38275296maxresident)k
0inputs+127376outputs (257major+134694601minor)pagefaults 0swaps
