reading lattice from... ./Lattices/sqKgridX8000.npy
reading lattice from... ./Lattices/sqKgridY8000.npy
starting sampling in reciprocal space....
 finished sampling in reciprocal space.... 0.07457566261291504
started calculating filling for chemical potential and dispersion parameters TB_single_band..
reading lattice from... ./Lattices/KgridX400.npy
reading lattice from... ./Lattices/KgridY400.npy
reading lattice from... ./Lattices/KgridX400.npy
reading lattice from... ./Lattices/KgridY400.npy
finished calculating filling for chemical potential
Filling: 0.5021914101708863 .... chemical potential: 29.41164495334965
the fermi velocity is rough 141.4672589743371
The fermi energy in mev is: 3064.1164088176356, and in units of J: 296.3362097502549, the bandwidth is:494.39071566731144
reading lattice from... ./Lattices/KgridX8000.npy
reading lattice from... ./Lattices/KgridY8000.npy
reading lattice from... ./Lattices/sqKgridX8000.npy
reading lattice from... ./Lattices/sqKgridY8000.npy
energy at the point.. 2.612699153466239 0.5406345067362022  is  7.400112771449585e-06
the angle is  0.20404589651971108
20 the fermi surface points 4 chunk numtheads
starting with calculation of Sigma
168.80567836761475  seconds  2.612699153466239 0.5406345067362022 0.5
167.5274305343628  seconds  2.724999792452247 0.543565534643328 0.5
166.39694690704346  seconds  2.8373004314382544 0.546496562550454 0.5
167.9333803653717  seconds  2.9496010704242623 0.5494275904575798 0.5
167.6438012123108  seconds  3.0619017094102703 0.5523586183647058 0.5
171.77347707748413  seconds  2.640774313212741 0.5413672637129836 0.5
164.63024854660034  seconds  2.7530749521987485 0.5442982916201096 0.5
164.64745783805847  seconds  2.8653755911847565 0.5472293195272354 0.5
166.986004114151  seconds  2.9776762301707644 0.5501603474343614 0.5
166.76594877243042  seconds  3.0899768691567724 0.5530913753414872 0.5
164.59272170066833  seconds  2.6688494729592427 0.5421000206897651 0.5
167.27914261817932  seconds  2.7811501119452506 0.545031048596891 0.5
164.31130623817444  seconds  2.8934507509312586 0.5479620765040168 0.5
168.67053532600403  seconds  3.0057513899172665 0.5508931044111428 0.5
168.81358790397644  seconds  3.118052028903274 0.5538241323182687 0.5
166.97765016555786  seconds  2.696924632705745 0.5428327776665466 0.5
166.1110737323761  seconds  2.8092252716917527 0.5457638055736724 0.5
164.2227475643158  seconds  2.9215259106777607 0.5486948334807984 0.5
162.43692135810852  seconds  3.033826549663768 0.5516258613879242 0.5
164.53165745735168  seconds  3.146127188649776 0.5545568892950502 0.5
time for calc.... 732.5863049030304
 plotting data from the run ...
saving data from the run ...
energy at the point.. 2.5966539165555025 0.8378965667101266  is  1.0400959698841916e-05
the angle is  0.3121349978541341
20 the fermi surface points 4 chunk numtheads
starting with calculation of Sigma
163.20079135894775  seconds  2.5966539165555025 0.8378965667101266 0.5
165.5089409351349  seconds  2.711048550214725 0.8484888458529057 0.5
162.5289180278778  seconds  2.8254431838739467 0.8590811249956848 0.5
166.82717943191528  seconds  2.939837817533169 0.869673404138464 0.5
168.75785326957703  seconds  3.054232451192391 0.8802656832812431 0.5
164.12893557548523  seconds  2.625252574970308 0.8405446364958213 0.5
163.490562915802  seconds  2.7396472086295303 0.8511369156386005 0.5
162.79437375068665  seconds  2.854041842288752 0.8617291947813797 0.5
161.51835680007935  seconds  2.9684364759479744 0.8723214739241587 0.5
164.31784319877625  seconds  3.0828311096071968 0.8829137530669379 0.5
166.1059911251068  seconds  2.6538512333851134 0.8431927062815161 0.5
163.40721797943115  seconds  2.7682458670443357 0.8537849854242953 0.5
164.5302176475525  seconds  2.882640500703558 0.8643772645670744 0.5
162.00620317459106  seconds  2.99703513436278 0.8749695437098536 0.5
168.8075976371765  seconds  3.111429768022002 0.8855618228526326 0.5
157.48859167099  seconds  2.682449891799919 0.845840776067211 0.5
175.27578043937683  seconds  2.796844525459141 0.85643305520999 0.5
154.35197472572327  seconds  3.0256337927775854 0.8776176134955483 0.5
172.91124153137207  seconds  2.9112391591183635 0.8670253343527692 0.5
172.20744633674622  seconds  3.1400284264368077 0.8882098926383275 0.5
time for calc.... 742.7415070533752
 plotting data from the run ...
saving data from the run ...
energy at the point.. 2.5477213028327195 1.1368970013037814  is  9.295332997538708e-06
the angle is  0.4197233160056505
20 the fermi surface points 4 chunk numtheads
starting with calculation of Sigma
160.22739720344543  seconds  2.5477213028327195 1.1368970013037814 0.5
164.79424262046814  seconds  2.661467173670395 1.166235293307673 0.5
161.22280764579773  seconds  2.7752130445080705 1.1955735853115645 0.5
164.01349806785583  seconds  2.8889589153457456 1.2249118773154561 0.5
161.1890299320221  seconds  3.002704786183421 1.2542501693193477 0.5
163.0479199886322  seconds  2.5761577705421383 1.1442315743047542 0.5
166.12969422340393  seconds  2.689903641379814 1.1735698663086458 0.5
164.63330626487732  seconds  2.803649512217489 1.2029081583125374 0.5
167.58438777923584  seconds  2.9173953830551644 1.232246450316429 0.5
166.45313215255737  seconds  3.03114125389284 1.2615847423203206 0.5
170.3722047805786  seconds  2.6045942382515572 1.151566147305727 0.5
166.68632125854492  seconds  2.7183401090892327 1.1809044393096186 0.5
161.87147879600525  seconds  2.832085979926908 1.2102427313135102 0.5
167.4237184524536  seconds  2.9458318507645833 1.2395810233174018 0.5
167.51999425888062  seconds  3.059577721602259 1.2689193153212934 0.5
169.34337282180786  seconds  2.633030705960976 1.1589007203067 0.5
163.90169882774353  seconds  2.7467765767986516 1.1882390123105917 0.5
165.3847680091858  seconds  2.8605224476363267 1.2175773043144833 0.5
165.3476848602295  seconds  2.974268318474002 1.2469155963183747 0.5
164.75433540344238  seconds  3.0880141893116777 1.2762538883222663 0.5
time for calc.... 729.9988746643066
 plotting data from the run ...
saving data from the run ...
energy at the point.. 2.4372546507317705 1.4115601912212083  is  1.07841213363713e-05
the angle is  0.5249549448529208
20 the fermi surface points 4 chunk numtheads
starting with calculation of Sigma
166.55316352844238  seconds  2.4372546507317705 1.4115601912212083 0.5
163.06952500343323  seconds  2.539721696474669 1.4712597640507685 0.5
169.5924232006073  seconds  2.6421887422175674 1.5309593368803287 0.5
165.49616384506226  seconds  2.744655787960466 1.5906589097098889 0.5
167.71136665344238  seconds  2.8471228337033647 1.6503584825394488 0.5
167.49904489517212  seconds  2.462871412167495 1.4264850844285983 0.5
164.93047332763672  seconds  2.5653384579103937 1.4861846572581585 0.5
167.31347393989563  seconds  2.667805503653292 1.5458842300877187 0.5
164.85323882102966  seconds  2.7702725493961906 1.6055838029172789 0.5
164.97790098190308  seconds  2.8727395951390893 1.665283375746839 0.5
163.01517748832703  seconds  2.5909552193461183 1.5011095504655485 0.5
169.98107838630676  seconds  2.4884881736032196 1.4414099776359883 0.5
167.420471906662  seconds  2.693422265089017 1.5608091232951087 0.5
171.88254714012146  seconds  2.795889310831915 1.6205086961246689 0.5
166.25744581222534  seconds  2.898356356574814 1.680208268954229 0.5
165.48871636390686  seconds  2.616571980781843 1.5160344436729387 0.5
166.52581095695496  seconds  2.514104935038944 1.4563348708433785 0.5
167.50095105171204  seconds  2.7190390265247415 1.5757340165024987 0.5
164.29825091362  seconds  2.8215060722676397 1.6354335893320588 0.5
164.9097352027893  seconds  2.9239731180105384 1.695133162161619 0.5
time for calc.... 726.2546238899231
 plotting data from the run ...
saving data from the run ...
10837.56user 2734.24system 49:10.48elapsed 459%CPU (0avgtext+0avgdata 38258944maxresident)k
0inputs+127072outputs (257major+126551427minor)pagefaults 0swaps
