Machine arg is, CH1
Machine arg is, CH1
started calculating filling for chemical potential and dispersion parameters TB_single_band..
Machine arg is, CH1
reading lattice from... ./Lattices/KgridX1200.npy
reading lattice from... ./Lattices/KgridY1200.npy
Machine arg is, CH1
reading lattice from... ./Lattices/KgridX1200.npy
reading lattice from... ./Lattices/KgridY1200.npy
norm of Dos, 42.97093206665365 45.58575006211245
sum of the hist, normed? 42.97093206665365
finished calculating filling for chemical potential
Filling: 0.06097483973436045 .... chemical potential: -233.10534693634725
Machine arg is, CH1
reading lattice from... ./Lattices/KgridX1200.npy
reading lattice from... ./Lattices/KgridY1200.npy
sum of the hist, normed? 0.9999999999999923
The fermi energy in mev is: 349.69071267816986, and in units of J: 33.81921786055801, the bandwidth is:494.39071566731144
starting contour.....
finished contour..... 4.587897777557373
Machine arg is, CH1
ED starting sampling in reciprocal space....
starting high res contour.....
attempting countour of size 20520
number of sheets..... 1
contour size before interpolation..... 25741
finished high res contour..... 133.4135251045227
range of angles from marching squares -3.141437150413398 3.1414371504133984
comparing volume elements 

0.006135923151542766
1.148576430038414e-05 1.1486114818030822e-05
shapes, are they adequate? (65537, 1025) 65537 1025
finished sampling in reciprocal space....t= 134.59008955955505  s


differentials, dr= 1.1486114818030822e-05   dth= 0.006135923151542766


energy at the point.. -0.46684050412863964 -0.8161238444984666  is  -3.537894173177847e-05
75 the points 7 chunk numtheads
starting with calculation of Sigma
341.13349771499634  seconds  -0.46684050412863964 -0.8161238444984666 0.0 0.11386799347702907
338.72590947151184  seconds  -0.46684050412863964 -0.8161238444984666 2.4000000000000004 0.1339271108776056
349.2447190284729  seconds  -0.46684050412863964 -0.8161238444984666 1.6 0.1243772949719842
369.97509264945984  seconds  -0.46684050412863964 -0.8161238444984666 0.8 0.11696882258650428
385.24967670440674  seconds  -0.46684050412863964 -0.8161238444984666 3.2 0.14294672252401777
433.32517099380493  seconds  -0.46684050412863964 -0.8161238444984666 4.0 0.15003350931457743
Traceback (most recent call last):
  File "E_scan.py", line 606, in <module>
    sys.exit(main())  # next section explains the use of sys.exit
  File "E_scan.py", line 591, in main
    [shifts, w, delsd]=SE.parInt_w( qx, qy, w, sq, maxthreads)
  File "E_scan.py", line 299, in parInt_w
    for result in results:
  File "/home/jfm343/anaconda3/lib/python3.8/concurrent/futures/process.py", line 484, in _chain_from_iterable_of_lists
    for element in iterable:
  File "/home/jfm343/anaconda3/lib/python3.8/concurrent/futures/_base.py", line 611, in result_iterator
    yield fs.pop().result()
  File "/home/jfm343/anaconda3/lib/python3.8/concurrent/futures/_base.py", line 439, in result
    return self.__get_result()
  File "/home/jfm343/anaconda3/lib/python3.8/concurrent/futures/_base.py", line 388, in __get_result
    raise self._exception
concurrent.futures.process.BrokenProcessPool: A process in the process pool was terminated abruptly while the future was running or pending.
Command exited with non-zero status 1
1183.25user 5097.74system 12:41.06elapsed 825%CPU (0avgtext+0avgdata 26255492maxresident)k
615424inputs+312outputs (26419major+121092210minor)pagefaults 0swaps
