loading data for the structure factor at T=0.5
time for loading 0.5386910438537598
reshaping the original array....
(4097, 320, 320)
time for recasting 11.19207501411438
time for interpolation 0.00019097328186035156
starting sampling in reciprocal space....
finished sampling in reciprocal space....
time for sampling was... 34.79173803329468
dense shape (1337,)
starting with calculation of Sigma theta w=0.....
0 11.60360385695737
1 11.374532165169182
2 11.460199186472927
3 11.329489596843212
4 11.18162552740338
5 11.16133815090244
6 11.123228709086447
7 11.093987298217534
8 11.034905950323699
9 11.229270036318724
10 11.025234275340065
11 11.257070834130674
12 10.970673190228796
13 10.896858213294585
14 10.835026062796768
15 10.946416973231392
16 10.757446650030781
17 10.923889390505
18 10.582842040684474
19 10.53879075915718
20 10.558794602156668
21 10.400392148519757
22 10.57529400568085
23 10.281657166678416
24 10.193730495537919
25 10.459825423270628
26 10.366397327310265
27 10.023096222349354
28 9.905064865275765
29 10.158339745872098
30 9.874900578698673
31 9.757202896085285
32 9.73331736333884
33 9.811637078970076
34 9.916459297650848
35 9.446465305599544
36 9.41557222204265
37 9.274629634099405
38 9.436181518405418
39 9.144779504767994
40 9.356437809668446
41 9.051280630240596
42 9.011639344186493
43 8.990888834757886
44 8.834906654799322
45 8.947394289927534
46 8.755391456821307
47 8.726544222544915
48 8.926309506879235
49 8.582871730214556
50 8.752660271398335
51 8.532479311327258
52 8.453368744070636
53 8.522863945903737
54 8.253185879354763
55 8.355815317726673
56 8.343668162237718
57 8.107840624093633
58 8.240156686425802
59 8.205900851617866
60 7.963214005911274
61 8.141153070269786
62 8.077536590639545
63 7.8368969980888865
64 8.044379117846054
65 7.967745540324576
66 7.72315388212861
67 7.945940147542488
68 7.875225031610774
69 7.614435659885127
70 7.849732896759863
71 7.8064305348757586
72 7.524136446707795
73 7.763869140738134
74 7.75722426766351
75 7.466566779417725
76 7.688911962954854
77 7.706117024506229
78 7.471798567748755
79 7.6131104804534075
80 7.661120542475133
81 7.528153514205737
82 7.5564303371918635
83 7.601957821664152
84 7.620285818792338
85 7.515486038687632
86 7.393354475751473
87 7.543117521000416
88 7.489885749081053
89 7.271529253248819
90 7.4952973361219355
91 7.474084654769504
92 7.244666388254144
93 7.4707182124093485
94 7.463582425996271
95 7.305113043897631
96 7.456490371960483
97 7.453411997703435
98 7.437679693241203
99 7.42494855412042
100 7.328069120465111
101 7.434971564093971
102 7.4178515096950255
103 7.3135313101094575
104 7.437806254585075
105 7.484371612137255
106 7.458301425368954
107 7.614605448239309
108 8.058330397571332
109 8.052012579021907
110 7.437218306404226
111 7.441175094539276
112 7.445133551753738
113 7.362660901720174
114 7.382838172194786
115 7.330418472754836
116 7.39396841654518
117 7.418183352386904
118 7.284546331540227
119 7.4345685921551805
120 7.40280522436481
121 7.299634028217454
122 7.449500946421746
123 7.317183557677988
124 7.397837838518877
125 7.497181131259687
126 7.287887576577709
127 7.53069543771814
128 7.468241372387177
129 7.345657318045259
130 7.552297787729735
131 7.3702838694621535
132 7.518151340385737
133 7.600822876271936
134 7.365147438120527
135 7.644795572182392
136 7.552055290083113
137 7.501524034979209
138 7.682770088354926
139 7.474791431399628
140 7.813918794501714
141 7.812239421941468
142 7.547324628786091
143 7.799818321765432
144 7.625501936364334
145 7.828938593146132
146 7.903187796699503
147 7.634770028886053
148 7.942524799524714
149 7.810411446156144
150 7.910276929609652
151 8.041282018642
152 7.783222114488466
153 8.120690020909842
154 8.00190767664309
155 8.067493647910682
156 8.21665904733532
157 7.975514831650081
158 8.310515916934847
159 8.161664968736012
160 8.324228977461383
161 8.446023769569926
162 8.208051954679787
163 8.499581631443409
164 8.302908823275958
165 8.7212964931701
166 8.742137528736793
167 8.466904692430289
168 8.718582721317224
169 8.567354118812158
170 8.931703364534986
171 8.7808509275533
172 8.938498893039052
173 9.065944518072468
174 8.848522947388467
175 9.117210464296186
176 8.954752958755627
177 9.293920756512742
178 9.13250035958048
179 9.626466401497721
180 9.569761446983195
181 9.308416542350875
182 9.555676079642204
183 9.401511701491351
184 9.666305776460627
185 9.532346719681048
186 9.830343467102107
187 9.662473063313103
188 10.038543554870415
189 9.890335786000744
190 10.265456828909727
191 10.251592132887144
192 10.218388916790051
193 10.345827213578172
194 10.178287351055383
195 10.437798250367711
196 10.228849615558097
197 10.518983811760537
198 10.361185146266275
199 10.618046411864334
200 10.480129817103837
201 10.716672807310514
202 10.570679989832419
203 10.831837410755444
204 10.689896641645706
205 11.044385844636823
206 10.960470724169085
207 11.173216649858547
208 11.518323172098448
209 11.466399705723042
210 11.257102323438058
211 11.003020524611726
212 11.236526256823263
213 11.043773312374286
214 11.23944732255771
215 11.065492073939176
216 11.329608210653934
217 11.327163396281415
218 11.489148824000878
219 11.447763782582458
220 11.177253597123357
221 11.411483729103756
222 11.211517920777025
223 11.458848762988678
224 11.532857383076136
225 11.228386385189713
226 11.454818702792558
227 11.237327543436772
228 11.559068217038364
229 11.519065072266677
230 11.37450303590335
231 11.508602417596824
232 11.565793036322397
233 11.242014750896832
234 11.474689701502202
235 11.590593622716177
236 11.388334088275231
237 11.482990424129904
238 11.582024075616753
239 11.330439532546897
240 11.434215032944394
241 11.459469593912084
242 11.15764263553604
243 11.416650630684087
244 11.37373772150124
245 11.06705328336948
246 11.386759585126121
247 11.318291916523805
248 11.315915489447718
249 10.957912957029402
250 11.24754970825887
251 11.219100251183091
252 11.18987273491101
253 10.825565572155444
254 11.08479418464652
255 10.954735229741758
256 10.925894234926114
257 10.5428309289652
258 10.861688258355235
259 10.724186328226565
260 10.708351638765809
261 10.61949047865101
262 10.228428963399548
263 10.530379632944728
264 10.412587422401574
265 10.326450456697929
266 10.24829968048389
267 10.240519638586456
268 10.177213533979355
269 10.094266216698749
270 10.023111794521888
271 9.88705136184285
272 9.81131079695355
273 9.732127037388052
274 9.322594552658556
275 9.640644786173079
276 9.547027247812062
277 9.463274053027416
278 9.35168342646174
279 9.278041994303416
280 9.277597655108504
281 9.116684884602236
282 9.05099982444987
283 8.919575003659402
284 8.975520997647179
285 8.886748589195506
286 8.815470102005742
287 8.756161264111151
288 8.68258530415339
289 8.603259434343894
290 8.544517000048657
291 8.470207088823932
292 8.417799270876188
293 8.357190934728976
294 8.303000738379932
295 8.030183358707504
296 8.250282455252771
297 8.19128761876338
298 8.131568036929078
299 8.074246460635031
300 8.019676684215817
301 7.9677954284879196
302 7.9166217796704865
303 7.875778596148473
304 7.835226052114924
305 7.796323165956983
306 7.754549452756137
307 7.717305826847699
308 7.679736974633485
309 7.640419507733091
310 7.608274704207048
311 7.576809942769334
312 7.553465301489187
313 7.532726983826424
314 7.51048056739382
315 7.491633725783261
316 7.4755598534496
317 7.459616948447765
318 7.448150330155034
319 7.436969721083745
320 7.430937327710308
321 7.424072767132288
322 7.423221563198017
323 7.425693222961455
324 7.4300755494027
325 7.437311728631006
326 7.4555020437123956
327 7.491246966325565
328 7.5323741687934085
329 8.029055387492548
330 8.030096902302677
331 7.531225471026272
332 7.490380143472962
333 7.454719069746849
334 7.4382836632373905
335 7.428686817175177
336 7.425108513106755
337 7.424242364763117
338 7.42613041693593
339 7.430031218839363
340 7.436998270735047
341 7.446093644766516
342 7.459458801281342
343 7.475884269206355
344 7.493553327535593
345 7.5107900293206455
346 7.5323405511449115
347 7.554601749700156
348 7.580138323875499
349 7.607521050531981
350 7.640787459095927
351 7.677365102975808
352 7.716574994397305
353 7.754431169491246
354 7.7960376366274975
355 7.833132439781909
356 7.8722143551917325
357 7.9154936085145815
358 7.965682603531605
359 8.018496299691291
360 8.07273719752435
361 8.12988770506517
362 8.189242032544529
363 8.249259415300545
364 8.025045742528821
365 8.298463073098313
366 8.357668381837302
367 8.415153073826222
368 8.468922836839365
369 8.54224281062002
370 8.599840716956058
371 8.679610894588208
372 8.758336045431903
373 8.814447679761326
374 8.889540755070454
375 8.976177470407674
376 8.915249699245498
377 9.049892428645466
378 9.115864216233083
379 9.262255092370925
380 9.276995397129237
381 9.348620368336217
382 9.464945103092354
383 9.547738753056308
384 9.63753405329831
385 9.320479723551648
386 9.729703543471457
387 9.816188001165845
388 9.888370580310706
389 10.016068573447225
390 10.094381322886678
391 10.18383443619609
392 10.228139999606809
393 10.247865474175944
394 10.330037260475912
395 10.40705523927416
396 10.52669686630373
397 10.229182813367427
398 10.621432602493655
399 10.698636471032167
400 10.726167869481861
401 10.863730477910112
402 10.547982583440936
403 10.927961739274709
404 10.958954678695273
405 11.083572162971487
406 10.829224805258535
407 11.191868438965555
408 11.219447528677495
409 11.256391158609759
410 10.959546962582264
411 11.320828358952008
412 11.310651527200788
413 11.38990393043691
414 11.075549545567656
415 11.37724888806581
416 11.424459639023695
417 11.16205409294345
418 11.46313655956998
419 11.440295249771648
420 11.338099578271366
421 11.585168252355803
422 11.487408358303515
423 11.394524645008106
424 11.589407365436294
425 11.481698393572067
426 11.248443474130333
427 11.58209205821806
428 11.51270663699416
429 11.362688707010118
430 11.52938294319943
431 11.566170732304323
432 11.241233911454493
433 11.455392263449498
434 11.233318618773389
435 11.532444796058995
436 11.47461312220659
437 11.21803111254781
438 11.429983324781725
439 11.188606802958343
440 11.45428838655978
441 11.491243185755476
442 11.344455871573034
443 11.335177063228848
444 11.07338836512771
445 11.251709814558096
446 11.048314065719223
447 11.247560397294976
448 11.011154309242547
449 11.266138110649429
450 11.430180486298088
451 11.46502275995504
452 11.188388545923441
453 10.973353161690513
454 11.057783293984068
455 10.693074630053529
456 10.836433597954574
457 10.576227839762149
458 10.724811761029992
459 10.485472665083577
460 10.619948076659044
461 10.368672599250651
462 10.524648157657198
463 10.232594786154179
464 10.44391139962634
465 10.183677717488342
466 10.341039645631582
467 10.220506732994322
468 10.249015613104962
469 10.266717190388981
470 9.889358557750452
471 10.037190865264828
472 9.663071640431172
473 9.831646153262815
474 9.533712611001953
475 9.660390863844542
476 9.40556497227038
477 9.552705478083919
478 9.308609599917588
479 9.566245035907645
480 9.562281802287167
481 9.129149741980878
482 9.29311139234653
483 8.953039861207735
484 9.116240536721527
485 8.85294892615394
486 9.065161670078208
487 8.938190458343437
488 8.780532521994443
489 8.926141750702762
490 8.56182236225188
491 8.714546359143375
492 8.463766240097954
493 8.741369739636985
494 8.721457974074028
495 8.300836147886296
496 8.495946080460296
497 8.201576752197791
498 8.443901551877568
499 8.323388952487061
500 8.163758701024365
501 8.309155502285243
502 7.974475335323804
503 8.21867523599243
504 8.066602942487709
505 8.001060656718769
506 8.116712706727641
507 7.777572004090354
508 8.040821799933841
509 7.910183372463337
510 7.807445212975343
511 7.9411117612480595
512 7.630126688827515
513 7.901206143701422
514 7.827913767767944
515 7.625359695665143
516 7.799783238233721
517 7.5474833819755185
518 7.814248201442567
519 7.814400029721381
520 7.47458062887746
521 7.681457204997079
522 7.498426143746611
523 7.549718203022631
524 7.642491379555663
525 7.364657599193199
526 7.599906465586387
527 7.516753746884177
528 7.370833691199072
529 7.552635806766434
530 7.34524496605091
531 7.468857007313876
532 7.531228593745758
533 7.287071642422501
534 7.496007552390041
535 7.399183964707025
536 7.317728086605723
537 7.4495148395395985
538 7.299639206298441
539 7.404726286400749
540 7.438361586955617
541 7.287743055796588
542 7.422349415595433
543 7.4010476565893315
544 7.33621787055736
545 7.393232493512242
546 7.37332120941828
547 7.458194936235213
548 7.459102966709158
549 7.443755081568918
550 7.988218207376391
551 7.997064436145194
552 7.558721794253384
553 7.441905184567619
554 7.50464697740158
555 7.444129298216016
556 7.320173079553321
557 7.428556121954083
558 7.439755295699028
559 7.33148485331923
560 7.426105383845947
561 7.437167157057425
562 7.4548114846384514
563 7.456299906198361
564 7.305856361482247
565 7.46407438662775
566 7.4708703329280075
567 7.244805134381728
568 7.4742096767753745
569 7.494884107086707
570 7.273648831715175
571 7.490101877349981
572 7.543466664768855
573 7.392728504785424
574 7.514809142763435
575 7.618887213961811
576 7.602015061613984
577 7.554546936177047
578 7.527361169242639
579 7.66097925771629
580 7.6140508556901585
581 7.46951622442632
582 7.707063208897969
583 7.6895917630272095
584 7.465929467321494
585 7.7576306889166915
586 7.762563983203355
587 7.525412774547889
588 7.805423031783774
589 7.847805856629874
590 7.61499749797321
591 7.873140344392776
592 7.948009857558982
593 7.721969135072547
594 7.967374500811494
595 8.04444702777733
596 7.837780061836118
597 8.073988569284557
598 8.142802741379167
599 7.964892636028989
600 8.203677425589978
601 8.24017975923621
602 8.109122269229413
603 8.343083287746197
604 8.351293991218938
605 8.252292347381685
606 8.523322907901552
607 8.453622731719829
608 8.532948805302878
609 8.752277509312044
610 8.582696137862095
611 8.925519454964356
612 8.725217578014036
613 8.754405744516179
614 8.94786618582423
615 8.841006504318091
616 8.99118580928516
617 9.01430617979437
618 9.057737058907996
619 9.35201994872256
620 9.145569419951883
621 9.438913745433167
622 9.281062788187606
623 9.41823072736388
624 9.451375928631206
625 9.914376090498424
626 9.814609456040495
627 9.70028559192924
628 9.764617184011048
629 9.880864156120934
630 10.163461595755516
631 9.91438257585812
632 10.027186850306828
633 10.370849104402494
634 10.464756534799006
635 10.19621662365867
636 10.28778048758331
637 10.579532259809811
638 10.401680568675486
639 10.55684190198829
640 10.535817037199303
641 10.586010524271288
642 10.925280097038316
643 10.764392737585155
644 10.948401445486335
645 10.835600524229054
646 10.903401325053366
647 10.976520929090745
648 11.260107201569332
649 11.037459746629796
650 11.236722694105136
651 11.035963287291835
652 11.098721858751603
653 11.123295527569494
654 11.165213028275412
655 11.189171837417256
656 11.3288171893521
657 11.456374021533703
658 11.37843600976105
659 11.600831931837321
660 11.50750138961097
661 11.446206267793091
662 11.399485056068487
663 11.44440857273094
664 11.449775119620252
665 11.39430822353728
666 11.447170288922425
667 11.50985277776103
668 11.595232958766422
669 11.37490746279022
670 11.463345428644717
671 11.331185077793538
672 11.188948782600377
673 11.15532746760107
674 11.116523406874187
675 11.099681193722173
676 11.030815658788283
677 11.229313812724142
678 11.028828297167644
679 11.257227904487559
680 10.970022700792963
681 10.893857744563613
682 10.830884945785751
683 10.941707767849211
684 10.760571408463193
685 10.923173443497655
686 10.580748910142496
687 10.537598180616525
688 10.555684450929585
689 10.401378508959903
690 10.572625965865669
691 10.287445246199535
692 10.19374246104602
693 10.461383394170927
694 10.369346798310472
695 10.026996675632319
696 9.913210741746198
697 10.161124533090756
698 9.877451986751208
699 9.761479417630143
700 9.7318426021594
701 9.813922505160818
702 9.918327405356788
703 9.451054860269561
704 9.418254259040207
705 9.2791513852964
706 9.439130702377621
707 9.147479214872725
708 9.355192567122343
709 9.059562940309299
710 9.013672335128874
711 8.993900304281633
712 8.837245142722772
713 8.952381567241783
714 8.753790765285173
715 8.726894127790832
716 8.927658590072605
717 8.586412167745129
718 8.752173208833467
719 8.53359464094828
720 8.453144969349795
721 8.521451245008414
722 8.253616821967723
723 8.351626979977862
724 8.343015736918408
725 8.107352878554728
726 8.238217173530572
727 8.206164162121397
728 7.963711917977291
729 8.138443404759734
730 8.077087391979825
731 7.83779171280392
732 8.044331179890454
733 7.965948682753733
734 7.722863404971545
735 7.945806020999817
736 7.8739374462653355
737 7.6158733692365095
738 7.85125985545413
739 7.806632994035225
740 7.524317311852107
741 7.7646344195560175
742 7.75576802435697
743 7.467622315608384
744 7.68825659524113
745 7.7062102848322445
746 7.468436132782843
747 7.612864905508443
748 7.661322458959979
749 7.527193250848563
750 7.553464643965625
751 7.603370108065477
752 7.619049463323625
753 7.51443945863011
754 7.390718156178786
755 7.544380783119248
756 7.4906128436863995
757 7.271347893488202
758 7.494045829662466
759 7.47524774633785
760 7.244590837345011
761 7.470469075158369
762 7.464534578038192
763 7.306005521626448
764 7.457042923475339
765 7.4538683468375115
766 7.436287503638867
767 7.425781136574667
768 7.329233613273766
769 7.43606646392253
770 7.418922910842533
771 7.313741709304532
772 7.439082056827108
773 7.481276494770187
774 7.457835487218411
775 7.616615058225736
776 8.05930461295861
777 8.054277103286896
778 7.437151379844957
779 7.439073973303611
780 7.443918648327666
781 7.364580282150556
782 7.385079321700246
783 7.330705997467093
784 7.396624497147869
785 7.418344136301927
786 7.2847145360372405
787 7.43447960885733
788 7.402668629650863
789 7.298342312904208
790 7.448816056456349
791 7.317011040686614
792 7.398659996916897
793 7.494264009386808
794 7.288532696367666
795 7.531048171449646
796 7.4688255854146055
797 7.343467717638946
798 7.5523091148347845
799 7.369283111440363
800 7.5177047715530305
801 7.598420344873622
802 7.369198756461445
803 7.643122450182094
804 7.551199720452487
805 7.499775405116447
806 7.682637654419234
807 7.473863641131277
808 7.815699190209804
809 7.813370921513561
810 7.54671420777471
811 7.801311956964692
812 7.626722572119465
813 7.829605139548653
814 7.901392552464018
815 7.6325606832656225
816 7.939291781994487
817 7.809635880684399
818 7.911129149721964
819 8.041981663301687
820 7.779920562321598
821 8.116710492147558
822 8.002380636816502
823 8.071798785276632
824 8.218277191510738
825 7.9728723110470225
826 8.312513414440872
827 8.164170314097346
828 8.32306110969304
829 8.444780562342258
830 8.205236717914584
831 8.499339095379595
832 8.302721020963554
833 8.726693726137043
834 8.742789145376456
835 8.467395753739595
836 8.713370741050046
837 8.567714645053561
838 8.931181455999932
839 8.779853755095552
840 8.941523700275162
841 9.065174788195804
842 8.850082996356313
843 9.117333570732518
844 8.95868030641951
845 9.294779002584297
846 9.132097507101804
847 9.624391899573096
848 9.570282428122395
849 9.309337391291693
850 9.551489543609984
851 9.39900477560239
852 9.662318829630287
853 9.529678211407287
854 9.82922281688546
855 9.655793817774601
856 10.037347606242077
857 9.884322072718827
858 10.267258494000574
859 10.253343921444213
860 10.219278708400465
861 10.341154749959847
862 10.181287587056019
863 10.441881281380626
864 10.224930664786672
865 10.518507750633322
866 10.366356179796337
867 10.616588852054285
868 10.481755816114786
869 10.717660454776368
870 10.571263396741635
871 10.830279726686669
872 10.68638399771886
873 11.043143001733819
874 10.965321132072486
875 11.178944388222613
876 11.519848703433281
877 11.466949901423169
878 11.260857715042437
879 10.996893348247486
880 11.242655842859872
881 11.049731767022127
882 11.234752860047777
883 11.063849559275175
884 11.332412295928997
885 11.326221732883074
886 11.486057280680159
887 11.452454084403652
888 11.172985274015259
889 11.412643718298261
890 11.204034551886837
891 11.467507919125875
892 11.531945501809371
893 11.228669638355365
894 11.451391491492249
895 11.237702693157093
896 11.559615676210893
897 11.52069460434019
898 11.365606861524256
899 11.509033907800307
900 11.572786339551262
901 11.236450513007867
902 11.478765818782723
903 11.591088889344945
904 11.395565570046758
905 11.480802602219779
906 11.577837302871217
907 11.33324953976696
908 11.435363197922236
909 11.46090454720588
910 11.163088983359133
911 11.421108689135654
912 11.375961608868232
913 11.064320671011503
914 11.39122154027625
915 11.317688268228538
916 11.31133391902023
917 10.954524994179145
918 11.250572453862212
919 11.214845624703067
920 11.185844184451987
921 10.820290180907419
922 11.084604506257163
923 10.957933467918343
924 10.928943186121968
925 10.533546580000252
926 10.858138161453523
927 10.727654466785012
928 10.701197121929248
929 10.61925134116569
930 10.230019667795979
931 10.53319092420967
932 10.412217098150268
933 10.32771992624416
934 10.246662015816286
935 10.240752025852652
936 10.177142994781915
937 10.090751427445198
938 10.022629557236813
939 9.892215649283571
940 9.816024347447184
941 9.729139226200639
942 9.326425878638391
943 9.63492466833753
944 9.547468457381058
945 9.466274699905934
946 9.348036271985348
947 9.276543182878022
948 9.27427778720614
949 9.11819052030088
950 9.049614294100852
951 8.917384486183234
952 8.980572433910925
953 8.885381613720195
954 8.814925094523337
955 8.755925277227947
956 8.683105405351736
957 8.60271217051599
958 8.543078402145788
959 8.471167652952548
960 8.414715021513766
961 8.360251445355376
962 8.302720221495807
963 8.028061162354005
964 8.247990612834002
965 8.190273111615626
966 8.131361196918636
967 8.071724292927666
968 8.0189445565725
969 7.972128440002733
970 7.918255157506185
971 7.872505259981618
972 7.835706044476631
973 7.795796979463214
974 7.752477603618662
975 7.716525126102036
976 7.676121572793985
977 7.639712836304855
978 7.607665874583383
979 7.580157219091438
980 7.553241204321581
981 7.528966902257674
982 7.5105400880795345
983 7.490419253633638
984 7.475307407859403
985 7.458608286861038
986 7.447984134852867
987 7.435592842292456
988 7.428417872128667
989 7.426677497753786
990 7.423880380090293
991 7.42492281624324
992 7.4281143796854785
993 7.437251147112766
994 7.456445604069995
995 7.492685857828937
996 7.533393802152767
997 8.030042058533553
998 8.028480842359015
999 7.532585773647011
1000 7.490974083389529
1001 7.454250355343912
1002 7.437921151607352
1003 7.428994721136426
1004 7.422782954909868
1005 7.42463453409633
1006 7.425967505640952
1007 7.429869607130133
1008 7.437899502602113
1009 7.44628142290293
1010 7.460510235376651
1011 7.474751303369962
1012 7.491723463104831
1013 7.508801031422063
1014 7.532242507331973
1015 7.552010145051701
1016 7.5790922376456225
1017 7.609324186409479
1018 7.638133945342174
1019 7.678099188986174
1020 7.716032027394329
1021 7.755104769655024
1022 7.794683445485996
1023 7.833949148680513
1024 7.8729972714227445
1025 7.914726297719203
1026 7.966941343788801
1027 8.020089566677003
1028 8.073464188474134
1029 8.130286950286806
1030 8.18960897867437
1031 8.247400117059524
1032 8.02706790955213
1033 8.301208337389834
1034 8.359068164091793
1035 8.414296963088455
1036 8.466697020213957
1037 8.54376457860095
1038 8.598821933291235
1039 8.67835683015214
1040 8.753030791352725
1041 8.813109173717402
1042 8.882012621083218
1043 8.973745638076748
1044 8.91249709782116
1045 9.048534208360541
1046 9.110095436464952
1047 9.2609817758963
1048 9.278929154553294
1049 9.35058310214283
1050 9.46412146042952
1051 9.547316395211213
1052 9.638439438630416
1053 9.317975637010791
1054 9.72858946451446
1055 9.816812938426335
1056 9.88660607291345
1057 10.013670273784925
1058 10.099475222947259
1059 10.183355976087311
1060 10.22740993431834
1061 10.24403118312954
1062 10.330543029388133
1063 10.407962982893817
1064 10.53057977188236
1065 10.228488213177584
1066 10.621434702933154
1067 10.70174885097972
1068 10.730801542879293
1069 10.861330564267824
1070 10.540403467973821
1071 10.930847791622085
1072 10.956887448652129
1073 11.086590333475126
1074 10.827687169959228
1075 11.188940879197748
1076 11.210503951467908
1077 11.258363888777225
1078 10.959175119291332
1079 11.315030668527461
1080 11.312155700653449
1081 11.386249005021924
1082 11.071651005879037
1083 11.384211741291708
1084 11.419080137672381
1085 11.16083887183056
1086 11.46709582853983
1087 11.435400877200683
1088 11.334074177914582
1089 11.579900577175696
1090 11.482646007533857
1091 11.391648437111543
1092 11.586147259598631
1093 11.482564491561819
1094 11.247955758632958
1095 11.579586693090173
1096 11.51952638319314
1097 11.360365225541152
1098 11.527657282211992
1099 11.564363069161766
1100 11.242608501768949
1101 11.455489560087866
1102 11.229396412460442
1103 11.537957932084296
1104 11.47030035622485
1105 11.215934287109723
1106 11.430722723845907
1107 11.18918841515625
1108 11.45619014416916
1109 11.493640360992629
1110 11.339118513197732
1111 11.33615151131549
1112 11.07396161320456
1113 11.246744651819242
1114 11.049360802048685
1115 11.244975046601326
1116 11.012273715192398
1117 11.267418845182982
1118 11.427196984243873
1119 11.470654007497892
1120 11.190193758006968
1121 10.973109529144743
1122 11.054529024840958
1123 10.699215206649212
1124 10.837138626723672
1125 10.57622693366038
1126 10.721084181803649
1127 10.487130078697959
1128 10.62427833245086
1129 10.373580091875862
1130 10.524666241347212
1131 10.231613891858144
1132 10.44905879085724
1133 10.185179097470934
1134 10.345114596416511
1135 10.222126925025433
1136 10.251249453378762
1137 10.27054571832319
1138 9.888748955923463
1139 10.036153471289445
1140 9.663166801561532
1141 9.83021321280686
1142 9.535445592958197
1143 9.66461335009199
1144 9.404847380660753
1145 9.551605180012391
1146 9.310404676865097
1147 9.564217497654887
1148 9.572176024699806
1149 9.129224117430631
1150 9.29561400041415
1151 8.956560800974602
1152 9.1192519529417
1153 8.852391332145999
1154 9.064448549690066
1155 8.939255487898508
1156 8.7776428638729
1157 8.924449127324573
1158 8.561706672058795
1159 8.713404105931762
1160 8.467438496636829
1161 8.74252650601716
1162 8.72110212064579
1163 8.299781605368551
1164 8.494081595622227
1165 8.202473850347685
1166 8.442329044907318
1167 8.321220767029384
1168 8.159505433000572
1169 8.30791056776295
1170 7.971080234426038
1171 8.217547146260168
1172 8.07033243583751
1173 7.997421823791336
1174 8.117890067969048
1175 7.779888854559281
1176 8.04031320709072
1177 7.913940363491017
1178 7.808171723949159
1179 7.937539800098088
1180 7.630560745452627
1181 7.899883937820436
1182 7.827198587023047
1183 7.626071134184079
1184 7.798406307494098
1185 7.546420595029052
1186 7.811601798824246
1187 7.812324373655201
1188 7.4726286499590815
1189 7.680335678601968
1190 7.49718466231194
1191 7.550206036172733
1192 7.644128439162369
1193 7.366563036767359
1194 7.597833832094593
1195 7.517380907400981
1196 7.372254591350864
1197 7.549421380092573
1198 7.344229396286275
1199 7.468127937034186
1200 7.530630430867169
1201 7.287282777006303
1202 7.495433494787889
1203 7.395661270382406
1204 7.317952885519856
1205 7.448370299062042
1206 7.299892756455084
1207 7.4040780242935105
1208 7.436023907319766
1209 7.285781505190999
1210 7.421840809870549
1211 7.400325193636518
1212 7.33610251806934
1213 7.39228168306396
1214 7.373042952393276
1215 7.454884517631979
1216 7.458729261582514
1217 7.443267128643477
1218 7.990666355182355
1219 7.999754369525064
1220 7.560668408983071
1221 7.441632049427019
1222 7.504816120383893
1223 7.445388876197694
1224 7.319223065268187
1225 7.428073947051972
1226 7.438125948360832
1227 7.331189844291562
1228 7.4283772342595356
1229 7.439775319611897
1230 7.455116670991808
1231 7.458742563891408
1232 7.30502646371762
1233 7.464983524276689
1234 7.47136692611637
1235 7.247114644643445
1236 7.473681855269503
1237 7.496337786856154
1238 7.271026405429722
1239 7.491705498632744
1240 7.544961058989964
1241 7.393608416872713
1242 7.51700036909801
1243 7.621661087826054
1244 7.601352033534403
1245 7.553349813328028
1246 7.526674704591109
1247 7.66058421922815
1248 7.613363307695201
1249 7.470692772239862
1250 7.705540709138817
1251 7.689255873594781
1252 7.467316130483278
1253 7.7555924311906095
1254 7.763444537652346
1255 7.526357628144772
1256 7.807568089469935
1257 7.850132389131535
1258 7.616267209245377
1259 7.876530477698662
1260 7.944309543293148
1261 7.723465636679993
1262 7.968332724412015
1263 8.043148604950062
1264 7.839629409646989
1265 8.076440443155617
1266 8.142312375865805
1267 7.966802567748376
1268 8.201400661399392
1269 8.239243774269276
1270 8.109214621299763
1271 8.344501686648883
1272 8.351317671066285
1273 8.257314125590945
1274 8.52384296492694
1275 8.456645387802157
1276 8.53610110842255
1277 8.753386983025951
1278 8.58972926051249
1279 8.925015919838138
1280 8.725437567681386
1281 8.756127776572901
1282 8.95160220063122
1283 8.837150950533157
1284 8.99342355659312
1285 9.009881459806312
1286 9.057766807904672
1287 9.35475560366235
1288 9.146912664918485
1289 9.436835135221589
1290 9.27747473207852
1291 9.415056715406893
1292 9.453675825555695
1293 9.915807568690616
1294 9.81333385702515
1295 9.700120337339873
1296 9.762667875653289
1297 9.883660057488738
1298 10.167001418192372
1299 9.909117228791212
1300 10.027216642450556
1301 10.373853882619596
1302 10.467755274128079
1303 10.19698815236646
1304 10.28825464393151
1305 10.5813285945701
1306 10.405917884888842
1307 10.56225040497257
1308 10.541877031734797
1309 10.589556612676219
1310 10.927155998597074
1311 10.768361470050827
1312 10.946538622464148
1313 10.83433160338955
1314 10.90081581872648
1315 10.977740742381341
1316 11.265964475444473
1317 11.03358967233339
1318 11.231347750743986
1319 11.035976656168854
1320 11.100151522027595
1321 11.12666381490934
1322 11.161526295253083
1323 11.189176714736838
1324 11.332038991847075
1325 11.463170640233622
1326 11.378602085583992
1327 11.601247336370992
1328 11.505022332279571
1329 11.444233291529041
1330 11.395582905313153
1331 11.445444403706857
1332 11.44656415766522
1333 11.396348498857684
1334 11.444154108435528
1335 11.50456950518012
1336 11.603603856957346
finished  calculation of Sigma theta w=0.....
time for calc.... 2863.268792152405
