reading lattice from... ./Lattices/sqKgridX100.npy
reading lattice from... ./Lattices/sqKgridY100.npy
started calculating filling for chemical potential and dispersion parameters TB_single_band..
reading lattice from... ./Lattices/KgridX400.npy
reading lattice from... ./Lattices/KgridY400.npy
reading lattice from... ./Lattices/KgridX400.npy
reading lattice from... ./Lattices/KgridY400.npy
finished calculating filling for chemical potential
Filling: 0.5021914101708863 .... chemical potential: 29.41164495334965
dispersion params: 54.93230174081238 	 -10.444874274661508
The fermi energy in mev is: 3064.1164088176356, and in units of J: 296.3362097502549, the bandwidth is:494.39071566731144
reading lattice from... ./Lattices/KgridX2000.npy
reading lattice from... ./Lattices/KgridY2000.npy
reading lattice from... ./Lattices/sqKgridX2000.npy
reading lattice from... ./Lattices/sqKgridY2000.npy
412 the fermi surface points 9 numtheads
starting with calculation of Sigma
11.542291164398193  seconds  2.4732452258771103 1.343763581051717 0.001
11.031508445739746  seconds  2.4732452258771103 1.343763581051717 1.4554545454545453
11.329165697097778  seconds  2.4732452258771103 1.343763581051717 2.909909090909091
11.22109580039978  seconds  2.4732452258771103 1.343763581051717 4.364363636363637
11.175415277481079  seconds  2.4732452258771103 1.343763581051717 5.818818181818182
10.835803031921387  seconds  2.4732452258771103 1.343763581051717 7.273272727272728
10.493656635284424  seconds  2.4732452258771103 1.343763581051717 8.727727272727273
10.643066167831421  seconds  2.4732452258771103 1.343763581051717 10.182181818181817
10.216132640838623  seconds  2.4732452258771103 1.343763581051717 11.636636363636363
9.82589864730835  seconds  2.4732452258771103 1.343763581051717 13.091090909090909
8.794615507125854  seconds  2.4732452258771103 1.343763581051717 14.545545454545454
8.87613034248352  seconds  2.4732452258771103 1.343763581051717 16.0
9.005428075790405  seconds  2.4732452258771103 1.343763581051717 1.617060606060606
9.538777828216553  seconds  2.4732452258771103 1.343763581051717 0.16260606060606062
10.33467411994934  seconds  2.4732452258771103 1.343763581051717 3.0715151515151518
10.951510906219482  seconds  2.4732452258771103 1.343763581051717 5.980424242424243
11.476667881011963  seconds  2.4732452258771103 1.343763581051717 4.525969696969698
11.095789909362793  seconds  2.4732452258771103 1.343763581051717 7.434878787878788
11.179331302642822  seconds  2.4732452258771103 1.343763581051717 8.889333333333333
11.691324949264526  seconds  2.4732452258771103 1.343763581051717 10.343787878787879
11.596028804779053  seconds  2.4732452258771103 1.343763581051717 11.798242424242424
11.497393369674683  seconds  2.4732452258771103 1.343763581051717 13.25269696969697
11.35595440864563  seconds  2.4732452258771103 1.343763581051717 14.707151515151516
10.196772813796997  seconds  2.4732452258771103 1.343763581051717 1.7786666666666666
10.391053676605225  seconds  2.4732452258771103 1.343763581051717 0.32421212121212123
9.916413068771362  seconds  2.4732452258771103 1.343763581051717 3.2331212121212123
8.768635272979736  seconds  2.4732452258771103 1.343763581051717 4.687575757575758
9.330559253692627  seconds  2.4732452258771103 1.343763581051717 6.142030303030304
8.362979173660278  seconds  2.4732452258771103 1.343763581051717 9.050939393939395
9.260257244110107  seconds  2.4732452258771103 1.343763581051717 7.596484848484849
8.791903495788574  seconds  2.4732452258771103 1.343763581051717 10.50539393939394
9.007776021957397  seconds  2.4732452258771103 1.343763581051717 11.959848484848484
9.523072481155396  seconds  2.4732452258771103 1.343763581051717 13.41430303030303
9.193591117858887  seconds  2.4732452258771103 1.343763581051717 14.868757575757575
11.828346252441406  seconds  2.4732452258771103 1.343763581051717 1.9402727272727271
11.53650164604187  seconds  2.4732452258771103 1.343763581051717 0.4858181818181818
11.275682210922241  seconds  2.4732452258771103 1.343763581051717 3.394727272727273
11.216516017913818  seconds  2.4732452258771103 1.343763581051717 4.849181818181819
11.117276191711426  seconds  2.4732452258771103 1.343763581051717 6.303636363636365
11.050339221954346  seconds  2.4732452258771103 1.343763581051717 9.212545454545454
10.93962287902832  seconds  2.4732452258771103 1.343763581051717 7.758090909090909
10.7075674533844  seconds  2.4732452258771103 1.343763581051717 10.667
10.584644317626953  seconds  2.4732452258771103 1.343763581051717 12.121454545454545
10.129606008529663  seconds  2.4732452258771103 1.343763581051717 15.030363636363637
10.318280696868896  seconds  2.4732452258771103 1.343763581051717 13.575909090909091
7.975896120071411  seconds  2.4732452258771103 1.343763581051717 2.1018787878787877
9.341847658157349  seconds  2.4732452258771103 1.343763581051717 0.6474242424242425
9.601720333099365  seconds  2.4732452258771103 1.343763581051717 3.5563333333333333
9.404083013534546  seconds  2.4732452258771103 1.343763581051717 5.0107878787878795
10.308051586151123  seconds  2.4732452258771103 1.343763581051717 9.374151515151516
10.608185291290283  seconds  2.4732452258771103 1.343763581051717 6.465242424242425
10.760908603668213  seconds  2.4732452258771103 1.343763581051717 7.919696969696971
12.19879674911499  seconds  2.4732452258771103 1.343763581051717 10.828606060606061
12.359884262084961  seconds  2.4732452258771103 1.343763581051717 15.191969696969696
12.946027040481567  seconds  2.4732452258771103 1.343763581051717 12.283060606060607
12.432826042175293  seconds  2.4732452258771103 1.343763581051717 13.73751515151515
11.690247774124146  seconds  2.4732452258771103 1.343763581051717 2.2634848484848487
11.39692497253418  seconds  2.4732452258771103 1.343763581051717 0.8090303030303031
10.474188089370728  seconds  2.4732452258771103 1.343763581051717 5.17239393939394
10.886411190032959  seconds  2.4732452258771103 1.343763581051717 3.717939393939394
10.106917381286621  seconds  2.4732452258771103 1.343763581051717 9.535757575757575
10.477227926254272  seconds  2.4732452258771103 1.343763581051717 6.626848484848486
10.372500658035278  seconds  2.4732452258771103 1.343763581051717 8.08130303030303
8.819251775741577  seconds  2.4732452258771103 1.343763581051717 10.99021212121212
7.970937728881836  seconds  2.4732452258771103 1.343763581051717 15.353575757575758
8.743110179901123  seconds  2.4732452258771103 1.343763581051717 12.444666666666667
8.771446704864502  seconds  2.4732452258771103 1.343763581051717 13.899121212121212
10.81297779083252  seconds  2.4732452258771103 1.343763581051717 2.425090909090909
12.207486391067505  seconds  2.4732452258771103 1.343763581051717 0.9706363636363636
12.329152822494507  seconds  2.4732452258771103 1.343763581051717 5.3340000000000005
12.280278444290161  seconds  2.4732452258771103 1.343763581051717 3.8795454545454544
12.034316778182983  seconds  2.4732452258771103 1.343763581051717 9.697363636363637
12.071022987365723  seconds  2.4732452258771103 1.343763581051717 6.788454545454546
11.972377300262451  seconds  2.4732452258771103 1.343763581051717 8.242909090909091
11.38856291770935  seconds  2.4732452258771103 1.343763581051717 11.151818181818182
11.427271842956543  seconds  2.4732452258771103 1.343763581051717 15.515181818181818
11.404983758926392  seconds  2.4732452258771103 1.343763581051717 12.606272727272728
11.291639804840088  seconds  2.4732452258771103 1.343763581051717 14.060727272727274
9.591195106506348  seconds  2.4732452258771103 1.343763581051717 2.5866969696969697
7.966971397399902  seconds  2.4732452258771103 1.343763581051717 5.495606060606061
8.73292851448059  seconds  2.4732452258771103 1.343763581051717 1.1322424242424243
8.65751028060913  seconds  2.4732452258771103 1.343763581051717 4.041151515151515
8.16717004776001  seconds  2.4732452258771103 1.343763581051717 9.858969696969696
9.516420364379883  seconds  2.4732452258771103 1.343763581051717 6.950060606060607
9.687569856643677  seconds  2.4732452258771103 1.343763581051717 8.40451515151515
10.317695379257202  seconds  2.4732452258771103 1.343763581051717 11.313424242424242
10.390109062194824  seconds  2.4732452258771103 1.343763581051717 15.676787878787879
11.36782455444336  seconds  2.4732452258771103 1.343763581051717 14.222333333333333
11.5286283493042  seconds  2.4732452258771103 1.343763581051717 12.767878787878788
11.339970350265503  seconds  2.4732452258771103 1.343763581051717 2.7483030303030302
10.776140689849854  seconds  2.4732452258771103 1.343763581051717 5.657212121212122
10.999852180480957  seconds  2.4732452258771103 1.343763581051717 1.2938484848484848
10.566860914230347  seconds  2.4732452258771103 1.343763581051717 10.020575757575758
10.758999109268188  seconds  2.4732452258771103 1.343763581051717 4.202757575757576
10.31814169883728  seconds  2.4732452258771103 1.343763581051717 7.111666666666667
10.345679759979248  seconds  2.4732452258771103 1.343763581051717 8.566121212121212
9.128680944442749  seconds  2.4732452258771103 1.343763581051717 15.83839393939394
9.664823293685913  seconds  2.4732452258771103 1.343763581051717 11.475030303030303
8.69657278060913  seconds  2.4732452258771103 1.343763581051717 14.383939393939395
8.784241914749146  seconds  2.4732452258771103 1.343763581051717 12.929484848484849
time for calc.... 101.50332474708557
Successfully created the directory dir_T_8.0_fit_SF_func_2021-11-09-22:52:28 
 plotting data from the run ...
saving data from the run ...
803.39user 259.94system 1:52.07elapsed 948%CPU (0avgtext+0avgdata 2981360maxresident)k
0inputs+536outputs (65major+10142755minor)pagefaults 0swaps
