Machine arg is, CH1
Machine arg is, CH1
started calculating filling for chemical potential and dispersion parameters TB_single_band..
Machine arg is, CH1
reading lattice from... ./Lattices/KgridX400.npy
reading lattice from... ./Lattices/KgridY400.npy
Machine arg is, CH1
reading lattice from... ./Lattices/KgridX400.npy
reading lattice from... ./Lattices/KgridY400.npy
norm of Dos, 42.951937478998964 45.58575006211245
sum of the hist, normed? 42.951937478998964
finished calculating filling for chemical potential
Filling: 0.30300064214864175 .... chemical potential: -78.8799221081866
Machine arg is, CH1
reading lattice from... ./Lattices/KgridX400.npy
reading lattice from... ./Lattices/KgridY400.npy
sum of the hist, normed? 1.0000000000000024
starting high res contour.....
attempting countour of size 10280
number of sheets..... 1
contour size before interpolation..... 28865
finished high res contour..... 31.861205339431763
range of angles from marching squares -3.1414522214969187 3.141452221496919
The fermi energy in mev is: 1944.381605401351, and in units of J: 188.04464268871865, the bandwidth is:494.39071566731144
starting contour.....
finished contour..... 6.429261684417725
Machine arg is, CH1
ED starting sampling in reciprocal space....
starting high res contour.....
attempting countour of size 10280
number of sheets..... 1
contour size before interpolation..... 28865
finished high res contour..... 25.56411075592041
range of angles from marching squares -3.1414522214969187 3.141452221496919
comparing volume elements 

0.024543692606170175
0.00020538676807618021 0.00020558734109192635
shapes, are they adequate? (2049, 257) 2049 257
finished sampling in reciprocal space....t= 25.697810173034668  s


differentials, dr= 0.00020558734109192635   dth= 0.024543692606170175


PLOTTING
for error, maximum difference 25.599250681771608
number of active points (2, 116521)
for error, maximum difference 25.599250681771608
FS_scan.py:199: RuntimeWarning: divide by zero encountered in log10
  xx=np.log10(Integrand)
number of active points (2, 207227)
300 the points 30 chunk numtheads
starting with calculation of Sigma
0.44872593879699707  seconds  -2.0782798052691485 -0.0002918571845511586 0.001 0.2500534235785792
0.4689161777496338  seconds  -1.7187436131665441 -1.2545627668837454 0.001 0.2580475288715505
0.45041489601135254  seconds  -0.639348626180924 -1.9967987595249077 0.001 0.25142958803636645
0.524221658706665  seconds  0.6600618310115378 -1.988342306737338 0.001 0.25151873009479997
0.47766971588134766  seconds  1.7329280630967452 -1.2368526959253296 0.001 0.27188842833628685
0.5870332717895508  seconds  2.0782140214101203 0.021835619759531986 0.001 0.2539877725562851
0.5465395450592041  seconds  -2.0780129707737958 -0.043963785401958125 0.001 0.2520312088982198
0.534466028213501  seconds  0.6190929978156073 2.0048647850631016 0.001 0.2515010570830425
0.6074888706207275  seconds  1.7046868440303515 1.271595797835145 0.001 0.2576385715008202
0.4682185649871826  seconds  -1.7464836520341034 1.2194006888602138 0.001 0.2555586291804781
0.5319726467132568  seconds  -0.5981965490838165 -2.012971027353509 0.001 0.25157881672686455
0.46335458755493164  seconds  1.760136749865446 -1.2012623002199219 0.001 0.26363886283010257
0.6442224979400635  seconds  -1.69000474480231 -1.2888745453508708 0.001 0.26962086767715204
0.6251153945922852  seconds  -0.6801406630727915 1.9799474440442413 0.001 0.2513331881494332
0.5808525085449219  seconds  0.7006742146616705 -1.971165011233017 0.001 0.25120774195003565
0.5126175880432129  seconds  2.0776868403135214 0.06550952827684184 0.001 0.2509233535549595
0.5289816856384277  seconds  0.5777612010748401 2.020683297999407 0.001 0.25189195214402194
0.5324444770812988  seconds  1.6754806059140321 1.3054877031656984 0.001 0.254196286204689
0.6042261123657227  seconds  -2.077217169693031 -0.08764102835505674 0.001 0.2505236629146516
0.5367910861968994  seconds  -0.5566791832682859 -2.028412434012419 0.001 0.25188710716194823
0.5604918003082275  seconds  -1.7731594354395015 1.1833962042737562 0.001 0.2563341291046071
0.4953014850616455  seconds  1.786249989800951 -1.1648365962599316 0.001 0.25575953985976413
0.6293110847473145  seconds  -1.6603363153009696 -1.3223361700635452 0.001 0.2720112864776951
0.6099936962127686  seconds  -0.7205802468596602 1.962463543620383 0.001 0.251233691718864
0.620363712310791  seconds  0.740938687178253 -1.9533765363857472 0.001 0.2511614215063982
0.54679274559021  seconds  2.0766277328855542 0.10919121284874111 0.001 0.25029482226442273
0.6066486835479736  seconds  1.6453796392069537 1.3385321429336594 0.001 0.25432271625324454
0.63722395896911620.5900905132293701  seconds    seconds  0.5360625737145426-2.075885223439927  2.0357435198532223 -0.131328399979109530.001  0.0010.2521821932854757 
0.2502535762948476
0.5870287418365479  seconds  -0.514794188981167 -2.0430661125813536 0.001 0.25216661528581474
0.6307899951934814  seconds  1.8112115040954386 -1.1275960308145907 0.001 0.2550132542788313
0.641099214553833  seconds  -1.798711062597006 1.1465654357005581 0.001 0.2559390236513379
0.6008377075195312  seconds  -0.7606767029560658 1.944387908905272 0.001 0.2514402408705132
0.6324670314788818  seconds  -1.6298091944652915 -1.3549548673283172 0.001 0.255662030977727
0.5881030559539795  seconds  0.7808652738527893 -1.9350149093594364 0.001 0.2512092487883332
0.5636792182922363  seconds  2.0750272113722814 0.15288508844778415 0.001 0.2502157022487131
0.52937912940979  seconds  1.6144551213535374 1.3707397049758763 0.001 0.25395627437906665
0.5363471508026123  seconds  0.4939964049845207 2.049986253298795 0.001 0.2525171111398352
0.6029787063598633  seconds  -2.0740052479433446 -0.17502978751195994 0.001 0.25028804663402693
0.43259286880493164  seconds  -0.8004406292904709 1.9257558555701344 0.001 0.25151571902565567
0.6432673931121826  seconds  -0.4725427197543547 -2.0568707367882966 0.001 0.2524862079217905
0.6034283638000488  seconds  1.8349735460345706 -1.0895695235028153 0.001 0.25440891202790494
0.6062483787536621  seconds  -1.8230862261376193 1.1089330189850095 0.001 0.25472088307626023
0.5355772972106934  seconds  0.8204649976565428 -1.9161126183651531 0.001 0.2507334113014775
0.5742487907409668  seconds  -1.5984943041317954 -1.3867443050936015 0.001 0.2541672109900304
0.5557160377502441  seconds  2.072871061795031 0.19659441382168044 0.001 0.2503203214258624
0.5634210109710693  seconds  1.582777240437807 1.4021267257158168 0.001 0.2531313909551304
0.6229865550994873  seconds  0.45156577370847417 2.063348219716102 0.001 0.2529610473715025
0.613224983215332  seconds  -2.0715606234491526 -0.21874768314090895 0.001 0.25058300828800734
0.6129305362701416  seconds  -0.8398833080477627 1.9065970917869826 0.001 0.2507461495996256
0.5955173969268799  seconds  1.8574981874907535 -1.050793915193462 0.001 0.25441625337185947
0.6562216281890869  seconds  -0.4299299381168939 -2.069761167947986 0.001 0.2529668911307479
0.6609523296356201  seconds  -1.8462418917291237 1.070531879823159 0.001 0.25453383203548324
0.5715236663818359  seconds  0.8597493052152466 -1.8966965789777421 0.001 0.25091321995525057
0.576322078704834  seconds  2.070140325422075 0.240320817253092 0.001 0.2507579716288477
0.605431079864502  seconds  -1.5664608075636446 -1.417723393669004 0.001 0.2532715388055655
0.4855232238769531  seconds  1.550413876853087 1.4327144111261958 0.001 0.2525681793885832
0.5775036811828613  seconds  0.40877803612820485 2.075762809182474 0.001 0.2544638323096245
0.48117947578430176  seconds  -0.38696557796503234 -2.081669584522123 0.001 0.2530246800571262
0.5854442119598389  seconds  -2.0685299971907245 -0.2624827073945419 0.001 0.2513780833083505
0.5725476741790771  seconds  1.8787587569944568 -1.011313400139891 0.001 0.2542543936951138
0.6381843090057373  seconds  -0.8790162666781393 1.8869359091155986 0.001 0.25186959520916985
0.5831680297851562  seconds  -1.868145581039169 1.0314026075453278 0.001 0.2544766765516143
0.577404260635376  seconds  0.8987296763547088 -1.876788418008077 0.001 0.25266490056615326
0.5458247661590576  seconds  -1.5337749208004903 -1.4479154002033028 0.001 0.25293092588443056
0.4105827808380127  seconds  1.517429296269103 1.4625277061326576 0.001 0.2522504350519122
0.5760724544525146  seconds  2.0668112955231677 0.2840638172113786 0.001 0.25145523838831496
0.5282676219940186  seconds  -0.34366437500791086 -2.0925267568963104 0.001 0.25334730218208806
0.6046895980834961  seconds  0.36564534631251194 2.08716133677142 0.001 0.2539883255679273
0.5728282928466797  seconds  -2.064887337515441 -0.30623312820606996 0.001 0.2536958374851294
0.4837167263031006  seconds  1.483883275913529 1.4915943135847378 0.001 0.25199569065152627
0.5780725479125977  seconds  -0.9178507982417078 1.866791340006846 0.001 0.25162144924042257
0.5019924640655518  seconds  -1.5004986982534199 -1.4773467538279614 0.001 0.2525369809617617
0.5487487316131592  seconds  0.9374171092668342 -1.8564045563875293 0.001 0.2510912953327125
0.5703997611999512  seconds  -1.888776245414087 0.9915925247733807 0.001 0.25440967715422214
0.6612346172332764  seconds  1.8987401733899998 -0.971178257255622 0.001 0.2542897368138432
0.5893073081970215  seconds  2.0628556884012785 0.3278203441165836 0.001 0.2511575096856825
0.47794604301452637  seconds  0.32218500381717174 2.097474325275695 0.001 0.2559739286080034
0.40586018562316895  seconds  1.4498304333861816 1.5199437307628416 0.001 0.25192570706315714
0.40401721000671387  seconds  -0.956397523413524 1.8461773449758068 0.001 0.2513885488978773
0.6824405193328857  seconds  -0.3000463585205774 -2.1022634699592015 0.001 0.25412520869627103
0.49158310890197754  seconds  1.917439462120429 -0.9304437099806901 0.001 0.25422075731517185
0.6641542911529541  seconds  -2.060601971129677 -0.34999437364544933 0.001 0.25154079184935607
0.6159164905548096  seconds  -1.4666894057046518 -1.5060462184271148 0.001 0.2523097679042164
0.5274553298950195  seconds  2.058240625409002 0.37158425118622534 0.001 0.2512916277565963
0.6098084449768066  seconds  -1.908124846856179 0.9511545594040527 0.001 0.2545682980809747
0.6749398708343506  seconds  0.9758217324909216 -1.8355564924031333 0.001 0.25226873944662176
0.4879741668701172  seconds  1.4153197941981086 1.547606359546227 0.001 0.2522084689821058
0.5158028602600098  seconds  -0.9946659686188296 1.8251030439055176 0.001 0.25094717952433365
0.5860085487365723  seconds  0.2784197578207152 2.1066333088801965 0.001 0.25455960175000303
0.5345571041107178  seconds  1.9348651762039744 -0.8891682971387518 0.001 0.25388861297416
0.5967378616333008  seconds  -0.2561370596760539 -2.11081239611584 0.001 0.2547861981313766
0.6288104057312012  seconds  -2.05563881972325 -0.3937585591420538 0.001 0.25589761622671625
0.5617280006408691  seconds  2.0529288380562947 0.4153458356311493 0.001 0.25253693660169035
0.5599966049194336  seconds  -1.9261940690666224 0.9101457184160954 0.001 0.254403606630147
0.5364868640899658  seconds  1.0139523548132683 -1.8142509701679346 0.001 0.25047213355186176
0.6635842323303223  seconds  -1.432398838389301 -1.5340438243954588 0.001 0.25199389670203187
0.5453605651855469  seconds  1.3803945557500779 1.574612684205474 0.001 0.25169689068318707
0.5600450038909912  seconds  0.23437786326333407 2.1145725808153504 0.001 0.2567066171504029
0.5764760971069336  seconds  -1.0326641709091344 1.8035729681232315 0.001 0.2502036167486501
0.5203135013580322  seconds  1.9510366550825013 -0.8474123317271309 0.001 0.2538307151230178
0.5435349941253662  seconds  -1.9429979865672564 0.8686256484912095 0.001 0.2538812249326723
0.6419787406921387  seconds  -0.2119675041673358 -2.118109974285947 0.001 0.25417635610684197
0.5535414218902588  seconds  1.0518161021889278 -1.7924902797692899 0.001 0.2503232736225646
0.5976073741912842  seconds  -2.0499584494347487 -0.43751399862370943 0.001 0.25350507078796597
0.6230771541595459  seconds  2.046878923752997 0.45909138036633795 0.001 0.25346470625424644
0.4586801528930664  seconds  1.345092099685878 1.6009926293682466 0.001 0.2522019853881001
0.6516189575195312  seconds  -1.3976730956746461 -1.5613701283935746 0.001 0.2515916383177582
0.5585577487945557  seconds  -1.070398252763771 1.7815872548562293 0.001 0.25054060649565346
0.5137906074523926  seconds  1.9659829056663451 -0.8052363686204634 0.001 0.2540943722599864
0.648531436920166  seconds  0.19009297041405254 2.121231124599273 0.001 0.2580217034691931
0.38226747512817383  seconds  1.3094440917263868 1.6267749877329445 0.001 0.25156764628137257
0.5009829998016357  seconds  -2.0435174857067735 -0.4812447742984226 0.001 0.2534461423798892
0.5922715663909912  seconds  -0.16757398379373792 -2.1240984584336577 0.001 0.25534251953377485
0.581439733505249  seconds  1.0894179793733245 -1.7702724279333648 0.001 0.250694281019859
0.641472339630127  seconds  -1.958560869200535 0.8266549671251101 0.001 0.25460538139941163
0.5816550254821777  seconds  2.040045634896563 0.5028027136491384 0.001 0.253326684512543
0.6703159809112549  seconds  -1.3625524241173788 -1.5880553998285114 0.001 0.251761390482664
0.6167566776275635  seconds  -1.1078720337251071 1.7591418946321153 0.001 0.2506471223043666
0.5739889144897461  seconds  1.97974110085354 -0.7626997378706564 0.001 0.25365181864985686
0.47421956062316895  seconds  1.2734766817126721 1.6519868807193787 0.001 0.25074229110197505
0.6552760601043701  seconds  0.14560383324832635 2.126554875191277 0.001 0.25614285690512173
0.4993455410003662  seconds  1.1267604801429758 -1.747591380111792 0.001 0.25047236742274037
0.6387042999267578  seconds  -2.036268966317957 -0.5249303182071211 0.001 0.25411072100145027
0.6097753047943115  seconds  -0.12299761325679019 -2.128727940465006 0.001 0.25546207362224704
0.6077353954315186  seconds  2.0323804729732604 0.5464568503354061 0.001 0.2546897855821789
0.6435220241546631  seconds  -1.972915937714742 0.7842937934233418 0.001 0.2626701569374323
0.6259748935699463  seconds  -1.3270712807777079 -1.6141290621367015 0.001 0.2531199560011149
0.6126813888549805  seconds  1.9923549981833946 -0.7198592824490758 0.001 0.2537990035845556
0.632392406463623  seconds  -1.1450866374002995 1.7362289712224055 0.001 0.2504869636880092
0.5785737037658691  seconds  1.2372107948091615 1.6766533354608901 0.001 0.2512488509795319
0.44970035552978516  seconds  1.1638432086413657 -1.724437327068588 0.001 0.250442491707001
0.6026551723480225  seconds  0.10095369769432451 2.130498412048103 0.001 0.2558853845353913
0.6618781089782715  seconds  -2.0281628922560624 -0.5685450728950686 0.001 0.2543726191455754
0.6193552017211914  seconds  -0.07828363836997111 -2.1319581603492215 0.001 0.25495389559990117
0.572084903717041  seconds  -1.986103847883864 0.7416003838420018 0.001 0.26177393119872944
0.6045682430267334  seconds  2.02383222612554 0.5900256749990663 0.001 0.25292663246867225
0.46881937980651855  seconds  -1.1820400654218968 1.7128368516810035 0.001 0.25067538321072125
0.5700156688690186  seconds  -1.291258498533608 -1.6396190956759091 0.001 0.2509959751531856
0.4837148189544678  seconds  1.2006624510029844 -1.7007968788298253 0.001 0.25089788068735824
0.5535135269165039  seconds  1.2006624510029846 1.7007968788298253 0.001 0.2508978806873565
0.5905942916870117  seconds  2.0038732798937438 -0.6767683087573789 0.001 0.2535577469495605
0.5290677547454834  seconds  0.056189539044642724 2.1330269572391747 0.001 0.25477490243518464
0.5099143981933594  seconds  -0.033480543704899376 -2.133760204819846 0.001 0.2547979555903137
0.5242505073547363  seconds  -1.9981709117806123 0.6986299296444939 0.001 0.2546665933978548
0.549767255783081  seconds  -2.0191470240911316 -0.6120582491462697 0.001 0.2542759264081228
0.5356414318084717  seconds  2.014347808429263 0.6334757589220148 0.001 0.25311534523910756
0.45703577995300293  seconds  -1.2187268424730793 1.688950502677832 0.001 0.25172235060016634
0.4817233085632324  seconds  1.2372107948091617 -1.6766533354608901 0.001 0.25124885097953403
0.48476099967956543  seconds  1.1638432086413666 1.7244373270685873 0.001 0.2504424917069986
0.5699987411499023  seconds  -1.2551375570104757 -1.6645516457821523 0.001 0.25269033344613745
0.5620439052581787  seconds  2.014347808429263 -0.6334757589220157 0.001 0.25311534523910745
0.6027908325195312  seconds  0.011361040873503672 2.1341175735762143 0.001 0.2549585192740361
0.4667518138885498  seconds  0.011361040873502724 -2.1341175735762143 0.001 0.2549585192740363
0.5117735862731934  seconds  -2.009167663943945 -0.6554336925398423 0.001 0.25508136434285955
0.5220112800598145  seconds  2.003873279893744 0.6767683087573781 0.001 0.2535577469495605
0.5744919776916504  seconds  -2.009167663943945 0.6554336925398436 0.001 0.25508136434282563
0.5101938247680664  seconds  -1.2551375570104757 1.6645516457821525 0.001 0.2526903334462261
0.4730346202850342  seconds  1.2734766817126706 -1.6519868807193798 0.001 0.25074229110197704
0.5587918758392334  seconds  1.1267604801429767 1.7475913801117917 0.001 0.2504723674227395
0.5100185871124268  seconds  2.0238322261255393 -0.5900256749990671 0.001 0.2529266324686715
0.7709243297576904  seconds  -1.2187268424730795 -1.688950502677832 0.001 0.25172235060015913
0.5688037872314453  seconds  0.05618953904464177 -2.1330269572391747 0.001 0.25477490243518486
0.48470234870910645  seconds  1.9923549981833946 0.7198592824490758 0.001 0.25379900358455665
0.6506898403167725  seconds  -0.03348054370489796 2.133760204819846 0.001 0.2547979555903135
0.6484584808349609  seconds  -1.9981709117806128 -0.6986299296444928 0.001 0.2546665933978298
0.5781650543212891  seconds  -1.2912584985336073 1.6396190956759096 0.001 0.25099597515319777
0.5928001403808594  seconds  1.3094440917263859 -1.6267749877329447 0.001 0.2515676462813787
0.6527464389801025  seconds  -2.0191470240911316 0.6120582491462712 0.001 0.25427592640816415
0.46959638595581055  seconds  1.0894179793733252 1.7702724279333644 0.001 0.25069428101986074
0.5294632911682129  seconds  2.03238047297326 -0.546456850335407 0.001 0.25468978558217736
0.46874451637268066  seconds  0.10095369769432404 -2.1304984120481025 0.001 0.2558853845353912
0.5922887325286865  seconds  -0.07828363836996922 2.131958160349221 0.001 0.2549538955999011
0.6273736953735352  seconds  1.9797411008535402 0.7626997378706555 0.001 0.25365181864986
0.6740434169769287  seconds  -1.182040065421897 -1.7128368516810037 0.001 0.25067538321072147
0.48513197898864746  seconds  1.0518161021889296 1.792490279769289 0.001 0.25032327362256396
0.5241372585296631  seconds  1.3450920996858773 -1.6009926293682473 0.001 0.2522019853881225
0.5627470016479492  seconds  -1.3270712807777063 1.6141290621367022 0.001 0.25311995600115966
0.6282074451446533  seconds  -1.9861038478838637 -0.7416003838420013 0.001 0.26177393119885933
0.6108705997467041  seconds  -2.0281628922560624 0.5685450728950681 0.001 0.25437261914553944
0.5059175491333008  seconds  2.0400456348965625 -0.5028027136491394 0.001 0.25332668451254164
0.5632491111755371  seconds  0.14560383324832635 -2.126554875191277 0.001 0.2561428569051215
0.5727517604827881  seconds  -0.12299761325679019 2.128727940465006 0.001 0.2554620736222471
0.5118510723114014  seconds  1.0139523548132698 1.8142509701679337 0.001 0.25047213355186015
0.5143661499023438  seconds  1.380394555750077 -1.5746126842054744 0.001 0.2516968906831972
0.5544421672821045  seconds  -1.3625524241173776 1.5880553998285123 0.001 0.25176139048266605
0.6601076126098633  seconds  1.9659829056663451 0.8052363686204624 0.001 0.25409437225999026
0.6412036418914795  seconds  -1.1450866374003013 -1.7362289712224042 0.001 0.25048696368800943
0.5596275329589844  seconds  2.046878923752997 -0.4590913803663389 0.001 0.2534647062542463
0.6017348766326904  seconds  -2.036268966317957 0.5249303182071207 0.001 0.2541107210014807
0.6549866199493408  seconds  -1.972915937714742 -0.7842937934233414 0.001 0.26267015693767976
0.5652961730957031  seconds  0.19009297041405254 -2.1212311245992725 0.001 0.258021703469193
0.5613951683044434  seconds  -0.16757398379373747 2.1240984584336577 0.001 0.25534251953377474
0.5931987762451172  seconds  0.9758217324909215 1.8355564924031331 0.001 0.25226873944662354
0.5886564254760742  seconds  1.4153197941981086 -1.547606359546227 0.001 0.2522084689821173
0.5472025871276855  seconds  -1.3976730956746448 1.5613701283935757 0.001 0.2515916383177588
0.5548233985900879  seconds  -1.107872033725109 -1.7591418946321142 0.001 0.25064712230436925
0.4957871437072754  seconds  2.0529288380562947 -0.4153458356311502 0.001 0.25253693660168924
0.6690630912780762  seconds  1.9510366550825018 0.8474123317271302 0.001 0.2538307151230178
0.5525462627410889  seconds  -2.0435174857067735 0.48124477429842305 0.001 0.25344614237988494
0.6257455348968506  seconds  -1.9585608692005352 -0.8266549671251098 0.001 0.2546053813994164
0.5862045288085938  seconds  0.23437786326333268 -2.114572580815351 0.001 0.256706617150403
0.6409115791320801  seconds  -0.21196750416733534 2.118109974285947 0.001 0.2541763561068419
0.5769491195678711  seconds  -1.4323988383893012 1.5340438243954584 0.001 0.25199389670203204
0.6245522499084473  seconds  0.937417109266834 1.8564045563875293 0.001 0.25109129533271396
0.6240427494049072  seconds  1.449830433386181 -1.5199437307628423 0.001 0.2519257070631592
0.6175136566162109  seconds  2.058240625409002 -0.37158425118622623 0.001 0.2512916277565953
0.6927962303161621  seconds  -1.0703982527637717 -1.7815872548562288 0.001 0.2505406064956582
0.5803730487823486  seconds  -2.0499584494347487 0.43751399862370993 0.001 0.2535050707879529
0.630272388458252  seconds  -1.9429979865672564 -0.8686256484912098 0.001 0.25388122493267234
0.7414746284484863  seconds  1.9348651762039748 0.8891682971387508 0.001 0.2538886129741581
0.5448324680328369  seconds  0.2784197578207138 -2.106633308880197 0.001 0.2545596017500037
0.5085554122924805  seconds  -1.4666894057046518 1.5060462184271148 0.001 0.25230976790421755
0.5486688613891602  seconds  1.4838832759135285 -1.4915943135847385 0.001 0.25199569065152894
0.5124022960662842  seconds  2.0628556884012785 -0.3278203441165846 0.001 0.2511575096856825
0.6267991065979004  seconds  -0.256137059676053 2.11081239611584 0.001 0.2547861981313768
0.607372522354126  seconds  0.8987296763547096 1.8767884180080765 0.001 0.2526649005661558
0.5523581504821777  seconds  -1.032664170909135 -1.8035729681232309 0.001 0.25020361674865077
0.5704460144042969  seconds  -2.0556388197232494 0.3937585591420552 0.001 0.25589761622674917
0.550100564956665  seconds  0.3221850038171706 -2.097474325275695 0.001 0.2559739286080236
0.628760576248169  seconds  -1.926194069066623 -0.9101457184160937 0.001 0.25440360663015055
0.6222610473632812  seconds  1.9174394621204292 0.9304437099806893 0.001 0.254220757315174
0.48695874214172363  seconds  -1.5004986982534194 1.477346753827962 0.001 0.25253698096177013
0.5266947746276855  seconds  2.0668112955231677 -0.28406381721137863 0.001 0.251455238388315
0.5091488361358643  seconds  0.8597493052152475 1.896696578977742 0.001 0.2509132199552503
0.5639700889587402  seconds  1.517429296269102 -1.462527706132658 0.001 0.2522504350519124
0.5498356819152832  seconds  -0.30004635852057615 2.102263469959202 0.001 0.2541252086962747
0.5771961212158203  seconds  -0.9946659686188296 -1.8251030439055176 0.001 0.25094717952433593
0.5974788665771484  seconds  -2.060601971129677 0.3499943736454516 0.001 0.2515407918493647
0.4795663356781006  seconds  0.3656453463125115 -2.0871613367714206 0.001 0.253988325568135
0.4141719341278076  seconds  -1.5337749208004892 1.447915400203303 0.001 0.2529309258844299
0.5856952667236328  seconds  1.89874017339 0.9711782572556211 0.001 0.25428973681384304
0.6624212265014648  seconds  -1.908124846856179 -0.9511545594040522 0.001 0.2545682980809766
0.48943495750427246  seconds  2.070140325422075 -0.24032081725309293 0.001 0.2507579716288477
0.5302209854125977  seconds  -0.3436643750079095 2.092526756896311 0.001 0.25334730218208884
0.5803782939910889  seconds  1.5504138768530862 -1.4327144111261965 0.001 0.252568179388584
0.6746776103973389  seconds  0.8204649976565441 1.9161126183651525 0.001 0.2507334113014769
0.5191638469696045  seconds  0.4087780361282044 -2.075762809182474 0.001 0.2544638323096329
0.4570431709289551  seconds  -1.566460807563644 1.4177233936690044 0.001 0.25327153880557435
0.6258053779602051  seconds  -0.956397523413524 -1.8461773449758068 0.001 0.2513885488978801
0.587007999420166  seconds  -2.064887337515441 0.30623312820607196 0.001 0.25369583748514246
0.6608858108520508  seconds  1.8787587569944573 1.01131340013989 0.001 0.25425439369510977
0.5873186588287354  seconds  2.072871061795031 -0.19659441382168136 0.001 0.2503203214258624
0.5257134437561035  seconds  1.5827772404378062 -1.4021267257158174 0.001 0.2531313909551333
0.6783244609832764  seconds  -1.8887762454140873 -0.9915925247733801 0.001 0.25440967715422336
0.5640952587127686  seconds  -0.3869655779650305 2.0816695845221234 0.001 0.25302468005712914
0.5079724788665771  seconds  0.7808652738527905 1.9350149093594362 0.001 0.2512092487883346
0.47673845291137695  seconds  -1.5984943041317938 1.3867443050936028 0.001 0.25416721099003275
0.4883439540863037  seconds  0.4515657737084741 -2.063348219716102 0.001 0.25296104737150643
0.5931687355041504  seconds  -2.0685299971907245 0.2624827073945416 0.001 0.25137808330835076
0.64121413230896  seconds  -0.9178507982417095 -1.8667913400068454 0.001 0.25162144924041924
0.4968893527984619  seconds  1.6144551213535365 -1.370739704975877 0.001 0.2539562743790699
0.5735428333282471  seconds  1.857498187490754 1.0507939151934613 0.001 0.2544162533718564
0.5670480728149414  seconds  2.0750272113722814 -0.15288508844778506 0.001 0.25021570224871303
0.5544147491455078  seconds  -0.4299299381168939 2.069761167947986 0.001 0.25296689113075066
0.5887761116027832  seconds  -1.8681455810391694 -1.031402607545327 0.001 0.2544766765516096
0.5064020156860352  seconds  0.4939964049845189 -2.049986253298796 0.001 0.25251711113983755
0.5580897331237793  seconds  -1.6298091944652913 1.3549548673283174 0.001 0.2556620309777531
0.6182317733764648  seconds  0.7409386871782528 1.9533765363857472 0.001 0.25116142150639903
0.6483793258666992  seconds  -2.0715606234491526 0.2187476831409091 0.001 0.2505830082880073
0.6843876838684082  seconds  -0.8790162666781407 -1.886935909115598 0.001 0.25186959520916047
0.507953405380249  seconds  1.6453796392069533 -1.3385321429336603 0.001 0.2543227162532446
0.5360853672027588  seconds  1.834973546034571 1.0895695235028144 0.001 0.2544089120279038
0.5299475193023682  seconds  2.0766277328855542 -0.10919121284874204 0.001 0.25029482226442273
0.5033085346221924  seconds  0.5360625737145414 -2.0357435198532228 0.001 0.2521821932854763
0.48382115364074707  seconds  -1.6603363153009698 1.3223361700635452 0.001 0.27201128647771833
0.5396983623504639  seconds  -1.846241891729124 -1.0705318798231587 0.001 0.2545338320354718
0.5971698760986328  seconds  -0.47254271975435425 2.0568707367882966 0.001 0.2524862079217893
0.5113744735717773  seconds  0.7006742146616708 1.9711650112330168 0.001 0.2512077419500354
0.6349735260009766  seconds  -2.0740052479433446 0.17502978751196058 0.001 0.25028804663402693
0.54882979393005370.5744822025299072  seconds    seconds  1.6754806059140315-0.8398833080477636  -1.305487703165699-1.9065970917869823  0.0010.001  0.254196286204691040.2507461495996247

0.5370557308197021  seconds  1.811211504095439 1.1275960308145898 0.001 0.2550132542788275
0.5171945095062256  seconds  2.0776868403135214 -0.06550952827684275 0.001 0.25092335355495926
0.4766075611114502  seconds  0.5777612010748392 -2.0206832979994074 0.001 0.2518919521440214
0.5348551273345947  seconds  -1.6900047448023103 1.2888745453508708 0.001 0.26962086767714954
0.49680566787719727  seconds  0.6600618310115381 1.9883423067373378 0.001 0.25151873009479964
0.6170730590820312  seconds  -1.823086226137619 -1.1089330189850093 0.001 0.25472088307625623
0.6181511878967285  seconds  -0.514794188981166 2.043066112581354 0.001 0.25216661528581386
0.46547746658325195  seconds  1.7046868440303509 -1.271595797835146 0.001 0.25763857150081837
0.448958158493042  seconds  1.7862499898009514 1.164836596259931 0.001 0.25575953985976313
0.4463944435119629  seconds  0.6190929978156064 -2.004864785063102 0.001 0.25150105708304377
0.5037693977355957  seconds  2.0782140214101203 -0.02183561975953291 0.001 0.2539877725562851
0.5591089725494385  seconds  -0.8004406292904718 -1.9257558555701342 0.001 0.25151571902564496
0.6063132286071777  seconds  -2.075885223439927 0.13132839997911047 0.001 0.2502535762948478
0.5877139568328857  seconds  -1.7187436131665437 1.2545627668837462 0.001 0.2580475288715283
0.5879817008972168  seconds  -1.798711062597007 -1.1465654357005564 0.001 0.25593902365133475
0.648735761642456  seconds  -0.556679183268285 2.0284124340124197 0.001 0.2518871071619476
0.4818716049194336  seconds  1.7601367498654465 1.2012623002199214 0.001 0.26363886283017374
0.5656392574310303  seconds  -2.077217169693031 0.08764102835505799 0.001 0.25052366291465167
0.6291611194610596  seconds  -0.7606767029560663 -1.9443879089052716 0.001 0.25144024087051037
0.5889930725097656  seconds  -1.7731594354395024 -1.183396204273755 0.001 0.25633412910461234
0.5381779670715332  seconds  -0.5981965490838153 2.0129710273535095 0.001 0.251578816726864
0.5303599834442139  seconds  1.732928063096745 1.2368526959253296 0.001 0.271888428337536
0.5616309642791748  seconds  -2.0780129707737958 0.04396378540195992 0.001 0.2520312088982194
0.5565893650054932  seconds  -0.7205802468596606 -1.962463543620383 0.001 0.25123369171886306
0.4198746681213379  seconds  -0.6393486261809227 1.996798759524908 0.001 0.25142958803636617
0.5266282558441162  seconds  -1.7464836520341043 -1.219400688860213 0.001 0.2555586291804799
0.5464627742767334  seconds  -2.0782798052691485 0.0002918571845507145 0.001 0.2500534235785792
0.5402915477752686  seconds  -0.6801406630727915 -1.9799474440442415 0.001 0.2513331881494329
time for calc.... 20.086384057998657
204.06user 53.21system 1:49.68elapsed 234%CPU (0avgtext+0avgdata 6568964maxresident)k
464inputs+2856outputs (94major+5593548minor)pagefaults 0swaps
