reading lattice from... ./Lattices/sqKgridX6000.npy
reading lattice from... ./Lattices/sqKgridY6000.npy
starting sampling in reciprocal space....
 finished sampling in reciprocal space.... 0.07837033271789551
started calculating filling for chemical potential and dispersion parameters TB_single_band..
reading lattice from... ./Lattices/KgridX1200.npy
reading lattice from... ./Lattices/KgridY1200.npy
reading lattice from... ./Lattices/KgridX1200.npy
reading lattice from... ./Lattices/KgridY1200.npy
sum of the hist, normed? 1.0
finished calculating filling for chemical potential
Filling: 0.5005457254054085 .... chemical potential: 27.426155987022412
reading lattice from... ./Lattices/KgridX1200.npy
reading lattice from... ./Lattices/KgridY1200.npy
sum of the hist, normed? 0.9999999999999923
The fermi energy in mev is: 3043.586452905812, and in units of J: 294.35072078392767, the bandwidth is:494.39071566731144
reading lattice from... ./Lattices/KgridX1000.npy
reading lattice from... ./Lattices/KgridY1000.npy
the values for the fit of the diffusion peak are [2.83528296 0.7331061 ]
the effective diffusion constant is ... 0.73310610013193 the scale C is ....  2.8352829583717805
reading lattice from... ./Lattices/KgridX6000.npy
reading lattice from... ./Lattices/KgridY6000.npy
reading lattice from... ./Lattices/sqKgridX6000.npy
reading lattice from... ./Lattices/sqKgridY6000.npy
energy at the point.. 2.607302062202848 -0.0069534984789219045  is  3.923355237134274e-06
200 the points 10 chunk numtheads
starting with calculation of Sigma
118.36803126335144  seconds  2.607302062202848 -0.0069534984789219045 0.0
119.31213402748108  seconds  2.607302062202848 -0.0069534984789219045 1.0
119.1236035823822  seconds  2.607302062202848 -0.0069534984789219045 2.0
122.97021293640137  seconds  2.607302062202848 -0.0069534984789219045 3.0
126.0933485031128  seconds  2.607302062202848 -0.0069534984789219045 4.0
128.91997408866882  seconds  2.607302062202848 -0.0069534984789219045 5.0
130.2489950656891  seconds  2.607302062202848 -0.0069534984789219045 6.0
133.21492385864258  seconds  2.607302062202848 -0.0069534984789219045 7.0
133.3249056339264  seconds  2.607302062202848 -0.0069534984789219045 8.0
146.98049354553223  seconds  2.607302062202848 -0.0069534984789219045 9.0
159.70412230491638  seconds  2.607302062202848 -0.0069534984789219045 10.0
146.52138447761536  seconds  2.607302062202848 -0.0069534984789219045 16.0
146.59777116775513  seconds  2.607302062202848 -0.0069534984789219045 18.0
144.14307498931885  seconds  2.607302062202848 -0.0069534984789219045 19.0
244.70745396614075  seconds  2.607302062202848 -0.0069534984789219045 11.0
232.4816017150879  seconds  2.607302062202848 -0.0069534984789219045 0.1
226.41739153862  seconds  2.607302062202848 -0.0069534984789219045 1.1
245.462477684021  seconds  2.607302062202848 -0.0069534984789219045 13.0
241.8183238506317  seconds  2.607302062202848 -0.0069534984789219045 14.0
258.3541724681854  seconds  2.607302062202848 -0.0069534984789219045 12.0
238.7132019996643  seconds  2.607302062202848 -0.0069534984789219045 15.0
238.55146551132202  seconds  2.607302062202848 -0.0069534984789219045 17.0
250.9014482498169  seconds  2.607302062202848 -0.0069534984789219045 2.1
241.65914964675903  seconds  2.607302062202848 -0.0069534984789219045 3.1
221.52780938148499  seconds  2.607302062202848 -0.0069534984789219045 5.1000000000000005
232.95935368537903  seconds  2.607302062202848 -0.0069534984789219045 4.1000000000000005
120.17617011070251  seconds  2.607302062202848 -0.0069534984789219045 16.1
231.4051752090454  seconds  2.607302062202848 -0.0069534984789219045 6.1000000000000005
219.58908009529114  seconds  2.607302062202848 -0.0069534984789219045 7.1000000000000005
116.29601526260376  seconds  2.607302062202848 -0.0069534984789219045 18.1
113.46356177330017  seconds  2.607302062202848 -0.0069534984789219045 19.1
212.6107587814331  seconds  2.607302062202848 -0.0069534984789219045 9.1
244.30785608291626  seconds  2.607302062202848 -0.0069534984789219045 8.1
201.3517541885376  seconds  2.607302062202848 -0.0069534984789219045 10.100000000000001
140.5801317691803  seconds  2.607302062202848 -0.0069534984789219045 11.100000000000001
150.77907967567444  seconds  2.607302062202848 -0.0069534984789219045 0.2
149.70759797096252  seconds  2.607302062202848 -0.0069534984789219045 1.2000000000000002
150.5668821334839  seconds  2.607302062202848 -0.0069534984789219045 13.100000000000001
148.04988884925842  seconds  2.607302062202848 -0.0069534984789219045 14.100000000000001
111.20142269134521  seconds  2.607302062202848 -0.0069534984789219045 16.2
159.89299082756042  seconds  2.607302062202848 -0.0069534984789219045 12.100000000000001
153.1410632133484  seconds  2.607302062202848 -0.0069534984789219045 15.100000000000001
112.96828246116638  seconds  2.607302062202848 -0.0069534984789219045 18.2
148.80622482299805  seconds  2.607302062202848 -0.0069534984789219045 17.1
111.26144194602966  seconds  2.607302062202848 -0.0069534984789219045 19.200000000000003
152.5527195930481  seconds  2.607302062202848 -0.0069534984789219045 2.2
151.78382205963135  seconds  2.607302062202848 -0.0069534984789219045 3.2
152.6059308052063  seconds  2.607302062202848 -0.0069534984789219045 5.2
153.25445890426636  seconds  2.607302062202848 -0.0069534984789219045 4.2
151.5783989429474  seconds  2.607302062202848 -0.0069534984789219045 6.2
160.45729422569275  seconds  2.607302062202848 -0.0069534984789219045 7.2
151.47587823867798  seconds  2.607302062202848 -0.0069534984789219045 9.200000000000001
147.27079606056213  seconds  2.607302062202848 -0.0069534984789219045 10.200000000000001
153.6957859992981  seconds  2.607302062202848 -0.0069534984789219045 8.200000000000001
109.83604454994202  seconds  2.607302062202848 -0.0069534984789219045 16.3
108.69061207771301  seconds  2.607302062202848 -0.0069534984789219045 18.3
143.54770612716675  seconds  2.607302062202848 -0.0069534984789219045 0.30000000000000004
109.01887512207031  seconds  2.607302062202848 -0.0069534984789219045 19.3
145.1230549812317  seconds  2.607302062202848 -0.0069534984789219045 1.3
147.19181156158447  seconds  2.607302062202848 -0.0069534984789219045 13.200000000000001
175.71283602714539  seconds  2.607302062202848 -0.0069534984789219045 11.200000000000001
153.51061034202576  seconds  2.607302062202848 -0.0069534984789219045 14.200000000000001
147.49010920524597  seconds  2.607302062202848 -0.0069534984789219045 12.200000000000001
147.28752946853638  seconds  2.607302062202848 -0.0069534984789219045 17.2
163.90213108062744  seconds  2.607302062202848 -0.0069534984789219045 15.200000000000001
151.73704600334167  seconds  2.607302062202848 -0.0069534984789219045 2.3000000000000003
152.82642006874084  seconds  2.607302062202848 -0.0069534984789219045 3.3000000000000003
149.82705760002136  seconds  2.607302062202848 -0.0069534984789219045 5.300000000000001
151.08518600463867  seconds  2.607302062202848 -0.0069534984789219045 4.3
146.6442356109619  seconds  2.607302062202848 -0.0069534984789219045 6.300000000000001
150.51846170425415  seconds  2.607302062202848 -0.0069534984789219045 7.300000000000001
141.5056540966034  seconds  2.607302062202848 -0.0069534984789219045 9.3
109.28518271446228  seconds  2.607302062202848 -0.0069534984789219045 16.400000000000002
144.98830485343933  seconds  2.607302062202848 -0.0069534984789219045 8.3
149.5411298274994  seconds  2.607302062202848 -0.0069534984789219045 10.3
109.43061208724976  seconds  2.607302062202848 -0.0069534984789219045 18.400000000000002
110.56797361373901  seconds  2.607302062202848 -0.0069534984789219045 19.400000000000002
138.59459614753723  seconds  2.607302062202848 -0.0069534984789219045 0.4
140.58872175216675  seconds  2.607302062202848 -0.0069534984789219045 13.3
144.4386374950409  seconds  2.607302062202848 -0.0069534984789219045 11.3
145.56356072425842  seconds  2.607302062202848 -0.0069534984789219045 14.3
161.55353140830994  seconds  2.607302062202848 -0.0069534984789219045 1.4000000000000001
147.64737749099731  seconds  2.607302062202848 -0.0069534984789219045 12.3
144.18649315834045  seconds  2.607302062202848 -0.0069534984789219045 17.3
145.2958207130432  seconds  2.607302062202848 -0.0069534984789219045 15.3
140.4332296848297  seconds  2.607302062202848 -0.0069534984789219045 5.4
147.1212854385376  seconds  2.607302062202848 -0.0069534984789219045 2.4000000000000004
143.84613180160522  seconds  2.607302062202848 -0.0069534984789219045 4.4
146.83553552627563  seconds  2.607302062202848 -0.0069534984789219045 3.4000000000000004
109.71522307395935  seconds  2.607302062202848 -0.0069534984789219045 16.5
143.00351810455322  seconds  2.607302062202848 -0.0069534984789219045 6.4
109.63073754310608  seconds  2.607302062202848 -0.0069534984789219045 18.5
109.07790064811707  seconds  2.607302062202848 -0.0069534984789219045 19.5
142.35319304466248  seconds  2.607302062202848 -0.0069534984789219045 7.4
142.92777132987976  seconds  2.607302062202848 -0.0069534984789219045 9.4
139.96699023246765  seconds  2.607302062202848 -0.0069534984789219045 8.4
142.23375868797302  seconds  2.607302062202848 -0.0069534984789219045 10.4
133.70878767967224  seconds  2.607302062202848 -0.0069534984789219045 13.4
162.63438940048218  seconds  2.607302062202848 -0.0069534984789219045 0.5
145.12720608711243  seconds  2.607302062202848 -0.0069534984789219045 14.4
110.2992832660675  seconds  2.607302062202848 -0.0069534984789219045 16.6
142.49514484405518  seconds  2.607302062202848 -0.0069534984789219045 12.4
148.05324840545654  seconds  2.607302062202848 -0.0069534984789219045 1.5
164.6697347164154  seconds  2.607302062202848 -0.0069534984789219045 11.4
144.0239520072937  seconds  2.607302062202848 -0.0069534984789219045 17.400000000000002
109.78119087219238  seconds  2.607302062202848 -0.0069534984789219045 18.6
110.70071125030518  seconds  2.607302062202848 -0.0069534984789219045 19.6
139.9564905166626  seconds  2.607302062202848 -0.0069534984789219045 5.5
155.09468936920166  seconds  2.607302062202848 -0.0069534984789219045 15.4
146.39532995224  seconds  2.607302062202848 -0.0069534984789219045 4.5
149.16178727149963  seconds  2.607302062202848 -0.0069534984789219045 2.5
147.6884765625  seconds  2.607302062202848 -0.0069534984789219045 3.5
142.8263394832611  seconds  2.607302062202848 -0.0069534984789219045 6.5
142.17416858673096  seconds  2.607302062202848 -0.0069534984789219045 7.5
146.5538592338562  seconds  2.607302062202848 -0.0069534984789219045 9.5
143.4947474002838  seconds  2.607302062202848 -0.0069534984789219045 8.5
142.58719277381897  seconds  2.607302062202848 -0.0069534984789219045 10.5
107.17679500579834  seconds  2.607302062202848 -0.0069534984789219045 16.7
145.1342272758484  seconds  2.607302062202848 -0.0069534984789219045 13.5
108.0699987411499  seconds  2.607302062202848 -0.0069534984789219045 19.700000000000003
111.54107117652893  seconds  2.607302062202848 -0.0069534984789219045 18.7
150.36528372764587  seconds  2.607302062202848 -0.0069534984789219045 14.5
159.0554382801056  seconds  2.607302062202848 -0.0069534984789219045 0.6000000000000001
152.34147691726685  seconds  2.607302062202848 -0.0069534984789219045 12.5
150.0821931362152  seconds  2.607302062202848 -0.0069534984789219045 11.5
156.44849157333374  seconds  2.607302062202848 -0.0069534984789219045 1.6
153.88962316513062  seconds  2.607302062202848 -0.0069534984789219045 17.5
156.13917565345764  seconds  2.607302062202848 -0.0069534984789219045 5.6000000000000005
147.17090773582458  seconds  2.607302062202848 -0.0069534984789219045 2.6
147.5960614681244  seconds  2.607302062202848 -0.0069534984789219045 4.6000000000000005
151.12517094612122  seconds  2.607302062202848 -0.0069534984789219045 15.5
151.4789218902588  seconds  2.607302062202848 -0.0069534984789219045 3.6
147.81349921226501  seconds  2.607302062202848 -0.0069534984789219045 6.6000000000000005
148.77487206459045  seconds  2.607302062202848 -0.0069534984789219045 7.6000000000000005
144.23601460456848  seconds  2.607302062202848 -0.0069534984789219045 9.600000000000001
143.38386964797974  seconds  2.607302062202848 -0.0069534984789219045 8.6
113.05472183227539  seconds  2.607302062202848 -0.0069534984789219045 16.8
147.08504152297974  seconds  2.607302062202848 -0.0069534984789219045 10.600000000000001
114.22579646110535  seconds  2.607302062202848 -0.0069534984789219045 18.8
116.17531633377075  seconds  2.607302062202848 -0.0069534984789219045 19.8
148.37831091880798  seconds  2.607302062202848 -0.0069534984789219045 13.600000000000001
150.99378561973572  seconds  2.607302062202848 -0.0069534984789219045 0.7000000000000001
155.12234354019165  seconds  2.607302062202848 -0.0069534984789219045 14.600000000000001
160.80666375160217  seconds  2.607302062202848 -0.0069534984789219045 11.600000000000001
161.41853547096252  seconds  2.607302062202848 -0.0069534984789219045 1.7000000000000002
171.47466373443604  seconds  2.607302062202848 -0.0069534984789219045 12.600000000000001
159.9888093471527  seconds  2.607302062202848 -0.0069534984789219045 17.6
111.08321619033813  seconds  2.607302062202848 -0.0069534984789219045 16.900000000000002
156.3776068687439  seconds  2.607302062202848 -0.0069534984789219045 15.600000000000001
159.32205367088318  seconds  2.607302062202848 -0.0069534984789219045 4.7
160.9065980911255  seconds  2.607302062202848 -0.0069534984789219045 2.7
164.1231029033661  seconds  2.607302062202848 -0.0069534984789219045 5.7
157.63262295722961  seconds  2.607302062202848 -0.0069534984789219045 3.7
163.34383749961853  seconds  2.607302062202848 -0.0069534984789219045 6.7
111.32951736450195  seconds  2.607302062202848 -0.0069534984789219045 18.900000000000002
110.57062721252441  seconds  2.607302062202848 -0.0069534984789219045 19.900000000000002
158.96517515182495  seconds  2.607302062202848 -0.0069534984789219045 7.7
158.3129539489746  seconds  2.607302062202848 -0.0069534984789219045 9.700000000000001
156.15051531791687  seconds  2.607302062202848 -0.0069534984789219045 10.700000000000001
164.96478867530823  seconds  2.607302062202848 -0.0069534984789219045 8.700000000000001
131.3902130126953  seconds  2.607302062202848 -0.0069534984789219045 13.700000000000001
152.0573444366455  seconds  2.607302062202848 -0.0069534984789219045 0.8
186.25335693359375  seconds  2.607302062202848 -0.0069534984789219045 14.700000000000001
172.4125270843506  seconds  2.607302062202848 -0.0069534984789219045 11.700000000000001
165.4608826637268  seconds  2.607302062202848 -0.0069534984789219045 17.7
170.3766098022461  seconds  2.607302062202848 -0.0069534984789219045 12.700000000000001
179.26885890960693  seconds  2.607302062202848 -0.0069534984789219045 1.8
106.93744468688965  seconds  2.607302062202848 -0.0069534984789219045 13.8
166.62742519378662  seconds  2.607302062202848 -0.0069534984789219045 4.800000000000001
169.15895295143127  seconds  2.607302062202848 -0.0069534984789219045 2.8000000000000003
169.81675672531128  seconds  2.607302062202848 -0.0069534984789219045 5.800000000000001
171.26356554031372  seconds  2.607302062202848 -0.0069534984789219045 3.8000000000000003
177.17395615577698  seconds  2.607302062202848 -0.0069534984789219045 15.700000000000001
173.38913249969482  seconds  2.607302062202848 -0.0069534984789219045 6.800000000000001
170.9870617389679  seconds  2.607302062202848 -0.0069534984789219045 9.8
177.5295226573944  seconds  2.607302062202848 -0.0069534984789219045 7.800000000000001
161.10320281982422  seconds  2.607302062202848 -0.0069534984789219045 8.8
166.30895614624023  seconds  2.607302062202848 -0.0069534984789219045 10.8
149.6549370288849  seconds  2.607302062202848 -0.0069534984789219045 0.9
103.91468667984009  seconds  2.607302062202848 -0.0069534984789219045 13.9
127.38074779510498  seconds  2.607302062202848 -0.0069534984789219045 14.8
131.71854710578918  seconds  2.607302062202848 -0.0069534984789219045 11.8
131.57536697387695  seconds  2.607302062202848 -0.0069534984789219045 17.8
131.54615187644958  seconds  2.607302062202848 -0.0069534984789219045 12.8
128.70939326286316  seconds  2.607302062202848 -0.0069534984789219045 1.9000000000000001
128.9847092628479  seconds  2.607302062202848 -0.0069534984789219045 2.9000000000000004
128.31849694252014  seconds  2.607302062202848 -0.0069534984789219045 5.9
126.41324973106384  seconds  2.607302062202848 -0.0069534984789219045 15.8
130.31292581558228  seconds  2.607302062202848 -0.0069534984789219045 3.9000000000000004
108.55025267601013  seconds  2.607302062202848 -0.0069534984789219045 8.9
128.74022150039673  seconds  2.607302062202848 -0.0069534984789219045 6.9
125.24792265892029  seconds  2.607302062202848 -0.0069534984789219045 9.9
158.55791640281677  seconds  2.607302062202848 -0.0069534984789219045 4.9
127.47627186775208  seconds  2.607302062202848 -0.0069534984789219045 7.9
125.76880216598511  seconds  2.607302062202848 -0.0069534984789219045 10.9
111.82489061355591  seconds  2.607302062202848 -0.0069534984789219045 14.9
111.34995889663696  seconds  2.607302062202848 -0.0069534984789219045 11.9
109.34020256996155  seconds  2.607302062202848 -0.0069534984789219045 12.9
114.10846543312073  seconds  2.607302062202848 -0.0069534984789219045 17.900000000000002
108.12825441360474  seconds  2.607302062202848 -0.0069534984789219045 15.9
time for calc.... 1720.6183519363403
energy at the point.. 2.6065504737387184 0.2694480660582359  is  2.9915582295814147e-06
200 the points 10 chunk numtheads
starting with calculation of Sigma
115.6444673538208  seconds  2.6065504737387184 0.2694480660582359 0.0
101.04378414154053  seconds  2.6065504737387184 0.2694480660582359 3.0
118.71962690353394  seconds  2.6065504737387184 0.2694480660582359 1.0
118.99830746650696  seconds  2.6065504737387184 0.2694480660582359 2.0
123.76620244979858  seconds  2.6065504737387184 0.2694480660582359 4.0
123.97428250312805  seconds  2.6065504737387184 0.2694480660582359 5.0
125.83969211578369  seconds  2.6065504737387184 0.2694480660582359 6.0
127.34143280982971  seconds  2.6065504737387184 0.2694480660582359 7.0
131.6917085647583  seconds  2.6065504737387184 0.2694480660582359 8.0
125.60468125343323  seconds  2.6065504737387184 0.2694480660582359 9.0
133.50612902641296  seconds  2.6065504737387184 0.2694480660582359 10.0
102.04871249198914  seconds  2.6065504737387184 0.2694480660582359 3.1
136.53937649726868  seconds  2.6065504737387184 0.2694480660582359 11.0
145.19461822509766  seconds  2.6065504737387184 0.2694480660582359 12.0
141.61163973808289  seconds  2.6065504737387184 0.2694480660582359 0.1
151.89600253105164  seconds  2.6065504737387184 0.2694480660582359 13.0
145.13811540603638  seconds  2.6065504737387184 0.2694480660582359 1.1
147.63122963905334  seconds  2.6065504737387184 0.2694480660582359 14.0
149.26266360282898  seconds  2.6065504737387184 0.2694480660582359 2.1
153.18810510635376  seconds  2.6065504737387184 0.2694480660582359 15.0
156.82283687591553  seconds  2.6065504737387184 0.2694480660582359 16.0
152.7578239440918  seconds  2.6065504737387184 0.2694480660582359 4.1000000000000005
155.68368768692017  seconds  2.6065504737387184 0.2694480660582359 17.0
153.58807921409607  seconds  2.6065504737387184 0.2694480660582359 5.1000000000000005
154.33785009384155  seconds  2.6065504737387184 0.2694480660582359 18.0
149.70629835128784  seconds  2.6065504737387184 0.2694480660582359 6.1000000000000005
154.99236631393433  seconds  2.6065504737387184 0.2694480660582359 19.0
107.52283549308777  seconds  2.6065504737387184 0.2694480660582359 3.2
154.01073932647705  seconds  2.6065504737387184 0.2694480660582359 7.1000000000000005
147.0366723537445  seconds  2.6065504737387184 0.2694480660582359 9.1
157.818106174469  seconds  2.6065504737387184 0.2694480660582359 8.1
151.4858913421631  seconds  2.6065504737387184 0.2694480660582359 10.100000000000001
153.02660179138184  seconds  2.6065504737387184 0.2694480660582359 11.100000000000001
157.55490112304688  seconds  2.6065504737387184 0.2694480660582359 12.100000000000001
156.50297713279724  seconds  2.6065504737387184 0.2694480660582359 0.2
159.77428150177002  seconds  2.6065504737387184 0.2694480660582359 1.2000000000000002
162.80014157295227  seconds  2.6065504737387184 0.2694480660582359 13.100000000000001
151.6453857421875  seconds  2.6065504737387184 0.2694480660582359 2.2
160.00288128852844  seconds  2.6065504737387184 0.2694480660582359 14.100000000000001
108.17113304138184  seconds  2.6065504737387184 0.2694480660582359 3.3000000000000003
154.85176587104797  seconds  2.6065504737387184 0.2694480660582359 15.100000000000001
153.17109489440918  seconds  2.6065504737387184 0.2694480660582359 16.1
151.02045345306396  seconds  2.6065504737387184 0.2694480660582359 17.1
162.17936992645264  seconds  2.6065504737387184 0.2694480660582359 4.2
154.85920405387878  seconds  2.6065504737387184 0.2694480660582359 5.2
156.87647533416748  seconds  2.6065504737387184 0.2694480660582359 18.1
154.06537795066833  seconds  2.6065504737387184 0.2694480660582359 6.2
152.14270162582397  seconds  2.6065504737387184 0.2694480660582359 19.1
148.3036813735962  seconds  2.6065504737387184 0.2694480660582359 7.2
147.7642319202423  seconds  2.6065504737387184 0.2694480660582359 9.200000000000001
155.08929204940796  seconds  2.6065504737387184 0.2694480660582359 8.200000000000001
154.83482480049133  seconds  2.6065504737387184 0.2694480660582359 10.200000000000001
160.4874701499939  seconds  2.6065504737387184 0.2694480660582359 11.200000000000001
105.2900173664093  seconds  2.6065504737387184 0.2694480660582359 3.4000000000000004
153.00540685653687  seconds  2.6065504737387184 0.2694480660582359 12.200000000000001
153.190505027771  seconds  2.6065504737387184 0.2694480660582359 0.30000000000000004
151.21138381958008  seconds  2.6065504737387184 0.2694480660582359 1.3
150.83332180976868  seconds  2.6065504737387184 0.2694480660582359 2.3000000000000003
154.8852288722992  seconds  2.6065504737387184 0.2694480660582359 13.200000000000001
161.79342794418335  seconds  2.6065504737387184 0.2694480660582359 14.200000000000001
152.50249528884888  seconds  2.6065504737387184 0.2694480660582359 15.200000000000001
153.11960434913635  seconds  2.6065504737387184 0.2694480660582359 16.2
153.50203585624695  seconds  2.6065504737387184 0.2694480660582359 17.2
149.99696350097656  seconds  2.6065504737387184 0.2694480660582359 4.3
152.26456308364868  seconds  2.6065504737387184 0.2694480660582359 5.300000000000001
153.60564827919006  seconds  2.6065504737387184 0.2694480660582359 6.300000000000001
157.3863561153412  seconds  2.6065504737387184 0.2694480660582359 18.2
152.80254101753235  seconds  2.6065504737387184 0.2694480660582359 19.200000000000003
154.54782938957214  seconds  2.6065504737387184 0.2694480660582359 7.300000000000001
146.99531817436218  seconds  2.6065504737387184 0.2694480660582359 9.3
107.33458733558655  seconds  2.6065504737387184 0.2694480660582359 3.5
159.00316882133484  seconds  2.6065504737387184 0.2694480660582359 8.3
151.85565519332886  seconds  2.6065504737387184 0.2694480660582359 10.3
158.86327600479126  seconds  2.6065504737387184 0.2694480660582359 11.3
155.6520574092865  seconds  2.6065504737387184 0.2694480660582359 12.3
160.7331440448761  seconds  2.6065504737387184 0.2694480660582359 0.4
155.77340030670166  seconds  2.6065504737387184 0.2694480660582359 1.4000000000000001
160.2080020904541  seconds  2.6065504737387184 0.2694480660582359 2.4000000000000004
159.84344696998596  seconds  2.6065504737387184 0.2694480660582359 13.3
155.3963921070099  seconds  2.6065504737387184 0.2694480660582359 15.3
159.55530953407288  seconds  2.6065504737387184 0.2694480660582359 14.3
150.66495203971863  seconds  2.6065504737387184 0.2694480660582359 16.3
109.41596293449402  seconds  2.6065504737387184 0.2694480660582359 3.6
150.56919169425964  seconds  2.6065504737387184 0.2694480660582359 17.3
155.4038496017456  seconds  2.6065504737387184 0.2694480660582359 4.4
154.72010350227356  seconds  2.6065504737387184 0.2694480660582359 5.4
155.5736632347107  seconds  2.6065504737387184 0.2694480660582359 6.4
145.50094938278198  seconds  2.6065504737387184 0.2694480660582359 9.4
156.93109035491943  seconds  2.6065504737387184 0.2694480660582359 19.3
159.4226529598236  seconds  2.6065504737387184 0.2694480660582359 18.3
157.1618812084198  seconds  2.6065504737387184 0.2694480660582359 7.4
163.2901656627655  seconds  2.6065504737387184 0.2694480660582359 8.4
160.00765776634216  seconds  2.6065504737387184 0.2694480660582359 10.4
164.75509452819824  seconds  2.6065504737387184 0.2694480660582359 11.4
106.98563361167908  seconds  2.6065504737387184 0.2694480660582359 3.7
163.90220594406128  seconds  2.6065504737387184 0.2694480660582359 12.4
158.97109031677246  seconds  2.6065504737387184 0.2694480660582359 0.5
149.68341374397278  seconds  2.6065504737387184 0.2694480660582359 1.5
149.7318229675293  seconds  2.6065504737387184 0.2694480660582359 13.4
157.41348361968994  seconds  2.6065504737387184 0.2694480660582359 2.5
153.77030038833618  seconds  2.6065504737387184 0.2694480660582359 15.4
155.75092720985413  seconds  2.6065504737387184 0.2694480660582359 14.4
159.3641061782837  seconds  2.6065504737387184 0.2694480660582359 16.400000000000002
158.84728908538818  seconds  2.6065504737387184 0.2694480660582359 17.400000000000002
155.25190663337708  seconds  2.6065504737387184 0.2694480660582359 4.5
154.65492057800293  seconds  2.6065504737387184 0.2694480660582359 5.5
150.45153212547302  seconds  2.6065504737387184 0.2694480660582359 9.5
152.62791442871094  seconds  2.6065504737387184 0.2694480660582359 18.400000000000002
159.984228849411  seconds  2.6065504737387184 0.2694480660582359 6.5
157.50126433372498  seconds  2.6065504737387184 0.2694480660582359 19.400000000000002
153.8564851284027  seconds  2.6065504737387184 0.2694480660582359 7.5
105.21031188964844  seconds  2.6065504737387184 0.2694480660582359 3.8000000000000003
153.65878701210022  seconds  2.6065504737387184 0.2694480660582359 10.5
158.27792310714722  seconds  2.6065504737387184 0.2694480660582359 8.5
158.65644526481628  seconds  2.6065504737387184 0.2694480660582359 11.5
159.01318192481995  seconds  2.6065504737387184 0.2694480660582359 0.6000000000000001
156.85727763175964  seconds  2.6065504737387184 0.2694480660582359 1.6
164.78114581108093  seconds  2.6065504737387184 0.2694480660582359 12.5
150.51175689697266  seconds  2.6065504737387184 0.2694480660582359 13.5
162.4736008644104  seconds  2.6065504737387184 0.2694480660582359 2.6
158.47316360473633  seconds  2.6065504737387184 0.2694480660582359 15.5
159.03477907180786  seconds  2.6065504737387184 0.2694480660582359 14.5
159.57823848724365  seconds  2.6065504737387184 0.2694480660582359 16.5
157.4416000843048  seconds  2.6065504737387184 0.2694480660582359 17.5
107.6521327495575  seconds  2.6065504737387184 0.2694480660582359 3.9000000000000004
153.94891214370728  seconds  2.6065504737387184 0.2694480660582359 4.6000000000000005
149.7760488986969  seconds  2.6065504737387184 0.2694480660582359 9.600000000000001
156.97070908546448  seconds  2.6065504737387184 0.2694480660582359 5.6000000000000005
157.9184968471527  seconds  2.6065504737387184 0.2694480660582359 18.5
155.70219349861145  seconds  2.6065504737387184 0.2694480660582359 19.5
155.3961899280548  seconds  2.6065504737387184 0.2694480660582359 7.6000000000000005
163.2393388748169  seconds  2.6065504737387184 0.2694480660582359 6.6000000000000005
160.6878674030304  seconds  2.6065504737387184 0.2694480660582359 8.6
164.06517386436462  seconds  2.6065504737387184 0.2694480660582359 10.600000000000001
166.4985785484314  seconds  2.6065504737387184 0.2694480660582359 11.600000000000001
157.2694480419159  seconds  2.6065504737387184 0.2694480660582359 0.7000000000000001
158.92872190475464  seconds  2.6065504737387184 0.2694480660582359 1.7000000000000002
155.6993248462677  seconds  2.6065504737387184 0.2694480660582359 13.600000000000001
164.48667931556702  seconds  2.6065504737387184 0.2694480660582359 12.600000000000001
151.1060914993286  seconds  2.6065504737387184 0.2694480660582359 15.600000000000001
155.50938367843628  seconds  2.6065504737387184 0.2694480660582359 2.7
153.53601908683777  seconds  2.6065504737387184 0.2694480660582359 14.600000000000001
152.5587170124054  seconds  2.6065504737387184 0.2694480660582359 16.6
155.98731422424316  seconds  2.6065504737387184 0.2694480660582359 17.6
158.38733410835266  seconds  2.6065504737387184 0.2694480660582359 4.7
155.10125517845154  seconds  2.6065504737387184 0.2694480660582359 9.700000000000001
154.9518277645111  seconds  2.6065504737387184 0.2694480660582359 5.7
156.0164933204651  seconds  2.6065504737387184 0.2694480660582359 18.6
159.97865867614746  seconds  2.6065504737387184 0.2694480660582359 19.6
155.74050784111023  seconds  2.6065504737387184 0.2694480660582359 7.7
159.6065719127655  seconds  2.6065504737387184 0.2694480660582359 6.7
156.40728974342346  seconds  2.6065504737387184 0.2694480660582359 10.700000000000001
160.27722644805908  seconds  2.6065504737387184 0.2694480660582359 8.700000000000001
153.41422724723816  seconds  2.6065504737387184 0.2694480660582359 11.700000000000001
155.32488083839417  seconds  2.6065504737387184 0.2694480660582359 0.8
156.03620719909668  seconds  2.6065504737387184 0.2694480660582359 1.8
157.5555715560913  seconds  2.6065504737387184 0.2694480660582359 13.700000000000001
157.47433733940125  seconds  2.6065504737387184 0.2694480660582359 12.700000000000001
154.5496551990509  seconds  2.6065504737387184 0.2694480660582359 15.700000000000001
151.50995707511902  seconds  2.6065504737387184 0.2694480660582359 2.8000000000000003
149.51883673667908  seconds  2.6065504737387184 0.2694480660582359 14.700000000000001
156.39065790176392  seconds  2.6065504737387184 0.2694480660582359 16.7
156.0755717754364  seconds  2.6065504737387184 0.2694480660582359 4.800000000000001
161.13916516304016  seconds  2.6065504737387184 0.2694480660582359 17.7
155.8325493335724  seconds  2.6065504737387184 0.2694480660582359 5.800000000000001
157.38697981834412  seconds  2.6065504737387184 0.2694480660582359 9.8
152.14040565490723  seconds  2.6065504737387184 0.2694480660582359 18.7
157.87034010887146  seconds  2.6065504737387184 0.2694480660582359 19.700000000000003
158.1910481452942  seconds  2.6065504737387184 0.2694480660582359 7.800000000000001
156.6951379776001  seconds  2.6065504737387184 0.2694480660582359 6.800000000000001
156.8459072113037  seconds  2.6065504737387184 0.2694480660582359 8.8
160.19421529769897  seconds  2.6065504737387184 0.2694480660582359 10.8
156.46737456321716  seconds  2.6065504737387184 0.2694480660582359 11.8
154.6745641231537  seconds  2.6065504737387184 0.2694480660582359 13.8
157.61391258239746  seconds  2.6065504737387184 0.2694480660582359 1.9000000000000001
160.86212515830994  seconds  2.6065504737387184 0.2694480660582359 0.9
150.60285091400146  seconds  2.6065504737387184 0.2694480660582359 15.8
157.29750037193298  seconds  2.6065504737387184 0.2694480660582359 12.8
153.076162815094  seconds  2.6065504737387184 0.2694480660582359 14.8
157.65913224220276  seconds  2.6065504737387184 0.2694480660582359 2.9000000000000004
153.28417873382568  seconds  2.6065504737387184 0.2694480660582359 16.8
151.82845902442932  seconds  2.6065504737387184 0.2694480660582359 4.9
151.93734741210938  seconds  2.6065504737387184 0.2694480660582359 17.8
153.44517159461975  seconds  2.6065504737387184 0.2694480660582359 5.9
152.13249897956848  seconds  2.6065504737387184 0.2694480660582359 9.9
150.21341753005981  seconds  2.6065504737387184 0.2694480660582359 18.8
149.91919612884521  seconds  2.6065504737387184 0.2694480660582359 19.8
149.45961236953735  seconds  2.6065504737387184 0.2694480660582359 7.9
147.0996289253235  seconds  2.6065504737387184 0.2694480660582359 6.9
142.60659098625183  seconds  2.6065504737387184 0.2694480660582359 10.9
145.61851716041565  seconds  2.6065504737387184 0.2694480660582359 8.9
129.9020655155182  seconds  2.6065504737387184 0.2694480660582359 11.9
125.03080415725708  seconds  2.6065504737387184 0.2694480660582359 13.9
125.10887455940247  seconds  2.6065504737387184 0.2694480660582359 15.9
123.09264802932739  seconds  2.6065504737387184 0.2694480660582359 12.9
123.19981479644775  seconds  2.6065504737387184 0.2694480660582359 14.9
119.70992875099182  seconds  2.6065504737387184 0.2694480660582359 16.900000000000002
117.1217212677002  seconds  2.6065504737387184 0.2694480660582359 17.900000000000002
114.5523407459259  seconds  2.6065504737387184 0.2694480660582359 18.900000000000002
113.4742431640625  seconds  2.6065504737387184 0.2694480660582359 19.900000000000002
time for calc.... 1716.035085439682
energy at the point.. 2.602114031264387 0.5441112559756629  is  7.517785363120311e-06
200 the points 10 chunk numtheads
starting with calculation of Sigma
113.31563425064087  seconds  2.602114031264387 0.5441112559756629 0.0
114.80934762954712  seconds  2.602114031264387 0.5441112559756629 1.0
115.4711685180664  seconds  2.602114031264387 0.5441112559756629 2.0
118.31904292106628  seconds  2.602114031264387 0.5441112559756629 3.0
105.65678429603577  seconds  2.602114031264387 0.5441112559756629 5.0
120.96065783500671  seconds  2.602114031264387 0.5441112559756629 4.0
104.81156754493713  seconds  2.602114031264387 0.5441112559756629 7.0
125.15684700012207  seconds  2.602114031264387 0.5441112559756629 6.0
131.70564150810242  seconds  2.602114031264387 0.5441112559756629 8.0
131.8586347103119  seconds  2.602114031264387 0.5441112559756629 9.0
129.8833041191101  seconds  2.602114031264387 0.5441112559756629 10.0
133.04630613327026  seconds  2.602114031264387 0.5441112559756629 11.0
140.67301082611084  seconds  2.602114031264387 0.5441112559756629 12.0
135.95692110061646  seconds  2.602114031264387 0.5441112559756629 13.0
133.55563688278198  seconds  2.602114031264387 0.5441112559756629 0.1
135.86295700073242  seconds  2.602114031264387 0.5441112559756629 14.0
107.49026656150818  seconds  2.602114031264387 0.5441112559756629 5.1000000000000005
133.49696683883667  seconds  2.602114031264387 0.5441112559756629 1.1
133.30371761322021  seconds  2.602114031264387 0.5441112559756629 15.0
107.73587107658386  seconds  2.602114031264387 0.5441112559756629 7.1000000000000005
134.32839703559875  seconds  2.602114031264387 0.5441112559756629 16.0
140.38564729690552  seconds  2.602114031264387 0.5441112559756629 2.1
108.00437188148499  seconds  2.602114031264387 0.5441112559756629 19.0
143.37319254875183  seconds  2.602114031264387 0.5441112559756629 3.1
139.41907715797424  seconds  2.602114031264387 0.5441112559756629 17.0
135.6431713104248  seconds  2.602114031264387 0.5441112559756629 4.1000000000000005
134.55840253829956  seconds  2.602114031264387 0.5441112559756629 18.0
133.56266450881958  seconds  2.602114031264387 0.5441112559756629 6.1000000000000005
142.35968112945557  seconds  2.602114031264387 0.5441112559756629 8.1
136.4815752506256  seconds  2.602114031264387 0.5441112559756629 10.100000000000001
146.49632167816162  seconds  2.602114031264387 0.5441112559756629 9.1
108.62714910507202  seconds  2.602114031264387 0.5441112559756629 5.2
139.58808159828186  seconds  2.602114031264387 0.5441112559756629 11.100000000000001
112.82752895355225  seconds  2.602114031264387 0.5441112559756629 7.2
147.73362183570862  seconds  2.602114031264387 0.5441112559756629 12.100000000000001
112.81288957595825  seconds  2.602114031264387 0.5441112559756629 19.1
145.65934658050537  seconds  2.602114031264387 0.5441112559756629 13.100000000000001
146.98845958709717  seconds  2.602114031264387 0.5441112559756629 0.2
142.90309715270996  seconds  2.602114031264387 0.5441112559756629 14.100000000000001
141.3087763786316  seconds  2.602114031264387 0.5441112559756629 1.2000000000000002
144.15913367271423  seconds  2.602114031264387 0.5441112559756629 15.100000000000001
143.15067410469055  seconds  2.602114031264387 0.5441112559756629 2.2
145.89245104789734  seconds  2.602114031264387 0.5441112559756629 16.1
144.29057693481445  seconds  2.602114031264387 0.5441112559756629 17.1
146.25753664970398  seconds  2.602114031264387 0.5441112559756629 3.2
144.1579291820526  seconds  2.602114031264387 0.5441112559756629 4.2
142.62394833564758  seconds  2.602114031264387 0.5441112559756629 18.1
140.87339401245117  seconds  2.602114031264387 0.5441112559756629 6.2
111.66205143928528  seconds  2.602114031264387 0.5441112559756629 5.300000000000001
144.37311220169067  seconds  2.602114031264387 0.5441112559756629 8.200000000000001
144.13765168190002  seconds  2.602114031264387 0.5441112559756629 10.200000000000001
112.50966835021973  seconds  2.602114031264387 0.5441112559756629 7.300000000000001
143.29365372657776  seconds  2.602114031264387 0.5441112559756629 9.200000000000001
111.99943804740906  seconds  2.602114031264387 0.5441112559756629 19.200000000000003
140.37831044197083  seconds  2.602114031264387 0.5441112559756629 11.200000000000001
137.95812940597534  seconds  2.602114031264387 0.5441112559756629 13.200000000000001
138.88966012001038  seconds  2.602114031264387 0.5441112559756629 0.30000000000000004
143.83236479759216  seconds  2.602114031264387 0.5441112559756629 12.200000000000001
137.66314911842346  seconds  2.602114031264387 0.5441112559756629 1.3
139.02240133285522  seconds  2.602114031264387 0.5441112559756629 14.200000000000001
139.12925672531128  seconds  2.602114031264387 0.5441112559756629 15.200000000000001
133.36203265190125  seconds  2.602114031264387 0.5441112559756629 2.3000000000000003
136.2246539592743  seconds  2.602114031264387 0.5441112559756629 16.2
136.17994141578674  seconds  2.602114031264387 0.5441112559756629 3.3000000000000003
140.34876942634583  seconds  2.602114031264387 0.5441112559756629 17.2
138.36546063423157  seconds  2.602114031264387 0.5441112559756629 18.2
143.54010105133057  seconds  2.602114031264387 0.5441112559756629 4.3
137.07628965377808  seconds  2.602114031264387 0.5441112559756629 6.300000000000001
113.56863784790039  seconds  2.602114031264387 0.5441112559756629 5.4
110.04218530654907  seconds  2.602114031264387 0.5441112559756629 7.4
111.65486693382263  seconds  2.602114031264387 0.5441112559756629 19.3
141.00748705863953  seconds  2.602114031264387 0.5441112559756629 8.3
135.81914639472961  seconds  2.602114031264387 0.5441112559756629 10.3
145.49745678901672  seconds  2.602114031264387 0.5441112559756629 9.3
144.57338190078735  seconds  2.602114031264387 0.5441112559756629 11.3
140.16634368896484  seconds  2.602114031264387 0.5441112559756629 0.4
139.05449604988098  seconds  2.602114031264387 0.5441112559756629 14.3
146.98992919921875  seconds  2.602114031264387 0.5441112559756629 13.3
142.00360655784607  seconds  2.602114031264387 0.5441112559756629 1.4000000000000001
146.6182837486267  seconds  2.602114031264387 0.5441112559756629 12.3
138.780912399292  seconds  2.602114031264387 0.5441112559756629 15.3
136.94580245018005  seconds  2.602114031264387 0.5441112559756629 2.4000000000000004
139.28670144081116  seconds  2.602114031264387 0.5441112559756629 16.3
108.74583339691162  seconds  2.602114031264387 0.5441112559756629 5.5
138.56918454170227  seconds  2.602114031264387 0.5441112559756629 3.4000000000000004
141.7969913482666  seconds  2.602114031264387 0.5441112559756629 18.3
110.61934232711792  seconds  2.602114031264387 0.5441112559756629 7.5
144.8257486820221  seconds  2.602114031264387 0.5441112559756629 17.3
142.92160034179688  seconds  2.602114031264387 0.5441112559756629 4.4
110.48269987106323  seconds  2.602114031264387 0.5441112559756629 19.400000000000002
137.7145550251007  seconds  2.602114031264387 0.5441112559756629 6.4
137.2549500465393  seconds  2.602114031264387 0.5441112559756629 8.4
143.7244861125946  seconds  2.602114031264387 0.5441112559756629 10.4
138.59920024871826  seconds  2.602114031264387 0.5441112559756629 9.4
134.38719296455383  seconds  2.602114031264387 0.5441112559756629 11.4
109.24353194236755  seconds  2.602114031264387 0.5441112559756629 5.6000000000000005
145.78550028800964  seconds  2.602114031264387 0.5441112559756629 0.5
145.50932502746582  seconds  2.602114031264387 0.5441112559756629 14.4
145.5123815536499  seconds  2.602114031264387 0.5441112559756629 1.5
139.44424152374268  seconds  2.602114031264387 0.5441112559756629 2.5
146.2564516067505  seconds  2.602114031264387 0.5441112559756629 12.4
151.69220805168152  seconds  2.602114031264387 0.5441112559756629 13.4
109.4774842262268  seconds  2.602114031264387 0.5441112559756629 7.6000000000000005
143.62409043312073  seconds  2.602114031264387 0.5441112559756629 15.4
137.8550443649292  seconds  2.602114031264387 0.5441112559756629 16.400000000000002
109.880051612854  seconds  2.602114031264387 0.5441112559756629 19.5
136.41991877555847  seconds  2.602114031264387 0.5441112559756629 3.5
141.8566174507141  seconds  2.602114031264387 0.5441112559756629 18.400000000000002
140.690993309021  seconds  2.602114031264387 0.5441112559756629 17.400000000000002
141.38850116729736  seconds  2.602114031264387 0.5441112559756629 4.5
140.7877721786499  seconds  2.602114031264387 0.5441112559756629 6.5
137.43158531188965  seconds  2.602114031264387 0.5441112559756629 8.5
110.30061459541321  seconds  2.602114031264387 0.5441112559756629 5.7
144.8142864704132  seconds  2.602114031264387 0.5441112559756629 10.5
142.43389868736267  seconds  2.602114031264387 0.5441112559756629 9.5
140.461767911911  seconds  2.602114031264387 0.5441112559756629 11.5
109.94814801216125  seconds  2.602114031264387 0.5441112559756629 7.7
108.50401735305786  seconds  2.602114031264387 0.5441112559756629 19.6
132.43504977226257  seconds  2.602114031264387 0.5441112559756629 14.5
138.60524773597717  seconds  2.602114031264387 0.5441112559756629 1.6
147.8309452533722  seconds  2.602114031264387 0.5441112559756629 0.6000000000000001
139.3999423980713  seconds  2.602114031264387 0.5441112559756629 15.5
143.15895581245422  seconds  2.602114031264387 0.5441112559756629 12.5
144.52502608299255  seconds  2.602114031264387 0.5441112559756629 2.6
142.872065782547  seconds  2.602114031264387 0.5441112559756629 13.5
143.89095664024353  seconds  2.602114031264387 0.5441112559756629 16.5
133.17093658447266  seconds  2.602114031264387 0.5441112559756629 3.6
140.30414605140686  seconds  2.602114031264387 0.5441112559756629 17.5
142.91222190856934  seconds  2.602114031264387 0.5441112559756629 18.5
138.96971917152405  seconds  2.602114031264387 0.5441112559756629 4.6000000000000005
142.62000560760498  seconds  2.602114031264387 0.5441112559756629 6.6000000000000005
109.90964651107788  seconds  2.602114031264387 0.5441112559756629 5.800000000000001
144.33640933036804  seconds  2.602114031264387 0.5441112559756629 8.6
109.69360327720642  seconds  2.602114031264387 0.5441112559756629 7.800000000000001
110.49101734161377  seconds  2.602114031264387 0.5441112559756629 19.700000000000003
135.20956659317017  seconds  2.602114031264387 0.5441112559756629 11.600000000000001
142.32981395721436  seconds  2.602114031264387 0.5441112559756629 10.600000000000001
138.32363414764404  seconds  2.602114031264387 0.5441112559756629 9.600000000000001
132.98650979995728  seconds  2.602114031264387 0.5441112559756629 14.600000000000001
133.66954898834229  seconds  2.602114031264387 0.5441112559756629 1.7000000000000002
138.5937144756317  seconds  2.602114031264387 0.5441112559756629 0.7000000000000001
136.76542830467224  seconds  2.602114031264387 0.5441112559756629 13.600000000000001
140.60631847381592  seconds  2.602114031264387 0.5441112559756629 12.600000000000001
141.01945161819458  seconds  2.602114031264387 0.5441112559756629 2.7
145.0090456008911  seconds  2.602114031264387 0.5441112559756629 15.600000000000001
138.07200598716736  seconds  2.602114031264387 0.5441112559756629 16.6
136.51162815093994  seconds  2.602114031264387 0.5441112559756629 3.7
110.10272765159607  seconds  2.602114031264387 0.5441112559756629 5.9
141.89341640472412  seconds  2.602114031264387 0.5441112559756629 17.6
133.1193470954895  seconds  2.602114031264387 0.5441112559756629 6.7
141.7552433013916  seconds  2.602114031264387 0.5441112559756629 18.6
145.3631076812744  seconds  2.602114031264387 0.5441112559756629 4.7
108.67190027236938  seconds  2.602114031264387 0.5441112559756629 7.9
109.82022428512573  seconds  2.602114031264387 0.5441112559756629 19.8
137.3648693561554  seconds  2.602114031264387 0.5441112559756629 8.700000000000001
134.02236008644104  seconds  2.602114031264387 0.5441112559756629 9.700000000000001
138.5349624156952  seconds  2.602114031264387 0.5441112559756629 11.700000000000001
138.57949829101562  seconds  2.602114031264387 0.5441112559756629 10.700000000000001
133.67794919013977  seconds  2.602114031264387 0.5441112559756629 14.700000000000001
141.84881401062012  seconds  2.602114031264387 0.5441112559756629 1.8
137.69417691230774  seconds  2.602114031264387 0.5441112559756629 0.8
133.7341341972351  seconds  2.602114031264387 0.5441112559756629 2.8000000000000003
139.36444401741028  seconds  2.602114031264387 0.5441112559756629 13.700000000000001
134.56194400787354  seconds  2.602114031264387 0.5441112559756629 15.700000000000001
134.64366507530212  seconds  2.602114031264387 0.5441112559756629 16.7
139.20902299880981  seconds  2.602114031264387 0.5441112559756629 12.700000000000001
139.36947345733643  seconds  2.602114031264387 0.5441112559756629 3.8000000000000003
104.08666396141052  seconds  2.602114031264387 0.5441112559756629 19.900000000000002
132.16248106956482  seconds  2.602114031264387 0.5441112559756629 6.800000000000001
140.2916340827942  seconds  2.602114031264387 0.5441112559756629 17.7
140.3549726009369  seconds  2.602114031264387 0.5441112559756629 18.7
138.2624249458313  seconds  2.602114031264387 0.5441112559756629 4.800000000000001
133.77892971038818  seconds  2.602114031264387 0.5441112559756629 8.8
133.94992756843567  seconds  2.602114031264387 0.5441112559756629 9.8
133.18504452705383  seconds  2.602114031264387 0.5441112559756629 11.8
134.68777632713318  seconds  2.602114031264387 0.5441112559756629 10.8
132.60267972946167  seconds  2.602114031264387 0.5441112559756629 14.8
132.52988076210022  seconds  2.602114031264387 0.5441112559756629 1.9000000000000001
133.7474558353424  seconds  2.602114031264387 0.5441112559756629 0.9
134.60628581047058  seconds  2.602114031264387 0.5441112559756629 13.8
135.13343787193298  seconds  2.602114031264387 0.5441112559756629 15.8
141.68037271499634  seconds  2.602114031264387 0.5441112559756629 2.9000000000000004
139.4004499912262  seconds  2.602114031264387 0.5441112559756629 16.8
139.46952056884766  seconds  2.602114031264387 0.5441112559756629 12.8
136.99719214439392  seconds  2.602114031264387 0.5441112559756629 3.9000000000000004
132.95546317100525  seconds  2.602114031264387 0.5441112559756629 6.9
129.5211832523346  seconds  2.602114031264387 0.5441112559756629 18.8
133.2875988483429  seconds  2.602114031264387 0.5441112559756629 17.8
131.25186967849731  seconds  2.602114031264387 0.5441112559756629 4.9
127.32692360877991  seconds  2.602114031264387 0.5441112559756629 8.9
124.71008610725403  seconds  2.602114031264387 0.5441112559756629 9.9
124.3731780052185  seconds  2.602114031264387 0.5441112559756629 11.9
126.22440195083618  seconds  2.602114031264387 0.5441112559756629 10.9
120.78927493095398  seconds  2.602114031264387 0.5441112559756629 14.9
115.9405927658081  seconds  2.602114031264387 0.5441112559756629 13.9
117.90553998947144  seconds  2.602114031264387 0.5441112559756629 15.9
114.24065852165222  seconds  2.602114031264387 0.5441112559756629 16.900000000000002
113.51050066947937  seconds  2.602114031264387 0.5441112559756629 12.9
107.56435513496399  seconds  2.602114031264387 0.5441112559756629 17.900000000000002
110.02002954483032  seconds  2.602114031264387 0.5441112559756629 18.900000000000002
time for calc.... 1546.8929393291473
energy at the point.. 2.5846892989406154 0.8396349413298569  is  1.1574406936887272e-05
200 the points 10 chunk numtheads
starting with calculation of Sigma
101.3265233039856  seconds  2.5846892989406154 0.8396349413298569 1.0
112.80821514129639  seconds  2.5846892989406154 0.8396349413298569 0.0
100.99101758003235  seconds  2.5846892989406154 0.8396349413298569 3.0
118.8905234336853  seconds  2.5846892989406154 0.8396349413298569 2.0
102.42419624328613  seconds  2.5846892989406154 0.8396349413298569 4.0
122.5558569431305  seconds  2.5846892989406154 0.8396349413298569 5.0
124.83178448677063  seconds  2.5846892989406154 0.8396349413298569 6.0
125.07357287406921  seconds  2.5846892989406154 0.8396349413298569 7.0
127.13625526428223  seconds  2.5846892989406154 0.8396349413298569 8.0
129.97404217720032  seconds  2.5846892989406154 0.8396349413298569 9.0
106.81527876853943  seconds  2.5846892989406154 0.8396349413298569 1.1
134.34640645980835  seconds  2.5846892989406154 0.8396349413298569 10.0
130.51354146003723  seconds  2.5846892989406154 0.8396349413298569 11.0
104.84599256515503  seconds  2.5846892989406154 0.8396349413298569 3.1
132.64737701416016  seconds  2.5846892989406154 0.8396349413298569 12.0
133.1579566001892  seconds  2.5846892989406154 0.8396349413298569 13.0
107.1387677192688  seconds  2.5846892989406154 0.8396349413298569 4.1000000000000005
132.6949200630188  seconds  2.5846892989406154 0.8396349413298569 0.1
133.2515218257904  seconds  2.5846892989406154 0.8396349413298569 14.0
134.7795214653015  seconds  2.5846892989406154 0.8396349413298569 15.0
135.38438487052917  seconds  2.5846892989406154 0.8396349413298569 2.1
136.95966362953186  seconds  2.5846892989406154 0.8396349413298569 16.0
142.5455584526062  seconds  2.5846892989406154 0.8396349413298569 17.0
139.0167407989502  seconds  2.5846892989406154 0.8396349413298569 18.0
135.88275742530823  seconds  2.5846892989406154 0.8396349413298569 5.1000000000000005
137.38814663887024  seconds  2.5846892989406154 0.8396349413298569 19.0
138.8880739212036  seconds  2.5846892989406154 0.8396349413298569 6.1000000000000005
135.66809463500977  seconds  2.5846892989406154 0.8396349413298569 7.1000000000000005
111.90018582344055  seconds  2.5846892989406154 0.8396349413298569 1.2000000000000002
134.51437163352966  seconds  2.5846892989406154 0.8396349413298569 8.1
107.95695304870605  seconds  2.5846892989406154 0.8396349413298569 3.2
138.39122915267944  seconds  2.5846892989406154 0.8396349413298569 9.1
109.68448495864868  seconds  2.5846892989406154 0.8396349413298569 4.2
137.3994424343109  seconds  2.5846892989406154 0.8396349413298569 10.100000000000001
136.6530556678772  seconds  2.5846892989406154 0.8396349413298569 11.100000000000001
138.9055631160736  seconds  2.5846892989406154 0.8396349413298569 12.100000000000001
136.37997388839722  seconds  2.5846892989406154 0.8396349413298569 13.100000000000001
136.8282196521759  seconds  2.5846892989406154 0.8396349413298569 0.2
135.63923978805542  seconds  2.5846892989406154 0.8396349413298569 14.100000000000001
138.01342010498047  seconds  2.5846892989406154 0.8396349413298569 15.100000000000001
133.95552372932434  seconds  2.5846892989406154 0.8396349413298569 2.2
137.8603641986847  seconds  2.5846892989406154 0.8396349413298569 16.1
135.13019108772278  seconds  2.5846892989406154 0.8396349413298569 5.2
108.4387776851654  seconds  2.5846892989406154 0.8396349413298569 1.3
138.40620684623718  seconds  2.5846892989406154 0.8396349413298569 18.1
143.8490481376648  seconds  2.5846892989406154 0.8396349413298569 17.1
108.1863522529602  seconds  2.5846892989406154 0.8396349413298569 3.3000000000000003
140.60731649398804  seconds  2.5846892989406154 0.8396349413298569 19.1
136.64647936820984  seconds  2.5846892989406154 0.8396349413298569 6.2
106.33185291290283  seconds  2.5846892989406154 0.8396349413298569 4.3
140.99494051933289  seconds  2.5846892989406154 0.8396349413298569 7.2
134.3854274749756  seconds  2.5846892989406154 0.8396349413298569 8.200000000000001
137.35289239883423  seconds  2.5846892989406154 0.8396349413298569 9.200000000000001
138.39254665374756  seconds  2.5846892989406154 0.8396349413298569 10.200000000000001
139.89196252822876  seconds  2.5846892989406154 0.8396349413298569 11.200000000000001
138.6608395576477  seconds  2.5846892989406154 0.8396349413298569 12.200000000000001
134.77850461006165  seconds  2.5846892989406154 0.8396349413298569 13.200000000000001
137.2043240070343  seconds  2.5846892989406154 0.8396349413298569 0.30000000000000004
136.18137788772583  seconds  2.5846892989406154 0.8396349413298569 14.200000000000001
139.37631797790527  seconds  2.5846892989406154 0.8396349413298569 2.3000000000000003
107.53980875015259  seconds  2.5846892989406154 0.8396349413298569 1.4000000000000001
144.53746128082275  seconds  2.5846892989406154 0.8396349413298569 15.200000000000001
134.68264889717102  seconds  2.5846892989406154 0.8396349413298569 16.2
106.37718677520752  seconds  2.5846892989406154 0.8396349413298569 3.4000000000000004
107.25965213775635  seconds  2.5846892989406154 0.8396349413298569 4.4
135.85349464416504  seconds  2.5846892989406154 0.8396349413298569 5.300000000000001
137.46856117248535  seconds  2.5846892989406154 0.8396349413298569 18.2
137.95897936820984  seconds  2.5846892989406154 0.8396349413298569 17.2
137.46957755088806  seconds  2.5846892989406154 0.8396349413298569 19.200000000000003
137.61775612831116  seconds  2.5846892989406154 0.8396349413298569 6.300000000000001
138.99256086349487  seconds  2.5846892989406154 0.8396349413298569 7.300000000000001
139.57370233535767  seconds  2.5846892989406154 0.8396349413298569 8.3
136.2078812122345  seconds  2.5846892989406154 0.8396349413298569 9.3
135.6771605014801  seconds  2.5846892989406154 0.8396349413298569 10.3
135.6642723083496  seconds  2.5846892989406154 0.8396349413298569 11.3
107.48549365997314  seconds  2.5846892989406154 0.8396349413298569 1.5
141.58419847488403  seconds  2.5846892989406154 0.8396349413298569 12.3
143.56641125679016  seconds  2.5846892989406154 0.8396349413298569 13.3
136.01889848709106  seconds  2.5846892989406154 0.8396349413298569 14.3
140.94005584716797  seconds  2.5846892989406154 0.8396349413298569 0.4
108.13350772857666  seconds  2.5846892989406154 0.8396349413298569 3.5
106.9930202960968  seconds  2.5846892989406154 0.8396349413298569 4.5
137.71786737442017  seconds  2.5846892989406154 0.8396349413298569 2.4000000000000004
134.77749276161194  seconds  2.5846892989406154 0.8396349413298569 16.3
144.2236888408661  seconds  2.5846892989406154 0.8396349413298569 15.3
136.59196496009827  seconds  2.5846892989406154 0.8396349413298569 18.3
139.68754076957703  seconds  2.5846892989406154 0.8396349413298569 5.4
136.74772334098816  seconds  2.5846892989406154 0.8396349413298569 17.3
135.9324972629547  seconds  2.5846892989406154 0.8396349413298569 6.4
140.91256308555603  seconds  2.5846892989406154 0.8396349413298569 19.3
138.24266457557678  seconds  2.5846892989406154 0.8396349413298569 7.4
138.1469428539276  seconds  2.5846892989406154 0.8396349413298569 8.4
134.7038300037384  seconds  2.5846892989406154 0.8396349413298569 9.4
107.05532598495483  seconds  2.5846892989406154 0.8396349413298569 1.6
106.58605003356934  seconds  2.5846892989406154 0.8396349413298569 3.6
136.10117197036743  seconds  2.5846892989406154 0.8396349413298569 11.4
142.2177984714508  seconds  2.5846892989406154 0.8396349413298569 10.4
106.94661068916321  seconds  2.5846892989406154 0.8396349413298569 4.6000000000000005
139.50150799751282  seconds  2.5846892989406154 0.8396349413298569 12.4
136.45871019363403  seconds  2.5846892989406154 0.8396349413298569 13.4
138.39349460601807  seconds  2.5846892989406154 0.8396349413298569 0.5
145.2526307106018  seconds  2.5846892989406154 0.8396349413298569 14.4
140.3226249217987  seconds  2.5846892989406154 0.8396349413298569 2.5
139.5273952484131  seconds  2.5846892989406154 0.8396349413298569 16.400000000000002
136.1444799900055  seconds  2.5846892989406154 0.8396349413298569 15.4
136.1731584072113  seconds  2.5846892989406154 0.8396349413298569 5.5
136.0389232635498  seconds  2.5846892989406154 0.8396349413298569 17.400000000000002
139.9855194091797  seconds  2.5846892989406154 0.8396349413298569 18.400000000000002
139.2552342414856  seconds  2.5846892989406154 0.8396349413298569 6.5
138.38050246238708  seconds  2.5846892989406154 0.8396349413298569 19.400000000000002
108.66756772994995  seconds  2.5846892989406154 0.8396349413298569 1.7000000000000002
136.66267108917236  seconds  2.5846892989406154 0.8396349413298569 7.5
109.04584074020386  seconds  2.5846892989406154 0.8396349413298569 3.7
137.568829536438  seconds  2.5846892989406154 0.8396349413298569 8.5
109.62053537368774  seconds  2.5846892989406154 0.8396349413298569 4.7
143.80914521217346  seconds  2.5846892989406154 0.8396349413298569 9.5
138.33817267417908  seconds  2.5846892989406154 0.8396349413298569 11.5
138.43524479866028  seconds  2.5846892989406154 0.8396349413298569 10.5
141.69067931175232  seconds  2.5846892989406154 0.8396349413298569 12.5
143.2617838382721  seconds  2.5846892989406154 0.8396349413298569 13.5
139.7664351463318  seconds  2.5846892989406154 0.8396349413298569 0.6000000000000001
142.04501461982727  seconds  2.5846892989406154 0.8396349413298569 14.5
135.5951201915741  seconds  2.5846892989406154 0.8396349413298569 2.6
134.95143961906433  seconds  2.5846892989406154 0.8396349413298569 16.5
138.3076798915863  seconds  2.5846892989406154 0.8396349413298569 15.5
106.42624759674072  seconds  2.5846892989406154 0.8396349413298569 1.8
135.42098450660706  seconds  2.5846892989406154 0.8396349413298569 5.6000000000000005
135.1347062587738  seconds  2.5846892989406154 0.8396349413298569 17.5
106.96380281448364  seconds  2.5846892989406154 0.8396349413298569 3.8000000000000003
140.22346949577332  seconds  2.5846892989406154 0.8396349413298569 18.5
106.74157190322876  seconds  2.5846892989406154 0.8396349413298569 4.800000000000001
136.70568919181824  seconds  2.5846892989406154 0.8396349413298569 19.5
139.36618661880493  seconds  2.5846892989406154 0.8396349413298569 6.6000000000000005
139.43208169937134  seconds  2.5846892989406154 0.8396349413298569 7.6000000000000005
140.45032668113708  seconds  2.5846892989406154 0.8396349413298569 8.6
138.5587341785431  seconds  2.5846892989406154 0.8396349413298569 9.600000000000001
137.94895553588867  seconds  2.5846892989406154 0.8396349413298569 11.600000000000001
146.21320271492004  seconds  2.5846892989406154 0.8396349413298569 10.600000000000001
135.82823777198792  seconds  2.5846892989406154 0.8396349413298569 13.600000000000001
136.2670156955719  seconds  2.5846892989406154 0.8396349413298569 0.7000000000000001
143.81654477119446  seconds  2.5846892989406154 0.8396349413298569 12.600000000000001
110.19916987419128  seconds  2.5846892989406154 0.8396349413298569 1.9000000000000001
138.56248259544373  seconds  2.5846892989406154 0.8396349413298569 14.600000000000001
110.75568675994873  seconds  2.5846892989406154 0.8396349413298569 3.9000000000000004
137.34043192863464  seconds  2.5846892989406154 0.8396349413298569 2.7
137.51971197128296  seconds  2.5846892989406154 0.8396349413298569 16.6
137.7449176311493  seconds  2.5846892989406154 0.8396349413298569 15.600000000000001
106.47658348083496  seconds  2.5846892989406154 0.8396349413298569 4.9
135.7576298713684  seconds  2.5846892989406154 0.8396349413298569 5.7
138.02081656455994  seconds  2.5846892989406154 0.8396349413298569 17.6
136.19254398345947  seconds  2.5846892989406154 0.8396349413298569 18.6
134.68895959854126  seconds  2.5846892989406154 0.8396349413298569 19.6
140.8430254459381  seconds  2.5846892989406154 0.8396349413298569 6.7
139.46122193336487  seconds  2.5846892989406154 0.8396349413298569 7.7
136.71484065055847  seconds  2.5846892989406154 0.8396349413298569 8.700000000000001
138.76184678077698  seconds  2.5846892989406154 0.8396349413298569 9.700000000000001
139.25903463363647  seconds  2.5846892989406154 0.8396349413298569 11.700000000000001
136.96934056282043  seconds  2.5846892989406154 0.8396349413298569 10.700000000000001
134.46482181549072  seconds  2.5846892989406154 0.8396349413298569 0.8
139.24973154067993  seconds  2.5846892989406154 0.8396349413298569 13.700000000000001
144.8668339252472  seconds  2.5846892989406154 0.8396349413298569 12.700000000000001
143.39987659454346  seconds  2.5846892989406154 0.8396349413298569 14.700000000000001
135.36696481704712  seconds  2.5846892989406154 0.8396349413298569 2.8000000000000003
137.56478834152222  seconds  2.5846892989406154 0.8396349413298569 16.7
138.25840020179749  seconds  2.5846892989406154 0.8396349413298569 15.700000000000001
137.43837976455688  seconds  2.5846892989406154 0.8396349413298569 5.800000000000001
135.38306498527527  seconds  2.5846892989406154 0.8396349413298569 18.7
141.54902029037476  seconds  2.5846892989406154 0.8396349413298569 17.7
135.59348917007446  seconds  2.5846892989406154 0.8396349413298569 19.700000000000003
138.92732620239258  seconds  2.5846892989406154 0.8396349413298569 6.800000000000001
135.86730122566223  seconds  2.5846892989406154 0.8396349413298569 7.800000000000001
139.24875116348267  seconds  2.5846892989406154 0.8396349413298569 8.8
138.96909046173096  seconds  2.5846892989406154 0.8396349413298569 9.8
137.8845477104187  seconds  2.5846892989406154 0.8396349413298569 11.8
138.4204466342926  seconds  2.5846892989406154 0.8396349413298569 10.8
138.61118984222412  seconds  2.5846892989406154 0.8396349413298569 13.8
146.84079837799072  seconds  2.5846892989406154 0.8396349413298569 0.9
138.53221988677979  seconds  2.5846892989406154 0.8396349413298569 12.8
134.49786520004272  seconds  2.5846892989406154 0.8396349413298569 14.8
137.7679624557495  seconds  2.5846892989406154 0.8396349413298569 2.9000000000000004
135.24549913406372  seconds  2.5846892989406154 0.8396349413298569 16.8
135.71140003204346  seconds  2.5846892989406154 0.8396349413298569 15.8
137.04813742637634  seconds  2.5846892989406154 0.8396349413298569 5.9
134.29334616661072  seconds  2.5846892989406154 0.8396349413298569 18.8
136.99390506744385  seconds  2.5846892989406154 0.8396349413298569 17.8
135.1055450439453  seconds  2.5846892989406154 0.8396349413298569 19.8
137.8621883392334  seconds  2.5846892989406154 0.8396349413298569 6.9
132.7810161113739  seconds  2.5846892989406154 0.8396349413298569 7.9
133.680743932724  seconds  2.5846892989406154 0.8396349413298569 8.9
130.88864302635193  seconds  2.5846892989406154 0.8396349413298569 9.9
130.17804718017578  seconds  2.5846892989406154 0.8396349413298569 11.9
129.8175539970398  seconds  2.5846892989406154 0.8396349413298569 10.9
124.01233434677124  seconds  2.5846892989406154 0.8396349413298569 13.9
121.72724342346191  seconds  2.5846892989406154 0.8396349413298569 12.9
122.76138257980347  seconds  2.5846892989406154 0.8396349413298569 14.9
121.46722555160522  seconds  2.5846892989406154 0.8396349413298569 16.900000000000002
119.99145340919495  seconds  2.5846892989406154 0.8396349413298569 15.9
114.46091485023499  seconds  2.5846892989406154 0.8396349413298569 17.900000000000002
117.53462100028992  seconds  2.5846892989406154 0.8396349413298569 18.900000000000002
111.82203674316406  seconds  2.5846892989406154 0.8396349413298569 19.900000000000002
time for calc.... 1535.4461553096771
energy at the point.. 2.5337077240684835 1.1368970013037814  is  2.067935501059992e-06
200 the points 10 chunk numtheads
starting with calculation of Sigma
112.65308785438538  seconds  2.5337077240684835 1.1368970013037814 0.0
104.13735151290894  seconds  2.5337077240684835 1.1368970013037814 1.0
113.84868359565735  seconds  2.5337077240684835 1.1368970013037814 2.0
114.02791428565979  seconds  2.5337077240684835 1.1368970013037814 3.0
113.70111298561096  seconds  2.5337077240684835 1.1368970013037814 4.0
110.6338140964508  seconds  2.5337077240684835 1.1368970013037814 5.0
115.11540269851685  seconds  2.5337077240684835 1.1368970013037814 6.0
115.38475608825684  seconds  2.5337077240684835 1.1368970013037814 7.0
115.74595093727112  seconds  2.5337077240684835 1.1368970013037814 8.0
120.83163380622864  seconds  2.5337077240684835 1.1368970013037814 9.0
118.8733696937561  seconds  2.5337077240684835 1.1368970013037814 10.0
123.77633213996887  seconds  2.5337077240684835 1.1368970013037814 11.0
121.3442587852478  seconds  2.5337077240684835 1.1368970013037814 12.0
119.66241669654846  seconds  2.5337077240684835 1.1368970013037814 0.1
123.34964799880981  seconds  2.5337077240684835 1.1368970013037814 13.0
125.65306568145752  seconds  2.5337077240684835 1.1368970013037814 1.1
128.91710996627808  seconds  2.5337077240684835 1.1368970013037814 14.0
123.31769847869873  seconds  2.5337077240684835 1.1368970013037814 15.0
126.35595345497131  seconds  2.5337077240684835 1.1368970013037814 2.1
121.47126460075378  seconds  2.5337077240684835 1.1368970013037814 3.1
129.87035536766052  seconds  2.5337077240684835 1.1368970013037814 16.0
126.31163191795349  seconds  2.5337077240684835 1.1368970013037814 17.0
123.12941026687622  seconds  2.5337077240684835 1.1368970013037814 4.1000000000000005
124.20492362976074  seconds  2.5337077240684835 1.1368970013037814 5.1000000000000005
127.25757837295532  seconds  2.5337077240684835 1.1368970013037814 18.0
127.50038242340088  seconds  2.5337077240684835 1.1368970013037814 19.0
122.20438551902771  seconds  2.5337077240684835 1.1368970013037814 7.1000000000000005
132.84617853164673  seconds  2.5337077240684835 1.1368970013037814 6.1000000000000005
125.60995197296143  seconds  2.5337077240684835 1.1368970013037814 8.1
122.33462357521057  seconds  2.5337077240684835 1.1368970013037814 9.1
125.625314950943  seconds  2.5337077240684835 1.1368970013037814 10.100000000000001
126.46233177185059  seconds  2.5337077240684835 1.1368970013037814 12.100000000000001
133.20024728775024  seconds  2.5337077240684835 1.1368970013037814 11.100000000000001
123.45166206359863  seconds  2.5337077240684835 1.1368970013037814 0.2
126.94781041145325  seconds  2.5337077240684835 1.1368970013037814 13.100000000000001
129.4056704044342  seconds  2.5337077240684835 1.1368970013037814 1.2000000000000002
130.51920628547668  seconds  2.5337077240684835 1.1368970013037814 14.100000000000001
128.1530478000641  seconds  2.5337077240684835 1.1368970013037814 15.100000000000001
119.69796824455261  seconds  2.5337077240684835 1.1368970013037814 3.2
124.2300374507904  seconds  2.5337077240684835 1.1368970013037814 2.2
121.8468725681305  seconds  2.5337077240684835 1.1368970013037814 4.2
129.04511857032776  seconds  2.5337077240684835 1.1368970013037814 16.1
133.95472383499146  seconds  2.5337077240684835 1.1368970013037814 17.1
126.68208169937134  seconds  2.5337077240684835 1.1368970013037814 5.2
132.29417419433594  seconds  2.5337077240684835 1.1368970013037814 18.1
130.20945954322815  seconds  2.5337077240684835 1.1368970013037814 19.1
124.12836337089539  seconds  2.5337077240684835 1.1368970013037814 7.2
129.7402184009552  seconds  2.5337077240684835 1.1368970013037814 6.2
120.43755459785461  seconds  2.5337077240684835 1.1368970013037814 8.200000000000001
120.93379187583923  seconds  2.5337077240684835 1.1368970013037814 9.200000000000001
125.94128489494324  seconds  2.5337077240684835 1.1368970013037814 10.200000000000001
118.87700486183167  seconds  2.5337077240684835 1.1368970013037814 0.30000000000000004
126.69025611877441  seconds  2.5337077240684835 1.1368970013037814 12.200000000000001
129.38254642486572  seconds  2.5337077240684835 1.1368970013037814 11.200000000000001
127.89312410354614  seconds  2.5337077240684835 1.1368970013037814 13.200000000000001
126.36814665794373  seconds  2.5337077240684835 1.1368970013037814 1.3
122.94550824165344  seconds  2.5337077240684835 1.1368970013037814 3.3000000000000003
123.71555185317993  seconds  2.5337077240684835 1.1368970013037814 2.3000000000000003
130.4297571182251  seconds  2.5337077240684835 1.1368970013037814 14.200000000000001
130.11850881576538  seconds  2.5337077240684835 1.1368970013037814 15.200000000000001
120.09497261047363  seconds  2.5337077240684835 1.1368970013037814 4.3
126.67441010475159  seconds  2.5337077240684835 1.1368970013037814 16.2
129.64319324493408  seconds  2.5337077240684835 1.1368970013037814 17.2
128.2201030254364  seconds  2.5337077240684835 1.1368970013037814 5.300000000000001
119.52392792701721  seconds  2.5337077240684835 1.1368970013037814 7.300000000000001
132.83091592788696  seconds  2.5337077240684835 1.1368970013037814 18.2
126.9252598285675  seconds  2.5337077240684835 1.1368970013037814 19.200000000000003
122.2499258518219  seconds  2.5337077240684835 1.1368970013037814 8.3
119.41292381286621  seconds  2.5337077240684835 1.1368970013037814 9.3
132.16506242752075  seconds  2.5337077240684835 1.1368970013037814 6.300000000000001
130.89586210250854  seconds  2.5337077240684835 1.1368970013037814 10.3
115.14990329742432  seconds  2.5337077240684835 1.1368970013037814 0.4
127.04175019264221  seconds  2.5337077240684835 1.1368970013037814 12.3
126.75046110153198  seconds  2.5337077240684835 1.1368970013037814 11.3
126.3379454612732  seconds  2.5337077240684835 1.1368970013037814 13.3
127.06279253959656  seconds  2.5337077240684835 1.1368970013037814 1.4000000000000001
122.69587755203247  seconds  2.5337077240684835 1.1368970013037814 3.4000000000000004
116.82319188117981  seconds  2.5337077240684835 1.1368970013037814 4.4
129.43486666679382  seconds  2.5337077240684835 1.1368970013037814 15.3
131.84617829322815  seconds  2.5337077240684835 1.1368970013037814 14.3
137.0088791847229  seconds  2.5337077240684835 1.1368970013037814 2.4000000000000004
127.20114970207214  seconds  2.5337077240684835 1.1368970013037814 16.3
114.51535534858704  seconds  2.5337077240684835 1.1368970013037814 7.4
128.9951241016388  seconds  2.5337077240684835 1.1368970013037814 17.3
130.06660103797913  seconds  2.5337077240684835 1.1368970013037814 5.4
118.32975745201111  seconds  2.5337077240684835 1.1368970013037814 8.4
127.8187608718872  seconds  2.5337077240684835 1.1368970013037814 18.3
131.4523856639862  seconds  2.5337077240684835 1.1368970013037814 19.3
116.04223918914795  seconds  2.5337077240684835 1.1368970013037814 9.4
127.88919949531555  seconds  2.5337077240684835 1.1368970013037814 6.4
124.07247519493103  seconds  2.5337077240684835 1.1368970013037814 0.5
127.26162457466125  seconds  2.5337077240684835 1.1368970013037814 10.4
132.11339378356934  seconds  2.5337077240684835 1.1368970013037814 12.4
132.71404647827148  seconds  2.5337077240684835 1.1368970013037814 11.4
114.53849077224731  seconds  2.5337077240684835 1.1368970013037814 3.5
133.65425729751587  seconds  2.5337077240684835 1.1368970013037814 13.4
118.9680564403534  seconds  2.5337077240684835 1.1368970013037814 4.5
129.98886346817017  seconds  2.5337077240684835 1.1368970013037814 1.5
128.15478539466858  seconds  2.5337077240684835 1.1368970013037814 15.4
126.8542857170105  seconds  2.5337077240684835 1.1368970013037814 14.4
119.39182019233704  seconds  2.5337077240684835 1.1368970013037814 7.5
130.276789188385  seconds  2.5337077240684835 1.1368970013037814 16.400000000000002
139.16227984428406  seconds  2.5337077240684835 1.1368970013037814 2.5
117.0283887386322  seconds  2.5337077240684835 1.1368970013037814 8.5
127.30308437347412  seconds  2.5337077240684835 1.1368970013037814 5.5
129.00442266464233  seconds  2.5337077240684835 1.1368970013037814 17.400000000000002
116.67025804519653  seconds  2.5337077240684835 1.1368970013037814 9.5
135.72275924682617  seconds  2.5337077240684835 1.1368970013037814 18.400000000000002
136.20774054527283  seconds  2.5337077240684835 1.1368970013037814 19.400000000000002
128.49266624450684  seconds  2.5337077240684835 1.1368970013037814 6.5
113.99933195114136  seconds  2.5337077240684835 1.1368970013037814 0.6000000000000001
127.79563808441162  seconds  2.5337077240684835 1.1368970013037814 10.5
114.97534036636353  seconds  2.5337077240684835 1.1368970013037814 3.6
115.0109555721283  seconds  2.5337077240684835 1.1368970013037814 4.6000000000000005
131.72158479690552  seconds  2.5337077240684835 1.1368970013037814 12.5
128.4434654712677  seconds  2.5337077240684835 1.1368970013037814 11.5
133.43132138252258  seconds  2.5337077240684835 1.1368970013037814 13.5
137.28919076919556  seconds  2.5337077240684835 1.1368970013037814 1.6
127.94552230834961  seconds  2.5337077240684835 1.1368970013037814 15.5
131.35796308517456  seconds  2.5337077240684835 1.1368970013037814 14.5
125.58056783676147  seconds  2.5337077240684835 1.1368970013037814 7.6000000000000005
116.43310546875  seconds  2.5337077240684835 1.1368970013037814 8.6
129.55248093605042  seconds  2.5337077240684835 1.1368970013037814 16.5
113.75727701187134  seconds  2.5337077240684835 1.1368970013037814 9.600000000000001
128.56601405143738  seconds  2.5337077240684835 1.1368970013037814 2.6
127.07343983650208  seconds  2.5337077240684835 1.1368970013037814 5.6000000000000005
129.360577583313  seconds  2.5337077240684835 1.1368970013037814 17.5
117.43433809280396  seconds  2.5337077240684835 1.1368970013037814 0.7000000000000001
135.7150993347168  seconds  2.5337077240684835 1.1368970013037814 18.5
133.65190958976746  seconds  2.5337077240684835 1.1368970013037814 19.5
129.07902359962463  seconds  2.5337077240684835 1.1368970013037814 6.6000000000000005
127.23939895629883  seconds  2.5337077240684835 1.1368970013037814 10.600000000000001
115.09771871566772  seconds  2.5337077240684835 1.1368970013037814 3.7
116.64776659011841  seconds  2.5337077240684835 1.1368970013037814 4.7
127.41531133651733  seconds  2.5337077240684835 1.1368970013037814 11.600000000000001
133.1044056415558  seconds  2.5337077240684835 1.1368970013037814 12.600000000000001
130.40729761123657  seconds  2.5337077240684835 1.1368970013037814 13.600000000000001
115.95478677749634  seconds  2.5337077240684835 1.1368970013037814 7.7
131.88057351112366  seconds  2.5337077240684835 1.1368970013037814 1.7000000000000002
116.48090720176697  seconds  2.5337077240684835 1.1368970013037814 8.700000000000001
128.54398703575134  seconds  2.5337077240684835 1.1368970013037814 15.600000000000001
116.77810740470886  seconds  2.5337077240684835 1.1368970013037814 9.700000000000001
132.54596257209778  seconds  2.5337077240684835 1.1368970013037814 14.600000000000001
128.9288613796234  seconds  2.5337077240684835 1.1368970013037814 2.7
133.07811880111694  seconds  2.5337077240684835 1.1368970013037814 16.6
129.83688473701477  seconds  2.5337077240684835 1.1368970013037814 17.6
132.8731391429901  seconds  2.5337077240684835 1.1368970013037814 5.7
116.21554684638977  seconds  2.5337077240684835 1.1368970013037814 0.8
129.8083553314209  seconds  2.5337077240684835 1.1368970013037814 18.6
129.59777688980103  seconds  2.5337077240684835 1.1368970013037814 6.7
131.50168418884277  seconds  2.5337077240684835 1.1368970013037814 19.6
114.63319945335388  seconds  2.5337077240684835 1.1368970013037814 4.800000000000001
124.26075649261475  seconds  2.5337077240684835 1.1368970013037814 3.8000000000000003
128.29119896888733  seconds  2.5337077240684835 1.1368970013037814 10.700000000000001
128.28792667388916  seconds  2.5337077240684835 1.1368970013037814 11.700000000000001
128.87760281562805  seconds  2.5337077240684835 1.1368970013037814 12.700000000000001
116.22405171394348  seconds  2.5337077240684835 1.1368970013037814 7.800000000000001
117.62889456748962  seconds  2.5337077240684835 1.1368970013037814 8.8
128.90127658843994  seconds  2.5337077240684835 1.1368970013037814 13.700000000000001
119.6360878944397  seconds  2.5337077240684835 1.1368970013037814 9.8
127.24820351600647  seconds  2.5337077240684835 1.1368970013037814 1.8
133.11630058288574  seconds  2.5337077240684835 1.1368970013037814 15.700000000000001
128.44218134880066  seconds  2.5337077240684835 1.1368970013037814 14.700000000000001
130.86720490455627  seconds  2.5337077240684835 1.1368970013037814 2.8000000000000003
130.2291383743286  seconds  2.5337077240684835 1.1368970013037814 16.7
115.115163564682  seconds  2.5337077240684835 1.1368970013037814 0.9
129.49760675430298  seconds  2.5337077240684835 1.1368970013037814 17.7
130.45728874206543  seconds  2.5337077240684835 1.1368970013037814 5.800000000000001
128.99019193649292  seconds  2.5337077240684835 1.1368970013037814 18.7
130.03799390792847  seconds  2.5337077240684835 1.1368970013037814 6.800000000000001
112.50201225280762  seconds  2.5337077240684835 1.1368970013037814 4.9
131.75695276260376  seconds  2.5337077240684835 1.1368970013037814 19.700000000000003
115.47062921524048  seconds  2.5337077240684835 1.1368970013037814 3.9000000000000004
130.35069870948792  seconds  2.5337077240684835 1.1368970013037814 10.8
110.21715688705444  seconds  2.5337077240684835 1.1368970013037814 8.9
116.64454078674316  seconds  2.5337077240684835 1.1368970013037814 7.9
109.45074343681335  seconds  2.5337077240684835 1.1368970013037814 9.9
133.29869031906128  seconds  2.5337077240684835 1.1368970013037814 11.8
130.1512222290039  seconds  2.5337077240684835 1.1368970013037814 12.8
129.5697112083435  seconds  2.5337077240684835 1.1368970013037814 13.8
127.51769495010376  seconds  2.5337077240684835 1.1368970013037814 1.9000000000000001
129.55797600746155  seconds  2.5337077240684835 1.1368970013037814 15.8
134.8248245716095  seconds  2.5337077240684835 1.1368970013037814 14.8
128.59876465797424  seconds  2.5337077240684835 1.1368970013037814 16.8
129.41537022590637  seconds  2.5337077240684835 1.1368970013037814 2.9000000000000004
128.23961663246155  seconds  2.5337077240684835 1.1368970013037814 17.8
127.6729953289032  seconds  2.5337077240684835 1.1368970013037814 5.9
126.17660212516785  seconds  2.5337077240684835 1.1368970013037814 18.8
126.28877353668213  seconds  2.5337077240684835 1.1368970013037814 6.9
126.343998670578  seconds  2.5337077240684835 1.1368970013037814 19.8
122.73724007606506  seconds  2.5337077240684835 1.1368970013037814 10.9
122.18592858314514  seconds  2.5337077240684835 1.1368970013037814 11.9
120.48353338241577  seconds  2.5337077240684835 1.1368970013037814 12.9
117.1885085105896  seconds  2.5337077240684835 1.1368970013037814 13.9
115.3752191066742  seconds  2.5337077240684835 1.1368970013037814 15.9
113.42505478858948  seconds  2.5337077240684835 1.1368970013037814 14.9
113.5067811012268  seconds  2.5337077240684835 1.1368970013037814 16.900000000000002
112.31641888618469  seconds  2.5337077240684835 1.1368970013037814 17.900000000000002
104.0365858078003  seconds  2.5337077240684835 1.1368970013037814 18.900000000000002
108.17393827438354  seconds  2.5337077240684835 1.1368970013037814 19.900000000000002
time for calc.... 1466.434847831726
energy at the point.. 2.421355054487129 1.409821816601478  is  6.066433012819061e-06
200 the points 10 chunk numtheads
starting with calculation of Sigma
111.10060954093933  seconds  2.421355054487129 1.409821816601478 0.0
103.01330518722534  seconds  2.421355054487129 1.409821816601478 1.0
103.4524450302124  seconds  2.421355054487129 1.409821816601478 2.0
115.60134673118591  seconds  2.421355054487129 1.409821816601478 3.0
108.11555218696594  seconds  2.421355054487129 1.409821816601478 4.0
117.74365639686584  seconds  2.421355054487129 1.409821816601478 5.0
120.80155324935913  seconds  2.421355054487129 1.409821816601478 6.0
119.57892513275146  seconds  2.421355054487129 1.409821816601478 7.0
125.43347907066345  seconds  2.421355054487129 1.409821816601478 8.0
123.26770997047424  seconds  2.421355054487129 1.409821816601478 9.0
121.84729146957397  seconds  2.421355054487129 1.409821816601478 10.0
114.83124852180481  seconds  2.421355054487129 1.409821816601478 11.0
125.47210812568665  seconds  2.421355054487129 1.409821816601478 12.0
124.86294293403625  seconds  2.421355054487129 1.409821816601478 13.0
121.28161215782166  seconds  2.421355054487129 1.409821816601478 1.1
124.98646068572998  seconds  2.421355054487129 1.409821816601478 0.1
116.95831155776978  seconds  2.421355054487129 1.409821816601478 2.1
122.94570636749268  seconds  2.421355054487129 1.409821816601478 14.0
126.77951073646545  seconds  2.421355054487129 1.409821816601478 15.0
123.94379472732544  seconds  2.421355054487129 1.409821816601478 4.1000000000000005
125.04726815223694  seconds  2.421355054487129 1.409821816601478 3.1
133.50900888442993  seconds  2.421355054487129 1.409821816601478 16.0
129.92532086372375  seconds  2.421355054487129 1.409821816601478 17.0
126.00937032699585  seconds  2.421355054487129 1.409821816601478 18.0
123.04294610023499  seconds  2.421355054487129 1.409821816601478 5.1000000000000005
129.8516821861267  seconds  2.421355054487129 1.409821816601478 19.0
125.87998127937317  seconds  2.421355054487129 1.409821816601478 6.1000000000000005
133.09122824668884  seconds  2.421355054487129 1.409821816601478 7.1000000000000005
131.12333035469055  seconds  2.421355054487129 1.409821816601478 8.1
124.12660717964172  seconds  2.421355054487129 1.409821816601478 10.100000000000001
123.22105550765991  seconds  2.421355054487129 1.409821816601478 11.100000000000001
132.37772274017334  seconds  2.421355054487129 1.409821816601478 9.1
123.68427920341492  seconds  2.421355054487129 1.409821816601478 12.100000000000001
124.06639289855957  seconds  2.421355054487129 1.409821816601478 1.2000000000000002
121.45577669143677  seconds  2.421355054487129 1.409821816601478 2.2
126.96146655082703  seconds  2.421355054487129 1.409821816601478 13.100000000000001
121.54883003234863  seconds  2.421355054487129 1.409821816601478 14.100000000000001
130.75747847557068  seconds  2.421355054487129 1.409821816601478 0.2
124.56114554405212  seconds  2.421355054487129 1.409821816601478 15.100000000000001
122.64139461517334  seconds  2.421355054487129 1.409821816601478 4.2
120.55639553070068  seconds  2.421355054487129 1.409821816601478 17.1
127.69119358062744  seconds  2.421355054487129 1.409821816601478 16.1
130.91873908042908  seconds  2.421355054487129 1.409821816601478 3.2
123.85011005401611  seconds  2.421355054487129 1.409821816601478 18.1
123.75267267227173  seconds  2.421355054487129 1.409821816601478 5.2
125.51251292228699  seconds  2.421355054487129 1.409821816601478 6.2
131.27954483032227  seconds  2.421355054487129 1.409821816601478 19.1
124.57303380966187  seconds  2.421355054487129 1.409821816601478 7.2
119.0410807132721  seconds  2.421355054487129 1.409821816601478 11.200000000000001
125.9157783985138  seconds  2.421355054487129 1.409821816601478 8.200000000000001
124.34097266197205  seconds  2.421355054487129 1.409821816601478 10.200000000000001
126.38647937774658  seconds  2.421355054487129 1.409821816601478 9.200000000000001
123.97353959083557  seconds  2.421355054487129 1.409821816601478 12.200000000000001
118.38301539421082  seconds  2.421355054487129 1.409821816601478 1.3
120.57440495491028  seconds  2.421355054487129 1.409821816601478 2.3000000000000003
121.72448635101318  seconds  2.421355054487129 1.409821816601478 14.200000000000001
133.73259949684143  seconds  2.421355054487129 1.409821816601478 13.200000000000001
126.97451400756836  seconds  2.421355054487129 1.409821816601478 0.30000000000000004
127.61916422843933  seconds  2.421355054487129 1.409821816601478 15.200000000000001
118.64045023918152  seconds  2.421355054487129 1.409821816601478 4.3
130.4697515964508  seconds  2.421355054487129 1.409821816601478 17.2
122.85996174812317  seconds  2.421355054487129 1.409821816601478 18.2
129.42398357391357  seconds  2.421355054487129 1.409821816601478 16.2
133.36359572410583  seconds  2.421355054487129 1.409821816601478 3.3000000000000003
130.35548067092896  seconds  2.421355054487129 1.409821816601478 5.300000000000001
126.00518703460693  seconds  2.421355054487129 1.409821816601478 19.200000000000003
130.07192945480347  seconds  2.421355054487129 1.409821816601478 6.300000000000001
127.41405653953552  seconds  2.421355054487129 1.409821816601478 7.300000000000001
121.63500022888184  seconds  2.421355054487129 1.409821816601478 11.3
124.24308681488037  seconds  2.421355054487129 1.409821816601478 8.3
124.1627790927887  seconds  2.421355054487129 1.409821816601478 10.3
124.90758776664734  seconds  2.421355054487129 1.409821816601478 9.3
124.92896842956543  seconds  2.421355054487129 1.409821816601478 12.3
126.45175814628601  seconds  2.421355054487129 1.409821816601478 1.4000000000000001
126.11643671989441  seconds  2.421355054487129 1.409821816601478 2.4000000000000004
126.66453838348389  seconds  2.421355054487129 1.409821816601478 14.3
127.36981749534607  seconds  2.421355054487129 1.409821816601478 13.3
127.24820470809937  seconds  2.421355054487129 1.409821816601478 0.4
126.6840341091156  seconds  2.421355054487129 1.409821816601478 15.3
125.47940111160278  seconds  2.421355054487129 1.409821816601478 4.4
119.05001831054688  seconds  2.421355054487129 1.409821816601478 17.3
127.38707613945007  seconds  2.421355054487129 1.409821816601478 18.3
130.12127423286438  seconds  2.421355054487129 1.409821816601478 16.3
126.40714406967163  seconds  2.421355054487129 1.409821816601478 3.4000000000000004
127.54629135131836  seconds  2.421355054487129 1.409821816601478 5.4
124.49119591712952  seconds  2.421355054487129 1.409821816601478 19.3
124.11521005630493  seconds  2.421355054487129 1.409821816601478 6.4
124.78217220306396  seconds  2.421355054487129 1.409821816601478 7.4
123.02220821380615  seconds  2.421355054487129 1.409821816601478 11.4
125.00368356704712  seconds  2.421355054487129 1.409821816601478 10.4
129.4412076473236  seconds  2.421355054487129 1.409821816601478 8.4
129.30718660354614  seconds  2.421355054487129 1.409821816601478 9.4
124.04939150810242  seconds  2.421355054487129 1.409821816601478 1.5
129.1230342388153  seconds  2.421355054487129 1.409821816601478 12.4
124.70841574668884  seconds  2.421355054487129 1.409821816601478 2.5
124.38606715202332  seconds  2.421355054487129 1.409821816601478 14.4
125.71197319030762  seconds  2.421355054487129 1.409821816601478 13.4
125.7182936668396  seconds  2.421355054487129 1.409821816601478 0.5
122.40029716491699  seconds  2.421355054487129 1.409821816601478 4.5
125.47661781311035  seconds  2.421355054487129 1.409821816601478 15.4
119.47570013999939  seconds  2.421355054487129 1.409821816601478 17.400000000000002
120.9684464931488  seconds  2.421355054487129 1.409821816601478 18.400000000000002
128.47333240509033  seconds  2.421355054487129 1.409821816601478 16.400000000000002
128.54900455474854  seconds  2.421355054487129 1.409821816601478 3.5
126.19899535179138  seconds  2.421355054487129 1.409821816601478 5.5
124.70555281639099  seconds  2.421355054487129 1.409821816601478 6.5
131.62127923965454  seconds  2.421355054487129 1.409821816601478 19.400000000000002
123.6141619682312  seconds  2.421355054487129 1.409821816601478 7.5
125.47619247436523  seconds  2.421355054487129 1.409821816601478 11.5
125.89558362960815  seconds  2.421355054487129 1.409821816601478 8.5
129.83842945098877  seconds  2.421355054487129 1.409821816601478 10.5
130.5649402141571  seconds  2.421355054487129 1.409821816601478 9.5
121.60345983505249  seconds  2.421355054487129 1.409821816601478 1.6
125.44996380805969  seconds  2.421355054487129 1.409821816601478 12.5
123.91890048980713  seconds  2.421355054487129 1.409821816601478 2.6
121.06016707420349  seconds  2.421355054487129 1.409821816601478 14.5
125.76612591743469  seconds  2.421355054487129 1.409821816601478 0.6000000000000001
128.0702202320099  seconds  2.421355054487129 1.409821816601478 13.5
121.05053210258484  seconds  2.421355054487129 1.409821816601478 4.6000000000000005
129.12336373329163  seconds  2.421355054487129 1.409821816601478 15.5
119.23230695724487  seconds  2.421355054487129 1.409821816601478 18.5
136.54615354537964  seconds  2.421355054487129 1.409821816601478 17.5
125.73459577560425  seconds  2.421355054487129 1.409821816601478 16.5
125.56996059417725  seconds  2.421355054487129 1.409821816601478 3.6
125.63776898384094  seconds  2.421355054487129 1.409821816601478 5.6000000000000005
127.41595482826233  seconds  2.421355054487129 1.409821816601478 6.6000000000000005
130.76023983955383  seconds  2.421355054487129 1.409821816601478 19.5
124.72707557678223  seconds  2.421355054487129 1.409821816601478 7.6000000000000005
120.82930302619934  seconds  2.421355054487129 1.409821816601478 11.600000000000001
125.74758887290955  seconds  2.421355054487129 1.409821816601478 8.6
129.48125982284546  seconds  2.421355054487129 1.409821816601478 10.600000000000001
119.75891470909119  seconds  2.421355054487129 1.409821816601478 1.7000000000000002
129.80225896835327  seconds  2.421355054487129 1.409821816601478 9.600000000000001
120.46321415901184  seconds  2.421355054487129 1.409821816601478 14.600000000000001
123.0279815196991  seconds  2.421355054487129 1.409821816601478 2.7
128.67882180213928  seconds  2.421355054487129 1.409821816601478 12.600000000000001
124.97803616523743  seconds  2.421355054487129 1.409821816601478 0.7000000000000001
122.70110988616943  seconds  2.421355054487129 1.409821816601478 4.7
131.1830644607544  seconds  2.421355054487129 1.409821816601478 13.600000000000001
125.66335463523865  seconds  2.421355054487129 1.409821816601478 15.600000000000001
122.54423141479492  seconds  2.421355054487129 1.409821816601478 18.6
128.5616672039032  seconds  2.421355054487129 1.409821816601478 17.6
125.08509278297424  seconds  2.421355054487129 1.409821816601478 16.6
126.07030940055847  seconds  2.421355054487129 1.409821816601478 3.7
128.99942469596863  seconds  2.421355054487129 1.409821816601478 5.7
123.76772809028625  seconds  2.421355054487129 1.409821816601478 6.7
120.23990035057068  seconds  2.421355054487129 1.409821816601478 11.700000000000001
126.3364634513855  seconds  2.421355054487129 1.409821816601478 19.6
128.2000551223755  seconds  2.421355054487129 1.409821816601478 7.7
124.52354431152344  seconds  2.421355054487129 1.409821816601478 8.700000000000001
126.69391942024231  seconds  2.421355054487129 1.409821816601478 10.700000000000001
122.66727185249329  seconds  2.421355054487129 1.409821816601478 1.8
121.94805955886841  seconds  2.421355054487129 1.409821816601478 14.700000000000001
126.02756404876709  seconds  2.421355054487129 1.409821816601478 9.700000000000001
123.98392009735107  seconds  2.421355054487129 1.409821816601478 2.8000000000000003
127.26344466209412  seconds  2.421355054487129 1.409821816601478 12.700000000000001
127.02482485771179  seconds  2.421355054487129 1.409821816601478 4.800000000000001
133.70667362213135  seconds  2.421355054487129 1.409821816601478 0.8
127.07309174537659  seconds  2.421355054487129 1.409821816601478 13.700000000000001
126.30495142936707  seconds  2.421355054487129 1.409821816601478 15.700000000000001
125.1002688407898  seconds  2.421355054487129 1.409821816601478 18.7
120.45897841453552  seconds  2.421355054487129 1.409821816601478 17.7
124.1589994430542  seconds  2.421355054487129 1.409821816601478 3.8000000000000003
127.27203440666199  seconds  2.421355054487129 1.409821816601478 16.7
124.87233972549438  seconds  2.421355054487129 1.409821816601478 5.800000000000001
125.46544241905212  seconds  2.421355054487129 1.409821816601478 6.800000000000001
118.92443013191223  seconds  2.421355054487129 1.409821816601478 11.8
126.58633017539978  seconds  2.421355054487129 1.409821816601478 19.700000000000003
132.42298412322998  seconds  2.421355054487129 1.409821816601478 7.800000000000001
128.96716785430908  seconds  2.421355054487129 1.409821816601478 8.8
125.4593756198883  seconds  2.421355054487129 1.409821816601478 10.8
117.91290497779846  seconds  2.421355054487129 1.409821816601478 14.8
125.10540890693665  seconds  2.421355054487129 1.409821816601478 1.9000000000000001
125.73034334182739  seconds  2.421355054487129 1.409821816601478 9.8
130.90950751304626  seconds  2.421355054487129 1.409821816601478 2.9000000000000004
124.84822344779968  seconds  2.421355054487129 1.409821816601478 12.8
121.96366119384766  seconds  2.421355054487129 1.409821816601478 4.9
117.10332202911377  seconds  2.421355054487129 1.409821816601478 18.8
127.74345374107361  seconds  2.421355054487129 1.409821816601478 13.8
115.07569479942322  seconds  2.421355054487129 1.409821816601478 17.8
126.51890254020691  seconds  2.421355054487129 1.409821816601478 15.8
134.03584456443787  seconds  2.421355054487129 1.409821816601478 0.9
125.30002284049988  seconds  2.421355054487129 1.409821816601478 16.8
126.49698781967163  seconds  2.421355054487129 1.409821816601478 3.9000000000000004
113.08172392845154  seconds  2.421355054487129 1.409821816601478 11.9
125.02283239364624  seconds  2.421355054487129 1.409821816601478 5.9
124.04377865791321  seconds  2.421355054487129 1.409821816601478 6.9
123.76574516296387  seconds  2.421355054487129 1.409821816601478 19.8
108.39074850082397  seconds  2.421355054487129 1.409821816601478 14.9
126.64468884468079  seconds  2.421355054487129 1.409821816601478 7.9
121.64008688926697  seconds  2.421355054487129 1.409821816601478 8.9
121.17784595489502  seconds  2.421355054487129 1.409821816601478 10.9
121.25947952270508  seconds  2.421355054487129 1.409821816601478 9.9
119.51644682884216  seconds  2.421355054487129 1.409821816601478 12.9
103.4576096534729  seconds  2.421355054487129 1.409821816601478 18.900000000000002
103.13087606430054  seconds  2.421355054487129 1.409821816601478 17.900000000000002
115.29077100753784  seconds  2.421355054487129 1.409821816601478 13.9
114.20645785331726  seconds  2.421355054487129 1.409821816601478 15.9
110.13405585289001  seconds  2.421355054487129 1.409821816601478 16.900000000000002
108.14392399787903  seconds  2.421355054487129 1.409821816601478 19.900000000000002
time for calc.... 1441.5620486736298
114505.35user 43093.51system 2:37:32elapsed 1667%CPU (0avgtext+0avgdata 25003300maxresident)k
19175912inputs+129656outputs (602660major+599692326minor)pagefaults 0swaps
