reading lattice from... ./Lattices/sqKgridX100.npy
reading lattice from... ./Lattices/sqKgridY100.npy
started calculating filling for chemical potential and dispersion parameters TB_single_band..
reading lattice from... ./Lattices/KgridX400.npy
reading lattice from... ./Lattices/KgridY400.npy
reading lattice from... ./Lattices/KgridX400.npy
reading lattice from... ./Lattices/KgridY400.npy
finished calculating filling for chemical potential
Filling: 0.5021914101708863 .... chemical potential: 29.41164495334965
dispersion params: 54.93230174081238 	 -10.444874274661508
The fermi energy in mev is: 3064.1164088176356, and in units of J: 296.3362097502549, the bandwidth is:494.39071566731144
reading lattice from... ./Lattices/KgridX2000.npy
reading lattice from... ./Lattices/KgridY2000.npy
reading lattice from... ./Lattices/sqKgridX2000.npy
reading lattice from... ./Lattices/sqKgridY2000.npy
412 the fermi surface points 9 numtheads
starting with calculation of Sigma
10.280152082443237  seconds  1.9849630595393304 1.8569733050797659 0.001
10.804446458816528  seconds  1.9849630595393304 1.8569733050797659 0.5463636363636363
11.116574764251709  seconds  1.9849630595393304 1.8569733050797659 1.0917272727272724
10.732604742050171  seconds  1.9849630595393304 1.8569733050797659 1.637090909090909
11.150807857513428  seconds  1.9849630595393304 1.8569733050797659 2.182454545454545
10.616758108139038  seconds  1.9849630595393304 1.8569733050797659 2.7278181818181815
11.087138891220093  seconds  1.9849630595393304 1.8569733050797659 3.273181818181818
11.073535680770874  seconds  1.9849630595393304 1.8569733050797659 3.818545454545454
11.25413203239441  seconds  1.9849630595393304 1.8569733050797659 4.3639090909090905
11.057681560516357  seconds  1.9849630595393304 1.8569733050797659 4.909272727272727
11.009014368057251  seconds  1.9849630595393304 1.8569733050797659 5.4546363636363635
11.351702690124512  seconds  1.9849630595393304 1.8569733050797659 6.0
11.469415187835693  seconds  1.9849630595393304 1.8569733050797659 0.06159595959595959
12.214065551757812  seconds  1.9849630595393304 1.8569733050797659 0.6069595959595959
11.624371767044067  seconds  1.9849630595393304 1.8569733050797659 1.1523232323232322
11.518924474716187  seconds  1.9849630595393304 1.8569733050797659 1.6976868686868685
11.350794792175293  seconds  1.9849630595393304 1.8569733050797659 2.7884141414141412
11.397298097610474  seconds  1.9849630595393304 1.8569733050797659 2.2430505050505047
11.313044548034668  seconds  1.9849630595393304 1.8569733050797659 3.3337777777777773
10.930120706558228  seconds  1.9849630595393304 1.8569733050797659 3.879141414141414
11.250770092010498  seconds  1.9849630595393304 1.8569733050797659 4.424505050505051
11.36583423614502  seconds  1.9849630595393304 1.8569733050797659 4.969868686868687
11.18009877204895  seconds  1.9849630595393304 1.8569733050797659 5.515232323232323
10.868212461471558  seconds  1.9849630595393304 1.8569733050797659 0.12219191919191918
11.189773082733154  seconds  1.9849630595393304 1.8569733050797659 0.6675555555555556
11.108642816543579  seconds  1.9849630595393304 1.8569733050797659 1.2129191919191917
11.149139404296875  seconds  1.9849630595393304 1.8569733050797659 1.758282828282828
11.382667303085327  seconds  1.9849630595393304 1.8569733050797659 2.3036464646464645
11.399366855621338  seconds  1.9849630595393304 1.8569733050797659 2.8490101010101005
11.019646644592285  seconds  1.9849630595393304 1.8569733050797659 3.394373737373737
10.965576410293579  seconds  1.9849630595393304 1.8569733050797659 3.9397373737373735
11.276793241500854  seconds  1.9849630595393304 1.8569733050797659 4.48510101010101
11.246434688568115  seconds  1.9849630595393304 1.8569733050797659 5.0304646464646465
11.1624174118042  seconds  1.9849630595393304 1.8569733050797659 5.575828282828283
10.779444694519043  seconds  1.9849630595393304 1.8569733050797659 0.18278787878787878
10.952457189559937  seconds  1.9849630595393304 1.8569733050797659 1.2735151515151513
11.063220262527466  seconds  1.9849630595393304 1.8569733050797659 0.7281515151515151
10.92789340019226  seconds  1.9849630595393304 1.8569733050797659 1.8188787878787878
11.223136901855469  seconds  1.9849630595393304 1.8569733050797659 2.364242424242424
11.25771689414978  seconds  1.9849630595393304 1.8569733050797659 2.9096060606060603
11.000220537185669  seconds  1.9849630595393304 1.8569733050797659 3.454969696969697
10.896677732467651  seconds  1.9849630595393304 1.8569733050797659 4.000333333333333
11.196474075317383  seconds  1.9849630595393304 1.8569733050797659 4.545696969696969
11.259856939315796  seconds  1.9849630595393304 1.8569733050797659 5.091060606060606
11.086873531341553  seconds  1.9849630595393304 1.8569733050797659 5.636424242424242
11.027634382247925  seconds  1.9849630595393304 1.8569733050797659 0.24338383838383837
11.205424308776855  seconds  1.9849630595393304 1.8569733050797659 1.334111111111111
11.166738271713257  seconds  1.9849630595393304 1.8569733050797659 1.8794747474747473
11.21349835395813  seconds  1.9849630595393304 1.8569733050797659 0.7887474747474746
11.387636423110962  seconds  1.9849630595393304 1.8569733050797659 2.4248383838383836
11.435042142868042  seconds  1.9849630595393304 1.8569733050797659 2.97020202020202
11.26214337348938  seconds  1.9849630595393304 1.8569733050797659 3.515565656565656
11.244798421859741  seconds  1.9849630595393304 1.8569733050797659 4.060929292929293
11.299556732177734  seconds  1.9849630595393304 1.8569733050797659 4.6062929292929295
11.369913339614868  seconds  1.9849630595393304 1.8569733050797659 5.151656565656566
11.258474826812744  seconds  1.9849630595393304 1.8569733050797659 5.697020202020202
10.863188982009888  seconds  1.9849630595393304 1.8569733050797659 0.30397979797979796
11.062670469284058  seconds  1.9849630595393304 1.8569733050797659 1.3947070707070706
11.184332132339478  seconds  1.9849630595393304 1.8569733050797659 0.8493434343434343
11.197105646133423  seconds  1.9849630595393304 1.8569733050797659 1.9400707070707068
11.410252809524536  seconds  1.9849630595393304 1.8569733050797659 2.4854343434343433
11.403263568878174  seconds  1.9849630595393304 1.8569733050797659 3.0307979797979794
11.318353176116943  seconds  1.9849630595393304 1.8569733050797659 3.576161616161616
11.218612432479858  seconds  1.9849630595393304 1.8569733050797659 4.121525252525252
11.197514772415161  seconds  1.9849630595393304 1.8569733050797659 4.666888888888889
11.253292083740234  seconds  1.9849630595393304 1.8569733050797659 5.212252525252525
11.34314489364624  seconds  1.9849630595393304 1.8569733050797659 5.757616161616162
10.826748132705688  seconds  1.9849630595393304 1.8569733050797659 0.36457575757575755
11.031161069869995  seconds  1.9849630595393304 1.8569733050797659 0.9099393939393939
11.029730796813965  seconds  1.9849630595393304 1.8569733050797659 2.0006666666666666
11.17920708656311  seconds  1.9849630595393304 1.8569733050797659 1.45530303030303
11.533354997634888  seconds  1.9849630595393304 1.8569733050797659 2.5460303030303026
11.494861364364624  seconds  1.9849630595393304 1.8569733050797659 3.091393939393939
11.526762962341309  seconds  1.9849630595393304 1.8569733050797659 4.182121212121213
11.5805344581604  seconds  1.9849630595393304 1.8569733050797659 3.6367575757575756
10.9019193649292  seconds  1.9849630595393304 1.8569733050797659 4.727484848484848
11.44931936264038  seconds  1.9849630595393304 1.8569733050797659 5.272848484848485
11.320383071899414  seconds  1.9849630595393304 1.8569733050797659 5.818212121212121
10.80092477798462  seconds  1.9849630595393304 1.8569733050797659 0.42517171717171715
11.308988809585571  seconds  1.9849630595393304 1.8569733050797659 2.061262626262626
11.376588106155396  seconds  1.9849630595393304 1.8569733050797659 0.9705353535353535
11.38787031173706  seconds  1.9849630595393304 1.8569733050797659 1.5158989898989896
11.423483848571777  seconds  1.9849630595393304 1.8569733050797659 3.1519898989898985
11.483349323272705  seconds  1.9849630595393304 1.8569733050797659 2.6066262626262624
11.43294358253479  seconds  1.9849630595393304 1.8569733050797659 3.697353535353535
11.476004838943481  seconds  1.9849630595393304 1.8569733050797659 4.242717171717172
10.948867797851562  seconds  1.9849630595393304 1.8569733050797659 4.788080808080808
11.248836040496826  seconds  1.9849630595393304 1.8569733050797659 5.333444444444445
11.218258142471313  seconds  1.9849630595393304 1.8569733050797659 5.8788080808080805
11.019913673400879  seconds  1.9849630595393304 1.8569733050797659 0.48576767676767674
11.055946588516235  seconds  1.9849630595393304 1.8569733050797659 2.1218585858585857
11.051596879959106  seconds  1.9849630595393304 1.8569733050797659 1.031131313131313
11.310033798217773  seconds  1.9849630595393304 1.8569733050797659 1.5764949494949492
10.889443635940552  seconds  1.9849630595393304 1.8569733050797659 3.212585858585858
11.007879972457886  seconds  1.9849630595393304 1.8569733050797659 2.667222222222222
10.821090459823608  seconds  1.9849630595393304 1.8569733050797659 3.7579494949494947
10.841497898101807  seconds  1.9849630595393304 1.8569733050797659 4.303313131313131
10.426002502441406  seconds  1.9849630595393304 1.8569733050797659 4.848676767676768
10.273512840270996  seconds  1.9849630595393304 1.8569733050797659 5.394040404040404
10.283981800079346  seconds  1.9849630595393304 1.8569733050797659 5.939404040404041
time for calc.... 107.8424711227417
Successfully created the directory dir_T_3.0_fit_SF_func_2021-11-09-21:55:44 
 plotting data from the run ...
saving data from the run ...
847.42user 285.22system 1:57.10elapsed 967%CPU (0avgtext+0avgdata 2981136maxresident)k
0inputs+680outputs (65major+9840280minor)pagefaults 0swaps
