reading lattice from... ./Lattices/sqKgridX100.npy
reading lattice from... ./Lattices/sqKgridY100.npy
started calculating filling for chemical potential and dispersion parameters TB_single_band..
reading lattice from... ./Lattices/KgridX400.npy
reading lattice from... ./Lattices/KgridY400.npy
reading lattice from... ./Lattices/KgridX400.npy
reading lattice from... ./Lattices/KgridY400.npy
finished calculating filling for chemical potential
Filling: 0.5021914101708863 .... chemical potential: 29.41164495334965
dispersion params: 54.93230174081238 	 -10.444874274661508
The fermi energy in mev is: 3064.1164088176356, and in units of J: 296.3362097502549, the bandwidth is:494.39071566731144
reading lattice from... ./Lattices/KgridX2000.npy
reading lattice from... ./Lattices/KgridY2000.npy
reading lattice from... ./Lattices/sqKgridX2000.npy
reading lattice from... ./Lattices/sqKgridY2000.npy
412 the fermi surface points 9 numtheads
starting with calculation of Sigma
7.458621978759766  seconds  2.4732452258771103 1.343763581051717 0.001
7.310061931610107  seconds  2.4732452258771103 1.343763581051717 0.7281818181818182
7.2911951541900635  seconds  2.4732452258771103 1.343763581051717 1.4553636363636362
7.3986499309539795  seconds  2.4732452258771103 1.343763581051717 2.1825454545454543
7.4590325355529785  seconds  2.4732452258771103 1.343763581051717 2.9097272727272725
7.514195442199707  seconds  2.4732452258771103 1.343763581051717 3.6369090909090906
7.323200225830078  seconds  2.4732452258771103 1.343763581051717 4.364090909090909
6.877684116363525  seconds  2.4732452258771103 1.343763581051717 5.091272727272727
6.963078022003174  seconds  2.4732452258771103 1.343763581051717 5.8184545454545455
7.093820810317993  seconds  2.4732452258771103 1.343763581051717 6.545636363636364
6.8254234790802  seconds  2.4732452258771103 1.343763581051717 8.0
7.653645992279053  seconds  2.4732452258771103 1.343763581051717 7.272818181818182
7.322503089904785  seconds  2.4732452258771103 1.343763581051717 0.0817979797979798
7.437026023864746  seconds  2.4732452258771103 1.343763581051717 0.808979797979798
7.314471960067749  seconds  2.4732452258771103 1.343763581051717 1.536161616161616
7.292625665664673  seconds  2.4732452258771103 1.343763581051717 2.2633434343434344
7.46912693977356  seconds  2.4732452258771103 1.343763581051717 2.9905252525252526
6.710132837295532  seconds  2.4732452258771103 1.343763581051717 4.444888888888889
6.7674126625061035  seconds  2.4732452258771103 1.343763581051717 5.1720707070707075
7.344115972518921  seconds  2.4732452258771103 1.343763581051717 3.7177070707070707
6.680394887924194  seconds  2.4732452258771103 1.343763581051717 5.899252525252526
6.66162371635437  seconds  2.4732452258771103 1.343763581051717 6.626434343434344
7.351531982421875  seconds  2.4732452258771103 1.343763581051717 7.353616161616162
7.534879446029663  seconds  2.4732452258771103 1.343763581051717 0.1625959595959596
7.318670272827148  seconds  2.4732452258771103 1.343763581051717 0.8897777777777778
7.328155994415283  seconds  2.4732452258771103 1.343763581051717 1.616959595959596
7.2806055545806885  seconds  2.4732452258771103 1.343763581051717 2.344141414141414
6.736392021179199  seconds  2.4732452258771103 1.343763581051717 4.525686868686869
6.653852939605713  seconds  2.4732452258771103 1.343763581051717 5.252868686868688
7.229757308959961  seconds  2.4732452258771103 1.343763581051717 3.0713232323232322
6.768489837646484  seconds  2.4732452258771103 1.343763581051717 5.980050505050506
7.438325643539429  seconds  2.4732452258771103 1.343763581051717 3.7985050505050504
6.68196177482605  seconds  2.4732452258771103 1.343763581051717 6.707232323232324
7.3405210971832275  seconds  2.4732452258771103 1.343763581051717 7.434414141414142
7.540979623794556  seconds  2.4732452258771103 1.343763581051717 0.24339393939393938
7.421064376831055  seconds  2.4732452258771103 1.343763581051717 0.9705757575757575
7.400426387786865  seconds  2.4732452258771103 1.343763581051717 1.6977575757575756
6.681984186172485  seconds  2.4732452258771103 1.343763581051717 4.606484848484849
6.660264253616333  seconds  2.4732452258771103 1.343763581051717 5.333666666666667
7.260993003845215  seconds  2.4732452258771103 1.343763581051717 2.4249393939393937
6.622818470001221  seconds  2.4732452258771103 1.343763581051717 6.060848484848485
7.3198559284210205  seconds  2.4732452258771103 1.343763581051717 3.152121212121212
6.571602821350098  seconds  2.4732452258771103 1.343763581051717 6.788030303030303
7.34589958190918  seconds  2.4732452258771103 1.343763581051717 3.87930303030303
7.384664297103882  seconds  2.4732452258771103 1.343763581051717 7.515212121212121
7.430072784423828  seconds  2.4732452258771103 1.343763581051717 0.3241919191919192
6.60690450668335  seconds  2.4732452258771103 1.343763581051717 4.687282828282829
6.619189977645874  seconds  2.4732452258771103 1.343763581051717 5.414464646464647
7.351962089538574  seconds  2.4732452258771103 1.343763581051717 1.0513737373737373
7.425795793533325  seconds  2.4732452258771103 1.343763581051717 1.7785555555555554
6.571226358413696  seconds  2.4732452258771103 1.343763581051717 6.141646464646465
7.282383680343628  seconds  2.4732452258771103 1.343763581051717 2.505737373737374
6.978573560714722  seconds  2.4732452258771103 1.343763581051717 6.868828282828283
7.293300151824951  seconds  2.4732452258771103 1.343763581051717 3.232919191919192
7.333663463592529  seconds  2.4732452258771103 1.343763581051717 3.96010101010101
7.396435260772705  seconds  2.4732452258771103 1.343763581051717 7.596010101010101
6.605041265487671  seconds  2.4732452258771103 1.343763581051717 4.768080808080809
6.592959642410278  seconds  2.4732452258771103 1.343763581051717 5.495262626262627
6.558942556381226  seconds  2.4732452258771103 1.343763581051717 6.222444444444445
7.335408449172974  seconds  2.4732452258771103 1.343763581051717 0.404989898989899
7.52489972114563  seconds  2.4732452258771103 1.343763581051717 1.1321717171717172
7.440128803253174  seconds  2.4732452258771103 1.343763581051717 1.8593535353535353
7.316378831863403  seconds  2.4732452258771103 1.343763581051717 2.5865353535353535
6.620165586471558  seconds  2.4732452258771103 1.343763581051717 6.949626262626263
7.332069158554077  seconds  2.4732452258771103 1.343763581051717 3.3137171717171716
7.351042985916138  seconds  2.4732452258771103 1.343763581051717 4.040898989898991
7.403754949569702  seconds  2.4732452258771103 1.343763581051717 7.676808080808081
6.57559061050415  seconds  2.4732452258771103 1.343763581051717 4.848878787878788
6.6104230880737305  seconds  2.4732452258771103 1.343763581051717 5.576060606060606
6.558007478713989  seconds  2.4732452258771103 1.343763581051717 6.303242424242424
7.318861961364746  seconds  2.4732452258771103 1.343763581051717 0.48578787878787877
6.6024158000946045  seconds  2.4732452258771103 1.343763581051717 7.0304242424242425
7.428660869598389  seconds  2.4732452258771103 1.343763581051717 1.2129696969696968
7.427668571472168  seconds  2.4732452258771103 1.343763581051717 1.940151515151515
7.387345790863037  seconds  2.4732452258771103 1.343763581051717 2.667333333333333
7.260819673538208  seconds  2.4732452258771103 1.343763581051717 3.3945151515151513
7.444255113601685  seconds  2.4732452258771103 1.343763581051717 4.12169696969697
6.534606456756592  seconds  2.4732452258771103 1.343763581051717 4.929676767676768
6.59110951423645  seconds  2.4732452258771103 1.343763581051717 5.656858585858586
7.362614154815674  seconds  2.4732452258771103 1.343763581051717 7.757606060606061
6.70925235748291  seconds  2.4732452258771103 1.343763581051717 6.384040404040404
6.590710878372192  seconds  2.4732452258771103 1.343763581051717 7.1112222222222226
7.546371936798096  seconds  2.4732452258771103 1.343763581051717 0.5665858585858586
7.408987998962402  seconds  2.4732452258771103 1.343763581051717 1.2937676767676767
7.411478042602539  seconds  2.4732452258771103 1.343763581051717 2.020949494949495
7.34182333946228  seconds  2.4732452258771103 1.343763581051717 2.748131313131313
7.254357099533081  seconds  2.4732452258771103 1.343763581051717 3.4753131313131314
7.3224756717681885  seconds  2.4732452258771103 1.343763581051717 4.20249494949495
6.563261032104492  seconds  2.4732452258771103 1.343763581051717 5.010474747474748
6.594141721725464  seconds  2.4732452258771103 1.343763581051717 5.737656565656566
6.541498184204102  seconds  2.4732452258771103 1.343763581051717 6.4648383838383845
7.409210920333862  seconds  2.4732452258771103 1.343763581051717 7.838404040404041
6.441067934036255  seconds  2.4732452258771103 1.343763581051717 7.192020202020203
7.339799404144287  seconds  2.4732452258771103 1.343763581051717 0.6473838383838384
7.3352391719818115  seconds  2.4732452258771103 1.343763581051717 1.3745656565656565
7.259255647659302  seconds  2.4732452258771103 1.343763581051717 2.1017474747474747
7.294973134994507  seconds  2.4732452258771103 1.343763581051717 2.828929292929293
6.870494365692139  seconds  2.4732452258771103 1.343763581051717 3.556111111111111
7.020158052444458  seconds  2.4732452258771103 1.343763581051717 4.28329292929293
6.408936023712158  seconds  2.4732452258771103 1.343763581051717 7.919202020202021
time for calc.... 72.4441602230072
Successfully created the directory dir_T_4.0_fit_SF_func_2021-11-09-21:07:59 
 plotting data from the run ...
saving data from the run ...
522.63user 204.91system 1:19.72elapsed 912%CPU (0avgtext+0avgdata 2981448maxresident)k
0inputs+568outputs (65major+9695192minor)pagefaults 0swaps
