reading lattice from... ./Lattices/sqKgridX4000.npy
reading lattice from... ./Lattices/sqKgridY4000.npy
starting sampling in reciprocal space....
 finished sampling in reciprocal space.... 0.06897974014282227
started calculating filling for chemical potential and dispersion parameters TB_single_band..
reading lattice from... ./Lattices/KgridX400.npy
reading lattice from... ./Lattices/KgridY400.npy
reading lattice from... ./Lattices/KgridX400.npy
reading lattice from... ./Lattices/KgridY400.npy
finished calculating filling for chemical potential
Filling: 0.5021914101708863 .... chemical potential: 29.41164495334965
The fermi energy in mev is: 3064.1164088176356, and in units of J: 296.3362097502549, the bandwidth is:494.39071566731144
reading lattice from... ./Lattices/KgridX4000.npy
reading lattice from... ./Lattices/KgridY4000.npy
reading lattice from... ./Lattices/sqKgridX4000.npy
reading lattice from... ./Lattices/sqKgridY4000.npy
energy at the point.. 2.616965833149795 -0.012168622338113444  is  4.813565695371835e-06
the angle is  -0.0046498637787463866
618 the fermi surface points 14 numtheads
starting with calculation of Sigma
44.147501945495605  seconds  2.616965833149795 -0.012168622338113444 0.0
46.75607347488403  seconds  2.616965833149795 -0.012168622338113444 1.4285714285714286
53.08602285385132  seconds  2.616965833149795 -0.012168622338113444 2.857142857142857
51.45857501029968  seconds  2.616965833149795 -0.012168622338113444 4.285714285714286
52.508151054382324  seconds  2.616965833149795 -0.012168622338113444 0.10204081632653061
48.72244906425476  seconds  2.616965833149795 -0.012168622338113444 1.5306122448979593
51.157015562057495  seconds  2.616965833149795 -0.012168622338113444 2.9591836734693877
53.56584072113037  seconds  2.616965833149795 -0.012168622338113444 4.387755102040816
44.89393186569214  seconds  2.616965833149795 -0.012168622338113444 0.20408163265306123
44.15815806388855  seconds  2.616965833149795 -0.012168622338113444 1.6326530612244898
55.174161434173584  seconds  2.616965833149795 -0.012168622338113444 3.0612244897959187
58.25361180305481  seconds  2.616965833149795 -0.012168622338113444 4.4897959183673475
46.885660886764526  seconds  2.616965833149795 -0.012168622338113444 0.30612244897959184
49.53671336174011  seconds  2.616965833149795 -0.012168622338113444 1.7346938775510203
57.81685018539429  seconds  2.616965833149795 -0.012168622338113444 3.163265306122449
58.18991470336914  seconds  2.616965833149795 -0.012168622338113444 4.591836734693878
46.19816327095032  seconds  2.616965833149795 -0.012168622338113444 0.40816326530612246
54.34955620765686  seconds  2.616965833149795 -0.012168622338113444 1.836734693877551
56.982364654541016  seconds  2.616965833149795 -0.012168622338113444 3.2653061224489797
55.52831745147705  seconds  2.616965833149795 -0.012168622338113444 4.6938775510204085
54.42462110519409  seconds  2.616965833149795 -0.012168622338113444 0.5102040816326531
47.712748765945435  seconds  2.616965833149795 -0.012168622338113444 1.9387755102040818
41.48189926147461  seconds  2.616965833149795 -0.012168622338113444 4.795918367346939
48.78238654136658  seconds  2.616965833149795 -0.012168622338113444 0.6122448979591837
59.260735750198364  seconds  2.616965833149795 -0.012168622338113444 3.36734693877551
51.49993300437927  seconds  2.616965833149795 -0.012168622338113444 2.0408163265306123
56.67719650268555  seconds  2.616965833149795 -0.012168622338113444 4.8979591836734695
54.83731555938721  seconds  2.616965833149795 -0.012168622338113444 0.7142857142857143
53.638129472732544  seconds  2.616965833149795 -0.012168622338113444 3.4693877551020407
51.89486742019653  seconds  2.616965833149795 -0.012168622338113444 2.142857142857143
49.963011503219604  seconds  2.616965833149795 -0.012168622338113444 5.0
46.302557706832886  seconds  2.616965833149795 -0.012168622338113444 0.8163265306122449
52.75880312919617  seconds  2.616965833149795 -0.012168622338113444 3.5714285714285716
50.15546011924744  seconds  2.616965833149795 -0.012168622338113444 2.2448979591836737
45.76244568824768  seconds  2.616965833149795 -0.012168622338113444 0.9183673469387755
45.36660051345825  seconds  2.616965833149795 -0.012168622338113444 2.3469387755102042
48.95693111419678  seconds  2.616965833149795 -0.012168622338113444 3.673469387755102
35.45901656150818  seconds  2.616965833149795 -0.012168622338113444 1.0204081632653061
51.63999390602112  seconds  2.616965833149795 -0.012168622338113444 2.4489795918367347
51.897146463394165  seconds  2.616965833149795 -0.012168622338113444 3.7755102040816326
124.61952662467957  seconds  2.616965833149795 -0.012168622338113444 1.1224489795918369
119.11768412590027  seconds  2.616965833149795 -0.012168622338113444 3.8775510204081636
143.00624084472656  seconds  2.616965833149795 -0.012168622338113444 2.5510204081632653
66.32320928573608  seconds  2.616965833149795 -0.012168622338113444 3.979591836734694
96.92588925361633  seconds  2.616965833149795 -0.012168622338113444 1.2244897959183674
82.51767802238464  seconds  2.616965833149795 -0.012168622338113444 2.6530612244897958
62.831191301345825  seconds  2.616965833149795 -0.012168622338113444 4.081632653061225
60.221134662628174  seconds  2.616965833149795 -0.012168622338113444 2.7551020408163267
103.25674295425415  seconds  2.616965833149795 -0.012168622338113444 1.3265306122448979
61.116559743881226  seconds  2.616965833149795 -0.012168622338113444 4.183673469387755
time for calc.... 863.1786708831787
 plotting data from the run ...
saving data from the run ...
energy at the point.. 2.61642751975197 0.2659713168187743  is  6.169288720769828e-06
the angle is  0.10130638257107663
618 the fermi surface points 14 numtheads
starting with calculation of Sigma
47.72583818435669  seconds  2.61642751975197 0.2659713168187743 1.4285714285714286
76.39204907417297  seconds  2.61642751975197 0.2659713168187743 0.0
71.06187152862549  seconds  2.61642751975197 0.2659713168187743 2.857142857142857
69.95820093154907  seconds  2.61642751975197 0.2659713168187743 4.285714285714286
43.715465784072876  seconds  2.61642751975197 0.2659713168187743 1.5306122448979593
64.1836531162262  seconds  2.61642751975197 0.2659713168187743 0.10204081632653061
44.44542217254639  seconds  2.61642751975197 0.2659713168187743 1.6326530612244898
62.38405418395996  seconds  2.61642751975197 0.2659713168187743 2.9591836734693877
64.43554282188416  seconds  2.61642751975197 0.2659713168187743 4.387755102040816
44.19596838951111  seconds  2.61642751975197 0.2659713168187743 1.7346938775510203
68.2718415260315  seconds  2.61642751975197 0.2659713168187743 0.20408163265306123
69.0620698928833  seconds  2.61642751975197 0.2659713168187743 3.0612244897959187
65.94866442680359  seconds  2.61642751975197 0.2659713168187743 4.4897959183673475
42.19495677947998  seconds  2.61642751975197 0.2659713168187743 1.836734693877551
48.21526765823364  seconds  2.61642751975197 0.2659713168187743 1.9387755102040818
81.69238519668579  seconds  2.61642751975197 0.2659713168187743 0.30612244897959184
99.73497271537781  seconds  2.61642751975197 0.2659713168187743 3.163265306122449
101.30645275115967  seconds  2.61642751975197 0.2659713168187743 4.591836734693878
48.40861511230469  seconds  2.61642751975197 0.2659713168187743 2.0408163265306123
49.00524067878723  seconds  2.61642751975197 0.2659713168187743 0.40816326530612246
44.39397311210632  seconds  2.61642751975197 0.2659713168187743 2.142857142857143
59.90160822868347  seconds  2.61642751975197 0.2659713168187743 3.2653061224489797
60.96216821670532  seconds  2.61642751975197 0.2659713168187743 4.6938775510204085
43.703856229782104  seconds  2.61642751975197 0.2659713168187743 0.5102040816326531
43.40586757659912  seconds  2.61642751975197 0.2659713168187743 2.2448979591836737
45.95497727394104  seconds  2.61642751975197 0.2659713168187743 0.6122448979591837
60.5222065448761  seconds  2.61642751975197 0.2659713168187743 3.36734693877551
61.11645793914795  seconds  2.61642751975197 0.2659713168187743 4.795918367346939
43.20931911468506  seconds  2.61642751975197 0.2659713168187743 2.3469387755102042
43.15790772438049  seconds  2.61642751975197 0.2659713168187743 0.7142857142857143
63.34973978996277  seconds  2.61642751975197 0.2659713168187743 3.4693877551020407
42.53880190849304  seconds  2.61642751975197 0.2659713168187743 2.4489795918367347
61.08323073387146  seconds  2.61642751975197 0.2659713168187743 4.8979591836734695
43.617387771606445  seconds  2.61642751975197 0.2659713168187743 0.8163265306122449
47.498486280441284  seconds  2.61642751975197 0.2659713168187743 2.5510204081632653
47.995280504226685  seconds  2.61642751975197 0.2659713168187743 0.9183673469387755
80.92666983604431  seconds  2.61642751975197 0.2659713168187743 3.5714285714285716
80.28488969802856  seconds  2.61642751975197 0.2659713168187743 5.0
48.48288416862488  seconds  2.61642751975197 0.2659713168187743 2.6530612244897958
43.73506045341492  seconds  2.61642751975197 0.2659713168187743 1.0204081632653061
57.87667226791382  seconds  2.61642751975197 0.2659713168187743 3.673469387755102
42.81202411651611  seconds  2.61642751975197 0.2659713168187743 2.7551020408163267
42.06942939758301  seconds  2.61642751975197 0.2659713168187743 1.1224489795918369
39.98466897010803  seconds  2.61642751975197 0.2659713168187743 1.2244897959183674
56.03874945640564  seconds  2.61642751975197 0.2659713168187743 3.7755102040816326
40.02617573738098  seconds  2.61642751975197 0.2659713168187743 1.3265306122448979
65.73571252822876  seconds  2.61642751975197 0.2659713168187743 3.8775510204081636
63.0310435295105  seconds  2.61642751975197 0.2659713168187743 3.979591836734694
61.61748957633972  seconds  2.61642751975197 0.2659713168187743 4.081632653061225
67.82306218147278  seconds  2.61642751975197 0.2659713168187743 4.183673469387755
time for calc.... 985.684180021286
 plotting data from the run ...
saving data from the run ...
energy at the point.. 2.612699153466239 0.5406345067362022  is  7.400112771449585e-06
the angle is  0.20404589651971108
618 the fermi surface points 14 numtheads
starting with calculation of Sigma
45.5970356464386  seconds  2.612699153466239 0.5406345067362022 0.0
40.775249004364014  seconds  2.612699153466239 0.5406345067362022 2.857142857142857
57.153351068496704  seconds  2.612699153466239 0.5406345067362022 1.4285714285714286
65.4764015674591  seconds  2.612699153466239 0.5406345067362022 4.285714285714286
39.33772563934326  seconds  2.612699153466239 0.5406345067362022 0.10204081632653061
39.32164812088013  seconds  2.612699153466239 0.5406345067362022 2.9591836734693877
39.06846642494202  seconds  2.612699153466239 0.5406345067362022 0.20408163265306123
39.142292976379395  seconds  2.612699153466239 0.5406345067362022 3.0612244897959187
68.55154657363892  seconds  2.612699153466239 0.5406345067362022 1.5306122448979593
65.78581309318542  seconds  2.612699153466239 0.5406345067362022 4.387755102040816
38.794448375701904  seconds  2.612699153466239 0.5406345067362022 0.30612244897959184
38.6494562625885  seconds  2.612699153466239 0.5406345067362022 3.163265306122449
67.46466255187988  seconds  2.612699153466239 0.5406345067362022 1.6326530612244898
38.80360555648804  seconds  2.612699153466239 0.5406345067362022 0.40816326530612246
38.588141441345215  seconds  2.612699153466239 0.5406345067362022 3.2653061224489797
68.92599487304688  seconds  2.612699153466239 0.5406345067362022 4.4897959183673475
42.671958208084106  seconds  2.612699153466239 0.5406345067362022 0.5102040816326531
43.06048560142517  seconds  2.612699153466239 0.5406345067362022 3.36734693877551
85.52584552764893  seconds  2.612699153466239 0.5406345067362022 1.7346938775510203
46.553568601608276  seconds  2.612699153466239 0.5406345067362022 0.6122448979591837
45.70696043968201  seconds  2.612699153466239 0.5406345067362022 3.4693877551020407
86.99904751777649  seconds  2.612699153466239 0.5406345067362022 4.591836734693878
38.658029079437256  seconds  2.612699153466239 0.5406345067362022 0.7142857142857143
38.43083906173706  seconds  2.612699153466239 0.5406345067362022 3.5714285714285716
65.99530339241028  seconds  2.612699153466239 0.5406345067362022 1.836734693877551
67.02985906600952  seconds  2.612699153466239 0.5406345067362022 4.6938775510204085
38.77765965461731  seconds  2.612699153466239 0.5406345067362022 0.8163265306122449
39.013392210006714  seconds  2.612699153466239 0.5406345067362022 3.673469387755102
40.034351110458374  seconds  2.612699153466239 0.5406345067362022 0.9183673469387755
62.44267988204956  seconds  2.612699153466239 0.5406345067362022 1.9387755102040818
45.36521816253662  seconds  2.612699153466239 0.5406345067362022 3.7755102040816326
59.064401149749756  seconds  2.612699153466239 0.5406345067362022 4.795918367346939
42.224629163742065  seconds  2.612699153466239 0.5406345067362022 1.0204081632653061
40.37460899353027  seconds  2.612699153466239 0.5406345067362022 2.0408163265306123
45.82928776741028  seconds  2.612699153466239 0.5406345067362022 3.8775510204081636
54.363425970077515  seconds  2.612699153466239 0.5406345067362022 4.8979591836734695
43.06514286994934  seconds  2.612699153466239 0.5406345067362022 1.1224489795918369
43.52071142196655  seconds  2.612699153466239 0.5406345067362022 2.142857142857143
43.25107145309448  seconds  2.612699153466239 0.5406345067362022 3.979591836734694
53.69264578819275  seconds  2.612699153466239 0.5406345067362022 5.0
38.67276668548584  seconds  2.612699153466239 0.5406345067362022 2.2448979591836737
48.831552505493164  seconds  2.612699153466239 0.5406345067362022 1.2244897959183674
49.14836668968201  seconds  2.612699153466239 0.5406345067362022 4.081632653061225
36.35586094856262  seconds  2.612699153466239 0.5406345067362022 2.3469387755102042
39.85612201690674  seconds  2.612699153466239 0.5406345067362022 1.3265306122448979
35.90869212150574  seconds  2.612699153466239 0.5406345067362022 4.183673469387755
34.18466877937317  seconds  2.612699153466239 0.5406345067362022 2.4489795918367347
38.830477714538574  seconds  2.612699153466239 0.5406345067362022 2.5510204081632653
49.34310603141785  seconds  2.612699153466239 0.5406345067362022 2.6530612244897958
46.77468013763428  seconds  2.612699153466239 0.5406345067362022 2.7551020408163267
time for calc.... 747.1721997261047
 plotting data from the run ...
saving data from the run ...
energy at the point.. 2.5966539165555025 0.8378965667101266  is  1.0400959698841916e-05
the angle is  0.3121349978541341
618 the fermi surface points 14 numtheads
starting with calculation of Sigma
29.190690755844116  seconds  2.5966539165555025 0.8378965667101266 2.857142857142857
35.158611536026  seconds  2.5966539165555025 0.8378965667101266 1.4285714285714286
45.87889504432678  seconds  2.5966539165555025 0.8378965667101266 0.0
38.90138626098633  seconds  2.5966539165555025 0.8378965667101266 4.285714285714286
26.2072856426239  seconds  2.5966539165555025 0.8378965667101266 1.5306122448979593
43.028706073760986  seconds  2.5966539165555025 0.8378965667101266 2.9591836734693877
36.98018670082092  seconds  2.5966539165555025 0.8378965667101266 0.10204081632653061
39.16234874725342  seconds  2.5966539165555025 0.8378965667101266 4.387755102040816
28.267755270004272  seconds  2.5966539165555025 0.8378965667101266 1.6326530612244898
46.06065034866333  seconds  2.5966539165555025 0.8378965667101266 3.0612244897959187
32.764564990997314  seconds  2.5966539165555025 0.8378965667101266 1.7346938775510203
39.39495873451233  seconds  2.5966539165555025 0.8378965667101266 4.4897959183673475
51.21211338043213  seconds  2.5966539165555025 0.8378965667101266 0.20408163265306123
32.48664355278015  seconds  2.5966539165555025 0.8378965667101266 1.836734693877551
39.47641730308533  seconds  2.5966539165555025 0.8378965667101266 4.591836734693878
43.83342456817627  seconds  2.5966539165555025 0.8378965667101266 3.163265306122449
46.700655937194824  seconds  2.5966539165555025 0.8378965667101266 0.30612244897959184
27.15722370147705  seconds  2.5966539165555025 0.8378965667101266 1.9387755102040818
41.26585125923157  seconds  2.5966539165555025 0.8378965667101266 4.6938775510204085
43.66679930686951  seconds  2.5966539165555025 0.8378965667101266 3.2653061224489797
27.0522620677948  seconds  2.5966539165555025 0.8378965667101266 2.0408163265306123
49.0880286693573  seconds  2.5966539165555025 0.8378965667101266 0.40816326530612246
26.929989099502563  seconds  2.5966539165555025 0.8378965667101266 2.142857142857143
39.717989683151245  seconds  2.5966539165555025 0.8378965667101266 4.795918367346939
42.519195556640625  seconds  2.5966539165555025 0.8378965667101266 3.36734693877551
27.142837047576904  seconds  2.5966539165555025 0.8378965667101266 2.2448979591836737
50.73362708091736  seconds  2.5966539165555025 0.8378965667101266 0.5102040816326531
40.08107137680054  seconds  2.5966539165555025 0.8378965667101266 4.8979591836734695
27.316285610198975  seconds  2.5966539165555025 0.8378965667101266 2.3469387755102042
43.46962094306946  seconds  2.5966539165555025 0.8378965667101266 3.4693877551020407
30.594691038131714  seconds  2.5966539165555025 0.8378965667101266 2.4489795918367347
39.58851480484009  seconds  2.5966539165555025 0.8378965667101266 5.0
47.84382605552673  seconds  2.5966539165555025 0.8378965667101266 0.6122448979591837
48.28062582015991  seconds  2.5966539165555025 0.8378965667101266 3.5714285714285716
38.83349657058716  seconds  2.5966539165555025 0.8378965667101266 2.5510204081632653
48.770559549331665  seconds  2.5966539165555025 0.8378965667101266 0.7142857142857143
44.78276872634888  seconds  2.5966539165555025 0.8378965667101266 3.673469387755102
39.3236038684845  seconds  2.5966539165555025 0.8378965667101266 2.6530612244897958
36.062084913253784  seconds  2.5966539165555025 0.8378965667101266 0.8163265306122449
34.383681297302246  seconds  2.5966539165555025 0.8378965667101266 2.7551020408163267
46.15323209762573  seconds  2.5966539165555025 0.8378965667101266 3.7755102040816326
45.74048209190369  seconds  2.5966539165555025 0.8378965667101266 0.9183673469387755
35.42981314659119  seconds  2.5966539165555025 0.8378965667101266 3.8775510204081636
33.687174797058105  seconds  2.5966539165555025 0.8378965667101266 1.0204081632653061
34.385263442993164  seconds  2.5966539165555025 0.8378965667101266 3.979591836734694
39.41031455993652  seconds  2.5966539165555025 0.8378965667101266 1.1224489795918369
34.75678730010986  seconds  2.5966539165555025 0.8378965667101266 4.081632653061225
40.120312213897705  seconds  2.5966539165555025 0.8378965667101266 1.2244897959183674
32.32587242126465  seconds  2.5966539165555025 0.8378965667101266 4.183673469387755
36.044333696365356  seconds  2.5966539165555025 0.8378965667101266 1.3265306122448979
time for calc.... 615.4022986888885
 plotting data from the run ...
saving data from the run ...
energy at the point.. 2.5477213028327195 1.1368970013037814  is  9.295332997538708e-06
the angle is  0.4197233160056505
618 the fermi surface points 14 numtheads
starting with calculation of Sigma
28.38169240951538  seconds  2.5477213028327195 1.1368970013037814 0.0
27.578104734420776  seconds  2.5477213028327195 1.1368970013037814 4.285714285714286
38.51447105407715  seconds  2.5477213028327195 1.1368970013037814 1.4285714285714286
40.25783014297485  seconds  2.5477213028327195 1.1368970013037814 2.857142857142857
32.14520788192749  seconds  2.5477213028327195 1.1368970013037814 0.10204081632653061
27.0144259929657  seconds  2.5477213028327195 1.1368970013037814 4.387755102040816
33.42620038986206  seconds  2.5477213028327195 1.1368970013037814 2.9591836734693877
40.280296087265015  seconds  2.5477213028327195 1.1368970013037814 1.5306122448979593
27.610873222351074  seconds  2.5477213028327195 1.1368970013037814 0.20408163265306123
34.252267837524414  seconds  2.5477213028327195 1.1368970013037814 4.4897959183673475
30.701832056045532  seconds  2.5477213028327195 1.1368970013037814 3.0612244897959187
39.64861822128296  seconds  2.5477213028327195 1.1368970013037814 1.6326530612244898
35.9424569606781  seconds  2.5477213028327195 1.1368970013037814 0.30612244897959184
28.158331394195557  seconds  2.5477213028327195 1.1368970013037814 4.591836734693878
39.888553619384766  seconds  2.5477213028327195 1.1368970013037814 3.163265306122449
26.98919153213501  seconds  2.5477213028327195 1.1368970013037814 4.6938775510204085
39.61481285095215  seconds  2.5477213028327195 1.1368970013037814 1.7346938775510203
39.651447057724  seconds  2.5477213028327195 1.1368970013037814 0.40816326530612246
29.94639301300049  seconds  2.5477213028327195 1.1368970013037814 4.795918367346939
37.091678619384766  seconds  2.5477213028327195 1.1368970013037814 3.2653061224489797
39.274027824401855  seconds  2.5477213028327195 1.1368970013037814 1.836734693877551
39.11826229095459  seconds  2.5477213028327195 1.1368970013037814 0.5102040816326531
39.23267722129822  seconds  2.5477213028327195 1.1368970013037814 4.8979591836734695
39.33258080482483  seconds  2.5477213028327195 1.1368970013037814 3.36734693877551
39.3687949180603  seconds  2.5477213028327195 1.1368970013037814 1.9387755102040818
39.210302114486694  seconds  2.5477213028327195 1.1368970013037814 0.6122448979591837
39.42265796661377  seconds  2.5477213028327195 1.1368970013037814 5.0
39.2174289226532  seconds  2.5477213028327195 1.1368970013037814 3.4693877551020407
39.16830658912659  seconds  2.5477213028327195 1.1368970013037814 2.0408163265306123
39.60155177116394  seconds  2.5477213028327195 1.1368970013037814 0.7142857142857143
38.66631841659546  seconds  2.5477213028327195 1.1368970013037814 3.5714285714285716
38.80801200866699  seconds  2.5477213028327195 1.1368970013037814 2.142857142857143
39.354673862457275  seconds  2.5477213028327195 1.1368970013037814 0.8163265306122449
38.63999319076538  seconds  2.5477213028327195 1.1368970013037814 3.673469387755102
35.10179281234741  seconds  2.5477213028327195 1.1368970013037814 2.2448979591836737
39.34421896934509  seconds  2.5477213028327195 1.1368970013037814 0.9183673469387755
38.591307640075684  seconds  2.5477213028327195 1.1368970013037814 3.7755102040816326
37.11422944068909  seconds  2.5477213028327195 1.1368970013037814 2.3469387755102042
39.144572019577026  seconds  2.5477213028327195 1.1368970013037814 1.0204081632653061
38.60419511795044  seconds  2.5477213028327195 1.1368970013037814 3.8775510204081636
38.63496375083923  seconds  2.5477213028327195 1.1368970013037814 2.4489795918367347
39.22415113449097  seconds  2.5477213028327195 1.1368970013037814 1.1224489795918369
38.60117554664612  seconds  2.5477213028327195 1.1368970013037814 3.979591836734694
38.095717668533325  seconds  2.5477213028327195 1.1368970013037814 2.5510204081632653
37.67477083206177  seconds  2.5477213028327195 1.1368970013037814 1.2244897959183674
38.82561922073364  seconds  2.5477213028327195 1.1368970013037814 4.081632653061225
26.93610692024231  seconds  2.5477213028327195 1.1368970013037814 1.3265306122448979
39.585774421691895  seconds  2.5477213028327195 1.1368970013037814 2.6530612244897958
31.569403648376465  seconds  2.5477213028327195 1.1368970013037814 4.183673469387755
40.69880151748657  seconds  2.5477213028327195 1.1368970013037814 2.7551020408163267
time for calc.... 552.4714698791504
 plotting data from the run ...
saving data from the run ...
energy at the point.. 2.4372546507317705 1.4115601912212083  is  1.07841213363713e-05
the angle is  0.5249549448529208
618 the fermi surface points 14 numtheads
starting with calculation of Sigma
37.68797445297241  seconds  2.4372546507317705 1.4115601912212083 1.4285714285714286
38.6287100315094  seconds  2.4372546507317705 1.4115601912212083 2.857142857142857
46.53817415237427  seconds  2.4372546507317705 1.4115601912212083 0.0
47.6759295463562  seconds  2.4372546507317705 1.4115601912212083 4.285714285714286
47.76114773750305  seconds  2.4372546507317705 1.4115601912212083 1.5306122448979593
48.03550052642822  seconds  2.4372546507317705 1.4115601912212083 2.9591836734693877
52.01395773887634  seconds  2.4372546507317705 1.4115601912212083 0.10204081632653061
46.962085247039795  seconds  2.4372546507317705 1.4115601912212083 4.387755102040816
41.929980754852295  seconds  2.4372546507317705 1.4115601912212083 1.6326530612244898
42.15686917304993  seconds  2.4372546507317705 1.4115601912212083 3.0612244897959187
46.06985425949097  seconds  2.4372546507317705 1.4115601912212083 0.20408163265306123
46.92114806175232  seconds  2.4372546507317705 1.4115601912212083 4.4897959183673475
39.29434871673584  seconds  2.4372546507317705 1.4115601912212083 3.163265306122449
47.36919856071472  seconds  2.4372546507317705 1.4115601912212083 1.7346938775510203
37.817877531051636  seconds  2.4372546507317705 1.4115601912212083 0.30612244897959184
42.47337985038757  seconds  2.4372546507317705 1.4115601912212083 4.591836734693878
40.84623622894287  seconds  2.4372546507317705 1.4115601912212083 3.2653061224489797
48.52984833717346  seconds  2.4372546507317705 1.4115601912212083 1.836734693877551
49.84799575805664  seconds  2.4372546507317705 1.4115601912212083 0.40816326530612246
48.99648880958557  seconds  2.4372546507317705 1.4115601912212083 4.6938775510204085
39.5044801235199  seconds  2.4372546507317705 1.4115601912212083 1.9387755102040818
51.67966055870056  seconds  2.4372546507317705 1.4115601912212083 3.36734693877551
49.03531742095947  seconds  2.4372546507317705 1.4115601912212083 0.5102040816326531
44.41850256919861  seconds  2.4372546507317705 1.4115601912212083 4.795918367346939
49.5224494934082  seconds  2.4372546507317705 1.4115601912212083 2.0408163265306123
54.99265146255493  seconds  2.4372546507317705 1.4115601912212083 3.4693877551020407
49.431214332580566  seconds  2.4372546507317705 1.4115601912212083 0.6122448979591837
48.49726343154907  seconds  2.4372546507317705 1.4115601912212083 4.8979591836734695
51.416630268096924  seconds  2.4372546507317705 1.4115601912212083 2.142857142857143
46.85197615623474  seconds  2.4372546507317705 1.4115601912212083 3.5714285714285716
49.729933977127075  seconds  2.4372546507317705 1.4115601912212083 0.7142857142857143
52.05173635482788  seconds  2.4372546507317705 1.4115601912212083 5.0
50.989129066467285  seconds  2.4372546507317705 1.4115601912212083 2.2448979591836737
50.27427625656128  seconds  2.4372546507317705 1.4115601912212083 3.673469387755102
54.21886110305786  seconds  2.4372546507317705 1.4115601912212083 0.8163265306122449
45.82726979255676  seconds  2.4372546507317705 1.4115601912212083 2.3469387755102042
48.33654856681824  seconds  2.4372546507317705 1.4115601912212083 3.7755102040816326
45.809815883636475  seconds  2.4372546507317705 1.4115601912212083 0.9183673469387755
48.2038459777832  seconds  2.4372546507317705 1.4115601912212083 2.4489795918367347
45.60068082809448  seconds  2.4372546507317705 1.4115601912212083 3.8775510204081636
44.870521068573  seconds  2.4372546507317705 1.4115601912212083 1.0204081632653061
36.68061685562134  seconds  2.4372546507317705 1.4115601912212083 2.5510204081632653
48.53227686882019  seconds  2.4372546507317705 1.4115601912212083 3.979591836734694
44.095136404037476  seconds  2.4372546507317705 1.4115601912212083 1.1224489795918369
37.896416902542114  seconds  2.4372546507317705 1.4115601912212083 4.081632653061225
51.621984243392944  seconds  2.4372546507317705 1.4115601912212083 2.6530612244897958
35.105799436569214  seconds  2.4372546507317705 1.4115601912212083 1.2244897959183674
33.921170711517334  seconds  2.4372546507317705 1.4115601912212083 4.183673469387755
34.492398262023926  seconds  2.4372546507317705 1.4115601912212083 1.3265306122448979
38.994423627853394  seconds  2.4372546507317705 1.4115601912212083 2.7551020408163267
time for calc.... 647.1723425388336
 plotting data from the run ...
saving data from the run ...
10300.18user 3750.58system 1:13:48elapsed 317%CPU (0avgtext+0avgdata 10334048maxresident)k
3967688inputs+128064outputs (168375major+60088949minor)pagefaults 0swaps
